Linux 5.6.15-arch1-1 (archlinux) 	西元2020年06月29日 	_x86_64_	(12 CPU)

09時11分56秒  CPU    %usr   %nice    %sys %iowait    %irq   %soft  %steal  %guest  %gnice   %idle
09時11分57秒    0   38.71    0.00   31.18    0.00    0.00    7.53    0.00    0.00    0.00   22.58
09時11分57秒    1   35.16    0.00   21.98    0.00    0.00    2.20    0.00    0.00    0.00   40.66

09時11分57秒  CPU    %usr   %nice    %sys %iowait    %irq   %soft  %steal  %guest  %gnice   %idle
09時11分58秒    0   40.00    0.00   27.78    0.00    0.00    6.67    0.00    0.00    0.00   25.56
09時11分58秒    1   32.18    0.00   21.84    0.00    0.00    2.30    0.00    0.00    0.00   43.68

09時11分58秒  CPU    %usr   %nice    %sys %iowait    %irq   %soft  %steal  %guest  %gnice   %idle
09時11分59秒    0   34.74    0.00   33.68    0.00    1.05    7.37    0.00    0.00    0.00   23.16
09時11分59秒    1   34.07    0.00   21.98    0.00    0.00    2.20    0.00    0.00    0.00   41.76

09時11分59秒  CPU    %usr   %nice    %sys %iowait    %irq   %soft  %steal  %guest  %gnice   %idle
09時12分00秒    0   39.36    0.00   27.66    0.00    0.00    6.38    0.00    0.00    0.00   26.60
09時12分00秒    1   34.44    0.00   18.89    0.00    0.00    2.22    0.00    0.00    0.00   44.44

09時12分00秒  CPU    %usr   %nice    %sys %iowait    %irq   %soft  %steal  %guest  %gnice   %idle
09時12分01秒    0   40.43    0.00   28.72    0.00    0.00    6.38    0.00    0.00    0.00   24.47
09時12分01秒    1   36.67    0.00   17.78    0.00    0.00    2.22    0.00    0.00    0.00   43.33

09時12分01秒  CPU    %usr   %nice    %sys %iowait    %irq   %soft  %steal  %guest  %gnice   %idle
09時12分02秒    0   36.26    0.00   30.77    0.00    0.00    6.59    0.00    0.00    0.00   26.37
09時12分02秒    1   34.44    0.00   18.89    0.00    0.00    2.22    0.00    0.00    0.00   44.44

09時12分02秒  CPU    %usr   %nice    %sys %iowait    %irq   %soft  %steal  %guest  %gnice   %idle
09時12分03秒    0   41.30    0.00   26.09    0.00    0.00    6.52    0.00    0.00    0.00   26.09
09時12分03秒    1   33.33    0.00   16.13    0.00    1.08    2.15    0.00    0.00    0.00   47.31

09時12分03秒  CPU    %usr   %nice    %sys %iowait    %irq   %soft  %steal  %guest  %gnice   %idle
09時12分04秒    0   34.78    0.00   28.26    0.00    0.00    6.52    0.00    0.00    0.00   30.43
09時12分04秒    1   27.47    0.00   18.68    0.00    0.00    1.10    0.00    0.00    0.00   52.75

09時12分04秒  CPU    %usr   %nice    %sys %iowait    %irq   %soft  %steal  %guest  %gnice   %idle
09時12分05秒    0   40.86    0.00   25.81    0.00    0.00    6.45    0.00    0.00    0.00   26.88
09時12分05秒    1   32.97    0.00   16.48    0.00    0.00    2.20    0.00    0.00    0.00   48.35

09時12分05秒  CPU    %usr   %nice    %sys %iowait    %irq   %soft  %steal  %guest  %gnice   %idle
09時12分06秒    0   41.49    0.00   27.66    0.00    0.00    6.38    0.00    0.00    0.00   24.47
09時12分06秒    1   32.61    0.00   18.48    0.00    0.00    2.17    0.00    0.00    0.00   46.74

09時12分06秒  CPU    %usr   %nice    %sys %iowait    %irq   %soft  %steal  %guest  %gnice   %idle
09時12分07秒    0   41.94    0.00   27.96    0.00    0.00    6.45    0.00    0.00    0.00   23.66
09時12分07秒    1   34.83    0.00   13.48    0.00    0.00    1.12    0.00    0.00    0.00   50.56

09時12分07秒  CPU    %usr   %nice    %sys %iowait    %irq   %soft  %steal  %guest  %gnice   %idle
09時12分08秒    0   39.13    0.00   28.26    0.00    0.00    7.61    0.00    0.00    0.00   25.00
09時12分08秒    1   34.07    0.00   16.48    0.00    0.00    2.20    0.00    0.00    0.00   47.25

09時12分08秒  CPU    %usr   %nice    %sys %iowait    %irq   %soft  %steal  %guest  %gnice   %idle
09時12分09秒    0   36.56    0.00   31.18    0.00    0.00    6.45    0.00    0.00    0.00   25.81
09時12分09秒    1   33.33    0.00   16.13    0.00    0.00    2.15    0.00    0.00    0.00   48.39

09時12分09秒  CPU    %usr   %nice    %sys %iowait    %irq   %soft  %steal  %guest  %gnice   %idle
09時12分10秒    0   39.13    0.00   29.35    0.00    0.00    6.52    0.00    0.00    0.00   25.00
09時12分10秒    1   35.87    0.00   15.22    0.00    0.00    2.17    0.00    0.00    0.00   46.74

09時12分10秒  CPU    %usr   %nice    %sys %iowait    %irq   %soft  %steal  %guest  %gnice   %idle
09時12分11秒    0   40.86    0.00   26.88    0.00    0.00    6.45    0.00    0.00    0.00   25.81
09時12分11秒    1   34.83    0.00   13.48    0.00    0.00    1.12    0.00    0.00    0.00   50.56

09時12分11秒  CPU    %usr   %nice    %sys %iowait    %irq   %soft  %steal  %guest  %gnice   %idle
09時12分12秒    0   38.71    0.00   29.03    0.00    0.00    6.45    0.00    0.00    0.00   25.81
09時12分12秒    1   34.07    0.00   15.38    0.00    0.00    2.20    0.00    0.00    0.00   48.35

09時12分12秒  CPU    %usr   %nice    %sys %iowait    %irq   %soft  %steal  %guest  %gnice   %idle
09時12分13秒    0   35.11    0.00   31.91    0.00    0.00    6.38    0.00    0.00    0.00   26.60
09時12分13秒    1   35.16    0.00   13.19    0.00    0.00    2.20    0.00    0.00    0.00   49.45

09時12分13秒  CPU    %usr   %nice    %sys %iowait    %irq   %soft  %steal  %guest  %gnice   %idle
09時12分14秒    0   39.58    0.00   29.17    0.00    0.00    7.29    0.00    0.00    0.00   23.96
09時12分14秒    1   33.33    0.00   21.11    0.00    0.00    2.22    0.00    0.00    0.00   43.33

09時12分14秒  CPU    %usr   %nice    %sys %iowait    %irq   %soft  %steal  %guest  %gnice   %idle
09時12分15秒    0   37.36    0.00   29.67    0.00    0.00    6.59    0.00    0.00    0.00   26.37
09時12分15秒    1   40.00    0.00   11.11    0.00    0.00    1.11    0.00    0.00    0.00   47.78

09時12分15秒  CPU    %usr   %nice    %sys %iowait    %irq   %soft  %steal  %guest  %gnice   %idle
09時12分16秒    0   40.43    0.00   29.79    0.00    0.00    6.38    0.00    0.00    0.00   23.40
09時12分16秒    1   31.91    0.00   19.15    0.00    0.00    2.13    0.00    0.00    0.00   46.81

09時12分16秒  CPU    %usr   %nice    %sys %iowait    %irq   %soft  %steal  %guest  %gnice   %idle
09時12分17秒    0   39.56    0.00   27.47    0.00    0.00    6.59    0.00    0.00    0.00   26.37
09時12分17秒    1   33.33    0.00   15.56    0.00    0.00    2.22    0.00    0.00    0.00   48.89

09時12分17秒  CPU    %usr   %nice    %sys %iowait    %irq   %soft  %steal  %guest  %gnice   %idle
09時12分18秒    0   35.79    0.00   32.63    0.00    1.05    6.32    0.00    0.00    0.00   24.21
09時12分18秒    1   34.44    0.00   18.89    0.00    0.00    2.22    0.00    0.00    0.00   44.44

09時12分18秒  CPU    %usr   %nice    %sys %iowait    %irq   %soft  %steal  %guest  %gnice   %idle
09時12分19秒    0   40.00    0.00   29.47    0.00    0.00    7.37    0.00    0.00    0.00   23.16
09時12分19秒    1   35.56    0.00   21.11    0.00    1.11    2.22    0.00    0.00    0.00   40.00

09時12分19秒  CPU    %usr   %nice    %sys %iowait    %irq   %soft  %steal  %guest  %gnice   %idle
09時12分20秒    0   45.16    0.00   23.66    0.00    0.00    6.45    0.00    0.00    0.00   24.73
09時12分20秒    1   35.87    0.00   17.39    0.00    0.00    1.09    0.00    0.00    0.00   45.65

09時12分20秒  CPU    %usr   %nice    %sys %iowait    %irq   %soft  %steal  %guest  %gnice   %idle
09時12分21秒    0   42.55    0.00   23.40    0.00    0.00    6.38    0.00    0.00    0.00   27.66
09時12分21秒    1   31.87    0.00   15.38    0.00    0.00    2.20    0.00    0.00    0.00   50.55

09時12分21秒  CPU    %usr   %nice    %sys %iowait    %irq   %soft  %steal  %guest  %gnice   %idle
09時12分22秒    0   37.36    0.00   29.67    0.00    0.00    6.59    0.00    0.00    0.00   26.37
09時12分22秒    1   31.87    0.00   17.58    0.00    0.00    2.20    0.00    0.00    0.00   48.35

09時12分22秒  CPU    %usr   %nice    %sys %iowait    %irq   %soft  %steal  %guest  %gnice   %idle
09時12分23秒    0   41.76    0.00   26.37    0.00    0.00    6.59    0.00    0.00    0.00   25.27
09時12分23秒    1   32.97    0.00   15.38    0.00    0.00    2.20    0.00    0.00    0.00   49.45

09時12分23秒  CPU    %usr   %nice    %sys %iowait    %irq   %soft  %steal  %guest  %gnice   %idle
09時12分24秒    0   39.13    0.00   27.17    0.00    0.00    6.52    0.00    0.00    0.00   27.17
09時12分24秒    1   33.71    0.00   15.73    0.00    0.00    1.12    0.00    0.00    0.00   49.44

09時12分24秒  CPU    %usr   %nice    %sys %iowait    %irq   %soft  %steal  %guest  %gnice   %idle
09時12分25秒    0   39.13    0.00   26.09    0.00    0.00    6.52    0.00    0.00    0.00   28.26
09時12分25秒    1   31.87    0.00   15.38    0.00    0.00    2.20    0.00    0.00    0.00   50.55

09時12分25秒  CPU    %usr   %nice    %sys %iowait    %irq   %soft  %steal  %guest  %gnice   %idle
09時12分26秒    0   39.78    0.00   26.88    0.00    0.00    6.45    0.00    0.00    0.00   26.88
09時12分26秒    1   33.70    0.00   15.22    0.00    0.00    2.17    0.00    0.00    0.00   48.91

09時12分26秒  CPU    %usr   %nice    %sys %iowait    %irq   %soft  %steal  %guest  %gnice   %idle
09時12分27秒    0   43.48    0.00   22.83    0.00    0.00    6.52    0.00    0.00    0.00   27.17
09時12分27秒    1   33.33    0.00   15.56    0.00    0.00    1.11    0.00    0.00    0.00   50.00

09時12分27秒  CPU    %usr   %nice    %sys %iowait    %irq   %soft  %steal  %guest  %gnice   %idle
09時12分28秒    0   38.04    0.00   28.26    0.00    0.00    6.52    0.00    0.00    0.00   27.17
09時12分28秒    1   33.33    0.00   15.56    0.00    0.00    2.22    0.00    0.00    0.00   48.89

09時12分28秒  CPU    %usr   %nice    %sys %iowait    %irq   %soft  %steal  %guest  %gnice   %idle
09時12分29秒    0   40.86    0.00   26.88    0.00    0.00    7.53    0.00    0.00    0.00   24.73
09時12分29秒    1   28.57    0.00   19.78    0.00    0.00    2.20    0.00    0.00    0.00   49.45

09時12分29秒  CPU    %usr   %nice    %sys %iowait    %irq   %soft  %steal  %guest  %gnice   %idle
09時12分30秒    0   42.11    0.00   25.26    0.00    0.00    6.32    0.00    0.00    0.00   26.32
09時12分30秒    1   32.22    0.00   16.67    0.00    0.00    1.11    0.00    0.00    0.00   50.00

09時12分30秒  CPU    %usr   %nice    %sys %iowait    %irq   %soft  %steal  %guest  %gnice   %idle
09時12分31秒    0   39.13    0.00   28.26    0.00    0.00    6.52    0.00    0.00    0.00   26.09
09時12分31秒    1   37.78    0.00   11.11    0.00    0.00    2.22    0.00    0.00    0.00   48.89

09時12分31秒  CPU    %usr   %nice    %sys %iowait    %irq   %soft  %steal  %guest  %gnice   %idle
09時12分32秒    0   42.39    0.00   26.09    0.00    0.00    6.52    0.00    0.00    0.00   25.00
09時12分32秒    1   34.07    0.00   15.38    0.00    0.00    2.20    0.00    0.00    0.00   48.35

09時12分32秒  CPU    %usr   %nice    %sys %iowait    %irq   %soft  %steal  %guest  %gnice   %idle
09時12分33秒    0   39.56    0.00   28.57    0.00    0.00    6.59    0.00    0.00    0.00   25.27
09時12分33秒    1   35.16    0.00   14.29    0.00    1.10    1.10    0.00    0.00    0.00   48.35

09時12分33秒  CPU    %usr   %nice    %sys %iowait    %irq   %soft  %steal  %guest  %gnice   %idle
09時12分34秒    0   41.94    0.00   25.81    0.00    0.00    6.45    0.00    0.00    0.00   25.81
09時12分34秒    1   29.35    0.00   20.65    0.00    0.00    2.17    0.00    0.00    0.00   47.83

09時12分34秒  CPU    %usr   %nice    %sys %iowait    %irq   %soft  %steal  %guest  %gnice   %idle
09時12分35秒    0   36.96    0.00   30.43    0.00    0.00    6.52    0.00    0.00    0.00   26.09
09時12分35秒    1   38.04    0.00   11.96    0.00    0.00    2.17    0.00    0.00    0.00   47.83

09時12分35秒  CPU    %usr   %nice    %sys %iowait    %irq   %soft  %steal  %guest  %gnice   %idle
09時12分36秒    0   36.96    0.00   30.43    0.00    0.00    7.61    0.00    0.00    0.00   25.00
09時12分36秒    1   32.97    0.00   17.58    0.00    0.00    2.20    0.00    0.00    0.00   47.25

09時12分36秒  CPU    %usr   %nice    %sys %iowait    %irq   %soft  %steal  %guest  %gnice   %idle
09時12分37秒    0   37.89    0.00   28.42    0.00    1.05    6.32    0.00    0.00    0.00   26.32
09時12分37秒    1   34.07    0.00   16.48    0.00    0.00    1.10    0.00    0.00    0.00   48.35

09時12分37秒  CPU    %usr   %nice    %sys %iowait    %irq   %soft  %steal  %guest  %gnice   %idle
09時12分38秒    0   37.63    0.00   30.11    0.00    0.00    6.45    0.00    0.00    0.00   25.81
09時12分38秒    1   35.16    0.00   14.29    0.00    0.00    2.20    0.00    0.00    0.00   48.35

09時12分38秒  CPU    %usr   %nice    %sys %iowait    %irq   %soft  %steal  %guest  %gnice   %idle
09時12分39秒    0   37.63    0.00   29.03    0.00    0.00    6.45    0.00    0.00    0.00   26.88
09時12分39秒    1   30.43    0.00   17.39    0.00    0.00    2.17    0.00    0.00    0.00   50.00

09時12分39秒  CPU    %usr   %nice    %sys %iowait    %irq   %soft  %steal  %guest  %gnice   %idle
09時12分40秒    0   35.87    0.00   30.43    0.00    0.00    6.52    0.00    0.00    0.00   27.17
09時12分40秒    1   32.58    0.00   16.85    0.00    0.00    1.12    0.00    0.00    0.00   49.44

09時12分40秒  CPU    %usr   %nice    %sys %iowait    %irq   %soft  %steal  %guest  %gnice   %idle
09時12分41秒    0   36.67    0.00   31.11    0.00    0.00    6.67    0.00    0.00    0.00   25.56
09時12分41秒    1   35.48    0.00   15.05    0.00    0.00    2.15    0.00    0.00    0.00   47.31

09時12分41秒  CPU    %usr   %nice    %sys %iowait    %irq   %soft  %steal  %guest  %gnice   %idle
09時12分42秒    0   37.78    0.00   26.67    0.00    0.00    6.67    0.00    0.00    0.00   28.89
09時12分42秒    1   30.00    0.00   16.67    0.00    0.00    2.22    0.00    0.00    0.00   51.11

09時12分42秒  CPU    %usr   %nice    %sys %iowait    %irq   %soft  %steal  %guest  %gnice   %idle
09時12分43秒    0   43.96    0.00   24.18    0.00    0.00    6.59    0.00    0.00    0.00   25.27
09時12分43秒    1   32.22    0.00   17.78    0.00    0.00    1.11    0.00    0.00    0.00   48.89

09時12分43秒  CPU    %usr   %nice    %sys %iowait    %irq   %soft  %steal  %guest  %gnice   %idle
09時12分44秒    0   38.46    0.00   26.37    0.00    0.00    6.59    0.00    0.00    0.00   28.57
09時12分44秒    1   34.07    0.00   14.29    0.00    0.00    2.20    0.00    0.00    0.00   49.45

09時12分44秒  CPU    %usr   %nice    %sys %iowait    %irq   %soft  %steal  %guest  %gnice   %idle
09時12分45秒    0   38.04    0.00   30.43    0.00    0.00    7.61    0.00    0.00    0.00   23.91
09時12分45秒    1   35.48    0.00   18.28    0.00    0.00    2.15    0.00    0.00    0.00   44.09

09時12分45秒  CPU    %usr   %nice    %sys %iowait    %irq   %soft  %steal  %guest  %gnice   %idle
09時12分46秒    0   41.94    0.00   24.73    0.00    0.00    6.45    0.00    0.00    0.00   26.88
09時12分46秒    1   34.78    0.00   15.22    0.00    0.00    2.17    0.00    0.00    0.00   47.83

09時12分46秒  CPU    %usr   %nice    %sys %iowait    %irq   %soft  %steal  %guest  %gnice   %idle
09時12分47秒    0   34.74    0.00   34.74    0.00    0.00    6.32    0.00    0.00    0.00   24.21
09時12分47秒    1   36.26    0.00   14.29    0.00    0.00    1.10    0.00    0.00    0.00   48.35

09時12分47秒  CPU    %usr   %nice    %sys %iowait    %irq   %soft  %steal  %guest  %gnice   %idle
09時12分48秒    0   36.26    0.00   30.77    0.00    0.00    6.59    0.00    0.00    0.00   26.37
09時12分48秒    1   34.78    0.00   14.13    0.00    0.00    2.17    0.00    0.00    0.00   48.91

09時12分48秒  CPU    %usr   %nice    %sys %iowait    %irq   %soft  %steal  %guest  %gnice   %idle
09時12分49秒    0   36.26    0.00   30.77    0.00    0.00    6.59    0.00    0.00    0.00   26.37
09時12分49秒    1   34.44    0.00   14.44    0.00    0.00    2.22    0.00    0.00    0.00   48.89

09時12分49秒  CPU    %usr   %nice    %sys %iowait    %irq   %soft  %steal  %guest  %gnice   %idle
09時12分50秒    0   42.39    0.00   25.00    0.00    0.00    6.52    0.00    0.00    0.00   26.09
09時12分50秒    1   35.56    0.00   13.33    0.00    0.00    2.22    0.00    0.00    0.00   48.89

09時12分50秒  CPU    %usr   %nice    %sys %iowait    %irq   %soft  %steal  %guest  %gnice   %idle
09時12分51秒    0   38.30    0.00   28.72    0.00    0.00    6.38    0.00    0.00    0.00   26.60
09時12分51秒    1   30.77    0.00   18.68    0.00    0.00    1.10    0.00    0.00    0.00   49.45

09時12分51秒  CPU    %usr   %nice    %sys %iowait    %irq   %soft  %steal  %guest  %gnice   %idle
09時12分52秒    0   43.16    0.00   25.26    0.00    0.00    7.37    0.00    0.00    0.00   24.21
09時12分52秒    1   34.07    0.00   15.38    0.00    0.00    2.20    0.00    0.00    0.00   48.35

09時12分52秒  CPU    %usr   %nice    %sys %iowait    %irq   %soft  %steal  %guest  %gnice   %idle
09時12分53秒    0   38.04    0.00   30.43    0.00    0.00    6.52    0.00    0.00    0.00   25.00
09時12分53秒    1   33.33    0.00   16.67    0.00    0.00    2.22    0.00    0.00    0.00   47.78

09時12分53秒  CPU    %usr   %nice    %sys %iowait    %irq   %soft  %steal  %guest  %gnice   %idle
09時12分54秒    0   41.49    0.00   23.40    0.00    0.00    6.38    0.00    0.00    0.00   28.72
09時12分54秒    1   33.33    0.00   14.44    0.00    0.00    1.11    0.00    0.00    0.00   51.11

09時12分54秒  CPU    %usr   %nice    %sys %iowait    %irq   %soft  %steal  %guest  %gnice   %idle
09時12分55秒    0   37.63    0.00   27.96    0.00    0.00    6.45    0.00    0.00    0.00   27.96
09時12分55秒    1   37.63    0.00   10.75    0.00    0.00    2.15    0.00    0.00    0.00   49.46

09時12分55秒  CPU    %usr   %nice    %sys %iowait    %irq   %soft  %steal  %guest  %gnice   %idle
09時12分56秒    0   38.71    0.00   24.73    0.00    1.08    6.45    0.00    0.00    0.00   29.03
09時12分56秒    1   34.41    0.00   12.90    0.00    0.00    2.15    0.00    0.00    0.00   50.54

09時12分56秒  CPU    %usr   %nice    %sys %iowait    %irq   %soft  %steal  %guest  %gnice   %idle
09時12分57秒    0   40.66    0.00   26.37    0.00    0.00    6.59    0.00    0.00    0.00   26.37
09時12分57秒    1   30.68    0.00   18.18    0.00    0.00    1.14    0.00    0.00    0.00   50.00

09時12分57秒  CPU    %usr   %nice    %sys %iowait    %irq   %soft  %steal  %guest  %gnice   %idle
09時12分58秒    0   38.46    0.00   27.47    0.00    0.00    6.59    0.00    0.00    0.00   27.47
09時12分58秒    1   33.70    0.00   13.04    0.00    1.09    2.17    0.00    0.00    0.00   50.00

09時12分58秒  CPU    %usr   %nice    %sys %iowait    %irq   %soft  %steal  %guest  %gnice   %idle
09時12分59秒    0   41.94    0.00   24.73    0.00    0.00    6.45    0.00    0.00    0.00   26.88
09時12分59秒    1   35.87    0.00   13.04    0.00    0.00    2.17    0.00    0.00    0.00   48.91

09時12分59秒  CPU    %usr   %nice    %sys %iowait    %irq   %soft  %steal  %guest  %gnice   %idle
09時13分00秒    0   36.56    0.00   27.96    0.00    0.00    6.45    0.00    0.00    0.00   29.03
09時13分00秒    1   34.07    0.00   13.19    0.00    0.00    2.20    0.00    0.00    0.00   50.55

09時13分00秒  CPU    %usr   %nice    %sys %iowait    %irq   %soft  %steal  %guest  %gnice   %idle
09時13分01秒    0   39.13    0.00   29.35    0.00    0.00    6.52    0.00    0.00    0.00   25.00
09時13分01秒    1   36.26    0.00   13.19    0.00    0.00    1.10    0.00    0.00    0.00   49.45

09時13分01秒  CPU    %usr   %nice    %sys %iowait    %irq   %soft  %steal  %guest  %gnice   %idle
09時13分02秒    0   35.56    0.00   30.00    0.00    0.00    6.67    0.00    0.00    0.00   27.78
09時13分02秒    1   36.26    0.00   12.09    0.00    0.00    2.20    0.00    0.00    0.00   49.45

09時13分02秒  CPU    %usr   %nice    %sys %iowait    %irq   %soft  %steal  %guest  %gnice   %idle
09時13分03秒    0   41.49    0.00   26.60    0.00    0.00    6.38    0.00    0.00    0.00   25.53
09時13分03秒    1   35.16    0.00   14.29    0.00    0.00    2.20    0.00    0.00    0.00   48.35

09時13分03秒  CPU    %usr   %nice    %sys %iowait    %irq   %soft  %steal  %guest  %gnice   %idle
09時13分04秒    0   39.78    0.00   25.81    0.00    0.00    6.45    0.00    0.00    0.00   27.96
09時13分04秒    1   32.22    0.00   16.67    0.00    0.00    1.11    0.00    0.00    0.00   50.00

09時13分04秒  CPU    %usr   %nice    %sys %iowait    %irq   %soft  %steal  %guest  %gnice   %idle
09時13分05秒    0   35.56    0.00   30.00    0.00    0.00    6.67    0.00    0.00    0.00   27.78
09時13分05秒    1   33.70    0.00   15.22    0.00    0.00    2.17    0.00    0.00    0.00   48.91

09時13分05秒  CPU    %usr   %nice    %sys %iowait    %irq   %soft  %steal  %guest  %gnice   %idle
09時13分06秒    0   43.82    0.00   23.60    0.00    0.00    6.74    0.00    0.00    0.00   25.84
09時13分06秒    1   35.16    0.00   14.29    0.00    0.00    2.20    0.00    0.00    0.00   48.35

09時13分06秒  CPU    %usr   %nice    %sys %iowait    %irq   %soft  %steal  %guest  %gnice   %idle
09時13分07秒    0   36.56    0.00   30.11    0.00    0.00    7.53    0.00    0.00    0.00   25.81
09時13分07秒    1   35.56    0.00   14.44    0.00    0.00    1.11    0.00    0.00    0.00   48.89

09時13分07秒  CPU    %usr   %nice    %sys %iowait    %irq   %soft  %steal  %guest  %gnice   %idle
09時13分08秒    0   38.20    0.00   25.84    0.00    0.00    5.62    0.00    0.00    0.00   30.34
09時13分08秒    1   31.87    0.00   13.19    0.00    0.00    2.20    0.00    0.00    0.00   52.75

09時13分08秒  CPU    %usr   %nice    %sys %iowait    %irq   %soft  %steal  %guest  %gnice   %idle
09時13分09秒    0   37.63    0.00   30.11    0.00    0.00    7.53    0.00    0.00    0.00   24.73
09時13分09秒    1   38.04    0.00   11.96    0.00    0.00    2.17    0.00    0.00    0.00   47.83

09時13分09秒  CPU    %usr   %nice    %sys %iowait    %irq   %soft  %steal  %guest  %gnice   %idle
09時13分10秒    0   43.62    0.00   23.40    0.00    0.00    6.38    0.00    0.00    0.00   26.60
09時13分10秒    1   36.67    0.00   13.33    0.00    0.00    1.11    0.00    0.00    0.00   48.89

09時13分10秒  CPU    %usr   %nice    %sys %iowait    %irq   %soft  %steal  %guest  %gnice   %idle
09時13分11秒    0   34.41    0.00   32.26    0.00    0.00    6.45    0.00    0.00    0.00   26.88
09時13分11秒    1   30.34    0.00   16.85    0.00    0.00    2.25    0.00    0.00    0.00   50.56

09時13分11秒  CPU    %usr   %nice    %sys %iowait    %irq   %soft  %steal  %guest  %gnice   %idle
09時13分12秒    0   39.13    0.00   29.35    0.00    0.00    6.52    0.00    0.00    0.00   25.00
09時13分12秒    1   32.97    0.00   16.48    0.00    0.00    2.20    0.00    0.00    0.00   48.35

09時13分12秒  CPU    %usr   %nice    %sys %iowait    %irq   %soft  %steal  %guest  %gnice   %idle
09時13分13秒    0   45.56    0.00   22.22    0.00    0.00    6.67    0.00    0.00    0.00   25.56
09時13分13秒    1   30.43    0.00   18.48    0.00    0.00    2.17    0.00    0.00    0.00   48.91

09時13分13秒  CPU    %usr   %nice    %sys %iowait    %irq   %soft  %steal  %guest  %gnice   %idle
09時13分14秒    0   39.36    0.00   28.72    0.00    0.00    6.38    0.00    0.00    0.00   25.53
09時13分14秒    1   32.58    0.00   16.85    0.00    0.00    1.12    0.00    0.00    0.00   49.44

09時13分14秒  CPU    %usr   %nice    %sys %iowait    %irq   %soft  %steal  %guest  %gnice   %idle
09時13分15秒    0   38.71    0.00   31.18    0.00    0.00    7.53    0.00    0.00    0.00   22.58
09時13分15秒    1   38.30    0.00   12.77    0.00    0.00    2.13    0.00    0.00    0.00   46.81

09時13分15秒  CPU    %usr   %nice    %sys %iowait    %irq   %soft  %steal  %guest  %gnice   %idle
09時13分16秒    0   35.79    0.00   31.58    0.00    1.05    6.32    0.00    0.00    0.00   25.26
09時13分16秒    1   35.16    0.00   14.29    0.00    0.00    2.20    0.00    0.00    0.00   48.35

09時13分16秒  CPU    %usr   %nice    %sys %iowait    %irq   %soft  %steal  %guest  %gnice   %idle
09時13分17秒    0   37.36    0.00   29.67    0.00    0.00    6.59    0.00    0.00    0.00   26.37
09時13分17秒    1   34.07    0.00   15.38    0.00    0.00    1.10    0.00    0.00    0.00   49.45

09時13分17秒  CPU    %usr   %nice    %sys %iowait    %irq   %soft  %steal  %guest  %gnice   %idle
09時13分18秒    0   39.56    0.00   26.37    0.00    0.00    6.59    0.00    0.00    0.00   27.47
09時13分18秒    1   32.58    0.00   15.73    0.00    0.00    2.25    0.00    0.00    0.00   49.44

09時13分18秒  CPU    %usr   %nice    %sys %iowait    %irq   %soft  %steal  %guest  %gnice   %idle
09時13分19秒    0   38.46    0.00   28.57    0.00    0.00    6.59    0.00    0.00    0.00   26.37
09時13分19秒    1   34.78    0.00   13.04    0.00    0.00    2.17    0.00    0.00    0.00   50.00

09時13分19秒  CPU    %usr   %nice    %sys %iowait    %irq   %soft  %steal  %guest  %gnice   %idle
09時13分20秒    0   41.49    0.00   27.66    0.00    0.00    6.38    0.00    0.00    0.00   24.47
09時13分20秒    1   34.07    0.00   16.48    0.00    0.00    1.10    0.00    0.00    0.00   48.35

09時13分20秒  CPU    %usr   %nice    %sys %iowait    %irq   %soft  %steal  %guest  %gnice   %idle
09時13分21秒    0   39.36    0.00   28.72    0.00    0.00    7.45    0.00    0.00    0.00   24.47
09時13分21秒    1   31.11    0.00   16.67    0.00    0.00    2.22    0.00    0.00    0.00   50.00

09時13分21秒  CPU    %usr   %nice    %sys %iowait    %irq   %soft  %steal  %guest  %gnice   %idle
09時13分22秒    0   41.05    0.00   28.42    0.00    0.00    6.32    0.00    0.00    0.00   24.21
09時13分22秒    1   35.87    0.00   15.22    0.00    0.00    2.17    0.00    0.00    0.00   46.74

09時13分22秒  CPU    %usr   %nice    %sys %iowait    %irq   %soft  %steal  %guest  %gnice   %idle
09時13分23秒    0   38.46    0.00   28.57    0.00    0.00    6.59    0.00    0.00    0.00   26.37
09時13分23秒    1   34.78    0.00   15.22    0.00    0.00    2.17    0.00    0.00    0.00   47.83

09時13分23秒  CPU    %usr   %nice    %sys %iowait    %irq   %soft  %steal  %guest  %gnice   %idle
09時13分24秒    0   37.36    0.00   30.77    0.00    0.00    6.59    0.00    0.00    0.00   25.27
09時13分24秒    1   38.89    0.00   12.22    0.00    0.00    1.11    0.00    0.00    0.00   47.78

09時13分24秒  CPU    %usr   %nice    %sys %iowait    %irq   %soft  %steal  %guest  %gnice   %idle
09時13分25秒    0   36.56    0.00   31.18    0.00    0.00    6.45    0.00    0.00    0.00   25.81
09時13分25秒    1   33.33    0.00   15.05    0.00    1.08    2.15    0.00    0.00    0.00   48.39

09時13分25秒  CPU    %usr   %nice    %sys %iowait    %irq   %soft  %steal  %guest  %gnice   %idle
09時13分26秒    0   39.13    0.00   28.26    0.00    0.00    6.52    0.00    0.00    0.00   26.09
09時13分26秒    1   35.56    0.00   13.33    0.00    0.00    2.22    0.00    0.00    0.00   48.89

09時13分26秒  CPU    %usr   %nice    %sys %iowait    %irq   %soft  %steal  %guest  %gnice   %idle
09時13分27秒    0   36.26    0.00   29.67    0.00    0.00    7.69    0.00    0.00    0.00   26.37
09時13分27秒    1   38.89    0.00   11.11    0.00    0.00    1.11    0.00    0.00    0.00   48.89

09時13分27秒  CPU    %usr   %nice    %sys %iowait    %irq   %soft  %steal  %guest  %gnice   %idle
09時13分28秒    0   41.49    0.00   26.60    0.00    0.00    6.38    0.00    0.00    0.00   25.53
09時13分28秒    1   35.56    0.00   14.44    0.00    0.00    2.22    0.00    0.00    0.00   47.78

09時13分28秒  CPU    %usr   %nice    %sys %iowait    %irq   %soft  %steal  %guest  %gnice   %idle
09時13分29秒    0   36.96    0.00   29.35    0.00    0.00    6.52    0.00    0.00    0.00   27.17
09時13分29秒    1   32.97    0.00   15.38    0.00    0.00    2.20    0.00    0.00    0.00   49.45

09時13分29秒  CPU    %usr   %nice    %sys %iowait    %irq   %soft  %steal  %guest  %gnice   %idle
09時13分30秒    0   40.66    0.00   25.27    0.00    0.00    6.59    0.00    0.00    0.00   27.47
09時13分30秒    1   36.26    0.00   14.29    0.00    0.00    1.10    0.00    0.00    0.00   48.35

09時13分30秒  CPU    %usr   %nice    %sys %iowait    %irq   %soft  %steal  %guest  %gnice   %idle
09時13分31秒    0   38.04    0.00   29.35    0.00    0.00    6.52    0.00    0.00    0.00   26.09
09時13分31秒    1   35.16    0.00   13.19    0.00    0.00    2.20    0.00    0.00    0.00   49.45

09時13分31秒  CPU    %usr   %nice    %sys %iowait    %irq   %soft  %steal  %guest  %gnice   %idle
09時13分32秒    0   32.97    0.00   32.97    0.00    0.00    6.59    0.00    0.00    0.00   27.47
09時13分32秒    1   29.67    0.00   18.68    0.00    0.00    2.20    0.00    0.00    0.00   49.45

09時13分32秒  CPU    %usr   %nice    %sys %iowait    %irq   %soft  %steal  %guest  %gnice   %idle
09時13分33秒    0   44.57    0.00   23.91    0.00    0.00    6.52    0.00    0.00    0.00   25.00
09時13分33秒    1   34.07    0.00   16.48    0.00    0.00    2.20    0.00    0.00    0.00   47.25

09時13分33秒  CPU    %usr   %nice    %sys %iowait    %irq   %soft  %steal  %guest  %gnice   %idle
09時13分34秒    0   39.13    0.00   29.35    0.00    0.00    6.52    0.00    0.00    0.00   25.00
09時13分34秒    1   32.22    0.00   17.78    0.00    0.00    1.11    0.00    0.00    0.00   48.89

09時13分34秒  CPU    %usr   %nice    %sys %iowait    %irq   %soft  %steal  %guest  %gnice   %idle
09時13分35秒    0   38.95    0.00   27.37    0.00    1.05    7.37    0.00    0.00    0.00   25.26
09時13分35秒    1   33.33    0.00   15.56    0.00    0.00    2.22    0.00    0.00    0.00   48.89

09時13分35秒  CPU    %usr   %nice    %sys %iowait    %irq   %soft  %steal  %guest  %gnice   %idle
09時13分36秒    0   34.41    0.00   32.26    0.00    0.00    6.45    0.00    0.00    0.00   26.88
09時13分36秒    1   35.56    0.00   17.78    0.00    0.00    2.22    0.00    0.00    0.00   44.44

09時13分36秒  CPU    %usr   %nice    %sys %iowait    %irq   %soft  %steal  %guest  %gnice   %idle
09時13分37秒    0   38.71    0.00   29.03    0.00    0.00    6.45    0.00    0.00    0.00   25.81
09時13分37秒    1   34.48    0.00   17.24    0.00    0.00    2.30    0.00    0.00    0.00   45.98

09時13分37秒  CPU    %usr   %nice    %sys %iowait    %irq   %soft  %steal  %guest  %gnice   %idle
09時13分38秒    0   41.49    0.00   27.66    0.00    0.00    6.38    0.00    0.00    0.00   24.47
09時13分38秒    1   32.58    0.00   20.22    0.00    0.00    2.25    0.00    0.00    0.00   44.94

09時13分38秒  CPU    %usr   %nice    %sys %iowait    %irq   %soft  %steal  %guest  %gnice   %idle
09時13分39秒    0   35.87    0.00   30.43    0.00    0.00    6.52    0.00    0.00    0.00   27.17
09時13分39秒    1   34.44    0.00   16.67    0.00    0.00    2.22    0.00    0.00    0.00   46.67

09時13分39秒  CPU    %usr   %nice    %sys %iowait    %irq   %soft  %steal  %guest  %gnice   %idle
09時13分40秒    0   40.86    0.00   26.88    0.00    0.00    7.53    0.00    0.00    0.00   24.73
09時13分40秒    1   31.11    0.00   20.00    0.00    0.00    1.11    0.00    0.00    0.00   47.78

09時13分40秒  CPU    %usr   %nice    %sys %iowait    %irq   %soft  %steal  %guest  %gnice   %idle
09時13分41秒    0   35.87    0.00   27.17    0.00    0.00    5.43    0.00    0.00    0.00   31.52
09時13分41秒    1   34.07    0.00   10.99    0.00    0.00    2.20    0.00    0.00    0.00   52.75

09時13分41秒  CPU    %usr   %nice    %sys %iowait    %irq   %soft  %steal  %guest  %gnice   %idle
09時13分42秒    0   39.58    0.00   27.08    0.00    0.00    6.25    0.00    0.00    0.00   27.08
09時13分42秒    1   31.87    0.00   15.38    0.00    0.00    2.20    0.00    0.00    0.00   50.55

09時13分42秒  CPU    %usr   %nice    %sys %iowait    %irq   %soft  %steal  %guest  %gnice   %idle
09時13分43秒    0   34.78    0.00   30.43    0.00    0.00    6.52    0.00    0.00    0.00   28.26
09時13分43秒    1   35.56    0.00   13.33    0.00    0.00    1.11    0.00    0.00    0.00   50.00

09時13分43秒  CPU    %usr   %nice    %sys %iowait    %irq   %soft  %steal  %guest  %gnice   %idle
09時13分44秒    0   35.16    0.00   29.67    0.00    0.00    6.59    0.00    0.00    0.00   28.57
09時13分44秒    1   31.87    0.00   15.38    0.00    0.00    2.20    0.00    0.00    0.00   50.55

09時13分44秒  CPU    %usr   %nice    %sys %iowait    %irq   %soft  %steal  %guest  %gnice   %idle
09時13分45秒    0   38.71    0.00   29.03    0.00    0.00    6.45    0.00    0.00    0.00   25.81
09時13分45秒    1   35.16    0.00   14.29    0.00    0.00    2.20    0.00    0.00    0.00   48.35

09時13分45秒  CPU    %usr   %nice    %sys %iowait    %irq   %soft  %steal  %guest  %gnice   %idle
09時13分46秒    0   39.78    0.00   27.96    0.00    0.00    7.53    0.00    0.00    0.00   24.73
09時13分46秒    1   37.78    0.00   12.22    0.00    0.00    1.11    0.00    0.00    0.00   48.89

09時13分46秒  CPU    %usr   %nice    %sys %iowait    %irq   %soft  %steal  %guest  %gnice   %idle
09時13分47秒    0   37.36    0.00   30.77    0.00    0.00    6.59    0.00    0.00    0.00   25.27
09時13分47秒    1   35.87    0.00   14.13    0.00    0.00    2.17    0.00    0.00    0.00   47.83

09時13分47秒  CPU    %usr   %nice    %sys %iowait    %irq   %soft  %steal  %guest  %gnice   %idle
09時13分48秒    0   44.57    0.00   22.83    0.00    0.00    6.52    0.00    0.00    0.00   26.09
09時13分48秒    1   29.35    0.00   19.57    0.00    0.00    2.17    0.00    0.00    0.00   48.91

09時13分48秒  CPU    %usr   %nice    %sys %iowait    %irq   %soft  %steal  %guest  %gnice   %idle
09時13分49秒    0   35.87    0.00   32.61    0.00    0.00    6.52    0.00    0.00    0.00   25.00
09時13分49秒    1   37.36    0.00   13.19    0.00    0.00    2.20    0.00    0.00    0.00   47.25

09時13分49秒  CPU    %usr   %nice    %sys %iowait    %irq   %soft  %steal  %guest  %gnice   %idle
09時13分50秒    0   37.63    0.00   30.11    0.00    0.00    6.45    0.00    0.00    0.00   25.81
09時13分50秒    1   32.61    0.00   16.30    0.00    1.09    1.09    0.00    0.00    0.00   48.91

09時13分50秒  CPU    %usr   %nice    %sys %iowait    %irq   %soft  %steal  %guest  %gnice   %idle
09時13分51秒    0   38.30    0.00   29.79    0.00    0.00    6.38    0.00    0.00    0.00   25.53
09時13分51秒    1   35.96    0.00   13.48    0.00    0.00    2.25    0.00    0.00    0.00   48.31

09時13分51秒  CPU    %usr   %nice    %sys %iowait    %irq   %soft  %steal  %guest  %gnice   %idle
09時13分52秒    0   40.66    0.00   26.37    0.00    0.00    7.69    0.00    0.00    0.00   25.27
09時13分52秒    1   30.34    0.00   17.98    0.00    0.00    2.25    0.00    0.00    0.00   49.44

09時13分52秒  CPU    %usr   %nice    %sys %iowait    %irq   %soft  %steal  %guest  %gnice   %idle
09時13分53秒    0   38.04    0.00   29.35    0.00    0.00    6.52    0.00    0.00    0.00   26.09
09時13分53秒    1   33.33    0.00   15.56    0.00    0.00    1.11    0.00    0.00    0.00   50.00

09時13分53秒  CPU    %usr   %nice    %sys %iowait    %irq   %soft  %steal  %guest  %gnice   %idle
09時13分54秒    0   41.05    0.00   26.32    0.00    1.05    6.32    0.00    0.00    0.00   25.26
09時13分54秒    1   38.04    0.00   11.96    0.00    0.00    2.17    0.00    0.00    0.00   47.83

09時13分54秒  CPU    %usr   %nice    %sys %iowait    %irq   %soft  %steal  %guest  %gnice   %idle
09時13分55秒    0   39.78    0.00   26.88    0.00    0.00    6.45    0.00    0.00    0.00   26.88
09時13分55秒    1   32.97    0.00   15.38    0.00    0.00    2.20    0.00    0.00    0.00   49.45

09時13分55秒  CPU    %usr   %nice    %sys %iowait    %irq   %soft  %steal  %guest  %gnice   %idle
09時13分56秒    0   43.62    0.00   24.47    0.00    0.00    6.38    0.00    0.00    0.00   25.53
09時13分56秒    1   35.56    0.00   14.44    0.00    0.00    1.11    0.00    0.00    0.00   48.89

平均時間：  CPU    %usr   %nice    %sys %iowait    %irq   %soft  %steal  %guest  %gnice   %idle
平均時間：    0   39.03    0.00   28.22    0.00    0.06    6.63    0.00    0.00    0.00   26.06
平均時間：    1   34.03    0.00   15.68    0.00    0.06    1.90    0.00    0.00    0.00   48.33
