Linux 5.6.15-arch1-1 (archlinux) 	西元2020年06月29日 	_x86_64_	(12 CPU)

08時53分37秒  CPU    %usr   %nice    %sys %iowait    %irq   %soft  %steal  %guest  %gnice   %idle
08時53分38秒    0   34.78    0.00   30.43    0.00    0.00    6.52    0.00    0.00    0.00   28.26
08時53分38秒    1   32.97    0.00   16.48    0.00    0.00    2.20    0.00    0.00    0.00   48.35

08時53分38秒  CPU    %usr   %nice    %sys %iowait    %irq   %soft  %steal  %guest  %gnice   %idle
08時53分39秒    0   35.96    0.00   26.97    0.00    0.00    6.74    0.00    0.00    0.00   30.34
08時53分39秒    1   32.61    0.00   16.30    0.00    0.00    2.17    0.00    0.00    0.00   48.91

08時53分39秒  CPU    %usr   %nice    %sys %iowait    %irq   %soft  %steal  %guest  %gnice   %idle
08時53分40秒    0   37.63    0.00   26.88    0.00    1.08    6.45    0.00    0.00    0.00   27.96
08時53分40秒    1   32.97    0.00   16.48    0.00    0.00    2.20    0.00    0.00    0.00   48.35

08時53分40秒  CPU    %usr   %nice    %sys %iowait    %irq   %soft  %steal  %guest  %gnice   %idle
08時53分41秒    0   39.78    0.00   25.81    0.00    0.00    7.53    0.00    0.00    0.00   26.88
08時53分41秒    1   37.36    0.00   14.29    0.00    0.00    1.10    0.00    0.00    0.00   47.25

08時53分41秒  CPU    %usr   %nice    %sys %iowait    %irq   %soft  %steal  %guest  %gnice   %idle
08時53分42秒    0   35.56    0.00   27.78    0.00    0.00    5.56    0.00    0.00    0.00   31.11
08時53分42秒    1   33.70    0.00   14.13    0.00    0.00    2.17    0.00    0.00    0.00   50.00

08時53分42秒  CPU    %usr   %nice    %sys %iowait    %irq   %soft  %steal  %guest  %gnice   %idle
08時53分43秒    0   35.87    0.00   28.26    0.00    0.00    6.52    0.00    0.00    0.00   29.35
08時53分43秒    1   33.33    0.00   15.56    0.00    0.00    2.22    0.00    0.00    0.00   48.89

08時53分43秒  CPU    %usr   %nice    %sys %iowait    %irq   %soft  %steal  %guest  %gnice   %idle
08時53分44秒    0   35.96    0.00   26.97    0.00    0.00    5.62    0.00    0.00    0.00   31.46
08時53分44秒    1   32.97    0.00   15.38    0.00    0.00    2.20    0.00    0.00    0.00   49.45

08時53分44秒  CPU    %usr   %nice    %sys %iowait    %irq   %soft  %steal  %guest  %gnice   %idle
08時53分45秒    0   41.49    0.00   25.53    0.00    0.00    6.38    0.00    0.00    0.00   26.60
08時53分45秒    1   36.26    0.00   15.38    0.00    0.00    1.10    0.00    0.00    0.00   47.25

08時53分45秒  CPU    %usr   %nice    %sys %iowait    %irq   %soft  %steal  %guest  %gnice   %idle
08時53分46秒    0   33.71    0.00   29.21    0.00    0.00    5.62    0.00    0.00    0.00   31.46
08時53分46秒    1   32.26    0.00   17.20    0.00    0.00    2.15    0.00    0.00    0.00   48.39

08時53分46秒  CPU    %usr   %nice    %sys %iowait    %irq   %soft  %steal  %guest  %gnice   %idle
08時53分47秒    0   31.87    0.00   30.77    0.00    0.00    6.59    0.00    0.00    0.00   30.77
08時53分47秒    1   34.41    0.00   13.98    0.00    0.00    2.15    0.00    0.00    0.00   49.46

08時53分47秒  CPU    %usr   %nice    %sys %iowait    %irq   %soft  %steal  %guest  %gnice   %idle
08時53分48秒    0   38.30    0.00   26.60    0.00    0.00    6.38    0.00    0.00    0.00   28.72
08時53分48秒    1   33.33    0.00   16.13    0.00    0.00    2.15    0.00    0.00    0.00   48.39

08時53分48秒  CPU    %usr   %nice    %sys %iowait    %irq   %soft  %steal  %guest  %gnice   %idle
08時53分49秒    0   35.16    0.00   28.57    0.00    0.00    6.59    0.00    0.00    0.00   29.67
08時53分49秒    1   37.36    0.00   12.09    0.00    0.00    1.10    0.00    0.00    0.00   49.45

08時53分49秒  CPU    %usr   %nice    %sys %iowait    %irq   %soft  %steal  %guest  %gnice   %idle
08時53分50秒    0   36.67    0.00   27.78    0.00    0.00    6.67    0.00    0.00    0.00   28.89
08時53分50秒    1   32.22    0.00   16.67    0.00    0.00    2.22    0.00    0.00    0.00   48.89

08時53分50秒  CPU    %usr   %nice    %sys %iowait    %irq   %soft  %steal  %guest  %gnice   %idle
08時53分51秒    0   36.67    0.00   27.78    0.00    0.00    7.78    0.00    0.00    0.00   27.78
08時53分51秒    1   35.56    0.00   14.44    0.00    0.00    2.22    0.00    0.00    0.00   47.78

08時53分51秒  CPU    %usr   %nice    %sys %iowait    %irq   %soft  %steal  %guest  %gnice   %idle
08時53分52秒    0   35.56    0.00   27.78    0.00    0.00    5.56    0.00    0.00    0.00   31.11
08時53分52秒    1   32.61    0.00   15.22    0.00    0.00    2.17    0.00    0.00    0.00   50.00

08時53分52秒  CPU    %usr   %nice    %sys %iowait    %irq   %soft  %steal  %guest  %gnice   %idle
08時53分53秒    0   37.78    0.00   23.33    0.00    0.00    6.67    0.00    0.00    0.00   32.22
08時53分53秒    1   28.89    0.00   18.89    0.00    0.00    1.11    0.00    0.00    0.00   51.11

08時53分53秒  CPU    %usr   %nice    %sys %iowait    %irq   %soft  %steal  %guest  %gnice   %idle
08時53分54秒    0   34.04    0.00   26.60    0.00    0.00    6.38    0.00    0.00    0.00   32.98
08時53分54秒    1   33.71    0.00   13.48    0.00    0.00    2.25    0.00    0.00    0.00   50.56

08時53分54秒  CPU    %usr   %nice    %sys %iowait    %irq   %soft  %steal  %guest  %gnice   %idle
08時53分55秒    0   40.22    0.00   26.09    0.00    0.00    6.52    0.00    0.00    0.00   27.17
08時53分55秒    1   34.41    0.00   18.28    0.00    1.08    2.15    0.00    0.00    0.00   44.09

08時53分55秒  CPU    %usr   %nice    %sys %iowait    %irq   %soft  %steal  %guest  %gnice   %idle
08時53分56秒    0   34.78    0.00   29.35    0.00    0.00    7.61    0.00    0.00    0.00   28.26
08時53分56秒    1   37.36    0.00   15.38    0.00    0.00    2.20    0.00    0.00    0.00   45.05

08時53分56秒  CPU    %usr   %nice    %sys %iowait    %irq   %soft  %steal  %guest  %gnice   %idle
08時53分57秒    0   39.56    0.00   24.18    0.00    0.00    6.59    0.00    0.00    0.00   29.67
08時53分57秒    1   36.26    0.00   13.19    0.00    0.00    2.20    0.00    0.00    0.00   48.35

08時53分57秒  CPU    %usr   %nice    %sys %iowait    %irq   %soft  %steal  %guest  %gnice   %idle
08時53分58秒    0   37.78    0.00   26.67    0.00    0.00    6.67    0.00    0.00    0.00   28.89
08時53分58秒    1   30.00    0.00   17.78    0.00    0.00    2.22    0.00    0.00    0.00   50.00

08時53分58秒  CPU    %usr   %nice    %sys %iowait    %irq   %soft  %steal  %guest  %gnice   %idle
08時53分59秒    0   38.30    0.00   26.60    0.00    0.00    6.38    0.00    0.00    0.00   28.72
08時53分59秒    1   34.07    0.00   15.38    0.00    0.00    1.10    0.00    0.00    0.00   49.45

08時53分59秒  CPU    %usr   %nice    %sys %iowait    %irq   %soft  %steal  %guest  %gnice   %idle
08時54分00秒    0   36.26    0.00   27.47    0.00    1.10    6.59    0.00    0.00    0.00   28.57
08時54分00秒    1   32.97    0.00   16.48    0.00    0.00    2.20    0.00    0.00    0.00   48.35

08時54分00秒  CPU    %usr   %nice    %sys %iowait    %irq   %soft  %steal  %guest  %gnice   %idle
08時54分01秒    0   36.56    0.00   25.81    0.00    0.00    6.45    0.00    0.00    0.00   31.18
08時54分01秒    1   32.97    0.00   14.29    0.00    0.00    2.20    0.00    0.00    0.00   50.55

08時54分01秒  CPU    %usr   %nice    %sys %iowait    %irq   %soft  %steal  %guest  %gnice   %idle
08時54分02秒    0   39.13    0.00   28.26    0.00    0.00    6.52    0.00    0.00    0.00   26.09
08時54分02秒    1   34.44    0.00   14.44    0.00    0.00    1.11    0.00    0.00    0.00   50.00

08時54分02秒  CPU    %usr   %nice    %sys %iowait    %irq   %soft  %steal  %guest  %gnice   %idle
08時54分03秒    0   34.78    0.00   29.35    0.00    0.00    6.52    0.00    0.00    0.00   29.35
08時54分03秒    1   34.07    0.00   14.29    0.00    0.00    2.20    0.00    0.00    0.00   49.45

08時54分03秒  CPU    %usr   %nice    %sys %iowait    %irq   %soft  %steal  %guest  %gnice   %idle
08時54分04秒    0   34.78    0.00   31.52    0.00    0.00    6.52    0.00    0.00    0.00   27.17
08時54分04秒    1   38.46    0.00   12.09    0.00    0.00    2.20    0.00    0.00    0.00   47.25

08時54分04秒  CPU    %usr   %nice    %sys %iowait    %irq   %soft  %steal  %guest  %gnice   %idle
08時54分05秒    0   36.26    0.00   25.27    0.00    0.00    6.59    0.00    0.00    0.00   31.87
08時54分05秒    1   34.78    0.00   13.04    0.00    0.00    2.17    0.00    0.00    0.00   50.00

08時54分05秒  CPU    %usr   %nice    %sys %iowait    %irq   %soft  %steal  %guest  %gnice   %idle
08時54分06秒    0   38.20    0.00   24.72    0.00    0.00    6.74    0.00    0.00    0.00   30.34
08時54分06秒    1   34.07    0.00   14.29    0.00    0.00    1.10    0.00    0.00    0.00   50.55

08時54分06秒  CPU    %usr   %nice    %sys %iowait    %irq   %soft  %steal  %guest  %gnice   %idle
08時54分07秒    0   41.30    0.00   21.74    0.00    0.00    6.52    0.00    0.00    0.00   30.43
08時54分07秒    1   33.71    0.00   13.48    0.00    0.00    2.25    0.00    0.00    0.00   50.56

08時54分07秒  CPU    %usr   %nice    %sys %iowait    %irq   %soft  %steal  %guest  %gnice   %idle
08時54分08秒    0   38.04    0.00   28.26    0.00    0.00    6.52    0.00    0.00    0.00   27.17
08時54分08秒    1   36.26    0.00   12.09    0.00    0.00    2.20    0.00    0.00    0.00   49.45

08時54分08秒  CPU    %usr   %nice    %sys %iowait    %irq   %soft  %steal  %guest  %gnice   %idle
08時54分09秒    0   36.56    0.00   26.88    0.00    0.00    6.45    0.00    0.00    0.00   30.11
08時54分09秒    1   33.70    0.00   15.22    0.00    0.00    2.17    0.00    0.00    0.00   48.91

08時54分09秒  CPU    %usr   %nice    %sys %iowait    %irq   %soft  %steal  %guest  %gnice   %idle
08時54分10秒    0   36.96    0.00   26.09    0.00    0.00    6.52    0.00    0.00    0.00   30.43
08時54分10秒    1   35.56    0.00   13.33    0.00    0.00    1.11    0.00    0.00    0.00   50.00

08時54分10秒  CPU    %usr   %nice    %sys %iowait    %irq   %soft  %steal  %guest  %gnice   %idle
08時54分11秒    0   32.98    0.00   30.85    0.00    0.00    6.38    0.00    0.00    0.00   29.79
08時54分11秒    1   32.61    0.00   15.22    0.00    0.00    2.17    0.00    0.00    0.00   50.00

08時54分11秒  CPU    %usr   %nice    %sys %iowait    %irq   %soft  %steal  %guest  %gnice   %idle
08時54分12秒    0   35.56    0.00   27.78    0.00    0.00    6.67    0.00    0.00    0.00   30.00
08時54分12秒    1   35.87    0.00   13.04    0.00    0.00    2.17    0.00    0.00    0.00   48.91

08時54分12秒  CPU    %usr   %nice    %sys %iowait    %irq   %soft  %steal  %guest  %gnice   %idle
08時54分13秒    0   35.96    0.00   28.09    0.00    0.00    6.74    0.00    0.00    0.00   29.21
08時54分13秒    1   33.33    0.00   15.56    0.00    0.00    2.22    0.00    0.00    0.00   48.89

08時54分13秒  CPU    %usr   %nice    %sys %iowait    %irq   %soft  %steal  %guest  %gnice   %idle
08時54分14秒    0   34.07    0.00   27.47    0.00    0.00    6.59    0.00    0.00    0.00   31.87
08時54分14秒    1   32.22    0.00   15.56    0.00    0.00    1.11    0.00    0.00    0.00   51.11

08時54分14秒  CPU    %usr   %nice    %sys %iowait    %irq   %soft  %steal  %guest  %gnice   %idle
08時54分15秒    0   36.56    0.00   27.96    0.00    0.00    6.45    0.00    0.00    0.00   29.03
08時54分15秒    1   30.11    0.00   18.28    0.00    0.00    2.15    0.00    0.00    0.00   49.46

08時54分15秒  CPU    %usr   %nice    %sys %iowait    %irq   %soft  %steal  %guest  %gnice   %idle
08時54分16秒    0   42.39    0.00   22.83    0.00    0.00    6.52    0.00    0.00    0.00   28.26
08時54分16秒    1   38.71    0.00   12.90    0.00    0.00    2.15    0.00    0.00    0.00   46.24

08時54分16秒  CPU    %usr   %nice    %sys %iowait    %irq   %soft  %steal  %guest  %gnice   %idle
08時54分17秒    0   36.67    0.00   24.44    0.00    0.00    6.67    0.00    0.00    0.00   32.22
08時54分17秒    1   35.16    0.00   14.29    0.00    0.00    1.10    0.00    0.00    0.00   49.45

08時54分17秒  CPU    %usr   %nice    %sys %iowait    %irq   %soft  %steal  %guest  %gnice   %idle
08時54分18秒    0   41.76    0.00   23.08    0.00    0.00    7.69    0.00    0.00    0.00   27.47
08時54分18秒    1   32.61    0.00   17.39    0.00    0.00    2.17    0.00    0.00    0.00   47.83

08時54分18秒  CPU    %usr   %nice    %sys %iowait    %irq   %soft  %steal  %guest  %gnice   %idle
08時54分19秒    0   39.78    0.00   24.73    0.00    1.08    6.45    0.00    0.00    0.00   27.96
08時54分19秒    1   35.56    0.00   14.44    0.00    0.00    2.22    0.00    0.00    0.00   47.78

08時54分19秒  CPU    %usr   %nice    %sys %iowait    %irq   %soft  %steal  %guest  %gnice   %idle
08時54分20秒    0   36.17    0.00   26.60    0.00    0.00    6.38    0.00    0.00    0.00   30.85
08時54分20秒    1   33.33    0.00   13.98    0.00    1.08    2.15    0.00    0.00    0.00   49.46

08時54分20秒  CPU    %usr   %nice    %sys %iowait    %irq   %soft  %steal  %guest  %gnice   %idle
08時54分21秒    0   34.07    0.00   29.67    0.00    0.00    6.59    0.00    0.00    0.00   29.67
08時54分21秒    1   32.97    0.00   16.48    0.00    0.00    1.10    0.00    0.00    0.00   49.45

08時54分21秒  CPU    %usr   %nice    %sys %iowait    %irq   %soft  %steal  %guest  %gnice   %idle
08時54分22秒    0   36.26    0.00   29.67    0.00    0.00    6.59    0.00    0.00    0.00   27.47
08時54分22秒    1   35.87    0.00   14.13    0.00    0.00    2.17    0.00    0.00    0.00   47.83

08時54分22秒  CPU    %usr   %nice    %sys %iowait    %irq   %soft  %steal  %guest  %gnice   %idle
08時54分23秒    0   42.39    0.00   23.91    0.00    0.00    6.52    0.00    0.00    0.00   27.17
08時54分23秒    1   36.26    0.00   14.29    0.00    0.00    2.20    0.00    0.00    0.00   47.25

08時54分23秒  CPU    %usr   %nice    %sys %iowait    %irq   %soft  %steal  %guest  %gnice   %idle
08時54分24秒    0   36.26    0.00   27.47    0.00    0.00    6.59    0.00    0.00    0.00   29.67
08時54分24秒    1   30.43    0.00   18.48    0.00    1.09    2.17    0.00    0.00    0.00   47.83

08時54分24秒  CPU    %usr   %nice    %sys %iowait    %irq   %soft  %steal  %guest  %gnice   %idle
08時54分25秒    0   40.43    0.00   25.53    0.00    0.00    6.38    0.00    0.00    0.00   27.66
08時54分25秒    1   32.97    0.00   16.48    0.00    0.00    2.20    0.00    0.00    0.00   48.35

08時54分25秒  CPU    %usr   %nice    %sys %iowait    %irq   %soft  %steal  %guest  %gnice   %idle
08時54分26秒    0   35.48    0.00   31.18    0.00    0.00    6.45    0.00    0.00    0.00   26.88
08時54分26秒    1   40.00    0.00   11.11    0.00    0.00    1.11    0.00    0.00    0.00   47.78

08時54分26秒  CPU    %usr   %nice    %sys %iowait    %irq   %soft  %steal  %guest  %gnice   %idle
08時54分27秒    0   37.36    0.00   25.27    0.00    0.00    6.59    0.00    0.00    0.00   30.77
08時54分27秒    1   36.26    0.00   12.09    0.00    0.00    2.20    0.00    0.00    0.00   49.45

08時54分27秒  CPU    %usr   %nice    %sys %iowait    %irq   %soft  %steal  %guest  %gnice   %idle
08時54分28秒    0   39.56    0.00   26.37    0.00    0.00    6.59    0.00    0.00    0.00   27.47
08時54分28秒    1   36.56    0.00   13.98    0.00    0.00    2.15    0.00    0.00    0.00   47.31

08時54分28秒  CPU    %usr   %nice    %sys %iowait    %irq   %soft  %steal  %guest  %gnice   %idle
08時54分29秒    0   35.48    0.00   29.03    0.00    0.00    7.53    0.00    0.00    0.00   27.96
08時54分29秒    1   34.83    0.00   14.61    0.00    0.00    1.12    0.00    0.00    0.00   49.44

08時54分29秒  CPU    %usr   %nice    %sys %iowait    %irq   %soft  %steal  %guest  %gnice   %idle
08時54分30秒    0   39.56    0.00   24.18    0.00    0.00    6.59    0.00    0.00    0.00   29.67
08時54分30秒    1   34.07    0.00   14.29    0.00    0.00    2.20    0.00    0.00    0.00   49.45

08時54分30秒  CPU    %usr   %nice    %sys %iowait    %irq   %soft  %steal  %guest  %gnice   %idle
08時54分31秒    0   39.13    0.00   27.17    0.00    0.00    6.52    0.00    0.00    0.00   27.17
08時54分31秒    1   35.96    0.00   13.48    0.00    0.00    2.25    0.00    0.00    0.00   48.31

08時54分31秒  CPU    %usr   %nice    %sys %iowait    %irq   %soft  %steal  %guest  %gnice   %idle
08時54分32秒    0   43.48    0.00   25.00    0.00    0.00    6.52    0.00    0.00    0.00   25.00
08時54分32秒    1   37.36    0.00   12.09    0.00    0.00    2.20    0.00    0.00    0.00   48.35

08時54分32秒  CPU    %usr   %nice    %sys %iowait    %irq   %soft  %steal  %guest  %gnice   %idle
08時54分33秒    0   39.13    0.00   25.00    0.00    0.00    6.52    0.00    0.00    0.00   29.35
08時54分33秒    1   34.78    0.00   15.22    0.00    0.00    1.09    0.00    0.00    0.00   48.91

08時54分33秒  CPU    %usr   %nice    %sys %iowait    %irq   %soft  %steal  %guest  %gnice   %idle
08時54分34秒    0   31.87    0.00   31.87    0.00    0.00    6.59    0.00    0.00    0.00   29.67
08時54分34秒    1   32.97    0.00   15.38    0.00    0.00    2.20    0.00    0.00    0.00   49.45

08時54分34秒  CPU    %usr   %nice    %sys %iowait    %irq   %soft  %steal  %guest  %gnice   %idle
08時54分35秒    0   33.33    0.00   30.00    0.00    0.00    6.67    0.00    0.00    0.00   30.00
08時54分35秒    1   34.07    0.00   15.38    0.00    0.00    2.20    0.00    0.00    0.00   48.35

08時54分35秒  CPU    %usr   %nice    %sys %iowait    %irq   %soft  %steal  %guest  %gnice   %idle
08時54分36秒    0   38.30    0.00   25.53    0.00    0.00    6.38    0.00    0.00    0.00   29.79
08時54分36秒    1   35.16    0.00   12.09    0.00    0.00    2.20    0.00    0.00    0.00   50.55

08時54分36秒  CPU    %usr   %nice    %sys %iowait    %irq   %soft  %steal  %guest  %gnice   %idle
08時54分37秒    0   37.78    0.00   26.67    0.00    0.00    6.67    0.00    0.00    0.00   28.89
08時54分37秒    1   34.07    0.00   15.38    0.00    0.00    1.10    0.00    0.00    0.00   49.45

08時54分37秒  CPU    %usr   %nice    %sys %iowait    %irq   %soft  %steal  %guest  %gnice   %idle
08時54分38秒    0   35.48    0.00   30.11    0.00    1.08    7.53    0.00    0.00    0.00   25.81
08時54分38秒    1   36.26    0.00   14.29    0.00    0.00    2.20    0.00    0.00    0.00   47.25

08時54分38秒  CPU    %usr   %nice    %sys %iowait    %irq   %soft  %steal  %guest  %gnice   %idle
08時54分39秒    0   36.26    0.00   27.47    0.00    0.00    6.59    0.00    0.00    0.00   29.67
08時54分39秒    1   29.67    0.00   18.68    0.00    0.00    2.20    0.00    0.00    0.00   49.45

08時54分39秒  CPU    %usr   %nice    %sys %iowait    %irq   %soft  %steal  %guest  %gnice   %idle
08時54分40秒    0   35.87    0.00   28.26    0.00    0.00    6.52    0.00    0.00    0.00   29.35
08時54分40秒    1   34.44    0.00   14.44    0.00    0.00    2.22    0.00    0.00    0.00   48.89

08時54分40秒  CPU    %usr   %nice    %sys %iowait    %irq   %soft  %steal  %guest  %gnice   %idle
08時54分41秒    0   37.36    0.00   27.47    0.00    0.00    6.59    0.00    0.00    0.00   28.57
08時54分41秒    1   35.16    0.00   14.29    0.00    0.00    1.10    0.00    0.00    0.00   49.45

08時54分41秒  CPU    %usr   %nice    %sys %iowait    %irq   %soft  %steal  %guest  %gnice   %idle
08時54分42秒    0   38.89    0.00   23.33    0.00    0.00    6.67    0.00    0.00    0.00   31.11
08時54分42秒    1   36.26    0.00   12.09    0.00    0.00    2.20    0.00    0.00    0.00   49.45

08時54分42秒  CPU    %usr   %nice    %sys %iowait    %irq   %soft  %steal  %guest  %gnice   %idle
08時54分43秒    0   37.78    0.00   27.78    0.00    0.00    6.67    0.00    0.00    0.00   27.78
08時54分43秒    1   32.97    0.00   17.58    0.00    0.00    2.20    0.00    0.00    0.00   47.25

08時54分43秒  CPU    %usr   %nice    %sys %iowait    %irq   %soft  %steal  %guest  %gnice   %idle
08時54分44秒    0   38.46    0.00   24.18    0.00    0.00    6.59    0.00    0.00    0.00   30.77
08時54分44秒    1   34.78    0.00   13.04    0.00    0.00    2.17    0.00    0.00    0.00   50.00

08時54分44秒  CPU    %usr   %nice    %sys %iowait    %irq   %soft  %steal  %guest  %gnice   %idle
08時54分45秒    0   30.34    0.00   31.46    0.00    0.00    6.74    0.00    0.00    0.00   31.46
08時54分45秒    1   31.11    0.00   16.67    0.00    0.00    1.11    0.00    0.00    0.00   51.11

08時54分45秒  CPU    %usr   %nice    %sys %iowait    %irq   %soft  %steal  %guest  %gnice   %idle
08時54分46秒    0   33.70    0.00   29.35    0.00    0.00    6.52    0.00    0.00    0.00   30.43
08時54分46秒    1   36.26    0.00   13.19    0.00    0.00    2.20    0.00    0.00    0.00   48.35

08時54分46秒  CPU    %usr   %nice    %sys %iowait    %irq   %soft  %steal  %guest  %gnice   %idle
08時54分47秒    0   35.48    0.00   27.96    0.00    0.00    6.45    0.00    0.00    0.00   30.11
08時54分47秒    1   30.43    0.00   17.39    0.00    0.00    2.17    0.00    0.00    0.00   50.00

08時54分47秒  CPU    %usr   %nice    %sys %iowait    %irq   %soft  %steal  %guest  %gnice   %idle
08時54分48秒    0   36.67    0.00   26.67    0.00    0.00    6.67    0.00    0.00    0.00   30.00
08時54分48秒    1   37.36    0.00   12.09    0.00    0.00    1.10    0.00    0.00    0.00   49.45

08時54分48秒  CPU    %usr   %nice    %sys %iowait    %irq   %soft  %steal  %guest  %gnice   %idle
08時54分49秒    0   35.48    0.00   30.11    0.00    0.00    6.45    0.00    0.00    0.00   27.96
08時54分49秒    1   33.70    0.00   15.22    0.00    1.09    2.17    0.00    0.00    0.00   47.83

08時54分49秒  CPU    %usr   %nice    %sys %iowait    %irq   %soft  %steal  %guest  %gnice   %idle
08時54分50秒    0   37.36    0.00   27.47    0.00    0.00    6.59    0.00    0.00    0.00   28.57
08時54分50秒    1   34.78    0.00   14.13    0.00    0.00    2.17    0.00    0.00    0.00   48.91

08時54分50秒  CPU    %usr   %nice    %sys %iowait    %irq   %soft  %steal  %guest  %gnice   %idle
08時54分51秒    0   37.78    0.00   25.56    0.00    0.00    7.78    0.00    0.00    0.00   28.89
08時54分51秒    1   31.11    0.00   16.67    0.00    0.00    2.22    0.00    0.00    0.00   50.00

08時54分51秒  CPU    %usr   %nice    %sys %iowait    %irq   %soft  %steal  %guest  %gnice   %idle
08時54分52秒    0   34.74    0.00   29.47    0.00    0.00    6.32    0.00    0.00    0.00   29.47
08時54分52秒    1   36.67    0.00   13.33    0.00    0.00    1.11    0.00    0.00    0.00   48.89

08時54分52秒  CPU    %usr   %nice    %sys %iowait    %irq   %soft  %steal  %guest  %gnice   %idle
08時54分53秒    0   38.04    0.00   27.17    0.00    0.00    6.52    0.00    0.00    0.00   28.26
08時54分53秒    1   35.87    0.00   13.04    0.00    0.00    2.17    0.00    0.00    0.00   48.91

08時54分53秒  CPU    %usr   %nice    %sys %iowait    %irq   %soft  %steal  %guest  %gnice   %idle
08時54分54秒    0   34.78    0.00   30.43    0.00    0.00    6.52    0.00    0.00    0.00   28.26
08時54分54秒    1   35.87    0.00   14.13    0.00    0.00    2.17    0.00    0.00    0.00   47.83

08時54分54秒  CPU    %usr   %nice    %sys %iowait    %irq   %soft  %steal  %guest  %gnice   %idle
08時54分55秒    0   35.87    0.00   26.09    0.00    0.00    6.52    0.00    0.00    0.00   31.52
08時54分55秒    1   35.48    0.00   12.90    0.00    0.00    2.15    0.00    0.00    0.00   49.46

08時54分55秒  CPU    %usr   %nice    %sys %iowait    %irq   %soft  %steal  %guest  %gnice   %idle
08時54分56秒    0   39.13    0.00   27.17    0.00    0.00    6.52    0.00    0.00    0.00   27.17
08時54分56秒    1   32.95    0.00   15.91    0.00    0.00    1.14    0.00    0.00    0.00   50.00

08時54分56秒  CPU    %usr   %nice    %sys %iowait    %irq   %soft  %steal  %guest  %gnice   %idle
08時54分57秒    0   35.48    0.00   25.81    0.00    1.08    6.45    0.00    0.00    0.00   31.18
08時54分57秒    1   32.61    0.00   15.22    0.00    0.00    2.17    0.00    0.00    0.00   50.00

08時54分57秒  CPU    %usr   %nice    %sys %iowait    %irq   %soft  %steal  %guest  %gnice   %idle
08時54分58秒    0   38.04    0.00   29.35    0.00    0.00    6.52    0.00    0.00    0.00   26.09
08時54分58秒    1   38.89    0.00   10.00    0.00    0.00    2.22    0.00    0.00    0.00   48.89

08時54分58秒  CPU    %usr   %nice    %sys %iowait    %irq   %soft  %steal  %guest  %gnice   %idle
08時54分59秒    0   35.48    0.00   29.03    0.00    0.00    6.45    0.00    0.00    0.00   29.03
08時54分59秒    1   30.77    0.00   17.58    0.00    0.00    2.20    0.00    0.00    0.00   49.45

08時54分59秒  CPU    %usr   %nice    %sys %iowait    %irq   %soft  %steal  %guest  %gnice   %idle
08時55分00秒    0   39.33    0.00   24.72    0.00    0.00    6.74    0.00    0.00    0.00   29.21
08時55分00秒    1   40.00    0.00   12.22    0.00    0.00    1.11    0.00    0.00    0.00   46.67

08時55分00秒  CPU    %usr   %nice    %sys %iowait    %irq   %soft  %steal  %guest  %gnice   %idle
08時55分01秒    0   36.67    0.00   24.44    0.00    0.00    6.67    0.00    0.00    0.00   32.22
08時55分01秒    1   28.57    0.00   19.78    0.00    0.00    2.20    0.00    0.00    0.00   49.45

08時55分01秒  CPU    %usr   %nice    %sys %iowait    %irq   %soft  %steal  %guest  %gnice   %idle
08時55分02秒    0   36.84    0.00   27.37    0.00    0.00    7.37    0.00    0.00    0.00   28.42
08時55分02秒    1   35.87    0.00   17.39    0.00    0.00    2.17    0.00    0.00    0.00   44.57

08時55分02秒  CPU    %usr   %nice    %sys %iowait    %irq   %soft  %steal  %guest  %gnice   %idle
08時55分03秒    0   34.07    0.00   28.57    0.00    0.00    5.49    0.00    0.00    0.00   31.87
08時55分03秒    1   34.44    0.00   13.33    0.00    0.00    2.22    0.00    0.00    0.00   50.00

08時55分03秒  CPU    %usr   %nice    %sys %iowait    %irq   %soft  %steal  %guest  %gnice   %idle
08時55分04秒    0   35.87    0.00   29.35    0.00    0.00    7.61    0.00    0.00    0.00   27.17
08時55分04秒    1   32.97    0.00   17.58    0.00    0.00    2.20    0.00    0.00    0.00   47.25

08時55分04秒  CPU    %usr   %nice    %sys %iowait    %irq   %soft  %steal  %guest  %gnice   %idle
08時55分05秒    0   40.66    0.00   24.18    0.00    0.00    6.59    0.00    0.00    0.00   28.57
08時55分05秒    1   31.87    0.00   17.58    0.00    0.00    1.10    0.00    0.00    0.00   49.45

08時55分05秒  CPU    %usr   %nice    %sys %iowait    %irq   %soft  %steal  %guest  %gnice   %idle
08時55分06秒    0   38.04    0.00   26.09    0.00    0.00    6.52    0.00    0.00    0.00   29.35
08時55分06秒    1   33.70    0.00   15.22    0.00    0.00    2.17    0.00    0.00    0.00   48.91

08時55分06秒  CPU    %usr   %nice    %sys %iowait    %irq   %soft  %steal  %guest  %gnice   %idle
08時55分07秒    0   36.26    0.00   25.27    0.00    0.00    6.59    0.00    0.00    0.00   31.87
08時55分07秒    1   35.87    0.00   11.96    0.00    0.00    2.17    0.00    0.00    0.00   50.00

08時55分07秒  CPU    %usr   %nice    %sys %iowait    %irq   %soft  %steal  %guest  %gnice   %idle
08時55分08秒    0   34.41    0.00   29.03    0.00    0.00    6.45    0.00    0.00    0.00   30.11
08時55分08秒    1   34.07    0.00   14.29    0.00    0.00    1.10    0.00    0.00    0.00   50.55

08時55分08秒  CPU    %usr   %nice    %sys %iowait    %irq   %soft  %steal  %guest  %gnice   %idle
08時55分09秒    0   40.45    0.00   21.35    0.00    0.00    6.74    0.00    0.00    0.00   31.46
08時55分09秒    1   32.97    0.00   14.29    0.00    0.00    2.20    0.00    0.00    0.00   50.55

08時55分09秒  CPU    %usr   %nice    %sys %iowait    %irq   %soft  %steal  %guest  %gnice   %idle
08時55分10秒    0   36.96    0.00   29.35    0.00    0.00    6.52    0.00    0.00    0.00   27.17
08時55分10秒    1   34.07    0.00   16.48    0.00    0.00    2.20    0.00    0.00    0.00   47.25

08時55分10秒  CPU    %usr   %nice    %sys %iowait    %irq   %soft  %steal  %guest  %gnice   %idle
08時55分11秒    0   38.46    0.00   25.27    0.00    0.00    6.59    0.00    0.00    0.00   29.67
08時55分11秒    1   32.97    0.00   15.38    0.00    0.00    2.20    0.00    0.00    0.00   49.45

08時55分11秒  CPU    %usr   %nice    %sys %iowait    %irq   %soft  %steal  %guest  %gnice   %idle
08時55分12秒    0   37.78    0.00   25.56    0.00    0.00    6.67    0.00    0.00    0.00   30.00
08時55分12秒    1   34.41    0.00   16.13    0.00    0.00    1.08    0.00    0.00    0.00   48.39

08時55分12秒  CPU    %usr   %nice    %sys %iowait    %irq   %soft  %steal  %guest  %gnice   %idle
08時55分13秒    0   39.56    0.00   24.18    0.00    0.00    6.59    0.00    0.00    0.00   29.67
08時55分13秒    1   33.33    0.00   15.56    0.00    0.00    2.22    0.00    0.00    0.00   48.89

08時55分13秒  CPU    %usr   %nice    %sys %iowait    %irq   %soft  %steal  %guest  %gnice   %idle
08時55分14秒    0   35.56    0.00   28.89    0.00    0.00    6.67    0.00    0.00    0.00   28.89
08時55分14秒    1   34.41    0.00   13.98    0.00    1.08    2.15    0.00    0.00    0.00   48.39

08時55分14秒  CPU    %usr   %nice    %sys %iowait    %irq   %soft  %steal  %guest  %gnice   %idle
08時55分15秒    0   35.48    0.00   29.03    0.00    0.00    7.53    0.00    0.00    0.00   27.96
08時55分15秒    1   29.67    0.00   19.78    0.00    0.00    2.20    0.00    0.00    0.00   48.35

08時55分15秒  CPU    %usr   %nice    %sys %iowait    %irq   %soft  %steal  %guest  %gnice   %idle
08時55分16秒    0   34.41    0.00   31.18    0.00    0.00    6.45    0.00    0.00    0.00   27.96
08時55分16秒    1   34.44    0.00   15.56    0.00    0.00    1.11    0.00    0.00    0.00   48.89

08時55分16秒  CPU    %usr   %nice    %sys %iowait    %irq   %soft  %steal  %guest  %gnice   %idle
08時55分17秒    0   35.42    0.00   28.12    0.00    1.04    6.25    0.00    0.00    0.00   29.17
08時55分17秒    1   35.87    0.00   13.04    0.00    0.00    2.17    0.00    0.00    0.00   48.91

08時55分17秒  CPU    %usr   %nice    %sys %iowait    %irq   %soft  %steal  %guest  %gnice   %idle
08時55分18秒    0   39.78    0.00   25.81    0.00    0.00    6.45    0.00    0.00    0.00   27.96
08時55分18秒    1   37.36    0.00   12.09    0.00    0.00    2.20    0.00    0.00    0.00   48.35

08時55分18秒  CPU    %usr   %nice    %sys %iowait    %irq   %soft  %steal  %guest  %gnice   %idle
08時55分19秒    0   32.97    0.00   31.87    0.00    0.00    6.59    0.00    0.00    0.00   28.57
08時55分19秒    1   35.87    0.00   13.04    0.00    0.00    2.17    0.00    0.00    0.00   48.91

08時55分19秒  CPU    %usr   %nice    %sys %iowait    %irq   %soft  %steal  %guest  %gnice   %idle
08時55分20秒    0   40.22    0.00   25.00    0.00    0.00    6.52    0.00    0.00    0.00   28.26
08時55分20秒    1   34.83    0.00   14.61    0.00    0.00    1.12    0.00    0.00    0.00   49.44

08時55分20秒  CPU    %usr   %nice    %sys %iowait    %irq   %soft  %steal  %guest  %gnice   %idle
08時55分21秒    0   32.61    0.00   28.26    0.00    0.00    6.52    0.00    0.00    0.00   32.61
08時55分21秒    1   34.78    0.00   13.04    0.00    0.00    2.17    0.00    0.00    0.00   50.00

08時55分21秒  CPU    %usr   %nice    %sys %iowait    %irq   %soft  %steal  %guest  %gnice   %idle
08時55分22秒    0   40.00    0.00   24.21    0.00    0.00    6.32    0.00    0.00    0.00   29.47
08時55分22秒    1   28.89    0.00   23.33    0.00    0.00    2.22    0.00    0.00    0.00   45.56

08時55分22秒  CPU    %usr   %nice    %sys %iowait    %irq   %soft  %steal  %guest  %gnice   %idle
08時55分23秒    0   35.56    0.00   27.78    0.00    0.00    6.67    0.00    0.00    0.00   30.00
08時55分23秒    1   33.33    0.00   16.09    0.00    0.00    2.30    0.00    0.00    0.00   48.28

08時55分23秒  CPU    %usr   %nice    %sys %iowait    %irq   %soft  %steal  %guest  %gnice   %idle
08時55分24秒    0   37.36    0.00   25.27    0.00    0.00    6.59    0.00    0.00    0.00   30.77
08時55分24秒    1   30.43    0.00   16.30    0.00    0.00    2.17    0.00    0.00    0.00   51.09

08時55分24秒  CPU    %usr   %nice    %sys %iowait    %irq   %soft  %steal  %guest  %gnice   %idle
08時55分25秒    0   36.67    0.00   27.78    0.00    0.00    6.67    0.00    0.00    0.00   28.89
08時55分25秒    1   34.44    0.00   16.67    0.00    0.00    1.11    0.00    0.00    0.00   47.78

08時55分25秒  CPU    %usr   %nice    %sys %iowait    %irq   %soft  %steal  %guest  %gnice   %idle
08時55分26秒    0   35.87    0.00   30.43    0.00    0.00    6.52    0.00    0.00    0.00   27.17
08時55分26秒    1   36.96    0.00   14.13    0.00    0.00    2.17    0.00    0.00    0.00   46.74

08時55分26秒  CPU    %usr   %nice    %sys %iowait    %irq   %soft  %steal  %guest  %gnice   %idle
08時55分27秒    0   42.86    0.00   20.88    0.00    0.00    6.59    0.00    0.00    0.00   29.67
08時55分27秒    1   32.22    0.00   15.56    0.00    0.00    2.22    0.00    0.00    0.00   50.00

08時55分27秒  CPU    %usr   %nice    %sys %iowait    %irq   %soft  %steal  %guest  %gnice   %idle
08時55分28秒    0   36.84    0.00   30.53    0.00    0.00    7.37    0.00    0.00    0.00   25.26
08時55分28秒    1   35.87    0.00   19.57    0.00    0.00    2.17    0.00    0.00    0.00   42.39

08時55分28秒  CPU    %usr   %nice    %sys %iowait    %irq   %soft  %steal  %guest  %gnice   %idle
08時55分29秒    0   38.71    0.00   26.88    0.00    0.00    6.45    0.00    0.00    0.00   27.96
08時55分29秒    1   33.33    0.00   18.89    0.00    0.00    2.22    0.00    0.00    0.00   45.56

08時55分29秒  CPU    %usr   %nice    %sys %iowait    %irq   %soft  %steal  %guest  %gnice   %idle
08時55分30秒    0   41.30    0.00   25.00    0.00    0.00    6.52    0.00    0.00    0.00   27.17
08時55分30秒    1   33.70    0.00   16.30    0.00    0.00    2.17    0.00    0.00    0.00   47.83

08時55分30秒  CPU    %usr   %nice    %sys %iowait    %irq   %soft  %steal  %guest  %gnice   %idle
08時55分31秒    0   36.56    0.00   30.11    0.00    0.00    6.45    0.00    0.00    0.00   26.88
08時55分31秒    1   31.87    0.00   18.68    0.00    0.00    2.20    0.00    0.00    0.00   47.25

08時55分31秒  CPU    %usr   %nice    %sys %iowait    %irq   %soft  %steal  %guest  %gnice   %idle
08時55分32秒    0   35.96    0.00   26.97    0.00    0.00    7.87    0.00    0.00    0.00   29.21
08時55分32秒    1   35.16    0.00   14.29    0.00    0.00    1.10    0.00    0.00    0.00   49.45

08時55分32秒  CPU    %usr   %nice    %sys %iowait    %irq   %soft  %steal  %guest  %gnice   %idle
08時55分33秒    0   34.44    0.00   31.11    0.00    0.00    6.67    0.00    0.00    0.00   27.78
08時55分33秒    1   34.07    0.00   16.48    0.00    0.00    2.20    0.00    0.00    0.00   47.25

08時55分33秒  CPU    %usr   %nice    %sys %iowait    %irq   %soft  %steal  %guest  %gnice   %idle
08時55分34秒    0   36.67    0.00   27.78    0.00    0.00    6.67    0.00    0.00    0.00   28.89
08時55分34秒    1   34.04    0.00   15.96    0.00    0.00    2.13    0.00    0.00    0.00   47.87

08時55分34秒  CPU    %usr   %nice    %sys %iowait    %irq   %soft  %steal  %guest  %gnice   %idle
08時55分35秒    0   39.13    0.00   26.09    0.00    0.00    6.52    0.00    0.00    0.00   28.26
08時55分35秒    1   31.11    0.00   17.78    0.00    0.00    2.22    0.00    0.00    0.00   48.89

08時55分35秒  CPU    %usr   %nice    %sys %iowait    %irq   %soft  %steal  %guest  %gnice   %idle
08時55分36秒    0   37.63    0.00   25.81    0.00    1.08    6.45    0.00    0.00    0.00   29.03
08時55分36秒    1   33.33    0.00   15.56    0.00    0.00    1.11    0.00    0.00    0.00   50.00

08時55分36秒  CPU    %usr   %nice    %sys %iowait    %irq   %soft  %steal  %guest  %gnice   %idle
08時55分37秒    0   33.33    0.00   30.11    0.00    0.00    6.45    0.00    0.00    0.00   30.11
08時55分37秒    1   31.87    0.00   15.38    0.00    0.00    2.20    0.00    0.00    0.00   50.55

平均時間：  CPU    %usr   %nice    %sys %iowait    %irq   %soft  %steal  %guest  %gnice   %idle
平均時間：    0   36.98    0.00   27.20    0.00    0.06    6.61    0.00    0.00    0.00   29.14
平均時間：    1   34.14    0.00   15.13    0.00    0.05    1.93    0.00    0.00    0.00   48.76
