Linux 5.6.15-arch1-1 (archlinux) 	西元2020年06月29日 	_x86_64_	(12 CPU)

09時17分10秒  CPU    %usr   %nice    %sys %iowait    %irq   %soft  %steal  %guest  %gnice   %idle
09時17分11秒    0   36.26    0.00   29.67    0.00    0.00    6.59    0.00    0.00    0.00   27.47
09時17分11秒    1   32.22    0.00   14.44    0.00    0.00    2.22    0.00    0.00    0.00   51.11

09時17分11秒  CPU    %usr   %nice    %sys %iowait    %irq   %soft  %steal  %guest  %gnice   %idle
09時17分12秒    0   40.21    0.00   27.84    0.00    0.00    7.22    0.00    0.00    0.00   24.74
09時17分12秒    1   33.70    0.00   16.30    0.00    0.00    1.09    0.00    0.00    0.00   48.91

09時17分12秒  CPU    %usr   %nice    %sys %iowait    %irq   %soft  %steal  %guest  %gnice   %idle
09時17分13秒    0   40.22    0.00   25.00    0.00    0.00    6.52    0.00    0.00    0.00   28.26
09時17分13秒    1   33.71    0.00   12.36    0.00    0.00    2.25    0.00    0.00    0.00   51.69

09時17分13秒  CPU    %usr   %nice    %sys %iowait    %irq   %soft  %steal  %guest  %gnice   %idle
09時17分14秒    0   37.78    0.00   28.89    0.00    0.00    6.67    0.00    0.00    0.00   26.67
09時17分14秒    1   31.52    0.00   17.39    0.00    0.00    2.17    0.00    0.00    0.00   48.91

09時17分14秒  CPU    %usr   %nice    %sys %iowait    %irq   %soft  %steal  %guest  %gnice   %idle
09時17分15秒    0   37.89    0.00   31.58    0.00    1.05    6.32    0.00    0.00    0.00   23.16
09時17分15秒    1   42.39    0.00   10.87    0.00    0.00    1.09    0.00    0.00    0.00   45.65

09時17分15秒  CPU    %usr   %nice    %sys %iowait    %irq   %soft  %steal  %guest  %gnice   %idle
09時17分16秒    0   40.00    0.00   26.32    0.00    0.00    6.32    0.00    0.00    0.00   27.37
09時17分16秒    1   25.84    0.00   21.35    0.00    0.00    2.25    0.00    0.00    0.00   50.56

09時17分16秒  CPU    %usr   %nice    %sys %iowait    %irq   %soft  %steal  %guest  %gnice   %idle
09時17分17秒    0   42.11    0.00   29.47    0.00    0.00    7.37    0.00    0.00    0.00   21.05
09時17分17秒    1   37.36    0.00   13.19    0.00    0.00    2.20    0.00    0.00    0.00   47.25

09時17分17秒  CPU    %usr   %nice    %sys %iowait    %irq   %soft  %steal  %guest  %gnice   %idle
09時17分18秒    0   37.63    0.00   29.03    0.00    0.00    6.45    0.00    0.00    0.00   26.88
09時17分18秒    1   30.00    0.00   17.78    0.00    0.00    2.22    0.00    0.00    0.00   50.00

09時17分18秒  CPU    %usr   %nice    %sys %iowait    %irq   %soft  %steal  %guest  %gnice   %idle
09時17分19秒    0   44.79    0.00   26.04    0.00    0.00    6.25    0.00    0.00    0.00   22.92
09時17分19秒    1   34.44    0.00   18.89    0.00    0.00    2.22    0.00    0.00    0.00   44.44

09時17分19秒  CPU    %usr   %nice    %sys %iowait    %irq   %soft  %steal  %guest  %gnice   %idle
09時17分20秒    0   42.55    0.00   26.60    0.00    0.00    7.45    0.00    0.00    0.00   23.40
09時17分20秒    1   35.96    0.00   16.85    0.00    0.00    2.25    0.00    0.00    0.00   44.94

09時17分20秒  CPU    %usr   %nice    %sys %iowait    %irq   %soft  %steal  %guest  %gnice   %idle
09時17分21秒    0   39.56    0.00   25.27    0.00    0.00    6.59    0.00    0.00    0.00   28.57
09時17分21秒    1   33.71    0.00   13.48    0.00    0.00    1.12    0.00    0.00    0.00   51.69

09時17分21秒  CPU    %usr   %nice    %sys %iowait    %irq   %soft  %steal  %guest  %gnice   %idle
09時17分22秒    0   34.04    0.00   32.98    0.00    0.00    6.38    0.00    0.00    0.00   26.60
09時17分22秒    1   35.16    0.00   13.19    0.00    1.10    2.20    0.00    0.00    0.00   48.35

09時17分22秒  CPU    %usr   %nice    %sys %iowait    %irq   %soft  %steal  %guest  %gnice   %idle
09時17分23秒    0   38.71    0.00   31.18    0.00    0.00    6.45    0.00    0.00    0.00   23.66
09時17分23秒    1   30.34    0.00   17.98    0.00    0.00    2.25    0.00    0.00    0.00   49.44

09時17分23秒  CPU    %usr   %nice    %sys %iowait    %irq   %soft  %steal  %guest  %gnice   %idle
09時17分24秒    0   38.04    0.00   28.26    0.00    0.00    6.52    0.00    0.00    0.00   27.17
09時17分24秒    1   33.33    0.00   15.56    0.00    0.00    1.11    0.00    0.00    0.00   50.00

09時17分24秒  CPU    %usr   %nice    %sys %iowait    %irq   %soft  %steal  %guest  %gnice   %idle
09時17分25秒    0   36.26    0.00   30.77    0.00    0.00    6.59    0.00    0.00    0.00   26.37
09時17分25秒    1   35.56    0.00   13.33    0.00    0.00    2.22    0.00    0.00    0.00   48.89

09時17分25秒  CPU    %usr   %nice    %sys %iowait    %irq   %soft  %steal  %guest  %gnice   %idle
09時17分26秒    0   38.95    0.00   30.53    0.00    0.00    7.37    0.00    0.00    0.00   23.16
09時17分26秒    1   35.48    0.00   16.13    0.00    0.00    2.15    0.00    0.00    0.00   46.24

09時17分26秒  CPU    %usr   %nice    %sys %iowait    %irq   %soft  %steal  %guest  %gnice   %idle
09時17分27秒    0   38.46    0.00   28.57    0.00    0.00    6.59    0.00    0.00    0.00   26.37
09時17分27秒    1   29.67    0.00   17.58    0.00    0.00    2.20    0.00    0.00    0.00   50.55

09時17分27秒  CPU    %usr   %nice    %sys %iowait    %irq   %soft  %steal  %guest  %gnice   %idle
09時17分28秒    0   41.05    0.00   27.37    0.00    0.00    6.32    0.00    0.00    0.00   25.26
09時17分28秒    1   35.96    0.00   14.61    0.00    0.00    1.12    0.00    0.00    0.00   48.31

09時17分28秒  CPU    %usr   %nice    %sys %iowait    %irq   %soft  %steal  %guest  %gnice   %idle
09時17分29秒    0   41.05    0.00   28.42    0.00    0.00    7.37    0.00    0.00    0.00   23.16
09時17分29秒    1   36.26    0.00   14.29    0.00    0.00    2.20    0.00    0.00    0.00   47.25

09時17分29秒  CPU    %usr   %nice    %sys %iowait    %irq   %soft  %steal  %guest  %gnice   %idle
09時17分30秒    0   34.78    0.00   31.52    0.00    0.00    6.52    0.00    0.00    0.00   27.17
09時17分30秒    1   31.87    0.00   15.38    0.00    0.00    2.20    0.00    0.00    0.00   50.55

09時17分30秒  CPU    %usr   %nice    %sys %iowait    %irq   %soft  %steal  %guest  %gnice   %idle
09時17分31秒    0   44.44    0.00   20.00    0.00    0.00    6.67    0.00    0.00    0.00   28.89
09時17分31秒    1   33.33    0.00   13.33    0.00    0.00    2.22    0.00    0.00    0.00   51.11

09時17分31秒  CPU    %usr   %nice    %sys %iowait    %irq   %soft  %steal  %guest  %gnice   %idle
09時17分32秒    0   38.71    0.00   30.11    0.00    0.00    6.45    0.00    0.00    0.00   24.73
09時17分32秒    1   32.58    0.00   17.98    0.00    0.00    1.12    0.00    0.00    0.00   48.31

09時17分32秒  CPU    %usr   %nice    %sys %iowait    %irq   %soft  %steal  %guest  %gnice   %idle
09時17分33秒    0   44.09    0.00   24.73    0.00    0.00    7.53    0.00    0.00    0.00   23.66
09時17分33秒    1   35.16    0.00   14.29    0.00    0.00    2.20    0.00    0.00    0.00   48.35

09時17分33秒  CPU    %usr   %nice    %sys %iowait    %irq   %soft  %steal  %guest  %gnice   %idle
09時17分34秒    0   41.05    0.00   27.37    0.00    1.05    6.32    0.00    0.00    0.00   24.21
09時17分34秒    1   31.11    0.00   18.89    0.00    0.00    2.22    0.00    0.00    0.00   47.78

09時17分34秒  CPU    %usr   %nice    %sys %iowait    %irq   %soft  %steal  %guest  %gnice   %idle
09時17分35秒    0   37.36    0.00   29.67    0.00    0.00    6.59    0.00    0.00    0.00   26.37
09時17分35秒    1   34.44    0.00   13.33    0.00    0.00    2.22    0.00    0.00    0.00   50.00

09時17分35秒  CPU    %usr   %nice    %sys %iowait    %irq   %soft  %steal  %guest  %gnice   %idle
09時17分36秒    0   40.00    0.00   28.42    0.00    0.00    6.32    0.00    0.00    0.00   25.26
09時17分36秒    1   35.16    0.00   15.38    0.00    0.00    1.10    0.00    0.00    0.00   48.35

09時17分36秒  CPU    %usr   %nice    %sys %iowait    %irq   %soft  %steal  %guest  %gnice   %idle
09時17分37秒    0   39.56    0.00   25.27    0.00    0.00    6.59    0.00    0.00    0.00   28.57
09時17分37秒    1   30.77    0.00   15.38    0.00    0.00    2.20    0.00    0.00    0.00   51.65

09時17分37秒  CPU    %usr   %nice    %sys %iowait    %irq   %soft  %steal  %guest  %gnice   %idle
09時17分38秒    0   37.63    0.00   27.96    0.00    0.00    7.53    0.00    0.00    0.00   26.88
09時17分38秒    1   32.22    0.00   16.67    0.00    0.00    2.22    0.00    0.00    0.00   48.89

09時17分38秒  CPU    %usr   %nice    %sys %iowait    %irq   %soft  %steal  %guest  %gnice   %idle
09時17分39秒    0   42.71    0.00   26.04    0.00    0.00    6.25    0.00    0.00    0.00   25.00
09時17分39秒    1   34.07    0.00   14.29    0.00    0.00    2.20    0.00    0.00    0.00   49.45

09時17分39秒  CPU    %usr   %nice    %sys %iowait    %irq   %soft  %steal  %guest  %gnice   %idle
09時17分40秒    0   41.30    0.00   27.17    0.00    0.00    6.52    0.00    0.00    0.00   25.00
09時17分40秒    1   32.58    0.00   16.85    0.00    0.00    1.12    0.00    0.00    0.00   49.44

09時17分40秒  CPU    %usr   %nice    %sys %iowait    %irq   %soft  %steal  %guest  %gnice   %idle
09時17分41秒    0   38.30    0.00   28.72    0.00    0.00    6.38    0.00    0.00    0.00   26.60
09時17分41秒    1   31.52    0.00   17.39    0.00    0.00    2.17    0.00    0.00    0.00   48.91

09時17分41秒  CPU    %usr   %nice    %sys %iowait    %irq   %soft  %steal  %guest  %gnice   %idle
09時17分42秒    0   37.76    0.00   31.63    0.00    0.00    7.14    0.00    0.00    0.00   23.47
09時17分42秒    1   36.96    0.00   11.96    0.00    0.00    2.17    0.00    0.00    0.00   48.91

09時17分42秒  CPU    %usr   %nice    %sys %iowait    %irq   %soft  %steal  %guest  %gnice   %idle
09時17分43秒    0   43.48    0.00   25.00    0.00    0.00    6.52    0.00    0.00    0.00   25.00
09時17分43秒    1   33.70    0.00   16.30    0.00    0.00    2.17    0.00    0.00    0.00   47.83

09時17分43秒  CPU    %usr   %nice    %sys %iowait    %irq   %soft  %steal  %guest  %gnice   %idle
09時17分44秒    0   37.23    0.00   27.66    0.00    0.00    6.38    0.00    0.00    0.00   28.72
09時17分44秒    1   34.09    0.00   17.05    0.00    0.00    1.14    0.00    0.00    0.00   47.73

09時17分44秒  CPU    %usr   %nice    %sys %iowait    %irq   %soft  %steal  %guest  %gnice   %idle
09時17分45秒    0   40.66    0.00   30.77    0.00    0.00    6.59    0.00    0.00    0.00   21.98
09時17分45秒    1   35.16    0.00   17.58    0.00    0.00    2.20    0.00    0.00    0.00   45.05

09時17分45秒  CPU    %usr   %nice    %sys %iowait    %irq   %soft  %steal  %guest  %gnice   %idle
09時17分46秒    0   35.05    0.00   31.96    0.00    0.00    7.22    0.00    0.00    0.00   25.77
09時17分46秒    1   31.87    0.00   16.48    0.00    0.00    2.20    0.00    0.00    0.00   49.45

09時17分46秒  CPU    %usr   %nice    %sys %iowait    %irq   %soft  %steal  %guest  %gnice   %idle
09時17分47秒    0   36.26    0.00   29.67    0.00    0.00    6.59    0.00    0.00    0.00   27.47
09時17分47秒    1   31.87    0.00   14.29    0.00    1.10    2.20    0.00    0.00    0.00   50.55

09時17分47秒  CPU    %usr   %nice    %sys %iowait    %irq   %soft  %steal  %guest  %gnice   %idle
09時17分48秒    0   41.67    0.00   28.12    0.00    0.00    6.25    0.00    0.00    0.00   23.96
09時17分48秒    1   39.13    0.00   13.04    0.00    0.00    1.09    0.00    0.00    0.00   46.74

09時17分48秒  CPU    %usr   %nice    %sys %iowait    %irq   %soft  %steal  %guest  %gnice   %idle
09時17分49秒    0   35.87    0.00   30.43    0.00    0.00    6.52    0.00    0.00    0.00   27.17
09時17分49秒    1   34.07    0.00   14.29    0.00    0.00    2.20    0.00    0.00    0.00   49.45

09時17分49秒  CPU    %usr   %nice    %sys %iowait    %irq   %soft  %steal  %guest  %gnice   %idle
09時17分50秒    0   37.63    0.00   30.11    0.00    0.00    7.53    0.00    0.00    0.00   24.73
09時17分50秒    1   34.78    0.00   14.13    0.00    0.00    2.17    0.00    0.00    0.00   48.91

09時17分50秒  CPU    %usr   %nice    %sys %iowait    %irq   %soft  %steal  %guest  %gnice   %idle
09時17分51秒    0   40.00    0.00   30.53    0.00    0.00    6.32    0.00    0.00    0.00   23.16
09時17分51秒    1   35.48    0.00   15.05    0.00    0.00    2.15    0.00    0.00    0.00   47.31

09時17分51秒  CPU    %usr   %nice    %sys %iowait    %irq   %soft  %steal  %guest  %gnice   %idle
09時17分52秒    0   34.41    0.00   32.26    0.00    0.00    6.45    0.00    0.00    0.00   26.88
09時17分52秒    1   34.44    0.00   14.44    0.00    0.00    1.11    0.00    0.00    0.00   50.00

09時17分52秒  CPU    %usr   %nice    %sys %iowait    %irq   %soft  %steal  %guest  %gnice   %idle
09時17分53秒    0   42.22    0.00   25.56    0.00    1.11    6.67    0.00    0.00    0.00   24.44
09時17分53秒    1   31.87    0.00   17.58    0.00    0.00    2.20    0.00    0.00    0.00   48.35

09時17分53秒  CPU    %usr   %nice    %sys %iowait    %irq   %soft  %steal  %guest  %gnice   %idle
09時17分54秒    0   37.63    0.00   26.88    0.00    0.00    7.53    0.00    0.00    0.00   27.96
09時17分54秒    1   36.26    0.00   12.09    0.00    0.00    2.20    0.00    0.00    0.00   49.45

09時17分54秒  CPU    %usr   %nice    %sys %iowait    %irq   %soft  %steal  %guest  %gnice   %idle
09時17分55秒    0   41.67    0.00   27.08    0.00    0.00    6.25    0.00    0.00    0.00   25.00
09時17分55秒    1   35.56    0.00   12.22    0.00    0.00    1.11    0.00    0.00    0.00   51.11

09時17分55秒  CPU    %usr   %nice    %sys %iowait    %irq   %soft  %steal  %guest  %gnice   %idle
09時17分56秒    0   38.46    0.00   27.47    0.00    0.00    6.59    0.00    0.00    0.00   27.47
09時17分56秒    1   31.11    0.00   16.67    0.00    0.00    2.22    0.00    0.00    0.00   50.00

09時17分56秒  CPU    %usr   %nice    %sys %iowait    %irq   %soft  %steal  %guest  %gnice   %idle
09時17分57秒    0   43.01    0.00   25.81    0.00    0.00    6.45    0.00    0.00    0.00   24.73
09時17分57秒    1   34.78    0.00   15.22    0.00    0.00    2.17    0.00    0.00    0.00   47.83

09時17分57秒  CPU    %usr   %nice    %sys %iowait    %irq   %soft  %steal  %guest  %gnice   %idle
09時17分58秒    0   43.48    0.00   26.09    0.00    0.00    6.52    0.00    0.00    0.00   23.91
09時17分58秒    1   34.07    0.00   16.48    0.00    0.00    2.20    0.00    0.00    0.00   47.25

09時17分58秒  CPU    %usr   %nice    %sys %iowait    %irq   %soft  %steal  %guest  %gnice   %idle
09時17分59秒    0   40.00    0.00   26.32    0.00    0.00    7.37    0.00    0.00    0.00   26.32
09時17分59秒    1   34.44    0.00   14.44    0.00    0.00    1.11    0.00    0.00    0.00   50.00

09時17分59秒  CPU    %usr   %nice    %sys %iowait    %irq   %soft  %steal  %guest  %gnice   %idle
09時18分00秒    0   37.23    0.00   30.85    0.00    0.00    6.38    0.00    0.00    0.00   25.53
09時18分00秒    1   38.89    0.00   13.33    0.00    0.00    2.22    0.00    0.00    0.00   45.56

09時18分00秒  CPU    %usr   %nice    %sys %iowait    %irq   %soft  %steal  %guest  %gnice   %idle
09時18分01秒    0   40.22    0.00   29.35    0.00    0.00    6.52    0.00    0.00    0.00   23.91
09時18分01秒    1   32.97    0.00   16.48    0.00    0.00    2.20    0.00    0.00    0.00   48.35

09時18分01秒  CPU    %usr   %nice    %sys %iowait    %irq   %soft  %steal  %guest  %gnice   %idle
09時18分02秒    0   39.36    0.00   27.66    0.00    0.00    7.45    0.00    0.00    0.00   25.53
09時18分02秒    1   32.97    0.00   17.58    0.00    0.00    2.20    0.00    0.00    0.00   47.25

09時18分02秒  CPU    %usr   %nice    %sys %iowait    %irq   %soft  %steal  %guest  %gnice   %idle
09時18分03秒    0   39.78    0.00   27.96    0.00    0.00    6.45    0.00    0.00    0.00   25.81
09時18分03秒    1   30.77    0.00   17.58    0.00    0.00    2.20    0.00    0.00    0.00   49.45

09時18分03秒  CPU    %usr   %nice    %sys %iowait    %irq   %soft  %steal  %guest  %gnice   %idle
09時18分04秒    0   37.63    0.00   31.18    0.00    0.00    6.45    0.00    0.00    0.00   24.73
09時18分04秒    1   35.96    0.00   13.48    0.00    0.00    1.12    0.00    0.00    0.00   49.44

09時18分04秒  CPU    %usr   %nice    %sys %iowait    %irq   %soft  %steal  %guest  %gnice   %idle
09時18分05秒    0   32.26    0.00   33.33    0.00    0.00    6.45    0.00    0.00    0.00   27.96
09時18分05秒    1   32.26    0.00   16.13    0.00    0.00    2.15    0.00    0.00    0.00   49.46

09時18分05秒  CPU    %usr   %nice    %sys %iowait    %irq   %soft  %steal  %guest  %gnice   %idle
09時18分06秒    0   40.22    0.00   27.17    0.00    0.00    6.52    0.00    0.00    0.00   26.09
09時18分06秒    1   31.11    0.00   17.78    0.00    0.00    2.22    0.00    0.00    0.00   48.89

09時18分06秒  CPU    %usr   %nice    %sys %iowait    %irq   %soft  %steal  %guest  %gnice   %idle
09時18分07秒    0   40.86    0.00   26.88    0.00    0.00    7.53    0.00    0.00    0.00   24.73
09時18分07秒    1   33.70    0.00   16.30    0.00    0.00    2.17    0.00    0.00    0.00   47.83

09時18分07秒  CPU    %usr   %nice    %sys %iowait    %irq   %soft  %steal  %guest  %gnice   %idle
09時18分08秒    0   40.66    0.00   28.57    0.00    0.00    6.59    0.00    0.00    0.00   24.18
09時18分08秒    1   32.58    0.00   16.85    0.00    0.00    1.12    0.00    0.00    0.00   49.44

09時18分08秒  CPU    %usr   %nice    %sys %iowait    %irq   %soft  %steal  %guest  %gnice   %idle
09時18分09秒    0   38.30    0.00   28.72    0.00    0.00    6.38    0.00    0.00    0.00   26.60
09時18分09秒    1   33.70    0.00   14.13    0.00    0.00    2.17    0.00    0.00    0.00   50.00

09時18分09秒  CPU    %usr   %nice    %sys %iowait    %irq   %soft  %steal  %guest  %gnice   %idle
09時18分10秒    0   40.00    0.00   27.37    0.00    0.00    7.37    0.00    0.00    0.00   25.26
09時18分10秒    1   35.87    0.00   14.13    0.00    0.00    2.17    0.00    0.00    0.00   47.83

09時18分10秒  CPU    %usr   %nice    %sys %iowait    %irq   %soft  %steal  %guest  %gnice   %idle
09時18分11秒    0   40.22    0.00   27.17    0.00    0.00    6.52    0.00    0.00    0.00   26.09
09時18分11秒    1   35.96    0.00   12.36    0.00    0.00    1.12    0.00    0.00    0.00   50.56

09時18分11秒  CPU    %usr   %nice    %sys %iowait    %irq   %soft  %steal  %guest  %gnice   %idle
09時18分12秒    0   39.78    0.00   27.96    0.00    1.08    6.45    0.00    0.00    0.00   24.73
09時18分12秒    1   34.07    0.00   15.38    0.00    0.00    2.20    0.00    0.00    0.00   48.35

09時18分12秒  CPU    %usr   %nice    %sys %iowait    %irq   %soft  %steal  %guest  %gnice   %idle
09時18分13秒    0   36.56    0.00   31.18    0.00    0.00    6.45    0.00    0.00    0.00   25.81
09時18分13秒    1   35.48    0.00   13.98    0.00    1.08    2.15    0.00    0.00    0.00   47.31

09時18分13秒  CPU    %usr   %nice    %sys %iowait    %irq   %soft  %steal  %guest  %gnice   %idle
09時18分14秒    0   43.16    0.00   28.42    0.00    0.00    7.37    0.00    0.00    0.00   21.05
09時18分14秒    1   34.78    0.00   18.48    0.00    0.00    2.17    0.00    0.00    0.00   44.57

09時18分14秒  CPU    %usr   %nice    %sys %iowait    %irq   %soft  %steal  %guest  %gnice   %idle
09時18分15秒    0   36.26    0.00   29.67    0.00    0.00    6.59    0.00    0.00    0.00   27.47
09時18分15秒    1   33.33    0.00   16.67    0.00    0.00    2.22    0.00    0.00    0.00   47.78

09時18分15秒  CPU    %usr   %nice    %sys %iowait    %irq   %soft  %steal  %guest  %gnice   %idle
09時18分16秒    0   38.71    0.00   29.03    0.00    0.00    6.45    0.00    0.00    0.00   25.81
09時18分16秒    1   37.78    0.00   12.22    0.00    0.00    1.11    0.00    0.00    0.00   48.89

09時18分16秒  CPU    %usr   %nice    %sys %iowait    %irq   %soft  %steal  %guest  %gnice   %idle
09時18分17秒    0   40.22    0.00   25.00    0.00    0.00    6.52    0.00    0.00    0.00   28.26
09時18分17秒    1   31.87    0.00   15.38    0.00    0.00    2.20    0.00    0.00    0.00   50.55

09時18分17秒  CPU    %usr   %nice    %sys %iowait    %irq   %soft  %steal  %guest  %gnice   %idle
09時18分18秒    0   39.36    0.00   26.60    0.00    0.00    7.45    0.00    0.00    0.00   26.60
09時18分18秒    1   32.22    0.00   15.56    0.00    0.00    2.22    0.00    0.00    0.00   50.00

09時18分18秒  CPU    %usr   %nice    %sys %iowait    %irq   %soft  %steal  %guest  %gnice   %idle
09時18分19秒    0   42.39    0.00   27.17    0.00    0.00    6.52    0.00    0.00    0.00   23.91
09時18分19秒    1   35.16    0.00   16.48    0.00    1.10    1.10    0.00    0.00    0.00   46.15

09時18分19秒  CPU    %usr   %nice    %sys %iowait    %irq   %soft  %steal  %guest  %gnice   %idle
09時18分20秒    0   43.62    0.00   25.53    0.00    0.00    6.38    0.00    0.00    0.00   24.47
09時18分20秒    1   32.61    0.00   17.39    0.00    0.00    2.17    0.00    0.00    0.00   47.83

09時18分20秒  CPU    %usr   %nice    %sys %iowait    %irq   %soft  %steal  %guest  %gnice   %idle
09時18分21秒    0   39.13    0.00   28.26    0.00    0.00    6.52    0.00    0.00    0.00   26.09
09時18分21秒    1   33.33    0.00   15.56    0.00    0.00    2.22    0.00    0.00    0.00   48.89

09時18分21秒  CPU    %usr   %nice    %sys %iowait    %irq   %soft  %steal  %guest  %gnice   %idle
09時18分22秒    0   34.41    0.00   30.11    0.00    0.00    6.45    0.00    0.00    0.00   29.03
09時18分22秒    1   34.78    0.00   11.96    0.00    0.00    2.17    0.00    0.00    0.00   51.09

09時18分22秒  CPU    %usr   %nice    %sys %iowait    %irq   %soft  %steal  %guest  %gnice   %idle
09時18分23秒    0   40.43    0.00   26.60    0.00    0.00    7.45    0.00    0.00    0.00   25.53
09時18分23秒    1   35.96    0.00   13.48    0.00    0.00    1.12    0.00    0.00    0.00   49.44

09時18分23秒  CPU    %usr   %nice    %sys %iowait    %irq   %soft  %steal  %guest  %gnice   %idle
09時18分24秒    0   39.78    0.00   26.88    0.00    0.00    6.45    0.00    0.00    0.00   26.88
09時18分24秒    1   33.70    0.00   15.22    0.00    0.00    2.17    0.00    0.00    0.00   48.91

09時18分24秒  CPU    %usr   %nice    %sys %iowait    %irq   %soft  %steal  %guest  %gnice   %idle
09時18分25秒    0   41.05    0.00   27.37    0.00    0.00    6.32    0.00    0.00    0.00   25.26
09時18分25秒    1   32.97    0.00   15.38    0.00    0.00    2.20    0.00    0.00    0.00   49.45

09時18分25秒  CPU    %usr   %nice    %sys %iowait    %irq   %soft  %steal  %guest  %gnice   %idle
09時18分26秒    0   36.26    0.00   29.67    0.00    0.00    6.59    0.00    0.00    0.00   27.47
09時18分26秒    1   36.26    0.00   12.09    0.00    0.00    2.20    0.00    0.00    0.00   49.45

09時18分26秒  CPU    %usr   %nice    %sys %iowait    %irq   %soft  %steal  %guest  %gnice   %idle
09時18分27秒    0   38.71    0.00   29.03    0.00    0.00    6.45    0.00    0.00    0.00   25.81
09時18分27秒    1   33.71    0.00   15.73    0.00    0.00    1.12    0.00    0.00    0.00   49.44

09時18分27秒  CPU    %usr   %nice    %sys %iowait    %irq   %soft  %steal  %guest  %gnice   %idle
09時18分28秒    0   40.86    0.00   25.81    0.00    0.00    6.45    0.00    0.00    0.00   26.88
09時18分28秒    1   30.00    0.00   17.78    0.00    0.00    2.22    0.00    0.00    0.00   50.00

09時18分28秒  CPU    %usr   %nice    %sys %iowait    %irq   %soft  %steal  %guest  %gnice   %idle
09時18分29秒    0   43.01    0.00   26.88    0.00    0.00    7.53    0.00    0.00    0.00   22.58
09時18分29秒    1   35.48    0.00   16.13    0.00    0.00    2.15    0.00    0.00    0.00   46.24

09時18分29秒  CPU    %usr   %nice    %sys %iowait    %irq   %soft  %steal  %guest  %gnice   %idle
09時18分30秒    0   43.62    0.00   24.47    0.00    0.00    6.38    0.00    0.00    0.00   25.53
09時18分30秒    1   31.87    0.00   17.58    0.00    0.00    2.20    0.00    0.00    0.00   48.35

09時18分30秒  CPU    %usr   %nice    %sys %iowait    %irq   %soft  %steal  %guest  %gnice   %idle
09時18分31秒    0   39.78    0.00   25.81    0.00    1.08    6.45    0.00    0.00    0.00   26.88
09時18分31秒    1   34.07    0.00   14.29    0.00    0.00    1.10    0.00    0.00    0.00   50.55

09時18分31秒  CPU    %usr   %nice    %sys %iowait    %irq   %soft  %steal  %guest  %gnice   %idle
09時18分32秒    0   34.04    0.00   31.91    0.00    0.00    7.45    0.00    0.00    0.00   26.60
09時18分32秒    1   31.46    0.00   15.73    0.00    0.00    2.25    0.00    0.00    0.00   50.56

09時18分32秒  CPU    %usr   %nice    %sys %iowait    %irq   %soft  %steal  %guest  %gnice   %idle
09時18分33秒    0   38.20    0.00   28.09    0.00    0.00    6.74    0.00    0.00    0.00   26.97
09時18分33秒    1   35.23    0.00   12.50    0.00    0.00    2.27    0.00    0.00    0.00   50.00

09時18分33秒  CPU    %usr   %nice    %sys %iowait    %irq   %soft  %steal  %guest  %gnice   %idle
09時18分34秒    0   40.00    0.00   27.37    0.00    0.00    6.32    0.00    0.00    0.00   26.32
09時18分34秒    1   30.00    0.00   17.78    0.00    0.00    1.11    0.00    0.00    0.00   51.11

09時18分34秒  CPU    %usr   %nice    %sys %iowait    %irq   %soft  %steal  %guest  %gnice   %idle
09時18分35秒    0   44.57    0.00   25.00    0.00    0.00    6.52    0.00    0.00    0.00   23.91
09時18分35秒    1   34.07    0.00   16.48    0.00    0.00    2.20    0.00    0.00    0.00   47.25

09時18分35秒  CPU    %usr   %nice    %sys %iowait    %irq   %soft  %steal  %guest  %gnice   %idle
09時18分36秒    0   41.05    0.00   26.32    0.00    0.00    7.37    0.00    0.00    0.00   25.26
09時18分36秒    1   36.96    0.00   13.04    0.00    0.00    2.17    0.00    0.00    0.00   47.83

09時18分36秒  CPU    %usr   %nice    %sys %iowait    %irq   %soft  %steal  %guest  %gnice   %idle
09時18分37秒    0   40.22    0.00   28.26    0.00    0.00    6.52    0.00    0.00    0.00   25.00
09時18分37秒    1   35.16    0.00   14.29    0.00    0.00    2.20    0.00    0.00    0.00   48.35

09時18分37秒  CPU    %usr   %nice    %sys %iowait    %irq   %soft  %steal  %guest  %gnice   %idle
09時18分38秒    0   38.71    0.00   26.88    0.00    0.00    6.45    0.00    0.00    0.00   27.96
09時18分38秒    1   32.97    0.00   16.48    0.00    0.00    1.10    0.00    0.00    0.00   49.45

09時18分38秒  CPU    %usr   %nice    %sys %iowait    %irq   %soft  %steal  %guest  %gnice   %idle
09時18分39秒    0   43.01    0.00   26.88    0.00    0.00    6.45    0.00    0.00    0.00   23.66
09時18分39秒    1   31.52    0.00   18.48    0.00    0.00    2.17    0.00    0.00    0.00   47.83

09時18分39秒  CPU    %usr   %nice    %sys %iowait    %irq   %soft  %steal  %guest  %gnice   %idle
09時18分40秒    0   39.78    0.00   26.88    0.00    0.00    7.53    0.00    0.00    0.00   25.81
09時18分40秒    1   36.96    0.00   11.96    0.00    0.00    2.17    0.00    0.00    0.00   48.91

09時18分40秒  CPU    %usr   %nice    %sys %iowait    %irq   %soft  %steal  %guest  %gnice   %idle
09時18分41秒    0   41.94    0.00   25.81    0.00    0.00    6.45    0.00    0.00    0.00   25.81
09時18分41秒    1   35.87    0.00   14.13    0.00    0.00    2.17    0.00    0.00    0.00   47.83

09時18分41秒  CPU    %usr   %nice    %sys %iowait    %irq   %soft  %steal  %guest  %gnice   %idle
09時18分42秒    0   35.11    0.00   32.98    0.00    0.00    6.38    0.00    0.00    0.00   25.53
09時18分42秒    1   34.07    0.00   16.48    0.00    0.00    1.10    0.00    0.00    0.00   48.35

09時18分42秒  CPU    %usr   %nice    %sys %iowait    %irq   %soft  %steal  %guest  %gnice   %idle
09時18分43秒    0   40.66    0.00   25.27    0.00    0.00    6.59    0.00    0.00    0.00   27.47
09時18分43秒    1   30.34    0.00   16.85    0.00    0.00    2.25    0.00    0.00    0.00   50.56

09時18分43秒  CPU    %usr   %nice    %sys %iowait    %irq   %soft  %steal  %guest  %gnice   %idle
09時18分44秒    0   37.23    0.00   28.72    0.00    0.00    6.38    0.00    0.00    0.00   27.66
09時18分44秒    1   35.16    0.00   14.29    0.00    0.00    2.20    0.00    0.00    0.00   48.35

09時18分44秒  CPU    %usr   %nice    %sys %iowait    %irq   %soft  %steal  %guest  %gnice   %idle
09時18分45秒    0   38.30    0.00   28.72    0.00    0.00    7.45    0.00    0.00    0.00   25.53
09時18分45秒    1   34.07    0.00   15.38    0.00    1.10    2.20    0.00    0.00    0.00   47.25

09時18分45秒  CPU    %usr   %nice    %sys %iowait    %irq   %soft  %steal  %guest  %gnice   %idle
09時18分46秒    0   38.04    0.00   28.26    0.00    0.00    6.52    0.00    0.00    0.00   27.17
09時18分46秒    1   32.22    0.00   16.67    0.00    0.00    1.11    0.00    0.00    0.00   50.00

09時18分46秒  CPU    %usr   %nice    %sys %iowait    %irq   %soft  %steal  %guest  %gnice   %idle
09時18分47秒    0   40.86    0.00   27.96    0.00    0.00    6.45    0.00    0.00    0.00   24.73
09時18分47秒    1   34.44    0.00   14.44    0.00    0.00    2.22    0.00    0.00    0.00   48.89

09時18分47秒  CPU    %usr   %nice    %sys %iowait    %irq   %soft  %steal  %guest  %gnice   %idle
09時18分48秒    0   37.50    0.00   29.17    0.00    0.00    6.25    0.00    0.00    0.00   27.08
09時18分48秒    1   33.33    0.00   15.05    0.00    0.00    2.15    0.00    0.00    0.00   49.46

09時18分48秒  CPU    %usr   %nice    %sys %iowait    %irq   %soft  %steal  %guest  %gnice   %idle
09時18分49秒    0   38.04    0.00   27.17    0.00    0.00    6.52    0.00    0.00    0.00   28.26
09時18分49秒    1   31.11    0.00   15.56    0.00    0.00    2.22    0.00    0.00    0.00   51.11

09時18分49秒  CPU    %usr   %nice    %sys %iowait    %irq   %soft  %steal  %guest  %gnice   %idle
09時18分50秒    0   37.63    0.00   27.96    0.00    1.08    7.53    0.00    0.00    0.00   25.81
09時18分50秒    1   32.58    0.00   15.73    0.00    0.00    1.12    0.00    0.00    0.00   50.56

09時18分50秒  CPU    %usr   %nice    %sys %iowait    %irq   %soft  %steal  %guest  %gnice   %idle
09時18分51秒    0   38.46    0.00   28.57    0.00    0.00    6.59    0.00    0.00    0.00   26.37
09時18分51秒    1   31.87    0.00   16.48    0.00    0.00    2.20    0.00    0.00    0.00   49.45

09時18分51秒  CPU    %usr   %nice    %sys %iowait    %irq   %soft  %steal  %guest  %gnice   %idle
09時18分52秒    0   38.04    0.00   29.35    0.00    0.00    6.52    0.00    0.00    0.00   26.09
09時18分52秒    1   31.87    0.00   17.58    0.00    0.00    2.20    0.00    0.00    0.00   48.35

09時18分52秒  CPU    %usr   %nice    %sys %iowait    %irq   %soft  %steal  %guest  %gnice   %idle
09時18分53秒    0   34.78    0.00   32.61    0.00    0.00    6.52    0.00    0.00    0.00   26.09
09時18分53秒    1   32.95    0.00   15.91    0.00    0.00    1.14    0.00    0.00    0.00   50.00

09時18分53秒  CPU    %usr   %nice    %sys %iowait    %irq   %soft  %steal  %guest  %gnice   %idle
09時18分54秒    0   42.55    0.00   24.47    0.00    0.00    7.45    0.00    0.00    0.00   25.53
09時18分54秒    1   30.00    0.00   18.89    0.00    0.00    2.22    0.00    0.00    0.00   48.89

09時18分54秒  CPU    %usr   %nice    %sys %iowait    %irq   %soft  %steal  %guest  %gnice   %idle
09時18分55秒    0   42.11    0.00   29.47    0.00    0.00    6.32    0.00    0.00    0.00   22.11
09時18分55秒    1   34.44    0.00   15.56    0.00    0.00    2.22    0.00    0.00    0.00   47.78

09時18分55秒  CPU    %usr   %nice    %sys %iowait    %irq   %soft  %steal  %guest  %gnice   %idle
09時18分56秒    0   34.07    0.00   34.07    0.00    0.00    6.59    0.00    0.00    0.00   25.27
09時18分56秒    1   36.96    0.00   14.13    0.00    0.00    2.17    0.00    0.00    0.00   46.74

09時18分56秒  CPU    %usr   %nice    %sys %iowait    %irq   %soft  %steal  %guest  %gnice   %idle
09時18分57秒    0   36.46    0.00   32.29    0.00    0.00    7.29    0.00    0.00    0.00   23.96
09時18分57秒    1   34.44    0.00   14.44    0.00    0.00    2.22    0.00    0.00    0.00   48.89

09時18分57秒  CPU    %usr   %nice    %sys %iowait    %irq   %soft  %steal  %guest  %gnice   %idle
09時18分58秒    0   39.13    0.00   28.26    0.00    0.00    6.52    0.00    0.00    0.00   26.09
09時18分58秒    1   29.21    0.00   20.22    0.00    0.00    1.12    0.00    0.00    0.00   49.44

09時18分58秒  CPU    %usr   %nice    %sys %iowait    %irq   %soft  %steal  %guest  %gnice   %idle
09時18分59秒    0   37.36    0.00   28.57    0.00    0.00    6.59    0.00    0.00    0.00   27.47
09時18分59秒    1   29.35    0.00   17.39    0.00    0.00    2.17    0.00    0.00    0.00   51.09

09時18分59秒  CPU    %usr   %nice    %sys %iowait    %irq   %soft  %steal  %guest  %gnice   %idle
09時19分00秒    0   38.04    0.00   26.09    0.00    0.00    6.52    0.00    0.00    0.00   29.35
09時19分00秒    1   31.46    0.00   13.48    0.00    0.00    2.25    0.00    0.00    0.00   52.81

09時19分00秒  CPU    %usr   %nice    %sys %iowait    %irq   %soft  %steal  %guest  %gnice   %idle
09時19分01秒    0   43.16    0.00   25.26    0.00    0.00    6.32    0.00    0.00    0.00   25.26
09時19分01秒    1   36.67    0.00   14.44    0.00    0.00    1.11    0.00    0.00    0.00   47.78

09時19分01秒  CPU    %usr   %nice    %sys %iowait    %irq   %soft  %steal  %guest  %gnice   %idle
09時19分02秒    0   36.17    0.00   30.85    0.00    0.00    7.45    0.00    0.00    0.00   25.53
09時19分02秒    1   33.70    0.00   14.13    0.00    0.00    2.17    0.00    0.00    0.00   50.00

09時19分02秒  CPU    %usr   %nice    %sys %iowait    %irq   %soft  %steal  %guest  %gnice   %idle
09時19分03秒    0   39.78    0.00   30.11    0.00    0.00    6.45    0.00    0.00    0.00   23.66
09時19分03秒    1   34.83    0.00   15.73    0.00    0.00    2.25    0.00    0.00    0.00   47.19

09時19分03秒  CPU    %usr   %nice    %sys %iowait    %irq   %soft  %steal  %guest  %gnice   %idle
09時19分04秒    0   36.56    0.00   30.11    0.00    0.00    6.45    0.00    0.00    0.00   26.88
09時19分04秒    1   34.78    0.00   13.04    0.00    0.00    2.17    0.00    0.00    0.00   50.00

09時19分04秒  CPU    %usr   %nice    %sys %iowait    %irq   %soft  %steal  %guest  %gnice   %idle
09時19分05秒    0   38.30    0.00   27.66    0.00    0.00    6.38    0.00    0.00    0.00   27.66
09時19分05秒    1   35.56    0.00   13.33    0.00    0.00    1.11    0.00    0.00    0.00   50.00

09時19分05秒  CPU    %usr   %nice    %sys %iowait    %irq   %soft  %steal  %guest  %gnice   %idle
09時19分06秒    0   39.13    0.00   25.00    0.00    0.00    6.52    0.00    0.00    0.00   29.35
09時19分06秒    1   33.33    0.00   13.98    0.00    0.00    2.15    0.00    0.00    0.00   50.54

09時19分06秒  CPU    %usr   %nice    %sys %iowait    %irq   %soft  %steal  %guest  %gnice   %idle
09時19分07秒    0   38.04    0.00   29.35    0.00    0.00    6.52    0.00    0.00    0.00   26.09
09時19分07秒    1   34.07    0.00   15.38    0.00    0.00    2.20    0.00    0.00    0.00   48.35

09時19分07秒  CPU    %usr   %nice    %sys %iowait    %irq   %soft  %steal  %guest  %gnice   %idle
09時19分08秒    0   40.43    0.00   27.66    0.00    0.00    7.45    0.00    0.00    0.00   24.47
09時19分08秒    1   34.44    0.00   15.56    0.00    0.00    1.11    0.00    0.00    0.00   48.89

09時19分08秒  CPU    %usr   %nice    %sys %iowait    %irq   %soft  %steal  %guest  %gnice   %idle
09時19分09秒    0   35.11    0.00   31.91    0.00    1.06    6.38    0.00    0.00    0.00   25.53
09時19分09秒    1   32.22    0.00   16.67    0.00    0.00    2.22    0.00    0.00    0.00   48.89

09時19分09秒  CPU    %usr   %nice    %sys %iowait    %irq   %soft  %steal  %guest  %gnice   %idle
09時19分10秒    0   41.76    0.00   24.18    0.00    0.00    6.59    0.00    0.00    0.00   27.47
09時19分10秒    1   33.33    0.00   14.44    0.00    0.00    2.22    0.00    0.00    0.00   50.00

平均時間：  CPU    %usr   %nice    %sys %iowait    %irq   %soft  %steal  %guest  %gnice   %idle
平均時間：    0   39.26    0.00   28.23    0.00    0.06    6.69    0.00    0.00    0.00   25.75
平均時間：    1   33.73    0.00   15.41    0.00    0.05    1.92    0.00    0.00    0.00   48.90
