Linux 5.6.15-arch1-1 (archlinux) 	西元2020年06月29日 	_x86_64_	(12 CPU)

09時06分42秒  CPU    %usr   %nice    %sys %iowait    %irq   %soft  %steal  %guest  %gnice   %idle
09時06分43秒    0   35.87    0.00   32.61    0.00    0.00    7.61    0.00    0.00    0.00   23.91
09時06分43秒    1   33.33    0.00   16.67    0.00    0.00    2.22    0.00    0.00    0.00   47.78

09時06分43秒  CPU    %usr   %nice    %sys %iowait    %irq   %soft  %steal  %guest  %gnice   %idle
09時06分44秒    0   43.48    0.00   26.09    0.00    0.00    6.52    0.00    0.00    0.00   23.91
09時06分44秒    1   36.26    0.00   13.19    0.00    1.10    2.20    0.00    0.00    0.00   47.25

09時06分44秒  CPU    %usr   %nice    %sys %iowait    %irq   %soft  %steal  %guest  %gnice   %idle
09時06分45秒    0   36.56    0.00   31.18    0.00    0.00    7.53    0.00    0.00    0.00   24.73
09時06分45秒    1   30.77    0.00   19.78    0.00    0.00    1.10    0.00    0.00    0.00   48.35

09時06分45秒  CPU    %usr   %nice    %sys %iowait    %irq   %soft  %steal  %guest  %gnice   %idle
09時06分46秒    0   39.13    0.00   30.43    0.00    0.00    6.52    0.00    0.00    0.00   23.91
09時06分46秒    1   36.96    0.00   13.04    0.00    0.00    2.17    0.00    0.00    0.00   47.83

09時06分46秒  CPU    %usr   %nice    %sys %iowait    %irq   %soft  %steal  %guest  %gnice   %idle
09時06分47秒    0   40.00    0.00   28.42    0.00    0.00    7.37    0.00    0.00    0.00   24.21
09時06分47秒    1   34.07    0.00   16.48    0.00    0.00    2.20    0.00    0.00    0.00   47.25

09時06分47秒  CPU    %usr   %nice    %sys %iowait    %irq   %soft  %steal  %guest  %gnice   %idle
09時06分48秒    0   35.79    0.00   33.68    0.00    0.00    6.32    0.00    0.00    0.00   24.21
09時06分48秒    1   33.70    0.00   17.39    0.00    0.00    2.17    0.00    0.00    0.00   46.74

09時06分48秒  CPU    %usr   %nice    %sys %iowait    %irq   %soft  %steal  %guest  %gnice   %idle
09時06分49秒    0   40.00    0.00   26.32    0.00    1.05    7.37    0.00    0.00    0.00   25.26
09時06分49秒    1   31.11    0.00   16.67    0.00    0.00    2.22    0.00    0.00    0.00   50.00

09時06分49秒  CPU    %usr   %nice    %sys %iowait    %irq   %soft  %steal  %guest  %gnice   %idle
09時06分50秒    0   43.01    0.00   24.73    0.00    0.00    6.45    0.00    0.00    0.00   25.81
09時06分50秒    1   32.97    0.00   16.48    0.00    0.00    1.10    0.00    0.00    0.00   49.45

09時06分50秒  CPU    %usr   %nice    %sys %iowait    %irq   %soft  %steal  %guest  %gnice   %idle
09時06分51秒    0   39.36    0.00   26.60    0.00    0.00    7.45    0.00    0.00    0.00   26.60
09時06分51秒    1   34.41    0.00   15.05    0.00    0.00    2.15    0.00    0.00    0.00   48.39

09時06分51秒  CPU    %usr   %nice    %sys %iowait    %irq   %soft  %steal  %guest  %gnice   %idle
09時06分52秒    0   40.22    0.00   29.35    0.00    0.00    6.52    0.00    0.00    0.00   23.91
09時06分52秒    1   33.33    0.00   17.20    0.00    0.00    2.15    0.00    0.00    0.00   47.31

09時06分52秒  CPU    %usr   %nice    %sys %iowait    %irq   %soft  %steal  %guest  %gnice   %idle
09時06分53秒    0   33.33    0.00   31.18    0.00    0.00    6.45    0.00    0.00    0.00   29.03
09時06分53秒    1   33.71    0.00   13.48    0.00    0.00    1.12    0.00    0.00    0.00   51.69

09時06分53秒  CPU    %usr   %nice    %sys %iowait    %irq   %soft  %steal  %guest  %gnice   %idle
09時06分54秒    0   41.49    0.00   27.66    0.00    0.00    7.45    0.00    0.00    0.00   23.40
09時06分54秒    1   34.07    0.00   20.88    0.00    0.00    3.30    0.00    0.00    0.00   41.76

09時06分54秒  CPU    %usr   %nice    %sys %iowait    %irq   %soft  %steal  %guest  %gnice   %idle
09時06分55秒    0   39.36    0.00   27.66    0.00    0.00    6.38    0.00    0.00    0.00   26.60
09時06分55秒    1   34.07    0.00   16.48    0.00    0.00    2.20    0.00    0.00    0.00   47.25

09時06分55秒  CPU    %usr   %nice    %sys %iowait    %irq   %soft  %steal  %guest  %gnice   %idle
09時06分56秒    0   35.48    0.00   29.03    0.00    0.00    7.53    0.00    0.00    0.00   27.96
09時06分56秒    1   35.96    0.00   14.61    0.00    0.00    2.25    0.00    0.00    0.00   47.19

09時06分56秒  CPU    %usr   %nice    %sys %iowait    %irq   %soft  %steal  %guest  %gnice   %idle
09時06分57秒    0   40.66    0.00   27.47    0.00    0.00    6.59    0.00    0.00    0.00   25.27
09時06分57秒    1   36.67    0.00   14.44    0.00    0.00    1.11    0.00    0.00    0.00   47.78

09時06分57秒  CPU    %usr   %nice    %sys %iowait    %irq   %soft  %steal  %guest  %gnice   %idle
09時06分58秒    0   40.00    0.00   27.37    0.00    0.00    7.37    0.00    0.00    0.00   25.26
09時06分58秒    1   33.70    0.00   15.22    0.00    0.00    2.17    0.00    0.00    0.00   48.91

09時06分58秒  CPU    %usr   %nice    %sys %iowait    %irq   %soft  %steal  %guest  %gnice   %idle
09時06分59秒    0   38.46    0.00   28.57    0.00    0.00    6.59    0.00    0.00    0.00   26.37
09時06分59秒    1   31.87    0.00   17.58    0.00    0.00    2.20    0.00    0.00    0.00   48.35

09時06分59秒  CPU    %usr   %nice    %sys %iowait    %irq   %soft  %steal  %guest  %gnice   %idle
09時07分00秒    0   37.63    0.00   30.11    0.00    0.00    7.53    0.00    0.00    0.00   24.73
09時07分00秒    1   33.70    0.00   16.30    0.00    0.00    2.17    0.00    0.00    0.00   47.83

09時07分00秒  CPU    %usr   %nice    %sys %iowait    %irq   %soft  %steal  %guest  %gnice   %idle
09時07分01秒    0   36.17    0.00   35.11    0.00    0.00    6.38    0.00    0.00    0.00   22.34
09時07分01秒    1   38.46    0.00   13.19    0.00    0.00    1.10    0.00    0.00    0.00   47.25

09時07分01秒  CPU    %usr   %nice    %sys %iowait    %irq   %soft  %steal  %guest  %gnice   %idle
09時07分02秒    0   36.56    0.00   29.03    0.00    0.00    7.53    0.00    0.00    0.00   26.88
09時07分02秒    1   36.26    0.00   12.09    0.00    0.00    2.20    0.00    0.00    0.00   49.45

09時07分02秒  CPU    %usr   %nice    %sys %iowait    %irq   %soft  %steal  %guest  %gnice   %idle
09時07分03秒    0   36.56    0.00   32.26    0.00    0.00    6.45    0.00    0.00    0.00   24.73
09時07分03秒    1   37.08    0.00   16.85    0.00    0.00    2.25    0.00    0.00    0.00   43.82

09時07分03秒  CPU    %usr   %nice    %sys %iowait    %irq   %soft  %steal  %guest  %gnice   %idle
09時07分04秒    0   38.30    0.00   30.85    0.00    0.00    7.45    0.00    0.00    0.00   23.40
09時07分04秒    1   38.04    0.00   17.39    0.00    0.00    2.17    0.00    0.00    0.00   42.39

09時07分04秒  CPU    %usr   %nice    %sys %iowait    %irq   %soft  %steal  %guest  %gnice   %idle
09時07分05秒    0   40.86    0.00   27.96    0.00    0.00    6.45    0.00    0.00    0.00   24.73
09時07分05秒    1   35.23    0.00   18.18    0.00    0.00    2.27    0.00    0.00    0.00   44.32

09時07分05秒  CPU    %usr   %nice    %sys %iowait    %irq   %soft  %steal  %guest  %gnice   %idle
09時07分06秒    0   39.36    0.00   27.66    0.00    0.00    7.45    0.00    0.00    0.00   25.53
09時07分06秒    1   35.96    0.00   17.98    0.00    0.00    2.25    0.00    0.00    0.00   43.82

09時07分06秒  CPU    %usr   %nice    %sys %iowait    %irq   %soft  %steal  %guest  %gnice   %idle
09時07分07秒    0   40.66    0.00   27.47    0.00    0.00    6.59    0.00    0.00    0.00   25.27
09時07分07秒    1   34.07    0.00   15.38    0.00    0.00    2.20    0.00    0.00    0.00   48.35

09時07分07秒  CPU    %usr   %nice    %sys %iowait    %irq   %soft  %steal  %guest  %gnice   %idle
09時07分08秒    0   37.89    0.00   29.47    0.00    1.05    7.37    0.00    0.00    0.00   24.21
09時07分08秒    1   34.78    0.00   15.22    0.00    0.00    2.17    0.00    0.00    0.00   47.83

09時07分08秒  CPU    %usr   %nice    %sys %iowait    %irq   %soft  %steal  %guest  %gnice   %idle
09時07分09秒    0   40.43    0.00   28.72    0.00    0.00    7.45    0.00    0.00    0.00   23.40
09時07分09秒    1   34.78    0.00   17.39    0.00    1.09    1.09    0.00    0.00    0.00   45.65

09時07分09秒  CPU    %usr   %nice    %sys %iowait    %irq   %soft  %steal  %guest  %gnice   %idle
09時07分10秒    0   38.04    0.00   28.26    0.00    0.00    6.52    0.00    0.00    0.00   27.17
09時07分10秒    1   32.97    0.00   14.29    0.00    0.00    2.20    0.00    0.00    0.00   50.55

09時07分10秒  CPU    %usr   %nice    %sys %iowait    %irq   %soft  %steal  %guest  %gnice   %idle
09時07分11秒    0   32.26    0.00   35.48    0.00    0.00    6.45    0.00    0.00    0.00   25.81
09時07分11秒    1   33.33    0.00   15.56    0.00    0.00    2.22    0.00    0.00    0.00   48.89

09時07分11秒  CPU    %usr   %nice    %sys %iowait    %irq   %soft  %steal  %guest  %gnice   %idle
09時07分12秒    0   39.56    0.00   25.27    0.00    0.00    7.69    0.00    0.00    0.00   27.47
09時07分12秒    1   32.97    0.00   15.38    0.00    0.00    2.20    0.00    0.00    0.00   49.45

09時07分12秒  CPU    %usr   %nice    %sys %iowait    %irq   %soft  %steal  %guest  %gnice   %idle
09時07分13秒    0   35.87    0.00   33.70    0.00    0.00    6.52    0.00    0.00    0.00   23.91
09時07分13秒    1   36.26    0.00   14.29    0.00    0.00    1.10    0.00    0.00    0.00   48.35

09時07分13秒  CPU    %usr   %nice    %sys %iowait    %irq   %soft  %steal  %guest  %gnice   %idle
09時07分14秒    0   43.01    0.00   24.73    0.00    0.00    7.53    0.00    0.00    0.00   24.73
09時07分14秒    1   37.36    0.00   12.09    0.00    0.00    2.20    0.00    0.00    0.00   48.35

09時07分14秒  CPU    %usr   %nice    %sys %iowait    %irq   %soft  %steal  %guest  %gnice   %idle
09時07分15秒    0   39.36    0.00   26.60    0.00    0.00    6.38    0.00    0.00    0.00   27.66
09時07分15秒    1   36.96    0.00   14.13    0.00    0.00    2.17    0.00    0.00    0.00   46.74

09時07分15秒  CPU    %usr   %nice    %sys %iowait    %irq   %soft  %steal  %guest  %gnice   %idle
09時07分16秒    0   43.62    0.00   26.60    0.00    0.00    7.45    0.00    0.00    0.00   22.34
09時07分16秒    1   34.78    0.00   16.30    0.00    0.00    2.17    0.00    0.00    0.00   46.74

09時07分16秒  CPU    %usr   %nice    %sys %iowait    %irq   %soft  %steal  %guest  %gnice   %idle
09時07分17秒    0   37.63    0.00   27.96    0.00    0.00    6.45    0.00    0.00    0.00   27.96
09時07分17秒    1   33.33    0.00   15.56    0.00    0.00    1.11    0.00    0.00    0.00   50.00

09時07分17秒  CPU    %usr   %nice    %sys %iowait    %irq   %soft  %steal  %guest  %gnice   %idle
09時07分18秒    0   40.86    0.00   26.88    0.00    0.00    6.45    0.00    0.00    0.00   25.81
09時07分18秒    1   32.61    0.00   16.30    0.00    0.00    2.17    0.00    0.00    0.00   48.91

09時07分18秒  CPU    %usr   %nice    %sys %iowait    %irq   %soft  %steal  %guest  %gnice   %idle
09時07分19秒    0   38.46    0.00   28.57    0.00    0.00    5.49    0.00    0.00    0.00   27.47
09時07分19秒    1   32.61    0.00   16.30    0.00    0.00    2.17    0.00    0.00    0.00   48.91

09時07分19秒  CPU    %usr   %nice    %sys %iowait    %irq   %soft  %steal  %guest  %gnice   %idle
09時07分20秒    0   40.00    0.00   27.37    0.00    0.00    6.32    0.00    0.00    0.00   26.32
09時07分20秒    1   37.08    0.00   13.48    0.00    0.00    1.12    0.00    0.00    0.00   48.31

09時07分20秒  CPU    %usr   %nice    %sys %iowait    %irq   %soft  %steal  %guest  %gnice   %idle
09時07分21秒    0   36.67    0.00   30.00    0.00    0.00    5.56    0.00    0.00    0.00   27.78
09時07分21秒    1   35.87    0.00   14.13    0.00    0.00    2.17    0.00    0.00    0.00   47.83

09時07分21秒  CPU    %usr   %nice    %sys %iowait    %irq   %soft  %steal  %guest  %gnice   %idle
09時07分22秒    0   37.63    0.00   27.96    0.00    0.00    7.53    0.00    0.00    0.00   26.88
09時07分22秒    1   33.33    0.00   16.67    0.00    0.00    2.22    0.00    0.00    0.00   47.78

09時07分22秒  CPU    %usr   %nice    %sys %iowait    %irq   %soft  %steal  %guest  %gnice   %idle
09時07分23秒    0   39.13    0.00   30.43    0.00    0.00    6.52    0.00    0.00    0.00   23.91
09時07分23秒    1   35.87    0.00   18.48    0.00    0.00    2.17    0.00    0.00    0.00   43.48

09時07分23秒  CPU    %usr   %nice    %sys %iowait    %irq   %soft  %steal  %guest  %gnice   %idle
09時07分24秒    0   38.71    0.00   26.88    0.00    0.00    7.53    0.00    0.00    0.00   26.88
09時07分24秒    1   31.46    0.00   19.10    0.00    0.00    2.25    0.00    0.00    0.00   47.19

09時07分24秒  CPU    %usr   %nice    %sys %iowait    %irq   %soft  %steal  %guest  %gnice   %idle
09時07分25秒    0   40.66    0.00   28.57    0.00    0.00    6.59    0.00    0.00    0.00   24.18
09時07分25秒    1   35.56    0.00   14.44    0.00    0.00    2.22    0.00    0.00    0.00   47.78

09時07分25秒  CPU    %usr   %nice    %sys %iowait    %irq   %soft  %steal  %guest  %gnice   %idle
09時07分26秒    0   37.63    0.00   30.11    0.00    0.00    7.53    0.00    0.00    0.00   24.73
09時07分26秒    1   34.44    0.00   15.56    0.00    0.00    1.11    0.00    0.00    0.00   48.89

09時07分26秒  CPU    %usr   %nice    %sys %iowait    %irq   %soft  %steal  %guest  %gnice   %idle
09時07分27秒    0   37.36    0.00   28.57    0.00    1.10    6.59    0.00    0.00    0.00   26.37
09時07分27秒    1   34.07    0.00   15.38    0.00    0.00    2.20    0.00    0.00    0.00   48.35

09時07分27秒  CPU    %usr   %nice    %sys %iowait    %irq   %soft  %steal  %guest  %gnice   %idle
09時07分28秒    0   36.56    0.00   31.18    0.00    0.00    7.53    0.00    0.00    0.00   24.73
09時07分28秒    1   36.67    0.00   12.22    0.00    0.00    2.22    0.00    0.00    0.00   48.89

09時07分28秒  CPU    %usr   %nice    %sys %iowait    %irq   %soft  %steal  %guest  %gnice   %idle
09時07分29秒    0   36.26    0.00   31.87    0.00    0.00    6.59    0.00    0.00    0.00   25.27
09時07分29秒    1   32.26    0.00   18.28    0.00    0.00    2.15    0.00    0.00    0.00   47.31

09時07分29秒  CPU    %usr   %nice    %sys %iowait    %irq   %soft  %steal  %guest  %gnice   %idle
09時07分30秒    0   41.05    0.00   27.37    0.00    0.00    7.37    0.00    0.00    0.00   24.21
09時07分30秒    1   36.96    0.00   14.13    0.00    0.00    1.09    0.00    0.00    0.00   47.83

09時07分30秒  CPU    %usr   %nice    %sys %iowait    %irq   %soft  %steal  %guest  %gnice   %idle
09時07分31秒    0   37.08    0.00   30.34    0.00    0.00    6.74    0.00    0.00    0.00   25.84
09時07分31秒    1   34.07    0.00   15.38    0.00    0.00    2.20    0.00    0.00    0.00   48.35

09時07分31秒  CPU    %usr   %nice    %sys %iowait    %irq   %soft  %steal  %guest  %gnice   %idle
09時07分32秒    0   34.44    0.00   30.00    0.00    0.00    7.78    0.00    0.00    0.00   27.78
09時07分32秒    1   35.56    0.00   12.22    0.00    0.00    2.22    0.00    0.00    0.00   50.00

09時07分32秒  CPU    %usr   %nice    %sys %iowait    %irq   %soft  %steal  %guest  %gnice   %idle
09時07分33秒    0   39.58    0.00   27.08    0.00    0.00    6.25    0.00    0.00    0.00   27.08
09時07分33秒    1   37.78    0.00   10.00    0.00    0.00    1.11    0.00    0.00    0.00   51.11

09時07分33秒  CPU    %usr   %nice    %sys %iowait    %irq   %soft  %steal  %guest  %gnice   %idle
09時07分34秒    0   37.89    0.00   29.47    0.00    0.00    7.37    0.00    0.00    0.00   25.26
09時07分34秒    1   32.97    0.00   16.48    0.00    0.00    2.20    0.00    0.00    0.00   48.35

09時07分34秒  CPU    %usr   %nice    %sys %iowait    %irq   %soft  %steal  %guest  %gnice   %idle
09時07分35秒    0   32.97    0.00   31.87    0.00    0.00    6.59    0.00    0.00    0.00   28.57
09時07分35秒    1   33.33    0.00   13.98    0.00    1.08    2.15    0.00    0.00    0.00   49.46

09時07分35秒  CPU    %usr   %nice    %sys %iowait    %irq   %soft  %steal  %guest  %gnice   %idle
09時07分36秒    0   38.89    0.00   26.67    0.00    0.00    6.67    0.00    0.00    0.00   27.78
09時07分36秒    1   34.44    0.00   15.56    0.00    0.00    2.22    0.00    0.00    0.00   47.78

09時07分36秒  CPU    %usr   %nice    %sys %iowait    %irq   %soft  %steal  %guest  %gnice   %idle
09時07分37秒    0   42.39    0.00   25.00    0.00    0.00    7.61    0.00    0.00    0.00   25.00
09時07分37秒    1   35.56    0.00   14.44    0.00    0.00    1.11    0.00    0.00    0.00   48.89

09時07分37秒  CPU    %usr   %nice    %sys %iowait    %irq   %soft  %steal  %guest  %gnice   %idle
09時07分38秒    0   40.43    0.00   28.72    0.00    0.00    6.38    0.00    0.00    0.00   24.47
09時07分38秒    1   35.16    0.00   15.38    0.00    0.00    2.20    0.00    0.00    0.00   47.25

09時07分38秒  CPU    %usr   %nice    %sys %iowait    %irq   %soft  %steal  %guest  %gnice   %idle
09時07分39秒    0   40.66    0.00   25.27    0.00    0.00    6.59    0.00    0.00    0.00   27.47
09時07分39秒    1   35.48    0.00   13.98    0.00    0.00    2.15    0.00    0.00    0.00   48.39

09時07分39秒  CPU    %usr   %nice    %sys %iowait    %irq   %soft  %steal  %guest  %gnice   %idle
09時07分40秒    0   39.78    0.00   29.03    0.00    0.00    7.53    0.00    0.00    0.00   23.66
09時07分40秒    1   36.26    0.00   14.29    0.00    0.00    2.20    0.00    0.00    0.00   47.25

09時07分40秒  CPU    %usr   %nice    %sys %iowait    %irq   %soft  %steal  %guest  %gnice   %idle
09時07分41秒    0   39.78    0.00   25.81    0.00    0.00    6.45    0.00    0.00    0.00   27.96
09時07分41秒    1   30.77    0.00   18.68    0.00    0.00    1.10    0.00    0.00    0.00   49.45

09時07分41秒  CPU    %usr   %nice    %sys %iowait    %irq   %soft  %steal  %guest  %gnice   %idle
09時07分42秒    0   40.00    0.00   27.78    0.00    0.00    7.78    0.00    0.00    0.00   24.44
09時07分42秒    1   32.61    0.00   18.48    0.00    0.00    2.17    0.00    0.00    0.00   46.74

09時07分42秒  CPU    %usr   %nice    %sys %iowait    %irq   %soft  %steal  %guest  %gnice   %idle
09時07分43秒    0   36.36    0.00   27.27    0.00    0.00    6.82    0.00    0.00    0.00   29.55
09時07分43秒    1   32.95    0.00   12.50    0.00    0.00    2.27    0.00    0.00    0.00   52.27

09時07分43秒  CPU    %usr   %nice    %sys %iowait    %irq   %soft  %steal  %guest  %gnice   %idle
09時07分44秒    0   41.30    0.00   26.09    0.00    0.00    7.61    0.00    0.00    0.00   25.00
09時07分44秒    1   35.87    0.00   14.13    0.00    0.00    2.17    0.00    0.00    0.00   47.83

09時07分44秒  CPU    %usr   %nice    %sys %iowait    %irq   %soft  %steal  %guest  %gnice   %idle
09時07分45秒    0   33.33    0.00   33.33    0.00    0.00    6.45    0.00    0.00    0.00   26.88
09時07分45秒    1   32.58    0.00   16.85    0.00    0.00    1.12    0.00    0.00    0.00   49.44

09時07分45秒  CPU    %usr   %nice    %sys %iowait    %irq   %soft  %steal  %guest  %gnice   %idle
09時07分46秒    0   35.87    0.00   30.43    0.00    1.09    6.52    0.00    0.00    0.00   26.09
09時07分46秒    1   35.16    0.00   13.19    0.00    0.00    2.20    0.00    0.00    0.00   49.45

09時07分46秒  CPU    %usr   %nice    %sys %iowait    %irq   %soft  %steal  %guest  %gnice   %idle
09時07分47秒    0   34.74    0.00   31.58    0.00    0.00    7.37    0.00    0.00    0.00   26.32
09時07分47秒    1   34.78    0.00   14.13    0.00    0.00    2.17    0.00    0.00    0.00   48.91

09時07分47秒  CPU    %usr   %nice    %sys %iowait    %irq   %soft  %steal  %guest  %gnice   %idle
09時07分48秒    0   41.30    0.00   27.17    0.00    0.00    6.52    0.00    0.00    0.00   25.00
09時07分48秒    1   34.44    0.00   15.56    0.00    0.00    1.11    0.00    0.00    0.00   48.89

09時07分48秒  CPU    %usr   %nice    %sys %iowait    %irq   %soft  %steal  %guest  %gnice   %idle
09時07分49秒    0   34.04    0.00   30.85    0.00    0.00    7.45    0.00    0.00    0.00   27.66
09時07分49秒    1   32.22    0.00   16.67    0.00    0.00    2.22    0.00    0.00    0.00   48.89

09時07分49秒  CPU    %usr   %nice    %sys %iowait    %irq   %soft  %steal  %guest  %gnice   %idle
09時07分50秒    0   40.86    0.00   26.88    0.00    0.00    6.45    0.00    0.00    0.00   25.81
09時07分50秒    1   33.70    0.00   17.39    0.00    0.00    2.17    0.00    0.00    0.00   46.74

09時07分50秒  CPU    %usr   %nice    %sys %iowait    %irq   %soft  %steal  %guest  %gnice   %idle
09時07分51秒    0   40.22    0.00   27.17    0.00    0.00    6.52    0.00    0.00    0.00   26.09
09時07分51秒    1   32.97    0.00   15.38    0.00    0.00    2.20    0.00    0.00    0.00   49.45

09時07分51秒  CPU    %usr   %nice    %sys %iowait    %irq   %soft  %steal  %guest  %gnice   %idle
09時07分52秒    0   39.78    0.00   26.88    0.00    0.00    7.53    0.00    0.00    0.00   25.81
09時07分52秒    1   37.78    0.00   12.22    0.00    0.00    1.11    0.00    0.00    0.00   48.89

09時07分52秒  CPU    %usr   %nice    %sys %iowait    %irq   %soft  %steal  %guest  %gnice   %idle
09時07分53秒    0   38.46    0.00   29.67    0.00    0.00    6.59    0.00    0.00    0.00   25.27
09時07分53秒    1   31.87    0.00   17.58    0.00    0.00    2.20    0.00    0.00    0.00   48.35

09時07分53秒  CPU    %usr   %nice    %sys %iowait    %irq   %soft  %steal  %guest  %gnice   %idle
09時07分54秒    0   34.07    0.00   30.77    0.00    0.00    7.69    0.00    0.00    0.00   27.47
09時07分54秒    1   30.43    0.00   18.48    0.00    0.00    2.17    0.00    0.00    0.00   48.91

09時07分54秒  CPU    %usr   %nice    %sys %iowait    %irq   %soft  %steal  %guest  %gnice   %idle
09時07分55秒    0   33.33    0.00   32.26    0.00    0.00    6.45    0.00    0.00    0.00   27.96
09時07分55秒    1   32.97    0.00   14.29    0.00    0.00    2.20    0.00    0.00    0.00   50.55

09時07分55秒  CPU    %usr   %nice    %sys %iowait    %irq   %soft  %steal  %guest  %gnice   %idle
09時07分56秒    0   36.67    0.00   30.00    0.00    0.00    6.67    0.00    0.00    0.00   26.67
09時07分56秒    1   33.71    0.00   15.73    0.00    0.00    1.12    0.00    0.00    0.00   49.44

09時07分56秒  CPU    %usr   %nice    %sys %iowait    %irq   %soft  %steal  %guest  %gnice   %idle
09時07分57秒    0   39.78    0.00   26.88    0.00    0.00    7.53    0.00    0.00    0.00   25.81
09時07分57秒    1   36.67    0.00   12.22    0.00    0.00    2.22    0.00    0.00    0.00   48.89

09時07分57秒  CPU    %usr   %nice    %sys %iowait    %irq   %soft  %steal  %guest  %gnice   %idle
09時07分58秒    0   39.13    0.00   29.35    0.00    0.00    6.52    0.00    0.00    0.00   25.00
09時07分58秒    1   32.61    0.00   16.30    0.00    0.00    2.17    0.00    0.00    0.00   48.91

09時07分58秒  CPU    %usr   %nice    %sys %iowait    %irq   %soft  %steal  %guest  %gnice   %idle
09時07分59秒    0   37.63    0.00   27.96    0.00    0.00    7.53    0.00    0.00    0.00   26.88
09時07分59秒    1   33.33    0.00   16.67    0.00    0.00    2.22    0.00    0.00    0.00   47.78

09時07分59秒  CPU    %usr   %nice    %sys %iowait    %irq   %soft  %steal  %guest  %gnice   %idle
09時08分00秒    0   41.94    0.00   25.81    0.00    0.00    6.45    0.00    0.00    0.00   25.81
09時08分00秒    1   34.44    0.00   15.56    0.00    0.00    1.11    0.00    0.00    0.00   48.89

09時08分00秒  CPU    %usr   %nice    %sys %iowait    %irq   %soft  %steal  %guest  %gnice   %idle
09時08分01秒    0   36.17    0.00   32.98    0.00    0.00    7.45    0.00    0.00    0.00   23.40
09時08分01秒    1   31.87    0.00   17.58    0.00    1.10    2.20    0.00    0.00    0.00   47.25

09時08分01秒  CPU    %usr   %nice    %sys %iowait    %irq   %soft  %steal  %guest  %gnice   %idle
09時08分02秒    0   34.78    0.00   34.78    0.00    0.00    6.52    0.00    0.00    0.00   23.91
09時08分02秒    1   34.07    0.00   15.38    0.00    0.00    2.20    0.00    0.00    0.00   48.35

09時08分02秒  CPU    %usr   %nice    %sys %iowait    %irq   %soft  %steal  %guest  %gnice   %idle
09時08分03秒    0   34.07    0.00   31.87    0.00    0.00    7.69    0.00    0.00    0.00   26.37
09時08分03秒    1   32.97    0.00   16.48    0.00    0.00    2.20    0.00    0.00    0.00   48.35

09時08分03秒  CPU    %usr   %nice    %sys %iowait    %irq   %soft  %steal  %guest  %gnice   %idle
09時08分04秒    0   39.78    0.00   30.11    0.00    0.00    6.45    0.00    0.00    0.00   23.66
09時08分04秒    1   35.16    0.00   15.38    0.00    0.00    2.20    0.00    0.00    0.00   47.25

09時08分04秒  CPU    %usr   %nice    %sys %iowait    %irq   %soft  %steal  %guest  %gnice   %idle
09時08分05秒    0   35.11    0.00   31.91    0.00    1.06    7.45    0.00    0.00    0.00   24.47
09時08分05秒    1   34.83    0.00   14.61    0.00    0.00    1.12    0.00    0.00    0.00   49.44

09時08分05秒  CPU    %usr   %nice    %sys %iowait    %irq   %soft  %steal  %guest  %gnice   %idle
09時08分06秒    0   39.13    0.00   28.26    0.00    0.00    6.52    0.00    0.00    0.00   26.09
09時08分06秒    1   35.56    0.00   12.22    0.00    0.00    2.22    0.00    0.00    0.00   50.00

09時08分06秒  CPU    %usr   %nice    %sys %iowait    %irq   %soft  %steal  %guest  %gnice   %idle
09時08分07秒    0   37.23    0.00   27.66    0.00    0.00    7.45    0.00    0.00    0.00   27.66
09時08分07秒    1   31.87    0.00   16.48    0.00    0.00    2.20    0.00    0.00    0.00   49.45

09時08分07秒  CPU    %usr   %nice    %sys %iowait    %irq   %soft  %steal  %guest  %gnice   %idle
09時08分08秒    0   40.43    0.00   27.66    0.00    0.00    6.38    0.00    0.00    0.00   25.53
09時08分08秒    1   28.89    0.00   21.11    0.00    0.00    2.22    0.00    0.00    0.00   47.78

09時08分08秒  CPU    %usr   %nice    %sys %iowait    %irq   %soft  %steal  %guest  %gnice   %idle
09時08分09秒    0   39.36    0.00   28.72    0.00    0.00    7.45    0.00    0.00    0.00   24.47
09時08分09秒    1   34.83    0.00   15.73    0.00    0.00    1.12    0.00    0.00    0.00   48.31

09時08分09秒  CPU    %usr   %nice    %sys %iowait    %irq   %soft  %steal  %guest  %gnice   %idle
09時08分10秒    0   36.84    0.00   33.68    0.00    0.00    6.32    0.00    0.00    0.00   23.16
09時08分10秒    1   33.71    0.00   20.22    0.00    0.00    2.25    0.00    0.00    0.00   43.82

09時08分10秒  CPU    %usr   %nice    %sys %iowait    %irq   %soft  %steal  %guest  %gnice   %idle
09時08分11秒    0   41.49    0.00   26.60    0.00    0.00    7.45    0.00    0.00    0.00   24.47
09時08分11秒    1   35.96    0.00   20.22    0.00    0.00    2.25    0.00    0.00    0.00   41.57

09時08分11秒  CPU    %usr   %nice    %sys %iowait    %irq   %soft  %steal  %guest  %gnice   %idle
09時08分12秒    0   35.79    0.00   32.63    0.00    0.00    6.32    0.00    0.00    0.00   25.26
09時08分12秒    1   34.44    0.00   13.33    0.00    0.00    2.22    0.00    0.00    0.00   50.00

09時08分12秒  CPU    %usr   %nice    %sys %iowait    %irq   %soft  %steal  %guest  %gnice   %idle
09時08分13秒    0   39.13    0.00   27.17    0.00    0.00    7.61    0.00    0.00    0.00   26.09
09時08分13秒    1   31.52    0.00   17.39    0.00    0.00    2.17    0.00    0.00    0.00   48.91

09時08分13秒  CPU    %usr   %nice    %sys %iowait    %irq   %soft  %steal  %guest  %gnice   %idle
09時08分14秒    0   35.48    0.00   32.26    0.00    0.00    6.45    0.00    0.00    0.00   25.81
09時08分14秒    1   32.58    0.00   16.85    0.00    0.00    1.12    0.00    0.00    0.00   49.44

09時08分14秒  CPU    %usr   %nice    %sys %iowait    %irq   %soft  %steal  %guest  %gnice   %idle
09時08分15秒    0   38.95    0.00   32.63    0.00    0.00    7.37    0.00    0.00    0.00   21.05
09時08分15秒    1   35.87    0.00   16.30    0.00    0.00    2.17    0.00    0.00    0.00   45.65

09時08分15秒  CPU    %usr   %nice    %sys %iowait    %irq   %soft  %steal  %guest  %gnice   %idle
09時08分16秒    0   34.07    0.00   34.07    0.00    0.00    6.59    0.00    0.00    0.00   25.27
09時08分16秒    1   32.97    0.00   16.48    0.00    0.00    2.20    0.00    0.00    0.00   48.35

09時08分16秒  CPU    %usr   %nice    %sys %iowait    %irq   %soft  %steal  %guest  %gnice   %idle
09時08分17秒    0   39.78    0.00   29.03    0.00    0.00    7.53    0.00    0.00    0.00   23.66
09時08分17秒    1   34.78    0.00   16.30    0.00    0.00    2.17    0.00    0.00    0.00   46.74

09時08分17秒  CPU    %usr   %nice    %sys %iowait    %irq   %soft  %steal  %guest  %gnice   %idle
09時08分18秒    0   39.56    0.00   27.47    0.00    0.00    6.59    0.00    0.00    0.00   26.37
09時08分18秒    1   35.96    0.00   13.48    0.00    0.00    1.12    0.00    0.00    0.00   49.44

09時08分18秒  CPU    %usr   %nice    %sys %iowait    %irq   %soft  %steal  %guest  %gnice   %idle
09時08分19秒    0   34.74    0.00   34.74    0.00    0.00    7.37    0.00    0.00    0.00   23.16
09時08分19秒    1   33.70    0.00   17.39    0.00    1.09    2.17    0.00    0.00    0.00   45.65

09時08分19秒  CPU    %usr   %nice    %sys %iowait    %irq   %soft  %steal  %guest  %gnice   %idle
09時08分20秒    0   39.56    0.00   26.37    0.00    0.00    6.59    0.00    0.00    0.00   27.47
09時08分20秒    1   29.67    0.00   17.58    0.00    0.00    2.20    0.00    0.00    0.00   50.55

09時08分20秒  CPU    %usr   %nice    %sys %iowait    %irq   %soft  %steal  %guest  %gnice   %idle
09時08分21秒    0   35.11    0.00   32.98    0.00    0.00    7.45    0.00    0.00    0.00   24.47
09時08分21秒    1   35.56    0.00   14.44    0.00    0.00    2.22    0.00    0.00    0.00   47.78

09時08分21秒  CPU    %usr   %nice    %sys %iowait    %irq   %soft  %steal  %guest  %gnice   %idle
09時08分22秒    0   38.46    0.00   29.67    0.00    0.00    6.59    0.00    0.00    0.00   25.27
09時08分22秒    1   34.07    0.00   15.38    0.00    0.00    2.20    0.00    0.00    0.00   48.35

09時08分22秒  CPU    %usr   %nice    %sys %iowait    %irq   %soft  %steal  %guest  %gnice   %idle
09時08分23秒    0   40.86    0.00   27.96    0.00    1.08    7.53    0.00    0.00    0.00   22.58
09時08分23秒    1   32.58    0.00   19.10    0.00    0.00    1.12    0.00    0.00    0.00   47.19

09時08分23秒  CPU    %usr   %nice    %sys %iowait    %irq   %soft  %steal  %guest  %gnice   %idle
09時08分24秒    0   36.96    0.00   29.35    0.00    0.00    6.52    0.00    0.00    0.00   27.17
09時08分24秒    1   29.67    0.00   18.68    0.00    0.00    2.20    0.00    0.00    0.00   49.45

09時08分24秒  CPU    %usr   %nice    %sys %iowait    %irq   %soft  %steal  %guest  %gnice   %idle
09時08分25秒    0   35.87    0.00   29.35    0.00    0.00    7.61    0.00    0.00    0.00   27.17
09時08分25秒    1   34.09    0.00   12.50    0.00    0.00    2.27    0.00    0.00    0.00   51.14

09時08分25秒  CPU    %usr   %nice    %sys %iowait    %irq   %soft  %steal  %guest  %gnice   %idle
09時08分26秒    0   36.26    0.00   30.77    0.00    0.00    6.59    0.00    0.00    0.00   26.37
09時08分26秒    1   33.71    0.00   14.61    0.00    0.00    1.12    0.00    0.00    0.00   50.56

09時08分26秒  CPU    %usr   %nice    %sys %iowait    %irq   %soft  %steal  %guest  %gnice   %idle
09時08分27秒    0   38.46    0.00   28.57    0.00    0.00    6.59    0.00    0.00    0.00   26.37
09時08分27秒    1   34.07    0.00   15.38    0.00    0.00    2.20    0.00    0.00    0.00   48.35

09時08分27秒  CPU    %usr   %nice    %sys %iowait    %irq   %soft  %steal  %guest  %gnice   %idle
09時08分28秒    0   40.00    0.00   23.33    0.00    0.00    7.78    0.00    0.00    0.00   28.89
09時08分28秒    1   32.61    0.00   15.22    0.00    0.00    2.17    0.00    0.00    0.00   50.00

09時08分28秒  CPU    %usr   %nice    %sys %iowait    %irq   %soft  %steal  %guest  %gnice   %idle
09時08分29秒    0   40.43    0.00   28.72    0.00    0.00    6.38    0.00    0.00    0.00   24.47
09時08分29秒    1   31.11    0.00   18.89    0.00    0.00    2.22    0.00    0.00    0.00   47.78

09時08分29秒  CPU    %usr   %nice    %sys %iowait    %irq   %soft  %steal  %guest  %gnice   %idle
09時08分30秒    0   36.17    0.00   29.79    0.00    0.00    6.38    0.00    0.00    0.00   27.66
09時08分30秒    1   32.61    0.00   15.22    0.00    0.00    1.09    0.00    0.00    0.00   51.09

09時08分30秒  CPU    %usr   %nice    %sys %iowait    %irq   %soft  %steal  %guest  %gnice   %idle
09時08分31秒    0   38.04    0.00   27.17    0.00    0.00    7.61    0.00    0.00    0.00   27.17
09時08分31秒    1   33.33    0.00   15.56    0.00    0.00    2.22    0.00    0.00    0.00   48.89

09時08分31秒  CPU    %usr   %nice    %sys %iowait    %irq   %soft  %steal  %guest  %gnice   %idle
09時08分32秒    0   37.36    0.00   29.67    0.00    0.00    6.59    0.00    0.00    0.00   26.37
09時08分32秒    1   35.48    0.00   12.90    0.00    1.08    2.15    0.00    0.00    0.00   48.39

09時08分32秒  CPU    %usr   %nice    %sys %iowait    %irq   %soft  %steal  %guest  %gnice   %idle
09時08分33秒    0   34.04    0.00   34.04    0.00    0.00    7.45    0.00    0.00    0.00   24.47
09時08分33秒    1   35.23    0.00   13.64    0.00    0.00    2.27    0.00    0.00    0.00   48.86

09時08分33秒  CPU    %usr   %nice    %sys %iowait    %irq   %soft  %steal  %guest  %gnice   %idle
09時08分34秒    0   37.89    0.00   30.53    0.00    0.00    6.32    0.00    0.00    0.00   25.26
09時08分34秒    1   35.48    0.00   15.05    0.00    0.00    1.08    0.00    0.00    0.00   48.39

09時08分34秒  CPU    %usr   %nice    %sys %iowait    %irq   %soft  %steal  %guest  %gnice   %idle
09時08分35秒    0   34.44    0.00   31.11    0.00    0.00    7.78    0.00    0.00    0.00   26.67
09時08分35秒    1   32.22    0.00   14.44    0.00    0.00    2.22    0.00    0.00    0.00   51.11

09時08分35秒  CPU    %usr   %nice    %sys %iowait    %irq   %soft  %steal  %guest  %gnice   %idle
09時08分36秒    0   34.41    0.00   34.41    0.00    0.00    6.45    0.00    0.00    0.00   24.73
09時08分36秒    1   35.48    0.00   15.05    0.00    0.00    2.15    0.00    0.00    0.00   47.31

09時08分36秒  CPU    %usr   %nice    %sys %iowait    %irq   %soft  %steal  %guest  %gnice   %idle
09時08分37秒    0   38.71    0.00   29.03    0.00    0.00    7.53    0.00    0.00    0.00   24.73
09時08分37秒    1   32.58    0.00   17.98    0.00    0.00    1.12    0.00    0.00    0.00   48.31

09時08分37秒  CPU    %usr   %nice    %sys %iowait    %irq   %soft  %steal  %guest  %gnice   %idle
09時08分38秒    0   40.22    0.00   29.35    0.00    0.00    6.52    0.00    0.00    0.00   23.91
09時08分38秒    1   35.16    0.00   15.38    0.00    0.00    2.20    0.00    0.00    0.00   47.25

09時08分38秒  CPU    %usr   %nice    %sys %iowait    %irq   %soft  %steal  %guest  %gnice   %idle
09時08分39秒    0   37.63    0.00   31.18    0.00    0.00    7.53    0.00    0.00    0.00   23.66
09時08分39秒    1   33.33    0.00   17.20    0.00    0.00    2.15    0.00    0.00    0.00   47.31

09時08分39秒  CPU    %usr   %nice    %sys %iowait    %irq   %soft  %steal  %guest  %gnice   %idle
09時08分40秒    0   36.96    0.00   30.43    0.00    0.00    6.52    0.00    0.00    0.00   26.09
09時08分40秒    1   38.04    0.00   13.04    0.00    0.00    2.17    0.00    0.00    0.00   46.74

09時08分40秒  CPU    %usr   %nice    %sys %iowait    %irq   %soft  %steal  %guest  %gnice   %idle
09時08分41秒    0   37.63    0.00   27.96    0.00    0.00    7.53    0.00    0.00    0.00   26.88
09時08分41秒    1   33.71    0.00   14.61    0.00    0.00    1.12    0.00    0.00    0.00   50.56

09時08分41秒  CPU    %usr   %nice    %sys %iowait    %irq   %soft  %steal  %guest  %gnice   %idle
09時08分42秒    0   40.43    0.00   26.60    0.00    1.06    6.38    0.00    0.00    0.00   25.53
09時08分42秒    1   30.77    0.00   18.68    0.00    0.00    2.20    0.00    0.00    0.00   48.35

平均時間：  CPU    %usr   %nice    %sys %iowait    %irq   %soft  %steal  %guest  %gnice   %idle
平均時間：    0   38.15    0.00   29.27    0.00    0.06    6.94    0.00    0.00    0.00   25.58
平均時間：    1   34.14    0.00   15.70    0.00    0.06    1.95    0.00    0.00    0.00   48.16
