Linux 5.6.15-arch1-1 (archlinux) 	西元2020年06月29日 	_x86_64_	(12 CPU)

09時09分19秒  CPU    %usr   %nice    %sys %iowait    %irq   %soft  %steal  %guest  %gnice   %idle
09時09分20秒    0   44.57    0.00   23.91    0.00    0.00    6.52    0.00    0.00    0.00   25.00
09時09分20秒    1   36.67    0.00   16.67    0.00    0.00    1.11    0.00    0.00    0.00   45.56

09時09分20秒  CPU    %usr   %nice    %sys %iowait    %irq   %soft  %steal  %guest  %gnice   %idle
09時09分21秒    0   36.96    0.00   27.17    0.00    0.00    7.61    0.00    0.00    0.00   28.26
09時09分21秒    1   34.78    0.00   14.13    0.00    0.00    2.17    0.00    0.00    0.00   48.91

09時09分21秒  CPU    %usr   %nice    %sys %iowait    %irq   %soft  %steal  %guest  %gnice   %idle
09時09分22秒    0   34.41    0.00   32.26    0.00    0.00    6.45    0.00    0.00    0.00   26.88
09時09分22秒    1   34.44    0.00   14.44    0.00    0.00    2.22    0.00    0.00    0.00   48.89

09時09分22秒  CPU    %usr   %nice    %sys %iowait    %irq   %soft  %steal  %guest  %gnice   %idle
09時09分23秒    0   42.55    0.00   20.21    0.00    1.06    6.38    0.00    0.00    0.00   29.79
09時09分23秒    1   33.33    0.00   15.05    0.00    0.00    2.15    0.00    0.00    0.00   49.46

09時09分23秒  CPU    %usr   %nice    %sys %iowait    %irq   %soft  %steal  %guest  %gnice   %idle
09時09分24秒    0   41.76    0.00   25.27    0.00    0.00    6.59    0.00    0.00    0.00   26.37
09時09分24秒    1   34.78    0.00   14.13    0.00    1.09    2.17    0.00    0.00    0.00   47.83

09時09分24秒  CPU    %usr   %nice    %sys %iowait    %irq   %soft  %steal  %guest  %gnice   %idle
09時09分25秒    0   41.49    0.00   25.53    0.00    0.00    7.45    0.00    0.00    0.00   25.53
09時09分25秒    1   38.46    0.00   13.19    0.00    0.00    1.10    0.00    0.00    0.00   47.25

09時09分25秒  CPU    %usr   %nice    %sys %iowait    %irq   %soft  %steal  %guest  %gnice   %idle
09時09分26秒    0   40.86    0.00   26.88    0.00    0.00    6.45    0.00    0.00    0.00   25.81
09時09分26秒    1   35.96    0.00   13.48    0.00    0.00    2.25    0.00    0.00    0.00   48.31

09時09分26秒  CPU    %usr   %nice    %sys %iowait    %irq   %soft  %steal  %guest  %gnice   %idle
09時09分27秒    0   39.36    0.00   25.53    0.00    0.00    7.45    0.00    0.00    0.00   27.66
09時09分27秒    1   32.58    0.00   14.61    0.00    0.00    2.25    0.00    0.00    0.00   50.56

09時09分27秒  CPU    %usr   %nice    %sys %iowait    %irq   %soft  %steal  %guest  %gnice   %idle
09時09分28秒    0   40.86    0.00   24.73    0.00    0.00    6.45    0.00    0.00    0.00   27.96
09時09分28秒    1   34.44    0.00   14.44    0.00    0.00    2.22    0.00    0.00    0.00   48.89

09時09分28秒  CPU    %usr   %nice    %sys %iowait    %irq   %soft  %steal  %guest  %gnice   %idle
09時09分29秒    0   42.22    0.00   23.33    0.00    0.00    6.67    0.00    0.00    0.00   27.78
09時09分29秒    1   37.36    0.00   12.09    0.00    0.00    2.20    0.00    0.00    0.00   48.35

09時09分29秒  CPU    %usr   %nice    %sys %iowait    %irq   %soft  %steal  %guest  %gnice   %idle
09時09分30秒    0   38.95    0.00   27.37    0.00    0.00    7.37    0.00    0.00    0.00   26.32
09時09分30秒    1   36.67    0.00   13.33    0.00    0.00    1.11    0.00    0.00    0.00   48.89

09時09分30秒  CPU    %usr   %nice    %sys %iowait    %irq   %soft  %steal  %guest  %gnice   %idle
09時09分31秒    0   40.00    0.00   27.37    0.00    0.00    6.32    0.00    0.00    0.00   26.32
09時09分31秒    1   33.70    0.00   16.30    0.00    0.00    2.17    0.00    0.00    0.00   47.83

09時09分31秒  CPU    %usr   %nice    %sys %iowait    %irq   %soft  %steal  %guest  %gnice   %idle
09時09分32秒    0   37.23    0.00   28.72    0.00    0.00    6.38    0.00    0.00    0.00   27.66
09時09分32秒    1   30.43    0.00   18.48    0.00    0.00    2.17    0.00    0.00    0.00   48.91

09時09分32秒  CPU    %usr   %nice    %sys %iowait    %irq   %soft  %steal  %guest  %gnice   %idle
09時09分33秒    0   39.78    0.00   24.73    0.00    0.00    7.53    0.00    0.00    0.00   27.96
09時09分33秒    1   33.33    0.00   14.44    0.00    0.00    2.22    0.00    0.00    0.00   50.00

09時09分33秒  CPU    %usr   %nice    %sys %iowait    %irq   %soft  %steal  %guest  %gnice   %idle
09時09分34秒    0   41.76    0.00   24.18    0.00    0.00    6.59    0.00    0.00    0.00   27.47
09時09分34秒    1   38.71    0.00   12.90    0.00    0.00    2.15    0.00    0.00    0.00   46.24

09時09分34秒  CPU    %usr   %nice    %sys %iowait    %irq   %soft  %steal  %guest  %gnice   %idle
09時09分35秒    0   38.46    0.00   26.37    0.00    0.00    6.59    0.00    0.00    0.00   28.57
09時09分35秒    1   31.87    0.00   16.48    0.00    0.00    1.10    0.00    0.00    0.00   50.55

09時09分35秒  CPU    %usr   %nice    %sys %iowait    %irq   %soft  %steal  %guest  %gnice   %idle
09時09分36秒    0   42.39    0.00   23.91    0.00    0.00    7.61    0.00    0.00    0.00   26.09
09時09分36秒    1   32.61    0.00   18.48    0.00    0.00    2.17    0.00    0.00    0.00   46.74

09時09分36秒  CPU    %usr   %nice    %sys %iowait    %irq   %soft  %steal  %guest  %gnice   %idle
09時09分37秒    0   38.89    0.00   25.56    0.00    0.00    6.67    0.00    0.00    0.00   28.89
09時09分37秒    1   36.26    0.00   12.09    0.00    0.00    2.20    0.00    0.00    0.00   49.45

09時09分37秒  CPU    %usr   %nice    %sys %iowait    %irq   %soft  %steal  %guest  %gnice   %idle
09時09分38秒    0   38.04    0.00   28.26    0.00    0.00    6.52    0.00    0.00    0.00   27.17
09時09分38秒    1   34.41    0.00   17.20    0.00    0.00    2.15    0.00    0.00    0.00   46.24

09時09分38秒  CPU    %usr   %nice    %sys %iowait    %irq   %soft  %steal  %guest  %gnice   %idle
09時09分39秒    0   42.11    0.00   25.26    0.00    0.00    7.37    0.00    0.00    0.00   25.26
09時09分39秒    1   34.07    0.00   14.29    0.00    0.00    2.20    0.00    0.00    0.00   49.45

09時09分39秒  CPU    %usr   %nice    %sys %iowait    %irq   %soft  %steal  %guest  %gnice   %idle
09時09分40秒    0   32.97    0.00   31.87    0.00    0.00    6.59    0.00    0.00    0.00   28.57
09時09分40秒    1   34.44    0.00   14.44    0.00    0.00    2.22    0.00    0.00    0.00   48.89

09時09分40秒  CPU    %usr   %nice    %sys %iowait    %irq   %soft  %steal  %guest  %gnice   %idle
09時09分41秒    0   40.22    0.00   28.26    0.00    0.00    6.52    0.00    0.00    0.00   25.00
09時09分41秒    1   30.77    0.00   20.88    0.00    0.00    1.10    0.00    0.00    0.00   47.25

09時09分41秒  CPU    %usr   %nice    %sys %iowait    %irq   %soft  %steal  %guest  %gnice   %idle
09時09分42秒    0   39.36    0.00   26.60    0.00    0.00    7.45    0.00    0.00    0.00   26.60
09時09分42秒    1   34.78    0.00   15.22    0.00    0.00    2.17    0.00    0.00    0.00   47.83

09時09分42秒  CPU    %usr   %nice    %sys %iowait    %irq   %soft  %steal  %guest  %gnice   %idle
09時09分43秒    0   36.56    0.00   30.11    0.00    1.08    6.45    0.00    0.00    0.00   25.81
09時09分43秒    1   32.22    0.00   16.67    0.00    0.00    2.22    0.00    0.00    0.00   48.89

09時09分43秒  CPU    %usr   %nice    %sys %iowait    %irq   %soft  %steal  %guest  %gnice   %idle
09時09分44秒    0   38.04    0.00   27.17    0.00    0.00    7.61    0.00    0.00    0.00   27.17
09時09分44秒    1   34.78    0.00   15.22    0.00    0.00    2.17    0.00    0.00    0.00   47.83

09時09分44秒  CPU    %usr   %nice    %sys %iowait    %irq   %soft  %steal  %guest  %gnice   %idle
09時09分45秒    0   40.86    0.00   27.96    0.00    0.00    6.45    0.00    0.00    0.00   24.73
09時09分45秒    1   32.22    0.00   18.89    0.00    0.00    2.22    0.00    0.00    0.00   46.67

09時09分45秒  CPU    %usr   %nice    %sys %iowait    %irq   %soft  %steal  %guest  %gnice   %idle
09時09分46秒    0   39.56    0.00   27.47    0.00    0.00    6.59    0.00    0.00    0.00   26.37
09時09分46秒    1   34.44    0.00   14.44    0.00    0.00    1.11    0.00    0.00    0.00   50.00

09時09分46秒  CPU    %usr   %nice    %sys %iowait    %irq   %soft  %steal  %guest  %gnice   %idle
09時09分47秒    0   37.36    0.00   26.37    0.00    0.00    7.69    0.00    0.00    0.00   28.57
09時09分47秒    1   28.26    0.00   20.65    0.00    0.00    2.17    0.00    0.00    0.00   48.91

09時09分47秒  CPU    %usr   %nice    %sys %iowait    %irq   %soft  %steal  %guest  %gnice   %idle
09時09分48秒    0   35.56    0.00   27.78    0.00    0.00    6.67    0.00    0.00    0.00   30.00
09時09分48秒    1   37.78    0.00   10.00    0.00    0.00    2.22    0.00    0.00    0.00   50.00

09時09分48秒  CPU    %usr   %nice    %sys %iowait    %irq   %soft  %steal  %guest  %gnice   %idle
09時09分49秒    0   41.05    0.00   25.26    0.00    0.00    6.32    0.00    0.00    0.00   27.37
09時09分49秒    1   31.18    0.00   17.20    0.00    1.08    2.15    0.00    0.00    0.00   48.39

09時09分49秒  CPU    %usr   %nice    %sys %iowait    %irq   %soft  %steal  %guest  %gnice   %idle
09時09分50秒    0   39.13    0.00   26.09    0.00    0.00    6.52    0.00    0.00    0.00   28.26
09時09分50秒    1   32.22    0.00   14.44    0.00    0.00    2.22    0.00    0.00    0.00   51.11

09時09分50秒  CPU    %usr   %nice    %sys %iowait    %irq   %soft  %steal  %guest  %gnice   %idle
09時09分51秒    0   39.36    0.00   25.53    0.00    0.00    7.45    0.00    0.00    0.00   27.66
09時09分51秒    1   32.58    0.00   16.85    0.00    0.00    1.12    0.00    0.00    0.00   49.44

09時09分51秒  CPU    %usr   %nice    %sys %iowait    %irq   %soft  %steal  %guest  %gnice   %idle
09時09分52秒    0   39.36    0.00   29.79    0.00    0.00    6.38    0.00    0.00    0.00   24.47
09時09分52秒    1   36.67    0.00   13.33    0.00    0.00    2.22    0.00    0.00    0.00   47.78

09時09分52秒  CPU    %usr   %nice    %sys %iowait    %irq   %soft  %steal  %guest  %gnice   %idle
09時09分53秒    0   37.78    0.00   26.67    0.00    0.00    7.78    0.00    0.00    0.00   27.78
09時09分53秒    1   33.33    0.00   16.13    0.00    0.00    2.15    0.00    0.00    0.00   48.39

09時09分53秒  CPU    %usr   %nice    %sys %iowait    %irq   %soft  %steal  %guest  %gnice   %idle
09時09分54秒    0   38.04    0.00   28.26    0.00    0.00    6.52    0.00    0.00    0.00   27.17
09時09分54秒    1   33.70    0.00   16.30    0.00    0.00    2.17    0.00    0.00    0.00   47.83

09時09分54秒  CPU    %usr   %nice    %sys %iowait    %irq   %soft  %steal  %guest  %gnice   %idle
09時09分55秒    0   37.36    0.00   28.57    0.00    0.00    6.59    0.00    0.00    0.00   27.47
09時09分55秒    1   36.67    0.00   13.33    0.00    0.00    2.22    0.00    0.00    0.00   47.78

09時09分55秒  CPU    %usr   %nice    %sys %iowait    %irq   %soft  %steal  %guest  %gnice   %idle
09時09分56秒    0   33.33    0.00   34.41    0.00    0.00    7.53    0.00    0.00    0.00   24.73
09時09分56秒    1   33.33    0.00   16.67    0.00    0.00    1.11    0.00    0.00    0.00   48.89

09時09分56秒  CPU    %usr   %nice    %sys %iowait    %irq   %soft  %steal  %guest  %gnice   %idle
09時09分57秒    0   37.89    0.00   26.32    0.00    0.00    6.32    0.00    0.00    0.00   29.47
09時09分57秒    1   32.26    0.00   16.13    0.00    0.00    2.15    0.00    0.00    0.00   49.46

09時09分57秒  CPU    %usr   %nice    %sys %iowait    %irq   %soft  %steal  %guest  %gnice   %idle
09時09分58秒    0   36.56    0.00   29.03    0.00    0.00    6.45    0.00    0.00    0.00   27.96
09時09分58秒    1   34.07    0.00   13.19    0.00    0.00    2.20    0.00    0.00    0.00   50.55

09時09分58秒  CPU    %usr   %nice    %sys %iowait    %irq   %soft  %steal  %guest  %gnice   %idle
09時09分59秒    0   39.36    0.00   27.66    0.00    0.00    7.45    0.00    0.00    0.00   25.53
09時09分59秒    1   34.78    0.00   16.30    0.00    0.00    2.17    0.00    0.00    0.00   46.74

09時09分59秒  CPU    %usr   %nice    %sys %iowait    %irq   %soft  %steal  %guest  %gnice   %idle
09時10分00秒    0   38.20    0.00   24.72    0.00    0.00    6.74    0.00    0.00    0.00   30.34
09時10分00秒    1   31.46    0.00   16.85    0.00    0.00    1.12    0.00    0.00    0.00   50.56

09時10分00秒  CPU    %usr   %nice    %sys %iowait    %irq   %soft  %steal  %guest  %gnice   %idle
09時10分01秒    0   39.78    0.00   27.96    0.00    0.00    6.45    0.00    0.00    0.00   25.81
09時10分01秒    1   36.56    0.00   15.05    0.00    0.00    2.15    0.00    0.00    0.00   46.24

09時10分01秒  CPU    %usr   %nice    %sys %iowait    %irq   %soft  %steal  %guest  %gnice   %idle
09時10分02秒    0   38.95    0.00   27.37    0.00    1.05    7.37    0.00    0.00    0.00   25.26
09時10分02秒    1   34.07    0.00   15.38    0.00    0.00    2.20    0.00    0.00    0.00   48.35

09時10分02秒  CPU    %usr   %nice    %sys %iowait    %irq   %soft  %steal  %guest  %gnice   %idle
09時10分03秒    0   32.97    0.00   32.97    0.00    0.00    6.59    0.00    0.00    0.00   27.47
09時10分03秒    1   34.07    0.00   16.48    0.00    0.00    2.20    0.00    0.00    0.00   47.25

09時10分03秒  CPU    %usr   %nice    %sys %iowait    %irq   %soft  %steal  %guest  %gnice   %idle
09時10分04秒    0   39.78    0.00   26.88    0.00    0.00    7.53    0.00    0.00    0.00   25.81
09時10分04秒    1   35.87    0.00   15.22    0.00    0.00    2.17    0.00    0.00    0.00   46.74

09時10分04秒  CPU    %usr   %nice    %sys %iowait    %irq   %soft  %steal  %guest  %gnice   %idle
09時10分05秒    0   41.30    0.00   26.09    0.00    0.00    6.52    0.00    0.00    0.00   26.09
09時10分05秒    1   33.71    0.00   15.73    0.00    0.00    2.25    0.00    0.00    0.00   48.31

09時10分05秒  CPU    %usr   %nice    %sys %iowait    %irq   %soft  %steal  %guest  %gnice   %idle
09時10分06秒    0   37.36    0.00   25.27    0.00    0.00    6.59    0.00    0.00    0.00   30.77
09時10分06秒    1   33.70    0.00   14.13    0.00    0.00    1.09    0.00    0.00    0.00   51.09

09時10分06秒  CPU    %usr   %nice    %sys %iowait    %irq   %soft  %steal  %guest  %gnice   %idle
09時10分07秒    0   40.66    0.00   26.37    0.00    0.00    7.69    0.00    0.00    0.00   25.27
09時10分07秒    1   35.16    0.00   16.48    0.00    0.00    2.20    0.00    0.00    0.00   46.15

09時10分07秒  CPU    %usr   %nice    %sys %iowait    %irq   %soft  %steal  %guest  %gnice   %idle
09時10分08秒    0   36.96    0.00   31.52    0.00    0.00    6.52    0.00    0.00    0.00   25.00
09時10分08秒    1   39.13    0.00   13.04    0.00    0.00    2.17    0.00    0.00    0.00   45.65

09時10分08秒  CPU    %usr   %nice    %sys %iowait    %irq   %soft  %steal  %guest  %gnice   %idle
09時10分09秒    0   35.87    0.00   30.43    0.00    0.00    7.61    0.00    0.00    0.00   26.09
09時10分09秒    1   34.83    0.00   14.61    0.00    0.00    2.25    0.00    0.00    0.00   48.31

09時10分09秒  CPU    %usr   %nice    %sys %iowait    %irq   %soft  %steal  %guest  %gnice   %idle
09時10分10秒    0   41.05    0.00   25.26    0.00    0.00    6.32    0.00    0.00    0.00   27.37
09時10分10秒    1   32.61    0.00   15.22    0.00    0.00    2.17    0.00    0.00    0.00   50.00

09時10分10秒  CPU    %usr   %nice    %sys %iowait    %irq   %soft  %steal  %guest  %gnice   %idle
09時10分11秒    0   37.23    0.00   29.79    0.00    0.00    6.38    0.00    0.00    0.00   26.60
09時10分11秒    1   35.56    0.00   13.33    0.00    0.00    2.22    0.00    0.00    0.00   48.89

09時10分11秒  CPU    %usr   %nice    %sys %iowait    %irq   %soft  %steal  %guest  %gnice   %idle
09時10分12秒    0   37.50    0.00   25.00    0.00    0.00    6.82    0.00    0.00    0.00   30.68
09時10分12秒    1   35.16    0.00   14.29    0.00    0.00    1.10    0.00    0.00    0.00   49.45

09時10分12秒  CPU    %usr   %nice    %sys %iowait    %irq   %soft  %steal  %guest  %gnice   %idle
09時10分13秒    0   34.41    0.00   32.26    0.00    0.00    7.53    0.00    0.00    0.00   25.81
09時10分13秒    1   35.87    0.00   15.22    0.00    0.00    2.17    0.00    0.00    0.00   46.74

09時10分13秒  CPU    %usr   %nice    %sys %iowait    %irq   %soft  %steal  %guest  %gnice   %idle
09時10分14秒    0   37.36    0.00   31.87    0.00    0.00    6.59    0.00    0.00    0.00   24.18
09時10分14秒    1   38.04    0.00   14.13    0.00    0.00    2.17    0.00    0.00    0.00   45.65

09時10分14秒  CPU    %usr   %nice    %sys %iowait    %irq   %soft  %steal  %guest  %gnice   %idle
09時10分15秒    0   38.30    0.00   27.66    0.00    0.00    7.45    0.00    0.00    0.00   26.60
09時10分15秒    1   32.98    0.00   17.02    0.00    1.06    2.13    0.00    0.00    0.00   46.81

09時10分15秒  CPU    %usr   %nice    %sys %iowait    %irq   %soft  %steal  %guest  %gnice   %idle
09時10分16秒    0   40.86    0.00   25.81    0.00    0.00    6.45    0.00    0.00    0.00   26.88
09時10分16秒    1   35.16    0.00   13.19    0.00    0.00    2.20    0.00    0.00    0.00   49.45

09時10分16秒  CPU    %usr   %nice    %sys %iowait    %irq   %soft  %steal  %guest  %gnice   %idle
09時10分17秒    0   34.41    0.00   31.18    0.00    0.00    7.53    0.00    0.00    0.00   26.88
09時10分17秒    1   31.03    0.00   18.39    0.00    0.00    1.15    0.00    0.00    0.00   49.43

09時10分17秒  CPU    %usr   %nice    %sys %iowait    %irq   %soft  %steal  %guest  %gnice   %idle
09時10分18秒    0   38.89    0.00   27.78    0.00    0.00    6.67    0.00    0.00    0.00   26.67
09時10分18秒    1   34.78    0.00   16.30    0.00    0.00    2.17    0.00    0.00    0.00   46.74

09時10分18秒  CPU    %usr   %nice    %sys %iowait    %irq   %soft  %steal  %guest  %gnice   %idle
09時10分19秒    0   36.26    0.00   29.67    0.00    0.00    6.59    0.00    0.00    0.00   27.47
09時10分19秒    1   30.77    0.00   16.48    0.00    1.10    2.20    0.00    0.00    0.00   49.45

09時10分19秒  CPU    %usr   %nice    %sys %iowait    %irq   %soft  %steal  %guest  %gnice   %idle
09時10分20秒    0   40.66    0.00   24.18    0.00    0.00    7.69    0.00    0.00    0.00   27.47
09時10分20秒    1   34.44    0.00   15.56    0.00    0.00    2.22    0.00    0.00    0.00   47.78

09時10分20秒  CPU    %usr   %nice    %sys %iowait    %irq   %soft  %steal  %guest  %gnice   %idle
09時10分21秒    0   40.22    0.00   25.00    0.00    1.09    6.52    0.00    0.00    0.00   27.17
09時10分21秒    1   34.41    0.00   16.13    0.00    0.00    2.15    0.00    0.00    0.00   47.31

09時10分21秒  CPU    %usr   %nice    %sys %iowait    %irq   %soft  %steal  %guest  %gnice   %idle
09時10分22秒    0   40.00    0.00   26.32    0.00    0.00    6.32    0.00    0.00    0.00   27.37
09時10分22秒    1   37.36    0.00   12.09    0.00    0.00    1.10    0.00    0.00    0.00   49.45

09時10分22秒  CPU    %usr   %nice    %sys %iowait    %irq   %soft  %steal  %guest  %gnice   %idle
09時10分23秒    0   37.23    0.00   26.60    0.00    0.00    7.45    0.00    0.00    0.00   28.72
09時10分23秒    1   31.87    0.00   16.48    0.00    0.00    2.20    0.00    0.00    0.00   49.45

09時10分23秒  CPU    %usr   %nice    %sys %iowait    %irq   %soft  %steal  %guest  %gnice   %idle
09時10分24秒    0   43.01    0.00   22.58    0.00    0.00    6.45    0.00    0.00    0.00   27.96
09時10分24秒    1   31.87    0.00   16.48    0.00    0.00    2.20    0.00    0.00    0.00   49.45

09時10分24秒  CPU    %usr   %nice    %sys %iowait    %irq   %soft  %steal  %guest  %gnice   %idle
09時10分25秒    0   34.07    0.00   28.57    0.00    0.00    6.59    0.00    0.00    0.00   30.77
09時10分25秒    1   32.22    0.00   14.44    0.00    0.00    2.22    0.00    0.00    0.00   51.11

09時10分25秒  CPU    %usr   %nice    %sys %iowait    %irq   %soft  %steal  %guest  %gnice   %idle
09時10分26秒    0   36.96    0.00   29.35    0.00    0.00    6.52    0.00    0.00    0.00   27.17
09時10分26秒    1   32.61    0.00   16.30    0.00    0.00    2.17    0.00    0.00    0.00   48.91

09時10分26秒  CPU    %usr   %nice    %sys %iowait    %irq   %soft  %steal  %guest  %gnice   %idle
09時10分27秒    0   38.04    0.00   28.26    0.00    0.00    6.52    0.00    0.00    0.00   27.17
09時10分27秒    1   32.95    0.00   14.77    0.00    0.00    1.14    0.00    0.00    0.00   51.14

09時10分27秒  CPU    %usr   %nice    %sys %iowait    %irq   %soft  %steal  %guest  %gnice   %idle
09時10分28秒    0   36.96    0.00   27.17    0.00    0.00    7.61    0.00    0.00    0.00   28.26
09時10分28秒    1   35.16    0.00   13.19    0.00    0.00    2.20    0.00    0.00    0.00   49.45

09時10分28秒  CPU    %usr   %nice    %sys %iowait    %irq   %soft  %steal  %guest  %gnice   %idle
09時10分29秒    0   42.86    0.00   23.08    0.00    0.00    6.59    0.00    0.00    0.00   27.47
09時10分29秒    1   33.70    0.00   16.30    0.00    0.00    2.17    0.00    0.00    0.00   47.83

09時10分29秒  CPU    %usr   %nice    %sys %iowait    %irq   %soft  %steal  %guest  %gnice   %idle
09時10分30秒    0   39.36    0.00   27.66    0.00    0.00    7.45    0.00    0.00    0.00   25.53
09時10分30秒    1   40.22    0.00   10.87    0.00    0.00    2.17    0.00    0.00    0.00   46.74

09時10分30秒  CPU    %usr   %nice    %sys %iowait    %irq   %soft  %steal  %guest  %gnice   %idle
09時10分31秒    0   42.39    0.00   26.09    0.00    0.00    6.52    0.00    0.00    0.00   25.00
09時10分31秒    1   35.16    0.00   15.38    0.00    0.00    2.20    0.00    0.00    0.00   47.25

09時10分31秒  CPU    %usr   %nice    %sys %iowait    %irq   %soft  %steal  %guest  %gnice   %idle
09時10分32秒    0   40.22    0.00   26.09    0.00    0.00    6.52    0.00    0.00    0.00   27.17
09時10分32秒    1   32.97    0.00   18.68    0.00    0.00    2.20    0.00    0.00    0.00   46.15

09時10分32秒  CPU    %usr   %nice    %sys %iowait    %irq   %soft  %steal  %guest  %gnice   %idle
09時10分33秒    0   39.58    0.00   22.92    0.00    0.00    6.25    0.00    0.00    0.00   31.25
09時10分33秒    1   35.16    0.00   15.38    0.00    0.00    1.10    0.00    0.00    0.00   48.35

09時10分33秒  CPU    %usr   %nice    %sys %iowait    %irq   %soft  %steal  %guest  %gnice   %idle
09時10分34秒    0   40.86    0.00   26.88    0.00    0.00    7.53    0.00    0.00    0.00   24.73
09時10分34秒    1   32.97    0.00   18.68    0.00    0.00    2.20    0.00    0.00    0.00   46.15

09時10分34秒  CPU    %usr   %nice    %sys %iowait    %irq   %soft  %steal  %guest  %gnice   %idle
09時10分35秒    0   37.78    0.00   27.78    0.00    0.00    6.67    0.00    0.00    0.00   27.78
09時10分35秒    1   35.16    0.00   13.19    0.00    0.00    2.20    0.00    0.00    0.00   49.45

09時10分35秒  CPU    %usr   %nice    %sys %iowait    %irq   %soft  %steal  %guest  %gnice   %idle
09時10分36秒    0   38.71    0.00   26.88    0.00    0.00    6.45    0.00    0.00    0.00   27.96
09時10分36秒    1   30.77    0.00   18.68    0.00    0.00    2.20    0.00    0.00    0.00   48.35

09時10分36秒  CPU    %usr   %nice    %sys %iowait    %irq   %soft  %steal  %guest  %gnice   %idle
09時10分37秒    0   41.49    0.00   23.40    0.00    0.00    7.45    0.00    0.00    0.00   27.66
09時10分37秒    1   29.21    0.00   19.10    0.00    0.00    2.25    0.00    0.00    0.00   49.44

09時10分37秒  CPU    %usr   %nice    %sys %iowait    %irq   %soft  %steal  %guest  %gnice   %idle
09時10分38秒    0   39.36    0.00   26.60    0.00    0.00    6.38    0.00    0.00    0.00   27.66
09時10分38秒    1   34.07    0.00   15.38    0.00    0.00    1.10    0.00    0.00    0.00   49.45

09時10分38秒  CPU    %usr   %nice    %sys %iowait    %irq   %soft  %steal  %guest  %gnice   %idle
09時10分39秒    0   36.56    0.00   30.11    0.00    0.00    7.53    0.00    0.00    0.00   25.81
09時10分39秒    1   33.71    0.00   15.73    0.00    0.00    2.25    0.00    0.00    0.00   48.31

09時10分39秒  CPU    %usr   %nice    %sys %iowait    %irq   %soft  %steal  %guest  %gnice   %idle
09時10分40秒    0   40.22    0.00   23.91    0.00    1.09    6.52    0.00    0.00    0.00   28.26
09時10分40秒    1   34.07    0.00   15.38    0.00    0.00    2.20    0.00    0.00    0.00   48.35

09時10分40秒  CPU    %usr   %nice    %sys %iowait    %irq   %soft  %steal  %guest  %gnice   %idle
09時10分41秒    0   36.96    0.00   31.52    0.00    0.00    6.52    0.00    0.00    0.00   25.00
09時10分41秒    1   36.26    0.00   14.29    0.00    0.00    2.20    0.00    0.00    0.00   47.25

09時10分41秒  CPU    %usr   %nice    %sys %iowait    %irq   %soft  %steal  %guest  %gnice   %idle
09時10分42秒    0   40.86    0.00   24.73    0.00    0.00    7.53    0.00    0.00    0.00   26.88
09時10分42秒    1   33.33    0.00   15.56    0.00    0.00    2.22    0.00    0.00    0.00   48.89

09時10分42秒  CPU    %usr   %nice    %sys %iowait    %irq   %soft  %steal  %guest  %gnice   %idle
09時10分43秒    0   37.23    0.00   27.66    0.00    0.00    6.38    0.00    0.00    0.00   28.72
09時10分43秒    1   33.71    0.00   13.48    0.00    0.00    1.12    0.00    0.00    0.00   51.69

09時10分43秒  CPU    %usr   %nice    %sys %iowait    %irq   %soft  %steal  %guest  %gnice   %idle
09時10分44秒    0   38.71    0.00   26.88    0.00    0.00    6.45    0.00    0.00    0.00   27.96
09時10分44秒    1   34.07    0.00   14.29    0.00    0.00    2.20    0.00    0.00    0.00   49.45

09時10分44秒  CPU    %usr   %nice    %sys %iowait    %irq   %soft  %steal  %guest  %gnice   %idle
09時10分45秒    0   38.30    0.00   29.79    0.00    0.00    6.38    0.00    0.00    0.00   25.53
09時10分45秒    1   33.33    0.00   16.13    0.00    1.08    2.15    0.00    0.00    0.00   47.31

09時10分45秒  CPU    %usr   %nice    %sys %iowait    %irq   %soft  %steal  %guest  %gnice   %idle
09時10分46秒    0   34.78    0.00   27.17    0.00    0.00    7.61    0.00    0.00    0.00   30.43
09時10分46秒    1   34.44    0.00   13.33    0.00    0.00    2.22    0.00    0.00    0.00   50.00

09時10分46秒  CPU    %usr   %nice    %sys %iowait    %irq   %soft  %steal  %guest  %gnice   %idle
09時10分47秒    0   41.94    0.00   27.96    0.00    0.00    6.45    0.00    0.00    0.00   23.66
09時10分47秒    1   32.61    0.00   19.57    0.00    0.00    2.17    0.00    0.00    0.00   45.65

09時10分47秒  CPU    %usr   %nice    %sys %iowait    %irq   %soft  %steal  %guest  %gnice   %idle
09時10分48秒    0   39.36    0.00   26.60    0.00    0.00    7.45    0.00    0.00    0.00   26.60
09時10分48秒    1   34.44    0.00   14.44    0.00    0.00    1.11    0.00    0.00    0.00   50.00

09時10分48秒  CPU    %usr   %nice    %sys %iowait    %irq   %soft  %steal  %guest  %gnice   %idle
09時10分49秒    0   36.26    0.00   29.67    0.00    0.00    6.59    0.00    0.00    0.00   27.47
09時10分49秒    1   30.77    0.00   17.58    0.00    0.00    2.20    0.00    0.00    0.00   49.45

09時10分49秒  CPU    %usr   %nice    %sys %iowait    %irq   %soft  %steal  %guest  %gnice   %idle
09時10分50秒    0   37.63    0.00   29.03    0.00    0.00    6.45    0.00    0.00    0.00   26.88
09時10分50秒    1   33.33    0.00   17.20    0.00    0.00    2.15    0.00    0.00    0.00   47.31

09時10分50秒  CPU    %usr   %nice    %sys %iowait    %irq   %soft  %steal  %guest  %gnice   %idle
09時10分51秒    0   38.46    0.00   27.47    0.00    0.00    7.69    0.00    0.00    0.00   26.37
09時10分51秒    1   33.70    0.00   16.30    0.00    0.00    2.17    0.00    0.00    0.00   47.83

09時10分51秒  CPU    %usr   %nice    %sys %iowait    %irq   %soft  %steal  %guest  %gnice   %idle
09時10分52秒    0   38.71    0.00   24.73    0.00    0.00    6.45    0.00    0.00    0.00   30.11
09時10分52秒    1   33.71    0.00   12.36    0.00    0.00    2.25    0.00    0.00    0.00   51.69

09時10分52秒  CPU    %usr   %nice    %sys %iowait    %irq   %soft  %steal  %guest  %gnice   %idle
09時10分53秒    0   37.36    0.00   27.47    0.00    0.00    6.59    0.00    0.00    0.00   28.57
09時10分53秒    1   32.58    0.00   15.73    0.00    0.00    1.12    0.00    0.00    0.00   50.56

09時10分53秒  CPU    %usr   %nice    %sys %iowait    %irq   %soft  %steal  %guest  %gnice   %idle
09時10分54秒    0   39.13    0.00   25.00    0.00    0.00    6.52    0.00    0.00    0.00   29.35
09時10分54秒    1   35.96    0.00   11.24    0.00    0.00    2.25    0.00    0.00    0.00   50.56

09時10分54秒  CPU    %usr   %nice    %sys %iowait    %irq   %soft  %steal  %guest  %gnice   %idle
09時10分55秒    0   41.49    0.00   24.47    0.00    0.00    7.45    0.00    0.00    0.00   26.60
09時10分55秒    1   32.61    0.00   16.30    0.00    0.00    2.17    0.00    0.00    0.00   48.91

09時10分55秒  CPU    %usr   %nice    %sys %iowait    %irq   %soft  %steal  %guest  %gnice   %idle
09時10分56秒    0   39.13    0.00   29.35    0.00    0.00    6.52    0.00    0.00    0.00   25.00
09時10分56秒    1   37.36    0.00   14.29    0.00    0.00    2.20    0.00    0.00    0.00   46.15

09時10分56秒  CPU    %usr   %nice    %sys %iowait    %irq   %soft  %steal  %guest  %gnice   %idle
09時10分57秒    0   40.86    0.00   27.96    0.00    0.00    6.45    0.00    0.00    0.00   24.73
09時10分57秒    1   38.71    0.00   12.90    0.00    0.00    2.15    0.00    0.00    0.00   46.24

09時10分57秒  CPU    %usr   %nice    %sys %iowait    %irq   %soft  %steal  %guest  %gnice   %idle
09時10分58秒    0   38.30    0.00   26.60    0.00    0.00    7.45    0.00    0.00    0.00   27.66
09時10分58秒    1   34.07    0.00   14.29    0.00    0.00    2.20    0.00    0.00    0.00   49.45

09時10分58秒  CPU    %usr   %nice    %sys %iowait    %irq   %soft  %steal  %guest  %gnice   %idle
09時10分59秒    0   38.30    0.00   28.72    0.00    1.06    6.38    0.00    0.00    0.00   25.53
09時10分59秒    1   37.78    0.00   12.22    0.00    0.00    1.11    0.00    0.00    0.00   48.89

09時10分59秒  CPU    %usr   %nice    %sys %iowait    %irq   %soft  %steal  %guest  %gnice   %idle
09時11分00秒    0   39.36    0.00   29.79    0.00    0.00    7.45    0.00    0.00    0.00   23.40
09時11分00秒    1   34.78    0.00   17.39    0.00    0.00    2.17    0.00    0.00    0.00   45.65

09時11分00秒  CPU    %usr   %nice    %sys %iowait    %irq   %soft  %steal  %guest  %gnice   %idle
09時11分01秒    0   39.13    0.00   28.26    0.00    0.00    6.52    0.00    0.00    0.00   26.09
09時11分01秒    1   39.13    0.00   10.87    0.00    0.00    2.17    0.00    0.00    0.00   47.83

09時11分01秒  CPU    %usr   %nice    %sys %iowait    %irq   %soft  %steal  %guest  %gnice   %idle
09時11分02秒    0   35.87    0.00   27.17    0.00    0.00    6.52    0.00    0.00    0.00   30.43
09時11分02秒    1   31.52    0.00   15.22    0.00    0.00    2.17    0.00    0.00    0.00   51.09

09時11分02秒  CPU    %usr   %nice    %sys %iowait    %irq   %soft  %steal  %guest  %gnice   %idle
09時11分03秒    0   42.11    0.00   26.32    0.00    0.00    7.37    0.00    0.00    0.00   24.21
09時11分03秒    1   34.44    0.00   16.67    0.00    0.00    2.22    0.00    0.00    0.00   46.67

09時11分03秒  CPU    %usr   %nice    %sys %iowait    %irq   %soft  %steal  %guest  %gnice   %idle
09時11分04秒    0   36.17    0.00   31.91    0.00    0.00    6.38    0.00    0.00    0.00   25.53
09時11分04秒    1   33.33    0.00   17.78    0.00    0.00    1.11    0.00    0.00    0.00   47.78

09時11分04秒  CPU    %usr   %nice    %sys %iowait    %irq   %soft  %steal  %guest  %gnice   %idle
09時11分05秒    0   36.96    0.00   27.17    0.00    0.00    6.52    0.00    0.00    0.00   29.35
09時11分05秒    1   32.61    0.00   15.22    0.00    0.00    2.17    0.00    0.00    0.00   50.00

09時11分05秒  CPU    %usr   %nice    %sys %iowait    %irq   %soft  %steal  %guest  %gnice   %idle
09時11分06秒    0   36.96    0.00   27.17    0.00    0.00    7.61    0.00    0.00    0.00   28.26
09時11分06秒    1   35.56    0.00   12.22    0.00    0.00    2.22    0.00    0.00    0.00   50.00

09時11分06秒  CPU    %usr   %nice    %sys %iowait    %irq   %soft  %steal  %guest  %gnice   %idle
09時11分07秒    0   36.96    0.00   29.35    0.00    0.00    6.52    0.00    0.00    0.00   27.17
09時11分07秒    1   34.07    0.00   15.38    0.00    0.00    2.20    0.00    0.00    0.00   48.35

09時11分07秒  CPU    %usr   %nice    %sys %iowait    %irq   %soft  %steal  %guest  %gnice   %idle
09時11分08秒    0   39.13    0.00   26.09    0.00    0.00    6.52    0.00    0.00    0.00   28.26
09時11分08秒    1   33.33    0.00   14.44    0.00    0.00    2.22    0.00    0.00    0.00   50.00

09時11分08秒  CPU    %usr   %nice    %sys %iowait    %irq   %soft  %steal  %guest  %gnice   %idle
09時11分09秒    0   38.71    0.00   29.03    0.00    0.00    7.53    0.00    0.00    0.00   24.73
09時11分09秒    1   35.56    0.00   16.67    0.00    0.00    1.11    0.00    0.00    0.00   46.67

09時11分09秒  CPU    %usr   %nice    %sys %iowait    %irq   %soft  %steal  %guest  %gnice   %idle
09時11分10秒    0   43.01    0.00   24.73    0.00    0.00    6.45    0.00    0.00    0.00   25.81
09時11分10秒    1   32.97    0.00   17.58    0.00    0.00    2.20    0.00    0.00    0.00   47.25

09時11分10秒  CPU    %usr   %nice    %sys %iowait    %irq   %soft  %steal  %guest  %gnice   %idle
09時11分11秒    0   38.46    0.00   26.37    0.00    0.00    7.69    0.00    0.00    0.00   27.47
09時11分11秒    1   35.16    0.00   12.09    0.00    1.10    2.20    0.00    0.00    0.00   49.45

09時11分11秒  CPU    %usr   %nice    %sys %iowait    %irq   %soft  %steal  %guest  %gnice   %idle
09時11分12秒    0   36.26    0.00   29.67    0.00    0.00    6.59    0.00    0.00    0.00   27.47
09時11分12秒    1   33.33    0.00   17.20    0.00    0.00    2.15    0.00    0.00    0.00   47.31

09時11分12秒  CPU    %usr   %nice    %sys %iowait    %irq   %soft  %steal  %guest  %gnice   %idle
09時11分13秒    0   40.43    0.00   26.60    0.00    0.00    6.38    0.00    0.00    0.00   26.60
09時11分13秒    1   31.46    0.00   17.98    0.00    0.00    2.25    0.00    0.00    0.00   48.31

09時11分13秒  CPU    %usr   %nice    %sys %iowait    %irq   %soft  %steal  %guest  %gnice   %idle
09時11分14秒    0   35.79    0.00   30.53    0.00    0.00    7.37    0.00    0.00    0.00   26.32
09時11分14秒    1   32.97    0.00   16.48    0.00    0.00    2.20    0.00    0.00    0.00   48.35

09時11分14秒  CPU    %usr   %nice    %sys %iowait    %irq   %soft  %steal  %guest  %gnice   %idle
09時11分15秒    0   38.89    0.00   27.78    0.00    0.00    6.67    0.00    0.00    0.00   26.67
09時11分15秒    1   32.97    0.00   17.58    0.00    0.00    1.10    0.00    0.00    0.00   48.35

09時11分15秒  CPU    %usr   %nice    %sys %iowait    %irq   %soft  %steal  %guest  %gnice   %idle
09時11分16秒    0   37.23    0.00   30.85    0.00    0.00    7.45    0.00    0.00    0.00   24.47
09時11分16秒    1   31.52    0.00   19.57    0.00    0.00    2.17    0.00    0.00    0.00   46.74

09時11分16秒  CPU    %usr   %nice    %sys %iowait    %irq   %soft  %steal  %guest  %gnice   %idle
09時11分17秒    0   34.41    0.00   30.11    0.00    0.00    6.45    0.00    0.00    0.00   29.03
09時11分17秒    1   34.07    0.00   13.19    0.00    0.00    2.20    0.00    0.00    0.00   50.55

09時11分17秒  CPU    %usr   %nice    %sys %iowait    %irq   %soft  %steal  %guest  %gnice   %idle
09時11分18秒    0   37.63    0.00   25.81    0.00    1.08    6.45    0.00    0.00    0.00   29.03
09時11分18秒    1   36.26    0.00   12.09    0.00    0.00    2.20    0.00    0.00    0.00   49.45

09時11分18秒  CPU    %usr   %nice    %sys %iowait    %irq   %soft  %steal  %guest  %gnice   %idle
09時11分19秒    0   35.16    0.00   30.77    0.00    0.00    6.59    0.00    0.00    0.00   27.47
09時11分19秒    1   35.87    0.00   14.13    0.00    0.00    2.17    0.00    0.00    0.00   47.83

平均時間：  CPU    %usr   %nice    %sys %iowait    %irq   %soft  %steal  %guest  %gnice   %idle
平均時間：    0   38.67    0.00   27.34    0.00    0.06    6.85    0.00    0.00    0.00   27.07
平均時間：    1   34.17    0.00   15.32    0.00    0.05    1.99    0.00    0.00    0.00   48.47
