Linux 5.6.15-arch1-1 (archlinux) 	西元2020年06月29日 	_x86_64_	(12 CPU)

08時58分51秒  CPU    %usr   %nice    %sys %iowait    %irq   %soft  %steal  %guest  %gnice   %idle
08時58分52秒    0   35.87    0.00   30.43    0.00    0.00    6.52    0.00    0.00    0.00   27.17
08時58分52秒    1   36.26    0.00   12.09    0.00    0.00    2.20    0.00    0.00    0.00   49.45

08時58分52秒  CPU    %usr   %nice    %sys %iowait    %irq   %soft  %steal  %guest  %gnice   %idle
08時58分53秒    0   40.43    0.00   25.53    0.00    0.00    6.38    0.00    0.00    0.00   27.66
08時58分53秒    1   34.78    0.00   14.13    0.00    0.00    1.09    0.00    0.00    0.00   50.00

08時58分53秒  CPU    %usr   %nice    %sys %iowait    %irq   %soft  %steal  %guest  %gnice   %idle
08時58分54秒    0   38.71    0.00   26.88    0.00    0.00    6.45    0.00    0.00    0.00   27.96
08時58分54秒    1   35.56    0.00   12.22    0.00    0.00    2.22    0.00    0.00    0.00   50.00

08時58分54秒  CPU    %usr   %nice    %sys %iowait    %irq   %soft  %steal  %guest  %gnice   %idle
08時58分55秒    0   42.27    0.00   26.80    0.00    0.00    7.22    0.00    0.00    0.00   23.71
08時58分55秒    1   33.71    0.00   16.85    0.00    0.00    2.25    0.00    0.00    0.00   47.19

08時58分55秒  CPU    %usr   %nice    %sys %iowait    %irq   %soft  %steal  %guest  %gnice   %idle
08時58分56秒    0   35.56    0.00   28.89    0.00    0.00    6.67    0.00    0.00    0.00   28.89
08時58分56秒    1   32.97    0.00   14.29    0.00    0.00    2.20    0.00    0.00    0.00   50.55

08時58分56秒  CPU    %usr   %nice    %sys %iowait    %irq   %soft  %steal  %guest  %gnice   %idle
08時58分57秒    0   36.26    0.00   30.77    0.00    0.00    6.59    0.00    0.00    0.00   26.37
08時58分57秒    1   35.56    0.00   14.44    0.00    0.00    2.22    0.00    0.00    0.00   47.78

08時58分57秒  CPU    %usr   %nice    %sys %iowait    %irq   %soft  %steal  %guest  %gnice   %idle
08時58分58秒    0   37.23    0.00   28.72    0.00    0.00    7.45    0.00    0.00    0.00   26.60
08時58分58秒    1   32.61    0.00   18.48    0.00    0.00    1.09    0.00    0.00    0.00   47.83

08時58分58秒  CPU    %usr   %nice    %sys %iowait    %irq   %soft  %steal  %guest  %gnice   %idle
08時58分59秒    0   35.87    0.00   32.61    0.00    0.00    6.52    0.00    0.00    0.00   25.00
08時58分59秒    1   32.97    0.00   16.48    0.00    0.00    2.20    0.00    0.00    0.00   48.35

08時58分59秒  CPU    %usr   %nice    %sys %iowait    %irq   %soft  %steal  %guest  %gnice   %idle
08時59分00秒    0   40.86    0.00   25.81    0.00    0.00    6.45    0.00    0.00    0.00   26.88
08時59分00秒    1   38.04    0.00   13.04    0.00    0.00    2.17    0.00    0.00    0.00   46.74

08時59分00秒  CPU    %usr   %nice    %sys %iowait    %irq   %soft  %steal  %guest  %gnice   %idle
08時59分01秒    0   40.22    0.00   25.00    0.00    0.00    7.61    0.00    0.00    0.00   27.17
08時59分01秒    1   34.07    0.00   13.19    0.00    0.00    2.20    0.00    0.00    0.00   50.55

08時59分01秒  CPU    %usr   %nice    %sys %iowait    %irq   %soft  %steal  %guest  %gnice   %idle
08時59分02秒    0   40.66    0.00   27.47    0.00    0.00    6.59    0.00    0.00    0.00   25.27
08時59分02秒    1   35.48    0.00   16.13    0.00    0.00    2.15    0.00    0.00    0.00   46.24

08時59分02秒  CPU    %usr   %nice    %sys %iowait    %irq   %soft  %steal  %guest  %gnice   %idle
08時59分03秒    0   37.78    0.00   27.78    0.00    0.00    6.67    0.00    0.00    0.00   27.78
08時59分03秒    1   33.71    0.00   14.61    0.00    0.00    1.12    0.00    0.00    0.00   50.56

08時59分03秒  CPU    %usr   %nice    %sys %iowait    %irq   %soft  %steal  %guest  %gnice   %idle
08時59分04秒    0   37.23    0.00   27.66    0.00    0.00    7.45    0.00    0.00    0.00   27.66
08時59分04秒    1   34.41    0.00   15.05    0.00    0.00    2.15    0.00    0.00    0.00   48.39

08時59分04秒  CPU    %usr   %nice    %sys %iowait    %irq   %soft  %steal  %guest  %gnice   %idle
08時59分05秒    0   35.48    0.00   30.11    0.00    0.00    6.45    0.00    0.00    0.00   27.96
08時59分05秒    1   34.41    0.00   13.98    0.00    0.00    2.15    0.00    0.00    0.00   49.46

08時59分05秒  CPU    %usr   %nice    %sys %iowait    %irq   %soft  %steal  %guest  %gnice   %idle
08時59分06秒    0   43.48    0.00   23.91    0.00    0.00    6.52    0.00    0.00    0.00   26.09
08時59分06秒    1   31.52    0.00   18.48    0.00    0.00    2.17    0.00    0.00    0.00   47.83

08時59分06秒  CPU    %usr   %nice    %sys %iowait    %irq   %soft  %steal  %guest  %gnice   %idle
08時59分07秒    0   39.78    0.00   26.88    0.00    1.08    7.53    0.00    0.00    0.00   24.73
08時59分07秒    1   33.33    0.00   17.20    0.00    0.00    2.15    0.00    0.00    0.00   47.31

08時59分07秒  CPU    %usr   %nice    %sys %iowait    %irq   %soft  %steal  %guest  %gnice   %idle
08時59分08秒    0   38.04    0.00   27.17    0.00    0.00    6.52    0.00    0.00    0.00   28.26
08時59分08秒    1   36.67    0.00   12.22    0.00    0.00    1.11    0.00    0.00    0.00   50.00

08時59分08秒  CPU    %usr   %nice    %sys %iowait    %irq   %soft  %steal  %guest  %gnice   %idle
08時59分09秒    0   40.00    0.00   24.44    0.00    0.00    6.67    0.00    0.00    0.00   28.89
08時59分09秒    1   30.34    0.00   15.73    0.00    0.00    2.25    0.00    0.00    0.00   51.69

08時59分09秒  CPU    %usr   %nice    %sys %iowait    %irq   %soft  %steal  %guest  %gnice   %idle
08時59分10秒    0   38.89    0.00   25.56    0.00    0.00    6.67    0.00    0.00    0.00   28.89
08時59分10秒    1   31.87    0.00   16.48    0.00    0.00    2.20    0.00    0.00    0.00   49.45

08時59分10秒  CPU    %usr   %nice    %sys %iowait    %irq   %soft  %steal  %guest  %gnice   %idle
08時59分11秒    0   41.67    0.00   27.08    0.00    0.00    7.29    0.00    0.00    0.00   23.96
08時59分11秒    1   35.16    0.00   16.48    0.00    0.00    2.20    0.00    0.00    0.00   46.15

08時59分11秒  CPU    %usr   %nice    %sys %iowait    %irq   %soft  %steal  %guest  %gnice   %idle
08時59分12秒    0   37.63    0.00   29.03    0.00    0.00    6.45    0.00    0.00    0.00   26.88
08時59分12秒    1   33.33    0.00   14.44    0.00    0.00    2.22    0.00    0.00    0.00   50.00

08時59分12秒  CPU    %usr   %nice    %sys %iowait    %irq   %soft  %steal  %guest  %gnice   %idle
08時59分13秒    0   39.56    0.00   26.37    0.00    0.00    6.59    0.00    0.00    0.00   27.47
08時59分13秒    1   32.97    0.00   15.38    0.00    1.10    1.10    0.00    0.00    0.00   49.45

08時59分13秒  CPU    %usr   %nice    %sys %iowait    %irq   %soft  %steal  %guest  %gnice   %idle
08時59分14秒    0   37.23    0.00   28.72    0.00    0.00    7.45    0.00    0.00    0.00   26.60
08時59分14秒    1   32.22    0.00   17.78    0.00    0.00    2.22    0.00    0.00    0.00   47.78

08時59分14秒  CPU    %usr   %nice    %sys %iowait    %irq   %soft  %steal  %guest  %gnice   %idle
08時59分15秒    0   34.41    0.00   30.11    0.00    0.00    6.45    0.00    0.00    0.00   29.03
08時59分15秒    1   34.78    0.00   11.96    0.00    0.00    2.17    0.00    0.00    0.00   51.09

08時59分15秒  CPU    %usr   %nice    %sys %iowait    %irq   %soft  %steal  %guest  %gnice   %idle
08時59分16秒    0   34.41    0.00   33.33    0.00    0.00    6.45    0.00    0.00    0.00   25.81
08時59分16秒    1   36.96    0.00   13.04    0.00    0.00    2.17    0.00    0.00    0.00   47.83

08時59分16秒  CPU    %usr   %nice    %sys %iowait    %irq   %soft  %steal  %guest  %gnice   %idle
08時59分17秒    0   40.22    0.00   28.26    0.00    0.00    6.52    0.00    0.00    0.00   25.00
08時59分17秒    1   36.26    0.00   14.29    0.00    0.00    2.20    0.00    0.00    0.00   47.25

08時59分17秒  CPU    %usr   %nice    %sys %iowait    %irq   %soft  %steal  %guest  %gnice   %idle
08時59分18秒    0   36.56    0.00   32.26    0.00    0.00    7.53    0.00    0.00    0.00   23.66
08時59分18秒    1   35.16    0.00   16.48    0.00    0.00    2.20    0.00    0.00    0.00   46.15

08時59分18秒  CPU    %usr   %nice    %sys %iowait    %irq   %soft  %steal  %guest  %gnice   %idle
08時59分19秒    0   35.48    0.00   31.18    0.00    0.00    6.45    0.00    0.00    0.00   26.88
08時59分19秒    1   34.83    0.00   14.61    0.00    0.00    1.12    0.00    0.00    0.00   49.44

08時59分19秒  CPU    %usr   %nice    %sys %iowait    %irq   %soft  %steal  %guest  %gnice   %idle
08時59分20秒    0   36.56    0.00   31.18    0.00    0.00    7.53    0.00    0.00    0.00   24.73
08時59分20秒    1   35.16    0.00   15.38    0.00    0.00    2.20    0.00    0.00    0.00   47.25

08時59分20秒  CPU    %usr   %nice    %sys %iowait    %irq   %soft  %steal  %guest  %gnice   %idle
08時59分21秒    0   39.78    0.00   27.96    0.00    0.00    6.45    0.00    0.00    0.00   25.81
08時59分21秒    1   35.87    0.00   15.22    0.00    0.00    2.17    0.00    0.00    0.00   46.74

08時59分21秒  CPU    %usr   %nice    %sys %iowait    %irq   %soft  %steal  %guest  %gnice   %idle
08時59分22秒    0   37.23    0.00   29.79    0.00    0.00    7.45    0.00    0.00    0.00   25.53
08時59分22秒    1   34.83    0.00   13.48    0.00    0.00    2.25    0.00    0.00    0.00   49.44

08時59分22秒  CPU    %usr   %nice    %sys %iowait    %irq   %soft  %steal  %guest  %gnice   %idle
08時59分23秒    0   39.78    0.00   26.88    0.00    0.00    6.45    0.00    0.00    0.00   26.88
08時59分23秒    1   34.44    0.00   13.33    0.00    0.00    2.22    0.00    0.00    0.00   50.00

08時59分23秒  CPU    %usr   %nice    %sys %iowait    %irq   %soft  %steal  %guest  %gnice   %idle
08時59分24秒    0   40.86    0.00   27.96    0.00    0.00    6.45    0.00    0.00    0.00   24.73
08時59分24秒    1   40.86    0.00   22.58    0.00    0.00    1.08    0.00    0.00    0.00   35.48

08時59分24秒  CPU    %usr   %nice    %sys %iowait    %irq   %soft  %steal  %guest  %gnice   %idle
08時59分25秒    0   33.33    0.00   32.22    0.00    0.00    7.78    0.00    0.00    0.00   26.67
08時59分25秒    1   35.56    0.00   15.56    0.00    0.00    2.22    0.00    0.00    0.00   46.67

08時59分25秒  CPU    %usr   %nice    %sys %iowait    %irq   %soft  %steal  %guest  %gnice   %idle
08時59分26秒    0   39.36    0.00   28.72    0.00    1.06    6.38    0.00    0.00    0.00   24.47
08時59分26秒    1   31.87    0.00   18.68    0.00    0.00    2.20    0.00    0.00    0.00   47.25

08時59分26秒  CPU    %usr   %nice    %sys %iowait    %irq   %soft  %steal  %guest  %gnice   %idle
08時59分27秒    0   41.49    0.00   25.53    0.00    0.00    7.45    0.00    0.00    0.00   25.53
08時59分27秒    1   39.56    0.00    9.89    0.00    0.00    2.20    0.00    0.00    0.00   48.35

08時59分27秒  CPU    %usr   %nice    %sys %iowait    %irq   %soft  %steal  %guest  %gnice   %idle
08時59分28秒    0   40.22    0.00   27.17    0.00    0.00    6.52    0.00    0.00    0.00   26.09
08時59分28秒    1   36.26    0.00   14.29    0.00    0.00    2.20    0.00    0.00    0.00   47.25

08時59分28秒  CPU    %usr   %nice    %sys %iowait    %irq   %soft  %steal  %guest  %gnice   %idle
08時59分29秒    0   38.04    0.00   28.26    0.00    0.00    6.52    0.00    0.00    0.00   27.17
08時59分29秒    1   35.87    0.00   13.04    0.00    0.00    2.17    0.00    0.00    0.00   48.91

08時59分29秒  CPU    %usr   %nice    %sys %iowait    %irq   %soft  %steal  %guest  %gnice   %idle
08時59分30秒    0   36.96    0.00   27.17    0.00    0.00    6.52    0.00    0.00    0.00   29.35
08時59分30秒    1   34.44    0.00   14.44    0.00    0.00    1.11    0.00    0.00    0.00   50.00

08時59分30秒  CPU    %usr   %nice    %sys %iowait    %irq   %soft  %steal  %guest  %gnice   %idle
08時59分31秒    0   35.48    0.00   30.11    0.00    0.00    7.53    0.00    0.00    0.00   26.88
08時59分31秒    1   33.71    0.00   14.61    0.00    0.00    2.25    0.00    0.00    0.00   49.44

08時59分31秒  CPU    %usr   %nice    %sys %iowait    %irq   %soft  %steal  %guest  %gnice   %idle
08時59分32秒    0   38.71    0.00   29.03    0.00    0.00    6.45    0.00    0.00    0.00   25.81
08時59分32秒    1   36.26    0.00   13.19    0.00    0.00    2.20    0.00    0.00    0.00   48.35

08時59分32秒  CPU    %usr   %nice    %sys %iowait    %irq   %soft  %steal  %guest  %gnice   %idle
08時59分33秒    0   38.04    0.00   27.17    0.00    0.00    6.52    0.00    0.00    0.00   28.26
08時59分33秒    1   32.58    0.00   14.61    0.00    0.00    2.25    0.00    0.00    0.00   50.56

08時59分33秒  CPU    %usr   %nice    %sys %iowait    %irq   %soft  %steal  %guest  %gnice   %idle
08時59分34秒    0   31.52    0.00   33.70    0.00    0.00    6.52    0.00    0.00    0.00   28.26
08時59分34秒    1   34.07    0.00   15.38    0.00    0.00    1.10    0.00    0.00    0.00   49.45

08時59分34秒  CPU    %usr   %nice    %sys %iowait    %irq   %soft  %steal  %guest  %gnice   %idle
08時59分35秒    0   35.87    0.00   29.35    0.00    0.00    7.61    0.00    0.00    0.00   27.17
08時59分35秒    1   31.87    0.00   16.48    0.00    0.00    2.20    0.00    0.00    0.00   49.45

08時59分35秒  CPU    %usr   %nice    %sys %iowait    %irq   %soft  %steal  %guest  %gnice   %idle
08時59分36秒    0   34.41    0.00   33.33    0.00    0.00    6.45    0.00    0.00    0.00   25.81
08時59分36秒    1   36.96    0.00   14.13    0.00    0.00    2.17    0.00    0.00    0.00   46.74

08時59分36秒  CPU    %usr   %nice    %sys %iowait    %irq   %soft  %steal  %guest  %gnice   %idle
08時59分37秒    0   36.96    0.00   28.26    0.00    0.00    6.52    0.00    0.00    0.00   28.26
08時59分37秒    1   32.97    0.00   15.38    0.00    0.00    2.20    0.00    0.00    0.00   49.45

08時59分37秒  CPU    %usr   %nice    %sys %iowait    %irq   %soft  %steal  %guest  %gnice   %idle
08時59分38秒    0   36.96    0.00   30.43    0.00    0.00    7.61    0.00    0.00    0.00   25.00
08時59分38秒    1   31.52    0.00   18.48    0.00    1.09    2.17    0.00    0.00    0.00   46.74

08時59分38秒  CPU    %usr   %nice    %sys %iowait    %irq   %soft  %steal  %guest  %gnice   %idle
08時59分39秒    0   30.77    0.00   36.26    0.00    0.00    6.59    0.00    0.00    0.00   26.37
08時59分39秒    1   30.00    0.00   18.89    0.00    0.00    2.22    0.00    0.00    0.00   48.89

08時59分39秒  CPU    %usr   %nice    %sys %iowait    %irq   %soft  %steal  %guest  %gnice   %idle
08時59分40秒    0   37.36    0.00   28.57    0.00    0.00    7.69    0.00    0.00    0.00   26.37
08時59分40秒    1   30.77    0.00   20.88    0.00    0.00    1.10    0.00    0.00    0.00   47.25

08時59分40秒  CPU    %usr   %nice    %sys %iowait    %irq   %soft  %steal  %guest  %gnice   %idle
08時59分41秒    0   34.78    0.00   29.35    0.00    0.00    6.52    0.00    0.00    0.00   29.35
08時59分41秒    1   29.21    0.00   17.98    0.00    0.00    2.25    0.00    0.00    0.00   50.56

08時59分41秒  CPU    %usr   %nice    %sys %iowait    %irq   %soft  %steal  %guest  %gnice   %idle
08時59分42秒    0   40.66    0.00   25.27    0.00    0.00    6.59    0.00    0.00    0.00   27.47
08時59分42秒    1   32.61    0.00   16.30    0.00    0.00    2.17    0.00    0.00    0.00   48.91

08時59分42秒  CPU    %usr   %nice    %sys %iowait    %irq   %soft  %steal  %guest  %gnice   %idle
08時59分43秒    0   37.63    0.00   27.96    0.00    0.00    6.45    0.00    0.00    0.00   27.96
08時59分43秒    1   32.22    0.00   15.56    0.00    0.00    2.22    0.00    0.00    0.00   50.00

08時59分43秒  CPU    %usr   %nice    %sys %iowait    %irq   %soft  %steal  %guest  %gnice   %idle
08時59分44秒    0   37.63    0.00   25.81    0.00    1.08    6.45    0.00    0.00    0.00   29.03
08時59分44秒    1   32.22    0.00   16.67    0.00    0.00    1.11    0.00    0.00    0.00   50.00

08時59分44秒  CPU    %usr   %nice    %sys %iowait    %irq   %soft  %steal  %guest  %gnice   %idle
08時59分45秒    0   36.56    0.00   29.03    0.00    0.00    7.53    0.00    0.00    0.00   26.88
08時59分45秒    1   35.96    0.00   12.36    0.00    0.00    2.25    0.00    0.00    0.00   49.44

08時59分45秒  CPU    %usr   %nice    %sys %iowait    %irq   %soft  %steal  %guest  %gnice   %idle
08時59分46秒    0   41.76    0.00   27.47    0.00    0.00    6.59    0.00    0.00    0.00   24.18
08時59分46秒    1   32.97    0.00   17.58    0.00    0.00    2.20    0.00    0.00    0.00   47.25

08時59分46秒  CPU    %usr   %nice    %sys %iowait    %irq   %soft  %steal  %guest  %gnice   %idle
08時59分47秒    0   36.96    0.00   29.35    0.00    0.00    6.52    0.00    0.00    0.00   27.17
08時59分47秒    1   34.44    0.00   14.44    0.00    0.00    2.22    0.00    0.00    0.00   48.89

08時59分47秒  CPU    %usr   %nice    %sys %iowait    %irq   %soft  %steal  %guest  %gnice   %idle
08時59分48秒    0   38.54    0.00   28.12    0.00    0.00    7.29    0.00    0.00    0.00   26.04
08時59分48秒    1   38.04    0.00   11.96    0.00    0.00    2.17    0.00    0.00    0.00   47.83

08時59分48秒  CPU    %usr   %nice    %sys %iowait    %irq   %soft  %steal  %guest  %gnice   %idle
08時59分49秒    0   41.11    0.00   26.67    0.00    0.00    6.67    0.00    0.00    0.00   25.56
08時59分49秒    1   33.70    0.00   17.39    0.00    0.00    2.17    0.00    0.00    0.00   46.74

08時59分49秒  CPU    %usr   %nice    %sys %iowait    %irq   %soft  %steal  %guest  %gnice   %idle
08時59分50秒    0   38.89    0.00   26.67    0.00    0.00    6.67    0.00    0.00    0.00   27.78
08時59分50秒    1   33.33    0.00   16.67    0.00    0.00    1.11    0.00    0.00    0.00   48.89

08時59分50秒  CPU    %usr   %nice    %sys %iowait    %irq   %soft  %steal  %guest  %gnice   %idle
08時59分51秒    0   38.30    0.00   27.66    0.00    0.00    7.45    0.00    0.00    0.00   26.60
08時59分51秒    1   31.87    0.00   16.48    0.00    0.00    2.20    0.00    0.00    0.00   49.45

08時59分51秒  CPU    %usr   %nice    %sys %iowait    %irq   %soft  %steal  %guest  %gnice   %idle
08時59分52秒    0   40.00    0.00   27.37    0.00    0.00    6.32    0.00    0.00    0.00   26.32
08時59分52秒    1   35.48    0.00   15.05    0.00    0.00    2.15    0.00    0.00    0.00   47.31

08時59分52秒  CPU    %usr   %nice    %sys %iowait    %irq   %soft  %steal  %guest  %gnice   %idle
08時59分53秒    0   38.46    0.00   28.57    0.00    0.00    6.59    0.00    0.00    0.00   26.37
08時59分53秒    1   33.33    0.00   16.13    0.00    0.00    2.15    0.00    0.00    0.00   48.39

08時59分53秒  CPU    %usr   %nice    %sys %iowait    %irq   %soft  %steal  %guest  %gnice   %idle
08時59分54秒    0   39.78    0.00   29.03    0.00    0.00    7.53    0.00    0.00    0.00   23.66
08時59分54秒    1   35.56    0.00   15.56    0.00    0.00    2.22    0.00    0.00    0.00   46.67

08時59分54秒  CPU    %usr   %nice    %sys %iowait    %irq   %soft  %steal  %guest  %gnice   %idle
08時59分55秒    0   35.16    0.00   32.97    0.00    0.00    6.59    0.00    0.00    0.00   25.27
08時59分55秒    1   35.87    0.00   16.30    0.00    0.00    1.09    0.00    0.00    0.00   46.74

08時59分55秒  CPU    %usr   %nice    %sys %iowait    %irq   %soft  %steal  %guest  %gnice   %idle
08時59分56秒    0   37.23    0.00   27.66    0.00    0.00    7.45    0.00    0.00    0.00   27.66
08時59分56秒    1   32.98    0.00   17.02    0.00    0.00    2.13    0.00    0.00    0.00   47.87

08時59分56秒  CPU    %usr   %nice    %sys %iowait    %irq   %soft  %steal  %guest  %gnice   %idle
08時59分57秒    0   42.39    0.00   27.17    0.00    0.00    6.52    0.00    0.00    0.00   23.91
08時59分57秒    1   36.26    0.00   15.38    0.00    0.00    2.20    0.00    0.00    0.00   46.15

08時59分57秒  CPU    %usr   %nice    %sys %iowait    %irq   %soft  %steal  %guest  %gnice   %idle
08時59分58秒    0   35.56    0.00   30.00    0.00    0.00    6.67    0.00    0.00    0.00   27.78
08時59分58秒    1   32.22    0.00   15.56    0.00    0.00    2.22    0.00    0.00    0.00   50.00

08時59分58秒  CPU    %usr   %nice    %sys %iowait    %irq   %soft  %steal  %guest  %gnice   %idle
08時59分59秒    0   42.86    0.00   20.88    0.00    0.00    7.69    0.00    0.00    0.00   28.57
08時59分59秒    1   35.16    0.00   13.19    0.00    0.00    2.20    0.00    0.00    0.00   49.45

08時59分59秒  CPU    %usr   %nice    %sys %iowait    %irq   %soft  %steal  %guest  %gnice   %idle
09時00分00秒    0   38.46    0.00   27.47    0.00    0.00    6.59    0.00    0.00    0.00   27.47
09時00分00秒    1   34.07    0.00   14.29    0.00    0.00    2.20    0.00    0.00    0.00   49.45

09時00分00秒  CPU    %usr   %nice    %sys %iowait    %irq   %soft  %steal  %guest  %gnice   %idle
09時00分01秒    0   36.56    0.00   30.11    0.00    0.00    6.45    0.00    0.00    0.00   26.88
09時00分01秒    1   38.04    0.00   13.04    0.00    0.00    1.09    0.00    0.00    0.00   47.83

09時00分01秒  CPU    %usr   %nice    %sys %iowait    %irq   %soft  %steal  %guest  %gnice   %idle
09時00分02秒    0   38.30    0.00   29.79    0.00    0.00    7.45    0.00    0.00    0.00   24.47
09時00分02秒    1   37.36    0.00   12.09    0.00    0.00    2.20    0.00    0.00    0.00   48.35

09時00分02秒  CPU    %usr   %nice    %sys %iowait    %irq   %soft  %steal  %guest  %gnice   %idle
09時00分03秒    0   36.17    0.00   27.66    0.00    1.06    6.38    0.00    0.00    0.00   28.72
09時00分03秒    1   28.26    0.00   18.48    0.00    1.09    2.17    0.00    0.00    0.00   50.00

09時00分03秒  CPU    %usr   %nice    %sys %iowait    %irq   %soft  %steal  %guest  %gnice   %idle
09時00分04秒    0   40.00    0.00   27.78    0.00    0.00    6.67    0.00    0.00    0.00   25.56
09時00分04秒    1   36.67    0.00   12.22    0.00    0.00    2.22    0.00    0.00    0.00   48.89

09時00分04秒  CPU    %usr   %nice    %sys %iowait    %irq   %soft  %steal  %guest  %gnice   %idle
09時00分05秒    0   39.56    0.00   29.67    0.00    0.00    7.69    0.00    0.00    0.00   23.08
09時00分05秒    1   31.87    0.00   19.78    0.00    0.00    2.20    0.00    0.00    0.00   46.15

09時00分05秒  CPU    %usr   %nice    %sys %iowait    %irq   %soft  %steal  %guest  %gnice   %idle
09時00分06秒    0   38.95    0.00   28.42    0.00    0.00    6.32    0.00    0.00    0.00   26.32
09時00分06秒    1   36.56    0.00   15.05    0.00    0.00    1.08    0.00    0.00    0.00   47.31

09時00分06秒  CPU    %usr   %nice    %sys %iowait    %irq   %soft  %steal  %guest  %gnice   %idle
09時00分07秒    0   38.20    0.00   28.09    0.00    0.00    6.74    0.00    0.00    0.00   26.97
09時00分07秒    1   31.87    0.00   16.48    0.00    0.00    2.20    0.00    0.00    0.00   49.45

09時00分07秒  CPU    %usr   %nice    %sys %iowait    %irq   %soft  %steal  %guest  %gnice   %idle
09時00分08秒    0   33.70    0.00   32.61    0.00    0.00    7.61    0.00    0.00    0.00   26.09
09時00分08秒    1   30.43    0.00   20.65    0.00    0.00    2.17    0.00    0.00    0.00   46.74

09時00分08秒  CPU    %usr   %nice    %sys %iowait    %irq   %soft  %steal  %guest  %gnice   %idle
09時00分09秒    0   38.04    0.00   28.26    0.00    0.00    6.52    0.00    0.00    0.00   27.17
09時00分09秒    1   35.56    0.00   13.33    0.00    0.00    2.22    0.00    0.00    0.00   48.89

09時00分09秒  CPU    %usr   %nice    %sys %iowait    %irq   %soft  %steal  %guest  %gnice   %idle
09時00分10秒    0   33.70    0.00   31.52    0.00    0.00    6.52    0.00    0.00    0.00   28.26
09時00分10秒    1   35.16    0.00   13.19    0.00    0.00    2.20    0.00    0.00    0.00   49.45

09時00分10秒  CPU    %usr   %nice    %sys %iowait    %irq   %soft  %steal  %guest  %gnice   %idle
09時00分11秒    0   34.78    0.00   30.43    0.00    0.00    6.52    0.00    0.00    0.00   28.26
09時00分11秒    1   32.58    0.00   14.61    0.00    0.00    1.12    0.00    0.00    0.00   51.69

09時00分11秒  CPU    %usr   %nice    %sys %iowait    %irq   %soft  %steal  %guest  %gnice   %idle
09時00分12秒    0   34.74    0.00   31.58    0.00    0.00    7.37    0.00    0.00    0.00   26.32
09時00分12秒    1   31.87    0.00   17.58    0.00    0.00    2.20    0.00    0.00    0.00   48.35

09時00分12秒  CPU    %usr   %nice    %sys %iowait    %irq   %soft  %steal  %guest  %gnice   %idle
09時00分13秒    0   41.94    0.00   25.81    0.00    0.00    6.45    0.00    0.00    0.00   25.81
09時00分13秒    1   33.70    0.00   16.30    0.00    0.00    2.17    0.00    0.00    0.00   47.83

09時00分13秒  CPU    %usr   %nice    %sys %iowait    %irq   %soft  %steal  %guest  %gnice   %idle
09時00分14秒    0   38.30    0.00   27.66    0.00    0.00    6.38    0.00    0.00    0.00   27.66
09時00分14秒    1   34.44    0.00   13.33    0.00    0.00    2.22    0.00    0.00    0.00   50.00

09時00分14秒  CPU    %usr   %nice    %sys %iowait    %irq   %soft  %steal  %guest  %gnice   %idle
09時00分15秒    0   35.11    0.00   30.85    0.00    0.00    7.45    0.00    0.00    0.00   26.60
09時00分15秒    1   33.33    0.00   14.44    0.00    0.00    2.22    0.00    0.00    0.00   50.00

09時00分15秒  CPU    %usr   %nice    %sys %iowait    %irq   %soft  %steal  %guest  %gnice   %idle
09時00分16秒    0   39.78    0.00   27.96    0.00    0.00    6.45    0.00    0.00    0.00   25.81
09時00分16秒    1   36.26    0.00   14.29    0.00    0.00    1.10    0.00    0.00    0.00   48.35

09時00分16秒  CPU    %usr   %nice    %sys %iowait    %irq   %soft  %steal  %guest  %gnice   %idle
09時00分17秒    0   38.71    0.00   25.81    0.00    0.00    6.45    0.00    0.00    0.00   29.03
09時00分17秒    1   32.97    0.00   14.29    0.00    0.00    2.20    0.00    0.00    0.00   50.55

09時00分17秒  CPU    %usr   %nice    %sys %iowait    %irq   %soft  %steal  %guest  %gnice   %idle
09時00分18秒    0   39.78    0.00   24.73    0.00    0.00    6.45    0.00    0.00    0.00   29.03
09時00分18秒    1   34.07    0.00   13.19    0.00    0.00    2.20    0.00    0.00    0.00   50.55

09時00分18秒  CPU    %usr   %nice    %sys %iowait    %irq   %soft  %steal  %guest  %gnice   %idle
09時00分19秒    0   39.78    0.00   29.03    0.00    0.00    7.53    0.00    0.00    0.00   23.66
09時00分19秒    1   34.78    0.00   16.30    0.00    0.00    2.17    0.00    0.00    0.00   46.74

09時00分19秒  CPU    %usr   %nice    %sys %iowait    %irq   %soft  %steal  %guest  %gnice   %idle
09時00分20秒    0   37.89    0.00   24.21    0.00    0.00    6.32    0.00    0.00    0.00   31.58
09時00分20秒    1   32.22    0.00   13.33    0.00    1.11    1.11    0.00    0.00    0.00   52.22

09時00分20秒  CPU    %usr   %nice    %sys %iowait    %irq   %soft  %steal  %guest  %gnice   %idle
09時00分21秒    0   36.84    0.00   31.58    0.00    0.00    6.32    0.00    0.00    0.00   25.26
09時00分21秒    1   37.78    0.00   11.11    0.00    0.00    2.22    0.00    0.00    0.00   48.89

09時00分21秒  CPU    %usr   %nice    %sys %iowait    %irq   %soft  %steal  %guest  %gnice   %idle
09時00分22秒    0   38.04    0.00   28.26    0.00    1.09    6.52    0.00    0.00    0.00   26.09
09時00分22秒    1   31.46    0.00   16.85    0.00    0.00    2.25    0.00    0.00    0.00   49.44

09時00分22秒  CPU    %usr   %nice    %sys %iowait    %irq   %soft  %steal  %guest  %gnice   %idle
09時00分23秒    0   37.89    0.00   27.37    0.00    0.00    7.37    0.00    0.00    0.00   27.37
09時00分23秒    1   35.56    0.00   13.33    0.00    0.00    2.22    0.00    0.00    0.00   48.89

09時00分23秒  CPU    %usr   %nice    %sys %iowait    %irq   %soft  %steal  %guest  %gnice   %idle
09時00分24秒    0   42.86    0.00   25.27    0.00    0.00    6.59    0.00    0.00    0.00   25.27
09時00分24秒    1   37.63    0.00   12.90    0.00    0.00    2.15    0.00    0.00    0.00   47.31

09時00分24秒  CPU    %usr   %nice    %sys %iowait    %irq   %soft  %steal  %guest  %gnice   %idle
09時00分25秒    0   34.74    0.00   33.68    0.00    0.00    7.37    0.00    0.00    0.00   24.21
09時00分25秒    1   37.08    0.00   13.48    0.00    0.00    1.12    0.00    0.00    0.00   48.31

09時00分25秒  CPU    %usr   %nice    %sys %iowait    %irq   %soft  %steal  %guest  %gnice   %idle
09時00分26秒    0   36.56    0.00   31.18    0.00    0.00    6.45    0.00    0.00    0.00   25.81
09時00分26秒    1   38.04    0.00   11.96    0.00    0.00    2.17    0.00    0.00    0.00   47.83

09時00分26秒  CPU    %usr   %nice    %sys %iowait    %irq   %soft  %steal  %guest  %gnice   %idle
09時00分27秒    0   37.36    0.00   29.67    0.00    0.00    6.59    0.00    0.00    0.00   26.37
09時00分27秒    1   31.52    0.00   18.48    0.00    0.00    2.17    0.00    0.00    0.00   47.83

09時00分27秒  CPU    %usr   %nice    %sys %iowait    %irq   %soft  %steal  %guest  %gnice   %idle
09時00分28秒    0   36.56    0.00   30.11    0.00    0.00    7.53    0.00    0.00    0.00   25.81
09時00分28秒    1   35.56    0.00   14.44    0.00    0.00    2.22    0.00    0.00    0.00   47.78

09時00分28秒  CPU    %usr   %nice    %sys %iowait    %irq   %soft  %steal  %guest  %gnice   %idle
09時00分29秒    0   43.48    0.00   22.83    0.00    0.00    6.52    0.00    0.00    0.00   27.17
09時00分29秒    1   33.33    0.00   15.56    0.00    0.00    2.22    0.00    0.00    0.00   48.89

09時00分29秒  CPU    %usr   %nice    %sys %iowait    %irq   %soft  %steal  %guest  %gnice   %idle
09時00分30秒    0   37.63    0.00   29.03    0.00    0.00    6.45    0.00    0.00    0.00   26.88
09時00分30秒    1   35.87    0.00   13.04    0.00    0.00    2.17    0.00    0.00    0.00   48.91

09時00分30秒  CPU    %usr   %nice    %sys %iowait    %irq   %soft  %steal  %guest  %gnice   %idle
09時00分31秒    0   36.26    0.00   30.77    0.00    0.00    7.69    0.00    0.00    0.00   25.27
09時00分31秒    1   31.87    0.00   19.78    0.00    0.00    1.10    0.00    0.00    0.00   47.25

09時00分31秒  CPU    %usr   %nice    %sys %iowait    %irq   %soft  %steal  %guest  %gnice   %idle
09時00分32秒    0   39.78    0.00   27.96    0.00    0.00    6.45    0.00    0.00    0.00   25.81
09時00分32秒    1   34.78    0.00   15.22    0.00    1.09    2.17    0.00    0.00    0.00   46.74

09時00分32秒  CPU    %usr   %nice    %sys %iowait    %irq   %soft  %steal  %guest  %gnice   %idle
09時00分33秒    0   39.13    0.00   27.17    0.00    0.00    6.52    0.00    0.00    0.00   27.17
09時00分33秒    1   34.07    0.00   14.29    0.00    0.00    2.20    0.00    0.00    0.00   49.45

09時00分33秒  CPU    %usr   %nice    %sys %iowait    %irq   %soft  %steal  %guest  %gnice   %idle
09時00分34秒    0   37.89    0.00   29.47    0.00    0.00    7.37    0.00    0.00    0.00   25.26
09時00分34秒    1   34.78    0.00   15.22    0.00    0.00    2.17    0.00    0.00    0.00   47.83

09時00分34秒  CPU    %usr   %nice    %sys %iowait    %irq   %soft  %steal  %guest  %gnice   %idle
09時00分35秒    0   38.89    0.00   26.67    0.00    0.00    6.67    0.00    0.00    0.00   27.78
09時00分35秒    1   32.97    0.00   16.48    0.00    0.00    2.20    0.00    0.00    0.00   48.35

09時00分35秒  CPU    %usr   %nice    %sys %iowait    %irq   %soft  %steal  %guest  %gnice   %idle
09時00分36秒    0   35.48    0.00   31.18    0.00    0.00    6.45    0.00    0.00    0.00   26.88
09時00分36秒    1   35.16    0.00   15.38    0.00    0.00    1.10    0.00    0.00    0.00   48.35

09時00分36秒  CPU    %usr   %nice    %sys %iowait    %irq   %soft  %steal  %guest  %gnice   %idle
09時00分37秒    0   39.56    0.00   26.37    0.00    0.00    7.69    0.00    0.00    0.00   26.37
09時00分37秒    1   31.87    0.00   17.58    0.00    0.00    2.20    0.00    0.00    0.00   48.35

09時00分37秒  CPU    %usr   %nice    %sys %iowait    %irq   %soft  %steal  %guest  %gnice   %idle
09時00分38秒    0   37.89    0.00   28.42    0.00    0.00    6.32    0.00    0.00    0.00   27.37
09時00分38秒    1   32.97    0.00   15.38    0.00    0.00    2.20    0.00    0.00    0.00   49.45

09時00分38秒  CPU    %usr   %nice    %sys %iowait    %irq   %soft  %steal  %guest  %gnice   %idle
09時00分39秒    0   38.71    0.00   31.18    0.00    0.00    6.45    0.00    0.00    0.00   23.66
09時00分39秒    1   35.56    0.00   16.67    0.00    0.00    2.22    0.00    0.00    0.00   45.56

09時00分39秒  CPU    %usr   %nice    %sys %iowait    %irq   %soft  %steal  %guest  %gnice   %idle
09時00分40秒    0   36.56    0.00   29.03    0.00    0.00    7.53    0.00    0.00    0.00   26.88
09時00分40秒    1   35.16    0.00   15.38    0.00    0.00    2.20    0.00    0.00    0.00   47.25

09時00分40秒  CPU    %usr   %nice    %sys %iowait    %irq   %soft  %steal  %guest  %gnice   %idle
09時00分41秒    0   38.46    0.00   26.37    0.00    1.10    6.59    0.00    0.00    0.00   27.47
09時00分41秒    1   30.34    0.00   17.98    0.00    0.00    2.25    0.00    0.00    0.00   49.44

09時00分41秒  CPU    %usr   %nice    %sys %iowait    %irq   %soft  %steal  %guest  %gnice   %idle
09時00分42秒    0   36.84    0.00   30.53    0.00    0.00    6.32    0.00    0.00    0.00   26.32
09時00分42秒    1   36.26    0.00   14.29    0.00    0.00    1.10    0.00    0.00    0.00   48.35

09時00分42秒  CPU    %usr   %nice    %sys %iowait    %irq   %soft  %steal  %guest  %gnice   %idle
09時00分43秒    0   37.36    0.00   28.57    0.00    0.00    7.69    0.00    0.00    0.00   26.37
09時00分43秒    1   35.16    0.00   14.29    0.00    0.00    2.20    0.00    0.00    0.00   48.35

09時00分43秒  CPU    %usr   %nice    %sys %iowait    %irq   %soft  %steal  %guest  %gnice   %idle
09時00分44秒    0   41.30    0.00   27.17    0.00    0.00    6.52    0.00    0.00    0.00   25.00
09時00分44秒    1   33.33    0.00   16.67    0.00    0.00    2.22    0.00    0.00    0.00   47.78

09時00分44秒  CPU    %usr   %nice    %sys %iowait    %irq   %soft  %steal  %guest  %gnice   %idle
09時00分45秒    0   38.30    0.00   27.66    0.00    0.00    7.45    0.00    0.00    0.00   26.60
09時00分45秒    1   34.44    0.00   14.44    0.00    0.00    2.22    0.00    0.00    0.00   48.89

09時00分45秒  CPU    %usr   %nice    %sys %iowait    %irq   %soft  %steal  %guest  %gnice   %idle
09時00分46秒    0   36.96    0.00   29.35    0.00    0.00    6.52    0.00    0.00    0.00   27.17
09時00分46秒    1   34.07    0.00   16.48    0.00    0.00    2.20    0.00    0.00    0.00   47.25

09時00分46秒  CPU    %usr   %nice    %sys %iowait    %irq   %soft  %steal  %guest  %gnice   %idle
09時00分47秒    0   40.66    0.00   27.47    0.00    0.00    6.59    0.00    0.00    0.00   25.27
09時00分47秒    1   32.61    0.00   18.48    0.00    0.00    1.09    0.00    0.00    0.00   47.83

09時00分47秒  CPU    %usr   %nice    %sys %iowait    %irq   %soft  %steal  %guest  %gnice   %idle
09時00分48秒    0   37.89    0.00   27.37    0.00    0.00    7.37    0.00    0.00    0.00   27.37
09時00分48秒    1   30.34    0.00   17.98    0.00    0.00    2.25    0.00    0.00    0.00   49.44

09時00分48秒  CPU    %usr   %nice    %sys %iowait    %irq   %soft  %steal  %guest  %gnice   %idle
09時00分49秒    0   40.22    0.00   26.09    0.00    0.00    6.52    0.00    0.00    0.00   27.17
09時00分49秒    1   34.44    0.00   17.78    0.00    0.00    2.22    0.00    0.00    0.00   45.56

09時00分49秒  CPU    %usr   %nice    %sys %iowait    %irq   %soft  %steal  %guest  %gnice   %idle
09時00分50秒    0   41.30    0.00   26.09    0.00    0.00    6.52    0.00    0.00    0.00   26.09
09時00分50秒    1   37.78    0.00   15.56    0.00    0.00    2.22    0.00    0.00    0.00   44.44

09時00分50秒  CPU    %usr   %nice    %sys %iowait    %irq   %soft  %steal  %guest  %gnice   %idle
09時00分51秒    0   35.56    0.00   28.89    0.00    0.00    7.78    0.00    0.00    0.00   27.78
09時00分51秒    1   35.96    0.00   15.73    0.00    0.00    3.37    0.00    0.00    0.00   44.94

平均時間：  CPU    %usr   %nice    %sys %iowait    %irq   %soft  %steal  %guest  %gnice   %idle
平均時間：    0   38.04    0.00   28.48    0.00    0.05    6.84    0.00    0.00    0.00   26.59
平均時間：    1   34.24    0.00   15.37    0.00    0.05    2.00    0.00    0.00    0.00   48.35
