Linux 5.6.15-arch1-1 (archlinux) 	西元2020年06月29日 	_x86_64_	(12 CPU)

09時01分28秒  CPU    %usr   %nice    %sys %iowait    %irq   %soft  %steal  %guest  %gnice   %idle
09時01分29秒    0   40.86    0.00   29.03    0.00    0.00    6.45    0.00    0.00    0.00   23.66
09時01分29秒    1   34.44    0.00   15.56    0.00    0.00    2.22    0.00    0.00    0.00   47.78

09時01分29秒  CPU    %usr   %nice    %sys %iowait    %irq   %soft  %steal  %guest  %gnice   %idle
09時01分30秒    0   43.01    0.00   27.96    0.00    0.00    6.45    0.00    0.00    0.00   22.58
09時01分30秒    1   33.71    0.00   14.61    0.00    0.00    2.25    0.00    0.00    0.00   49.44

09時01分30秒  CPU    %usr   %nice    %sys %iowait    %irq   %soft  %steal  %guest  %gnice   %idle
09時01分31秒    0   39.36    0.00   30.85    0.00    0.00    6.38    0.00    0.00    0.00   23.40
09時01分31秒    1   34.07    0.00   17.58    0.00    0.00    1.10    0.00    0.00    0.00   47.25

09時01分31秒  CPU    %usr   %nice    %sys %iowait    %irq   %soft  %steal  %guest  %gnice   %idle
09時01分32秒    0   41.94    0.00   25.81    0.00    0.00    6.45    0.00    0.00    0.00   25.81
09時01分32秒    1   32.61    0.00   16.30    0.00    0.00    2.17    0.00    0.00    0.00   48.91

09時01分32秒  CPU    %usr   %nice    %sys %iowait    %irq   %soft  %steal  %guest  %gnice   %idle
09時01分33秒    0   34.78    0.00   33.70    0.00    0.00    7.61    0.00    0.00    0.00   23.91
09時01分33秒    1   35.87    0.00   14.13    0.00    0.00    2.17    0.00    0.00    0.00   47.83

09時01分33秒  CPU    %usr   %nice    %sys %iowait    %irq   %soft  %steal  %guest  %gnice   %idle
09時01分34秒    0   32.61    0.00   35.87    0.00    0.00    6.52    0.00    0.00    0.00   25.00
09時01分34秒    1   36.67    0.00   13.33    0.00    0.00    2.22    0.00    0.00    0.00   47.78

09時01分34秒  CPU    %usr   %nice    %sys %iowait    %irq   %soft  %steal  %guest  %gnice   %idle
09時01分35秒    0   38.71    0.00   29.03    0.00    0.00    6.45    0.00    0.00    0.00   25.81
09時01分35秒    1   33.70    0.00   16.30    0.00    0.00    1.09    0.00    0.00    0.00   48.91

09時01分35秒  CPU    %usr   %nice    %sys %iowait    %irq   %soft  %steal  %guest  %gnice   %idle
09時01分36秒    0   36.26    0.00   28.57    0.00    0.00    6.59    0.00    0.00    0.00   28.57
09時01分36秒    1   31.87    0.00   17.58    0.00    0.00    2.20    0.00    0.00    0.00   48.35

09時01分36秒  CPU    %usr   %nice    %sys %iowait    %irq   %soft  %steal  %guest  %gnice   %idle
09時01分37秒    0   34.74    0.00   32.63    0.00    0.00    6.32    0.00    0.00    0.00   26.32
09時01分37秒    1   32.95    0.00   20.45    0.00    0.00    2.27    0.00    0.00    0.00   44.32

09時01分37秒  CPU    %usr   %nice    %sys %iowait    %irq   %soft  %steal  %guest  %gnice   %idle
09時01分38秒    0   34.78    0.00   32.61    0.00    0.00    6.52    0.00    0.00    0.00   26.09
09時01分38秒    1   33.33    0.00   20.00    0.00    0.00    2.22    0.00    0.00    0.00   44.44

09時01分38秒  CPU    %usr   %nice    %sys %iowait    %irq   %soft  %steal  %guest  %gnice   %idle
09時01分39秒    0   38.89    0.00   28.89    0.00    0.00    6.67    0.00    0.00    0.00   25.56
09時01分39秒    1   33.71    0.00   21.35    0.00    0.00    2.25    0.00    0.00    0.00   42.70

09時01分39秒  CPU    %usr   %nice    %sys %iowait    %irq   %soft  %steal  %guest  %gnice   %idle
09時01分40秒    0   35.42    0.00   31.25    0.00    1.04    7.29    0.00    0.00    0.00   25.00
09時01分40秒    1   35.56    0.00   18.89    0.00    0.00    2.22    0.00    0.00    0.00   43.33

09時01分40秒  CPU    %usr   %nice    %sys %iowait    %irq   %soft  %steal  %guest  %gnice   %idle
09時01分41秒    0   38.71    0.00   27.96    0.00    0.00    6.45    0.00    0.00    0.00   26.88
09時01分41秒    1   31.46    0.00   21.35    0.00    0.00    2.25    0.00    0.00    0.00   44.94

09時01分41秒  CPU    %usr   %nice    %sys %iowait    %irq   %soft  %steal  %guest  %gnice   %idle
09時01分42秒    0   38.71    0.00   27.96    0.00    0.00    6.45    0.00    0.00    0.00   26.88
09時01分42秒    1   33.33    0.00   18.39    0.00    0.00    2.30    0.00    0.00    0.00   45.98

09時01分42秒  CPU    %usr   %nice    %sys %iowait    %irq   %soft  %steal  %guest  %gnice   %idle
09時01分43秒    0   41.30    0.00   27.17    0.00    0.00    6.52    0.00    0.00    0.00   25.00
09時01分43秒    1   34.78    0.00   18.48    0.00    0.00    2.17    0.00    0.00    0.00   44.57

09時01分43秒  CPU    %usr   %nice    %sys %iowait    %irq   %soft  %steal  %guest  %gnice   %idle
09時01分44秒    0   38.04    0.00   27.17    0.00    0.00    5.43    0.00    0.00    0.00   29.35
09時01分44秒    1   34.44    0.00   14.44    0.00    0.00    1.11    0.00    0.00    0.00   50.00

09時01分44秒  CPU    %usr   %nice    %sys %iowait    %irq   %soft  %steal  %guest  %gnice   %idle
09時01分45秒    0   37.23    0.00   27.66    0.00    0.00    5.32    0.00    0.00    0.00   29.79
09時01分45秒    1   35.48    0.00   15.05    0.00    0.00    2.15    0.00    0.00    0.00   47.31

09時01分45秒  CPU    %usr   %nice    %sys %iowait    %irq   %soft  %steal  %guest  %gnice   %idle
09時01分46秒    0   39.78    0.00   31.18    0.00    0.00    6.45    0.00    0.00    0.00   22.58
09時01分46秒    1   31.11    0.00   18.89    0.00    0.00    2.22    0.00    0.00    0.00   47.78

09時01分46秒  CPU    %usr   %nice    %sys %iowait    %irq   %soft  %steal  %guest  %gnice   %idle
09時01分47秒    0   41.94    0.00   25.81    0.00    0.00    6.45    0.00    0.00    0.00   25.81
09時01分47秒    1   35.56    0.00   12.22    0.00    0.00    2.22    0.00    0.00    0.00   50.00

09時01分47秒  CPU    %usr   %nice    %sys %iowait    %irq   %soft  %steal  %guest  %gnice   %idle
09時01分48秒    0   41.30    0.00   27.17    0.00    0.00    6.52    0.00    0.00    0.00   25.00
09時01分48秒    1   32.61    0.00   17.39    0.00    1.09    1.09    0.00    0.00    0.00   47.83

09時01分48秒  CPU    %usr   %nice    %sys %iowait    %irq   %soft  %steal  %guest  %gnice   %idle
09時01分49秒    0   36.26    0.00   30.77    0.00    0.00    6.59    0.00    0.00    0.00   26.37
09時01分49秒    1   39.13    0.00    9.78    0.00    0.00    2.17    0.00    0.00    0.00   48.91

09時01分49秒  CPU    %usr   %nice    %sys %iowait    %irq   %soft  %steal  %guest  %gnice   %idle
09時01分50秒    0   40.00    0.00   25.56    0.00    0.00    6.67    0.00    0.00    0.00   27.78
09時01分50秒    1   32.61    0.00   15.22    0.00    0.00    2.17    0.00    0.00    0.00   50.00

09時01分50秒  CPU    %usr   %nice    %sys %iowait    %irq   %soft  %steal  %guest  %gnice   %idle
09時01分51秒    0   38.71    0.00   30.11    0.00    0.00    6.45    0.00    0.00    0.00   24.73
09時01分51秒    1   35.87    0.00   15.22    0.00    0.00    1.09    0.00    0.00    0.00   47.83

09時01分51秒  CPU    %usr   %nice    %sys %iowait    %irq   %soft  %steal  %guest  %gnice   %idle
09時01分52秒    0   37.63    0.00   29.03    0.00    0.00    6.45    0.00    0.00    0.00   26.88
09時01分52秒    1   38.46    0.00    9.89    0.00    0.00    2.20    0.00    0.00    0.00   49.45

09時01分52秒  CPU    %usr   %nice    %sys %iowait    %irq   %soft  %steal  %guest  %gnice   %idle
09時01分53秒    0   35.79    0.00   30.53    0.00    0.00    6.32    0.00    0.00    0.00   27.37
09時01分53秒    1   34.78    0.00   13.04    0.00    0.00    2.17    0.00    0.00    0.00   50.00

09時01分53秒  CPU    %usr   %nice    %sys %iowait    %irq   %soft  %steal  %guest  %gnice   %idle
09時01分54秒    0   39.78    0.00   29.03    0.00    0.00    6.45    0.00    0.00    0.00   24.73
09時01分54秒    1   37.63    0.00   13.98    0.00    0.00    2.15    0.00    0.00    0.00   46.24

09時01分54秒  CPU    %usr   %nice    %sys %iowait    %irq   %soft  %steal  %guest  %gnice   %idle
09時01分55秒    0   40.22    0.00   27.17    0.00    0.00    6.52    0.00    0.00    0.00   26.09
09時01分55秒    1   35.56    0.00   13.33    0.00    0.00    1.11    0.00    0.00    0.00   50.00

09時01分55秒  CPU    %usr   %nice    %sys %iowait    %irq   %soft  %steal  %guest  %gnice   %idle
09時01分56秒    0   33.70    0.00   33.70    0.00    0.00    6.52    0.00    0.00    0.00   26.09
09時01分56秒    1   35.16    0.00   13.19    0.00    0.00    2.20    0.00    0.00    0.00   49.45

09時01分56秒  CPU    %usr   %nice    %sys %iowait    %irq   %soft  %steal  %guest  %gnice   %idle
09時01分57秒    0   36.17    0.00   29.79    0.00    0.00    6.38    0.00    0.00    0.00   27.66
09時01分57秒    1   33.33    0.00   15.05    0.00    0.00    2.15    0.00    0.00    0.00   49.46

09時01分57秒  CPU    %usr   %nice    %sys %iowait    %irq   %soft  %steal  %guest  %gnice   %idle
09時01分58秒    0   38.04    0.00   28.26    0.00    0.00    6.52    0.00    0.00    0.00   27.17
09時01分58秒    1   32.22    0.00   16.67    0.00    0.00    1.11    0.00    0.00    0.00   50.00

09時01分58秒  CPU    %usr   %nice    %sys %iowait    %irq   %soft  %steal  %guest  %gnice   %idle
09時01分59秒    0   37.23    0.00   28.72    0.00    1.06    6.38    0.00    0.00    0.00   26.60
09時01分59秒    1   36.96    0.00   11.96    0.00    0.00    2.17    0.00    0.00    0.00   48.91

09時01分59秒  CPU    %usr   %nice    %sys %iowait    %irq   %soft  %steal  %guest  %gnice   %idle
09時02分00秒    0   40.43    0.00   27.66    0.00    0.00    6.38    0.00    0.00    0.00   25.53
09時02分00秒    1   31.87    0.00   15.38    0.00    0.00    2.20    0.00    0.00    0.00   50.55

09時02分00秒  CPU    %usr   %nice    %sys %iowait    %irq   %soft  %steal  %guest  %gnice   %idle
09時02分01秒    0   38.30    0.00   28.72    0.00    0.00    6.38    0.00    0.00    0.00   26.60
09時02分01秒    1   32.97    0.00   16.48    0.00    0.00    2.20    0.00    0.00    0.00   48.35

09時02分01秒  CPU    %usr   %nice    %sys %iowait    %irq   %soft  %steal  %guest  %gnice   %idle
09時02分02秒    0   40.00    0.00   27.78    0.00    0.00    6.67    0.00    0.00    0.00   25.56
09時02分02秒    1   35.16    0.00   15.38    0.00    0.00    1.10    0.00    0.00    0.00   48.35

09時02分02秒  CPU    %usr   %nice    %sys %iowait    %irq   %soft  %steal  %guest  %gnice   %idle
09時02分03秒    0   37.89    0.00   26.32    0.00    0.00    6.32    0.00    0.00    0.00   29.47
09時02分03秒    1   32.26    0.00   16.13    0.00    0.00    2.15    0.00    0.00    0.00   49.46

09時02分03秒  CPU    %usr   %nice    %sys %iowait    %irq   %soft  %steal  %guest  %gnice   %idle
09時02分04秒    0   37.89    0.00   32.63    0.00    0.00    6.32    0.00    0.00    0.00   23.16
09時02分04秒    1   30.34    0.00   22.47    0.00    0.00    2.25    0.00    0.00    0.00   44.94

09時02分04秒  CPU    %usr   %nice    %sys %iowait    %irq   %soft  %steal  %guest  %gnice   %idle
09時02分05秒    0   43.48    0.00   22.83    0.00    0.00    6.52    0.00    0.00    0.00   27.17
09時02分05秒    1   34.48    0.00   17.24    0.00    0.00    2.30    0.00    0.00    0.00   45.98

09時02分05秒  CPU    %usr   %nice    %sys %iowait    %irq   %soft  %steal  %guest  %gnice   %idle
09時02分06秒    0   35.11    0.00   31.91    0.00    0.00    6.38    0.00    0.00    0.00   26.60
09時02分06秒    1   35.56    0.00   18.89    0.00    0.00    2.22    0.00    0.00    0.00   43.33

09時02分06秒  CPU    %usr   %nice    %sys %iowait    %irq   %soft  %steal  %guest  %gnice   %idle
09時02分07秒    0   41.94    0.00   26.88    0.00    0.00    7.53    0.00    0.00    0.00   23.66
09時02分07秒    1   35.56    0.00   15.56    0.00    0.00    1.11    0.00    0.00    0.00   47.78

09時02分07秒  CPU    %usr   %nice    %sys %iowait    %irq   %soft  %steal  %guest  %gnice   %idle
09時02分08秒    0   37.23    0.00   26.60    0.00    0.00    6.38    0.00    0.00    0.00   29.79
09時02分08秒    1   32.22    0.00   21.11    0.00    0.00    2.22    0.00    0.00    0.00   44.44

09時02分08秒  CPU    %usr   %nice    %sys %iowait    %irq   %soft  %steal  %guest  %gnice   %idle
09時02分09秒    0   42.86    0.00   26.37    0.00    0.00    6.59    0.00    0.00    0.00   24.18
09時02分09秒    1   31.87    0.00   23.08    0.00    0.00    2.20    0.00    0.00    0.00   42.86

09時02分09秒  CPU    %usr   %nice    %sys %iowait    %irq   %soft  %steal  %guest  %gnice   %idle
09時02分10秒    0   45.05    0.00   21.98    0.00    0.00    6.59    0.00    0.00    0.00   26.37
09時02分10秒    1   30.43    0.00   18.48    0.00    0.00    2.17    0.00    0.00    0.00   48.91

09時02分10秒  CPU    %usr   %nice    %sys %iowait    %irq   %soft  %steal  %guest  %gnice   %idle
09時02分11秒    0   37.89    0.00   29.47    0.00    0.00    6.32    0.00    0.00    0.00   26.32
09時02分11秒    1   35.23    0.00   15.91    0.00    0.00    2.27    0.00    0.00    0.00   46.59

09時02分11秒  CPU    %usr   %nice    %sys %iowait    %irq   %soft  %steal  %guest  %gnice   %idle
09時02分12秒    0   39.58    0.00   26.04    0.00    0.00    6.25    0.00    0.00    0.00   28.12
09時02分12秒    1   32.26    0.00   16.13    0.00    0.00    2.15    0.00    0.00    0.00   49.46

09時02分12秒  CPU    %usr   %nice    %sys %iowait    %irq   %soft  %steal  %guest  %gnice   %idle
09時02分13秒    0   40.22    0.00   25.00    0.00    0.00    6.52    0.00    0.00    0.00   28.26
09時02分13秒    1   34.44    0.00   14.44    0.00    0.00    1.11    0.00    0.00    0.00   50.00

09時02分13秒  CPU    %usr   %nice    %sys %iowait    %irq   %soft  %steal  %guest  %gnice   %idle
09時02分14秒    0   34.41    0.00   33.33    0.00    0.00    6.45    0.00    0.00    0.00   25.81
09時02分14秒    1   34.41    0.00   13.98    0.00    1.08    2.15    0.00    0.00    0.00   48.39

09時02分14秒  CPU    %usr   %nice    %sys %iowait    %irq   %soft  %steal  %guest  %gnice   %idle
09時02分15秒    0   41.49    0.00   25.53    0.00    0.00    6.38    0.00    0.00    0.00   26.60
09時02分15秒    1   33.71    0.00   12.36    0.00    0.00    2.25    0.00    0.00    0.00   51.69

09時02分15秒  CPU    %usr   %nice    %sys %iowait    %irq   %soft  %steal  %guest  %gnice   %idle
09時02分16秒    0   39.13    0.00   25.00    0.00    0.00    6.52    0.00    0.00    0.00   29.35
09時02分16秒    1   32.97    0.00   15.38    0.00    0.00    1.10    0.00    0.00    0.00   50.55

09時02分16秒  CPU    %usr   %nice    %sys %iowait    %irq   %soft  %steal  %guest  %gnice   %idle
09時02分17秒    0   34.44    0.00   30.00    0.00    0.00    6.67    0.00    0.00    0.00   28.89
09時02分17秒    1   34.07    0.00   12.09    0.00    0.00    2.20    0.00    0.00    0.00   51.65

09時02分17秒  CPU    %usr   %nice    %sys %iowait    %irq   %soft  %steal  %guest  %gnice   %idle
09時02分18秒    0   37.50    0.00   29.17    0.00    1.04    6.25    0.00    0.00    0.00   26.04
09時02分18秒    1   36.96    0.00   13.04    0.00    0.00    2.17    0.00    0.00    0.00   47.83

09時02分18秒  CPU    %usr   %nice    %sys %iowait    %irq   %soft  %steal  %guest  %gnice   %idle
09時02分19秒    0   41.30    0.00   28.26    0.00    0.00    6.52    0.00    0.00    0.00   23.91
09時02分19秒    1   33.33    0.00   15.56    0.00    0.00    2.22    0.00    0.00    0.00   48.89

09時02分19秒  CPU    %usr   %nice    %sys %iowait    %irq   %soft  %steal  %guest  %gnice   %idle
09時02分20秒    0   37.63    0.00   31.18    0.00    0.00    6.45    0.00    0.00    0.00   24.73
09時02分20秒    1   32.95    0.00   17.05    0.00    1.14    1.14    0.00    0.00    0.00   47.73

09時02分20秒  CPU    %usr   %nice    %sys %iowait    %irq   %soft  %steal  %guest  %gnice   %idle
09時02分21秒    0   34.78    0.00   33.70    0.00    0.00    6.52    0.00    0.00    0.00   25.00
09時02分21秒    1   36.56    0.00   15.05    0.00    0.00    2.15    0.00    0.00    0.00   46.24

09時02分21秒  CPU    %usr   %nice    %sys %iowait    %irq   %soft  %steal  %guest  %gnice   %idle
09時02分22秒    0   41.11    0.00   25.56    0.00    0.00    6.67    0.00    0.00    0.00   26.67
09時02分22秒    1   33.70    0.00   16.30    0.00    0.00    2.17    0.00    0.00    0.00   47.83

09時02分22秒  CPU    %usr   %nice    %sys %iowait    %irq   %soft  %steal  %guest  %gnice   %idle
09時02分23秒    0   39.13    0.00   29.35    0.00    0.00    6.52    0.00    0.00    0.00   25.00
09時02分23秒    1   36.67    0.00   14.44    0.00    0.00    2.22    0.00    0.00    0.00   46.67

09時02分23秒  CPU    %usr   %nice    %sys %iowait    %irq   %soft  %steal  %guest  %gnice   %idle
09時02分24秒    0   43.01    0.00   25.81    0.00    0.00    7.53    0.00    0.00    0.00   23.66
09時02分24秒    1   35.16    0.00   15.38    0.00    0.00    2.20    0.00    0.00    0.00   47.25

09時02分24秒  CPU    %usr   %nice    %sys %iowait    %irq   %soft  %steal  %guest  %gnice   %idle
09時02分25秒    0   40.22    0.00   28.26    0.00    0.00    6.52    0.00    0.00    0.00   25.00
09時02分25秒    1   35.96    0.00   14.61    0.00    0.00    1.12    0.00    0.00    0.00   48.31

09時02分25秒  CPU    %usr   %nice    %sys %iowait    %irq   %soft  %steal  %guest  %gnice   %idle
09時02分26秒    0   33.33    0.00   32.26    0.00    0.00    6.45    0.00    0.00    0.00   27.96
09時02分26秒    1   33.33    0.00   14.44    0.00    0.00    2.22    0.00    0.00    0.00   50.00

09時02分26秒  CPU    %usr   %nice    %sys %iowait    %irq   %soft  %steal  %guest  %gnice   %idle
09時02分27秒    0   38.30    0.00   25.53    0.00    0.00    6.38    0.00    0.00    0.00   29.79
09時02分27秒    1   35.96    0.00    8.99    0.00    0.00    2.25    0.00    0.00    0.00   52.81

09時02分27秒  CPU    %usr   %nice    %sys %iowait    %irq   %soft  %steal  %guest  %gnice   %idle
09時02分28秒    0   32.97    0.00   35.16    0.00    0.00    6.59    0.00    0.00    0.00   25.27
09時02分28秒    1   33.33    0.00   14.44    0.00    0.00    2.22    0.00    0.00    0.00   50.00

09時02分28秒  CPU    %usr   %nice    %sys %iowait    %irq   %soft  %steal  %guest  %gnice   %idle
09時02分29秒    0   41.30    0.00   22.83    0.00    0.00    6.52    0.00    0.00    0.00   29.35
09時02分29秒    1   30.68    0.00   15.91    0.00    0.00    1.14    0.00    0.00    0.00   52.27

09時02分29秒  CPU    %usr   %nice    %sys %iowait    %irq   %soft  %steal  %guest  %gnice   %idle
09時02分30秒    0   39.78    0.00   31.18    0.00    0.00    6.45    0.00    0.00    0.00   22.58
09時02分30秒    1   34.78    0.00   16.30    0.00    0.00    2.17    0.00    0.00    0.00   46.74

09時02分30秒  CPU    %usr   %nice    %sys %iowait    %irq   %soft  %steal  %guest  %gnice   %idle
09時02分31秒    0   41.11    0.00   25.56    0.00    0.00    6.67    0.00    0.00    0.00   26.67
09時02分31秒    1   34.44    0.00   14.44    0.00    0.00    2.22    0.00    0.00    0.00   48.89

09時02分31秒  CPU    %usr   %nice    %sys %iowait    %irq   %soft  %steal  %guest  %gnice   %idle
09時02分32秒    0   38.04    0.00   30.43    0.00    0.00    6.52    0.00    0.00    0.00   25.00
09時02分32秒    1   34.07    0.00   16.48    0.00    0.00    2.20    0.00    0.00    0.00   47.25

09時02分32秒  CPU    %usr   %nice    %sys %iowait    %irq   %soft  %steal  %guest  %gnice   %idle
09時02分33秒    0   38.71    0.00   29.03    0.00    0.00    6.45    0.00    0.00    0.00   25.81
09時02分33秒    1   35.16    0.00   14.29    0.00    0.00    1.10    0.00    0.00    0.00   49.45

09時02分33秒  CPU    %usr   %nice    %sys %iowait    %irq   %soft  %steal  %guest  %gnice   %idle
09時02分34秒    0   38.30    0.00   28.72    0.00    0.00    6.38    0.00    0.00    0.00   26.60
09時02分34秒    1   33.70    0.00   15.22    0.00    0.00    2.17    0.00    0.00    0.00   48.91

09時02分34秒  CPU    %usr   %nice    %sys %iowait    %irq   %soft  %steal  %guest  %gnice   %idle
09時02分35秒    0   38.46    0.00   28.57    0.00    0.00    6.59    0.00    0.00    0.00   26.37
09時02分35秒    1   34.07    0.00   14.29    0.00    0.00    2.20    0.00    0.00    0.00   49.45

09時02分35秒  CPU    %usr   %nice    %sys %iowait    %irq   %soft  %steal  %guest  %gnice   %idle
09時02分36秒    0   37.63    0.00   31.18    0.00    0.00    6.45    0.00    0.00    0.00   24.73
09時02分36秒    1   37.78    0.00   12.22    0.00    0.00    2.22    0.00    0.00    0.00   47.78

09時02分36秒  CPU    %usr   %nice    %sys %iowait    %irq   %soft  %steal  %guest  %gnice   %idle
09時02分37秒    0   36.17    0.00   31.91    0.00    0.00    7.45    0.00    0.00    0.00   24.47
09時02分37秒    1   29.55    0.00   20.45    0.00    0.00    1.14    0.00    0.00    0.00   48.86

09時02分37秒  CPU    %usr   %nice    %sys %iowait    %irq   %soft  %steal  %guest  %gnice   %idle
09時02分38秒    0   35.48    0.00   32.26    0.00    1.08    6.45    0.00    0.00    0.00   24.73
09時02分38秒    1   32.97    0.00   16.48    0.00    0.00    2.20    0.00    0.00    0.00   48.35

09時02分38秒  CPU    %usr   %nice    %sys %iowait    %irq   %soft  %steal  %guest  %gnice   %idle
09時02分39秒    0   35.48    0.00   30.11    0.00    0.00    6.45    0.00    0.00    0.00   27.96
09時02分39秒    1   32.22    0.00   15.56    0.00    0.00    2.22    0.00    0.00    0.00   50.00

09時02分39秒  CPU    %usr   %nice    %sys %iowait    %irq   %soft  %steal  %guest  %gnice   %idle
09時02分40秒    0   35.16    0.00   31.87    0.00    0.00    6.59    0.00    0.00    0.00   26.37
09時02分40秒    1   34.07    0.00   15.38    0.00    0.00    2.20    0.00    0.00    0.00   48.35

09時02分40秒  CPU    %usr   %nice    %sys %iowait    %irq   %soft  %steal  %guest  %gnice   %idle
09時02分41秒    0   38.71    0.00   29.03    0.00    0.00    6.45    0.00    0.00    0.00   25.81
09時02分41秒    1   32.22    0.00   17.78    0.00    0.00    1.11    0.00    0.00    0.00   48.89

09時02分41秒  CPU    %usr   %nice    %sys %iowait    %irq   %soft  %steal  %guest  %gnice   %idle
09時02分42秒    0   37.89    0.00   31.58    0.00    0.00    6.32    0.00    0.00    0.00   24.21
09時02分42秒    1   34.07    0.00   16.48    0.00    0.00    2.20    0.00    0.00    0.00   47.25

09時02分42秒  CPU    %usr   %nice    %sys %iowait    %irq   %soft  %steal  %guest  %gnice   %idle
09時02分43秒    0   34.78    0.00   33.70    0.00    0.00    6.52    0.00    0.00    0.00   25.00
09時02分43秒    1   38.04    0.00   11.96    0.00    0.00    2.17    0.00    0.00    0.00   47.83

09時02分43秒  CPU    %usr   %nice    %sys %iowait    %irq   %soft  %steal  %guest  %gnice   %idle
09時02分44秒    0   42.11    0.00   27.37    0.00    0.00    7.37    0.00    0.00    0.00   23.16
09時02分44秒    1   37.36    0.00   12.09    0.00    1.10    2.20    0.00    0.00    0.00   47.25

09時02分44秒  CPU    %usr   %nice    %sys %iowait    %irq   %soft  %steal  %guest  %gnice   %idle
09時02分45秒    0   36.56    0.00   30.11    0.00    0.00    6.45    0.00    0.00    0.00   26.88
09時02分45秒    1   33.33    0.00   15.56    0.00    0.00    1.11    0.00    0.00    0.00   50.00

09時02分45秒  CPU    %usr   %nice    %sys %iowait    %irq   %soft  %steal  %guest  %gnice   %idle
09時02分46秒    0   45.26    0.00   25.26    0.00    0.00    6.32    0.00    0.00    0.00   23.16
09時02分46秒    1   34.78    0.00   15.22    0.00    0.00    2.17    0.00    0.00    0.00   47.83

09時02分46秒  CPU    %usr   %nice    %sys %iowait    %irq   %soft  %steal  %guest  %gnice   %idle
09時02分47秒    0   31.18    0.00   37.63    0.00    0.00    6.45    0.00    0.00    0.00   24.73
09時02分47秒    1   32.58    0.00   17.98    0.00    0.00    2.25    0.00    0.00    0.00   47.19

09時02分47秒  CPU    %usr   %nice    %sys %iowait    %irq   %soft  %steal  %guest  %gnice   %idle
09時02分48秒    0   38.71    0.00   27.96    0.00    0.00    6.45    0.00    0.00    0.00   26.88
09時02分48秒    1   30.77    0.00   17.58    0.00    0.00    1.10    0.00    0.00    0.00   50.55

09時02分48秒  CPU    %usr   %nice    %sys %iowait    %irq   %soft  %steal  %guest  %gnice   %idle
09時02分49秒    0   40.22    0.00   28.26    0.00    0.00    6.52    0.00    0.00    0.00   25.00
09時02分49秒    1   36.96    0.00   13.04    0.00    0.00    2.17    0.00    0.00    0.00   47.83

09時02分49秒  CPU    %usr   %nice    %sys %iowait    %irq   %soft  %steal  %guest  %gnice   %idle
09時02分50秒    0   40.22    0.00   27.17    0.00    0.00    6.52    0.00    0.00    0.00   26.09
09時02分50秒    1   35.16    0.00   14.29    0.00    0.00    2.20    0.00    0.00    0.00   48.35

09時02分50秒  CPU    %usr   %nice    %sys %iowait    %irq   %soft  %steal  %guest  %gnice   %idle
09時02分51秒    0   34.07    0.00   30.77    0.00    0.00    6.59    0.00    0.00    0.00   28.57
09時02分51秒    1   30.00    0.00   17.78    0.00    0.00    2.22    0.00    0.00    0.00   50.00

09時02分51秒  CPU    %usr   %nice    %sys %iowait    %irq   %soft  %steal  %guest  %gnice   %idle
09時02分52秒    0   38.04    0.00   27.17    0.00    0.00    6.52    0.00    0.00    0.00   28.26
09時02分52秒    1   30.34    0.00   16.85    0.00    0.00    1.12    0.00    0.00    0.00   51.69

09時02分52秒  CPU    %usr   %nice    %sys %iowait    %irq   %soft  %steal  %guest  %gnice   %idle
09時02分53秒    0   41.49    0.00   26.60    0.00    0.00    6.38    0.00    0.00    0.00   25.53
09時02分53秒    1   35.16    0.00   14.29    0.00    0.00    2.20    0.00    0.00    0.00   48.35

09時02分53秒  CPU    %usr   %nice    %sys %iowait    %irq   %soft  %steal  %guest  %gnice   %idle
09時02分54秒    0   41.30    0.00   27.17    0.00    0.00    6.52    0.00    0.00    0.00   25.00
09時02分54秒    1   33.70    0.00   15.22    0.00    0.00    2.17    0.00    0.00    0.00   48.91

09時02分54秒  CPU    %usr   %nice    %sys %iowait    %irq   %soft  %steal  %guest  %gnice   %idle
09時02分55秒    0   39.13    0.00   27.17    0.00    0.00    7.61    0.00    0.00    0.00   26.09
09時02分55秒    1   35.16    0.00   14.29    0.00    0.00    2.20    0.00    0.00    0.00   48.35

09時02分55秒  CPU    %usr   %nice    %sys %iowait    %irq   %soft  %steal  %guest  %gnice   %idle
09時02分56秒    0   37.63    0.00   31.18    0.00    0.00    6.45    0.00    0.00    0.00   24.73
09時02分56秒    1   32.58    0.00   17.98    0.00    0.00    1.12    0.00    0.00    0.00   48.31

09時02分56秒  CPU    %usr   %nice    %sys %iowait    %irq   %soft  %steal  %guest  %gnice   %idle
09時02分57秒    0   36.56    0.00   27.96    0.00    1.08    6.45    0.00    0.00    0.00   27.96
09時02分57秒    1   31.91    0.00   17.02    0.00    0.00    2.13    0.00    0.00    0.00   48.94

09時02分57秒  CPU    %usr   %nice    %sys %iowait    %irq   %soft  %steal  %guest  %gnice   %idle
09時02分58秒    0   41.30    0.00   28.26    0.00    0.00    6.52    0.00    0.00    0.00   23.91
09時02分58秒    1   32.18    0.00   19.54    0.00    0.00    2.30    0.00    0.00    0.00   45.98

09時02分58秒  CPU    %usr   %nice    %sys %iowait    %irq   %soft  %steal  %guest  %gnice   %idle
09時02分59秒    0   37.36    0.00   26.37    0.00    0.00    6.59    0.00    0.00    0.00   29.67
09時02分59秒    1   33.71    0.00   16.85    0.00    0.00    2.25    0.00    0.00    0.00   47.19

09時02分59秒  CPU    %usr   %nice    %sys %iowait    %irq   %soft  %steal  %guest  %gnice   %idle
09時03分00秒    0   38.71    0.00   26.88    0.00    0.00    6.45    0.00    0.00    0.00   27.96
09時03分00秒    1   32.58    0.00   20.22    0.00    0.00    2.25    0.00    0.00    0.00   44.94

09時03分00秒  CPU    %usr   %nice    %sys %iowait    %irq   %soft  %steal  %guest  %gnice   %idle
09時03分01秒    0   41.94    0.00   30.11    0.00    0.00    6.45    0.00    0.00    0.00   21.51
09時03分01秒    1   37.08    0.00   20.22    0.00    0.00    2.25    0.00    0.00    0.00   40.45

09時03分01秒  CPU    %usr   %nice    %sys %iowait    %irq   %soft  %steal  %guest  %gnice   %idle
09時03分02秒    0   35.87    0.00   29.35    0.00    0.00    7.61    0.00    0.00    0.00   27.17
09時03分02秒    1   32.95    0.00   19.32    0.00    0.00    2.27    0.00    0.00    0.00   45.45

09時03分02秒  CPU    %usr   %nice    %sys %iowait    %irq   %soft  %steal  %guest  %gnice   %idle
09時03分03秒    0   35.48    0.00   31.18    0.00    0.00    5.38    0.00    0.00    0.00   27.96
09時03分03秒    1   31.52    0.00   16.30    0.00    0.00    1.09    0.00    0.00    0.00   51.09

09時03分03秒  CPU    %usr   %nice    %sys %iowait    %irq   %soft  %steal  %guest  %gnice   %idle
09時03分04秒    0   37.50    0.00   30.21    0.00    0.00    7.29    0.00    0.00    0.00   25.00
09時03分04秒    1   36.36    0.00   17.05    0.00    0.00    2.27    0.00    0.00    0.00   44.32

09時03分04秒  CPU    %usr   %nice    %sys %iowait    %irq   %soft  %steal  %guest  %gnice   %idle
09時03分05秒    0   38.71    0.00   27.96    0.00    0.00    6.45    0.00    0.00    0.00   26.88
09時03分05秒    1   34.44    0.00   17.78    0.00    0.00    2.22    0.00    0.00    0.00   45.56

09時03分05秒  CPU    %usr   %nice    %sys %iowait    %irq   %soft  %steal  %guest  %gnice   %idle
09時03分06秒    0   41.05    0.00   26.32    0.00    0.00    6.32    0.00    0.00    0.00   26.32
09時03分06秒    1   34.44    0.00   13.33    0.00    0.00    2.22    0.00    0.00    0.00   50.00

09時03分06秒  CPU    %usr   %nice    %sys %iowait    %irq   %soft  %steal  %guest  %gnice   %idle
09時03分07秒    0   40.00    0.00   26.67    0.00    0.00    6.67    0.00    0.00    0.00   26.67
09時03分07秒    1   32.97    0.00   15.38    0.00    0.00    2.20    0.00    0.00    0.00   49.45

09時03分07秒  CPU    %usr   %nice    %sys %iowait    %irq   %soft  %steal  %guest  %gnice   %idle
09時03分08秒    0   35.87    0.00   31.52    0.00    0.00    6.52    0.00    0.00    0.00   26.09
09時03分08秒    1   32.58    0.00   16.85    0.00    0.00    1.12    0.00    0.00    0.00   49.44

09時03分08秒  CPU    %usr   %nice    %sys %iowait    %irq   %soft  %steal  %guest  %gnice   %idle
09時03分09秒    0   37.63    0.00   30.11    0.00    0.00    6.45    0.00    0.00    0.00   25.81
09時03分09秒    1   31.46    0.00   20.22    0.00    1.12    2.25    0.00    0.00    0.00   44.94

09時03分09秒  CPU    %usr   %nice    %sys %iowait    %irq   %soft  %steal  %guest  %gnice   %idle
09時03分10秒    0   38.04    0.00   27.17    0.00    0.00    6.52    0.00    0.00    0.00   28.26
09時03分10秒    1   35.96    0.00   15.73    0.00    0.00    2.25    0.00    0.00    0.00   46.07

09時03分10秒  CPU    %usr   %nice    %sys %iowait    %irq   %soft  %steal  %guest  %gnice   %idle
09時03分11秒    0   36.96    0.00   29.35    0.00    0.00    6.52    0.00    0.00    0.00   27.17
09時03分11秒    1   31.11    0.00   16.67    0.00    0.00    2.22    0.00    0.00    0.00   50.00

09時03分11秒  CPU    %usr   %nice    %sys %iowait    %irq   %soft  %steal  %guest  %gnice   %idle
09時03分12秒    0   35.16    0.00   31.87    0.00    0.00    6.59    0.00    0.00    0.00   26.37
09時03分12秒    1   31.87    0.00   16.48    0.00    0.00    2.20    0.00    0.00    0.00   49.45

09時03分12秒  CPU    %usr   %nice    %sys %iowait    %irq   %soft  %steal  %guest  %gnice   %idle
09時03分13秒    0   33.33    0.00   35.48    0.00    0.00    6.45    0.00    0.00    0.00   24.73
09時03分13秒    1   39.13    0.00   11.96    0.00    0.00    1.09    0.00    0.00    0.00   47.83

09時03分13秒  CPU    %usr   %nice    %sys %iowait    %irq   %soft  %steal  %guest  %gnice   %idle
09時03分14秒    0   42.86    0.00   24.18    0.00    0.00    6.59    0.00    0.00    0.00   26.37
09時03分14秒    1   36.96    0.00   13.04    0.00    0.00    2.17    0.00    0.00    0.00   47.83

09時03分14秒  CPU    %usr   %nice    %sys %iowait    %irq   %soft  %steal  %guest  %gnice   %idle
09時03分15秒    0   37.36    0.00   27.47    0.00    0.00    6.59    0.00    0.00    0.00   28.57
09時03分15秒    1   36.96    0.00   10.87    0.00    0.00    2.17    0.00    0.00    0.00   50.00

09時03分15秒  CPU    %usr   %nice    %sys %iowait    %irq   %soft  %steal  %guest  %gnice   %idle
09時03分16秒    0   36.17    0.00   28.72    0.00    1.06    6.38    0.00    0.00    0.00   27.66
09時03分16秒    1   34.78    0.00   14.13    0.00    0.00    2.17    0.00    0.00    0.00   48.91

09時03分16秒  CPU    %usr   %nice    %sys %iowait    %irq   %soft  %steal  %guest  %gnice   %idle
09時03分17秒    0   36.56    0.00   31.18    0.00    0.00    6.45    0.00    0.00    0.00   25.81
09時03分17秒    1   32.97    0.00   19.78    0.00    0.00    2.20    0.00    0.00    0.00   45.05

09時03分17秒  CPU    %usr   %nice    %sys %iowait    %irq   %soft  %steal  %guest  %gnice   %idle
09時03分18秒    0   41.30    0.00   25.00    0.00    0.00    6.52    0.00    0.00    0.00   27.17
09時03分18秒    1   30.68    0.00   22.73    0.00    0.00    2.27    0.00    0.00    0.00   44.32

09時03分18秒  CPU    %usr   %nice    %sys %iowait    %irq   %soft  %steal  %guest  %gnice   %idle
09時03分19秒    0   37.11    0.00   31.96    0.00    0.00    7.22    0.00    0.00    0.00   23.71
09時03分19秒    1   33.33    0.00   21.11    0.00    0.00    1.11    0.00    0.00    0.00   44.44

09時03分19秒  CPU    %usr   %nice    %sys %iowait    %irq   %soft  %steal  %guest  %gnice   %idle
09時03分20秒    0   37.23    0.00   30.85    0.00    0.00    6.38    0.00    0.00    0.00   25.53
09時03分20秒    1   35.96    0.00   17.98    0.00    0.00    2.25    0.00    0.00    0.00   43.82

09時03分20秒  CPU    %usr   %nice    %sys %iowait    %irq   %soft  %steal  %guest  %gnice   %idle
09時03分21秒    0   41.05    0.00   26.32    0.00    0.00    6.32    0.00    0.00    0.00   26.32
09時03分21秒    1   35.56    0.00   16.67    0.00    0.00    2.22    0.00    0.00    0.00   45.56

09時03分21秒  CPU    %usr   %nice    %sys %iowait    %irq   %soft  %steal  %guest  %gnice   %idle
09時03分22秒    0   39.78    0.00   24.73    0.00    0.00    6.45    0.00    0.00    0.00   29.03
09時03分22秒    1   29.67    0.00   20.88    0.00    0.00    2.20    0.00    0.00    0.00   47.25

09時03分22秒  CPU    %usr   %nice    %sys %iowait    %irq   %soft  %steal  %guest  %gnice   %idle
09時03分23秒    0   39.56    0.00   27.47    0.00    0.00    6.59    0.00    0.00    0.00   26.37
09時03分23秒    1   34.07    0.00   17.58    0.00    0.00    2.20    0.00    0.00    0.00   46.15

09時03分23秒  CPU    %usr   %nice    %sys %iowait    %irq   %soft  %steal  %guest  %gnice   %idle
09時03分24秒    0   35.48    0.00   31.18    0.00    0.00    6.45    0.00    0.00    0.00   26.88
09時03分24秒    1   32.61    0.00   16.30    0.00    0.00    2.17    0.00    0.00    0.00   48.91

09時03分24秒  CPU    %usr   %nice    %sys %iowait    %irq   %soft  %steal  %guest  %gnice   %idle
09時03分25秒    0   31.87    0.00   34.07    0.00    0.00    6.59    0.00    0.00    0.00   27.47
09時03分25秒    1   30.00    0.00   17.78    0.00    0.00    2.22    0.00    0.00    0.00   50.00

09時03分25秒  CPU    %usr   %nice    %sys %iowait    %irq   %soft  %steal  %guest  %gnice   %idle
09時03分26秒    0   39.13    0.00   30.43    0.00    0.00    6.52    0.00    0.00    0.00   23.91
09時03分26秒    1   32.58    0.00   17.98    0.00    0.00    1.12    0.00    0.00    0.00   48.31

09時03分26秒  CPU    %usr   %nice    %sys %iowait    %irq   %soft  %steal  %guest  %gnice   %idle
09時03分27秒    0   39.36    0.00   28.72    0.00    0.00    6.38    0.00    0.00    0.00   25.53
09時03分27秒    1   33.33    0.00   16.13    0.00    0.00    2.15    0.00    0.00    0.00   48.39

09時03分27秒  CPU    %usr   %nice    %sys %iowait    %irq   %soft  %steal  %guest  %gnice   %idle
09時03分28秒    0   38.54    0.00   28.12    0.00    0.00    6.25    0.00    0.00    0.00   27.08
09時03分28秒    1   31.52    0.00   16.30    0.00    0.00    2.17    0.00    0.00    0.00   50.00

平均時間：  CPU    %usr   %nice    %sys %iowait    %irq   %soft  %steal  %guest  %gnice   %idle
平均時間：    0   38.30    0.00   28.99    0.00    0.05    6.53    0.00    0.00    0.00   26.12
平均時間：    1   33.94    0.00   16.11    0.00    0.05    1.97    0.00    0.00    0.00   47.94
