Linux 5.6.15-arch1-1 (archlinux) 	西元2020年06月22日 	_x86_64_	(12 CPU)

22時58分26秒  CPU    %usr   %nice    %sys %iowait    %irq   %soft  %steal  %guest  %gnice   %idle
22時58分27秒    0    9.80    0.00    2.94    0.00    0.00    0.00    0.00    0.00    0.00   87.25
22時58分27秒    1   14.43    7.22    2.06   37.11    0.00    0.00    0.00    0.00    0.00   39.18

22時58分27秒  CPU    %usr   %nice    %sys %iowait    %irq   %soft  %steal  %guest  %gnice   %idle
22時58分28秒    0   11.65    0.97    3.88    3.88    0.00    0.00    0.00    0.00    0.00   79.61
22時58分28秒    1   10.68    0.00    2.91    1.94    0.97    0.00    0.00    0.00    0.00   83.50

22時58分28秒  CPU    %usr   %nice    %sys %iowait    %irq   %soft  %steal  %guest  %gnice   %idle
22時58分29秒    0    6.12    0.00    1.02    0.00    1.02    1.02    0.00    0.00    0.00   90.82
22時58分29秒    1   11.00    0.00    3.00    0.00    0.00    1.00    0.00    0.00    0.00   85.00

22時58分29秒  CPU    %usr   %nice    %sys %iowait    %irq   %soft  %steal  %guest  %gnice   %idle
22時58分30秒    0   11.76    0.00    1.96    0.00    0.00    0.00    0.00    0.00    0.00   86.27
22時58分30秒    1   10.10    0.00    1.01    0.00    0.00    0.00    0.00    0.00    0.00   88.89

22時58分30秒  CPU    %usr   %nice    %sys %iowait    %irq   %soft  %steal  %guest  %gnice   %idle
22時58分31秒    0    9.18    0.00    2.04    1.02    0.00    0.00    0.00    0.00    0.00   87.76
22時58分31秒    1   11.46    0.00    2.08    1.04    0.00    0.00    0.00    0.00    0.00   85.42

22時58分31秒  CPU    %usr   %nice    %sys %iowait    %irq   %soft  %steal  %guest  %gnice   %idle
22時58分32秒    0   14.71    0.00    2.94    0.98    0.00    0.98    0.00    0.00    0.00   80.39
22時58分32秒    1   15.15    0.00    2.02    2.02    0.00    0.00    0.00    0.00    0.00   80.81

22時58分32秒  CPU    %usr   %nice    %sys %iowait    %irq   %soft  %steal  %guest  %gnice   %idle
22時58分33秒    0    8.16    0.00    1.02    0.00    0.00    0.00    0.00    0.00    0.00   90.82
22時58分33秒    1   13.27    0.00    2.04    0.00    0.00    0.00    0.00    0.00    0.00   84.69

22時58分33秒  CPU    %usr   %nice    %sys %iowait    %irq   %soft  %steal  %guest  %gnice   %idle
22時58分34秒    0   10.68    0.00    0.97    0.97    0.97    0.00    0.00    0.00    0.00   86.41
22時58分34秒    1    6.86    0.00    2.94    0.00    0.98    0.00    0.00    0.00    0.00   89.22

22時58分34秒  CPU    %usr   %nice    %sys %iowait    %irq   %soft  %steal  %guest  %gnice   %idle
22時58分35秒    0   14.14    0.00    1.01    0.00    0.00    1.01    0.00    0.00    0.00   83.84
22時58分35秒    1   10.00    0.00    1.00    0.00    0.00    1.00    0.00    0.00    0.00   88.00

22時58分35秒  CPU    %usr   %nice    %sys %iowait    %irq   %soft  %steal  %guest  %gnice   %idle
22時58分36秒    0   11.88    0.00    3.96    0.00    0.00    0.00    0.00    0.00    0.00   84.16
22時58分36秒    1   15.69    0.00    3.92    0.00    0.00    0.00    0.00    0.00    0.00   80.39

22時58分36秒  CPU    %usr   %nice    %sys %iowait    %irq   %soft  %steal  %guest  %gnice   %idle
22時58分37秒    0   12.37    0.00    3.09    0.00    0.00    0.00    0.00    0.00    0.00   84.54
22時58分37秒    1    9.90    0.00    2.97    0.99    0.00    0.00    0.00    0.00    0.00   86.14

22時58分37秒  CPU    %usr   %nice    %sys %iowait    %irq   %soft  %steal  %guest  %gnice   %idle
22時58分38秒    0   12.00    0.00    4.00    0.00    0.00    1.00    0.00    0.00    0.00   83.00
22時58分38秒    1   16.16    0.00    3.03    0.00    0.00    0.00    0.00    0.00    0.00   80.81

22時58分38秒  CPU    %usr   %nice    %sys %iowait    %irq   %soft  %steal  %guest  %gnice   %idle
22時58分39秒    0    9.09    0.00    3.03    0.00    0.00    0.00    0.00    0.00    0.00   87.88
22時58分39秒    1    8.74    0.00    3.88    0.00    0.00    0.97    0.00    0.00    0.00   86.41

22時58分39秒  CPU    %usr   %nice    %sys %iowait    %irq   %soft  %steal  %guest  %gnice   %idle
22時58分40秒    0   13.86    0.00    1.98    0.00    0.99    0.99    0.00    0.00    0.00   82.18
22時58分40秒    1   19.00    0.00    2.00    0.00    1.00    0.00    0.00    0.00    0.00   78.00

22時58分40秒  CPU    %usr   %nice    %sys %iowait    %irq   %soft  %steal  %guest  %gnice   %idle
22時58分41秒    0   12.12    0.00    1.01    0.00    0.00    0.00    0.00    0.00    0.00   86.87
22時58分41秒    1    7.45    0.00    2.13    0.00    0.00    0.00    0.00    0.00    0.00   90.43

22時58分41秒  CPU    %usr   %nice    %sys %iowait    %irq   %soft  %steal  %guest  %gnice   %idle
22時58分42秒    0   10.20    0.00    5.10    1.02    0.00    0.00    0.00    0.00    0.00   83.67
22時58分42秒    1   16.83    0.00    3.96    0.00    0.00    0.00    0.00    0.00    0.00   79.21

22時58分42秒  CPU    %usr   %nice    %sys %iowait    %irq   %soft  %steal  %guest  %gnice   %idle
22時58分43秒    0   15.00    0.00    2.00    0.00    0.00    1.00    0.00    0.00    0.00   82.00
22時58分43秒    1   12.75    0.00    1.96    0.00    0.00    0.98    0.00    0.00    0.00   84.31

22時58分43秒  CPU    %usr   %nice    %sys %iowait    %irq   %soft  %steal  %guest  %gnice   %idle
22時58分44秒    0    6.06    0.00    2.02    0.00    1.01    0.00    0.00    0.00    0.00   90.91
22時58分44秒    1    6.93    0.00    1.98    0.00    0.99    0.00    0.00    0.00    0.00   90.10

22時58分44秒  CPU    %usr   %nice    %sys %iowait    %irq   %soft  %steal  %guest  %gnice   %idle
22時58分45秒    0   12.12    0.00    4.04    0.00    0.00    1.01    0.00    0.00    0.00   82.83
22時58分45秒    1   11.88    0.00    4.95    0.00    0.00    0.00    0.00    0.00    0.00   83.17

22時58分45秒  CPU    %usr   %nice    %sys %iowait    %irq   %soft  %steal  %guest  %gnice   %idle
22時58分46秒    0   16.16    0.00    4.04    1.01    0.00    0.00    0.00    0.00    0.00   78.79
22時58分46秒    1   13.54    0.00    1.04    1.04    0.00    0.00    0.00    0.00    0.00   84.38

22時58分46秒  CPU    %usr   %nice    %sys %iowait    %irq   %soft  %steal  %guest  %gnice   %idle
22時58分47秒    0    9.18    0.00    3.06    0.00    0.00    0.00    0.00    0.00    0.00   87.76
22時58分47秒    1   15.31    0.00    1.02    0.00    0.00    0.00    0.00    0.00    0.00   83.67

22時58分47秒  CPU    %usr   %nice    %sys %iowait    %irq   %soft  %steal  %guest  %gnice   %idle
22時58分48秒    0   19.61    0.00    0.98    0.00    0.00    0.98    0.00    0.00    0.00   78.43
22時58分48秒    1   12.75    0.00    2.94    0.00    0.98    0.98    0.00    0.00    0.00   82.35

22時58分48秒  CPU    %usr   %nice    %sys %iowait    %irq   %soft  %steal  %guest  %gnice   %idle
22時58分49秒    0   15.15    0.00    2.02    0.00    0.00    0.00    0.00    0.00    0.00   82.83
22時58分49秒    1    9.28    0.00    0.00    0.00    0.00    0.00    0.00    0.00    0.00   90.72

22時58分49秒  CPU    %usr   %nice    %sys %iowait    %irq   %soft  %steal  %guest  %gnice   %idle
22時58分50秒    0   13.00    0.00    3.00    1.00    1.00    0.00    0.00    0.00    0.00   82.00
22時58分50秒    1   11.00    0.00    4.00    1.00    0.00    0.00    0.00    0.00    0.00   84.00

22時58分50秒  CPU    %usr   %nice    %sys %iowait    %irq   %soft  %steal  %guest  %gnice   %idle
22時58分51秒    0   12.00    0.00    2.00    0.00    0.00    1.00    0.00    0.00    0.00   85.00
22時58分51秒    1   10.10    0.00    1.01    0.00    0.00    0.00    0.00    0.00    0.00   88.89

22時58分51秒  CPU    %usr   %nice    %sys %iowait    %irq   %soft  %steal  %guest  %gnice   %idle
22時58分52秒    0   17.82    0.00    2.97    0.00    0.00    0.00    0.00    0.00    0.00   79.21
22時58分52秒    1   15.53    0.00    2.91    0.00    0.00    0.97    0.00    0.00    0.00   80.58

22時58分52秒  CPU    %usr   %nice    %sys %iowait    %irq   %soft  %steal  %guest  %gnice   %idle
22時58分53秒    0    9.09    0.00    3.03    0.00    0.00    0.00    0.00    0.00    0.00   87.88
22時58分53秒    1   15.00    0.00    1.00    0.00    1.00    0.00    0.00    0.00    0.00   83.00

22時58分53秒  CPU    %usr   %nice    %sys %iowait    %irq   %soft  %steal  %guest  %gnice   %idle
22時58分54秒    0   12.75    0.00    3.92    0.98    0.98    0.98    0.00    0.00    0.00   80.39
22時58分54秒    1    9.00    0.00    3.00    0.00    0.00    0.00    0.00    0.00    0.00   88.00

22時58分54秒  CPU    %usr   %nice    %sys %iowait    %irq   %soft  %steal  %guest  %gnice   %idle
22時58分55秒    0   10.89    0.00    0.99    0.00    0.00    0.00    0.00    0.00    0.00   88.12
22時58分55秒    1   11.11    0.00    1.01    0.00    0.00    0.00    0.00    0.00    0.00   87.88

22時58分55秒  CPU    %usr   %nice    %sys %iowait    %irq   %soft  %steal  %guest  %gnice   %idle
22時58分56秒    0   16.16    0.00    4.04    0.00    0.00    0.00    0.00    0.00    0.00   79.80
22時58分56秒    1    6.06    0.00    2.02    1.01    0.00    0.00    0.00    0.00    0.00   90.91

22時58分56秒  CPU    %usr   %nice    %sys %iowait    %irq   %soft  %steal  %guest  %gnice   %idle
22時58分57秒    0   14.14    0.00    3.03    0.00    0.00    1.01    0.00    0.00    0.00   81.82
22時58分57秒    1   13.86    0.00    2.97    0.00    0.00    0.99    0.00    0.00    0.00   82.18

22時58分57秒  CPU    %usr   %nice    %sys %iowait    %irq   %soft  %steal  %guest  %gnice   %idle
22時58分58秒    0   19.00    0.00    2.00    0.00    0.00    0.00    0.00    0.00    0.00   79.00
22時58分58秒    1   15.53    0.00    3.88    0.00    0.97    0.00    0.00    0.00    0.00   79.61

22時58分58秒  CPU    %usr   %nice    %sys %iowait    %irq   %soft  %steal  %guest  %gnice   %idle
22時58分59秒    0   17.00    0.00    1.00    1.00    0.00    0.00    0.00    0.00    0.00   81.00
22時58分59秒    1   11.34    0.00    0.00    0.00    0.00    0.00    0.00    0.00    0.00   88.66

22時58分59秒  CPU    %usr   %nice    %sys %iowait    %irq   %soft  %steal  %guest  %gnice   %idle
22時59分00秒    0   14.00    0.00    4.00    0.00    1.00    1.00    0.00    0.00    0.00   80.00
22時59分00秒    1   19.61    0.00    1.96    0.00    0.00    0.00    0.00    0.00    0.00   78.43

22時59分00秒  CPU    %usr   %nice    %sys %iowait    %irq   %soft  %steal  %guest  %gnice   %idle
22時59分01秒    0   11.88    0.00    3.96    0.00    0.00    0.00    0.00    0.00    0.00   84.16
22時59分01秒    1   14.29    0.00    2.04    0.00    0.00    0.00    0.00    0.00    0.00   83.67

22時59分01秒  CPU    %usr   %nice    %sys %iowait    %irq   %soft  %steal  %guest  %gnice   %idle
22時59分02秒    0   24.47    0.00    2.13    0.00    0.00    0.00    0.00    0.00    0.00   73.40
22時59分02秒    1   12.87    0.00    1.98    0.00    0.00    0.99    0.00    0.00    0.00   84.16

22時59分02秒  CPU    %usr   %nice    %sys %iowait    %irq   %soft  %steal  %guest  %gnice   %idle
22時59分03秒    0   14.29    0.00    2.04    0.00    0.00    1.02    0.00    0.00    0.00   82.65
22時59分03秒    1   16.33    0.00    0.00    1.02    0.00    0.00    0.00    0.00    0.00   82.65

22時59分03秒  CPU    %usr   %nice    %sys %iowait    %irq   %soft  %steal  %guest  %gnice   %idle
22時59分04秒    0   14.14    0.00    1.01    0.00    0.00    0.00    0.00    0.00    0.00   84.85
22時59分04秒    1    9.00    0.00    3.00    0.00    1.00    0.00    0.00    0.00    0.00   87.00

22時59分04秒  CPU    %usr   %nice    %sys %iowait    %irq   %soft  %steal  %guest  %gnice   %idle
22時59分05秒    0    7.92    0.00    0.99    0.00    0.99    0.00    0.00    0.00    0.00   90.10
22時59分05秒    1   14.14    0.00    1.01    0.00    0.00    0.00    0.00    0.00    0.00   84.85

22時59分05秒  CPU    %usr   %nice    %sys %iowait    %irq   %soft  %steal  %guest  %gnice   %idle
22時59分06秒    0    5.94    0.00    3.96    0.99    0.00    0.00    0.00    0.00    0.00   89.11
22時59分06秒    1    8.00    0.00    5.00    0.00    0.00    0.00    0.00    0.00    0.00   87.00

22時59分06秒  CPU    %usr   %nice    %sys %iowait    %irq   %soft  %steal  %guest  %gnice   %idle
22時59分07秒    0    6.06    0.00    1.01    0.00    0.00    1.01    0.00    0.00    0.00   91.92
22時59分07秒    1   16.33    0.00    2.04    3.06    0.00    0.00    0.00    0.00    0.00   78.57

22時59分07秒  CPU    %usr   %nice    %sys %iowait    %irq   %soft  %steal  %guest  %gnice   %idle
22時59分08秒    0   13.40    0.00    1.03    1.03    0.00    0.00    0.00    0.00    0.00   84.54
22時59分08秒    1   11.54    0.00    3.85    0.96    0.00    0.96    0.00    0.00    0.00   82.69

22時59分08秒  CPU    %usr   %nice    %sys %iowait    %irq   %soft  %steal  %guest  %gnice   %idle
22時59分09秒    0   11.65    0.00    1.94    0.97    0.00    0.00    0.00    0.00    0.00   85.44
22時59分09秒    1    6.93    0.00    1.98    0.00    0.00    0.00    0.00    0.00    0.00   91.09

22時59分09秒  CPU    %usr   %nice    %sys %iowait    %irq   %soft  %steal  %guest  %gnice   %idle
22時59分10秒    0   12.24    0.00    1.02    0.00    0.00    1.02    0.00    0.00    0.00   85.71
22時59分10秒    1    8.00    0.00    3.00    0.00    1.00    0.00    0.00    0.00    0.00   88.00

22時59分10秒  CPU    %usr   %nice    %sys %iowait    %irq   %soft  %steal  %guest  %gnice   %idle
22時59分11秒    0   11.00    0.00    4.00    0.00    1.00    0.00    0.00    0.00    0.00   84.00
22時59分11秒    1   11.34    0.00    1.03    0.00    0.00    0.00    0.00    0.00    0.00   87.63

22時59分11秒  CPU    %usr   %nice    %sys %iowait    %irq   %soft  %steal  %guest  %gnice   %idle
22時59分12秒    0   20.20    0.00    2.02    0.00    0.00    0.00    0.00    0.00    0.00   77.78
22時59分12秒    1   14.85    0.00    3.96    0.00    0.00    0.99    0.00    0.00    0.00   80.20

22時59分12秒  CPU    %usr   %nice    %sys %iowait    %irq   %soft  %steal  %guest  %gnice   %idle
22時59分13秒    0   12.00    0.00    3.00    0.00    0.00    1.00    0.00    0.00    0.00   84.00
22時59分13秒    1   15.15    0.00    2.02    0.00    0.00    0.00    0.00    0.00    0.00   82.83

22時59分13秒  CPU    %usr   %nice    %sys %iowait    %irq   %soft  %steal  %guest  %gnice   %idle
22時59分14秒    0   12.50    0.00    2.08    0.00    0.00    0.00    0.00    0.00    0.00   85.42
22時59分14秒    1   18.81    0.00    1.98    0.99    0.00    0.00    0.00    0.00    0.00   78.22

22時59分14秒  CPU    %usr   %nice    %sys %iowait    %irq   %soft  %steal  %guest  %gnice   %idle
22時59分15秒    0   12.75    0.00    0.98    0.00    0.98    0.98    0.00    0.00    0.00   84.31
22時59分15秒    1   11.65    0.00    0.97    0.00    0.97    0.00    0.00    0.00    0.00   86.41

22時59分15秒  CPU    %usr   %nice    %sys %iowait    %irq   %soft  %steal  %guest  %gnice   %idle
22時59分16秒    0   13.54    0.00    1.04    0.00    0.00    0.00    0.00    0.00    0.00   85.42
22時59分16秒    1   14.74    0.00    2.11    0.00    0.00    0.00    0.00    0.00    0.00   83.16

22時59分16秒  CPU    %usr   %nice    %sys %iowait    %irq   %soft  %steal  %guest  %gnice   %idle
22時59分17秒    0    8.16    0.00    1.02    0.00    0.00    0.00    0.00    0.00    0.00   90.82
22時59分17秒    1    8.82    0.00    3.92    0.00    0.00    0.98    0.00    0.00    0.00   86.27

22時59分17秒  CPU    %usr   %nice    %sys %iowait    %irq   %soft  %steal  %guest  %gnice   %idle
22時59分18秒    0   10.00    0.00    2.00    0.00    0.00    1.00    0.00    0.00    0.00   87.00
22時59分18秒    1   11.00    0.00    3.00    0.00    0.00    0.00    0.00    0.00    0.00   86.00

22時59分18秒  CPU    %usr   %nice    %sys %iowait    %irq   %soft  %steal  %guest  %gnice   %idle
22時59分19秒    0   13.13    0.00    2.02    0.00    0.00    0.00    0.00    0.00    0.00   84.85
22時59分19秒    1   14.00    0.00    4.00    1.00    0.00    0.00    0.00    0.00    0.00   81.00

22時59分19秒  CPU    %usr   %nice    %sys %iowait    %irq   %soft  %steal  %guest  %gnice   %idle
22時59分20秒    0   12.24    0.00    1.02    0.00    1.02    0.00    0.00    0.00    0.00   85.71
22時59分20秒    1   18.00    0.00    2.00    1.00    1.00    0.00    0.00    0.00    0.00   78.00

22時59分20秒  CPU    %usr   %nice    %sys %iowait    %irq   %soft  %steal  %guest  %gnice   %idle
22時59分21秒    0    6.86    0.00    0.98    0.98    0.00    0.98    0.00    0.00    0.00   90.20
22時59分21秒    1   11.00    0.00    1.00    0.00    0.00    1.00    0.00    0.00    0.00   87.00

22時59分21秒  CPU    %usr   %nice    %sys %iowait    %irq   %soft  %steal  %guest  %gnice   %idle
22時59分22秒    0   13.13    0.00    1.01    1.01    0.00    0.00    0.00    0.00    0.00   84.85
22時59分22秒    1   13.13    0.00    2.02    0.00    1.01    0.00    0.00    0.00    0.00   83.84

22時59分22秒  CPU    %usr   %nice    %sys %iowait    %irq   %soft  %steal  %guest  %gnice   %idle
22時59分23秒    0    7.14    0.00    2.04    0.00    0.00    0.00    0.00    0.00    0.00   90.82
22時59分23秒    1   12.24    0.00    2.04    0.00    0.00    0.00    0.00    0.00    0.00   85.71

22時59分23秒  CPU    %usr   %nice    %sys %iowait    %irq   %soft  %steal  %guest  %gnice   %idle
22時59分24秒    0    7.00    0.00    1.00    0.00    0.00    1.00    0.00    0.00    0.00   91.00
22時59分24秒    1   13.59    0.00    4.85    0.97    0.00    0.00    0.00    0.00    0.00   80.58

22時59分24秒  CPU    %usr   %nice    %sys %iowait    %irq   %soft  %steal  %guest  %gnice   %idle
22時59分25秒    0   14.29    0.00    2.04    1.02    0.00    0.00    0.00    0.00    0.00   82.65
22時59分25秒    1    6.93    0.00    3.96    0.00    0.00    0.00    0.00    0.00    0.00   89.11

22時59分25秒  CPU    %usr   %nice    %sys %iowait    %irq   %soft  %steal  %guest  %gnice   %idle
22時59分26秒    0   12.87    0.00    3.96    0.99    0.99    0.00    0.00    0.00    0.00   81.19
22時59分26秒    1    7.84    0.00    3.92    0.00    0.98    0.98    0.00    0.00    0.00   86.27

22時59分26秒  CPU    %usr   %nice    %sys %iowait    %irq   %soft  %steal  %guest  %gnice   %idle
22時59分27秒    0   10.00    0.00    1.00    0.00    0.00    1.00    0.00    0.00    0.00   88.00
22時59分27秒    1   11.00    0.00    1.00    0.00    0.00    0.00    0.00    0.00    0.00   88.00

22時59分27秒  CPU    %usr   %nice    %sys %iowait    %irq   %soft  %steal  %guest  %gnice   %idle
22時59分28秒    0   12.00    0.00    3.00    0.00    0.00    0.00    0.00    0.00    0.00   85.00
22時59分28秒    1   11.65    0.00    3.88    0.00    0.00    0.00    0.00    0.00    0.00   84.47

22時59分28秒  CPU    %usr   %nice    %sys %iowait    %irq   %soft  %steal  %guest  %gnice   %idle
22時59分29秒    0   13.13    0.00    2.02    0.00    0.00    0.00    0.00    0.00    0.00   84.85
22時59分29秒    1   12.24    0.00    0.00    0.00    0.00    0.00    0.00    0.00    0.00   87.76

22時59分29秒  CPU    %usr   %nice    %sys %iowait    %irq   %soft  %steal  %guest  %gnice   %idle
22時59分30秒    0    9.18    0.00    3.06    0.00    0.00    1.02    0.00    0.00    0.00   86.73
22時59分30秒    1   10.00    0.00    2.00    0.00    0.00    0.00    0.00    0.00    0.00   88.00

22時59分30秒  CPU    %usr   %nice    %sys %iowait    %irq   %soft  %steal  %guest  %gnice   %idle
22時59分31秒    0   12.50    0.00    4.81    0.00    0.00    0.00    0.00    0.00    0.00   82.69
22時59分31秒    1    8.91    0.00    0.99    0.00    0.99    0.99    0.00    0.00    0.00   88.12

22時59分31秒  CPU    %usr   %nice    %sys %iowait    %irq   %soft  %steal  %guest  %gnice   %idle
22時59分32秒    0   14.85    0.00    0.99    0.00    0.99    0.00    0.00    0.00    0.00   83.17
22時59分32秒    1   15.31    0.00    3.06    0.00    0.00    0.00    0.00    0.00    0.00   81.63

22時59分32秒  CPU    %usr   %nice    %sys %iowait    %irq   %soft  %steal  %guest  %gnice   %idle
22時59分33秒    0   14.00    0.00    3.00    1.00    0.00    1.00    0.00    0.00    0.00   81.00
22時59分33秒    1   11.34    0.00    2.06    0.00    0.00    0.00    0.00    0.00    0.00   86.60

22時59分33秒  CPU    %usr   %nice    %sys %iowait    %irq   %soft  %steal  %guest  %gnice   %idle
22時59分34秒    0    8.25    0.00    2.06    0.00    0.00    0.00    0.00    0.00    0.00   89.69
22時59分34秒    1   23.66    0.00    1.08    0.00    0.00    0.00    0.00    0.00    0.00   75.27

22時59分34秒  CPU    %usr   %nice    %sys %iowait    %irq   %soft  %steal  %guest  %gnice   %idle
22時59分35秒    0   12.00    0.00    4.00    0.00    0.00    0.00    0.00    0.00    0.00   84.00
22時59分35秒    1    8.16    0.00    2.04    0.00    1.02    1.02    0.00    0.00    0.00   87.76

22時59分35秒  CPU    %usr   %nice    %sys %iowait    %irq   %soft  %steal  %guest  %gnice   %idle
22時59分36秒    0   10.68    0.00    2.91    0.97    0.97    0.97    0.00    0.00    0.00   83.50
22時59分36秒    1   10.31    0.00    2.06    0.00    0.00    0.00    0.00    0.00    0.00   87.63

22時59分36秒  CPU    %usr   %nice    %sys %iowait    %irq   %soft  %steal  %guest  %gnice   %idle
22時59分37秒    0   22.45    0.00    4.08    0.00    0.00    0.00    0.00    0.00    0.00   73.47
22時59分37秒    1   35.05    0.00    1.03    0.00    0.00    0.00    0.00    0.00    0.00   63.92

22時59分37秒  CPU    %usr   %nice    %sys %iowait    %irq   %soft  %steal  %guest  %gnice   %idle
22時59分38秒    0    7.07    0.00    1.01    0.00    0.00    0.00    0.00    0.00    0.00   91.92
22時59分38秒    1   10.00    0.00    2.00    0.00    0.00    0.00    0.00    0.00    0.00   88.00

22時59分38秒  CPU    %usr   %nice    %sys %iowait    %irq   %soft  %steal  %guest  %gnice   %idle
22時59分39秒    0   12.75    0.00    1.96    0.00    0.00    0.98    0.00    0.00    0.00   84.31
22時59分39秒    1   15.31    0.00    2.04    1.02    0.00    0.00    0.00    0.00    0.00   81.63

22時59分39秒  CPU    %usr   %nice    %sys %iowait    %irq   %soft  %steal  %guest  %gnice   %idle
22時59分40秒    0   17.82    0.00    3.96    0.00    0.00    0.00    0.00    0.00    0.00   78.22
22時59分40秒    1   12.75    0.00    0.98    0.00    0.98    0.00    0.00    0.00    0.00   85.29

22時59分40秒  CPU    %usr   %nice    %sys %iowait    %irq   %soft  %steal  %guest  %gnice   %idle
22時59分41秒    0    9.28    0.00    3.09    0.00    0.00    0.00    0.00    0.00    0.00   87.63
22時59分41秒    1   16.67    0.00    3.92    0.00    0.00    0.98    0.00    0.00    0.00   78.43

22時59分41秒  CPU    %usr   %nice    %sys %iowait    %irq   %soft  %steal  %guest  %gnice   %idle
22時59分42秒    0   18.18    0.00    2.02    1.01    1.01    1.01    0.00    0.00    0.00   76.77
22時59分42秒    1    7.14    0.00    2.04    0.00    0.00    0.00    0.00    0.00    0.00   90.82

22時59分42秒  CPU    %usr   %nice    %sys %iowait    %irq   %soft  %steal  %guest  %gnice   %idle
22時59分43秒    0   13.86    0.00    0.99    0.00    0.00    0.00    0.00    0.00    0.00   85.15
22時59分43秒    1   21.43    0.00    0.00    0.00    0.00    0.00    0.00    0.00    0.00   78.57

22時59分43秒  CPU    %usr   %nice    %sys %iowait    %irq   %soft  %steal  %guest  %gnice   %idle
22時59分44秒    0   16.67    0.00    3.92    0.00    0.00    0.00    0.00    0.00    0.00   79.41
22時59分44秒    1    8.65    0.00    5.77    0.00    0.00    0.00    0.00    0.00    0.00   85.58

22時59分44秒  CPU    %usr   %nice    %sys %iowait    %irq   %soft  %steal  %guest  %gnice   %idle
22時59分45秒    0   19.00    0.00    3.00    0.00    0.00    1.00    0.00    0.00    0.00   77.00
22時59分45秒    1   10.78    0.00    1.96    0.00    0.00    0.98    0.00    0.00    0.00   86.27

22時59分45秒  CPU    %usr   %nice    %sys %iowait    %irq   %soft  %steal  %guest  %gnice   %idle
22時59分46秒    0   17.65    0.00    0.98    0.98    0.00    0.00    0.00    0.00    0.00   80.39
22時59分46秒    1   11.00    0.00    2.00    0.00    1.00    0.00    0.00    0.00    0.00   86.00

22時59分46秒  CPU    %usr   %nice    %sys %iowait    %irq   %soft  %steal  %guest  %gnice   %idle
22時59分47秒    0   16.83    0.00    2.97    0.00    0.99    0.00    0.00    0.00    0.00   79.21
22時59分47秒    1   13.00    0.00    3.00    1.00    0.00    0.00    0.00    0.00    0.00   83.00

22時59分47秒  CPU    %usr   %nice    %sys %iowait    %irq   %soft  %steal  %guest  %gnice   %idle
22時59分48秒    0   11.00    0.00    1.00    0.00    0.00    1.00    0.00    0.00    0.00   87.00
22時59分48秒    1    8.00    0.00    2.00    0.00    0.00    0.00    0.00    0.00    0.00   90.00

22時59分48秒  CPU    %usr   %nice    %sys %iowait    %irq   %soft  %steal  %guest  %gnice   %idle
22時59分49秒    0   17.17    0.00    2.02    0.00    0.00    0.00    0.00    0.00    0.00   80.81
22時59分49秒    1   13.00    0.00    2.00    0.00    0.00    0.00    0.00    0.00    0.00   85.00

22時59分49秒  CPU    %usr   %nice    %sys %iowait    %irq   %soft  %steal  %guest  %gnice   %idle
22時59分50秒    0   18.37    0.00    2.04    0.00    0.00    0.00    0.00    0.00    0.00   79.59
22時59分50秒    1   14.71    0.00    3.92    0.00    0.00    0.98    0.00    0.00    0.00   80.39

22時59分50秒  CPU    %usr   %nice    %sys %iowait    %irq   %soft  %steal  %guest  %gnice   %idle
22時59分51秒    0    7.84    0.00    3.92    0.00    0.00    0.98    0.00    0.00    0.00   87.25
22時59分51秒    1   16.33    0.00    2.04    0.00    1.02    0.00    0.00    0.00    0.00   80.61

22時59分51秒  CPU    %usr   %nice    %sys %iowait    %irq   %soft  %steal  %guest  %gnice   %idle
22時59分52秒    0   12.00    0.00    2.00    0.00    1.00    0.00    0.00    0.00    0.00   85.00
22時59分52秒    1   17.00    0.00    3.00    0.00    0.00    0.00    0.00    0.00    0.00   80.00

22時59分52秒  CPU    %usr   %nice    %sys %iowait    %irq   %soft  %steal  %guest  %gnice   %idle
22時59分53秒    0   14.00    0.00    2.00    0.00    0.00    0.00    0.00    0.00    0.00   84.00
22時59分53秒    1   13.13    0.00    1.01    1.01    0.00    0.00    0.00    0.00    0.00   84.85

22時59分53秒  CPU    %usr   %nice    %sys %iowait    %irq   %soft  %steal  %guest  %gnice   %idle
22時59分54秒    0   16.16    0.00    1.01    2.02    0.00    1.01    0.00    0.00    0.00   79.80
22時59分54秒    1    9.28    0.00    1.03    0.00    0.00    1.03    0.00    0.00    0.00   88.66

22時59分54秒  CPU    %usr   %nice    %sys %iowait    %irq   %soft  %steal  %guest  %gnice   %idle
22時59分55秒    0   16.16    0.00    3.03    1.01    0.00    0.00    0.00    0.00    0.00   79.80
22時59分55秒    1   14.58    0.00    1.04    0.00    0.00    0.00    0.00    0.00    0.00   84.38

22時59分55秒  CPU    %usr   %nice    %sys %iowait    %irq   %soft  %steal  %guest  %gnice   %idle
22時59分56秒    0    7.07    0.00    1.01    0.00    1.01    1.01    0.00    0.00    0.00   89.90
22時59分56秒    1   17.65    0.00    1.96    0.00    0.98    0.00    0.00    0.00    0.00   79.41

22時59分56秒  CPU    %usr   %nice    %sys %iowait    %irq   %soft  %steal  %guest  %gnice   %idle
22時59分57秒    0   16.00    0.00    2.00    0.00    0.00    0.00    0.00    0.00    0.00   82.00
22時59分57秒    1   13.27    0.00    2.04    1.02    0.00    0.00    0.00    0.00    0.00   83.67

22時59分57秒  CPU    %usr   %nice    %sys %iowait    %irq   %soft  %steal  %guest  %gnice   %idle
22時59分58秒    0   14.00    0.00    3.00    1.00    0.00    0.00    0.00    0.00    0.00   82.00
22時59分58秒    1   11.76    0.00    1.96    0.00    0.00    0.98    0.00    0.00    0.00   85.29

22時59分58秒  CPU    %usr   %nice    %sys %iowait    %irq   %soft  %steal  %guest  %gnice   %idle
22時59分59秒    0   15.15    0.00    1.01    0.00    0.00    1.01    0.00    0.00    0.00   82.83
22時59分59秒    1   10.10    0.00    1.01    0.00    0.00    0.00    0.00    0.00    0.00   88.89

22時59分59秒  CPU    %usr   %nice    %sys %iowait    %irq   %soft  %steal  %guest  %gnice   %idle
23時00分00秒    0    8.82    0.00    3.92    0.00    0.00    0.00    0.00    0.00    0.00   87.25
23時00分00秒    1   12.12    0.00    2.02    1.01    0.00    0.00    0.00    0.00    0.00   84.85

23時00分00秒  CPU    %usr   %nice    %sys %iowait    %irq   %soft  %steal  %guest  %gnice   %idle
23時00分01秒    0   12.24    0.00    2.04    0.00    1.02    0.00    0.00    0.00    0.00   84.69
23時00分01秒    1   15.15    0.00    1.01    0.00    1.01    0.00    0.00    0.00    0.00   82.83

23時00分01秒  CPU    %usr   %nice    %sys %iowait    %irq   %soft  %steal  %guest  %gnice   %idle
23時00分02秒    0   13.00    0.00    2.00    0.00    0.00    1.00    0.00    0.00    0.00   84.00
23時00分02秒    1   13.13    0.00    1.01    0.00    0.00    0.00    0.00    0.00    0.00   85.86

23時00分02秒  CPU    %usr   %nice    %sys %iowait    %irq   %soft  %steal  %guest  %gnice   %idle
23時00分03秒    0   14.29    0.00    1.90    0.00    0.00    0.00    0.00    0.00    0.00   83.81
23時00分03秒    1   16.00    0.00    2.00    0.00    0.00    0.00    0.00    0.00    0.00   82.00

23時00分03秒  CPU    %usr   %nice    %sys %iowait    %irq   %soft  %steal  %guest  %gnice   %idle
23時00分04秒    0   12.75    0.00    2.94    0.98    0.00    0.00    0.00    0.00    0.00   83.33
23時00分04秒    1   12.87    0.00    2.97    0.00    0.00    0.99    0.00    0.00    0.00   83.17

23時00分04秒  CPU    %usr   %nice    %sys %iowait    %irq   %soft  %steal  %guest  %gnice   %idle
23時00分05秒    0    9.90    0.00    2.97    0.00    0.00    0.99    0.00    0.00    0.00   86.14
23時00分05秒    1   11.11    0.00    1.01    0.00    0.00    0.00    0.00    0.00    0.00   87.88

23時00分05秒  CPU    %usr   %nice    %sys %iowait    %irq   %soft  %steal  %guest  %gnice   %idle
23時00分06秒    0   10.89    0.00    1.98    0.00    0.99    0.00    0.00    0.00    0.00   86.14
23時00分06秒    1    9.09    0.00    1.01    0.00    1.01    0.00    0.00    0.00    0.00   88.89

23時00分06秒  CPU    %usr   %nice    %sys %iowait    %irq   %soft  %steal  %guest  %gnice   %idle
23時00分07秒    0   12.00    0.00    2.00    0.00    0.00    0.00    0.00    0.00    0.00   86.00
23時00分07秒    1   17.48    0.00    2.91    0.97    0.00    0.00    0.00    0.00    0.00   78.64

23時00分07秒  CPU    %usr   %nice    %sys %iowait    %irq   %soft  %steal  %guest  %gnice   %idle
23時00分08秒    0   12.12    0.00    3.03    0.00    0.00    1.01    0.00    0.00    0.00   83.84
23時00分08秒    1   11.88    0.00    1.98    0.00    0.00    0.99    0.00    0.00    0.00   85.15

23時00分08秒  CPU    %usr   %nice    %sys %iowait    %irq   %soft  %steal  %guest  %gnice   %idle
23時00分09秒    0   11.22    0.00    1.02    0.00    0.00    0.00    0.00    0.00    0.00   87.76
23時00分09秒    1   11.22    0.00    1.02    0.00    0.00    0.00    0.00    0.00    0.00   87.76

23時00分09秒  CPU    %usr   %nice    %sys %iowait    %irq   %soft  %steal  %guest  %gnice   %idle
23時00分10秒    0   11.88    0.00    1.98    0.00    0.00    0.00    0.00    0.00    0.00   86.14
23時00分10秒    1   13.59    0.00    3.88    0.00    0.97    0.00    0.00    0.00    0.00   81.55

23時00分10秒  CPU    %usr   %nice    %sys %iowait    %irq   %soft  %steal  %guest  %gnice   %idle
23時00分11秒    0   11.76    0.00    0.98    0.98    0.98    0.98    0.00    0.00    0.00   84.31
23時00分11秒    1   18.00    0.00    4.00    0.00    0.00    0.00    0.00    0.00    0.00   78.00

23時00分11秒  CPU    %usr   %nice    %sys %iowait    %irq   %soft  %steal  %guest  %gnice   %idle
23時00分12秒    0   10.20    0.00    3.06    1.02    0.00    0.00    0.00    0.00    0.00   85.71
23時00分12秒    1   15.31    0.00    2.04    0.00    0.00    0.00    0.00    0.00    0.00   82.65

23時00分12秒  CPU    %usr   %nice    %sys %iowait    %irq   %soft  %steal  %guest  %gnice   %idle
23時00分13秒    0   11.11    0.00    3.03    0.00    0.00    1.01    0.00    0.00    0.00   84.85
23時00分13秒    1   18.81    0.00    1.98    0.99    0.00    0.99    0.00    0.00    0.00   77.23

23時00分13秒  CPU    %usr   %nice    %sys %iowait    %irq   %soft  %steal  %guest  %gnice   %idle
23時00分14秒    0    7.92    0.00    2.97    0.00    0.00    0.00    0.00    0.00    0.00   89.11
23時00分14秒    1   11.76    0.00    2.94    0.00    0.00    0.00    0.00    0.00    0.00   85.29

23時00分14秒  CPU    %usr   %nice    %sys %iowait    %irq   %soft  %steal  %guest  %gnice   %idle
23時00分15秒    0    9.00    0.00    1.00    1.00    1.00    0.00    0.00    0.00    0.00   88.00
23時00分15秒    1   10.20    0.00    1.02    0.00    1.02    0.00    0.00    0.00    0.00   87.76

23時00分15秒  CPU    %usr   %nice    %sys %iowait    %irq   %soft  %steal  %guest  %gnice   %idle
23時00分16秒    0   12.50    0.00    1.04    0.00    0.00    0.00    0.00    0.00    0.00   86.46
23時00分16秒    1   12.75    0.00    2.94    0.98    0.00    0.00    0.00    0.00    0.00   83.33

23時00分16秒  CPU    %usr   %nice    %sys %iowait    %irq   %soft  %steal  %guest  %gnice   %idle
23時00分17秒    0   16.50    0.00    2.91    0.00    0.00    0.97    0.00    0.00    0.00   79.61
23時00分17秒    1   14.85    0.00    2.97    0.00    0.00    0.99    0.00    0.00    0.00   81.19

23時00分17秒  CPU    %usr   %nice    %sys %iowait    %irq   %soft  %steal  %guest  %gnice   %idle
23時00分18秒    0    9.18    0.00    1.02    0.00    0.00    0.00    0.00    0.00    0.00   89.80
23時00分18秒    1   13.86    0.00    2.97    0.99    0.00    0.00    0.00    0.00    0.00   82.18

23時00分18秒  CPU    %usr   %nice    %sys %iowait    %irq   %soft  %steal  %guest  %gnice   %idle
23時00分19秒    0    8.00    0.00    2.00    0.00    0.00    1.00    0.00    0.00    0.00   89.00
23時00分19秒    1    5.15    0.00    3.09    0.00    0.00    0.00    0.00    0.00    0.00   91.75

23時00分19秒  CPU    %usr   %nice    %sys %iowait    %irq   %soft  %steal  %guest  %gnice   %idle
23時00分20秒    0   16.35    0.00    3.85    0.00    0.96    0.00    0.00    0.00    0.00   78.85
23時00分20秒    1   11.76    0.00    1.96    0.00    0.98    0.00    0.00    0.00    0.00   85.29

23時00分20秒  CPU    %usr   %nice    %sys %iowait    %irq   %soft  %steal  %guest  %gnice   %idle
23時00分21秒    0   10.00    0.00    2.00    2.00    0.00    0.00    0.00    0.00    0.00   86.00
23時00分21秒    1   10.20    0.00    1.02    1.02    0.00    0.00    0.00    0.00    0.00   87.76

23時00分21秒  CPU    %usr   %nice    %sys %iowait    %irq   %soft  %steal  %guest  %gnice   %idle
23時00分22秒    0   11.11    0.00    2.02    0.00    0.00    1.01    0.00    0.00    0.00   85.86
23時00分22秒    1   10.20    0.00    2.04    0.00    0.00    1.02    0.00    0.00    0.00   86.73

23時00分22秒  CPU    %usr   %nice    %sys %iowait    %irq   %soft  %steal  %guest  %gnice   %idle
23時00分23秒    0   12.12    0.00    4.04    0.00    0.00    0.00    0.00    0.00    0.00   83.84
23時00分23秒    1   12.24    0.00    3.06    0.00    0.00    0.00    0.00    0.00    0.00   84.69

23時00分23秒  CPU    %usr   %nice    %sys %iowait    %irq   %soft  %steal  %guest  %gnice   %idle
23時00分24秒    0   12.00    0.00    2.00    0.00    0.00    0.00    0.00    0.00    0.00   86.00
23時00分24秒    1   11.76    0.00    5.88    0.98    0.00    0.00    0.00    0.00    0.00   81.37

23時00分24秒  CPU    %usr   %nice    %sys %iowait    %irq   %soft  %steal  %guest  %gnice   %idle
23時00分25秒    0    9.00    0.00    1.00    0.00    1.00    1.00    0.00    0.00    0.00   88.00
23時00分25秒    1   15.00    0.00    3.00    0.00    1.00    0.00    0.00    0.00    0.00   81.00

23時00分25秒  CPU    %usr   %nice    %sys %iowait    %irq   %soft  %steal  %guest  %gnice   %idle
23時00分26秒    0   10.00    0.00    2.00    1.00    0.00    0.00    0.00    0.00    0.00   87.00
23時00分26秒    1   10.78    0.00    2.94    0.98    0.00    0.98    0.00    0.00    0.00   84.31

平均時間：  CPU    %usr   %nice    %sys %iowait    %irq   %soft  %steal  %guest  %gnice   %idle
平均時間：    0   12.46    0.01    2.31    0.28    0.20    0.34    0.00    0.00    0.00   84.40
平均時間：    1   12.72    0.06    2.31    0.55    0.21    0.22    0.00    0.00    0.00   83.93
