Linux 5.6.15-arch1-1 (archlinux) 	西元2020年06月22日 	_x86_64_	(12 CPU)

22時55分49秒  CPU    %usr   %nice    %sys %iowait    %irq   %soft  %steal  %guest  %gnice   %idle
22時55分50秒    0    3.92    0.00    2.94    0.00    0.98    0.98    0.00    0.00    0.00   91.18
22時55分50秒    1    4.00    0.00    3.00    0.00    0.00    0.00    0.00    0.00    0.00   93.00

22時55分50秒  CPU    %usr   %nice    %sys %iowait    %irq   %soft  %steal  %guest  %gnice   %idle
22時55分51秒    0   10.00    0.00    3.00    0.00    0.00    0.00    0.00    0.00    0.00   87.00
22時55分51秒    1    4.04    0.00    1.01    0.00    0.00    0.00    0.00    0.00    0.00   94.95

22時55分51秒  CPU    %usr   %nice    %sys %iowait    %irq   %soft  %steal  %guest  %gnice   %idle
22時55分52秒    0    2.04    0.00    1.02    0.00    0.00    0.00    0.00    0.00    0.00   96.94
22時55分52秒    1    3.00    0.00    1.00    0.00    0.00    0.00    0.00    0.00    0.00   96.00

22時55分52秒  CPU    %usr   %nice    %sys %iowait    %irq   %soft  %steal  %guest  %gnice   %idle
22時55分53秒    0    7.07    0.00    1.01    0.00    0.00    1.01    0.00    0.00    0.00   90.91
22時55分53秒    1   11.88    0.00    2.97    0.00    0.99    0.00    0.00    0.00    0.00   84.16

22時55分53秒  CPU    %usr   %nice    %sys %iowait    %irq   %soft  %steal  %guest  %gnice   %idle
22時55分54秒    0    4.08    0.00    2.04    0.00    0.00    0.00    0.00    0.00    0.00   93.88
22時55分54秒    1    7.29    0.00    1.04    0.00    0.00    1.04    0.00    0.00    0.00   90.62

22時55分54秒  CPU    %usr   %nice    %sys %iowait    %irq   %soft  %steal  %guest  %gnice   %idle
22時55分55秒    0   11.76    0.00    1.96    0.00    0.98    0.98    0.00    0.00    0.00   84.31
22時55分55秒    1   13.13    0.00    4.04    0.00    0.00    0.00    0.00    0.00    0.00   82.83

22時55分55秒  CPU    %usr   %nice    %sys %iowait    %irq   %soft  %steal  %guest  %gnice   %idle
22時55分56秒    0    6.93    0.00    1.98    0.00    0.00    0.00    0.00    0.00    0.00   91.09
22時55分56秒    1    9.47    0.00    3.16    0.00    0.00    0.00    0.00    0.00    0.00   87.37

22時55分56秒  CPU    %usr   %nice    %sys %iowait    %irq   %soft  %steal  %guest  %gnice   %idle
22時55分57秒    0    6.25    0.00    2.08    0.00    0.00    0.00    0.00    0.00    0.00   91.67
22時55分57秒    1   13.27    0.00    2.04    0.00    0.00    0.00    0.00    0.00    0.00   84.69

22時55分57秒  CPU    %usr   %nice    %sys %iowait    %irq   %soft  %steal  %guest  %gnice   %idle
22時55分58秒    0    8.82    0.00    1.96    0.00    0.00    0.98    0.00    0.00    0.00   88.24
22時55分58秒    1    6.00    0.00    2.00    0.00    0.00    0.00    0.00    0.00    0.00   92.00

22時55分58秒  CPU    %usr   %nice    %sys %iowait    %irq   %soft  %steal  %guest  %gnice   %idle
22時55分59秒    0    7.14    0.00    2.04    0.00    0.00    0.00    0.00    0.00    0.00   90.82
22時55分59秒    1    7.84    0.00    0.98    0.00    0.98    0.98    0.00    0.00    0.00   89.22

22時55分59秒  CPU    %usr   %nice    %sys %iowait    %irq   %soft  %steal  %guest  %gnice   %idle
22時56分00秒    0    5.94    0.00    2.97    0.00    0.99    0.99    0.00    0.00    0.00   89.11
22時56分00秒    1   22.22    0.00    3.03    0.00    0.00    0.00    0.00    0.00    0.00   74.75

22時56分00秒  CPU    %usr   %nice    %sys %iowait    %irq   %soft  %steal  %guest  %gnice   %idle
22時56分01秒    0   15.46    0.00    3.09    0.00    0.00    0.00    0.00    0.00    0.00   81.44
22時56分01秒    1   18.00    0.00    7.00    0.00    0.00    0.00    0.00    0.00    0.00   75.00

22時56分01秒  CPU    %usr   %nice    %sys %iowait    %irq   %soft  %steal  %guest  %gnice   %idle
22時56分02秒    0   20.79    0.00    1.98    0.00    0.00    0.00    0.00    0.00    0.00   77.23
22時56分02秒    1   19.00    0.00    3.00    0.00    0.00    0.00    0.00    0.00    0.00   78.00

22時56分02秒  CPU    %usr   %nice    %sys %iowait    %irq   %soft  %steal  %guest  %gnice   %idle
22時56分03秒    0    9.62    0.00    3.85    0.00    0.00    0.96    0.00    0.00    0.00   85.58
22時56分03秒    1   12.62    0.00    3.88    0.00    0.00    0.97    0.00    0.00    0.00   82.52

22時56分03秒  CPU    %usr   %nice    %sys %iowait    %irq   %soft  %steal  %guest  %gnice   %idle
22時56分04秒    0   14.85    0.00    3.96    0.00    0.99    0.00    0.00    0.00    0.00   80.20
22時56分04秒    1    7.00    0.00    2.00    0.00    1.00    0.00    0.00    0.00    0.00   90.00

22時56分04秒  CPU    %usr   %nice    %sys %iowait    %irq   %soft  %steal  %guest  %gnice   %idle
22時56分05秒    0    7.92    0.00    2.97    0.00    0.00    0.00    0.00    0.00    0.00   89.11
22時56分05秒    1    9.80    0.00    2.94    0.00    0.00    0.00    0.00    0.00    0.00   87.25

22時56分05秒  CPU    %usr   %nice    %sys %iowait    %irq   %soft  %steal  %guest  %gnice   %idle
22時56分06秒    0    5.94    0.00    3.96    0.00    0.00    0.99    0.00    0.00    0.00   89.11
22時56分06秒    1    5.88    0.00    2.94    0.00    0.00    0.00    0.00    0.00    0.00   91.18

22時56分06秒  CPU    %usr   %nice    %sys %iowait    %irq   %soft  %steal  %guest  %gnice   %idle
22時56分07秒    0   10.20    0.00    3.06    0.00    0.00    0.00    0.00    0.00    0.00   86.73
22時56分07秒    1    7.92    0.00    1.98    0.00    0.00    0.99    0.00    0.00    0.00   89.11

22時56分07秒  CPU    %usr   %nice    %sys %iowait    %irq   %soft  %steal  %guest  %gnice   %idle
22時56分08秒    0    2.04    0.00    0.00    0.00    0.00    0.00    0.00    0.00    0.00   97.96
22時56分08秒    1    4.00    0.00    2.00    0.00    0.00    0.00    0.00    0.00    0.00   94.00

22時56分08秒  CPU    %usr   %nice    %sys %iowait    %irq   %soft  %steal  %guest  %gnice   %idle
22時56分09秒    0    6.00    0.00    1.00    0.00    1.00    1.00    0.00    0.00    0.00   91.00
22時56分09秒    1    7.92    0.00    1.98    0.00    0.99    0.00    0.00    0.00    0.00   89.11

22時56分09秒  CPU    %usr   %nice    %sys %iowait    %irq   %soft  %steal  %guest  %gnice   %idle
22時56分10秒    0    9.18    0.00    1.02    0.00    0.00    0.00    0.00    0.00    0.00   89.80
22時56分10秒    1    4.04    0.00    4.04    0.00    0.00    0.00    0.00    0.00    0.00   91.92

22時56分10秒  CPU    %usr   %nice    %sys %iowait    %irq   %soft  %steal  %guest  %gnice   %idle
22時56分11秒    0    6.93    0.00    0.99    0.00    0.00    0.00    0.00    0.00    0.00   92.08
22時56分11秒    1   11.22    0.00    1.02    0.00    0.00    0.00    0.00    0.00    0.00   87.76

22時56分11秒  CPU    %usr   %nice    %sys %iowait    %irq   %soft  %steal  %guest  %gnice   %idle
22時56分12秒    0    4.08    0.00    1.02    0.00    0.00    1.02    0.00    0.00    0.00   93.88
22時56分12秒    1    9.09    0.00    3.03    0.00    0.00    0.00    0.00    0.00    0.00   87.88

22時56分12秒  CPU    %usr   %nice    %sys %iowait    %irq   %soft  %steal  %guest  %gnice   %idle
22時56分13秒    0    9.90    0.00    1.98   28.71    0.00    0.00    0.00    0.00    0.00   59.41
22時56分13秒    1   20.79    0.00    1.98    0.00    0.00    0.99    0.00    0.00    0.00   76.24

22時56分13秒  CPU    %usr   %nice    %sys %iowait    %irq   %soft  %steal  %guest  %gnice   %idle
22時56分14秒    0    3.03    0.00    4.04   10.10    0.00    0.00    0.00    0.00    0.00   82.83
22時56分14秒    1    6.93    0.00    4.95    0.00    0.00    0.00    0.00    0.00    0.00   88.12

22時56分14秒  CPU    %usr   %nice    %sys %iowait    %irq   %soft  %steal  %guest  %gnice   %idle
22時56分15秒    0   10.00    0.00    4.00    0.00    0.00    1.00    0.00    0.00    0.00   85.00
22時56分15秒    1    8.82    0.00    3.92    0.98    0.00    0.00    0.00    0.00    0.00   86.27

22時56分15秒  CPU    %usr   %nice    %sys %iowait    %irq   %soft  %steal  %guest  %gnice   %idle
22時56分16秒    0    8.74    0.00    2.91    0.00    0.97    0.00    0.00    0.00    0.00   87.38
22時56分16秒    1   13.27    0.00    2.04    0.00    0.00    0.00    0.00    0.00    0.00   84.69

22時56分16秒  CPU    %usr   %nice    %sys %iowait    %irq   %soft  %steal  %guest  %gnice   %idle
22時56分17秒    0    6.86    0.00    4.90    0.00    0.00    0.98    0.00    0.00    0.00   87.25
22時56分17秒    1   11.43    0.00    5.71    0.00    0.95    0.00    0.00    0.00    0.00   81.90

22時56分17秒  CPU    %usr   %nice    %sys %iowait    %irq   %soft  %steal  %guest  %gnice   %idle
22時56分18秒    0    5.94    0.00    3.96    0.00    0.00    0.00    0.00    0.00    0.00   90.10
22時56分18秒    1   13.13    0.00    1.01    0.00    0.00    0.00    0.00    0.00    0.00   85.86

22時56分18秒  CPU    %usr   %nice    %sys %iowait    %irq   %soft  %steal  %guest  %gnice   %idle
22時56分19秒    0    5.05    0.00    2.02    0.00    0.00    0.00    0.00    0.00    0.00   92.93
22時56分19秒    1    5.00    0.00    3.00    0.00    0.00    1.00    0.00    0.00    0.00   91.00

22時56分19秒  CPU    %usr   %nice    %sys %iowait    %irq   %soft  %steal  %guest  %gnice   %idle
22時56分20秒    0    4.08    0.00    2.04    0.00    0.00    1.02    0.00    0.00    0.00   92.86
22時56分20秒    1   11.88    0.00    1.98    0.00    0.00    0.00    0.00    0.00    0.00   86.14

22時56分20秒  CPU    %usr   %nice    %sys %iowait    %irq   %soft  %steal  %guest  %gnice   %idle
22時56分21秒    0   13.00    0.00    3.00    0.00    0.00    0.00    0.00    0.00    0.00   84.00
22時56分21秒    1   26.73    0.00    5.94    0.00    0.00    0.00    0.00    0.00    0.00   67.33

22時56分21秒  CPU    %usr   %nice    %sys %iowait    %irq   %soft  %steal  %guest  %gnice   %idle
22時56分22秒    0    6.67    0.00    5.71    0.00    0.95    0.95    0.00    0.00    0.00   85.71
22時56分22秒    1   16.16    0.00    7.07    0.00    0.00    0.00    0.00    0.00    0.00   76.77

22時56分22秒  CPU    %usr   %nice    %sys %iowait    %irq   %soft  %steal  %guest  %gnice   %idle
22時56分23秒    0   10.10    0.00    3.03    0.00    0.00    0.00    0.00    0.00    0.00   86.87
22時56分23秒    1    6.19    0.00    5.15    0.00    1.03    0.00    0.00    0.00    0.00   87.63

22時56分23秒  CPU    %usr   %nice    %sys %iowait    %irq   %soft  %steal  %guest  %gnice   %idle
22時56分24秒    0    6.19    0.00    4.12    0.00    0.00    1.03    0.00    0.00    0.00   88.66
22時56分24秒    1    6.12    0.00    2.04    0.00    0.00    0.00    0.00    0.00    0.00   91.84

22時56分24秒  CPU    %usr   %nice    %sys %iowait    %irq   %soft  %steal  %guest  %gnice   %idle
22時56分25秒    0    8.08    0.00    2.02    0.00    0.00    0.00    0.00    0.00    0.00   89.90
22時56分25秒    1    6.00    0.00    3.00    0.00    0.00    1.00    0.00    0.00    0.00   90.00

22時56分25秒  CPU    %usr   %nice    %sys %iowait    %irq   %soft  %steal  %guest  %gnice   %idle
22時56分26秒    0    7.45    0.00    4.26    0.00    0.00    0.00    0.00    0.00    0.00   88.30
22時56分26秒    1    7.92    0.00    2.97    0.00    0.00    0.00    0.00    0.00    0.00   89.11

22時56分26秒  CPU    %usr   %nice    %sys %iowait    %irq   %soft  %steal  %guest  %gnice   %idle
22時56分27秒    0   15.69    0.00    4.90    0.98    0.00    0.98    0.00    0.00    0.00   77.45
22時56分27秒    1   23.76    0.00    2.97    0.00    0.00    0.00    0.00    0.00    0.00   73.27

22時56分27秒  CPU    %usr   %nice    %sys %iowait    %irq   %soft  %steal  %guest  %gnice   %idle
22時56分28秒    0   12.12    0.00    1.01    0.00    1.01    0.00    0.00    0.00    0.00   85.86
22時56分28秒    1    9.90    0.00    1.98    0.00    0.00    0.00    0.00    0.00    0.00   88.12

22時56分28秒  CPU    %usr   %nice    %sys %iowait    %irq   %soft  %steal  %guest  %gnice   %idle
22時56分29秒    0   11.88    0.00    3.96    0.00    0.00    0.00    0.00    0.00    0.00   84.16
22時56分29秒    1    9.71    0.00    2.91    0.00    0.97    0.97    0.00    0.00    0.00   85.44

22時56分29秒  CPU    %usr   %nice    %sys %iowait    %irq   %soft  %steal  %guest  %gnice   %idle
22時56分30秒    0   11.34    0.00    2.06    0.00    0.00    1.03    0.00    0.00    0.00   85.57
22時56分30秒    1   14.14    0.00    2.02    0.00    0.00    0.00    0.00    0.00    0.00   83.84

22時56分30秒  CPU    %usr   %nice    %sys %iowait    %irq   %soft  %steal  %guest  %gnice   %idle
22時56分31秒    0   10.89    0.00    2.97    0.00    0.00    0.00    0.00    0.00    0.00   86.14
22時56分31秒    1   11.76    0.00    3.92    0.00    0.00    0.00    0.00    0.00    0.00   84.31

22時56分31秒  CPU    %usr   %nice    %sys %iowait    %irq   %soft  %steal  %guest  %gnice   %idle
22時56分32秒    0   12.87    0.00    3.96    0.00    0.99    0.00    0.00    0.00    0.00   82.18
22時56分32秒    1   15.15    0.00    3.03    0.00    0.00    0.00    0.00    0.00    0.00   81.82

22時56分32秒  CPU    %usr   %nice    %sys %iowait    %irq   %soft  %steal  %guest  %gnice   %idle
22時56分33秒    0   10.00    0.00    2.00    0.00    0.00    1.00    0.00    0.00    0.00   87.00
22時56分33秒    1   13.73    0.00    0.98    0.00    0.98    0.98    0.00    0.00    0.00   83.33

22時56分33秒  CPU    %usr   %nice    %sys %iowait    %irq   %soft  %steal  %guest  %gnice   %idle
22時56分34秒    0   15.46    0.00    1.03    0.00    0.00    0.00    0.00    0.00    0.00   83.51
22時56分34秒    1   15.69    0.00    1.96    0.00    0.00    0.00    0.00    0.00    0.00   82.35

22時56分34秒  CPU    %usr   %nice    %sys %iowait    %irq   %soft  %steal  %guest  %gnice   %idle
22時56分35秒    0    3.03    0.00    3.03    0.00    0.00    1.01    0.00    0.00    0.00   92.93
22時56分35秒    1    7.22    0.00    0.00    0.00    0.00    0.00    0.00    0.00    0.00   92.78

22時56分35秒  CPU    %usr   %nice    %sys %iowait    %irq   %soft  %steal  %guest  %gnice   %idle
22時56分36秒    0    5.10    0.00    2.04    0.00    1.02    0.00    0.00    0.00    0.00   91.84
22時56分36秒    1    6.12    0.00    5.10    0.00    0.00    0.00    0.00    0.00    0.00   88.78

22時56分36秒  CPU    %usr   %nice    %sys %iowait    %irq   %soft  %steal  %guest  %gnice   %idle
22時56分37秒    0   12.12    0.00    3.03    0.00    0.00    0.00    0.00    0.00    0.00   84.85
22時56分37秒    1   13.00    0.00    1.00    0.00    1.00    1.00    0.00    0.00    0.00   84.00

22時56分37秒  CPU    %usr   %nice    %sys %iowait    %irq   %soft  %steal  %guest  %gnice   %idle
22時56分38秒    0    7.84    0.00    3.92    0.00    0.00    0.98    0.00    0.00    0.00   87.25
22時56分38秒    1    9.71    0.00    4.85    0.00    0.00    0.00    0.00    0.00    0.00   85.44

22時56分38秒  CPU    %usr   %nice    %sys %iowait    %irq   %soft  %steal  %guest  %gnice   %idle
22時56分39秒    0   11.76    0.00    1.96   11.76    0.00    0.00    0.00    0.00    0.00   74.51
22時56分39秒    1   11.00    0.00    3.00    0.00    0.00    0.00    0.00    0.00    0.00   86.00

22時56分39秒  CPU    %usr   %nice    %sys %iowait    %irq   %soft  %steal  %guest  %gnice   %idle
22時56分40秒    0   13.73    0.00    2.94    2.94    0.98    0.98    0.00    0.00    0.00   78.43
22時56分40秒    1   13.86    0.00    3.96    0.00    0.00    0.00    0.00    0.00    0.00   82.18

22時56分40秒  CPU    %usr   %nice    %sys %iowait    %irq   %soft  %steal  %guest  %gnice   %idle
22時56分41秒    0    5.88    0.00    2.94    0.00    0.00    0.00    0.00    0.00    0.00   91.18
22時56分41秒    1    6.00    0.00    2.00    0.00    0.00    1.00    0.00    0.00    0.00   91.00

22時56分41秒  CPU    %usr   %nice    %sys %iowait    %irq   %soft  %steal  %guest  %gnice   %idle
22時56分42秒    0   10.10    0.00    1.01    0.00    0.00    0.00    0.00    0.00    0.00   88.89
22時56分42秒    1   17.17    0.00    5.05    1.01    0.00    0.00    0.00    0.00    0.00   76.77

22時56分42秒  CPU    %usr   %nice    %sys %iowait    %irq   %soft  %steal  %guest  %gnice   %idle
22時56分43秒    0   12.00    0.00    7.00   13.00    0.00    1.00    0.00    0.00    0.00   67.00
22時56分43秒    1    9.90    0.00    3.96    0.00    0.99    0.00    0.00    0.00    0.00   85.15

22時56分43秒  CPU    %usr   %nice    %sys %iowait    %irq   %soft  %steal  %guest  %gnice   %idle
22時56分44秒    0   26.00    0.00    4.00    0.00    0.00    0.00    0.00    0.00    0.00   70.00
22時56分44秒    1   12.87    0.00    3.96    0.00    0.00    0.00    0.00    0.00    0.00   83.17

22時56分44秒  CPU    %usr   %nice    %sys %iowait    %irq   %soft  %steal  %guest  %gnice   %idle
22時56分45秒    0   12.00    0.00    3.00    0.00    0.00    0.00    0.00    0.00    0.00   85.00
22時56分45秒    1    8.08    0.00    3.03    0.00    0.00    0.00    0.00    0.00    0.00   88.89

22時56分45秒  CPU    %usr   %nice    %sys %iowait    %irq   %soft  %steal  %guest  %gnice   %idle
22時56分46秒    0   12.00    0.00    2.00    0.00    0.00    0.00    0.00    0.00    0.00   86.00
22時56分46秒    1   11.22    0.00    2.04    0.00    0.00    0.00    0.00    0.00    0.00   86.73

22時56分46秒  CPU    %usr   %nice    %sys %iowait    %irq   %soft  %steal  %guest  %gnice   %idle
22時56分47秒    0   14.71    0.00    2.94    0.00    0.98    0.98    0.00    0.00    0.00   80.39
22時56分47秒    1   16.33    0.00    3.06    0.00    0.00    1.02    0.00    0.00    0.00   79.59

22時56分47秒  CPU    %usr   %nice    %sys %iowait    %irq   %soft  %steal  %guest  %gnice   %idle
22時56分48秒    0   22.83    0.00    1.09    0.00    0.00    0.00    0.00    0.00    0.00   76.09
22時56分48秒    1    9.71    0.00    2.91    1.94    0.00    0.00    0.00    0.00    0.00   85.44

22時56分48秒  CPU    %usr   %nice    %sys %iowait    %irq   %soft  %steal  %guest  %gnice   %idle
22時56分49秒    0   18.95    0.00    2.11    0.00    0.00    0.00    0.00    0.00    0.00   78.95
22時56分49秒    1   10.00    0.00    3.00    0.00    1.00    0.00    0.00    0.00    0.00   86.00

22時56分49秒  CPU    %usr   %nice    %sys %iowait    %irq   %soft  %steal  %guest  %gnice   %idle
22時56分50秒    0   14.29    0.00    2.04    0.00    0.00    0.00    0.00    0.00    0.00   83.67
22時56分50秒    1   16.67    0.00    1.04    0.00    0.00    0.00    0.00    0.00    0.00   82.29

22時56分50秒  CPU    %usr   %nice    %sys %iowait    %irq   %soft  %steal  %guest  %gnice   %idle
22時56分51秒    0   11.76    0.00    2.94    0.98    0.98    0.98    0.00    0.00    0.00   82.35
22時56分51秒    1   12.87    0.00    3.96    0.99    0.00    0.00    0.00    0.00    0.00   82.18

22時56分51秒  CPU    %usr   %nice    %sys %iowait    %irq   %soft  %steal  %guest  %gnice   %idle
22時56分52秒    0   15.69    0.00    1.96    0.00    0.00    0.00    0.00    0.00    0.00   82.35
22時56分52秒    1   17.82    0.00    1.98    0.00    0.00    0.99    0.00    0.00    0.00   79.21

22時56分52秒  CPU    %usr   %nice    %sys %iowait    %irq   %soft  %steal  %guest  %gnice   %idle
22時56分53秒    0    9.09    0.00    1.01    0.00    0.00    0.00    0.00    0.00    0.00   89.90
22時56分53秒    1   12.87    0.00    0.99    0.00    0.00    0.00    0.00    0.00    0.00   86.14

22時56分53秒  CPU    %usr   %nice    %sys %iowait    %irq   %soft  %steal  %guest  %gnice   %idle
22時56分54秒    0    9.00    0.00    4.00    0.00    0.00    1.00    0.00    0.00    0.00   86.00
22時56分54秒    1   11.00    0.00    3.00    0.00    0.00    0.00    0.00    0.00    0.00   86.00

22時56分54秒  CPU    %usr   %nice    %sys %iowait    %irq   %soft  %steal  %guest  %gnice   %idle
22時56分55秒    0    9.09    0.00    3.03    2.02    0.00    0.00    0.00    0.00    0.00   85.86
22時56分55秒    1   12.75    0.00    3.92    0.98    0.98    0.00    0.00    0.00    0.00   81.37

22時56分55秒  CPU    %usr   %nice    %sys %iowait    %irq   %soft  %steal  %guest  %gnice   %idle
22時56分56秒    0   13.27    0.00    3.06    0.00    0.00    0.00    0.00    0.00    0.00   83.67
22時56分56秒    1    8.25    0.00    1.03    1.03    0.00    1.03    0.00    0.00    0.00   88.66

22時56分56秒  CPU    %usr   %nice    %sys %iowait    %irq   %soft  %steal  %guest  %gnice   %idle
22時56分57秒    0   13.86    0.00    2.97    0.00    0.99    0.99    0.00    0.00    0.00   81.19
22時56分57秒    1   14.14    0.00    4.04    1.01    0.00    0.00    0.00    0.00    0.00   80.81

22時56分57秒  CPU    %usr   %nice    %sys %iowait    %irq   %soft  %steal  %guest  %gnice   %idle
22時56分58秒    0    9.28    0.00    3.09    8.25    0.00    0.00    0.00    0.00    0.00   79.38
22時56分58秒    1   12.24    0.00    2.04    0.00    0.00    0.00    0.00    0.00    0.00   85.71

22時56分58秒  CPU    %usr   %nice    %sys %iowait    %irq   %soft  %steal  %guest  %gnice   %idle
22時56分59秒    0   20.62    0.00    1.03    0.00    0.00    0.00    0.00    0.00    0.00   78.35
22時56分59秒    1   10.31    0.00    1.03    0.00    0.00    0.00    0.00    0.00    0.00   88.66

22時56分59秒  CPU    %usr   %nice    %sys %iowait    %irq   %soft  %steal  %guest  %gnice   %idle
22時57分00秒    0    7.00    0.00    4.00    0.00    0.00    1.00    0.00    0.00    0.00   88.00
22時57分00秒    1   20.00    0.00    1.00    0.00    1.00    0.00    0.00    0.00    0.00   78.00

22時57分00秒  CPU    %usr   %nice    %sys %iowait    %irq   %soft  %steal  %guest  %gnice   %idle
22時57分01秒    0   13.86    0.00    3.96    0.00    0.99    0.00    0.00    0.00    0.00   81.19
22時57分01秒    1   12.87    0.00    1.98    0.99    0.00    0.99    0.00    0.00    0.00   83.17

22時57分01秒  CPU    %usr   %nice    %sys %iowait    %irq   %soft  %steal  %guest  %gnice   %idle
22時57分02秒    0   12.00    0.00    3.00    1.00    0.00    1.00    0.00    0.00    0.00   83.00
22時57分02秒    1   14.43    0.00    2.06    0.00    0.00    0.00    0.00    0.00    0.00   83.51

22時57分02秒  CPU    %usr   %nice    %sys %iowait    %irq   %soft  %steal  %guest  %gnice   %idle
22時57分03秒    0    5.10    0.00    3.06    0.00    0.00    0.00    0.00    0.00    0.00   91.84
22時57分03秒    1   12.24    0.00    3.06    1.02    0.00    0.00    0.00    0.00    0.00   83.67

22時57分03秒  CPU    %usr   %nice    %sys %iowait    %irq   %soft  %steal  %guest  %gnice   %idle
22時57分04秒    0    9.71    0.00    3.88    0.00    0.97    0.00    0.00    0.00    0.00   85.44
22時57分04秒    1   13.40    0.00    2.06    0.00    1.03    0.00    0.00    0.00    0.00   83.51

22時57分04秒  CPU    %usr   %nice    %sys %iowait    %irq   %soft  %steal  %guest  %gnice   %idle
22時57分05秒    0    8.82    0.00    2.94    0.00    0.00    0.98    0.00    0.00    0.00   87.25
22時57分05秒    1   10.89    0.00    1.98    0.00    0.00    0.99    0.00    0.00    0.00   86.14

22時57分05秒  CPU    %usr   %nice    %sys %iowait    %irq   %soft  %steal  %guest  %gnice   %idle
22時57分06秒    0    8.16    0.00    1.02    1.02    0.00    0.00    0.00    0.00    0.00   89.80
22時57分06秒    1    8.33    0.00    1.04    2.08    0.00    0.00    0.00    0.00    0.00   88.54

22時57分06秒  CPU    %usr   %nice    %sys %iowait    %irq   %soft  %steal  %guest  %gnice   %idle
22時57分07秒    0    8.91    0.00    3.96    0.00    0.00    0.99    0.00    0.00    0.00   86.14
22時57分07秒    1    7.84    0.00    3.92    0.98    0.00    0.00    0.00    0.00    0.00   87.25

22時57分07秒  CPU    %usr   %nice    %sys %iowait    %irq   %soft  %steal  %guest  %gnice   %idle
22時57分08秒    0    8.16    0.00    1.02    0.00    0.00    0.00    0.00    0.00    0.00   90.82
22時57分08秒    1    9.00    0.00    2.00    0.00    1.00    0.00    0.00    0.00    0.00   88.00

22時57分08秒  CPU    %usr   %nice    %sys %iowait    %irq   %soft  %steal  %guest  %gnice   %idle
22時57分09秒    0    9.00    0.00    3.00    0.00    1.00    0.00    0.00    0.00    0.00   87.00
22時57分09秒    1   18.18    0.00    2.02    0.00    0.00    1.01    0.00    0.00    0.00   78.79

22時57分09秒  CPU    %usr   %nice    %sys %iowait    %irq   %soft  %steal  %guest  %gnice   %idle
22時57分10秒    0   10.89    0.00    2.97    0.99    0.00    0.99    0.00    0.00    0.00   84.16
22時57分10秒    1   16.67    0.00    5.88    0.98    0.00    0.00    0.00    0.00    0.00   76.47

22時57分10秒  CPU    %usr   %nice    %sys %iowait    %irq   %soft  %steal  %guest  %gnice   %idle
22時57分11秒    0   21.00    0.00    3.00    0.00    0.00    0.00    0.00    0.00    0.00   76.00
22時57分11秒    1    9.09    0.00    2.02    0.00    0.00    0.00    0.00    0.00    0.00   88.89

22時57分11秒  CPU    %usr   %nice    %sys %iowait    %irq   %soft  %steal  %guest  %gnice   %idle
22時57分12秒    0    8.08    0.00    4.04    0.00    0.00    1.01    0.00    0.00    0.00   86.87
22時57分12秒    1   23.08    0.00    2.88    1.92    0.00    0.00    0.00    0.00    0.00   72.12

22時57分12秒  CPU    %usr   %nice    %sys %iowait    %irq   %soft  %steal  %guest  %gnice   %idle
22時57分13秒    0    8.91    0.00    1.98    0.00    0.99    0.00    0.00    0.00    0.00   88.12
22時57分13秒    1    7.00    0.00    3.00    1.00    1.00    0.00    0.00    0.00    0.00   88.00

22時57分13秒  CPU    %usr   %nice    %sys %iowait    %irq   %soft  %steal  %guest  %gnice   %idle
22時57分14秒    0   14.14    0.00    3.03    0.00    0.00    0.00    0.00    0.00    0.00   82.83
22時57分14秒    1   17.31    0.00    3.85    0.00    0.00    0.96    0.00    0.00    0.00   77.88

22時57分14秒  CPU    %usr   %nice    %sys %iowait    %irq   %soft  %steal  %guest  %gnice   %idle
22時57分15秒    0   14.29    0.00    3.06    0.00    0.00    1.02    0.00    0.00    0.00   81.63
22時57分15秒    1   14.00    0.00    2.00    0.00    0.00    0.00    0.00    0.00    0.00   84.00

22時57分15秒  CPU    %usr   %nice    %sys %iowait    %irq   %soft  %steal  %guest  %gnice   %idle
22時57分16秒    0   14.14    0.00    2.02    1.01    0.00    0.00    0.00    0.00    0.00   82.83
22時57分16秒    1   12.50    0.00    2.08    0.00    0.00    0.00    0.00    0.00    0.00   85.42

22時57分16秒  CPU    %usr   %nice    %sys %iowait    %irq   %soft  %steal  %guest  %gnice   %idle
22時57分17秒    0   10.89    0.00    2.97    0.00    0.00    0.99    0.00    0.00    0.00   85.15
22時57分17秒    1   16.83    0.00    2.97    0.00    0.99    0.00    0.00    0.00    0.00   79.21

22時57分17秒  CPU    %usr   %nice    %sys %iowait    %irq   %soft  %steal  %guest  %gnice   %idle
22時57分18秒    0   10.20    0.00    1.02    0.00    1.02    0.00    0.00    0.00    0.00   87.76
22時57分18秒    1    5.15    0.00    4.12    0.00    0.00    1.03    0.00    0.00    0.00   89.69

22時57分18秒  CPU    %usr   %nice    %sys %iowait    %irq   %soft  %steal  %guest  %gnice   %idle
22時57分19秒    0   13.27    0.00    1.02    0.00    0.00    0.00    0.00    0.00    0.00   85.71
22時57分19秒    1   12.24    0.00    3.06    1.02    0.00    0.00    0.00    0.00    0.00   83.67

22時57分19秒  CPU    %usr   %nice    %sys %iowait    %irq   %soft  %steal  %guest  %gnice   %idle
22時57分20秒    0   13.86    0.99    1.98    0.99    0.00    0.99    0.00    0.00    0.00   81.19
22時57分20秒    1    8.16    0.00    4.08    0.00    1.02    0.00    0.00    0.00    0.00   86.73

22時57分20秒  CPU    %usr   %nice    %sys %iowait    %irq   %soft  %steal  %guest  %gnice   %idle
22時57分21秒    0   11.00    0.00    4.00    0.00    0.00    0.00    0.00    0.00    0.00   85.00
22時57分21秒    1   18.37    0.00    1.02    0.00    0.00    1.02    0.00    0.00    0.00   79.59

22時57分21秒  CPU    %usr   %nice    %sys %iowait    %irq   %soft  %steal  %guest  %gnice   %idle
22時57分22秒    0   13.46    0.00    2.88    0.96    0.96    0.96    0.00    0.00    0.00   80.77
22時57分22秒    1    4.12    0.00    1.03    0.00    1.03    0.00    0.00    0.00    0.00   93.81

22時57分22秒  CPU    %usr   %nice    %sys %iowait    %irq   %soft  %steal  %guest  %gnice   %idle
22時57分23秒    0   10.10    0.00    2.02    0.00    0.00    0.00    0.00    0.00    0.00   87.88
22時57分23秒    1    9.80    0.00    3.92    0.98    0.00    0.00    0.00    0.00    0.00   85.29

22時57分23秒  CPU    %usr   %nice    %sys %iowait    %irq   %soft  %steal  %guest  %gnice   %idle
22時57分24秒    0    8.00    0.00    3.00    0.00    0.00    0.00    0.00    0.00    0.00   89.00
22時57分24秒    1   16.33    0.00    1.02    0.00    0.00    0.00    0.00    0.00    0.00   82.65

22時57分24秒  CPU    %usr   %nice    %sys %iowait    %irq   %soft  %steal  %guest  %gnice   %idle
22時57分25秒    0    9.00    0.00    2.00    0.00    0.00    1.00    0.00    0.00    0.00   88.00
22時57分25秒    1   15.53    0.00    2.91    0.97    0.00    0.97    0.00    0.00    0.00   79.61

22時57分25秒  CPU    %usr   %nice    %sys %iowait    %irq   %soft  %steal  %guest  %gnice   %idle
22時57分26秒    0   10.89    0.00    2.97    0.99    0.99    0.00    0.00    0.00    0.00   84.16
22時57分26秒    1   14.85    0.00    2.97    1.98    0.99    0.00    0.00    0.00    0.00   79.21

22時57分26秒  CPU    %usr   %nice    %sys %iowait    %irq   %soft  %steal  %guest  %gnice   %idle
22時57分27秒    0   27.27    0.00    0.00    0.00    0.00    0.00    0.00    0.00    0.00   72.73
22時57分27秒    1   15.00    0.00    2.00    0.00    0.00    0.00    0.00    0.00    0.00   83.00

22時57分27秒  CPU    %usr   %nice    %sys %iowait    %irq   %soft  %steal  %guest  %gnice   %idle
22時57分28秒    0   15.69    0.00    2.94    0.00    0.00    0.98    0.00    0.00    0.00   80.39
22時57分28秒    1    8.08    0.00    3.03    2.02    0.00    0.00    0.00    0.00    0.00   86.87

22時57分28秒  CPU    %usr   %nice    %sys %iowait    %irq   %soft  %steal  %guest  %gnice   %idle
22時57分29秒    0   13.27    0.00    2.04    1.02    0.00    0.00    0.00    0.00    0.00   83.67
22時57分29秒    1    8.00    0.00    3.00    0.00    0.00    0.00    0.00    0.00    0.00   89.00

22時57分29秒  CPU    %usr   %nice    %sys %iowait    %irq   %soft  %steal  %guest  %gnice   %idle
22時57分30秒    0   21.43    0.00    1.02    1.02    0.00    0.00    0.00    0.00    0.00   76.53
22時57分30秒    1    8.00    0.00    2.00    0.00    0.00    1.00    0.00    0.00    0.00   89.00

22時57分30秒  CPU    %usr   %nice    %sys %iowait    %irq   %soft  %steal  %guest  %gnice   %idle
22時57分31秒    0   14.56    0.00    1.94    0.00    0.97    0.97    0.00    0.00    0.00   81.55
22時57分31秒    1   15.00    0.00    3.00    0.00    1.00    0.00    0.00    0.00    0.00   81.00

22時57分31秒  CPU    %usr   %nice    %sys %iowait    %irq   %soft  %steal  %guest  %gnice   %idle
22時57分32秒    0   12.12    0.00    3.03    0.00    0.00    0.00    0.00    0.00    0.00   84.85
22時57分32秒    1   14.14    0.00    1.01    0.00    0.00    0.00    0.00    0.00    0.00   84.85

22時57分32秒  CPU    %usr   %nice    %sys %iowait    %irq   %soft  %steal  %guest  %gnice   %idle
22時57分33秒    0   14.14    0.00    3.03    0.00    0.00    1.01    0.00    0.00    0.00   81.82
22時57分33秒    1   14.14    0.00    3.03    0.00    0.00    0.00    0.00    0.00    0.00   82.83

22時57分33秒  CPU    %usr   %nice    %sys %iowait    %irq   %soft  %steal  %guest  %gnice   %idle
22時57分34秒    0   12.37    0.00    0.00    0.00    0.00    0.00    0.00    0.00    0.00   87.63
22時57分34秒    1   13.13    0.00    1.01    0.00    0.00    1.01    0.00    0.00    0.00   84.85

22時57分34秒  CPU    %usr   %nice    %sys %iowait    %irq   %soft  %steal  %guest  %gnice   %idle
22時57分35秒    0   12.00    0.00    3.00    0.00    1.00    0.00    0.00    0.00    0.00   84.00
22時57分35秒    1   15.00    0.00    3.00    1.00    0.00    0.00    0.00    0.00    0.00   81.00

22時57分35秒  CPU    %usr   %nice    %sys %iowait    %irq   %soft  %steal  %guest  %gnice   %idle
22時57分36秒    0    8.82    0.00    4.90    0.98    0.00    0.98    0.00    0.00    0.00   84.31
22時57分36秒    1   19.44    0.00    6.48    0.93    0.93    0.00    0.00    0.00    0.00   72.22

22時57分36秒  CPU    %usr   %nice    %sys %iowait    %irq   %soft  %steal  %guest  %gnice   %idle
22時57分37秒    0    8.16    0.00    4.08    0.00    0.00    0.00    0.00    0.00    0.00   87.76
22時57分37秒    1   18.63    0.00    2.94    0.00    0.00    0.00    0.00    0.00    0.00   78.43

22時57分37秒  CPU    %usr   %nice    %sys %iowait    %irq   %soft  %steal  %guest  %gnice   %idle
22時57分38秒    0   12.12    0.00    2.02    1.01    0.00    1.01    0.00    0.00    0.00   83.84
22時57分38秒    1   12.75    0.00    3.92    0.00    0.00    0.98    0.00    0.00    0.00   82.35

22時57分38秒  CPU    %usr   %nice    %sys %iowait    %irq   %soft  %steal  %guest  %gnice   %idle
22時57分39秒    0   15.15    0.00    1.01    0.00    0.00    0.00    0.00    0.00    0.00   83.84
22時57分39秒    1   13.27    0.00    0.00    1.02    0.00    0.00    0.00    0.00    0.00   85.71

22時57分39秒  CPU    %usr   %nice    %sys %iowait    %irq   %soft  %steal  %guest  %gnice   %idle
22時57分40秒    0   11.00    0.00    2.00    0.00    1.00    0.00    0.00    0.00    0.00   86.00
22時57分40秒    1    9.38    0.00    1.04    0.00    0.00    0.00    0.00    0.00    0.00   89.58

22時57分40秒  CPU    %usr   %nice    %sys %iowait    %irq   %soft  %steal  %guest  %gnice   %idle
22時57分41秒    0    7.00    0.00    2.00    0.00    0.00    1.00    0.00    0.00    0.00   90.00
22時57分41秒    1   11.43    0.00    3.81    0.00    0.95    0.00    0.00    0.00    0.00   83.81

22時57分41秒  CPU    %usr   %nice    %sys %iowait    %irq   %soft  %steal  %guest  %gnice   %idle
22時57分42秒    0   13.54    0.00    2.08    1.04    0.00    0.00    0.00    0.00    0.00   83.33
22時57分42秒    1   15.31    0.00    3.06    0.00    0.00    0.00    0.00    0.00    0.00   81.63

22時57分42秒  CPU    %usr   %nice    %sys %iowait    %irq   %soft  %steal  %guest  %gnice   %idle
22時57分43秒    0   13.00    0.00    3.00    0.00    0.00    0.00    0.00    0.00    0.00   84.00
22時57分43秒    1    9.90    0.00    1.98    0.99    0.00    0.99    0.00    0.00    0.00   86.14

22時57分43秒  CPU    %usr   %nice    %sys %iowait    %irq   %soft  %steal  %guest  %gnice   %idle
22時57分44秒    0   15.38    0.00    3.85    1.92    0.96    0.96    0.00    0.00    0.00   76.92
22時57分44秒    1   14.14    0.00    2.02    0.00    0.00    0.00    0.00    0.00    0.00   83.84

22時57分44秒  CPU    %usr   %nice    %sys %iowait    %irq   %soft  %steal  %guest  %gnice   %idle
22時57分45秒    0   13.86    0.00    3.96    0.00    0.00    0.00    0.00    0.00    0.00   82.18
22時57分45秒    1    6.06    0.00    1.01    0.00    1.01    0.00    0.00    0.00    0.00   91.92

22時57分45秒  CPU    %usr   %nice    %sys %iowait    %irq   %soft  %steal  %guest  %gnice   %idle
22時57分46秒    0   11.22    0.00    2.04    0.00    0.00    0.00    0.00    0.00    0.00   86.73
22時57分46秒    1    6.12    0.00    1.02    0.00    0.00    0.00    0.00    0.00    0.00   92.86

22時57分46秒  CPU    %usr   %nice    %sys %iowait    %irq   %soft  %steal  %guest  %gnice   %idle
22時57分47秒    0   16.33    0.00    1.02    1.02    0.00    1.02    0.00    0.00    0.00   80.61
22時57分47秒    1   14.85    0.00    1.98    0.00    0.00    0.99    0.00    0.00    0.00   82.18

22時57分47秒  CPU    %usr   %nice    %sys %iowait    %irq   %soft  %steal  %guest  %gnice   %idle
22時57分48秒    0   17.82    0.00    3.96    0.00    0.00    0.00    0.00    0.00    0.00   78.22
22時57分48秒    1   16.16    0.00    1.01    0.00    0.00    0.00    0.00    0.00    0.00   82.83

22時57分48秒  CPU    %usr   %nice    %sys %iowait    %irq   %soft  %steal  %guest  %gnice   %idle
22時57分49秒    0   17.00    0.00    4.00    0.00    1.00    0.00    0.00    0.00    0.00   78.00
22時57分49秒    1   12.75    0.00    2.94    0.98    0.00    0.00    0.00    0.00    0.00   83.33

平均時間：  CPU    %usr   %nice    %sys %iowait    %irq   %soft  %steal  %guest  %gnice   %idle
平均時間：    0   11.01    0.01    2.67    0.79    0.22    0.37    0.00    0.00    0.00   84.94
平均時間：    1   11.88    0.00    2.72    0.24    0.20    0.22    0.00    0.00    0.00   84.74
