Linux 5.6.15-arch1-1 (archlinux) 	西元2020年06月22日 	_x86_64_	(12 CPU)

23時01分03秒  CPU    %usr   %nice    %sys %iowait    %irq   %soft  %steal  %guest  %gnice   %idle
23時01分04秒    0    7.14    0.00    2.04    0.00    0.00    1.02    0.00    0.00    0.00   89.80
23時01分04秒    1   11.11    2.02    3.03    0.00    0.00    0.00    0.00    0.00    0.00   83.84

23時01分04秒  CPU    %usr   %nice    %sys %iowait    %irq   %soft  %steal  %guest  %gnice   %idle
23時01分05秒    0    7.92    1.98    4.95    1.98    0.00    0.00    0.00    0.00    0.00   83.17
23時01分05秒    1   11.88    4.95    2.97    0.99    0.99    0.00    0.00    0.00    0.00   78.22

23時01分05秒  CPU    %usr   %nice    %sys %iowait    %irq   %soft  %steal  %guest  %gnice   %idle
23時01分06秒    0   12.12    0.00    0.00    0.00    0.00    0.00    0.00    0.00    0.00   87.88
23時01分06秒    1   17.48    0.00    0.97    0.00    0.00    0.97    0.00    0.00    0.00   80.58

23時01分06秒  CPU    %usr   %nice    %sys %iowait    %irq   %soft  %steal  %guest  %gnice   %idle
23時01分07秒    0    8.74    0.00    3.88    0.00    0.97    0.00    0.00    0.00    0.00   86.41
23時01分07秒    1   16.16    0.00    2.02    0.00    0.00    0.00    0.00    0.00    0.00   81.82

23時01分07秒  CPU    %usr   %nice    %sys %iowait    %irq   %soft  %steal  %guest  %gnice   %idle
23時01分08秒    0   13.00    0.00    1.00    0.00    0.00    1.00    0.00    0.00    0.00   85.00
23時01分08秒    1    8.91    0.00    0.99    0.00    0.00    0.00    0.00    0.00    0.00   90.10

23時01分08秒  CPU    %usr   %nice    %sys %iowait    %irq   %soft  %steal  %guest  %gnice   %idle
23時01分09秒    0   12.00    0.00    2.00    1.00    0.00    0.00    0.00    0.00    0.00   85.00
23時01分09秒    1   10.20    0.00    1.02    0.00    0.00    0.00    0.00    0.00    0.00   88.78

23時01分09秒  CPU    %usr   %nice    %sys %iowait    %irq   %soft  %steal  %guest  %gnice   %idle
23時01分10秒    0   14.14    0.00    3.03    0.00    0.00    0.00    0.00    0.00    0.00   82.83
23時01分10秒    1    9.09    0.00    2.02    1.01    0.00    1.01    0.00    0.00    0.00   86.87

23時01分10秒  CPU    %usr   %nice    %sys %iowait    %irq   %soft  %steal  %guest  %gnice   %idle
23時01分11秒    0   14.56    0.00    2.91    0.00    0.00    0.97    0.00    0.00    0.00   81.55
23時01分11秒    1    7.92    0.00    0.99    0.00    0.99    0.00    0.00    0.00    0.00   90.10

23時01分11秒  CPU    %usr   %nice    %sys %iowait    %irq   %soft  %steal  %guest  %gnice   %idle
23時01分12秒    0   11.88    0.00    2.97    0.00    0.99    0.00    0.00    0.00    0.00   84.16
23時01分12秒    1    9.18    0.00    2.04    0.00    0.00    0.00    0.00    0.00    0.00   88.78

23時01分12秒  CPU    %usr   %nice    %sys %iowait    %irq   %soft  %steal  %guest  %gnice   %idle
23時01分13秒    0   10.00    0.00    4.00    5.00    0.00    0.00    0.00    0.00    0.00   81.00
23時01分13秒    1   19.19    0.00    1.01    1.01    0.00    0.00    0.00    0.00    0.00   78.79

23時01分13秒  CPU    %usr   %nice    %sys %iowait    %irq   %soft  %steal  %guest  %gnice   %idle
23時01分14秒    0   10.89    0.00    3.96    0.00    0.00    0.99    0.00    0.00    0.00   84.16
23時01分14秒    1   12.12    0.00    2.02    0.00    0.00    0.00    0.00    0.00    0.00   85.86

23時01分14秒  CPU    %usr   %nice    %sys %iowait    %irq   %soft  %steal  %guest  %gnice   %idle
23時01分15秒    0   11.46    0.00    0.00    0.00    0.00    0.00    0.00    0.00    0.00   88.54
23時01分15秒    1   16.00    0.00    1.00    0.00    1.00    1.00    0.00    0.00    0.00   81.00

23時01分15秒  CPU    %usr   %nice    %sys %iowait    %irq   %soft  %steal  %guest  %gnice   %idle
23時01分16秒    0   13.73    0.00    2.94    0.00    0.98    0.00    0.00    0.00    0.00   82.35
23時01分16秒    1   16.00    0.00    2.00    0.00    0.00    0.00    0.00    0.00    0.00   82.00

23時01分16秒  CPU    %usr   %nice    %sys %iowait    %irq   %soft  %steal  %guest  %gnice   %idle
23時01分17秒    0   12.00    0.00    3.00    0.00    0.00    1.00    0.00    0.00    0.00   84.00
23時01分17秒    1    9.09    0.00    3.03    0.00    0.00    0.00    0.00    0.00    0.00   87.88

23時01分17秒  CPU    %usr   %nice    %sys %iowait    %irq   %soft  %steal  %guest  %gnice   %idle
23時01分18秒    0   16.00    0.00    2.00    0.00    0.00    0.00    0.00    0.00    0.00   82.00
23時01分18秒    1   16.84    0.00    1.05    0.00    0.00    0.00    0.00    0.00    0.00   82.11

23時01分18秒  CPU    %usr   %nice    %sys %iowait    %irq   %soft  %steal  %guest  %gnice   %idle
23時01分19秒    0   18.00    0.00    3.00    4.00    0.00    1.00    0.00    0.00    0.00   74.00
23時01分19秒    1    7.69    0.00    4.81    0.00    0.00    0.96    0.00    0.00    0.00   86.54

23時01分19秒  CPU    %usr   %nice    %sys %iowait    %irq   %soft  %steal  %guest  %gnice   %idle
23時01分20秒    0   14.85    0.00    1.98    0.99    0.00    0.00    0.00    0.00    0.00   82.18
23時01分20秒    1   18.27    0.00    3.85    0.00    0.96    0.00    0.00    0.00    0.00   76.92

23時01分20秒  CPU    %usr   %nice    %sys %iowait    %irq   %soft  %steal  %guest  %gnice   %idle
23時01分21秒    0   11.34    0.00    4.12    0.00    1.03    0.00    0.00    0.00    0.00   83.51
23時01分21秒    1   18.37    0.00    1.02    1.02    0.00    0.00    0.00    0.00    0.00   79.59

23時01分21秒  CPU    %usr   %nice    %sys %iowait    %irq   %soft  %steal  %guest  %gnice   %idle
23時01分22秒    0   11.65    0.00    3.88    0.00    0.00    0.97    0.00    0.00    0.00   83.50
23時01分22秒    1   10.42    0.00    1.04    0.00    1.04    0.00    0.00    0.00    0.00   87.50

23時01分22秒  CPU    %usr   %nice    %sys %iowait    %irq   %soft  %steal  %guest  %gnice   %idle
23時01分23秒    0   12.12    0.00    4.04    0.00    0.00    0.00    0.00    0.00    0.00   83.84
23時01分23秒    1   12.00    0.00    2.00    0.00    0.00    1.00    0.00    0.00    0.00   85.00

23時01分23秒  CPU    %usr   %nice    %sys %iowait    %irq   %soft  %steal  %guest  %gnice   %idle
23時01分24秒    0   12.12    0.00    2.02    0.00    0.00    0.00    0.00    0.00    0.00   85.86
23時01分24秒    1   17.65    0.00    2.94    0.00    0.98    0.00    0.00    0.00    0.00   78.43

23時01分24秒  CPU    %usr   %nice    %sys %iowait    %irq   %soft  %steal  %guest  %gnice   %idle
23時01分25秒    0   13.13    0.00    1.01    1.01    1.01    1.01    0.00    0.00    0.00   82.83
23時01分25秒    1   13.40    0.00    1.03    1.03    0.00    0.00    0.00    0.00    0.00   84.54

23時01分25秒  CPU    %usr   %nice    %sys %iowait    %irq   %soft  %steal  %guest  %gnice   %idle
23時01分26秒    0    9.00    0.00    4.00    0.00    0.00    0.00    0.00    0.00    0.00   87.00
23時01分26秒    1   11.00    0.00    3.00    0.00    0.00    0.00    0.00    0.00    0.00   86.00

23時01分26秒  CPU    %usr   %nice    %sys %iowait    %irq   %soft  %steal  %guest  %gnice   %idle
23時01分27秒    0   12.62    0.00    1.94    0.00    0.00    0.00    0.00    0.00    0.00   85.44
23時01分27秒    1   11.88    0.00    2.97    0.00    0.00    0.00    0.00    0.00    0.00   85.15

23時01分27秒  CPU    %usr   %nice    %sys %iowait    %irq   %soft  %steal  %guest  %gnice   %idle
23時01分28秒    0   12.87    0.00    1.98    0.99    0.00    0.99    0.00    0.00    0.00   83.17
23時01分28秒    1   12.62    0.00    2.91    0.00    0.00    0.97    0.00    0.00    0.00   83.50

23時01分28秒  CPU    %usr   %nice    %sys %iowait    %irq   %soft  %steal  %guest  %gnice   %idle
23時01分29秒    0   15.62    0.00    4.17    0.00    0.00    0.00    0.00    0.00    0.00   80.21
23時01分29秒    1   12.00    0.00    2.00    1.00    1.00    0.00    0.00    0.00    0.00   84.00

23時01分29秒  CPU    %usr   %nice    %sys %iowait    %irq   %soft  %steal  %guest  %gnice   %idle
23時01分30秒    0   12.00    0.00    3.00    1.00    1.00    0.00    0.00    0.00    0.00   83.00
23時01分30秒    1   14.85    0.00    3.96    0.00    0.00    0.00    0.00    0.00    0.00   81.19

23時01分30秒  CPU    %usr   %nice    %sys %iowait    %irq   %soft  %steal  %guest  %gnice   %idle
23時01分31秒    0   11.22    0.00    2.04    0.00    0.00    1.02    0.00    0.00    0.00   85.71
23時01分31秒    1   13.13    0.00    3.03    0.00    0.00    0.00    0.00    0.00    0.00   83.84

23時01分31秒  CPU    %usr   %nice    %sys %iowait    %irq   %soft  %steal  %guest  %gnice   %idle
23時01分32秒    0    9.09    0.00    1.01    0.00    0.00    0.00    0.00    0.00    0.00   89.90
23時01分32秒    1   10.00    0.00    2.00    0.00    0.00    0.00    0.00    0.00    0.00   88.00

23時01分32秒  CPU    %usr   %nice    %sys %iowait    %irq   %soft  %steal  %guest  %gnice   %idle
23時01分33秒    0   15.46    0.00    3.09    0.00    0.00    1.03    0.00    0.00    0.00   80.41
23時01分33秒    1   10.68    0.00    3.88    0.97    0.97    0.97    0.00    0.00    0.00   82.52

23時01分33秒  CPU    %usr   %nice    %sys %iowait    %irq   %soft  %steal  %guest  %gnice   %idle
23時01分34秒    0    9.00    0.00    4.00    0.00    0.00    0.00    0.00    0.00    0.00   87.00
23時01分34秒    1   15.69    0.00    1.96    0.00    0.00    0.00    0.00    0.00    0.00   82.35

23時01分34秒  CPU    %usr   %nice    %sys %iowait    %irq   %soft  %steal  %guest  %gnice   %idle
23時01分35秒    0    7.00    0.00    2.00    0.00    1.00    0.00    0.00    0.00    0.00   90.00
23時01分35秒    1   16.83    0.00    2.97    8.91    0.00    0.00    0.00    0.00    0.00   71.29

23時01分35秒  CPU    %usr   %nice    %sys %iowait    %irq   %soft  %steal  %guest  %gnice   %idle
23時01分36秒    0   13.00    0.00    2.00    0.00    0.00    0.00    0.00    0.00    0.00   85.00
23時01分36秒    1   12.50    0.00    1.04    0.00    0.00    0.00    0.00    0.00    0.00   86.46

23時01分36秒  CPU    %usr   %nice    %sys %iowait    %irq   %soft  %steal  %guest  %gnice   %idle
23時01分37秒    0   16.50    0.00    2.91    0.00    0.00    0.97    0.00    0.00    0.00   79.61
23時01分37秒    1   23.00    0.00    0.00    0.00    1.00    1.00    0.00    0.00    0.00   75.00

23時01分37秒  CPU    %usr   %nice    %sys %iowait    %irq   %soft  %steal  %guest  %gnice   %idle
23時01分38秒    0   27.84    0.00    2.06    0.00    0.00    0.00    0.00    0.00    0.00   70.10
23時01分38秒    1   18.37    0.00    2.04    1.02    0.00    0.00    0.00    0.00    0.00   78.57

23時01分38秒  CPU    %usr   %nice    %sys %iowait    %irq   %soft  %steal  %guest  %gnice   %idle
23時01分39秒    0    7.92    0.00    2.97    0.00    0.99    0.00    0.00    0.00    0.00   88.12
23時01分39秒    1    9.09    0.00    1.01    0.00    0.00    0.00    0.00    0.00    0.00   89.90

23時01分39秒  CPU    %usr   %nice    %sys %iowait    %irq   %soft  %steal  %guest  %gnice   %idle
23時01分40秒    0   12.62    0.00    3.88    0.97    0.00    0.97    0.00    0.00    0.00   81.55
23時01分40秒    1   14.29    0.00    2.04    0.00    0.00    0.00    0.00    0.00    0.00   83.67

23時01分40秒  CPU    %usr   %nice    %sys %iowait    %irq   %soft  %steal  %guest  %gnice   %idle
23時01分41秒    0   15.84    0.00    2.97    0.00    0.00    0.00    0.00    0.00    0.00   81.19
23時01分41秒    1    9.09    0.00    1.01    0.00    0.00    1.01    0.00    0.00    0.00   88.89

23時01分41秒  CPU    %usr   %nice    %sys %iowait    %irq   %soft  %steal  %guest  %gnice   %idle
23時01分42秒    0    8.91    0.00    2.97    0.00    0.00    0.99    0.00    0.00    0.00   87.13
23時01分42秒    1   11.43    0.00    2.86    0.95    0.95    0.00    0.00    0.00    0.00   83.81

23時01分42秒  CPU    %usr   %nice    %sys %iowait    %irq   %soft  %steal  %guest  %gnice   %idle
23時01分43秒    0    9.71    0.00    3.88    0.00    0.00    0.00    0.00    0.00    0.00   86.41
23時01分43秒    1   13.00    0.00    2.00    0.00    0.00    0.00    0.00    0.00    0.00   85.00

23時01分43秒  CPU    %usr   %nice    %sys %iowait    %irq   %soft  %steal  %guest  %gnice   %idle
23時01分44秒    0   12.12    0.00    2.02    0.00    1.01    0.00    0.00    0.00    0.00   84.85
23時01分44秒    1   19.00    0.00    3.00    0.00    0.00    0.00    0.00    0.00    0.00   78.00

23時01分44秒  CPU    %usr   %nice    %sys %iowait    %irq   %soft  %steal  %guest  %gnice   %idle
23時01分45秒    0   11.76    0.00    1.96    0.98    0.00    0.98    0.00    0.00    0.00   84.31
23時01分45秒    1   12.24    0.00    2.04    0.00    0.00    0.00    0.00    0.00    0.00   85.71

23時01分45秒  CPU    %usr   %nice    %sys %iowait    %irq   %soft  %steal  %guest  %gnice   %idle
23時01分46秒    0   10.31    0.00    3.09    0.00    0.00    0.00    0.00    0.00    0.00   86.60
23時01分46秒    1   12.87    0.00    3.96    0.99    0.99    0.99    0.00    0.00    0.00   80.20

23時01分46秒  CPU    %usr   %nice    %sys %iowait    %irq   %soft  %steal  %guest  %gnice   %idle
23時01分47秒    0   13.00    0.00    3.00    0.00    0.00    0.00    0.00    0.00    0.00   84.00
23時01分47秒    1   11.88    0.00    2.97    0.00    0.00    0.00    0.00    0.00    0.00   85.15

23時01分47秒  CPU    %usr   %nice    %sys %iowait    %irq   %soft  %steal  %guest  %gnice   %idle
23時01分48秒    0   13.00    0.00    4.00    0.00    0.00    1.00    0.00    0.00    0.00   82.00
23時01分48秒    1   16.00    0.00    3.00    0.00    0.00    0.00    0.00    0.00    0.00   81.00

23時01分48秒  CPU    %usr   %nice    %sys %iowait    %irq   %soft  %steal  %guest  %gnice   %idle
23時01分49秒    0   17.82    0.00    1.98    0.00    0.99    0.00    0.00    0.00    0.00   79.21
23時01分49秒    1    8.16    0.00    1.02    0.00    0.00    0.00    0.00    0.00    0.00   90.82

23時01分49秒  CPU    %usr   %nice    %sys %iowait    %irq   %soft  %steal  %guest  %gnice   %idle
23時01分50秒    0   16.67    0.00    1.96    0.00    0.00    0.00    0.00    0.00    0.00   81.37
23時01分50秒    1   14.29    0.00    2.04    0.00    0.00    1.02    0.00    0.00    0.00   82.65

23時01分50秒  CPU    %usr   %nice    %sys %iowait    %irq   %soft  %steal  %guest  %gnice   %idle
23時01分51秒    0   12.00    0.00    3.00    0.00    0.00    1.00    0.00    0.00    0.00   84.00
23時01分51秒    1   13.86    0.00    2.97    0.00    0.99    0.00    0.00    0.00    0.00   82.18

23時01分51秒  CPU    %usr   %nice    %sys %iowait    %irq   %soft  %steal  %guest  %gnice   %idle
23時01分52秒    0   20.62    0.00    4.12    0.00    0.00    0.00    0.00    0.00    0.00   75.26
23時01分52秒    1   19.39    0.00    2.04    0.00    0.00    0.00    0.00    0.00    0.00   78.57

23時01分52秒  CPU    %usr   %nice    %sys %iowait    %irq   %soft  %steal  %guest  %gnice   %idle
23時01分53秒    0   10.89    0.00    1.98    0.99    0.99    0.00    0.00    0.00    0.00   85.15
23時01分53秒    1   28.72    0.00    1.06    0.00    0.00    0.00    0.00    0.00    0.00   70.21

23時01分53秒  CPU    %usr   %nice    %sys %iowait    %irq   %soft  %steal  %guest  %gnice   %idle
23時01分54秒    0   12.00    0.00    3.00    0.00    0.00    1.00    0.00    0.00    0.00   84.00
23時01分54秒    1   10.78    0.00    3.92    0.00    0.00    0.98    0.00    0.00    0.00   84.31

23時01分54秒  CPU    %usr   %nice    %sys %iowait    %irq   %soft  %steal  %guest  %gnice   %idle
23時01分55秒    0    9.09    0.00    2.02    0.00    0.00    0.00    0.00    0.00    0.00   88.89
23時01分55秒    1    9.71    0.00    2.91    0.97    0.97    0.00    0.00    0.00    0.00   85.44

23時01分55秒  CPU    %usr   %nice    %sys %iowait    %irq   %soft  %steal  %guest  %gnice   %idle
23時01分56秒    0    7.07    0.00    2.02    1.01    0.00    1.01    0.00    0.00    0.00   88.89
23時01分56秒    1   12.63    0.00    1.05    0.00    0.00    0.00    0.00    0.00    0.00   86.32

23時01分56秒  CPU    %usr   %nice    %sys %iowait    %irq   %soft  %steal  %guest  %gnice   %idle
23時01分57秒    0   16.16    0.00    2.02    0.00    0.00    0.00    0.00    0.00    0.00   81.82
23時01分57秒    1   13.86    0.00    2.97    0.00    0.00    0.00    0.00    0.00    0.00   83.17

23時01分57秒  CPU    %usr   %nice    %sys %iowait    %irq   %soft  %steal  %guest  %gnice   %idle
23時01分58秒    0   10.20    0.00    4.08    0.00    1.02    0.00    0.00    0.00    0.00   84.69
23時01分58秒    1   15.84    0.00    2.97    0.00    0.00    0.00    0.00    0.00    0.00   81.19

23時01分58秒  CPU    %usr   %nice    %sys %iowait    %irq   %soft  %steal  %guest  %gnice   %idle
23時01分59秒    0    5.94    0.00    1.98    0.99    0.00    0.99    0.00    0.00    0.00   90.10
23時01分59秒    1    7.92    0.00    0.99    0.99    0.99    0.99    0.00    0.00    0.00   88.12

23時01分59秒  CPU    %usr   %nice    %sys %iowait    %irq   %soft  %steal  %guest  %gnice   %idle
23時02分00秒    0    9.18    0.00    1.02    0.00    0.00    0.00    0.00    0.00    0.00   89.80
23時02分00秒    1    7.92    0.00    2.97    0.99    0.00    0.00    0.00    0.00    0.00   88.12

23時02分00秒  CPU    %usr   %nice    %sys %iowait    %irq   %soft  %steal  %guest  %gnice   %idle
23時02分01秒    0   15.62    0.00    2.08    1.04    0.00    0.00    0.00    0.00    0.00   81.25
23時02分01秒    1   22.22    0.00    3.03    1.01    0.00    0.00    0.00    0.00    0.00   73.74

23時02分01秒  CPU    %usr   %nice    %sys %iowait    %irq   %soft  %steal  %guest  %gnice   %idle
23時02分02秒    0   13.73    0.00    2.94    0.00    0.98    0.98    0.00    0.00    0.00   81.37
23時02分02秒    1   16.16    0.00    2.02    0.00    0.00    0.00    0.00    0.00    0.00   81.82

23時02分02秒  CPU    %usr   %nice    %sys %iowait    %irq   %soft  %steal  %guest  %gnice   %idle
23時02分03秒    0   18.56    0.00    2.06    0.00    0.00    0.00    0.00    0.00    0.00   79.38
23時02分03秒    1   14.56    0.00    2.91    0.00    0.00    0.97    0.00    0.00    0.00   81.55

23時02分03秒  CPU    %usr   %nice    %sys %iowait    %irq   %soft  %steal  %guest  %gnice   %idle
23時02分04秒    0   20.20    0.00    2.02    1.01    0.00    0.00    0.00    0.00    0.00   76.77
23時02分04秒    1   13.73    0.00    2.94    0.00    0.98    0.00    0.00    0.00    0.00   82.35

23時02分04秒  CPU    %usr   %nice    %sys %iowait    %irq   %soft  %steal  %guest  %gnice   %idle
23時02分05秒    0   17.17    0.00    1.01    0.00    0.00    1.01    0.00    0.00    0.00   80.81
23時02分05秒    1   13.27    0.00    3.06    0.00    0.00    0.00    0.00    0.00    0.00   83.67

23時02分05秒  CPU    %usr   %nice    %sys %iowait    %irq   %soft  %steal  %guest  %gnice   %idle
23時02分06秒    0   12.37    0.00    1.03    0.00    0.00    0.00    0.00    0.00    0.00   86.60
23時02分06秒    1   16.83    0.00    2.97    0.00    0.00    0.00    0.00    0.00    0.00   80.20

23時02分06秒  CPU    %usr   %nice    %sys %iowait    %irq   %soft  %steal  %guest  %gnice   %idle
23時02分07秒    0    8.91    0.00    2.97    0.00    0.99    0.00    0.00    0.00    0.00   87.13
23時02分07秒    1   12.87    0.00    3.96    0.00    0.00    0.99    0.00    0.00    0.00   82.18

23時02分07秒  CPU    %usr   %nice    %sys %iowait    %irq   %soft  %steal  %guest  %gnice   %idle
23時02分08秒    0   18.00    0.00    4.00    1.00    0.00    1.00    0.00    0.00    0.00   76.00
23時02分08秒    1   15.31    0.00    1.02    0.00    1.02    0.00    0.00    0.00    0.00   82.65

23時02分08秒  CPU    %usr   %nice    %sys %iowait    %irq   %soft  %steal  %guest  %gnice   %idle
23時02分09秒    0   13.00    0.00    4.00    0.00    0.00    0.00    0.00    0.00    0.00   83.00
23時02分09秒    1   12.12    0.00    3.03    1.01    0.00    0.00    0.00    0.00    0.00   83.84

23時02分09秒  CPU    %usr   %nice    %sys %iowait    %irq   %soft  %steal  %guest  %gnice   %idle
23時02分10秒    0   12.24    0.00    2.04    0.00    0.00    1.02    0.00    0.00    0.00   84.69
23時02分10秒    1   12.00    0.00    2.00    0.00    0.00    0.00    0.00    0.00    0.00   86.00

23時02分10秒  CPU    %usr   %nice    %sys %iowait    %irq   %soft  %steal  %guest  %gnice   %idle
23時02分11秒    0   19.19    0.00    3.03    0.00    1.01    0.00    0.00    0.00    0.00   76.77
23時02分11秒    1   13.00    0.00    4.00    0.00    0.00    1.00    0.00    0.00    0.00   82.00

23時02分11秒  CPU    %usr   %nice    %sys %iowait    %irq   %soft  %steal  %guest  %gnice   %idle
23時02分12秒    0   13.00    0.00    3.00    0.00    0.00    0.00    0.00    0.00    0.00   84.00
23時02分12秒    1   11.88    0.00    1.98    0.99    0.99    0.00    0.00    0.00    0.00   84.16

23時02分12秒  CPU    %usr   %nice    %sys %iowait    %irq   %soft  %steal  %guest  %gnice   %idle
23時02分13秒    0    8.00    0.00    3.00    0.00    0.00    1.00    0.00    0.00    0.00   88.00
23時02分13秒    1   14.43    0.00    1.03    0.00    0.00    0.00    0.00    0.00    0.00   84.54

23時02分13秒  CPU    %usr   %nice    %sys %iowait    %irq   %soft  %steal  %guest  %gnice   %idle
23時02分14秒    0   14.85    0.00    1.98    0.99    0.00    0.00    0.00    0.00    0.00   82.18
23時02分14秒    1    8.91    0.00    2.97    0.00    0.00    0.00    0.00    0.00    0.00   88.12

23時02分14秒  CPU    %usr   %nice    %sys %iowait    %irq   %soft  %steal  %guest  %gnice   %idle
23時02分15秒    0    6.19    0.00    2.06    1.03    0.00    0.00    0.00    0.00    0.00   90.72
23時02分15秒    1   10.89    0.00    0.99    0.00    0.00    0.99    0.00    0.00    0.00   87.13

23時02分15秒  CPU    %usr   %nice    %sys %iowait    %irq   %soft  %steal  %guest  %gnice   %idle
23時02分16秒    0   10.78    0.00    1.96    0.98    0.98    0.98    0.00    0.00    0.00   84.31
23時02分16秒    1   10.89    0.00    1.98    0.99    0.00    0.00    0.00    0.00    0.00   86.14

23時02分16秒  CPU    %usr   %nice    %sys %iowait    %irq   %soft  %steal  %guest  %gnice   %idle
23時02分17秒    0   20.59    0.00    1.96    0.00    0.00    0.00    0.00    0.00    0.00   77.45
23時02分17秒    1   21.57    0.00    0.98    0.00    0.98    0.00    0.00    0.00    0.00   76.47

23時02分17秒  CPU    %usr   %nice    %sys %iowait    %irq   %soft  %steal  %guest  %gnice   %idle
23時02分18秒    0   11.00    0.00    4.00    1.00    0.00    0.00    0.00    0.00    0.00   84.00
23時02分18秒    1   10.10    0.00    2.02    0.00    0.00    0.00    0.00    0.00    0.00   87.88

23時02分18秒  CPU    %usr   %nice    %sys %iowait    %irq   %soft  %steal  %guest  %gnice   %idle
23時02分19秒    0   19.00    0.00    2.00    0.00    0.00    1.00    0.00    0.00    0.00   78.00
23時02分19秒    1   22.77    0.00    1.98    0.99    0.00    0.00    0.00    0.00    0.00   74.26

23時02分19秒  CPU    %usr   %nice    %sys %iowait    %irq   %soft  %steal  %guest  %gnice   %idle
23時02分20秒    0   17.35    0.00    2.04    0.00    0.00    0.00    0.00    0.00    0.00   80.61
23時02分20秒    1   17.65    0.00    2.94    0.00    0.00    0.98    0.00    0.00    0.00   78.43

23時02分20秒  CPU    %usr   %nice    %sys %iowait    %irq   %soft  %steal  %guest  %gnice   %idle
23時02分21秒    0   17.48    0.00    3.88    0.00    0.97    0.00    0.00    0.00    0.00   77.67
23時02分21秒    1   16.83    0.00    1.98    0.99    0.99    0.00    0.00    0.00    0.00   79.21

23時02分21秒  CPU    %usr   %nice    %sys %iowait    %irq   %soft  %steal  %guest  %gnice   %idle
23時02分22秒    0   10.10    0.00    2.02    1.01    0.00    1.01    0.00    0.00    0.00   85.86
23時02分22秒    1   18.37    0.00    2.04    0.00    0.00    0.00    0.00    0.00    0.00   79.59

23時02分22秒  CPU    %usr   %nice    %sys %iowait    %irq   %soft  %steal  %guest  %gnice   %idle
23時02分23秒    0   16.16    0.00    2.02    0.00    0.00    0.00    0.00    0.00    0.00   81.82
23時02分23秒    1   11.22    0.00    2.04    0.00    0.00    0.00    0.00    0.00    0.00   86.73

23時02分23秒  CPU    %usr   %nice    %sys %iowait    %irq   %soft  %steal  %guest  %gnice   %idle
23時02分24秒    0   15.31    0.00    2.04    0.00    0.00    0.00    0.00    0.00    0.00   82.65
23時02分24秒    1   15.69    0.00    2.94    1.96    0.00    0.98    0.00    0.00    0.00   78.43

23時02分24秒  CPU    %usr   %nice    %sys %iowait    %irq   %soft  %steal  %guest  %gnice   %idle
23時02分25秒    0   16.67    0.00    2.94    0.00    0.98    0.98    0.00    0.00    0.00   78.43
23時02分25秒    1   15.53    0.00    4.85    0.00    0.97    0.00    0.00    0.00    0.00   78.64

23時02分25秒  CPU    %usr   %nice    %sys %iowait    %irq   %soft  %steal  %guest  %gnice   %idle
23時02分26秒    0   16.16    0.00    3.03    0.00    0.00    0.00    0.00    0.00    0.00   80.81
23時02分26秒    1   10.89    0.00    1.98    0.99    0.00    0.00    0.00    0.00    0.00   86.14

23時02分26秒  CPU    %usr   %nice    %sys %iowait    %irq   %soft  %steal  %guest  %gnice   %idle
23時02分27秒    0   16.83    0.00    1.98    0.99    0.00    0.00    0.00    0.00    0.00   80.20
23時02分27秒    1   17.35    0.00    3.06    0.00    0.00    0.00    0.00    0.00    0.00   79.59

23時02分27秒  CPU    %usr   %nice    %sys %iowait    %irq   %soft  %steal  %guest  %gnice   %idle
23時02分28秒    0   13.13    0.00    3.03    0.00    0.00    0.00    0.00    0.00    0.00   83.84
23時02分28秒    1    5.83    0.00    3.88    0.00    0.00    0.97    0.00    0.00    0.00   89.32

23時02分28秒  CPU    %usr   %nice    %sys %iowait    %irq   %soft  %steal  %guest  %gnice   %idle
23時02分29秒    0   13.40    0.00    1.03    0.00    1.03    1.03    0.00    0.00    0.00   83.51
23時02分29秒    1   14.29    0.00    1.02    0.00    0.00    0.00    0.00    0.00    0.00   84.69

23時02分29秒  CPU    %usr   %nice    %sys %iowait    %irq   %soft  %steal  %guest  %gnice   %idle
23時02分30秒    0   10.10    0.00    3.03    1.01    0.00    0.00    0.00    0.00    0.00   85.86
23時02分30秒    1   20.41    0.00    1.02    0.00    1.02    0.00    0.00    0.00    0.00   77.55

23時02分30秒  CPU    %usr   %nice    %sys %iowait    %irq   %soft  %steal  %guest  %gnice   %idle
23時02分31秒    0   16.00    0.00    2.00    0.00    0.00    0.00    0.00    0.00    0.00   82.00
23時02分31秒    1   13.27    0.00    2.04    0.00    0.00    0.00    0.00    0.00    0.00   84.69

23時02分31秒  CPU    %usr   %nice    %sys %iowait    %irq   %soft  %steal  %guest  %gnice   %idle
23時02分32秒    0   10.20    0.00    0.00    0.00    0.00    1.02    0.00    0.00    0.00   88.78
23時02分32秒    1    8.08    0.00    2.02    1.01    0.00    0.00    0.00    0.00    0.00   88.89

23時02分32秒  CPU    %usr   %nice    %sys %iowait    %irq   %soft  %steal  %guest  %gnice   %idle
23時02分33秒    0   10.78    0.00    1.96    0.98    0.00    0.00    0.00    0.00    0.00   86.27
23時02分33秒    1   14.14    0.00    1.01    0.00    0.00    0.00    0.00    0.00    0.00   84.85

23時02分33秒  CPU    %usr   %nice    %sys %iowait    %irq   %soft  %steal  %guest  %gnice   %idle
23時02分34秒    0   10.10    0.00    3.03    0.00    0.00    0.00    0.00    0.00    0.00   86.87
23時02分34秒    1    8.16    0.00    1.02    1.02    0.00    1.02    0.00    0.00    0.00   88.78

23時02分34秒  CPU    %usr   %nice    %sys %iowait    %irq   %soft  %steal  %guest  %gnice   %idle
23時02分35秒    0   10.00    0.00    3.00    0.00    0.00    1.00    0.00    0.00    0.00   86.00
23時02分35秒    1   13.27    0.00    1.02    0.00    1.02    0.00    0.00    0.00    0.00   84.69

23時02分35秒  CPU    %usr   %nice    %sys %iowait    %irq   %soft  %steal  %guest  %gnice   %idle
23時02分36秒    0   12.24    0.00    1.02    1.02    1.02    0.00    0.00    0.00    0.00   84.69
23時02分36秒    1   16.00    0.00    3.00    0.00    0.00    0.00    0.00    0.00    0.00   81.00

23時02分36秒  CPU    %usr   %nice    %sys %iowait    %irq   %soft  %steal  %guest  %gnice   %idle
23時02分37秒    0   17.00    0.00    3.00    0.00    0.00    0.00    0.00    0.00    0.00   80.00
23時02分37秒    1   20.00    0.00    2.00    0.00    0.00    0.00    0.00    0.00    0.00   78.00

23時02分37秒  CPU    %usr   %nice    %sys %iowait    %irq   %soft  %steal  %guest  %gnice   %idle
23時02分38秒    0   12.87    0.00    1.98    0.00    0.00    0.99    0.00    0.00    0.00   84.16
23時02分38秒    1   19.80    0.00    1.98    0.00    0.00    0.99    0.00    0.00    0.00   77.23

23時02分38秒  CPU    %usr   %nice    %sys %iowait    %irq   %soft  %steal  %guest  %gnice   %idle
23時02分39秒    0   14.71    0.00    4.90    0.98    0.00    0.00    0.00    0.00    0.00   79.41
23時02分39秒    1   15.84    0.00    1.98    0.99    0.99    0.00    0.00    0.00    0.00   80.20

23時02分39秒  CPU    %usr   %nice    %sys %iowait    %irq   %soft  %steal  %guest  %gnice   %idle
23時02分40秒    0   13.27    0.00    2.04    0.00    1.02    0.00    0.00    0.00    0.00   83.67
23時02分40秒    1   12.24    0.00    1.02    3.06    0.00    0.00    0.00    0.00    0.00   83.67

23時02分40秒  CPU    %usr   %nice    %sys %iowait    %irq   %soft  %steal  %guest  %gnice   %idle
23時02分41秒    0   12.12    0.00    2.02    0.00    0.00    1.01    0.00    0.00    0.00   84.85
23時02分41秒    1   15.15    0.00    2.02    0.00    0.00    0.00    0.00    0.00    0.00   82.83

23時02分41秒  CPU    %usr   %nice    %sys %iowait    %irq   %soft  %steal  %guest  %gnice   %idle
23時02分42秒    0   19.39    0.00    2.04    1.02    0.00    0.00    0.00    0.00    0.00   77.55
23時02分42秒    1   18.18    0.00    1.01    0.00    0.00    0.00    0.00    0.00    0.00   80.81

23時02分42秒  CPU    %usr   %nice    %sys %iowait    %irq   %soft  %steal  %guest  %gnice   %idle
23時02分43秒    0    8.25    0.00    1.03    0.00    0.00    0.00    0.00    0.00    0.00   90.72
23時02分43秒    1    7.84    0.00    1.96    0.98    0.00    0.98    0.00    0.00    0.00   88.24

23時02分43秒  CPU    %usr   %nice    %sys %iowait    %irq   %soft  %steal  %guest  %gnice   %idle
23時02分44秒    0   24.51    0.00    1.96    0.00    0.00    0.98    0.00    0.00    0.00   72.55
23時02分44秒    1    9.18    0.00    4.08    0.00    1.02    0.00    0.00    0.00    0.00   85.71

23時02分44秒  CPU    %usr   %nice    %sys %iowait    %irq   %soft  %steal  %guest  %gnice   %idle
23時02分45秒    0   12.75    0.00    2.94    0.00    0.98    0.00    0.00    0.00    0.00   83.33
23時02分45秒    1   14.58    0.00    1.04    0.00    0.00    0.00    0.00    0.00    0.00   84.38

23時02分45秒  CPU    %usr   %nice    %sys %iowait    %irq   %soft  %steal  %guest  %gnice   %idle
23時02分46秒    0   13.27    0.00    1.02    0.00    0.00    0.00    0.00    0.00    0.00   85.71
23時02分46秒    1    9.28    0.00    2.06    0.00    0.00    0.00    0.00    0.00    0.00   88.66

23時02分46秒  CPU    %usr   %nice    %sys %iowait    %irq   %soft  %steal  %guest  %gnice   %idle
23時02分47秒    0    8.08    0.00    2.02    0.00    0.00    1.01    0.00    0.00    0.00   88.89
23時02分47秒    1   18.00    0.00    3.00    0.00    0.00    1.00    0.00    0.00    0.00   78.00

23時02分47秒  CPU    %usr   %nice    %sys %iowait    %irq   %soft  %steal  %guest  %gnice   %idle
23時02分48秒    0   10.42    0.00    1.04    0.00    0.00    0.00    0.00    0.00    0.00   88.54
23時02分48秒    1   18.18    0.00    0.00    0.00    0.00    0.00    0.00    0.00    0.00   81.82

23時02分48秒  CPU    %usr   %nice    %sys %iowait    %irq   %soft  %steal  %guest  %gnice   %idle
23時02分49秒    0   14.14    0.00    0.00    1.01    0.00    0.00    0.00    0.00    0.00   84.85
23時02分49秒    1    6.12    0.00    2.04    0.00    1.02    0.00    0.00    0.00    0.00   90.82

23時02分49秒  CPU    %usr   %nice    %sys %iowait    %irq   %soft  %steal  %guest  %gnice   %idle
23時02分50秒    0   11.76    0.00    2.94    0.00    0.98    0.00    0.00    0.00    0.00   84.31
23時02分50秒    1   18.00    0.00    1.00    0.00    0.00    0.00    0.00    0.00    0.00   81.00

23時02分50秒  CPU    %usr   %nice    %sys %iowait    %irq   %soft  %steal  %guest  %gnice   %idle
23時02分51秒    0   12.24    0.00    2.04    0.00    0.00    1.02    0.00    0.00    0.00   84.69
23時02分51秒    1   15.69    0.00    3.92    0.98    0.00    0.00    0.00    0.00    0.00   79.41

23時02分51秒  CPU    %usr   %nice    %sys %iowait    %irq   %soft  %steal  %guest  %gnice   %idle
23時02分52秒    0   15.31    0.00    1.02    1.02    0.00    0.00    0.00    0.00    0.00   82.65
23時02分52秒    1   15.15    0.00    1.01    0.00    0.00    1.01    0.00    0.00    0.00   82.83

23時02分52秒  CPU    %usr   %nice    %sys %iowait    %irq   %soft  %steal  %guest  %gnice   %idle
23時02分53秒    0   16.00    0.00    2.00    0.00    0.00    1.00    0.00    0.00    0.00   81.00
23時02分53秒    1   17.17    0.00    3.03    0.00    0.00    0.00    0.00    0.00    0.00   79.80

23時02分53秒  CPU    %usr   %nice    %sys %iowait    %irq   %soft  %steal  %guest  %gnice   %idle
23時02分54秒    0   13.00    0.00    2.00    0.00    0.00    0.00    0.00    0.00    0.00   85.00
23時02分54秒    1   11.88    0.00    1.98    0.00    0.99    0.00    0.00    0.00    0.00   85.15

23時02分54秒  CPU    %usr   %nice    %sys %iowait    %irq   %soft  %steal  %guest  %gnice   %idle
23時02分55秒    0   16.00    0.00    3.00    0.00    0.00    0.00    0.00    0.00    0.00   81.00
23時02分55秒    1   10.89    0.00    2.97    0.00    0.00    0.00    0.00    0.00    0.00   86.14

23時02分55秒  CPU    %usr   %nice    %sys %iowait    %irq   %soft  %steal  %guest  %gnice   %idle
23時02分56秒    0    8.08    0.00    3.03    0.00    1.01    1.01    0.00    0.00    0.00   86.87
23時02分56秒    1   13.00    0.00    3.00    1.00    0.00    0.00    0.00    0.00    0.00   83.00

23時02分56秒  CPU    %usr   %nice    %sys %iowait    %irq   %soft  %steal  %guest  %gnice   %idle
23時02分57秒    0   12.75    0.00    2.94    0.00    0.00    0.00    0.00    0.00    0.00   84.31
23時02分57秒    1   18.63    0.00    1.96    0.00    0.00    0.98    0.00    0.00    0.00   78.43

23時02分57秒  CPU    %usr   %nice    %sys %iowait    %irq   %soft  %steal  %guest  %gnice   %idle
23時02分58秒    0   15.84    0.00    2.97    0.99    0.00    0.00    0.00    0.00    0.00   80.20
23時02分58秒    1   17.17    0.00    1.01    0.00    1.01    0.00    0.00    0.00    0.00   80.81

23時02分58秒  CPU    %usr   %nice    %sys %iowait    %irq   %soft  %steal  %guest  %gnice   %idle
23時02分59秒    0    9.18    0.00    3.06    0.00    0.00    1.02    0.00    0.00    0.00   86.73
23時02分59秒    1   12.24    0.00    2.04    0.00    0.00    0.00    0.00    0.00    0.00   85.71

23時02分59秒  CPU    %usr   %nice    %sys %iowait    %irq   %soft  %steal  %guest  %gnice   %idle
23時03分00秒    0   12.12    0.00    1.01    0.00    1.01    0.00    0.00    0.00    0.00   85.86
23時03分00秒    1   14.14    0.00    1.01    1.01    0.00    0.00    0.00    0.00    0.00   83.84

23時03分00秒  CPU    %usr   %nice    %sys %iowait    %irq   %soft  %steal  %guest  %gnice   %idle
23時03分01秒    0   14.74    0.00    3.16    0.00    0.00    0.00    0.00    0.00    0.00   82.11
23時03分01秒    1    8.08    0.00    3.03    0.00    0.00    1.01    0.00    0.00    0.00   87.88

23時03分01秒  CPU    %usr   %nice    %sys %iowait    %irq   %soft  %steal  %guest  %gnice   %idle
23時03分02秒    0   24.00    0.00    4.00    1.00    0.00    1.00    0.00    0.00    0.00   70.00
23時03分02秒    1   15.62    0.00    1.04    1.04    0.00    0.00    0.00    0.00    0.00   82.29

23時03分02秒  CPU    %usr   %nice    %sys %iowait    %irq   %soft  %steal  %guest  %gnice   %idle
23時03分03秒    0    9.18    0.00    5.10    0.00    0.00    0.00    0.00    0.00    0.00   85.71
23時03分03秒    1   12.75    0.00    1.96    0.98    0.98    0.00    0.00    0.00    0.00   83.33

平均時間：  CPU    %usr   %nice    %sys %iowait    %irq   %soft  %steal  %guest  %gnice   %idle
平均時間：    0   13.15    0.02    2.53    0.33    0.21    0.34    0.00    0.00    0.00   83.43
平均時間：    1   13.82    0.06    2.19    0.36    0.23    0.23    0.00    0.00    0.00   83.12
