Linux 5.6.15-arch1-1 (archlinux) 	西元2020年06月22日 	_x86_64_	(12 CPU)

22時53分12秒  CPU    %usr   %nice    %sys %iowait    %irq   %soft  %steal  %guest  %gnice   %idle
22時53分13秒    0   10.00    0.00    2.00    1.00    0.00    1.00    0.00    0.00    0.00   86.00
22時53分13秒    1    9.00    0.00    3.00    0.00    0.00    1.00    0.00    0.00    0.00   87.00

22時53分13秒  CPU    %usr   %nice    %sys %iowait    %irq   %soft  %steal  %guest  %gnice   %idle
22時53分14秒    0   16.67    0.00    1.96    0.00    0.00    0.00    0.00    0.00    0.00   81.37
22時53分14秒    1   17.00    0.00    3.00    0.00    0.00    0.00    0.00    0.00    0.00   80.00

22時53分14秒  CPU    %usr   %nice    %sys %iowait    %irq   %soft  %steal  %guest  %gnice   %idle
22時53分15秒    0   13.73    0.00    2.94    0.00    0.00    0.00    0.00    0.00    0.00   83.33
22時53分15秒    1    6.93    0.00    4.95    0.99    0.99    0.00    0.00    0.00    0.00   86.14

22時53分15秒  CPU    %usr   %nice    %sys %iowait    %irq   %soft  %steal  %guest  %gnice   %idle
22時53分16秒    0    9.90    0.00    3.96    0.00    0.99    0.99    0.00    0.00    0.00   84.16
22時53分16秒    1   19.42    0.00    2.91    0.00    0.00    0.00    0.00    0.00    0.00   77.67

22時53分16秒  CPU    %usr   %nice    %sys %iowait    %irq   %soft  %steal  %guest  %gnice   %idle
22時53分17秒    0   17.48    0.00    2.91    0.00    0.00    0.00    0.00    0.00    0.00   79.61
22時53分17秒    1   17.65    0.00    1.96    0.00    0.00    0.98    0.00    0.00    0.00   79.41

22時53分17秒  CPU    %usr   %nice    %sys %iowait    %irq   %soft  %steal  %guest  %gnice   %idle
22時53分18秒    0   28.57    0.00    1.02    0.00    0.00    0.00    0.00    0.00    0.00   70.41
22時53分18秒    1   11.76    0.00    2.94    0.00    0.00    0.00    0.00    0.00    0.00   85.29

22時53分18秒  CPU    %usr   %nice    %sys %iowait    %irq   %soft  %steal  %guest  %gnice   %idle
22時53分19秒    0   14.00    0.00    2.00    0.00    0.00    1.00    0.00    0.00    0.00   83.00
22時53分19秒    1   20.59    0.00    1.96    0.00    0.98    0.00    0.00    0.00    0.00   76.47

22時53分19秒  CPU    %usr   %nice    %sys %iowait    %irq   %soft  %steal  %guest  %gnice   %idle
22時53分20秒    0   10.00    0.00    3.00    0.00    1.00    0.00    0.00    0.00    0.00   86.00
22時53分20秒    1    9.90    0.00    4.95    0.00    0.00    0.00    0.00    0.00    0.00   85.15

22時53分20秒  CPU    %usr   %nice    %sys %iowait    %irq   %soft  %steal  %guest  %gnice   %idle
22時53分21秒    0   10.10    0.00    2.02    0.00    0.00    0.00    0.00    0.00    0.00   87.88
22時53分21秒    1   17.00    0.00    3.00    0.00    0.00    1.00    0.00    0.00    0.00   79.00

22時53分21秒  CPU    %usr   %nice    %sys %iowait    %irq   %soft  %steal  %guest  %gnice   %idle
22時53分22秒    0   28.00    0.00    3.00    0.00    0.00    1.00    0.00    0.00    0.00   68.00
22時53分22秒    1   11.22    0.00    5.10    0.00    1.02    0.00    0.00    0.00    0.00   82.65

22時53分22秒  CPU    %usr   %nice    %sys %iowait    %irq   %soft  %steal  %guest  %gnice   %idle
22時53分23秒    0   19.39    0.00    3.06    0.00    0.00    0.00    0.00    0.00    0.00   77.55
22時53分23秒    1   21.78    0.00    1.98    0.00    0.00    0.00    0.00    0.00    0.00   76.24

22時53分23秒  CPU    %usr   %nice    %sys %iowait    %irq   %soft  %steal  %guest  %gnice   %idle
22時53分24秒    0   15.15    0.00    1.01    1.01    1.01    0.00    0.00    0.00    0.00   81.82
22時53分24秒    1   11.34    0.00    3.09    0.00    1.03    0.00    0.00    0.00    0.00   84.54

22時53分24秒  CPU    %usr   %nice    %sys %iowait    %irq   %soft  %steal  %guest  %gnice   %idle
22時53分25秒    0   15.84    0.00    2.97    0.00    0.00    0.99    0.00    0.00    0.00   80.20
22時53分25秒    1   13.86    0.00    2.97    0.00    0.00    0.99    0.00    0.00    0.00   82.18

22時53分25秒  CPU    %usr   %nice    %sys %iowait    %irq   %soft  %steal  %guest  %gnice   %idle
22時53分26秒    0   18.18    0.00    2.02    0.00    0.00    0.00    0.00    0.00    0.00   79.80
22時53分26秒    1   18.18    0.00    4.04    0.00    0.00    0.00    0.00    0.00    0.00   77.78

22時53分26秒  CPU    %usr   %nice    %sys %iowait    %irq   %soft  %steal  %guest  %gnice   %idle
22時53分27秒    0   23.00    0.00    4.00    0.00    0.00    0.00    0.00    0.00    0.00   73.00
22時53分27秒    1   18.00    0.00    1.00    0.00    0.00    0.00    0.00    0.00    0.00   81.00

22時53分27秒  CPU    %usr   %nice    %sys %iowait    %irq   %soft  %steal  %guest  %gnice   %idle
22時53分28秒    0   18.00    0.00    3.00    0.00    1.00    1.00    0.00    0.00    0.00   77.00
22時53分28秒    1   20.39    0.00    2.91    0.97    0.97    0.00    0.00    0.00    0.00   74.76

22時53分28秒  CPU    %usr   %nice    %sys %iowait    %irq   %soft  %steal  %guest  %gnice   %idle
22時53分29秒    0   47.06    0.00    1.96    0.00    0.00    0.00    0.00    0.00    0.00   50.98
22時53分29秒    1   30.30    0.00    4.04    0.00    0.00    1.01    0.00    0.00    0.00   64.65

22時53分29秒  CPU    %usr   %nice    %sys %iowait    %irq   %soft  %steal  %guest  %gnice   %idle
22時53分30秒    0   29.81    0.00    3.85    0.00    0.00    0.00    0.00    0.00    0.00   66.35
22時53分30秒    1   21.57    0.00    2.94    0.00    0.00    0.00    0.00    0.00    0.00   75.49

22時53分30秒  CPU    %usr   %nice    %sys %iowait    %irq   %soft  %steal  %guest  %gnice   %idle
22時53分31秒    0   24.04    0.00    3.85    0.00    0.00    0.00    0.00    0.00    0.00   72.12
22時53分31秒    1   13.73    0.00    1.96    0.00    0.00    0.00    0.00    0.00    0.00   84.31

22時53分31秒  CPU    %usr   %nice    %sys %iowait    %irq   %soft  %steal  %guest  %gnice   %idle
22時53分32秒    0   14.00    0.00    3.00    0.00    0.00    1.00    0.00    0.00    0.00   82.00
22時53分32秒    1   18.45    0.00    1.94    0.00    0.97    0.00    0.00    0.00    0.00   78.64

22時53分32秒  CPU    %usr   %nice    %sys %iowait    %irq   %soft  %steal  %guest  %gnice   %idle
22時53分33秒    0    9.09    0.00    1.01    0.00    1.01    0.00    0.00    0.00    0.00   88.89
22時53分33秒    1    7.22    0.00    3.09    0.00    0.00    0.00    0.00    0.00    0.00   89.69

22時53分33秒  CPU    %usr   %nice    %sys %iowait    %irq   %soft  %steal  %guest  %gnice   %idle
22時53分34秒    0    4.95    0.00    1.98    0.00    0.00    0.99    0.00    0.00    0.00   92.08
22時53分34秒    1    4.00    0.00    2.00    0.00    0.00    1.00    0.00    0.00    0.00   93.00

22時53分34秒  CPU    %usr   %nice    %sys %iowait    %irq   %soft  %steal  %guest  %gnice   %idle
22時53分35秒    0    7.00    0.00    4.00    0.00    0.00    0.00    0.00    0.00    0.00   89.00
22時53分35秒    1   12.12    0.00    1.01    7.07    0.00    0.00    0.00    0.00    0.00   79.80

22時53分35秒  CPU    %usr   %nice    %sys %iowait    %irq   %soft  %steal  %guest  %gnice   %idle
22時53分36秒    0    8.33    0.00    0.00    0.00    0.00    0.00    0.00    0.00    0.00   91.67
22時53分36秒    1    2.04    0.00    3.06   25.51    1.02    0.00    0.00    0.00    0.00   68.37

22時53分36秒  CPU    %usr   %nice    %sys %iowait    %irq   %soft  %steal  %guest  %gnice   %idle
22時53分37秒    0    2.02    0.00    1.01    0.00    0.00    1.01    0.00    0.00    0.00   95.96
22時53分37秒    1    2.06    0.00    1.03    0.00    0.00    0.00    0.00    0.00    0.00   96.91

22時53分37秒  CPU    %usr   %nice    %sys %iowait    %irq   %soft  %steal  %guest  %gnice   %idle
22時53分38秒    0    6.12    0.00    1.02    0.00    0.00    0.00    0.00    0.00    0.00   92.86
22時53分38秒    1    3.96    0.00    3.96    0.00    0.00    0.00    0.00    0.00    0.00   92.08

22時53分38秒  CPU    %usr   %nice    %sys %iowait    %irq   %soft  %steal  %guest  %gnice   %idle
22時53分39秒    0    7.69    0.00    1.92    0.00    0.96    0.96    0.00    0.00    0.00   88.46
22時53分39秒    1    4.95    0.00    2.97    0.00    0.00    0.99    0.00    0.00    0.00   91.09

22時53分39秒  CPU    %usr   %nice    %sys %iowait    %irq   %soft  %steal  %guest  %gnice   %idle
22時53分40秒    0    9.09    0.00    2.02    0.00    0.00    0.00    0.00    0.00    0.00   88.89
22時53分40秒    1    3.03    0.00    3.03    0.00    0.00    0.00    0.00    0.00    0.00   93.94

22時53分40秒  CPU    %usr   %nice    %sys %iowait    %irq   %soft  %steal  %guest  %gnice   %idle
22時53分41秒    0    2.00    0.00    3.00    0.00    0.00    0.00    0.00    0.00    0.00   95.00
22時53分41秒    1    5.77    0.00    3.85    0.00    0.96    0.00    0.00    0.00    0.00   89.42

22時53分41秒  CPU    %usr   %nice    %sys %iowait    %irq   %soft  %steal  %guest  %gnice   %idle
22時53分42秒    0    5.77    0.00    4.81    0.00    0.00    0.96    0.00    0.00    0.00   88.46
22時53分42秒    1   11.00    0.00    2.00    0.00    0.00    0.00    0.00    0.00    0.00   87.00

22時53分42秒  CPU    %usr   %nice    %sys %iowait    %irq   %soft  %steal  %guest  %gnice   %idle
22時53分43秒    0    3.96    0.00    4.95    0.00    0.99    0.00    0.00    0.00    0.00   90.10
22時53分43秒    1    4.90    0.00    4.90    0.00    0.00    0.00    0.00    0.00    0.00   90.20

22時53分43秒  CPU    %usr   %nice    %sys %iowait    %irq   %soft  %steal  %guest  %gnice   %idle
22時53分44秒    0    5.83    0.00    2.91    0.00    0.00    0.97    0.00    0.00    0.00   90.29
22時53分44秒    1    5.94    0.00    2.97    0.00    0.99    0.00    0.00    0.00    0.00   90.10

22時53分44秒  CPU    %usr   %nice    %sys %iowait    %irq   %soft  %steal  %guest  %gnice   %idle
22時53分45秒    0    2.04    0.00    1.02    0.00    0.00    0.00    0.00    0.00    0.00   96.94
22時53分45秒    1    7.07    0.00    0.00    0.00    0.00    1.01    0.00    0.00    0.00   91.92

22時53分45秒  CPU    %usr   %nice    %sys %iowait    %irq   %soft  %steal  %guest  %gnice   %idle
22時53分46秒    0    1.02    0.00    1.02    0.00    0.00    0.00    0.00    0.00    0.00   97.96
22時53分46秒    1    2.02    0.00    2.02    0.00    0.00    0.00    0.00    0.00    0.00   95.96

22時53分46秒  CPU    %usr   %nice    %sys %iowait    %irq   %soft  %steal  %guest  %gnice   %idle
22時53分47秒    0    4.85    0.00    2.91    0.00    0.00    0.97    0.00    0.00    0.00   91.26
22時53分47秒    1    4.95    0.00    2.97    0.00    0.00    0.00    0.00    0.00    0.00   92.08

22時53分47秒  CPU    %usr   %nice    %sys %iowait    %irq   %soft  %steal  %guest  %gnice   %idle
22時53分48秒    0    4.08    0.00    0.00    0.00    0.00    0.00    0.00    0.00    0.00   95.92
22時53分48秒    1    7.07    0.00    2.02    0.00    0.00    0.00    0.00    0.00    0.00   90.91

22時53分48秒  CPU    %usr   %nice    %sys %iowait    %irq   %soft  %steal  %guest  %gnice   %idle
22時53分49秒    0    2.00    0.00    1.00    0.00    0.00    0.00    0.00    0.00    0.00   97.00
22時53分49秒    1    2.04    0.00    1.02    0.00    1.02    0.00    0.00    0.00    0.00   95.92

22時53分49秒  CPU    %usr   %nice    %sys %iowait    %irq   %soft  %steal  %guest  %gnice   %idle
22時53分50秒    0    4.00    0.00    1.00    0.00    0.00    1.00    0.00    0.00    0.00   94.00
22時53分50秒    1    7.84    0.00    1.96    0.00    0.00    0.00    0.00    0.00    0.00   90.20

22時53分50秒  CPU    %usr   %nice    %sys %iowait    %irq   %soft  %steal  %guest  %gnice   %idle
22時53分51秒    0    4.08    0.00    2.04    0.00    1.02    0.00    0.00    0.00    0.00   92.86
22時53分51秒    1    7.84    0.00    3.92    0.00    0.00    0.98    0.00    0.00    0.00   87.25

22時53分51秒  CPU    %usr   %nice    %sys %iowait    %irq   %soft  %steal  %guest  %gnice   %idle
22時53分52秒    0    5.05    0.00    2.02    0.00    0.00    0.00    0.00    0.00    0.00   92.93
22時53分52秒    1    2.04    0.00    2.04    0.00    0.00    0.00    0.00    0.00    0.00   95.92

22時53分52秒  CPU    %usr   %nice    %sys %iowait    %irq   %soft  %steal  %guest  %gnice   %idle
22時53分53秒    0    1.96    0.00    1.96    0.00    0.00    0.98    0.00    0.00    0.00   95.10
22時53分53秒    1    4.95    0.00    0.99    0.00    0.00    0.00    0.00    0.00    0.00   94.06

22時53分53秒  CPU    %usr   %nice    %sys %iowait    %irq   %soft  %steal  %guest  %gnice   %idle
22時53分54秒    0    3.03    0.00    1.01    0.00    0.00    0.00    0.00    0.00    0.00   95.96
22時53分54秒    1    1.01    0.00    2.02    0.00    1.01    0.00    0.00    0.00    0.00   95.96

22時53分54秒  CPU    %usr   %nice    %sys %iowait    %irq   %soft  %steal  %guest  %gnice   %idle
22時53分55秒    0    2.97    0.00    0.99    0.00    0.99    0.00    0.00    0.00    0.00   95.05
22時53分55秒    1    1.98    0.00    0.99    0.00    0.00    0.00    0.00    0.00    0.00   97.03

22時53分55秒  CPU    %usr   %nice    %sys %iowait    %irq   %soft  %steal  %guest  %gnice   %idle
22時53分56秒    0    4.04    0.00    1.01    0.00    0.00    1.01    0.00    0.00    0.00   93.94
22時53分56秒    1    2.06    0.00    0.00    0.00    0.00    0.00    0.00    0.00    0.00   97.94

22時53分56秒  CPU    %usr   %nice    %sys %iowait    %irq   %soft  %steal  %guest  %gnice   %idle
22時53分57秒    0    9.00    0.00    2.00    0.00    0.00    0.00    0.00    0.00    0.00   89.00
22時53分57秒    1    2.00    0.00    1.00    0.00    0.00    1.00    0.00    0.00    0.00   96.00

22時53分57秒  CPU    %usr   %nice    %sys %iowait    %irq   %soft  %steal  %guest  %gnice   %idle
22時53分58秒    0    5.00    0.00    3.00    0.00    0.00    1.00    0.00    0.00    0.00   91.00
22時53分58秒    1    5.00    0.00    2.00    0.00    0.00    0.00    0.00    0.00    0.00   93.00

22時53分58秒  CPU    %usr   %nice    %sys %iowait    %irq   %soft  %steal  %guest  %gnice   %idle
22時53分59秒    0    2.00    0.00    2.00    0.00    1.00    0.00    0.00    0.00    0.00   95.00
22時53分59秒    1    2.02    0.00    1.01    0.00    1.01    0.00    0.00    0.00    0.00   95.96

22時53分59秒  CPU    %usr   %nice    %sys %iowait    %irq   %soft  %steal  %guest  %gnice   %idle
22時54分00秒    0    9.09    0.00    2.02    0.00    0.00    0.00    0.00    0.00    0.00   88.89
22時54分00秒    1    4.12    0.00    1.03    0.00    0.00    0.00    0.00    0.00    0.00   94.85

22時54分00秒  CPU    %usr   %nice    %sys %iowait    %irq   %soft  %steal  %guest  %gnice   %idle
22時54分01秒    0    4.00    0.00    2.00    0.00    0.00    1.00    0.00    0.00    0.00   93.00
22時54分01秒    1    4.90    0.00    2.94    0.00    0.00    0.98    0.00    0.00    0.00   91.18

22時54分01秒  CPU    %usr   %nice    %sys %iowait    %irq   %soft  %steal  %guest  %gnice   %idle
22時54分02秒    0    4.90    0.00    1.96    0.00    0.00    0.00    0.00    0.00    0.00   93.14
22時54分02秒    1    5.94    0.00    1.98    0.00    0.00    0.00    0.00    0.00    0.00   92.08

22時54分02秒  CPU    %usr   %nice    %sys %iowait    %irq   %soft  %steal  %guest  %gnice   %idle
22時54分03秒    0    2.02    0.00    2.02    0.00    0.00    0.00    0.00    0.00    0.00   95.96
22時54分03秒    1    6.00    0.00    2.00    0.00    1.00    0.00    0.00    0.00    0.00   91.00

22時54分03秒  CPU    %usr   %nice    %sys %iowait    %irq   %soft  %steal  %guest  %gnice   %idle
22時54分04秒    0    4.95    0.00    1.98    0.00    0.00    0.99    0.00    0.00    0.00   92.08
22時54分04秒    1    2.00    0.00    3.00    0.00    0.00    0.00    0.00    0.00    0.00   95.00

22時54分04秒  CPU    %usr   %nice    %sys %iowait    %irq   %soft  %steal  %guest  %gnice   %idle
22時54分05秒    0    3.96    0.00    0.99    0.00    0.99    0.00    0.00    0.00    0.00   94.06
22時54分05秒    1    0.99    0.00    3.96    0.00    0.00    0.00    0.00    0.00    0.00   95.05

22時54分05秒  CPU    %usr   %nice    %sys %iowait    %irq   %soft  %steal  %guest  %gnice   %idle
22時54分06秒    0    1.98    0.00    3.96    0.00    0.00    0.00    0.00    0.00    0.00   94.06
22時54分06秒    1    3.00    0.00    1.00    0.00    1.00    1.00    0.00    0.00    0.00   94.00

22時54分06秒  CPU    %usr   %nice    %sys %iowait    %irq   %soft  %steal  %guest  %gnice   %idle
22時54分07秒    0    2.00    0.00    2.00    0.00    0.00    1.00    0.00    0.00    0.00   95.00
22時54分07秒    1    3.00    0.00    3.00    0.00    0.00    0.00    0.00    0.00    0.00   94.00

22時54分07秒  CPU    %usr   %nice    %sys %iowait    %irq   %soft  %steal  %guest  %gnice   %idle
22時54分08秒    0    8.25    0.00    2.06    0.00    0.00    0.00    0.00    0.00    0.00   89.69
22時54分08秒    1   10.00    0.00    3.00    0.00    0.00    0.00    0.00    0.00    0.00   87.00

22時54分08秒  CPU    %usr   %nice    %sys %iowait    %irq   %soft  %steal  %guest  %gnice   %idle
22時54分09秒    0    7.14    0.00    2.04    0.00    0.00    0.00    0.00    0.00    0.00   90.82
22時54分09秒    1    8.08    0.00    2.02    0.00    0.00    0.00    0.00    0.00    0.00   89.90

22時54分09秒  CPU    %usr   %nice    %sys %iowait    %irq   %soft  %steal  %guest  %gnice   %idle
22時54分10秒    0    8.82    0.00    2.94    0.98    0.98    0.98    0.00    0.00    0.00   85.29
22時54分10秒    1    5.88    0.00    2.94    0.00    0.98    0.00    0.00    0.00    0.00   90.20

22時54分10秒  CPU    %usr   %nice    %sys %iowait    %irq   %soft  %steal  %guest  %gnice   %idle
22時54分11秒    0   10.00    0.00    3.00    0.00    0.00    0.00    0.00    0.00    0.00   87.00
22時54分11秒    1    7.07    0.00    2.02    0.00    0.00    1.01    0.00    0.00    0.00   89.90

22時54分11秒  CPU    %usr   %nice    %sys %iowait    %irq   %soft  %steal  %guest  %gnice   %idle
22時54分12秒    0    4.04    0.00    3.03    0.00    0.00    1.01    0.00    0.00    0.00   91.92
22時54分12秒    1    4.08    0.00    2.04    0.00    0.00    0.00    0.00    0.00    0.00   93.88

22時54分12秒  CPU    %usr   %nice    %sys %iowait    %irq   %soft  %steal  %guest  %gnice   %idle
22時54分13秒    0    9.00    0.00    2.00    0.00    0.00    0.00    0.00    0.00    0.00   89.00
22時54分13秒    1   20.62    0.00    3.09    0.00    0.00    0.00    0.00    0.00    0.00   76.29

22時54分13秒  CPU    %usr   %nice    %sys %iowait    %irq   %soft  %steal  %guest  %gnice   %idle
22時54分14秒    0   10.00    0.00    4.00    1.00    0.00    0.00    0.00    0.00    0.00   85.00
22時54分14秒    1   12.87    0.00    2.97    0.00    0.99    0.00    0.00    0.00    0.00   83.17

22時54分14秒  CPU    %usr   %nice    %sys %iowait    %irq   %soft  %steal  %guest  %gnice   %idle
22時54分15秒    0    6.86    0.00    0.98    0.00    0.00    0.98    0.00    0.00    0.00   91.18
22時54分15秒    1    3.00    0.00    3.00    0.00    0.00    0.00    0.00    0.00    0.00   94.00

22時54分15秒  CPU    %usr   %nice    %sys %iowait    %irq   %soft  %steal  %guest  %gnice   %idle
22時54分16秒    0    1.00    0.00    2.00    0.00    1.00    0.00    0.00    0.00    0.00   96.00
22時54分16秒    1    2.97    0.00    0.99    0.00    0.00    0.99    0.00    0.00    0.00   95.05

22時54分16秒  CPU    %usr   %nice    %sys %iowait    %irq   %soft  %steal  %guest  %gnice   %idle
22時54分17秒    0    0.00    0.00    1.03    0.00    0.00    0.00    0.00    0.00    0.00   98.97
22時54分17秒    1    3.06    0.00    2.04    0.00    0.00    0.00    0.00    0.00    0.00   94.90

22時54分17秒  CPU    %usr   %nice    %sys %iowait    %irq   %soft  %steal  %guest  %gnice   %idle
22時54分18秒    0    2.00    0.00    0.00    0.00    0.00    1.00    0.00    0.00    0.00   97.00
22時54分18秒    1   13.00    0.00    1.00    0.00    0.00    0.00    0.00    0.00    0.00   86.00

22時54分18秒  CPU    %usr   %nice    %sys %iowait    %irq   %soft  %steal  %guest  %gnice   %idle
22時54分19秒    0    0.00    0.00    2.04    0.00    0.00    0.00    0.00    0.00    0.00   97.96
22時54分19秒    1    1.01    0.00    1.01    0.00    0.00    0.00    0.00    0.00    0.00   97.98

22時54分19秒  CPU    %usr   %nice    %sys %iowait    %irq   %soft  %steal  %guest  %gnice   %idle
22時54分20秒    0    2.97    0.00    2.97    0.00    0.00    0.00    0.00    0.00    0.00   94.06
22時54分20秒    1    7.92    0.00    1.98    0.00    0.99    0.00    0.00    0.00    0.00   89.11

22時54分20秒  CPU    %usr   %nice    %sys %iowait    %irq   %soft  %steal  %guest  %gnice   %idle
22時54分21秒    0    4.81    0.00    0.96    0.00    0.96    0.96    0.00    0.00    0.00   92.31
22時54分21秒    1    2.02    0.00    2.02    0.00    0.00    0.00    0.00    0.00    0.00   95.96

22時54分21秒  CPU    %usr   %nice    %sys %iowait    %irq   %soft  %steal  %guest  %gnice   %idle
22時54分22秒    0    7.00    0.00    2.00    0.00    0.00    0.00    0.00    0.00    0.00   91.00
22時54分22秒    1    3.96    0.00    1.98    0.00    0.00    0.00    0.00    0.00    0.00   94.06

22時54分22秒  CPU    %usr   %nice    %sys %iowait    %irq   %soft  %steal  %guest  %gnice   %idle
22時54分23秒    0    8.91    0.00    4.95    0.00    0.00    0.00    0.00    0.00    0.00   86.14
22時54分23秒    1    6.00    0.00    4.00    0.00    0.00    1.00    0.00    0.00    0.00   89.00

22時54分23秒  CPU    %usr   %nice    %sys %iowait    %irq   %soft  %steal  %guest  %gnice   %idle
22時54分24秒    0   15.46    0.00    3.09    0.00    0.00    1.03    0.00    0.00    0.00   80.41
22時54分24秒    1    9.09    0.00    5.05    0.00    1.01    0.00    0.00    0.00    0.00   84.85

22時54分24秒  CPU    %usr   %nice    %sys %iowait    %irq   %soft  %steal  %guest  %gnice   %idle
22時54分25秒    0    6.00    0.00    3.00    0.00    0.00    0.00    0.00    0.00    0.00   91.00
22時54分25秒    1    7.14    0.00    2.04    0.00    0.00    0.00    0.00    0.00    0.00   90.82

22時54分25秒  CPU    %usr   %nice    %sys %iowait    %irq   %soft  %steal  %guest  %gnice   %idle
22時54分26秒    0    5.00    0.00    1.00    0.00    1.00    1.00    0.00    0.00    0.00   92.00
22時54分26秒    1    4.00    0.00    1.00    0.00    0.00    0.00    0.00    0.00    0.00   95.00

22時54分26秒  CPU    %usr   %nice    %sys %iowait    %irq   %soft  %steal  %guest  %gnice   %idle
22時54分27秒    0   11.34    0.00    3.09    0.00    0.00    0.00    0.00    0.00    0.00   85.57
22時54分27秒    1   16.16    0.00    1.01    1.01    0.00    1.01    0.00    0.00    0.00   80.81

22時54分27秒  CPU    %usr   %nice    %sys %iowait    %irq   %soft  %steal  %guest  %gnice   %idle
22時54分28秒    0    3.92    0.00    3.92    0.00    0.00    0.00    0.00    0.00    0.00   92.16
22時54分28秒    1    6.00    0.00    2.00    0.00    1.00    0.00    0.00    0.00    0.00   91.00

22時54分28秒  CPU    %usr   %nice    %sys %iowait    %irq   %soft  %steal  %guest  %gnice   %idle
22時54分29秒    0    3.96    0.00    1.98    0.00    0.00    0.99    0.00    0.00    0.00   93.07
22時54分29秒    1    4.00    0.00    4.00    0.00    0.00    0.00    0.00    0.00    0.00   92.00

22時54分29秒  CPU    %usr   %nice    %sys %iowait    %irq   %soft  %steal  %guest  %gnice   %idle
22時54分30秒    0    5.88    0.00    0.98    0.00    0.98    0.00    0.00    0.00    0.00   92.16
22時54分30秒    1    4.08    0.00    2.04    0.00    0.00    0.00    0.00    0.00    0.00   93.88

22時54分30秒  CPU    %usr   %nice    %sys %iowait    %irq   %soft  %steal  %guest  %gnice   %idle
22時54分31秒    0    5.10    0.00    1.02    0.00    0.00    1.02    0.00    0.00    0.00   92.86
22時54分31秒    1   10.10    0.00    3.03    0.00    0.00    1.01    0.00    0.00    0.00   85.86

22時54分31秒  CPU    %usr   %nice    %sys %iowait    %irq   %soft  %steal  %guest  %gnice   %idle
22時54分32秒    0    4.95    0.00    1.98    0.00    0.00    0.00    0.00    0.00    0.00   93.07
22時54分32秒    1   13.27    0.00    2.04    0.00    0.00    0.00    0.00    0.00    0.00   84.69

22時54分32秒  CPU    %usr   %nice    %sys %iowait    %irq   %soft  %steal  %guest  %gnice   %idle
22時54分33秒    0    6.12    0.00    0.00    0.00    0.00    1.02    0.00    0.00    0.00   92.86
22時54分33秒    1    3.96    0.00    3.96    0.00    0.99    0.00    0.00    0.00    0.00   91.09

22時54分33秒  CPU    %usr   %nice    %sys %iowait    %irq   %soft  %steal  %guest  %gnice   %idle
22時54分34秒    0    4.08    0.00    1.02    0.00    1.02    0.00    0.00    0.00    0.00   93.88
22時54分34秒    1    5.10    0.00    1.02    0.00    0.00    0.00    0.00    0.00    0.00   93.88

22時54分34秒  CPU    %usr   %nice    %sys %iowait    %irq   %soft  %steal  %guest  %gnice   %idle
22時54分35秒    0    8.74    0.00    0.97    0.00    0.00    0.97    0.00    0.00    0.00   89.32
22時54分35秒    1   11.43    0.00    3.81    0.00    0.00    0.95    0.00    0.00    0.00   83.81

22時54分35秒  CPU    %usr   %nice    %sys %iowait    %irq   %soft  %steal  %guest  %gnice   %idle
22時54分36秒    0   13.86    0.00    2.97    0.00    0.00    0.00    0.00    0.00    0.00   83.17
22時54分36秒    1   11.11    0.00    7.07    0.00    0.00    0.00    0.00    0.00    0.00   81.82

22時54分36秒  CPU    %usr   %nice    %sys %iowait    %irq   %soft  %steal  %guest  %gnice   %idle
22時54分37秒    0   11.11    0.00    3.03    0.00    0.00    1.01    0.00    0.00    0.00   84.85
22時54分37秒    1   13.46    0.00    3.85    0.00    0.96    0.00    0.00    0.00    0.00   81.73

22時54分37秒  CPU    %usr   %nice    %sys %iowait    %irq   %soft  %steal  %guest  %gnice   %idle
22時54分38秒    0    9.00    0.00    3.00    0.00    0.00    0.00    0.00    0.00    0.00   88.00
22時54分38秒    1   11.76    0.00    3.92    0.00    0.00    0.00    0.00    0.00    0.00   84.31

22時54分38秒  CPU    %usr   %nice    %sys %iowait    %irq   %soft  %steal  %guest  %gnice   %idle
22時54分39秒    0   15.24    0.00    2.86    0.00    0.95    0.00    0.00    0.00    0.00   80.95
22時54分39秒    1   15.53    0.00    1.94    0.00    0.00    0.97    0.00    0.00    0.00   81.55

22時54分39秒  CPU    %usr   %nice    %sys %iowait    %irq   %soft  %steal  %guest  %gnice   %idle
22時54分40秒    0   10.89    0.00    2.97    0.00    0.00    0.99    0.00    0.00    0.00   85.15
22時54分40秒    1    7.92    0.00    4.95    0.00    0.00    0.00    0.00    0.00    0.00   87.13

22時54分40秒  CPU    %usr   %nice    %sys %iowait    %irq   %soft  %steal  %guest  %gnice   %idle
22時54分41秒    0    4.95    0.00    4.95    0.99    0.00    0.00    0.00    0.00    0.00   89.11
22時54分41秒    1    9.80    0.00    3.92    0.00    0.98    0.00    0.00    0.00    0.00   85.29

22時54分41秒  CPU    %usr   %nice    %sys %iowait    %irq   %soft  %steal  %guest  %gnice   %idle
22時54分42秒    0    7.92    0.00    3.96    0.00    0.00    0.99    0.00    0.00    0.00   87.13
22時54分42秒    1   10.89    0.00    3.96    0.00    0.00    0.00    0.00    0.00    0.00   85.15

22時54分42秒  CPU    %usr   %nice    %sys %iowait    %irq   %soft  %steal  %guest  %gnice   %idle
22時54分43秒    0   19.00    0.00    2.00    0.00    0.00    0.00    0.00    0.00    0.00   79.00
22時54分43秒    1   12.24    0.00    1.02    0.00    0.00    1.02    0.00    0.00    0.00   85.71

22時54分43秒  CPU    %usr   %nice    %sys %iowait    %irq   %soft  %steal  %guest  %gnice   %idle
22時54分44秒    0   13.73    0.00    2.94    0.00    0.98    0.00    0.00    0.00    0.00   82.35
22時54分44秒    1   13.13    0.00    1.01    0.00    0.00    0.00    0.00    0.00    0.00   85.86

22時54分44秒  CPU    %usr   %nice    %sys %iowait    %irq   %soft  %steal  %guest  %gnice   %idle
22時54分45秒    0   11.76    0.00    2.94    0.00    0.00    0.98    0.00    0.00    0.00   84.31
22時54分45秒    1    5.94    0.00    2.97    0.00    0.99    0.00    0.00    0.00    0.00   90.10

22時54分45秒  CPU    %usr   %nice    %sys %iowait    %irq   %soft  %steal  %guest  %gnice   %idle
22時54分46秒    0    7.22    0.00    3.09    0.00    0.00    0.00    0.00    0.00    0.00   89.69
22時54分46秒    1    5.10    0.00    1.02    0.00    0.00    0.00    0.00    0.00    0.00   93.88

22時54分46秒  CPU    %usr   %nice    %sys %iowait    %irq   %soft  %steal  %guest  %gnice   %idle
22時54分47秒    0    9.80    0.00    2.94    0.00    0.00    0.98    0.00    0.00    0.00   86.27
22時54分47秒    1    5.94    0.00    2.97    0.00    0.00    0.99    0.00    0.00    0.00   90.10

22時54分47秒  CPU    %usr   %nice    %sys %iowait    %irq   %soft  %steal  %guest  %gnice   %idle
22時54分48秒    0   18.63    0.00    2.94    0.00    0.98    0.00    0.00    0.00    0.00   77.45
22時54分48秒    1   14.85    0.00    0.99    0.00    0.00    0.00    0.00    0.00    0.00   84.16

22時54分48秒  CPU    %usr   %nice    %sys %iowait    %irq   %soft  %steal  %guest  %gnice   %idle
22時54分49秒    0    3.03    0.00    3.03    0.00    0.00    0.00    0.00    0.00    0.00   93.94
22時54分49秒    1    7.00    0.00    3.00    0.00    0.00    0.00    0.00    0.00    0.00   90.00

22時54分49秒  CPU    %usr   %nice    %sys %iowait    %irq   %soft  %steal  %guest  %gnice   %idle
22時54分50秒    0    3.88    0.00    3.88    0.00    0.00    0.97    0.00    0.00    0.00   91.26
22時54分50秒    1    4.90    0.00    2.94    0.00    0.98    0.00    0.00    0.00    0.00   91.18

22時54分50秒  CPU    %usr   %nice    %sys %iowait    %irq   %soft  %steal  %guest  %gnice   %idle
22時54分51秒    0    5.10    0.00    1.02    0.00    0.00    0.00    0.00    0.00    0.00   93.88
22時54分51秒    1    7.92    0.00    5.94    0.00    0.00    0.00    0.00    0.00    0.00   86.14

22時54分51秒  CPU    %usr   %nice    %sys %iowait    %irq   %soft  %steal  %guest  %gnice   %idle
22時54分52秒    0    5.05    0.00    2.02    0.00    0.00    1.01    0.00    0.00    0.00   91.92
22時54分52秒    1    2.94    0.00    5.88    0.00    0.00    0.98    0.00    0.00    0.00   90.20

22時54分52秒  CPU    %usr   %nice    %sys %iowait    %irq   %soft  %steal  %guest  %gnice   %idle
22時54分53秒    0    8.00    0.00    4.00    0.00    1.00    0.00    0.00    0.00    0.00   87.00
22時54分53秒    1    8.91    0.00    4.95    0.00    0.00    0.00    0.00    0.00    0.00   86.14

22時54分53秒  CPU    %usr   %nice    %sys %iowait    %irq   %soft  %steal  %guest  %gnice   %idle
22時54分54秒    0   10.00    0.00    1.00    0.00    0.00    0.00    0.00    0.00    0.00   89.00
22時54分54秒    1    2.00    0.00    3.00    0.00    1.00    0.00    0.00    0.00    0.00   94.00

22時54分54秒  CPU    %usr   %nice    %sys %iowait    %irq   %soft  %steal  %guest  %gnice   %idle
22時54分55秒    0    6.00    0.00    3.00    0.00    0.00    1.00    0.00    0.00    0.00   90.00
22時54分55秒    1    3.00    0.00    2.00    0.00    0.00    0.00    0.00    0.00    0.00   95.00

22時54分55秒  CPU    %usr   %nice    %sys %iowait    %irq   %soft  %steal  %guest  %gnice   %idle
22時54分56秒    0    8.16    0.00    1.02    0.00    0.00    0.00    0.00    0.00    0.00   90.82
22時54分56秒    1    2.97    0.00    2.97    0.00    0.00    0.00    0.00    0.00    0.00   94.06

22時54分56秒  CPU    %usr   %nice    %sys %iowait    %irq   %soft  %steal  %guest  %gnice   %idle
22時54分57秒    0    3.96    0.00    0.99    0.00    0.00    0.00    0.00    0.00    0.00   95.05
22時54分57秒    1    2.02    0.00    1.01    0.00    0.00    1.01    0.00    0.00    0.00   95.96

22時54分57秒  CPU    %usr   %nice    %sys %iowait    %irq   %soft  %steal  %guest  %gnice   %idle
22時54分58秒    0    3.92    0.00    1.96    0.00    0.98    0.98    0.00    0.00    0.00   92.16
22時54分58秒    1   13.00    0.00    1.00    0.00    0.00    0.00    0.00    0.00    0.00   86.00

22時54分58秒  CPU    %usr   %nice    %sys %iowait    %irq   %soft  %steal  %guest  %gnice   %idle
22時54分59秒    0   19.42    0.00    2.91    0.97    0.00    0.00    0.00    0.00    0.00   76.70
22時54分59秒    1   15.69    0.00    2.94    0.00    0.98    0.00    0.00    0.00    0.00   80.39

22時54分59秒  CPU    %usr   %nice    %sys %iowait    %irq   %soft  %steal  %guest  %gnice   %idle
22時55分00秒    0   16.67    0.00    3.92    0.00    0.00    0.98    0.00    0.00    0.00   78.43
22時55分00秒    1    9.71    0.00    3.88    0.97    0.00    0.00    0.00    0.00    0.00   85.44

22時55分00秒  CPU    %usr   %nice    %sys %iowait    %irq   %soft  %steal  %guest  %gnice   %idle
22時55分01秒    0    6.86    0.00    1.96    0.00    0.00    0.00    0.00    0.00    0.00   91.18
22時55分01秒    1    7.84    0.00    1.96    0.00    0.00    0.98    0.00    0.00    0.00   89.22

22時55分01秒  CPU    %usr   %nice    %sys %iowait    %irq   %soft  %steal  %guest  %gnice   %idle
22時55分02秒    0    4.95    0.00    1.98    0.00    0.00    0.00    0.00    0.00    0.00   93.07
22時55分02秒    1    7.00    0.00    2.00    0.00    0.00    0.00    0.00    0.00    0.00   91.00

22時55分02秒  CPU    %usr   %nice    %sys %iowait    %irq   %soft  %steal  %guest  %gnice   %idle
22時55分03秒    0    3.92    0.00    2.94    0.00    0.98    0.98    0.00    0.00    0.00   91.18
22時55分03秒    1    6.00    0.00    4.00    0.00    1.00    0.00    0.00    0.00    0.00   89.00

22時55分03秒  CPU    %usr   %nice    %sys %iowait    %irq   %soft  %steal  %guest  %gnice   %idle
22時55分04秒    0   10.00    0.00    3.00    0.00    0.00    0.00    0.00    0.00    0.00   87.00
22時55分04秒    1    8.08    0.00    1.01    0.00    0.00    0.00    0.00    0.00    0.00   90.91

22時55分04秒  CPU    %usr   %nice    %sys %iowait    %irq   %soft  %steal  %guest  %gnice   %idle
22時55分05秒    0    1.98    0.00    3.96    0.00    0.00    0.99    0.00    0.00    0.00   93.07
22時55分05秒    1    3.00    0.00    3.00    0.00    0.00    0.00    0.00    0.00    0.00   94.00

22時55分05秒  CPU    %usr   %nice    %sys %iowait    %irq   %soft  %steal  %guest  %gnice   %idle
22時55分06秒    0    7.07    0.00    4.04    0.00    0.00    0.00    0.00    0.00    0.00   88.89
22時55分06秒    1    5.94    0.00    2.97    0.00    0.00    0.99    0.00    0.00    0.00   90.10

22時55分06秒  CPU    %usr   %nice    %sys %iowait    %irq   %soft  %steal  %guest  %gnice   %idle
22時55分07秒    0   11.76    0.00    1.96    0.00    0.98    0.00    0.00    0.00    0.00   85.29
22時55分07秒    1    5.94    0.00    5.94    0.00    0.99    0.00    0.00    0.00    0.00   87.13

22時55分07秒  CPU    %usr   %nice    %sys %iowait    %irq   %soft  %steal  %guest  %gnice   %idle
22時55分08秒    0    8.91    0.00    2.97    0.00    0.00    0.99    0.00    0.00    0.00   87.13
22時55分08秒    1    9.09    0.00    2.02    0.00    0.00    0.00    0.00    0.00    0.00   88.89

22時55分08秒  CPU    %usr   %nice    %sys %iowait    %irq   %soft  %steal  %guest  %gnice   %idle
22時55分09秒    0    7.07    0.00    3.03    0.00    0.00    0.00    0.00    0.00    0.00   89.90
22時55分09秒    1    4.04    0.00    1.01    1.01    0.00    0.00    0.00    0.00    0.00   93.94

22時55分09秒  CPU    %usr   %nice    %sys %iowait    %irq   %soft  %steal  %guest  %gnice   %idle
22時55分10秒    0    7.14    0.00    3.06    0.00    0.00    1.02    0.00    0.00    0.00   88.78
22時55分10秒    1    8.82    0.00    3.92    0.00    0.00    0.98    0.00    0.00    0.00   86.27

22時55分10秒  CPU    %usr   %nice    %sys %iowait    %irq   %soft  %steal  %guest  %gnice   %idle
22時55分11秒    0    8.82    0.00    2.94    0.00    0.00    0.00    0.00    0.00    0.00   88.24
22時55分11秒    1    8.08    0.00    3.03    0.00    1.01    0.00    0.00    0.00    0.00   87.88

22時55分11秒  CPU    %usr   %nice    %sys %iowait    %irq   %soft  %steal  %guest  %gnice   %idle
22時55分12秒    0   16.50    0.00    3.88    0.00    0.97    0.00    0.00    0.00    0.00   78.64
22時55分12秒    1   11.00    0.00    6.00    0.00    0.00    0.00    0.00    0.00    0.00   83.00

平均時間：  CPU    %usr   %nice    %sys %iowait    %irq   %soft  %steal  %guest  %gnice   %idle
平均時間：    0    8.82    0.00    2.38    0.05    0.21    0.37    0.00    0.00    0.00   88.16
平均時間：    1    8.30    0.00    2.68    0.31    0.24    0.22    0.00    0.00    0.00   88.26
