Linux 5.6.15-arch1-1 (archlinux) 	西元2020年06月29日 	_x86_64_	(12 CPU)

03時42分08秒  CPU    %usr   %nice    %sys %iowait    %irq   %soft  %steal  %guest  %gnice   %idle
03時42分09秒    0   17.89    0.00   16.84    0.00    0.00    3.16    0.00    0.00    0.00   62.11
03時42分09秒    1    3.95    0.00    2.63    0.00    0.00    1.32    0.00    0.00    0.00   92.11

03時42分09秒  CPU    %usr   %nice    %sys %iowait    %irq   %soft  %steal  %guest  %gnice   %idle
03時42分10秒    0   16.84    0.00   16.84    0.00    0.00    4.21    0.00    0.00    0.00   62.11
03時42分10秒    1    5.26    0.00    1.32    0.00    0.00    1.32    0.00    0.00    0.00   92.11

03時42分10秒  CPU    %usr   %nice    %sys %iowait    %irq   %soft  %steal  %guest  %gnice   %idle
03時42分11秒    0   18.56    0.00   16.49    0.00    0.00    4.12    0.00    0.00    0.00   60.82
03時42分11秒    1    3.95    0.00    1.32    0.00    0.00    1.32    0.00    0.00    0.00   93.42

03時42分11秒  CPU    %usr   %nice    %sys %iowait    %irq   %soft  %steal  %guest  %gnice   %idle
03時42分12秒    0   19.35    0.00   13.98    0.00    0.00    3.23    0.00    0.00    0.00   63.44
03時42分12秒    1    3.90    0.00    2.60    0.00    0.00    1.30    0.00    0.00    0.00   92.21

03時42分12秒  CPU    %usr   %nice    %sys %iowait    %irq   %soft  %steal  %guest  %gnice   %idle
03時42分13秒    0   22.92    0.00   11.46    0.00    0.00    4.17    0.00    0.00    0.00   61.46
03時42分13秒    1    6.67    0.00    0.00    0.00    0.00    1.33    0.00    0.00    0.00   92.00

03時42分13秒  CPU    %usr   %nice    %sys %iowait    %irq   %soft  %steal  %guest  %gnice   %idle
03時42分14秒    0   21.28    0.00   13.83    0.00    0.00    3.19    0.00    0.00    0.00   61.70
03時42分14秒    1    5.26    0.00    1.32    0.00    0.00    1.32    0.00    0.00    0.00   92.11

03時42分14秒  CPU    %usr   %nice    %sys %iowait    %irq   %soft  %steal  %guest  %gnice   %idle
03時42分15秒    0   19.79    0.00   15.62    0.00    0.00    4.17    0.00    0.00    0.00   60.42
03時42分15秒    1    3.85    0.00    2.56    0.00    0.00    1.28    0.00    0.00    0.00   92.31

03時42分15秒  CPU    %usr   %nice    %sys %iowait    %irq   %soft  %steal  %guest  %gnice   %idle
03時42分16秒    0   21.05    0.00   13.68    0.00    0.00    3.16    0.00    0.00    0.00   62.11
03時42分16秒    1    5.26    0.00    1.32    0.00    0.00    1.32    0.00    0.00    0.00   92.11

03時42分16秒  CPU    %usr   %nice    %sys %iowait    %irq   %soft  %steal  %guest  %gnice   %idle
03時42分17秒    0   16.84    0.00   16.84    0.00    0.00    4.21    0.00    0.00    0.00   62.11
03時42分17秒    1    4.00    0.00    1.33    0.00    0.00    1.33    0.00    0.00    0.00   93.33

03時42分17秒  CPU    %usr   %nice    %sys %iowait    %irq   %soft  %steal  %guest  %gnice   %idle
03時42分18秒    0   17.02    0.00   17.02    0.00    0.00    3.19    0.00    0.00    0.00   62.77
03時42分18秒    1    5.13    0.00    2.56    0.00    1.28    1.28    0.00    0.00    0.00   89.74

03時42分18秒  CPU    %usr   %nice    %sys %iowait    %irq   %soft  %steal  %guest  %gnice   %idle
03時42分19秒    0   16.84    0.00   16.84    0.00    0.00    4.21    0.00    0.00    0.00   62.11
03時42分19秒    1    2.63    0.00    1.32    0.00    0.00    2.63    0.00    0.00    0.00   93.42

03時42分19秒  CPU    %usr   %nice    %sys %iowait    %irq   %soft  %steal  %guest  %gnice   %idle
03時42分20秒    0   18.09    0.00   17.02    0.00    0.00    3.19    0.00    0.00    0.00   61.70
03時42分20秒    1    7.59    0.00    2.53    0.00    0.00    1.27    0.00    0.00    0.00   88.61

03時42分20秒  CPU    %usr   %nice    %sys %iowait    %irq   %soft  %steal  %guest  %gnice   %idle
03時42分21秒    0   18.75    0.00   15.62    0.00    0.00    4.17    0.00    0.00    0.00   61.46
03時42分21秒    1    5.26    0.00    1.32    0.00    0.00    1.32    0.00    0.00    0.00   92.11

03時42分21秒  CPU    %usr   %nice    %sys %iowait    %irq   %soft  %steal  %guest  %gnice   %idle
03時42分22秒    0   16.13    0.00   17.20    0.00    0.00    3.23    0.00    0.00    0.00   63.44
03時42分22秒    1    6.41    0.00    1.28    0.00    0.00    1.28    0.00    0.00    0.00   91.03

03時42分22秒  CPU    %usr   %nice    %sys %iowait    %irq   %soft  %steal  %guest  %gnice   %idle
03時42分23秒    0   16.67    0.00   18.75    0.00    0.00    4.17    0.00    0.00    0.00   60.42
03時42分23秒    1    6.49    0.00    3.90    0.00    0.00    1.30    0.00    0.00    0.00   88.31

03時42分23秒  CPU    %usr   %nice    %sys %iowait    %irq   %soft  %steal  %guest  %gnice   %idle
03時42分24秒    0   24.47    0.00    9.57    0.00    0.00    3.19    0.00    0.00    0.00   62.77
03時42分24秒    1    5.26    0.00    0.00    0.00    0.00    1.32    0.00    0.00    0.00   93.42

03時42分24秒  CPU    %usr   %nice    %sys %iowait    %irq   %soft  %steal  %guest  %gnice   %idle
03時42分25秒    0   17.89    0.00   15.79    0.00    0.00    4.21    0.00    0.00    0.00   62.11
03時42分25秒    1    8.97    0.00    2.56    0.00    0.00    1.28    0.00    0.00    0.00   87.18

03時42分25秒  CPU    %usr   %nice    %sys %iowait    %irq   %soft  %steal  %guest  %gnice   %idle
03時42分26秒    0   20.83    0.00   14.58    0.00    0.00    3.12    0.00    0.00    0.00   61.46
03時42分26秒    1    5.19    0.00    2.60    0.00    0.00    1.30    0.00    0.00    0.00   90.91

03時42分26秒  CPU    %usr   %nice    %sys %iowait    %irq   %soft  %steal  %guest  %gnice   %idle
03時42分27秒    0   18.75    0.00   14.58    0.00    1.04    4.17    0.00    0.00    0.00   61.46
03時42分27秒    1    5.13    0.00    1.28    0.00    0.00    2.56    0.00    0.00    0.00   91.03

03時42分27秒  CPU    %usr   %nice    %sys %iowait    %irq   %soft  %steal  %guest  %gnice   %idle
03時42分28秒    0   17.89    0.00   16.84    0.00    0.00    3.16    0.00    0.00    0.00   62.11
03時42分28秒    1    2.70    0.00    0.00    0.00    0.00    1.35    0.00    0.00    0.00   95.95

03時42分28秒  CPU    %usr   %nice    %sys %iowait    %irq   %soft  %steal  %guest  %gnice   %idle
03時42分29秒    0   22.11    0.00   12.63    0.00    0.00    4.21    0.00    0.00    0.00   61.05
03時42分29秒    1    5.19    0.00    1.30    0.00    0.00    2.60    0.00    0.00    0.00   90.91

03時42分29秒  CPU    %usr   %nice    %sys %iowait    %irq   %soft  %steal  %guest  %gnice   %idle
03時42分30秒    0   20.83    0.00   13.54    0.00    0.00    4.17    0.00    0.00    0.00   61.46
03時42分30秒    1    3.95    0.00    2.63    0.00    0.00    1.32    0.00    0.00    0.00   92.11

03時42分30秒  CPU    %usr   %nice    %sys %iowait    %irq   %soft  %steal  %guest  %gnice   %idle
03時42分31秒    0   18.28    0.00   16.13    0.00    0.00    3.23    0.00    0.00    0.00   62.37
03時42分31秒    1    5.19    0.00    2.60    0.00    0.00    1.30    0.00    0.00    0.00   90.91

03時42分31秒  CPU    %usr   %nice    %sys %iowait    %irq   %soft  %steal  %guest  %gnice   %idle
03時42分32秒    0   20.62    0.00   14.43    0.00    0.00    4.12    0.00    0.00    0.00   60.82
03時42分32秒    1    5.19    0.00    1.30    0.00    0.00    2.60    0.00    0.00    0.00   90.91

03時42分32秒  CPU    %usr   %nice    %sys %iowait    %irq   %soft  %steal  %guest  %gnice   %idle
03時42分33秒    0   20.21    0.00   13.83    0.00    0.00    3.19    0.00    0.00    0.00   62.77
03時42分33秒    1    7.79    0.00    1.30    0.00    0.00    1.30    0.00    0.00    0.00   89.61

03時42分33秒  CPU    %usr   %nice    %sys %iowait    %irq   %soft  %steal  %guest  %gnice   %idle
03時42分34秒    0   22.11    0.00   11.58    0.00    0.00    4.21    0.00    0.00    0.00   62.11
03時42分34秒    1    5.26    0.00    1.32    0.00    0.00    1.32    0.00    0.00    0.00   92.11

03時42分34秒  CPU    %usr   %nice    %sys %iowait    %irq   %soft  %steal  %guest  %gnice   %idle
03時42分35秒    0   20.00    0.00   15.79    0.00    0.00    3.16    0.00    0.00    0.00   61.05
03時42分35秒    1    3.95    0.00    2.63    0.00    0.00    1.32    0.00    0.00    0.00   92.11

03時42分35秒  CPU    %usr   %nice    %sys %iowait    %irq   %soft  %steal  %guest  %gnice   %idle
03時42分36秒    0   18.09    0.00   14.89    0.00    0.00    4.26    0.00    0.00    0.00   62.77
03時42分36秒    1    3.95    0.00    0.00    0.00    0.00    1.32    0.00    0.00    0.00   94.74

03時42分36秒  CPU    %usr   %nice    %sys %iowait    %irq   %soft  %steal  %guest  %gnice   %idle
03時42分37秒    0   21.28    0.00   13.83    0.00    0.00    3.19    0.00    0.00    0.00   61.70
03時42分37秒    1    4.00    0.00    1.33    0.00    0.00    1.33    0.00    0.00    0.00   93.33

03時42分37秒  CPU    %usr   %nice    %sys %iowait    %irq   %soft  %steal  %guest  %gnice   %idle
03時42分38秒    0   18.95    0.00   14.74    0.00    0.00    4.21    0.00    0.00    0.00   62.11
03時42分38秒    1    6.49    0.00    1.30    0.00    0.00    1.30    0.00    0.00    0.00   90.91

03時42分38秒  CPU    %usr   %nice    %sys %iowait    %irq   %soft  %steal  %guest  %gnice   %idle
03時42分39秒    0   15.79    0.00   18.95    0.00    0.00    3.16    0.00    0.00    0.00   62.11
03時42分39秒    1    3.95    0.00    1.32    0.00    0.00    1.32    0.00    0.00    0.00   93.42

03時42分39秒  CPU    %usr   %nice    %sys %iowait    %irq   %soft  %steal  %guest  %gnice   %idle
03時42分40秒    0   16.13    0.00   16.13    0.00    0.00    4.30    0.00    0.00    0.00   63.44
03時42分40秒    1    4.00    0.00    1.33    0.00    0.00    1.33    0.00    0.00    0.00   93.33

03時42分40秒  CPU    %usr   %nice    %sys %iowait    %irq   %soft  %steal  %guest  %gnice   %idle
03時42分41秒    0   19.15    0.00   15.96    0.00    0.00    3.19    0.00    0.00    0.00   61.70
03時42分41秒    1    5.13    0.00    2.56    0.00    0.00    2.56    0.00    0.00    0.00   89.74

03時42分41秒  CPU    %usr   %nice    %sys %iowait    %irq   %soft  %steal  %guest  %gnice   %idle
03時42分42秒    0   17.89    0.00   15.79    0.00    0.00    4.21    0.00    0.00    0.00   62.11
03時42分42秒    1    2.70    0.00    0.00    0.00    0.00    1.35    0.00    0.00    0.00   95.95

03時42分42秒  CPU    %usr   %nice    %sys %iowait    %irq   %soft  %steal  %guest  %gnice   %idle
03時42分43秒    0   20.00    0.00   15.79    0.00    0.00    3.16    0.00    0.00    0.00   61.05
03時42分43秒    1    2.70    0.00    1.35    0.00    0.00    1.35    0.00    0.00    0.00   94.59

03時42分43秒  CPU    %usr   %nice    %sys %iowait    %irq   %soft  %steal  %guest  %gnice   %idle
03時42分44秒    0   19.79    0.00   13.54    0.00    0.00    4.17    0.00    0.00    0.00   62.50
03時42分44秒    1    3.90    0.00    1.30    0.00    0.00    1.30    0.00    0.00    0.00   93.51

03時42分44秒  CPU    %usr   %nice    %sys %iowait    %irq   %soft  %steal  %guest  %gnice   %idle
03時42分45秒    0   20.00    0.00   14.74    0.00    0.00    3.16    0.00    0.00    0.00   62.11
03時42分45秒    1    8.97    0.00    1.28    0.00    0.00    1.28    0.00    0.00    0.00   88.46

03時42分45秒  CPU    %usr   %nice    %sys %iowait    %irq   %soft  %steal  %guest  %gnice   %idle
03時42分46秒    0   17.89    0.00   14.74    0.00    1.05    4.21    0.00    0.00    0.00   62.11
03時42分46秒    1    4.00    0.00    1.33    0.00    0.00    1.33    0.00    0.00    0.00   93.33

03時42分46秒  CPU    %usr   %nice    %sys %iowait    %irq   %soft  %steal  %guest  %gnice   %idle
03時42分47秒    0   19.15    0.00   14.89    0.00    0.00    3.19    0.00    0.00    0.00   62.77
03時42分47秒    1    7.69    0.00    1.28    0.00    0.00    2.56    0.00    0.00    0.00   88.46

03時42分47秒  CPU    %usr   %nice    %sys %iowait    %irq   %soft  %steal  %guest  %gnice   %idle
03時42分48秒    0   18.95    0.00   15.79    0.00    0.00    4.21    0.00    0.00    0.00   61.05
03時42分48秒    1    6.49    0.00    1.30    0.00    0.00    1.30    0.00    0.00    0.00   90.91

03時42分48秒  CPU    %usr   %nice    %sys %iowait    %irq   %soft  %steal  %guest  %gnice   %idle
03時42分49秒    0   19.79    0.00   15.62    0.00    0.00    3.12    0.00    0.00    0.00   61.46
03時42分49秒    1    7.79    0.00    1.30    0.00    0.00    1.30    0.00    0.00    0.00   89.61

03時42分49秒  CPU    %usr   %nice    %sys %iowait    %irq   %soft  %steal  %guest  %gnice   %idle
03時42分50秒    0   17.89    0.00   16.84    0.00    0.00    4.21    0.00    0.00    0.00   61.05
03時42分50秒    1    3.90    0.00    1.30    0.00    0.00    2.60    0.00    0.00    0.00   92.21

03時42分50秒  CPU    %usr   %nice    %sys %iowait    %irq   %soft  %steal  %guest  %gnice   %idle
03時42分51秒    0   16.67    0.00   17.71    0.00    0.00    4.17    0.00    0.00    0.00   61.46
03時42分51秒    1    5.19    0.00    2.60    0.00    0.00    1.30    0.00    0.00    0.00   90.91

03時42分51秒  CPU    %usr   %nice    %sys %iowait    %irq   %soft  %steal  %guest  %gnice   %idle
03時42分52秒    0   22.11    0.00   12.63    0.00    0.00    3.16    0.00    0.00    0.00   62.11
03時42分52秒    1    5.19    0.00    1.30    0.00    0.00    1.30    0.00    0.00    0.00   92.21

03時42分52秒  CPU    %usr   %nice    %sys %iowait    %irq   %soft  %steal  %guest  %gnice   %idle
03時42分53秒    0   22.58    0.00   12.90    0.00    0.00    4.30    0.00    0.00    0.00   60.22
03時42分53秒    1    5.13    0.00    1.28    0.00    0.00    2.56    0.00    0.00    0.00   91.03

03時42分53秒  CPU    %usr   %nice    %sys %iowait    %irq   %soft  %steal  %guest  %gnice   %idle
03時42分54秒    0   17.20    0.00   17.20    0.00    0.00    3.23    0.00    0.00    0.00   62.37
03時42分54秒    1    3.95    0.00    2.63    0.00    0.00    1.32    0.00    0.00    0.00   92.11

03時42分54秒  CPU    %usr   %nice    %sys %iowait    %irq   %soft  %steal  %guest  %gnice   %idle
03時42分55秒    0   18.95    0.00   14.74    0.00    0.00    4.21    0.00    0.00    0.00   62.11
03時42分55秒    1    6.41    0.00    0.00    0.00    1.28    2.56    0.00    0.00    0.00   89.74

03時42分55秒  CPU    %usr   %nice    %sys %iowait    %irq   %soft  %steal  %guest  %gnice   %idle
03時42分56秒    0   17.89    0.00   16.84    0.00    0.00    3.16    0.00    0.00    0.00   62.11
03時42分56秒    1    3.95    0.00    1.32    0.00    0.00    1.32    0.00    0.00    0.00   93.42

03時42分56秒  CPU    %usr   %nice    %sys %iowait    %irq   %soft  %steal  %guest  %gnice   %idle
03時42分57秒    0   16.84    0.00   17.89    0.00    0.00    4.21    0.00    0.00    0.00   61.05
03時42分57秒    1    2.70    0.00    1.35    0.00    0.00    1.35    0.00    0.00    0.00   94.59

03時42分57秒  CPU    %usr   %nice    %sys %iowait    %irq   %soft  %steal  %guest  %gnice   %idle
03時42分58秒    0   16.67    0.00   17.71    0.00    0.00    3.12    0.00    0.00    0.00   62.50
03時42分58秒    1    6.41    0.00    1.28    0.00    0.00    1.28    0.00    0.00    0.00   91.03

03時42分58秒  CPU    %usr   %nice    %sys %iowait    %irq   %soft  %steal  %guest  %gnice   %idle
03時42分59秒    0   22.92    0.00   13.54    0.00    0.00    4.17    0.00    0.00    0.00   59.38
03時42分59秒    1    3.90    0.00    2.60    0.00    0.00    1.30    0.00    0.00    0.00   92.21

03時42分59秒  CPU    %usr   %nice    %sys %iowait    %irq   %soft  %steal  %guest  %gnice   %idle
03時43分00秒    0   18.09    0.00   15.96    0.00    0.00    3.19    0.00    0.00    0.00   62.77
03時43分00秒    1    2.67    0.00    1.33    0.00    0.00    1.33    0.00    0.00    0.00   94.67

03時43分00秒  CPU    %usr   %nice    %sys %iowait    %irq   %soft  %steal  %guest  %gnice   %idle
03時43分01秒    0   17.02    0.00   17.02    0.00    0.00    4.26    0.00    0.00    0.00   61.70
03時43分01秒    1    7.69    0.00    3.85    0.00    0.00    1.28    0.00    0.00    0.00   87.18

03時43分01秒  CPU    %usr   %nice    %sys %iowait    %irq   %soft  %steal  %guest  %gnice   %idle
03時43分02秒    0   21.05    0.00   13.68    0.00    0.00    3.16    0.00    0.00    0.00   62.11
03時43分02秒    1    5.26    0.00    0.00    0.00    0.00    1.32    0.00    0.00    0.00   93.42

03時43分02秒  CPU    %usr   %nice    %sys %iowait    %irq   %soft  %steal  %guest  %gnice   %idle
03時43分03秒    0   21.88    0.00   12.50    0.00    0.00    4.17    0.00    0.00    0.00   61.46
03時43分03秒    1    6.58    0.00    1.32    0.00    0.00    1.32    0.00    0.00    0.00   90.79

03時43分03秒  CPU    %usr   %nice    %sys %iowait    %irq   %soft  %steal  %guest  %gnice   %idle
03時43分04秒    0   20.65    0.00   13.04    0.00    0.00    3.26    0.00    0.00    0.00   63.04
03時43分04秒    1    5.26    0.00    1.32    0.00    0.00    2.63    0.00    0.00    0.00   90.79

03時43分04秒  CPU    %usr   %nice    %sys %iowait    %irq   %soft  %steal  %guest  %gnice   %idle
03時43分05秒    0   17.53    0.00   16.49    0.00    1.03    4.12    0.00    0.00    0.00   60.82
03時43分05秒    1    5.26    0.00    1.32    0.00    0.00    1.32    0.00    0.00    0.00   92.11

03時43分05秒  CPU    %usr   %nice    %sys %iowait    %irq   %soft  %steal  %guest  %gnice   %idle
03時43分06秒    0   20.00    0.00   14.74    0.00    0.00    3.16    0.00    0.00    0.00   62.11
03時43分06秒    1    2.63    0.00    2.63    0.00    0.00    1.32    0.00    0.00    0.00   93.42

03時43分06秒  CPU    %usr   %nice    %sys %iowait    %irq   %soft  %steal  %guest  %gnice   %idle
03時43分07秒    0   19.15    0.00   14.89    0.00    0.00    4.26    0.00    0.00    0.00   61.70
03時43分07秒    1    6.41    0.00    2.56    0.00    0.00    2.56    0.00    0.00    0.00   88.46

03時43分07秒  CPU    %usr   %nice    %sys %iowait    %irq   %soft  %steal  %guest  %gnice   %idle
03時43分08秒    0   21.28    0.00   13.83    0.00    0.00    3.19    0.00    0.00    0.00   61.70
03時43分08秒    1    6.41    0.00    2.56    0.00    0.00    1.28    0.00    0.00    0.00   89.74

03時43分08秒  CPU    %usr   %nice    %sys %iowait    %irq   %soft  %steal  %guest  %gnice   %idle
03時43分09秒    0   16.67    0.00   17.71    0.00    0.00    4.17    0.00    0.00    0.00   61.46
03時43分09秒    1    3.95    0.00    1.32    0.00    0.00    1.32    0.00    0.00    0.00   93.42

03時43分09秒  CPU    %usr   %nice    %sys %iowait    %irq   %soft  %steal  %guest  %gnice   %idle
03時43分10秒    0   21.05    0.00   13.68    0.00    0.00    3.16    0.00    0.00    0.00   62.11
03時43分10秒    1    5.19    0.00    0.00    0.00    0.00    2.60    0.00    0.00    0.00   92.21

03時43分10秒  CPU    %usr   %nice    %sys %iowait    %irq   %soft  %steal  %guest  %gnice   %idle
03時43分11秒    0   19.79    0.00   13.54    0.00    0.00    4.17    0.00    0.00    0.00   62.50
03時43分11秒    1    3.95    0.00    1.32    0.00    0.00    1.32    0.00    0.00    0.00   93.42

03時43分11秒  CPU    %usr   %nice    %sys %iowait    %irq   %soft  %steal  %guest  %gnice   %idle
03時43分12秒    0   22.34    0.00   12.77    0.00    0.00    3.19    0.00    0.00    0.00   61.70
03時43分12秒    1    4.00    0.00    0.00    0.00    0.00    1.33    0.00    0.00    0.00   94.67

03時43分12秒  CPU    %usr   %nice    %sys %iowait    %irq   %soft  %steal  %guest  %gnice   %idle
03時43分13秒    0   21.65    0.00   13.40    0.00    0.00    4.12    0.00    0.00    0.00   60.82
03時43分13秒    1    5.13    0.00    2.56    0.00    0.00    1.28    0.00    0.00    0.00   91.03

03時43分13秒  CPU    %usr   %nice    %sys %iowait    %irq   %soft  %steal  %guest  %gnice   %idle
03時43分14秒    0   20.21    0.00   12.77    0.00    0.00    3.19    0.00    0.00    0.00   63.83
03時43分14秒    1    5.19    0.00    1.30    0.00    0.00    1.30    0.00    0.00    0.00   92.21

03時43分14秒  CPU    %usr   %nice    %sys %iowait    %irq   %soft  %steal  %guest  %gnice   %idle
03時43分15秒    0   18.75    0.00   15.62    0.00    0.00    4.17    0.00    0.00    0.00   61.46
03時43分15秒    1    2.63    0.00    2.63    0.00    0.00    1.32    0.00    0.00    0.00   93.42

03時43分15秒  CPU    %usr   %nice    %sys %iowait    %irq   %soft  %steal  %guest  %gnice   %idle
03時43分16秒    0   19.35    0.00   15.05    0.00    0.00    3.23    0.00    0.00    0.00   62.37
03時43分16秒    1    4.00    0.00    0.00    0.00    0.00    1.33    0.00    0.00    0.00   94.67

03時43分16秒  CPU    %usr   %nice    %sys %iowait    %irq   %soft  %steal  %guest  %gnice   %idle
03時43分17秒    0   22.34    0.00   12.77    0.00    0.00    4.26    0.00    0.00    0.00   60.64
03時43分17秒    1    4.00    0.00    1.33    0.00    0.00    1.33    0.00    0.00    0.00   93.33

03時43分17秒  CPU    %usr   %nice    %sys %iowait    %irq   %soft  %steal  %guest  %gnice   %idle
03時43分18秒    0   20.62    0.00   14.43    0.00    0.00    3.09    0.00    0.00    0.00   61.86
03時43分18秒    1    2.63    0.00    1.32    0.00    0.00    1.32    0.00    0.00    0.00   94.74

03時43分18秒  CPU    %usr   %nice    %sys %iowait    %irq   %soft  %steal  %guest  %gnice   %idle
03時43分19秒    0   20.00    0.00   13.68    0.00    0.00    4.21    0.00    0.00    0.00   62.11
03時43分19秒    1    5.19    0.00    1.30    0.00    0.00    1.30    0.00    0.00    0.00   92.21

03時43分19秒  CPU    %usr   %nice    %sys %iowait    %irq   %soft  %steal  %guest  %gnice   %idle
03時43分20秒    0   21.05    0.00   13.68    0.00    0.00    3.16    0.00    0.00    0.00   62.11
03時43分20秒    1    2.67    0.00    1.33    0.00    0.00    1.33    0.00    0.00    0.00   94.67

03時43分20秒  CPU    %usr   %nice    %sys %iowait    %irq   %soft  %steal  %guest  %gnice   %idle
03時43分21秒    0   20.00    0.00   13.68    0.00    0.00    4.21    0.00    0.00    0.00   62.11
03時43分21秒    1    3.85    0.00    3.85    0.00    0.00    1.28    0.00    0.00    0.00   91.03

03時43分21秒  CPU    %usr   %nice    %sys %iowait    %irq   %soft  %steal  %guest  %gnice   %idle
03時43分22秒    0   21.28    0.00   11.70    0.00    0.00    3.19    0.00    0.00    0.00   63.83
03時43分22秒    1    1.35    0.00    0.00    0.00    0.00    1.35    0.00    0.00    0.00   97.30

03時43分22秒  CPU    %usr   %nice    %sys %iowait    %irq   %soft  %steal  %guest  %gnice   %idle
03時43分23秒    0   18.75    0.00   14.58    0.00    1.04    4.17    0.00    0.00    0.00   61.46
03時43分23秒    1    2.63    0.00    2.63    0.00    0.00    1.32    0.00    0.00    0.00   93.42

03時43分23秒  CPU    %usr   %nice    %sys %iowait    %irq   %soft  %steal  %guest  %gnice   %idle
03時43分24秒    0   17.02    0.00   18.09    0.00    0.00    3.19    0.00    0.00    0.00   61.70
03時43分24秒    1    6.49    0.00    1.30    0.00    0.00    1.30    0.00    0.00    0.00   90.91

03時43分24秒  CPU    %usr   %nice    %sys %iowait    %irq   %soft  %steal  %guest  %gnice   %idle
03時43分25秒    0   20.83    0.00   13.54    0.00    0.00    4.17    0.00    0.00    0.00   61.46
03時43分25秒    1    2.60    0.00    2.60    0.00    0.00    2.60    0.00    0.00    0.00   92.21

03時43分25秒  CPU    %usr   %nice    %sys %iowait    %irq   %soft  %steal  %guest  %gnice   %idle
03時43分26秒    0   18.95    0.00   14.74    0.00    0.00    3.16    0.00    0.00    0.00   63.16
03時43分26秒    1    4.00    0.00    0.00    0.00    0.00    1.33    0.00    0.00    0.00   94.67

03時43分26秒  CPU    %usr   %nice    %sys %iowait    %irq   %soft  %steal  %guest  %gnice   %idle
03時43分27秒    0   20.00    0.00   13.68    0.00    0.00    4.21    0.00    0.00    0.00   62.11
03時43分27秒    1    5.19    0.00    1.30    0.00    0.00    1.30    0.00    0.00    0.00   92.21

03時43分27秒  CPU    %usr   %nice    %sys %iowait    %irq   %soft  %steal  %guest  %gnice   %idle
03時43分28秒    0   20.21    0.00   13.83    0.00    0.00    3.19    0.00    0.00    0.00   62.77
03時43分28秒    1    5.26    0.00    1.32    0.00    0.00    1.32    0.00    0.00    0.00   92.11

03時43分28秒  CPU    %usr   %nice    %sys %iowait    %irq   %soft  %steal  %guest  %gnice   %idle
03時43分29秒    0   18.09    0.00   14.89    0.00    0.00    4.26    0.00    0.00    0.00   62.77
03時43分29秒    1    2.67    0.00    1.33    0.00    0.00    1.33    0.00    0.00    0.00   94.67

03時43分29秒  CPU    %usr   %nice    %sys %iowait    %irq   %soft  %steal  %guest  %gnice   %idle
03時43分30秒    0   18.28    0.00   16.13    0.00    0.00    3.23    0.00    0.00    0.00   62.37
03時43分30秒    1    5.19    0.00    1.30    0.00    0.00    1.30    0.00    0.00    0.00   92.21

03時43分30秒  CPU    %usr   %nice    %sys %iowait    %irq   %soft  %steal  %guest  %gnice   %idle
03時43分31秒    0   19.35    0.00   13.98    0.00    0.00    4.30    0.00    0.00    0.00   62.37
03時43分31秒    1    1.37    0.00    1.37    0.00    0.00    1.37    0.00    0.00    0.00   95.89

03時43分31秒  CPU    %usr   %nice    %sys %iowait    %irq   %soft  %steal  %guest  %gnice   %idle
03時43分32秒    0   18.95    0.00   15.79    0.00    0.00    3.16    0.00    0.00    0.00   62.11
03時43分32秒    1    5.19    0.00    1.30    0.00    0.00    1.30    0.00    0.00    0.00   92.21

03時43分32秒  CPU    %usr   %nice    %sys %iowait    %irq   %soft  %steal  %guest  %gnice   %idle
03時43分33秒    0   19.15    0.00   14.89    0.00    0.00    4.26    0.00    0.00    0.00   61.70
03時43分33秒    1    7.89    0.00    0.00    0.00    0.00    1.32    0.00    0.00    0.00   90.79

03時43分33秒  CPU    %usr   %nice    %sys %iowait    %irq   %soft  %steal  %guest  %gnice   %idle
03時43分34秒    0   22.58    0.00   11.83    0.00    0.00    3.23    0.00    0.00    0.00   62.37
03時43分34秒    1    4.00    0.00    0.00    0.00    0.00    1.33    0.00    0.00    0.00   94.67

03時43分34秒  CPU    %usr   %nice    %sys %iowait    %irq   %soft  %steal  %guest  %gnice   %idle
03時43分35秒    0   21.05    0.00   13.68    0.00    0.00    4.21    0.00    0.00    0.00   61.05
03時43分35秒    1    4.00    0.00    1.33    0.00    0.00    1.33    0.00    0.00    0.00   93.33

03時43分35秒  CPU    %usr   %nice    %sys %iowait    %irq   %soft  %steal  %guest  %gnice   %idle
03時43分36秒    0   14.89    0.00   19.15    0.00    0.00    3.19    0.00    0.00    0.00   62.77
03時43分36秒    1    3.85    0.00    2.56    0.00    1.28    1.28    0.00    0.00    0.00   91.03

03時43分36秒  CPU    %usr   %nice    %sys %iowait    %irq   %soft  %steal  %guest  %gnice   %idle
03時43分37秒    0   17.89    0.00   15.79    0.00    0.00    4.21    0.00    0.00    0.00   62.11
03時43分37秒    1    5.26    0.00    0.00    0.00    0.00    1.32    0.00    0.00    0.00   93.42

03時43分37秒  CPU    %usr   %nice    %sys %iowait    %irq   %soft  %steal  %guest  %gnice   %idle
03時43分38秒    0   18.09    0.00   17.02    0.00    0.00    3.19    0.00    0.00    0.00   61.70
03時43分38秒    1    3.90    0.00    2.60    0.00    0.00    1.30    0.00    0.00    0.00   92.21

03時43分38秒  CPU    %usr   %nice    %sys %iowait    %irq   %soft  %steal  %guest  %gnice   %idle
03時43分39秒    0   18.56    0.00   15.46    0.00    0.00    4.12    0.00    0.00    0.00   61.86
03時43分39秒    1    2.67    0.00    1.33    0.00    0.00    1.33    0.00    0.00    0.00   94.67

03時43分39秒  CPU    %usr   %nice    %sys %iowait    %irq   %soft  %steal  %guest  %gnice   %idle
03時43分40秒    0   21.28    0.00   13.83    0.00    0.00    3.19    0.00    0.00    0.00   61.70
03時43分40秒    1    2.60    0.00    3.90    0.00    0.00    2.60    0.00    0.00    0.00   90.91

03時43分40秒  CPU    %usr   %nice    %sys %iowait    %irq   %soft  %steal  %guest  %gnice   %idle
03時43分41秒    0   20.00    0.00   12.63    0.00    1.05    4.21    0.00    0.00    0.00   62.11
03時43分41秒    1    1.35    0.00    1.35    0.00    0.00    1.35    0.00    0.00    0.00   95.95

03時43分41秒  CPU    %usr   %nice    %sys %iowait    %irq   %soft  %steal  %guest  %gnice   %idle
03時43分42秒    0   19.15    0.00   14.89    0.00    0.00    3.19    0.00    0.00    0.00   62.77
03時43分42秒    1    2.63    0.00    2.63    0.00    0.00    1.32    0.00    0.00    0.00   93.42

03時43分42秒  CPU    %usr   %nice    %sys %iowait    %irq   %soft  %steal  %guest  %gnice   %idle
03時43分43秒    0   22.58    0.00   10.75    0.00    0.00    4.30    0.00    0.00    0.00   62.37
03時43分43秒    1    4.00    0.00    1.33    0.00    0.00    1.33    0.00    0.00    0.00   93.33

03時43分43秒  CPU    %usr   %nice    %sys %iowait    %irq   %soft  %steal  %guest  %gnice   %idle
03時43分44秒    0   21.05    0.00   13.68    0.00    0.00    3.16    0.00    0.00    0.00   62.11
03時43分44秒    1    5.26    0.00    0.00    0.00    0.00    1.32    0.00    0.00    0.00   93.42

03時43分44秒  CPU    %usr   %nice    %sys %iowait    %irq   %soft  %steal  %guest  %gnice   %idle
03時43分45秒    0   19.79    0.00   14.58    0.00    0.00    4.17    0.00    0.00    0.00   61.46
03時43分45秒    1    4.00    0.00    1.33    0.00    0.00    1.33    0.00    0.00    0.00   93.33

03時43分45秒  CPU    %usr   %nice    %sys %iowait    %irq   %soft  %steal  %guest  %gnice   %idle
03時43分46秒    0   20.21    0.00   13.83    0.00    0.00    3.19    0.00    0.00    0.00   62.77
03時43分46秒    1    5.26    0.00    0.00    0.00    0.00    1.32    0.00    0.00    0.00   93.42

03時43分46秒  CPU    %usr   %nice    %sys %iowait    %irq   %soft  %steal  %guest  %gnice   %idle
03時43分47秒    0   20.00    0.00   14.74    0.00    0.00    4.21    0.00    0.00    0.00   61.05
03時43分47秒    1    3.90    0.00    2.60    0.00    0.00    1.30    0.00    0.00    0.00   92.21

03時43分47秒  CPU    %usr   %nice    %sys %iowait    %irq   %soft  %steal  %guest  %gnice   %idle
03時43分48秒    0   18.95    0.00   15.79    0.00    0.00    3.16    0.00    0.00    0.00   62.11
03時43分48秒    1    6.41    0.00    2.56    0.00    0.00    1.28    0.00    0.00    0.00   89.74

03時43分48秒  CPU    %usr   %nice    %sys %iowait    %irq   %soft  %steal  %guest  %gnice   %idle
03時43分49秒    0   20.00    0.00   14.74    0.00    0.00    4.21    0.00    0.00    0.00   61.05
03時43分49秒    1    4.00    0.00    1.33    0.00    0.00    1.33    0.00    0.00    0.00   93.33

03時43分49秒  CPU    %usr   %nice    %sys %iowait    %irq   %soft  %steal  %guest  %gnice   %idle
03時43分50秒    0   18.95    0.00   15.79    0.00    0.00    3.16    0.00    0.00    0.00   62.11
03時43分50秒    1    2.63    0.00    2.63    0.00    0.00    1.32    0.00    0.00    0.00   93.42

03時43分50秒  CPU    %usr   %nice    %sys %iowait    %irq   %soft  %steal  %guest  %gnice   %idle
03時43分51秒    0   19.79    0.00   14.58    0.00    0.00    4.17    0.00    0.00    0.00   61.46
03時43分51秒    1    5.19    0.00    1.30    0.00    0.00    1.30    0.00    0.00    0.00   92.21

03時43分51秒  CPU    %usr   %nice    %sys %iowait    %irq   %soft  %steal  %guest  %gnice   %idle
03時43分52秒    0   19.15    0.00   14.89    0.00    0.00    3.19    0.00    0.00    0.00   62.77
03時43分52秒    1    3.90    0.00    2.60    0.00    0.00    2.60    0.00    0.00    0.00   90.91

03時43分52秒  CPU    %usr   %nice    %sys %iowait    %irq   %soft  %steal  %guest  %gnice   %idle
03時43分53秒    0   22.92    0.00   11.46    0.00    0.00    4.17    0.00    0.00    0.00   61.46
03時43分53秒    1    3.95    0.00    1.32    0.00    0.00    1.32    0.00    0.00    0.00   93.42

03時43分53秒  CPU    %usr   %nice    %sys %iowait    %irq   %soft  %steal  %guest  %gnice   %idle
03時43分54秒    0   19.15    0.00   14.89    0.00    0.00    3.19    0.00    0.00    0.00   62.77
03時43分54秒    1    5.19    0.00    1.30    0.00    0.00    1.30    0.00    0.00    0.00   92.21

03時43分54秒  CPU    %usr   %nice    %sys %iowait    %irq   %soft  %steal  %guest  %gnice   %idle
03時43分55秒    0   19.79    0.00   14.58    0.00    0.00    4.17    0.00    0.00    0.00   61.46
03時43分55秒    1    3.95    0.00    1.32    0.00    0.00    1.32    0.00    0.00    0.00   93.42

03時43分55秒  CPU    %usr   %nice    %sys %iowait    %irq   %soft  %steal  %guest  %gnice   %idle
03時43分56秒    0   20.43    0.00   12.90    0.00    0.00    3.23    0.00    0.00    0.00   63.44
03時43分56秒    1    2.67    0.00    1.33    0.00    0.00    1.33    0.00    0.00    0.00   94.67

03時43分56秒  CPU    %usr   %nice    %sys %iowait    %irq   %soft  %steal  %guest  %gnice   %idle
03時43分57秒    0   20.00    0.00   14.74    0.00    0.00    4.21    0.00    0.00    0.00   61.05
03時43分57秒    1    5.41    0.00    1.35    0.00    0.00    1.35    0.00    0.00    0.00   91.89

03時43分57秒  CPU    %usr   %nice    %sys %iowait    %irq   %soft  %steal  %guest  %gnice   %idle
03時43分58秒    0   20.62    0.00   14.43    0.00    1.03    3.09    0.00    0.00    0.00   60.82
03時43分58秒    1    5.06    0.00    3.80    0.00    0.00    1.27    0.00    0.00    0.00   89.87

03時43分58秒  CPU    %usr   %nice    %sys %iowait    %irq   %soft  %steal  %guest  %gnice   %idle
03時43分59秒    0   18.28    0.00   15.05    0.00    0.00    3.23    0.00    0.00    0.00   63.44
03時43分59秒    1    5.19    0.00    1.30    0.00    0.00    1.30    0.00    0.00    0.00   92.21

03時43分59秒  CPU    %usr   %nice    %sys %iowait    %irq   %soft  %steal  %guest  %gnice   %idle
03時44分00秒    0   19.79    0.00   14.58    0.00    0.00    4.17    0.00    0.00    0.00   61.46
03時44分00秒    1    1.35    0.00    2.70    0.00    0.00    1.35    0.00    0.00    0.00   94.59

03時44分00秒  CPU    %usr   %nice    %sys %iowait    %irq   %soft  %steal  %guest  %gnice   %idle
03時44分01秒    0   18.75    0.00   16.67    0.00    0.00    3.12    0.00    0.00    0.00   61.46
03時44分01秒    1    2.63    0.00    2.63    0.00    0.00    1.32    0.00    0.00    0.00   93.42

03時44分01秒  CPU    %usr   %nice    %sys %iowait    %irq   %soft  %steal  %guest  %gnice   %idle
03時44分02秒    0   18.09    0.00   15.96    0.00    0.00    4.26    0.00    0.00    0.00   61.70
03時44分02秒    1    3.90    0.00    2.60    0.00    0.00    1.30    0.00    0.00    0.00   92.21

03時44分02秒  CPU    %usr   %nice    %sys %iowait    %irq   %soft  %steal  %guest  %gnice   %idle
03時44分03秒    0   17.89    0.00   15.79    0.00    0.00    4.21    0.00    0.00    0.00   62.11
03時44分03秒    1    5.26    0.00    1.32    0.00    0.00    1.32    0.00    0.00    0.00   92.11

03時44分03秒  CPU    %usr   %nice    %sys %iowait    %irq   %soft  %steal  %guest  %gnice   %idle
03時44分04秒    0   18.28    0.00   15.05    0.00    0.00    3.23    0.00    0.00    0.00   63.44
03時44分04秒    1    3.95    0.00    1.32    0.00    0.00    1.32    0.00    0.00    0.00   93.42

03時44分04秒  CPU    %usr   %nice    %sys %iowait    %irq   %soft  %steal  %guest  %gnice   %idle
03時44分05秒    0   17.89    0.00   16.84    0.00    0.00    3.16    0.00    0.00    0.00   62.11
03時44分05秒    1    3.95    0.00    1.32    0.00    0.00    2.63    0.00    0.00    0.00   92.11

03時44分05秒  CPU    %usr   %nice    %sys %iowait    %irq   %soft  %steal  %guest  %gnice   %idle
03時44分06秒    0   23.96    0.00   10.42    0.00    0.00    4.17    0.00    0.00    0.00   61.46
03時44分06秒    1    2.70    0.00    0.00    0.00    0.00    1.35    0.00    0.00    0.00   95.95

03時44分06秒  CPU    %usr   %nice    %sys %iowait    %irq   %soft  %steal  %guest  %gnice   %idle
03時44分07秒    0   21.28    0.00   13.83    0.00    0.00    3.19    0.00    0.00    0.00   61.70
03時44分07秒    1    6.58    0.00    1.32    0.00    0.00    1.32    0.00    0.00    0.00   90.79

03時44分07秒  CPU    %usr   %nice    %sys %iowait    %irq   %soft  %steal  %guest  %gnice   %idle
03時44分08秒    0   20.00    0.00   14.74    0.00    0.00    4.21    0.00    0.00    0.00   61.05
03時44分08秒    1    6.49    0.00    1.30    0.00    0.00    1.30    0.00    0.00    0.00   90.91

平均時間：  CPU    %usr   %nice    %sys %iowait    %irq   %soft  %steal  %guest  %gnice   %idle
平均時間：    0   19.48    0.00   14.84    0.00    0.05    3.70    0.00    0.00    0.00   61.93
平均時間：    1    4.61    0.00    1.56    0.00    0.03    1.49    0.00    0.00    0.00   92.31
