Linux 5.6.15-arch1-1 (archlinux) 	西元2020年06月29日 	_x86_64_	(12 CPU)

03時57分50秒  CPU    %usr   %nice    %sys %iowait    %irq   %soft  %steal  %guest  %gnice   %idle
03時57分51秒    0   20.83    0.00   13.54    0.00    0.00    4.17    0.00    0.00    0.00   61.46
03時57分51秒    1    2.63    0.00    2.63    0.00    0.00    1.32    0.00    0.00    0.00   93.42

03時57分51秒  CPU    %usr   %nice    %sys %iowait    %irq   %soft  %steal  %guest  %gnice   %idle
03時57分52秒    0   18.09    0.00   14.89    0.00    0.00    3.19    0.00    0.00    0.00   63.83
03時57分52秒    1    5.26    0.00    0.00    0.00    0.00    1.32    0.00    0.00    0.00   93.42

03時57分52秒  CPU    %usr   %nice    %sys %iowait    %irq   %soft  %steal  %guest  %gnice   %idle
03時57分53秒    0   16.67    0.00   17.71    0.00    0.00    3.12    0.00    0.00    0.00   62.50
03時57分53秒    1    1.32    0.00    1.32    0.00    1.32    1.32    0.00    0.00    0.00   94.74

03時57分53秒  CPU    %usr   %nice    %sys %iowait    %irq   %soft  %steal  %guest  %gnice   %idle
03時57分54秒    0   17.71    0.00   15.62    0.00    0.00    4.17    0.00    0.00    0.00   62.50
03時57分54秒    1    6.41    0.00    1.28    0.00    0.00    1.28    0.00    0.00    0.00   91.03

03時57分54秒  CPU    %usr   %nice    %sys %iowait    %irq   %soft  %steal  %guest  %gnice   %idle
03時57分55秒    0   18.95    0.00   15.79    0.00    0.00    3.16    0.00    0.00    0.00   62.11
03時57分55秒    1    4.05    0.00    1.35    0.00    0.00    1.35    0.00    0.00    0.00   93.24

03時57分55秒  CPU    %usr   %nice    %sys %iowait    %irq   %soft  %steal  %guest  %gnice   %idle
03時57分56秒    0   18.75    0.00   15.62    0.00    0.00    4.17    0.00    0.00    0.00   61.46
03時57分56秒    1    3.95    0.00    1.32    0.00    0.00    2.63    0.00    0.00    0.00   92.11

03時57分56秒  CPU    %usr   %nice    %sys %iowait    %irq   %soft  %steal  %guest  %gnice   %idle
03時57分57秒    0   18.09    0.00   14.89    0.00    0.00    3.19    0.00    0.00    0.00   63.83
03時57分57秒    1    8.97    0.00    1.28    0.00    0.00    1.28    0.00    0.00    0.00   88.46

03時57分57秒  CPU    %usr   %nice    %sys %iowait    %irq   %soft  %steal  %guest  %gnice   %idle
03時57分58秒    0   20.83    0.00   12.50    0.00    1.04    3.12    0.00    0.00    0.00   62.50
03時57分58秒    1    1.37    0.00    0.00    0.00    0.00    1.37    0.00    0.00    0.00   97.26

03時57分58秒  CPU    %usr   %nice    %sys %iowait    %irq   %soft  %steal  %guest  %gnice   %idle
03時57分59秒    0   16.84    0.00   15.79    0.00    0.00    4.21    0.00    0.00    0.00   63.16
03時57分59秒    1    6.49    0.00    1.30    0.00    0.00    2.60    0.00    0.00    0.00   89.61

03時57分59秒  CPU    %usr   %nice    %sys %iowait    %irq   %soft  %steal  %guest  %gnice   %idle
03時58分00秒    0   20.21    0.00   12.77    0.00    0.00    3.19    0.00    0.00    0.00   63.83
03時58分00秒    1    2.67    0.00    0.00    0.00    0.00    1.33    0.00    0.00    0.00   96.00

03時58分00秒  CPU    %usr   %nice    %sys %iowait    %irq   %soft  %steal  %guest  %gnice   %idle
03時58分01秒    0   21.05    0.00   12.63    0.00    0.00    3.16    0.00    0.00    0.00   63.16
03時58分01秒    1    3.95    0.00    1.32    0.00    0.00    1.32    0.00    0.00    0.00   93.42

03時58分01秒  CPU    %usr   %nice    %sys %iowait    %irq   %soft  %steal  %guest  %gnice   %idle
03時58分02秒    0   18.75    0.00   14.58    0.00    0.00    4.17    0.00    0.00    0.00   62.50
03時58分02秒    1    3.85    0.00    2.56    0.00    0.00    2.56    0.00    0.00    0.00   91.03

03時58分02秒  CPU    %usr   %nice    %sys %iowait    %irq   %soft  %steal  %guest  %gnice   %idle
03時58分03秒    0   19.15    0.00   14.89    0.00    0.00    3.19    0.00    0.00    0.00   62.77
03時58分03秒    1    3.95    0.00    1.32    0.00    0.00    1.32    0.00    0.00    0.00   93.42

03時58分03秒  CPU    %usr   %nice    %sys %iowait    %irq   %soft  %steal  %guest  %gnice   %idle
03時58分04秒    0   21.43    0.00   13.27    0.00    0.00    4.08    0.00    0.00    0.00   61.22
03時58分04秒    1    3.90    0.00    1.30    0.00    0.00    1.30    0.00    0.00    0.00   93.51

03時58分04秒  CPU    %usr   %nice    %sys %iowait    %irq   %soft  %steal  %guest  %gnice   %idle
03時58分05秒    0   16.84    0.00   15.79    0.00    0.00    3.16    0.00    0.00    0.00   64.21
03時58分05秒    1    5.19    0.00    1.30    0.00    0.00    1.30    0.00    0.00    0.00   92.21

03時58分05秒  CPU    %usr   %nice    %sys %iowait    %irq   %soft  %steal  %guest  %gnice   %idle
03時58分06秒    0   21.05    0.00   13.68    0.00    0.00    3.16    0.00    0.00    0.00   62.11
03時58分06秒    1    3.95    0.00    1.32    0.00    0.00    1.32    0.00    0.00    0.00   93.42

03時58分06秒  CPU    %usr   %nice    %sys %iowait    %irq   %soft  %steal  %guest  %gnice   %idle
03時58分07秒    0   19.59    0.00   15.46    0.00    0.00    4.12    0.00    0.00    0.00   60.82
03時58分07秒    1    1.33    0.00    1.33    0.00    0.00    1.33    0.00    0.00    0.00   96.00

03時58分07秒  CPU    %usr   %nice    %sys %iowait    %irq   %soft  %steal  %guest  %gnice   %idle
03時58分08秒    0   17.02    0.00   15.96    0.00    0.00    3.19    0.00    0.00    0.00   63.83
03時58分08秒    1    5.26    0.00    0.00    0.00    0.00    1.32    0.00    0.00    0.00   93.42

03時58分08秒  CPU    %usr   %nice    %sys %iowait    %irq   %soft  %steal  %guest  %gnice   %idle
03時58分09秒    0   18.75    0.00   15.62    0.00    0.00    4.17    0.00    0.00    0.00   61.46
03時58分09秒    1    2.67    0.00    1.33    0.00    0.00    1.33    0.00    0.00    0.00   94.67

03時58分09秒  CPU    %usr   %nice    %sys %iowait    %irq   %soft  %steal  %guest  %gnice   %idle
03時58分10秒    0   18.95    0.00   14.74    0.00    0.00    3.16    0.00    0.00    0.00   63.16
03時58分10秒    1    2.63    0.00    2.63    0.00    0.00    1.32    0.00    0.00    0.00   93.42

03時58分10秒  CPU    %usr   %nice    %sys %iowait    %irq   %soft  %steal  %guest  %gnice   %idle
03時58分11秒    0   20.00    0.00   14.74    0.00    0.00    3.16    0.00    0.00    0.00   62.11
03時58分11秒    1    4.00    0.00    1.33    0.00    0.00    1.33    0.00    0.00    0.00   93.33

03時58分11秒  CPU    %usr   %nice    %sys %iowait    %irq   %soft  %steal  %guest  %gnice   %idle
03時58分12秒    0   23.16    0.00   11.58    0.00    0.00    4.21    0.00    0.00    0.00   61.05
03時58分12秒    1    2.63    0.00    2.63    0.00    0.00    1.32    0.00    0.00    0.00   93.42

03時58分12秒  CPU    %usr   %nice    %sys %iowait    %irq   %soft  %steal  %guest  %gnice   %idle
03時58分13秒    0   17.71    0.00   17.71    0.00    0.00    3.12    0.00    0.00    0.00   61.46
03時58分13秒    1    3.95    0.00    1.32    0.00    0.00    1.32    0.00    0.00    0.00   93.42

03時58分13秒  CPU    %usr   %nice    %sys %iowait    %irq   %soft  %steal  %guest  %gnice   %idle
03時58分14秒    0   20.62    0.00   12.37    0.00    1.03    4.12    0.00    0.00    0.00   61.86
03時58分14秒    1    3.95    0.00    1.32    0.00    0.00    1.32    0.00    0.00    0.00   93.42

03時58分14秒  CPU    %usr   %nice    %sys %iowait    %irq   %soft  %steal  %guest  %gnice   %idle
03時58分15秒    0   15.96    0.00   18.09    0.00    0.00    3.19    0.00    0.00    0.00   62.77
03時58分15秒    1    5.41    0.00    0.00    0.00    0.00    1.35    0.00    0.00    0.00   93.24

03時58分15秒  CPU    %usr   %nice    %sys %iowait    %irq   %soft  %steal  %guest  %gnice   %idle
03時58分16秒    0   19.15    0.00   13.83    0.00    0.00    3.19    0.00    0.00    0.00   63.83
03時58分16秒    1    1.37    0.00    0.00    0.00    0.00    1.37    0.00    0.00    0.00   97.26

03時58分16秒  CPU    %usr   %nice    %sys %iowait    %irq   %soft  %steal  %guest  %gnice   %idle
03時58分17秒    0   17.20    0.00   13.98    0.00    0.00    4.30    0.00    0.00    0.00   64.52
03時58分17秒    1    1.33    0.00    1.33    0.00    0.00    1.33    0.00    0.00    0.00   96.00

03時58分17秒  CPU    %usr   %nice    %sys %iowait    %irq   %soft  %steal  %guest  %gnice   %idle
03時58分18秒    0   18.95    0.00   15.79    0.00    0.00    3.16    0.00    0.00    0.00   62.11
03時58分18秒    1    5.26    0.00    0.00    0.00    1.32    1.32    0.00    0.00    0.00   92.11

03時58分18秒  CPU    %usr   %nice    %sys %iowait    %irq   %soft  %steal  %guest  %gnice   %idle
03時58分19秒    0   21.65    0.00   12.37    0.00    0.00    4.12    0.00    0.00    0.00   61.86
03時58分19秒    1    5.26    0.00    1.32    0.00    0.00    1.32    0.00    0.00    0.00   92.11

03時58分19秒  CPU    %usr   %nice    %sys %iowait    %irq   %soft  %steal  %guest  %gnice   %idle
03時58分20秒    0   15.79    0.00   17.89    0.00    0.00    3.16    0.00    0.00    0.00   63.16
03時58分20秒    1    2.63    0.00    1.32    0.00    0.00    2.63    0.00    0.00    0.00   93.42

03時58分20秒  CPU    %usr   %nice    %sys %iowait    %irq   %soft  %steal  %guest  %gnice   %idle
03時58分21秒    0   19.15    0.00   13.83    0.00    0.00    3.19    0.00    0.00    0.00   63.83
03時58分21秒    1    3.95    0.00    1.32    0.00    0.00    1.32    0.00    0.00    0.00   93.42

03時58分21秒  CPU    %usr   %nice    %sys %iowait    %irq   %soft  %steal  %guest  %gnice   %idle
03時58分22秒    0   18.56    0.00   15.46    0.00    0.00    4.12    0.00    0.00    0.00   61.86
03時58分22秒    1    3.95    0.00    0.00    0.00    0.00    1.32    0.00    0.00    0.00   94.74

03時58分22秒  CPU    %usr   %nice    %sys %iowait    %irq   %soft  %steal  %guest  %gnice   %idle
03時58分23秒    0   21.28    0.00   11.70    0.00    0.00    3.19    0.00    0.00    0.00   63.83
03時58分23秒    1    2.74    0.00    0.00    0.00    0.00    1.37    0.00    0.00    0.00   95.89

03時58分23秒  CPU    %usr   %nice    %sys %iowait    %irq   %soft  %steal  %guest  %gnice   %idle
03時58分24秒    0   21.05    0.00   12.63    0.00    0.00    3.16    0.00    0.00    0.00   63.16
03時58分24秒    1    3.85    0.00    1.28    0.00    0.00    2.56    0.00    0.00    0.00   92.31

03時58分24秒  CPU    %usr   %nice    %sys %iowait    %irq   %soft  %steal  %guest  %gnice   %idle
03時58分25秒    0   17.71    0.00   16.67    0.00    0.00    4.17    0.00    0.00    0.00   61.46
03時58分25秒    1    4.00    0.00    1.33    0.00    0.00    1.33    0.00    0.00    0.00   93.33

03時58分25秒  CPU    %usr   %nice    %sys %iowait    %irq   %soft  %steal  %guest  %gnice   %idle
03時58分26秒    0   22.11    0.00   12.63    0.00    0.00    3.16    0.00    0.00    0.00   62.11
03時58分26秒    1    5.13    0.00    2.56    0.00    0.00    1.28    0.00    0.00    0.00   91.03

03時58分26秒  CPU    %usr   %nice    %sys %iowait    %irq   %soft  %steal  %guest  %gnice   %idle
03時58分27秒    0   19.15    0.00   12.77    0.00    0.00    4.26    0.00    0.00    0.00   63.83
03時58分27秒    1    8.86    0.00    1.27    0.00    1.27    1.27    0.00    0.00    0.00   87.34

03時58分27秒  CPU    %usr   %nice    %sys %iowait    %irq   %soft  %steal  %guest  %gnice   %idle
03時58分28秒    0   19.79    0.00   14.58    0.00    0.00    3.12    0.00    0.00    0.00   62.50
03時58分28秒    1    2.70    0.00    0.00    0.00    0.00    1.35    0.00    0.00    0.00   95.95

03時58分28秒  CPU    %usr   %nice    %sys %iowait    %irq   %soft  %steal  %guest  %gnice   %idle
03時58分29秒    0   16.84    0.00   16.84    0.00    1.05    3.16    0.00    0.00    0.00   62.11
03時58分29秒    1    5.26    0.00    1.32    0.00    0.00    1.32    0.00    0.00    0.00   92.11

03時58分29秒  CPU    %usr   %nice    %sys %iowait    %irq   %soft  %steal  %guest  %gnice   %idle
03時58分30秒    0   17.53    0.00   16.49    0.00    0.00    4.12    0.00    0.00    0.00   61.86
03時58分30秒    1    3.90    0.00    1.30    0.00    0.00    1.30    0.00    0.00    0.00   93.51

03時58分30秒  CPU    %usr   %nice    %sys %iowait    %irq   %soft  %steal  %guest  %gnice   %idle
03時58分31秒    0   20.00    0.00   14.74    0.00    0.00    3.16    0.00    0.00    0.00   62.11
03時58分31秒    1    2.60    0.00    3.90    0.00    0.00    1.30    0.00    0.00    0.00   92.21

03時58分31秒  CPU    %usr   %nice    %sys %iowait    %irq   %soft  %steal  %guest  %gnice   %idle
03時58分32秒    0   19.79    0.00   13.54    0.00    0.00    4.17    0.00    0.00    0.00   62.50
03時58分32秒    1    3.90    0.00    1.30    0.00    0.00    1.30    0.00    0.00    0.00   93.51

03時58分32秒  CPU    %usr   %nice    %sys %iowait    %irq   %soft  %steal  %guest  %gnice   %idle
03時58分33秒    0   21.88    0.00   13.54    0.00    0.00    3.12    0.00    0.00    0.00   61.46
03時58分33秒    1    2.67    0.00    2.67    0.00    0.00    1.33    0.00    0.00    0.00   93.33

03時58分33秒  CPU    %usr   %nice    %sys %iowait    %irq   %soft  %steal  %guest  %gnice   %idle
03時58分34秒    0   20.43    0.00   11.83    0.00    0.00    3.23    0.00    0.00    0.00   64.52
03時58分34秒    1    2.56    0.00    2.56    0.00    0.00    2.56    0.00    0.00    0.00   92.31

03時58分34秒  CPU    %usr   %nice    %sys %iowait    %irq   %soft  %steal  %guest  %gnice   %idle
03時58分35秒    0   17.71    0.00   16.67    0.00    0.00    4.17    0.00    0.00    0.00   61.46
03時58分35秒    1    6.58    0.00    0.00    0.00    0.00    1.32    0.00    0.00    0.00   92.11

03時58分35秒  CPU    %usr   %nice    %sys %iowait    %irq   %soft  %steal  %guest  %gnice   %idle
03時58分36秒    0   18.09    0.00   15.96    0.00    0.00    3.19    0.00    0.00    0.00   62.77
03時58分36秒    1    1.35    0.00    1.35    0.00    0.00    1.35    0.00    0.00    0.00   95.95

03時58分36秒  CPU    %usr   %nice    %sys %iowait    %irq   %soft  %steal  %guest  %gnice   %idle
03時58分37秒    0   19.15    0.00   14.89    0.00    0.00    3.19    0.00    0.00    0.00   62.77
03時58分37秒    1    5.26    0.00    1.32    0.00    0.00    1.32    0.00    0.00    0.00   92.11

03時58分37秒  CPU    %usr   %nice    %sys %iowait    %irq   %soft  %steal  %guest  %gnice   %idle
03時58分38秒    0   16.67    0.00   16.67    0.00    0.00    4.17    0.00    0.00    0.00   62.50
03時58分38秒    1    3.95    0.00    1.32    0.00    0.00    1.32    0.00    0.00    0.00   93.42

03時58分38秒  CPU    %usr   %nice    %sys %iowait    %irq   %soft  %steal  %guest  %gnice   %idle
03時58分39秒    0   22.11    0.00   14.74    0.00    0.00    3.16    0.00    0.00    0.00   60.00
03時58分39秒    1    5.19    0.00    1.30    0.00    0.00    1.30    0.00    0.00    0.00   92.21

03時58分39秒  CPU    %usr   %nice    %sys %iowait    %irq   %soft  %steal  %guest  %gnice   %idle
03時58分40秒    0   16.84    0.00   15.79    0.00    0.00    4.21    0.00    0.00    0.00   63.16
03時58分40秒    1    2.67    0.00    1.33    0.00    0.00    1.33    0.00    0.00    0.00   94.67

03時58分40秒  CPU    %usr   %nice    %sys %iowait    %irq   %soft  %steal  %guest  %gnice   %idle
03時58分41秒    0   18.75    0.00   15.62    0.00    0.00    3.12    0.00    0.00    0.00   62.50
03時58分41秒    1    1.33    0.00    1.33    0.00    0.00    1.33    0.00    0.00    0.00   96.00

03時58分41秒  CPU    %usr   %nice    %sys %iowait    %irq   %soft  %steal  %guest  %gnice   %idle
03時58分42秒    0   21.28    0.00   11.70    0.00    0.00    3.19    0.00    0.00    0.00   63.83
03時58分42秒    1    2.70    0.00    0.00    0.00    0.00    1.35    0.00    0.00    0.00   95.95

03時58分42秒  CPU    %usr   %nice    %sys %iowait    %irq   %soft  %steal  %guest  %gnice   %idle
03時58分43秒    0   16.67    0.00   16.67    0.00    0.00    4.17    0.00    0.00    0.00   62.50
03時58分43秒    1    1.35    0.00    1.35    0.00    0.00    1.35    0.00    0.00    0.00   95.95

03時58分43秒  CPU    %usr   %nice    %sys %iowait    %irq   %soft  %steal  %guest  %gnice   %idle
03時58分44秒    0   19.59    0.00   14.43    0.00    1.03    3.09    0.00    0.00    0.00   61.86
03時58分44秒    1    6.41    0.00    1.28    0.00    0.00    1.28    0.00    0.00    0.00   91.03

03時58分44秒  CPU    %usr   %nice    %sys %iowait    %irq   %soft  %steal  %guest  %gnice   %idle
03時58分45秒    0   19.79    0.00   14.58    0.00    0.00    4.17    0.00    0.00    0.00   61.46
03時58分45秒    1    5.19    0.00    1.30    0.00    0.00    1.30    0.00    0.00    0.00   92.21

03時58分45秒  CPU    %usr   %nice    %sys %iowait    %irq   %soft  %steal  %guest  %gnice   %idle
03時58分46秒    0   20.21    0.00   13.83    0.00    0.00    3.19    0.00    0.00    0.00   62.77
03時58分46秒    1    2.63    0.00    1.32    0.00    0.00    1.32    0.00    0.00    0.00   94.74

03時58分46秒  CPU    %usr   %nice    %sys %iowait    %irq   %soft  %steal  %guest  %gnice   %idle
03時58分47秒    0   19.39    0.00   15.31    0.00    0.00    3.06    0.00    0.00    0.00   62.24
03時58分47秒    1    1.33    0.00    1.33    0.00    0.00    1.33    0.00    0.00    0.00   96.00

03時58分47秒  CPU    %usr   %nice    %sys %iowait    %irq   %soft  %steal  %guest  %gnice   %idle
03時58分48秒    0   21.65    0.00   12.37    0.00    0.00    4.12    0.00    0.00    0.00   61.86
03時58分48秒    1    3.95    0.00    1.32    0.00    0.00    1.32    0.00    0.00    0.00   93.42

03時58分48秒  CPU    %usr   %nice    %sys %iowait    %irq   %soft  %steal  %guest  %gnice   %idle
03時58分49秒    0   16.30    0.00   16.30    0.00    0.00    3.26    0.00    0.00    0.00   64.13
03時58分49秒    1    2.67    0.00    0.00    0.00    0.00    1.33    0.00    0.00    0.00   96.00

03時58分49秒  CPU    %usr   %nice    %sys %iowait    %irq   %soft  %steal  %guest  %gnice   %idle
03時58分50秒    0   19.15    0.00   13.83    0.00    0.00    3.19    0.00    0.00    0.00   63.83
03時58分50秒    1    5.26    0.00    0.00    0.00    0.00    1.32    0.00    0.00    0.00   93.42

03時58分50秒  CPU    %usr   %nice    %sys %iowait    %irq   %soft  %steal  %guest  %gnice   %idle
03時58分51秒    0   18.56    0.00   15.46    0.00    0.00    4.12    0.00    0.00    0.00   61.86
03時58分51秒    1    5.19    0.00    1.30    0.00    0.00    1.30    0.00    0.00    0.00   92.21

03時58分51秒  CPU    %usr   %nice    %sys %iowait    %irq   %soft  %steal  %guest  %gnice   %idle
03時58分52秒    0   20.00    0.00   13.68    0.00    0.00    3.16    0.00    0.00    0.00   63.16
03時58分52秒    1    5.13    0.00    1.28    0.00    0.00    1.28    0.00    0.00    0.00   92.31

03時58分52秒  CPU    %usr   %nice    %sys %iowait    %irq   %soft  %steal  %guest  %gnice   %idle
03時58分53秒    0   18.56    0.00   15.46    0.00    0.00    3.09    0.00    0.00    0.00   62.89
03時58分53秒    1    3.95    0.00    1.32    0.00    0.00    1.32    0.00    0.00    0.00   93.42

03時58分53秒  CPU    %usr   %nice    %sys %iowait    %irq   %soft  %steal  %guest  %gnice   %idle
03時58分54秒    0   20.83    0.00   13.54    0.00    0.00    4.17    0.00    0.00    0.00   61.46
03時58分54秒    1    5.13    0.00    1.28    0.00    1.28    1.28    0.00    0.00    0.00   91.03

03時58分54秒  CPU    %usr   %nice    %sys %iowait    %irq   %soft  %steal  %guest  %gnice   %idle
03時58分55秒    0   20.43    0.00   15.05    0.00    0.00    3.23    0.00    0.00    0.00   61.29
03時58分55秒    1    2.63    0.00    1.32    0.00    0.00    1.32    0.00    0.00    0.00   94.74

03時58分55秒  CPU    %usr   %nice    %sys %iowait    %irq   %soft  %steal  %guest  %gnice   %idle
03時58分56秒    0   17.53    0.00   15.46    0.00    0.00    4.12    0.00    0.00    0.00   62.89
03時58分56秒    1    5.19    0.00    1.30    0.00    0.00    1.30    0.00    0.00    0.00   92.21

03時58分56秒  CPU    %usr   %nice    %sys %iowait    %irq   %soft  %steal  %guest  %gnice   %idle
03時58分57秒    0   18.75    0.00   15.62    0.00    0.00    3.12    0.00    0.00    0.00   62.50
03時58分57秒    1    4.00    0.00    0.00    0.00    0.00    1.33    0.00    0.00    0.00   94.67

03時58分57秒  CPU    %usr   %nice    %sys %iowait    %irq   %soft  %steal  %guest  %gnice   %idle
03時58分58秒    0   21.05    0.00   12.63    0.00    0.00    3.16    0.00    0.00    0.00   63.16
03時58分58秒    1    5.19    0.00    1.30    0.00    0.00    1.30    0.00    0.00    0.00   92.21

03時58分58秒  CPU    %usr   %nice    %sys %iowait    %irq   %soft  %steal  %guest  %gnice   %idle
03時58分59秒    0   18.09    0.00   13.83    0.00    1.06    4.26    0.00    0.00    0.00   62.77
03時58分59秒    1    2.70    0.00    0.00    0.00    0.00    1.35    0.00    0.00    0.00   95.95

03時58分59秒  CPU    %usr   %nice    %sys %iowait    %irq   %soft  %steal  %guest  %gnice   %idle
03時59分00秒    0   18.95    0.00   14.74    0.00    0.00    3.16    0.00    0.00    0.00   63.16
03時59分00秒    1    5.06    0.00    2.53    0.00    0.00    1.27    0.00    0.00    0.00   91.14

03時59分00秒  CPU    %usr   %nice    %sys %iowait    %irq   %soft  %steal  %guest  %gnice   %idle
03時59分01秒    0   19.59    0.00   14.43    0.00    0.00    4.12    0.00    0.00    0.00   61.86
03時59分01秒    1    6.49    0.00    1.30    0.00    0.00    1.30    0.00    0.00    0.00   90.91

03時59分01秒  CPU    %usr   %nice    %sys %iowait    %irq   %soft  %steal  %guest  %gnice   %idle
03時59分02秒    0   18.95    0.00   14.74    0.00    0.00    3.16    0.00    0.00    0.00   63.16
03時59分02秒    1    3.90    0.00    1.30    0.00    0.00    1.30    0.00    0.00    0.00   93.51

03時59分02秒  CPU    %usr   %nice    %sys %iowait    %irq   %soft  %steal  %guest  %gnice   %idle
03時59分03秒    0   20.00    0.00   14.74    0.00    0.00    3.16    0.00    0.00    0.00   62.11
03時59分03秒    1    3.95    0.00    2.63    0.00    0.00    1.32    0.00    0.00    0.00   92.11

03時59分03秒  CPU    %usr   %nice    %sys %iowait    %irq   %soft  %steal  %guest  %gnice   %idle
03時59分04秒    0   17.20    0.00   17.20    0.00    0.00    4.30    0.00    0.00    0.00   61.29
03時59分04秒    1    3.85    0.00    2.56    0.00    0.00    1.28    0.00    0.00    0.00   92.31

03時59分04秒  CPU    %usr   %nice    %sys %iowait    %irq   %soft  %steal  %guest  %gnice   %idle
03時59分05秒    0   19.79    0.00   14.58    0.00    0.00    3.12    0.00    0.00    0.00   62.50
03時59分05秒    1    3.95    0.00    1.32    0.00    0.00    1.32    0.00    0.00    0.00   93.42

03時59分05秒  CPU    %usr   %nice    %sys %iowait    %irq   %soft  %steal  %guest  %gnice   %idle
03時59分06秒    0   16.84    0.00   16.84    0.00    0.00    4.21    0.00    0.00    0.00   62.11
03時59分06秒    1    3.95    0.00    1.32    0.00    0.00    1.32    0.00    0.00    0.00   93.42

03時59分06秒  CPU    %usr   %nice    %sys %iowait    %irq   %soft  %steal  %guest  %gnice   %idle
03時59分07秒    0   19.79    0.00   14.58    0.00    0.00    3.12    0.00    0.00    0.00   62.50
03時59分07秒    1    5.26    0.00    0.00    0.00    0.00    1.32    0.00    0.00    0.00   93.42

03時59分07秒  CPU    %usr   %nice    %sys %iowait    %irq   %soft  %steal  %guest  %gnice   %idle
03時59分08秒    0   21.88    0.00   12.50    0.00    0.00    3.12    0.00    0.00    0.00   62.50
03時59分08秒    1    3.95    0.00    0.00    0.00    0.00    1.32    0.00    0.00    0.00   94.74

03時59分08秒  CPU    %usr   %nice    %sys %iowait    %irq   %soft  %steal  %guest  %gnice   %idle
03時59分09秒    0   17.89    0.00   14.74    0.00    0.00    4.21    0.00    0.00    0.00   63.16
03時59分09秒    1    1.33    0.00    1.33    0.00    0.00    1.33    0.00    0.00    0.00   96.00

03時59分09秒  CPU    %usr   %nice    %sys %iowait    %irq   %soft  %steal  %guest  %gnice   %idle
03時59分10秒    0   20.83    0.00   13.54    0.00    0.00    3.12    0.00    0.00    0.00   62.50
03時59分10秒    1    5.19    0.00    1.30    0.00    0.00    1.30    0.00    0.00    0.00   92.21

03時59分10秒  CPU    %usr   %nice    %sys %iowait    %irq   %soft  %steal  %guest  %gnice   %idle
03時59分11秒    0   23.16    0.00   11.58    0.00    0.00    3.16    0.00    0.00    0.00   62.11
03時59分11秒    1    3.95    0.00    1.32    0.00    0.00    1.32    0.00    0.00    0.00   93.42

03時59分11秒  CPU    %usr   %nice    %sys %iowait    %irq   %soft  %steal  %guest  %gnice   %idle
03時59分12秒    0   18.37    0.00   16.33    0.00    0.00    4.08    0.00    0.00    0.00   61.22
03時59分12秒    1    3.90    0.00    2.60    0.00    0.00    1.30    0.00    0.00    0.00   92.21

03時59分12秒  CPU    %usr   %nice    %sys %iowait    %irq   %soft  %steal  %guest  %gnice   %idle
03時59分13秒    0   21.05    0.00   13.68    0.00    0.00    3.16    0.00    0.00    0.00   62.11
03時59分13秒    1    6.41    0.00    1.28    0.00    0.00    2.56    0.00    0.00    0.00   89.74

03時59分13秒  CPU    %usr   %nice    %sys %iowait    %irq   %soft  %steal  %guest  %gnice   %idle
03時59分14秒    0   19.79    0.00   12.50    0.00    1.04    4.17    0.00    0.00    0.00   62.50
03時59分14秒    1    2.63    0.00    1.32    0.00    0.00    1.32    0.00    0.00    0.00   94.74

03時59分14秒  CPU    %usr   %nice    %sys %iowait    %irq   %soft  %steal  %guest  %gnice   %idle
03時59分15秒    0   19.79    0.00   14.58    0.00    0.00    3.12    0.00    0.00    0.00   62.50
03時59分15秒    1    2.63    0.00    1.32    0.00    0.00    1.32    0.00    0.00    0.00   94.74

03時59分15秒  CPU    %usr   %nice    %sys %iowait    %irq   %soft  %steal  %guest  %gnice   %idle
03時59分16秒    0   16.13    0.00   17.20    0.00    0.00    3.23    0.00    0.00    0.00   63.44
03時59分16秒    1    5.26    0.00    1.32    0.00    0.00    1.32    0.00    0.00    0.00   92.11

03時59分16秒  CPU    %usr   %nice    %sys %iowait    %irq   %soft  %steal  %guest  %gnice   %idle
03時59分17秒    0   20.00    0.00   14.74    0.00    0.00    4.21    0.00    0.00    0.00   61.05
03時59分17秒    1    3.95    0.00    1.32    0.00    0.00    1.32    0.00    0.00    0.00   93.42

03時59分17秒  CPU    %usr   %nice    %sys %iowait    %irq   %soft  %steal  %guest  %gnice   %idle
03時59分18秒    0   18.75    0.00   15.62    0.00    0.00    3.12    0.00    0.00    0.00   62.50
03時59分18秒    1    5.33    0.00    0.00    0.00    0.00    1.33    0.00    0.00    0.00   93.33

03時59分18秒  CPU    %usr   %nice    %sys %iowait    %irq   %soft  %steal  %guest  %gnice   %idle
03時59分19秒    0   18.95    0.00   14.74    0.00    0.00    4.21    0.00    0.00    0.00   62.11
03時59分19秒    1    3.90    0.00    2.60    0.00    0.00    1.30    0.00    0.00    0.00   92.21

03時59分19秒  CPU    %usr   %nice    %sys %iowait    %irq   %soft  %steal  %guest  %gnice   %idle
03時59分20秒    0   18.09    0.00   15.96    0.00    0.00    3.19    0.00    0.00    0.00   62.77
03時59分20秒    1    3.95    0.00    1.32    0.00    0.00    1.32    0.00    0.00    0.00   93.42

03時59分20秒  CPU    %usr   %nice    %sys %iowait    %irq   %soft  %steal  %guest  %gnice   %idle
03時59分21秒    0   19.39    0.00   14.29    0.00    0.00    4.08    0.00    0.00    0.00   62.24
03時59分21秒    1    3.90    0.00    1.30    0.00    1.30    1.30    0.00    0.00    0.00   92.21

03時59分21秒  CPU    %usr   %nice    %sys %iowait    %irq   %soft  %steal  %guest  %gnice   %idle
03時59分22秒    0   15.79    0.00   18.95    0.00    0.00    3.16    0.00    0.00    0.00   62.11
03時59分22秒    1    5.19    0.00    1.30    0.00    0.00    1.30    0.00    0.00    0.00   92.21

03時59分22秒  CPU    %usr   %nice    %sys %iowait    %irq   %soft  %steal  %guest  %gnice   %idle
03時59分23秒    0   17.20    0.00   15.05    0.00    0.00    3.23    0.00    0.00    0.00   64.52
03時59分23秒    1    6.67    0.00    0.00    0.00    0.00    1.33    0.00    0.00    0.00   92.00

03時59分23秒  CPU    %usr   %nice    %sys %iowait    %irq   %soft  %steal  %guest  %gnice   %idle
03時59分24秒    0   16.49    0.00   17.53    0.00    0.00    4.12    0.00    0.00    0.00   61.86
03時59分24秒    1    2.60    0.00    2.60    0.00    0.00    1.30    0.00    0.00    0.00   93.51

03時59分24秒  CPU    %usr   %nice    %sys %iowait    %irq   %soft  %steal  %guest  %gnice   %idle
03時59分25秒    0   19.15    0.00   14.89    0.00    0.00    3.19    0.00    0.00    0.00   62.77
03時59分25秒    1    5.26    0.00    1.32    0.00    0.00    1.32    0.00    0.00    0.00   92.11

03時59分25秒  CPU    %usr   %nice    %sys %iowait    %irq   %soft  %steal  %guest  %gnice   %idle
03時59分26秒    0   18.95    0.00   14.74    0.00    0.00    3.16    0.00    0.00    0.00   63.16
03時59分26秒    1    2.67    0.00    0.00    0.00    0.00    1.33    0.00    0.00    0.00   96.00

03時59分26秒  CPU    %usr   %nice    %sys %iowait    %irq   %soft  %steal  %guest  %gnice   %idle
03時59分27秒    0   19.59    0.00   13.40    0.00    0.00    4.12    0.00    0.00    0.00   62.89
03時59分27秒    1    3.90    0.00    2.60    0.00    0.00    1.30    0.00    0.00    0.00   92.21

03時59分27秒  CPU    %usr   %nice    %sys %iowait    %irq   %soft  %steal  %guest  %gnice   %idle
03時59分28秒    0   15.22    0.00   17.39    0.00    0.00    3.26    0.00    0.00    0.00   64.13
03時59分28秒    1    1.32    0.00    2.63    0.00    0.00    1.32    0.00    0.00    0.00   94.74

03時59分28秒  CPU    %usr   %nice    %sys %iowait    %irq   %soft  %steal  %guest  %gnice   %idle
03時59分29秒    0   21.43    0.00   12.24    0.00    1.02    4.08    0.00    0.00    0.00   61.22
03時59分29秒    1    5.26    0.00    0.00    0.00    0.00    1.32    0.00    0.00    0.00   93.42

03時59分29秒  CPU    %usr   %nice    %sys %iowait    %irq   %soft  %steal  %guest  %gnice   %idle
03時59分30秒    0   15.96    0.00   18.09    0.00    0.00    3.19    0.00    0.00    0.00   62.77
03時59分30秒    1    2.67    0.00    1.33    0.00    0.00    1.33    0.00    0.00    0.00   94.67

03時59分30秒  CPU    %usr   %nice    %sys %iowait    %irq   %soft  %steal  %guest  %gnice   %idle
03時59分31秒    0   22.92    0.00   12.50    0.00    0.00    3.12    0.00    0.00    0.00   61.46
03時59分31秒    1    2.63    0.00    1.32    0.00    0.00    1.32    0.00    0.00    0.00   94.74

03時59分31秒  CPU    %usr   %nice    %sys %iowait    %irq   %soft  %steal  %guest  %gnice   %idle
03時59分32秒    0   15.62    0.00   17.71    0.00    0.00    4.17    0.00    0.00    0.00   62.50
03時59分32秒    1    2.63    0.00    1.32    0.00    0.00    1.32    0.00    0.00    0.00   94.74

03時59分32秒  CPU    %usr   %nice    %sys %iowait    %irq   %soft  %steal  %guest  %gnice   %idle
03時59分33秒    0   22.92    0.00   11.46    0.00    0.00    3.12    0.00    0.00    0.00   62.50
03時59分33秒    1    2.70    0.00    0.00    0.00    0.00    1.35    0.00    0.00    0.00   95.95

03時59分33秒  CPU    %usr   %nice    %sys %iowait    %irq   %soft  %steal  %guest  %gnice   %idle
03時59分34秒    0   18.09    0.00   14.89    0.00    0.00    3.19    0.00    0.00    0.00   63.83
03時59分34秒    1    3.95    0.00    1.32    0.00    0.00    1.32    0.00    0.00    0.00   93.42

03時59分34秒  CPU    %usr   %nice    %sys %iowait    %irq   %soft  %steal  %guest  %gnice   %idle
03時59分35秒    0   17.71    0.00   16.67    0.00    0.00    4.17    0.00    0.00    0.00   61.46
03時59分35秒    1    2.63    0.00    2.63    0.00    0.00    1.32    0.00    0.00    0.00   93.42

03時59分35秒  CPU    %usr   %nice    %sys %iowait    %irq   %soft  %steal  %guest  %gnice   %idle
03時59分36秒    0   20.83    0.00   13.54    0.00    0.00    3.12    0.00    0.00    0.00   62.50
03時59分36秒    1    3.95    0.00    1.32    0.00    0.00    1.32    0.00    0.00    0.00   93.42

03時59分36秒  CPU    %usr   %nice    %sys %iowait    %irq   %soft  %steal  %guest  %gnice   %idle
03時59分37秒    0   17.89    0.00   15.79    0.00    0.00    4.21    0.00    0.00    0.00   62.11
03時59分37秒    1    5.19    0.00    0.00    0.00    0.00    1.30    0.00    0.00    0.00   93.51

03時59分37秒  CPU    %usr   %nice    %sys %iowait    %irq   %soft  %steal  %guest  %gnice   %idle
03時59分38秒    0   15.79    0.00   17.89    0.00    0.00    3.16    0.00    0.00    0.00   63.16
03時59分38秒    1    5.19    0.00    1.30    0.00    0.00    1.30    0.00    0.00    0.00   92.21

03時59分38秒  CPU    %usr   %nice    %sys %iowait    %irq   %soft  %steal  %guest  %gnice   %idle
03時59分39秒    0   20.62    0.00   14.43    0.00    0.00    3.09    0.00    0.00    0.00   61.86
03時59分39秒    1    4.00    0.00    1.33    0.00    0.00    1.33    0.00    0.00    0.00   93.33

03時59分39秒  CPU    %usr   %nice    %sys %iowait    %irq   %soft  %steal  %guest  %gnice   %idle
03時59分40秒    0   17.89    0.00   15.79    0.00    0.00    4.21    0.00    0.00    0.00   62.11
03時59分40秒    1    6.33    0.00    2.53    0.00    0.00    1.27    0.00    0.00    0.00   89.87

03時59分40秒  CPU    %usr   %nice    %sys %iowait    %irq   %soft  %steal  %guest  %gnice   %idle
03時59分41秒    0   16.84    0.00   16.84    0.00    0.00    3.16    0.00    0.00    0.00   63.16
03時59分41秒    1    1.33    0.00    1.33    0.00    0.00    1.33    0.00    0.00    0.00   96.00

03時59分41秒  CPU    %usr   %nice    %sys %iowait    %irq   %soft  %steal  %guest  %gnice   %idle
03時59分42秒    0   20.00    0.00   14.74    0.00    0.00    3.16    0.00    0.00    0.00   62.11
03時59分42秒    1    3.95    0.00    1.32    0.00    0.00    1.32    0.00    0.00    0.00   93.42

03時59分42秒  CPU    %usr   %nice    %sys %iowait    %irq   %soft  %steal  %guest  %gnice   %idle
03時59分43秒    0   17.89    0.00   14.74    0.00    0.00    4.21    0.00    0.00    0.00   63.16
03時59分43秒    1    6.41    0.00    1.28    0.00    0.00    1.28    0.00    0.00    0.00   91.03

03時59分43秒  CPU    %usr   %nice    %sys %iowait    %irq   %soft  %steal  %guest  %gnice   %idle
03時59分44秒    0   20.00    0.00   12.63    0.00    1.05    3.16    0.00    0.00    0.00   63.16
03時59分44秒    1    2.67    0.00    1.33    0.00    0.00    1.33    0.00    0.00    0.00   94.67

03時59分44秒  CPU    %usr   %nice    %sys %iowait    %irq   %soft  %steal  %guest  %gnice   %idle
03時59分45秒    0   22.92    0.00   12.50    0.00    0.00    4.17    0.00    0.00    0.00   60.42
03時59分45秒    1    2.67    0.00    1.33    0.00    0.00    1.33    0.00    0.00    0.00   94.67

03時59分45秒  CPU    %usr   %nice    %sys %iowait    %irq   %soft  %steal  %guest  %gnice   %idle
03時59分46秒    0   17.71    0.00   16.67    0.00    0.00    3.12    0.00    0.00    0.00   62.50
03時59分46秒    1    3.90    0.00    2.60    0.00    0.00    1.30    0.00    0.00    0.00   92.21

03時59分46秒  CPU    %usr   %nice    %sys %iowait    %irq   %soft  %steal  %guest  %gnice   %idle
03時59分47秒    0   21.05    0.00   13.68    0.00    0.00    3.16    0.00    0.00    0.00   62.11
03時59分47秒    1    5.26    0.00    1.32    0.00    0.00    2.63    0.00    0.00    0.00   90.79

03時59分47秒  CPU    %usr   %nice    %sys %iowait    %irq   %soft  %steal  %guest  %gnice   %idle
03時59分48秒    0   20.83    0.00   12.50    0.00    0.00    4.17    0.00    0.00    0.00   62.50
03時59分48秒    1    5.13    0.00    1.28    0.00    1.28    1.28    0.00    0.00    0.00   91.03

03時59分48秒  CPU    %usr   %nice    %sys %iowait    %irq   %soft  %steal  %guest  %gnice   %idle
03時59分49秒    0   17.89    0.00   15.79    0.00    0.00    3.16    0.00    0.00    0.00   63.16
03時59分49秒    1    4.00    0.00    0.00    0.00    0.00    1.33    0.00    0.00    0.00   94.67

03時59分49秒  CPU    %usr   %nice    %sys %iowait    %irq   %soft  %steal  %guest  %gnice   %idle
03時59分50秒    0   18.95    0.00   13.68    0.00    0.00    4.21    0.00    0.00    0.00   63.16
03時59分50秒    1    3.95    0.00    1.32    0.00    0.00    1.32    0.00    0.00    0.00   93.42

平均時間：  CPU    %usr   %nice    %sys %iowait    %irq   %soft  %steal  %guest  %gnice   %idle
平均時間：    0   19.10    0.00   14.77    0.00    0.07    3.56    0.00    0.00    0.00   62.51
平均時間：    1    3.98    0.00    1.26    0.00    0.07    1.40    0.00    0.00    0.00   93.30
