Linux 5.6.15-arch1-1 (archlinux) 	西元2020年06月29日 	_x86_64_	(12 CPU)

03時39分31秒  CPU    %usr   %nice    %sys %iowait    %irq   %soft  %steal  %guest  %gnice   %idle
03時39分32秒    0   19.35    0.00   11.83    0.00    0.00    3.23    0.00    0.00    0.00   65.59
03時39分32秒    1    5.06    0.00    2.53    0.00    0.00    1.27    0.00    0.00    0.00   91.14

03時39分32秒  CPU    %usr   %nice    %sys %iowait    %irq   %soft  %steal  %guest  %gnice   %idle
03時39分33秒    0   17.71    0.00   16.67    0.00    0.00    3.12    0.00    0.00    0.00   62.50
03時39分33秒    1    4.00    0.00    1.33    0.00    0.00    1.33    0.00    0.00    0.00   93.33

03時39分33秒  CPU    %usr   %nice    %sys %iowait    %irq   %soft  %steal  %guest  %gnice   %idle
03時39分34秒    0   16.84    0.00   15.79    0.00    0.00    4.21    0.00    0.00    0.00   63.16
03時39分34秒    1    3.90    0.00    2.60    0.00    0.00    1.30    0.00    0.00    0.00   92.21

03時39分34秒  CPU    %usr   %nice    %sys %iowait    %irq   %soft  %steal  %guest  %gnice   %idle
03時39分35秒    0   19.59    0.00   14.43    0.00    0.00    3.09    0.00    0.00    0.00   62.89
03時39分35秒    1    2.67    0.00    2.67    0.00    0.00    1.33    0.00    0.00    0.00   93.33

03時39分35秒  CPU    %usr   %nice    %sys %iowait    %irq   %soft  %steal  %guest  %gnice   %idle
03時39分36秒    0   20.21    0.00   12.77    0.00    0.00    4.26    0.00    0.00    0.00   62.77
03時39分36秒    1    6.41    0.00    1.28    0.00    0.00    1.28    0.00    0.00    0.00   91.03

03時39分36秒  CPU    %usr   %nice    %sys %iowait    %irq   %soft  %steal  %guest  %gnice   %idle
03時39分37秒    0   17.71    0.00   16.67    0.00    0.00    3.12    0.00    0.00    0.00   62.50
03時39分37秒    1    3.90    0.00    0.00    0.00    1.30    2.60    0.00    0.00    0.00   92.21

03時39分37秒  CPU    %usr   %nice    %sys %iowait    %irq   %soft  %steal  %guest  %gnice   %idle
03時39分38秒    0   18.95    0.00   14.74    0.00    0.00    3.16    0.00    0.00    0.00   63.16
03時39分38秒    1    4.00    0.00    1.33    0.00    0.00    1.33    0.00    0.00    0.00   93.33

03時39分38秒  CPU    %usr   %nice    %sys %iowait    %irq   %soft  %steal  %guest  %gnice   %idle
03時39分39秒    0   19.59    0.00   14.43    0.00    0.00    4.12    0.00    0.00    0.00   61.86
03時39分39秒    1    5.26    0.00    1.32    0.00    0.00    1.32    0.00    0.00    0.00   92.11

03時39分39秒  CPU    %usr   %nice    %sys %iowait    %irq   %soft  %steal  %guest  %gnice   %idle
03時39分40秒    0   18.95    0.00   13.68    0.00    0.00    3.16    0.00    0.00    0.00   64.21
03時39分40秒    1    5.13    0.00    2.56    0.00    0.00    1.28    0.00    0.00    0.00   91.03

03時39分40秒  CPU    %usr   %nice    %sys %iowait    %irq   %soft  %steal  %guest  %gnice   %idle
03時39分41秒    0   18.09    0.00   14.89    0.00    0.00    3.19    0.00    0.00    0.00   63.83
03時39分41秒    1    5.26    0.00    1.32    0.00    0.00    1.32    0.00    0.00    0.00   92.11

03時39分41秒  CPU    %usr   %nice    %sys %iowait    %irq   %soft  %steal  %guest  %gnice   %idle
03時39分42秒    0   17.89    0.00   14.74    0.00    0.00    4.21    0.00    0.00    0.00   63.16
03時39分42秒    1    2.70    0.00    0.00    0.00    0.00    1.35    0.00    0.00    0.00   95.95

03時39分42秒  CPU    %usr   %nice    %sys %iowait    %irq   %soft  %steal  %guest  %gnice   %idle
03時39分43秒    0   13.98    0.00   18.28    0.00    0.00    3.23    0.00    0.00    0.00   64.52
03時39分43秒    1    2.67    0.00    2.67    0.00    0.00    1.33    0.00    0.00    0.00   93.33

03時39分43秒  CPU    %usr   %nice    %sys %iowait    %irq   %soft  %steal  %guest  %gnice   %idle
03時39分44秒    0   18.95    0.00   14.74    0.00    0.00    3.16    0.00    0.00    0.00   63.16
03時39分44秒    1    5.19    0.00    2.60    0.00    0.00    1.30    0.00    0.00    0.00   90.91

03時39分44秒  CPU    %usr   %nice    %sys %iowait    %irq   %soft  %steal  %guest  %gnice   %idle
03時39分45秒    0   20.83    0.00   12.50    0.00    0.00    4.17    0.00    0.00    0.00   62.50
03時39分45秒    1    2.67    0.00    2.67    0.00    0.00    1.33    0.00    0.00    0.00   93.33

03時39分45秒  CPU    %usr   %nice    %sys %iowait    %irq   %soft  %steal  %guest  %gnice   %idle
03時39分46秒    0   18.28    0.00   15.05    0.00    0.00    3.23    0.00    0.00    0.00   63.44
03時39分46秒    1    3.90    0.00    2.60    0.00    0.00    1.30    0.00    0.00    0.00   92.21

03時39分46秒  CPU    %usr   %nice    %sys %iowait    %irq   %soft  %steal  %guest  %gnice   %idle
03時39分47秒    0   18.75    0.00   14.58    0.00    0.00    4.17    0.00    0.00    0.00   62.50
03時39分47秒    1    5.19    0.00    1.30    0.00    0.00    2.60    0.00    0.00    0.00   90.91

03時39分47秒  CPU    %usr   %nice    %sys %iowait    %irq   %soft  %steal  %guest  %gnice   %idle
03時39分48秒    0   18.95    0.00   13.68    0.00    0.00    3.16    0.00    0.00    0.00   64.21
03時39分48秒    1    2.67    0.00    1.33    0.00    0.00    1.33    0.00    0.00    0.00   94.67

03時39分48秒  CPU    %usr   %nice    %sys %iowait    %irq   %soft  %steal  %guest  %gnice   %idle
03時39分49秒    0   20.21    0.00   13.83    0.00    0.00    3.19    0.00    0.00    0.00   62.77
03時39分49秒    1    3.95    0.00    2.63    0.00    0.00    1.32    0.00    0.00    0.00   92.11

03時39分49秒  CPU    %usr   %nice    %sys %iowait    %irq   %soft  %steal  %guest  %gnice   %idle
03時39分50秒    0   18.09    0.00   12.77    0.00    1.06    4.26    0.00    0.00    0.00   63.83
03時39分50秒    1    2.70    0.00    1.35    0.00    0.00    1.35    0.00    0.00    0.00   94.59

03時39分50秒  CPU    %usr   %nice    %sys %iowait    %irq   %soft  %steal  %guest  %gnice   %idle
03時39分51秒    0   19.15    0.00   13.83    0.00    0.00    3.19    0.00    0.00    0.00   63.83
03時39分51秒    1    3.90    0.00    2.60    0.00    0.00    1.30    0.00    0.00    0.00   92.21

03時39分51秒  CPU    %usr   %nice    %sys %iowait    %irq   %soft  %steal  %guest  %gnice   %idle
03時39分52秒    0   18.95    0.00   13.68    0.00    0.00    4.21    0.00    0.00    0.00   63.16
03時39分52秒    1    6.49    0.00    1.30    0.00    0.00    1.30    0.00    0.00    0.00   90.91

03時39分52秒  CPU    %usr   %nice    %sys %iowait    %irq   %soft  %steal  %guest  %gnice   %idle
03時39分53秒    0   21.05    0.00   12.63    0.00    0.00    3.16    0.00    0.00    0.00   63.16
03時39分53秒    1    5.19    0.00    1.30    0.00    0.00    1.30    0.00    0.00    0.00   92.21

03時39分53秒  CPU    %usr   %nice    %sys %iowait    %irq   %soft  %steal  %guest  %gnice   %idle
03時39分54秒    0   18.09    0.00   14.89    0.00    0.00    3.19    0.00    0.00    0.00   63.83
03時39分54秒    1    5.26    0.00    1.32    0.00    0.00    1.32    0.00    0.00    0.00   92.11

03時39分54秒  CPU    %usr   %nice    %sys %iowait    %irq   %soft  %steal  %guest  %gnice   %idle
03時39分55秒    0   19.59    0.00   14.43    0.00    0.00    4.12    0.00    0.00    0.00   61.86
03時39分55秒    1    5.13    0.00    2.56    0.00    0.00    1.28    0.00    0.00    0.00   91.03

03時39分55秒  CPU    %usr   %nice    %sys %iowait    %irq   %soft  %steal  %guest  %gnice   %idle
03時39分56秒    0   19.35    0.00   12.90    0.00    0.00    3.23    0.00    0.00    0.00   64.52
03時39分56秒    1    3.95    0.00    1.32    0.00    0.00    1.32    0.00    0.00    0.00   93.42

03時39分56秒  CPU    %usr   %nice    %sys %iowait    %irq   %soft  %steal  %guest  %gnice   %idle
03時39分57秒    0   15.05    0.00   17.20    0.00    0.00    3.23    0.00    0.00    0.00   64.52
03時39分57秒    1    5.13    0.00    1.28    0.00    0.00    2.56    0.00    0.00    0.00   91.03

03時39分57秒  CPU    %usr   %nice    %sys %iowait    %irq   %soft  %steal  %guest  %gnice   %idle
03時39分58秒    0   22.11    0.00   11.58    0.00    0.00    4.21    0.00    0.00    0.00   62.11
03時39分58秒    1    4.05    0.00    1.35    0.00    0.00    1.35    0.00    0.00    0.00   93.24

03時39分58秒  CPU    %usr   %nice    %sys %iowait    %irq   %soft  %steal  %guest  %gnice   %idle
03時39分59秒    0   19.15    0.00   12.77    0.00    0.00    3.19    0.00    0.00    0.00   64.89
03時39分59秒    1    3.95    0.00    1.32    0.00    0.00    1.32    0.00    0.00    0.00   93.42

03時39分59秒  CPU    %usr   %nice    %sys %iowait    %irq   %soft  %steal  %guest  %gnice   %idle
03時40分00秒    0   20.00    0.00   13.68    0.00    0.00    4.21    0.00    0.00    0.00   62.11
03時40分00秒    1    6.49    0.00    1.30    0.00    0.00    1.30    0.00    0.00    0.00   90.91

03時40分00秒  CPU    %usr   %nice    %sys %iowait    %irq   %soft  %steal  %guest  %gnice   %idle
03時40分01秒    0   18.09    0.00   14.89    0.00    0.00    3.19    0.00    0.00    0.00   63.83
03時40分01秒    1    4.00    0.00    0.00    0.00    0.00    1.33    0.00    0.00    0.00   94.67

03時40分01秒  CPU    %usr   %nice    %sys %iowait    %irq   %soft  %steal  %guest  %gnice   %idle
03時40分02秒    0   17.89    0.00   15.79    0.00    0.00    3.16    0.00    0.00    0.00   63.16
03時40分02秒    1    1.37    0.00    1.37    0.00    0.00    1.37    0.00    0.00    0.00   95.89

03時40分02秒  CPU    %usr   %nice    %sys %iowait    %irq   %soft  %steal  %guest  %gnice   %idle
03時40分03秒    0   16.84    0.00   15.79    0.00    0.00    4.21    0.00    0.00    0.00   63.16
03時40分03秒    1    3.95    0.00    1.32    0.00    0.00    1.32    0.00    0.00    0.00   93.42

03時40分03秒  CPU    %usr   %nice    %sys %iowait    %irq   %soft  %steal  %guest  %gnice   %idle
03時40分04秒    0   21.28    0.00   11.70    0.00    0.00    3.19    0.00    0.00    0.00   63.83
03時40分04秒    1    4.00    0.00    1.33    0.00    0.00    1.33    0.00    0.00    0.00   93.33

03時40分04秒  CPU    %usr   %nice    %sys %iowait    %irq   %soft  %steal  %guest  %gnice   %idle
03時40分05秒    0   20.83    0.00   13.54    0.00    0.00    3.12    0.00    0.00    0.00   62.50
03時40分05秒    1    6.49    0.00    1.30    0.00    0.00    1.30    0.00    0.00    0.00   90.91

03時40分05秒  CPU    %usr   %nice    %sys %iowait    %irq   %soft  %steal  %guest  %gnice   %idle
03時40分06秒    0   17.89    0.00   14.74    0.00    0.00    4.21    0.00    0.00    0.00   63.16
03時40分06秒    1    3.90    0.00    2.60    0.00    0.00    2.60    0.00    0.00    0.00   90.91

03時40分06秒  CPU    %usr   %nice    %sys %iowait    %irq   %soft  %steal  %guest  %gnice   %idle
03時40分07秒    0   18.09    0.00   14.89    0.00    0.00    3.19    0.00    0.00    0.00   63.83
03時40分07秒    1    5.19    0.00    2.60    0.00    0.00    1.30    0.00    0.00    0.00   90.91

03時40分07秒  CPU    %usr   %nice    %sys %iowait    %irq   %soft  %steal  %guest  %gnice   %idle
03時40分08秒    0   20.21    0.00   13.83    0.00    0.00    4.26    0.00    0.00    0.00   61.70
03時40分08秒    1    4.00    0.00    1.33    0.00    0.00    1.33    0.00    0.00    0.00   93.33

03時40分08秒  CPU    %usr   %nice    %sys %iowait    %irq   %soft  %steal  %guest  %gnice   %idle
03時40分09秒    0   17.02    0.00   15.96    0.00    0.00    3.19    0.00    0.00    0.00   63.83
03時40分09秒    1    5.41    0.00    1.35    0.00    0.00    1.35    0.00    0.00    0.00   91.89

03時40分09秒  CPU    %usr   %nice    %sys %iowait    %irq   %soft  %steal  %guest  %gnice   %idle
03時40分10秒    0   20.83    0.00   13.54    0.00    0.00    3.12    0.00    0.00    0.00   62.50
03時40分10秒    1    3.90    0.00    2.60    0.00    0.00    1.30    0.00    0.00    0.00   92.21

03時40分10秒  CPU    %usr   %nice    %sys %iowait    %irq   %soft  %steal  %guest  %gnice   %idle
03時40分11秒    0   17.89    0.00   14.74    0.00    0.00    4.21    0.00    0.00    0.00   63.16
03時40分11秒    1    4.00    0.00    0.00    0.00    0.00    1.33    0.00    0.00    0.00   94.67

03時40分11秒  CPU    %usr   %nice    %sys %iowait    %irq   %soft  %steal  %guest  %gnice   %idle
03時40分12秒    0   20.21    0.00   11.70    0.00    0.00    3.19    0.00    0.00    0.00   64.89
03時40分12秒    1    1.33    0.00    2.67    0.00    0.00    1.33    0.00    0.00    0.00   94.67

03時40分12秒  CPU    %usr   %nice    %sys %iowait    %irq   %soft  %steal  %guest  %gnice   %idle
03時40分13秒    0   18.75    0.00   15.62    0.00    1.04    3.12    0.00    0.00    0.00   61.46
03時40分13秒    1    3.95    0.00    1.32    0.00    0.00    1.32    0.00    0.00    0.00   93.42

03時40分13秒  CPU    %usr   %nice    %sys %iowait    %irq   %soft  %steal  %guest  %gnice   %idle
03時40分14秒    0   17.71    0.00   14.58    0.00    0.00    4.17    0.00    0.00    0.00   63.54
03時40分14秒    1    1.37    0.00    1.37    0.00    0.00    1.37    0.00    0.00    0.00   95.89

03時40分14秒  CPU    %usr   %nice    %sys %iowait    %irq   %soft  %steal  %guest  %gnice   %idle
03時40分15秒    0   13.83    0.00   19.15    0.00    0.00    3.19    0.00    0.00    0.00   63.83
03時40分15秒    1    4.00    0.00    1.33    0.00    0.00    1.33    0.00    0.00    0.00   93.33

03時40分15秒  CPU    %usr   %nice    %sys %iowait    %irq   %soft  %steal  %guest  %gnice   %idle
03時40分16秒    0   20.00    0.00   12.63    0.00    0.00    4.21    0.00    0.00    0.00   63.16
03時40分16秒    1    2.67    0.00    1.33    0.00    0.00    2.67    0.00    0.00    0.00   93.33

03時40分16秒  CPU    %usr   %nice    %sys %iowait    %irq   %soft  %steal  %guest  %gnice   %idle
03時40分17秒    0   20.00    0.00   13.68    0.00    0.00    3.16    0.00    0.00    0.00   63.16
03時40分17秒    1    6.58    0.00    1.32    0.00    0.00    1.32    0.00    0.00    0.00   90.79

03時40分17秒  CPU    %usr   %nice    %sys %iowait    %irq   %soft  %steal  %guest  %gnice   %idle
03時40分18秒    0   18.95    0.00   14.74    0.00    0.00    3.16    0.00    0.00    0.00   63.16
03時40分18秒    1    5.26    0.00    1.32    0.00    0.00    1.32    0.00    0.00    0.00   92.11

03時40分18秒  CPU    %usr   %nice    %sys %iowait    %irq   %soft  %steal  %guest  %gnice   %idle
03時40分19秒    0   18.95    0.00   15.79    0.00    0.00    4.21    0.00    0.00    0.00   61.05
03時40分19秒    1    3.95    0.00    1.32    0.00    1.32    1.32    0.00    0.00    0.00   92.11

03時40分19秒  CPU    %usr   %nice    %sys %iowait    %irq   %soft  %steal  %guest  %gnice   %idle
03時40分20秒    0   17.02    0.00   15.96    0.00    0.00    3.19    0.00    0.00    0.00   63.83
03時40分20秒    1    5.26    0.00    1.32    0.00    0.00    1.32    0.00    0.00    0.00   92.11

03時40分20秒  CPU    %usr   %nice    %sys %iowait    %irq   %soft  %steal  %guest  %gnice   %idle
03時40分21秒    0   20.00    0.00   13.68    0.00    0.00    3.16    0.00    0.00    0.00   63.16
03時40分21秒    1    3.90    0.00    2.60    0.00    0.00    1.30    0.00    0.00    0.00   92.21

03時40分21秒  CPU    %usr   %nice    %sys %iowait    %irq   %soft  %steal  %guest  %gnice   %idle
03時40分22秒    0   17.71    0.00   14.58    0.00    0.00    4.17    0.00    0.00    0.00   63.54
03時40分22秒    1    5.26    0.00    1.32    0.00    0.00    1.32    0.00    0.00    0.00   92.11

03時40分22秒  CPU    %usr   %nice    %sys %iowait    %irq   %soft  %steal  %guest  %gnice   %idle
03時40分23秒    0   21.74    0.00   10.87    0.00    0.00    3.26    0.00    0.00    0.00   64.13
03時40分23秒    1    2.70    0.00    0.00    0.00    0.00    1.35    0.00    0.00    0.00   95.95

03時40分23秒  CPU    %usr   %nice    %sys %iowait    %irq   %soft  %steal  %guest  %gnice   %idle
03時40分24秒    0   16.49    0.00   16.49    0.00    0.00    4.12    0.00    0.00    0.00   62.89
03時40分24秒    1    6.41    0.00    1.28    0.00    0.00    1.28    0.00    0.00    0.00   91.03

03時40分24秒  CPU    %usr   %nice    %sys %iowait    %irq   %soft  %steal  %guest  %gnice   %idle
03時40分25秒    0   14.13    0.00   17.39    0.00    0.00    3.26    0.00    0.00    0.00   65.22
03時40分25秒    1    2.67    0.00    2.67    0.00    0.00    1.33    0.00    0.00    0.00   93.33

03時40分25秒  CPU    %usr   %nice    %sys %iowait    %irq   %soft  %steal  %guest  %gnice   %idle
03時40分26秒    0   18.95    0.00   14.74    0.00    0.00    3.16    0.00    0.00    0.00   63.16
03時40分26秒    1    3.95    0.00    0.00    0.00    0.00    2.63    0.00    0.00    0.00   93.42

03時40分26秒  CPU    %usr   %nice    %sys %iowait    %irq   %soft  %steal  %guest  %gnice   %idle
03時40分27秒    0   18.95    0.00   13.68    0.00    0.00    4.21    0.00    0.00    0.00   63.16
03時40分27秒    1    5.26    0.00    1.32    0.00    0.00    1.32    0.00    0.00    0.00   92.11

03時40分27秒  CPU    %usr   %nice    %sys %iowait    %irq   %soft  %steal  %guest  %gnice   %idle
03時40分28秒    0   20.00    0.00   13.68    0.00    0.00    3.16    0.00    0.00    0.00   63.16
03時40分28秒    1    6.49    0.00    1.30    0.00    0.00    1.30    0.00    0.00    0.00   90.91

03時40分28秒  CPU    %usr   %nice    %sys %iowait    %irq   %soft  %steal  %guest  %gnice   %idle
03時40分29秒    0   20.21    0.00   13.83    0.00    0.00    3.19    0.00    0.00    0.00   62.77
03時40分29秒    1    3.95    0.00    3.95    0.00    0.00    1.32    0.00    0.00    0.00   90.79

03時40分29秒  CPU    %usr   %nice    %sys %iowait    %irq   %soft  %steal  %guest  %gnice   %idle
03時40分30秒    0   20.00    0.00   12.63    0.00    0.00    4.21    0.00    0.00    0.00   63.16
03時40分30秒    1    3.95    0.00    2.63    0.00    0.00    1.32    0.00    0.00    0.00   92.11

03時40分30秒  CPU    %usr   %nice    %sys %iowait    %irq   %soft  %steal  %guest  %gnice   %idle
03時40分31秒    0   14.29    0.00   16.48    0.00    0.00    3.30    0.00    0.00    0.00   65.93
03時40分31秒    1    2.67    0.00    1.33    0.00    0.00    1.33    0.00    0.00    0.00   94.67

03時40分31秒  CPU    %usr   %nice    %sys %iowait    %irq   %soft  %steal  %guest  %gnice   %idle
03時40分32秒    0   17.53    0.00   16.49    0.00    0.00    4.12    0.00    0.00    0.00   61.86
03時40分32秒    1    5.33    0.00    0.00    0.00    0.00    1.33    0.00    0.00    0.00   93.33

03時40分32秒  CPU    %usr   %nice    %sys %iowait    %irq   %soft  %steal  %guest  %gnice   %idle
03時40分33秒    0   20.21    0.00   12.77    0.00    0.00    3.19    0.00    0.00    0.00   63.83
03時40分33秒    1    5.26    0.00    1.32    0.00    0.00    1.32    0.00    0.00    0.00   92.11

03時40分33秒  CPU    %usr   %nice    %sys %iowait    %irq   %soft  %steal  %guest  %gnice   %idle
03時40分34秒    0   18.95    0.00   14.74    0.00    0.00    3.16    0.00    0.00    0.00   63.16
03時40分34秒    1    2.67    0.00    2.67    0.00    0.00    1.33    0.00    0.00    0.00   93.33

03時40分34秒  CPU    %usr   %nice    %sys %iowait    %irq   %soft  %steal  %guest  %gnice   %idle
03時40分35秒    0   17.89    0.00   14.74    0.00    0.00    4.21    0.00    0.00    0.00   63.16
03時40分35秒    1    2.63    0.00    2.63    0.00    0.00    1.32    0.00    0.00    0.00   93.42

03時40分35秒  CPU    %usr   %nice    %sys %iowait    %irq   %soft  %steal  %guest  %gnice   %idle
03時40分36秒    0   20.00    0.00   13.68    0.00    0.00    3.16    0.00    0.00    0.00   63.16
03時40分36秒    1    2.63    0.00    1.32    0.00    0.00    2.63    0.00    0.00    0.00   93.42

03時40分36秒  CPU    %usr   %nice    %sys %iowait    %irq   %soft  %steal  %guest  %gnice   %idle
03時40分37秒    0   19.79    0.00   12.50    0.00    1.04    3.12    0.00    0.00    0.00   63.54
03時40分37秒    1    2.67    0.00    1.33    0.00    0.00    1.33    0.00    0.00    0.00   94.67

03時40分37秒  CPU    %usr   %nice    %sys %iowait    %irq   %soft  %steal  %guest  %gnice   %idle
03時40分38秒    0   17.89    0.00   14.74    0.00    0.00    4.21    0.00    0.00    0.00   63.16
03時40分38秒    1    3.95    0.00    2.63    0.00    0.00    1.32    0.00    0.00    0.00   92.11

03時40分38秒  CPU    %usr   %nice    %sys %iowait    %irq   %soft  %steal  %guest  %gnice   %idle
03時40分39秒    0   16.67    0.00   16.67    0.00    0.00    3.12    0.00    0.00    0.00   63.54
03時40分39秒    1    8.97    0.00    1.28    0.00    0.00    1.28    0.00    0.00    0.00   88.46

03時40分39秒  CPU    %usr   %nice    %sys %iowait    %irq   %soft  %steal  %guest  %gnice   %idle
03時40分40秒    0   18.09    0.00   14.89    0.00    0.00    4.26    0.00    0.00    0.00   62.77
03時40分40秒    1    6.58    0.00    1.32    0.00    0.00    1.32    0.00    0.00    0.00   90.79

03時40分40秒  CPU    %usr   %nice    %sys %iowait    %irq   %soft  %steal  %guest  %gnice   %idle
03時40分41秒    0   19.35    0.00   12.90    0.00    0.00    3.23    0.00    0.00    0.00   64.52
03時40分41秒    1    5.19    0.00    1.30    0.00    0.00    1.30    0.00    0.00    0.00   92.21

03時40分41秒  CPU    %usr   %nice    %sys %iowait    %irq   %soft  %steal  %guest  %gnice   %idle
03時40分42秒    0   20.00    0.00   13.68    0.00    0.00    3.16    0.00    0.00    0.00   63.16
03時40分42秒    1    3.95    0.00    2.63    0.00    0.00    1.32    0.00    0.00    0.00   92.11

03時40分42秒  CPU    %usr   %nice    %sys %iowait    %irq   %soft  %steal  %guest  %gnice   %idle
03時40分43秒    0   19.79    0.00   13.54    0.00    0.00    4.17    0.00    0.00    0.00   62.50
03時40分43秒    1    4.05    0.00    0.00    0.00    0.00    1.35    0.00    0.00    0.00   94.59

03時40分43秒  CPU    %usr   %nice    %sys %iowait    %irq   %soft  %steal  %guest  %gnice   %idle
03時40分44秒    0   20.21    0.00   12.77    0.00    0.00    3.19    0.00    0.00    0.00   63.83
03時40分44秒    1    3.90    0.00    3.90    0.00    0.00    1.30    0.00    0.00    0.00   90.91

03時40分44秒  CPU    %usr   %nice    %sys %iowait    %irq   %soft  %steal  %guest  %gnice   %idle
03時40分45秒    0   20.21    0.00   13.83    0.00    0.00    3.19    0.00    0.00    0.00   62.77
03時40分45秒    1    6.49    0.00    2.60    0.00    0.00    2.60    0.00    0.00    0.00   88.31

03時40分45秒  CPU    %usr   %nice    %sys %iowait    %irq   %soft  %steal  %guest  %gnice   %idle
03時40分46秒    0   17.89    0.00   14.74    0.00    0.00    4.21    0.00    0.00    0.00   63.16
03時40分46秒    1    2.70    0.00    0.00    0.00    0.00    1.35    0.00    0.00    0.00   95.95

03時40分46秒  CPU    %usr   %nice    %sys %iowait    %irq   %soft  %steal  %guest  %gnice   %idle
03時40分47秒    0   19.79    0.00   14.58    0.00    0.00    3.12    0.00    0.00    0.00   62.50
03時40分47秒    1    5.19    0.00    2.60    0.00    0.00    1.30    0.00    0.00    0.00   90.91

03時40分47秒  CPU    %usr   %nice    %sys %iowait    %irq   %soft  %steal  %guest  %gnice   %idle
03時40分48秒    0   16.67    0.00   15.62    0.00    0.00    4.17    0.00    0.00    0.00   63.54
03時40分48秒    1    3.95    0.00    1.32    0.00    0.00    1.32    0.00    0.00    0.00   93.42

03時40分48秒  CPU    %usr   %nice    %sys %iowait    %irq   %soft  %steal  %guest  %gnice   %idle
03時40分49秒    0   19.57    0.00   13.04    0.00    0.00    3.26    0.00    0.00    0.00   64.13
03時40分49秒    1    2.70    0.00    0.00    0.00    0.00    1.35    0.00    0.00    0.00   95.95

03時40分49秒  CPU    %usr   %nice    %sys %iowait    %irq   %soft  %steal  %guest  %gnice   %idle
03時40分50秒    0   17.89    0.00   14.74    0.00    0.00    3.16    0.00    0.00    0.00   64.21
03時40分50秒    1    5.19    0.00    2.60    0.00    0.00    1.30    0.00    0.00    0.00   90.91

03時40分50秒  CPU    %usr   %nice    %sys %iowait    %irq   %soft  %steal  %guest  %gnice   %idle
03時40分51秒    0   18.75    0.00   15.62    0.00    0.00    4.17    0.00    0.00    0.00   61.46
03時40分51秒    1    3.95    0.00    2.63    0.00    0.00    1.32    0.00    0.00    0.00   92.11

03時40分51秒  CPU    %usr   %nice    %sys %iowait    %irq   %soft  %steal  %guest  %gnice   %idle
03時40分52秒    0   21.05    0.00   12.63    0.00    0.00    3.16    0.00    0.00    0.00   63.16
03時40分52秒    1    2.67    0.00    1.33    0.00    0.00    1.33    0.00    0.00    0.00   94.67

03時40分52秒  CPU    %usr   %nice    %sys %iowait    %irq   %soft  %steal  %guest  %gnice   %idle
03時40分53秒    0   19.15    0.00   13.83    0.00    0.00    3.19    0.00    0.00    0.00   63.83
03時40分53秒    1    4.00    0.00    1.33    0.00    0.00    1.33    0.00    0.00    0.00   93.33

03時40分53秒  CPU    %usr   %nice    %sys %iowait    %irq   %soft  %steal  %guest  %gnice   %idle
03時40分54秒    0   17.02    0.00   14.89    0.00    0.00    4.26    0.00    0.00    0.00   63.83
03時40分54秒    1    3.90    0.00    2.60    0.00    0.00    1.30    0.00    0.00    0.00   92.21

03時40分54秒  CPU    %usr   %nice    %sys %iowait    %irq   %soft  %steal  %guest  %gnice   %idle
03時40分55秒    0   19.79    0.00   14.58    0.00    0.00    3.12    0.00    0.00    0.00   62.50
03時40分55秒    1    4.00    0.00    0.00    0.00    0.00    2.67    0.00    0.00    0.00   93.33

03時40分55秒  CPU    %usr   %nice    %sys %iowait    %irq   %soft  %steal  %guest  %gnice   %idle
03時40分56秒    0   18.09    0.00   13.83    0.00    0.00    4.26    0.00    0.00    0.00   63.83
03時40分56秒    1    3.95    0.00    1.32    0.00    0.00    1.32    0.00    0.00    0.00   93.42

03時40分56秒  CPU    %usr   %nice    %sys %iowait    %irq   %soft  %steal  %guest  %gnice   %idle
03時40分57秒    0   18.68    0.00   12.09    0.00    0.00    3.30    0.00    0.00    0.00   65.93
03時40分57秒    1    2.70    0.00    1.35    0.00    0.00    1.35    0.00    0.00    0.00   94.59

03時40分57秒  CPU    %usr   %nice    %sys %iowait    %irq   %soft  %steal  %guest  %gnice   %idle
03時40分58秒    0   18.95    0.00   14.74    0.00    0.00    3.16    0.00    0.00    0.00   63.16
03時40分58秒    1    2.67    0.00    1.33    0.00    0.00    1.33    0.00    0.00    0.00   94.67

03時40分58秒  CPU    %usr   %nice    %sys %iowait    %irq   %soft  %steal  %guest  %gnice   %idle
03時40分59秒    0   17.89    0.00   13.68    0.00    1.05    4.21    0.00    0.00    0.00   63.16
03時40分59秒    1    1.37    0.00    1.37    0.00    0.00    1.37    0.00    0.00    0.00   95.89

03時40分59秒  CPU    %usr   %nice    %sys %iowait    %irq   %soft  %steal  %guest  %gnice   %idle
03時41分00秒    0   17.02    0.00   15.96    0.00    0.00    3.19    0.00    0.00    0.00   63.83
03時41分00秒    1    3.95    0.00    1.32    0.00    0.00    1.32    0.00    0.00    0.00   93.42

03時41分00秒  CPU    %usr   %nice    %sys %iowait    %irq   %soft  %steal  %guest  %gnice   %idle
03時41分01秒    0   21.05    0.00   13.68    0.00    0.00    3.16    0.00    0.00    0.00   62.11
03時41分01秒    1    5.33    0.00    1.33    0.00    0.00    1.33    0.00    0.00    0.00   92.00

03時41分01秒  CPU    %usr   %nice    %sys %iowait    %irq   %soft  %steal  %guest  %gnice   %idle
03時41分02秒    0   16.84    0.00   15.79    0.00    0.00    4.21    0.00    0.00    0.00   63.16
03時41分02秒    1    2.60    0.00    3.90    0.00    1.30    1.30    0.00    0.00    0.00   90.91

03時41分02秒  CPU    %usr   %nice    %sys %iowait    %irq   %soft  %steal  %guest  %gnice   %idle
03時41分03秒    0   23.16    0.00   12.63    0.00    0.00    3.16    0.00    0.00    0.00   61.05
03時41分03秒    1    5.19    0.00    1.30    0.00    0.00    2.60    0.00    0.00    0.00   90.91

03時41分03秒  CPU    %usr   %nice    %sys %iowait    %irq   %soft  %steal  %guest  %gnice   %idle
03時41分04秒    0   20.00    0.00   12.63    0.00    0.00    4.21    0.00    0.00    0.00   63.16
03時41分04秒    1    5.26    0.00    1.32    0.00    0.00    1.32    0.00    0.00    0.00   92.11

03時41分04秒  CPU    %usr   %nice    %sys %iowait    %irq   %soft  %steal  %guest  %gnice   %idle
03時41分05秒    0   23.16    0.00   12.63    0.00    0.00    3.16    0.00    0.00    0.00   61.05
03時41分05秒    1    7.69    0.00    1.28    0.00    0.00    1.28    0.00    0.00    0.00   89.74

03時41分05秒  CPU    %usr   %nice    %sys %iowait    %irq   %soft  %steal  %guest  %gnice   %idle
03時41分06秒    0   17.71    0.00   16.67    0.00    0.00    3.12    0.00    0.00    0.00   62.50
03時41分06秒    1    3.90    0.00    3.90    0.00    0.00    1.30    0.00    0.00    0.00   90.91

03時41分06秒  CPU    %usr   %nice    %sys %iowait    %irq   %soft  %steal  %guest  %gnice   %idle
03時41分07秒    0   20.21    0.00   14.89    0.00    0.00    4.26    0.00    0.00    0.00   60.64
03時41分07秒    1    5.26    0.00    1.32    0.00    0.00    1.32    0.00    0.00    0.00   92.11

03時41分07秒  CPU    %usr   %nice    %sys %iowait    %irq   %soft  %steal  %guest  %gnice   %idle
03時41分08秒    0   19.79    0.00   15.62    0.00    0.00    3.12    0.00    0.00    0.00   61.46
03時41分08秒    1    3.90    0.00    3.90    0.00    0.00    1.30    0.00    0.00    0.00   90.91

03時41分08秒  CPU    %usr   %nice    %sys %iowait    %irq   %soft  %steal  %guest  %gnice   %idle
03時41分09秒    0   19.79    0.00   13.54    0.00    0.00    4.17    0.00    0.00    0.00   62.50
03時41分09秒    1    7.89    0.00    1.32    0.00    0.00    1.32    0.00    0.00    0.00   89.47

03時41分09秒  CPU    %usr   %nice    %sys %iowait    %irq   %soft  %steal  %guest  %gnice   %idle
03時41分10秒    0   17.89    0.00   15.79    0.00    0.00    3.16    0.00    0.00    0.00   63.16
03時41分10秒    1    3.90    0.00    2.60    0.00    0.00    1.30    0.00    0.00    0.00   92.21

03時41分10秒  CPU    %usr   %nice    %sys %iowait    %irq   %soft  %steal  %guest  %gnice   %idle
03時41分11秒    0   21.51    0.00   10.75    0.00    0.00    3.23    0.00    0.00    0.00   64.52
03時41分11秒    1    3.95    0.00    1.32    0.00    0.00    1.32    0.00    0.00    0.00   93.42

03時41分11秒  CPU    %usr   %nice    %sys %iowait    %irq   %soft  %steal  %guest  %gnice   %idle
03時41分12秒    0   14.74    0.00   16.84    0.00    0.00    4.21    0.00    0.00    0.00   64.21
03時41分12秒    1    2.63    0.00    2.63    0.00    0.00    2.63    0.00    0.00    0.00   92.11

03時41分12秒  CPU    %usr   %nice    %sys %iowait    %irq   %soft  %steal  %guest  %gnice   %idle
03時41分13秒    0   20.00    0.00   13.68    0.00    0.00    3.16    0.00    0.00    0.00   63.16
03時41分13秒    1    8.97    0.00    0.00    0.00    0.00    1.28    0.00    0.00    0.00   89.74

03時41分13秒  CPU    %usr   %nice    %sys %iowait    %irq   %soft  %steal  %guest  %gnice   %idle
03時41分14秒    0   19.15    0.00   13.83    0.00    0.00    3.19    0.00    0.00    0.00   63.83
03時41分14秒    1    3.95    0.00    2.63    0.00    0.00    1.32    0.00    0.00    0.00   92.11

03時41分14秒  CPU    %usr   %nice    %sys %iowait    %irq   %soft  %steal  %guest  %gnice   %idle
03時41分15秒    0   17.89    0.00   14.74    0.00    0.00    4.21    0.00    0.00    0.00   63.16
03時41分15秒    1    5.19    0.00    1.30    0.00    0.00    1.30    0.00    0.00    0.00   92.21

03時41分15秒  CPU    %usr   %nice    %sys %iowait    %irq   %soft  %steal  %guest  %gnice   %idle
03時41分16秒    0   18.28    0.00   12.90    0.00    0.00    3.23    0.00    0.00    0.00   65.59
03時41分16秒    1    2.67    0.00    1.33    0.00    0.00    1.33    0.00    0.00    0.00   94.67

03時41分16秒  CPU    %usr   %nice    %sys %iowait    %irq   %soft  %steal  %guest  %gnice   %idle
03時41分17秒    0   17.20    0.00   15.05    0.00    0.00    3.23    0.00    0.00    0.00   64.52
03時41分17秒    1    4.00    0.00    1.33    0.00    0.00    1.33    0.00    0.00    0.00   93.33

03時41分17秒  CPU    %usr   %nice    %sys %iowait    %irq   %soft  %steal  %guest  %gnice   %idle
03時41分18秒    0   20.41    0.00   14.29    0.00    0.00    4.08    0.00    0.00    0.00   61.22
03時41分18秒    1    2.70    0.00    1.35    0.00    0.00    1.35    0.00    0.00    0.00   94.59

03時41分18秒  CPU    %usr   %nice    %sys %iowait    %irq   %soft  %steal  %guest  %gnice   %idle
03時41分19秒    0   16.84    0.00   16.84    0.00    0.00    3.16    0.00    0.00    0.00   63.16
03時41分19秒    1    2.63    0.00    2.63    0.00    0.00    1.32    0.00    0.00    0.00   93.42

03時41分19秒  CPU    %usr   %nice    %sys %iowait    %irq   %soft  %steal  %guest  %gnice   %idle
03時41分20秒    0   18.95    0.00   14.74    0.00    1.05    3.16    0.00    0.00    0.00   62.11
03時41分20秒    1    6.41    0.00    2.56    0.00    0.00    1.28    0.00    0.00    0.00   89.74

03時41分20秒  CPU    %usr   %nice    %sys %iowait    %irq   %soft  %steal  %guest  %gnice   %idle
03時41分21秒    0   21.05    0.00   13.68    0.00    0.00    4.21    0.00    0.00    0.00   61.05
03時41分21秒    1    5.13    0.00    2.56    0.00    0.00    2.56    0.00    0.00    0.00   89.74

03時41分21秒  CPU    %usr   %nice    %sys %iowait    %irq   %soft  %steal  %guest  %gnice   %idle
03時41分22秒    0   17.71    0.00   15.62    0.00    0.00    3.12    0.00    0.00    0.00   63.54
03時41分22秒    1    5.13    0.00    2.56    0.00    0.00    1.28    0.00    0.00    0.00   91.03

03時41分22秒  CPU    %usr   %nice    %sys %iowait    %irq   %soft  %steal  %guest  %gnice   %idle
03時41分23秒    0   19.35    0.00   11.83    0.00    0.00    4.30    0.00    0.00    0.00   64.52
03時41分23秒    1    2.63    0.00    3.95    0.00    0.00    1.32    0.00    0.00    0.00   92.11

03時41分23秒  CPU    %usr   %nice    %sys %iowait    %irq   %soft  %steal  %guest  %gnice   %idle
03時41分24秒    0   21.05    0.00   14.74    0.00    0.00    3.16    0.00    0.00    0.00   61.05
03時41分24秒    1    5.26    0.00    1.32    0.00    0.00    1.32    0.00    0.00    0.00   92.11

03時41分24秒  CPU    %usr   %nice    %sys %iowait    %irq   %soft  %steal  %guest  %gnice   %idle
03時41分25秒    0   15.05    0.00   17.20    0.00    0.00    3.23    0.00    0.00    0.00   64.52
03時41分25秒    1    2.63    0.00    3.95    0.00    0.00    1.32    0.00    0.00    0.00   92.11

03時41分25秒  CPU    %usr   %nice    %sys %iowait    %irq   %soft  %steal  %guest  %gnice   %idle
03時41分26秒    0   19.15    0.00   13.83    0.00    0.00    4.26    0.00    0.00    0.00   62.77
03時41分26秒    1    4.00    0.00    1.33    0.00    0.00    1.33    0.00    0.00    0.00   93.33

03時41分26秒  CPU    %usr   %nice    %sys %iowait    %irq   %soft  %steal  %guest  %gnice   %idle
03時41分27秒    0   22.34    0.00   10.64    0.00    0.00    3.19    0.00    0.00    0.00   63.83
03時41分27秒    1    6.41    0.00    1.28    0.00    0.00    1.28    0.00    0.00    0.00   91.03

03時41分27秒  CPU    %usr   %nice    %sys %iowait    %irq   %soft  %steal  %guest  %gnice   %idle
03時41分28秒    0   19.15    0.00   13.83    0.00    0.00    3.19    0.00    0.00    0.00   63.83
03時41分28秒    1    3.95    0.00    1.32    0.00    0.00    1.32    0.00    0.00    0.00   93.42

03時41分28秒  CPU    %usr   %nice    %sys %iowait    %irq   %soft  %steal  %guest  %gnice   %idle
03時41分29秒    0   20.21    0.00   12.77    0.00    0.00    4.26    0.00    0.00    0.00   62.77
03時41分29秒    1    4.05    0.00    1.35    0.00    0.00    1.35    0.00    0.00    0.00   93.24

03時41分29秒  CPU    %usr   %nice    %sys %iowait    %irq   %soft  %steal  %guest  %gnice   %idle
03時41分30秒    0   19.15    0.00   13.83    0.00    0.00    3.19    0.00    0.00    0.00   63.83
03時41分30秒    1    2.67    0.00    0.00    0.00    0.00    2.67    0.00    0.00    0.00   94.67

03時41分30秒  CPU    %usr   %nice    %sys %iowait    %irq   %soft  %steal  %guest  %gnice   %idle
03時41分31秒    0   18.09    0.00   13.83    0.00    0.00    4.26    0.00    0.00    0.00   63.83
03時41分31秒    1    5.26    0.00    1.32    0.00    0.00    1.32    0.00    0.00    0.00   92.11

平均時間：  CPU    %usr   %nice    %sys %iowait    %irq   %soft  %steal  %guest  %gnice   %idle
平均時間：    0   18.85    0.00   14.31    0.00    0.04    3.56    0.00    0.00    0.00   63.23
平均時間：    1    4.29    0.00    1.70    0.00    0.03    1.46    0.00    0.00    0.00   92.52
