Linux 5.6.15-arch1-1 (archlinux) 	西元2020年06月29日 	_x86_64_	(12 CPU)

03時44分45秒  CPU    %usr   %nice    %sys %iowait    %irq   %soft  %steal  %guest  %gnice   %idle
03時44分46秒    0   18.75    0.00   16.67    0.00    0.00    4.17    0.00    0.00    0.00   60.42
03時44分46秒    1    1.37    0.00    1.37    0.00    0.00    1.37    0.00    0.00    0.00   95.89

03時44分46秒  CPU    %usr   %nice    %sys %iowait    %irq   %soft  %steal  %guest  %gnice   %idle
03時44分47秒    0   20.43    0.00   13.98    0.00    0.00    3.23    0.00    0.00    0.00   62.37
03時44分47秒    1    3.85    0.00    2.56    0.00    0.00    2.56    0.00    0.00    0.00   91.03

03時44分47秒  CPU    %usr   %nice    %sys %iowait    %irq   %soft  %steal  %guest  %gnice   %idle
03時44分48秒    0   22.34    0.00   11.70    0.00    0.00    4.26    0.00    0.00    0.00   61.70
03時44分48秒    1    4.00    0.00    1.33    0.00    0.00    1.33    0.00    0.00    0.00   93.33

03時44分48秒  CPU    %usr   %nice    %sys %iowait    %irq   %soft  %steal  %guest  %gnice   %idle
03時44分49秒    0   14.89    0.00   19.15    0.00    0.00    3.19    0.00    0.00    0.00   62.77
03時44分49秒    1    2.70    0.00    1.35    0.00    0.00    1.35    0.00    0.00    0.00   94.59

03時44分49秒  CPU    %usr   %nice    %sys %iowait    %irq   %soft  %steal  %guest  %gnice   %idle
03時44分50秒    0   22.34    0.00   11.70    0.00    0.00    3.19    0.00    0.00    0.00   62.77
03時44分50秒    1    3.90    0.00    2.60    0.00    0.00    1.30    0.00    0.00    0.00   92.21

03時44分50秒  CPU    %usr   %nice    %sys %iowait    %irq   %soft  %steal  %guest  %gnice   %idle
03時44分51秒    0   22.11    0.00   11.58    0.00    0.00    4.21    0.00    0.00    0.00   62.11
03時44分51秒    1    6.41    0.00    1.28    0.00    0.00    1.28    0.00    0.00    0.00   91.03

03時44分51秒  CPU    %usr   %nice    %sys %iowait    %irq   %soft  %steal  %guest  %gnice   %idle
03時44分52秒    0   18.09    0.00   17.02    0.00    0.00    3.19    0.00    0.00    0.00   61.70
03時44分52秒    1    5.26    0.00    1.32    0.00    0.00    1.32    0.00    0.00    0.00   92.11

03時44分52秒  CPU    %usr   %nice    %sys %iowait    %irq   %soft  %steal  %guest  %gnice   %idle
03時44分53秒    0   17.89    0.00   15.79    0.00    0.00    4.21    0.00    0.00    0.00   62.11
03時44分53秒    1    1.35    0.00    1.35    0.00    0.00    1.35    0.00    0.00    0.00   95.95

03時44分53秒  CPU    %usr   %nice    %sys %iowait    %irq   %soft  %steal  %guest  %gnice   %idle
03時44分54秒    0   22.58    0.00   11.83    0.00    0.00    3.23    0.00    0.00    0.00   62.37
03時44分54秒    1    5.26    0.00    1.32    0.00    0.00    1.32    0.00    0.00    0.00   92.11

03時44分54秒  CPU    %usr   %nice    %sys %iowait    %irq   %soft  %steal  %guest  %gnice   %idle
03時44分55秒    0   19.35    0.00   12.90    0.00    1.08    3.23    0.00    0.00    0.00   63.44
03時44分55秒    1    1.35    0.00    1.35    0.00    1.35    1.35    0.00    0.00    0.00   94.59

03時44分55秒  CPU    %usr   %nice    %sys %iowait    %irq   %soft  %steal  %guest  %gnice   %idle
03時44分56秒    0   20.43    0.00   12.90    0.00    0.00    4.30    0.00    0.00    0.00   62.37
03時44分56秒    1    1.37    0.00    1.37    0.00    0.00    1.37    0.00    0.00    0.00   95.89

03時44分56秒  CPU    %usr   %nice    %sys %iowait    %irq   %soft  %steal  %guest  %gnice   %idle
03時44分57秒    0   18.95    0.00   15.79    0.00    0.00    3.16    0.00    0.00    0.00   62.11
03時44分57秒    1    3.90    0.00    1.30    0.00    0.00    1.30    0.00    0.00    0.00   93.51

03時44分57秒  CPU    %usr   %nice    %sys %iowait    %irq   %soft  %steal  %guest  %gnice   %idle
03時44分58秒    0   21.28    0.00   12.77    0.00    0.00    4.26    0.00    0.00    0.00   61.70
03時44分58秒    1    5.19    0.00    2.60    0.00    0.00    2.60    0.00    0.00    0.00   89.61

03時44分58秒  CPU    %usr   %nice    %sys %iowait    %irq   %soft  %steal  %guest  %gnice   %idle
03時44分59秒    0   20.88    0.00   12.09    0.00    0.00    3.30    0.00    0.00    0.00   63.74
03時44分59秒    1    4.00    0.00    0.00    0.00    0.00    1.33    0.00    0.00    0.00   94.67

03時44分59秒  CPU    %usr   %nice    %sys %iowait    %irq   %soft  %steal  %guest  %gnice   %idle
03時45分00秒    0   21.28    0.00   12.77    0.00    0.00    3.19    0.00    0.00    0.00   62.77
03時45分00秒    1    3.95    0.00    2.63    0.00    0.00    1.32    0.00    0.00    0.00   92.11

03時45分00秒  CPU    %usr   %nice    %sys %iowait    %irq   %soft  %steal  %guest  %gnice   %idle
03時45分01秒    0   18.95    0.00   14.74    0.00    0.00    4.21    0.00    0.00    0.00   62.11
03時45分01秒    1    4.00    0.00    0.00    0.00    0.00    1.33    0.00    0.00    0.00   94.67

03時45分01秒  CPU    %usr   %nice    %sys %iowait    %irq   %soft  %steal  %guest  %gnice   %idle
03時45分02秒    0   20.00    0.00   15.79    0.00    0.00    3.16    0.00    0.00    0.00   61.05
03時45分02秒    1    3.95    0.00    2.63    0.00    0.00    1.32    0.00    0.00    0.00   92.11

03時45分02秒  CPU    %usr   %nice    %sys %iowait    %irq   %soft  %steal  %guest  %gnice   %idle
03時45分03秒    0   22.11    0.00   11.58    0.00    0.00    4.21    0.00    0.00    0.00   62.11
03時45分03秒    1    5.26    0.00    0.00    0.00    0.00    1.32    0.00    0.00    0.00   93.42

03時45分03秒  CPU    %usr   %nice    %sys %iowait    %irq   %soft  %steal  %guest  %gnice   %idle
03時45分04秒    0   23.16    0.00   12.63    0.00    0.00    3.16    0.00    0.00    0.00   61.05
03時45分04秒    1    4.00    0.00    2.67    0.00    0.00    1.33    0.00    0.00    0.00   92.00

03時45分04秒  CPU    %usr   %nice    %sys %iowait    %irq   %soft  %steal  %guest  %gnice   %idle
03時45分05秒    0   22.11    0.00   12.63    0.00    0.00    3.16    0.00    0.00    0.00   62.11
03時45分05秒    1    3.90    0.00    2.60    0.00    0.00    1.30    0.00    0.00    0.00   92.21

03時45分05秒  CPU    %usr   %nice    %sys %iowait    %irq   %soft  %steal  %guest  %gnice   %idle
03時45分06秒    0   15.96    0.00   17.02    0.00    0.00    4.26    0.00    0.00    0.00   62.77
03時45分06秒    1    5.19    0.00    1.30    0.00    0.00    1.30    0.00    0.00    0.00   92.21

03時45分06秒  CPU    %usr   %nice    %sys %iowait    %irq   %soft  %steal  %guest  %gnice   %idle
03時45分07秒    0   20.21    0.00   14.89    0.00    0.00    3.19    0.00    0.00    0.00   61.70
03時45分07秒    1    6.49    0.00    1.30    0.00    0.00    1.30    0.00    0.00    0.00   90.91

03時45分07秒  CPU    %usr   %nice    %sys %iowait    %irq   %soft  %steal  %guest  %gnice   %idle
03時45分08秒    0   18.95    0.00   15.79    0.00    0.00    4.21    0.00    0.00    0.00   61.05
03時45分08秒    1    3.90    0.00    2.60    0.00    0.00    2.60    0.00    0.00    0.00   90.91

03時45分08秒  CPU    %usr   %nice    %sys %iowait    %irq   %soft  %steal  %guest  %gnice   %idle
03時45分09秒    0   19.15    0.00   15.96    0.00    0.00    3.19    0.00    0.00    0.00   61.70
03時45分09秒    1    3.95    0.00    2.63    0.00    0.00    1.32    0.00    0.00    0.00   92.11

03時45分09秒  CPU    %usr   %nice    %sys %iowait    %irq   %soft  %steal  %guest  %gnice   %idle
03時45分10秒    0   20.21    0.00   13.83    0.00    0.00    3.19    0.00    0.00    0.00   62.77
03時45分10秒    1    4.00    0.00    1.33    0.00    0.00    1.33    0.00    0.00    0.00   93.33

03時45分10秒  CPU    %usr   %nice    %sys %iowait    %irq   %soft  %steal  %guest  %gnice   %idle
03時45分11秒    0   16.84    0.00   16.84    0.00    1.05    4.21    0.00    0.00    0.00   61.05
03時45分11秒    1    4.00    0.00    1.33    0.00    0.00    1.33    0.00    0.00    0.00   93.33

03時45分11秒  CPU    %usr   %nice    %sys %iowait    %irq   %soft  %steal  %guest  %gnice   %idle
03時45分12秒    0   18.95    0.00   15.79    0.00    0.00    3.16    0.00    0.00    0.00   62.11
03時45分12秒    1    3.90    0.00    2.60    0.00    0.00    1.30    0.00    0.00    0.00   92.21

03時45分12秒  CPU    %usr   %nice    %sys %iowait    %irq   %soft  %steal  %guest  %gnice   %idle
03時45分13秒    0   20.00    0.00   14.74    0.00    0.00    4.21    0.00    0.00    0.00   61.05
03時45分13秒    1    5.19    0.00    2.60    0.00    0.00    1.30    0.00    0.00    0.00   90.91

03時45分13秒  CPU    %usr   %nice    %sys %iowait    %irq   %soft  %steal  %guest  %gnice   %idle
03時45分14秒    0   19.15    0.00   14.89    0.00    0.00    3.19    0.00    0.00    0.00   62.77
03時45分14秒    1    4.05    0.00    0.00    0.00    0.00    1.35    0.00    0.00    0.00   94.59

03時45分14秒  CPU    %usr   %nice    %sys %iowait    %irq   %soft  %steal  %guest  %gnice   %idle
03時45分15秒    0   23.40    0.00   11.70    0.00    0.00    4.26    0.00    0.00    0.00   60.64
03時45分15秒    1    4.00    0.00    1.33    0.00    0.00    1.33    0.00    0.00    0.00   93.33

03時45分15秒  CPU    %usr   %nice    %sys %iowait    %irq   %soft  %steal  %guest  %gnice   %idle
03時45分16秒    0   18.75    0.00   16.67    0.00    0.00    3.12    0.00    0.00    0.00   61.46
03時45分16秒    1    5.26    0.00    1.32    0.00    0.00    1.32    0.00    0.00    0.00   92.11

03時45分16秒  CPU    %usr   %nice    %sys %iowait    %irq   %soft  %steal  %guest  %gnice   %idle
03時45分17秒    0   19.35    0.00   15.05    0.00    0.00    3.23    0.00    0.00    0.00   62.37
03時45分17秒    1    2.67    0.00    1.33    0.00    0.00    1.33    0.00    0.00    0.00   94.67

03時45分17秒  CPU    %usr   %nice    %sys %iowait    %irq   %soft  %steal  %guest  %gnice   %idle
03時45分18秒    0   19.59    0.00   15.46    0.00    0.00    4.12    0.00    0.00    0.00   60.82
03時45分18秒    1    5.26    0.00    1.32    0.00    0.00    1.32    0.00    0.00    0.00   92.11

03時45分18秒  CPU    %usr   %nice    %sys %iowait    %irq   %soft  %steal  %guest  %gnice   %idle
03時45分19秒    0   21.28    0.00   13.83    0.00    0.00    3.19    0.00    0.00    0.00   61.70
03時45分19秒    1    5.13    0.00    2.56    0.00    0.00    2.56    0.00    0.00    0.00   89.74

03時45分19秒  CPU    %usr   %nice    %sys %iowait    %irq   %soft  %steal  %guest  %gnice   %idle
03時45分20秒    0   22.34    0.00   11.70    0.00    0.00    4.26    0.00    0.00    0.00   61.70
03時45分20秒    1    3.95    0.00    2.63    0.00    0.00    1.32    0.00    0.00    0.00   92.11

03時45分20秒  CPU    %usr   %nice    %sys %iowait    %irq   %soft  %steal  %guest  %gnice   %idle
03時45分21秒    0   18.28    0.00   16.13    0.00    0.00    3.23    0.00    0.00    0.00   62.37
03時45分21秒    1    5.19    0.00    2.60    0.00    0.00    1.30    0.00    0.00    0.00   90.91

03時45分21秒  CPU    %usr   %nice    %sys %iowait    %irq   %soft  %steal  %guest  %gnice   %idle
03時45分22秒    0   20.21    0.00   13.83    0.00    0.00    3.19    0.00    0.00    0.00   62.77
03時45分22秒    1    1.37    0.00    0.00    0.00    0.00    1.37    0.00    0.00    0.00   97.26

03時45分22秒  CPU    %usr   %nice    %sys %iowait    %irq   %soft  %steal  %guest  %gnice   %idle
03時45分23秒    0   17.89    0.00   15.79    0.00    0.00    4.21    0.00    0.00    0.00   62.11
03時45分23秒    1    5.19    0.00    1.30    0.00    0.00    1.30    0.00    0.00    0.00   92.21

03時45分23秒  CPU    %usr   %nice    %sys %iowait    %irq   %soft  %steal  %guest  %gnice   %idle
03時45分24秒    0   20.00    0.00   14.74    0.00    0.00    3.16    0.00    0.00    0.00   62.11
03時45分24秒    1    5.26    0.00    1.32    0.00    0.00    1.32    0.00    0.00    0.00   92.11

03時45分24秒  CPU    %usr   %nice    %sys %iowait    %irq   %soft  %steal  %guest  %gnice   %idle
03時45分25秒    0   20.00    0.00   14.74    0.00    0.00    4.21    0.00    0.00    0.00   61.05
03時45分25秒    1    1.37    0.00    1.37    0.00    0.00    1.37    0.00    0.00    0.00   95.89

03時45分25秒  CPU    %usr   %nice    %sys %iowait    %irq   %soft  %steal  %guest  %gnice   %idle
03時45分26秒    0   19.57    0.00   14.13    0.00    0.00    3.26    0.00    0.00    0.00   63.04
03時45分26秒    1    1.37    0.00    0.00    0.00    0.00    1.37    0.00    0.00    0.00   97.26

03時45分26秒  CPU    %usr   %nice    %sys %iowait    %irq   %soft  %steal  %guest  %gnice   %idle
03時45分27秒    0   18.95    0.00   14.74    0.00    1.05    3.16    0.00    0.00    0.00   62.11
03時45分27秒    1    2.67    0.00    1.33    0.00    1.33    1.33    0.00    0.00    0.00   93.33

03時45分27秒  CPU    %usr   %nice    %sys %iowait    %irq   %soft  %steal  %guest  %gnice   %idle
03時45分28秒    0   20.00    0.00   14.74    0.00    0.00    4.21    0.00    0.00    0.00   61.05
03時45分28秒    1    5.19    0.00    2.60    0.00    0.00    1.30    0.00    0.00    0.00   90.91

03時45分28秒  CPU    %usr   %nice    %sys %iowait    %irq   %soft  %steal  %guest  %gnice   %idle
03時45分29秒    0   18.09    0.00   15.96    0.00    0.00    3.19    0.00    0.00    0.00   62.77
03時45分29秒    1    3.95    0.00    1.32    0.00    0.00    1.32    0.00    0.00    0.00   93.42

03時45分29秒  CPU    %usr   %nice    %sys %iowait    %irq   %soft  %steal  %guest  %gnice   %idle
03時45分30秒    0   18.28    0.00   16.13    0.00    0.00    4.30    0.00    0.00    0.00   61.29
03時45分30秒    1    2.56    0.00    5.13    0.00    0.00    2.56    0.00    0.00    0.00   89.74

03時45分30秒  CPU    %usr   %nice    %sys %iowait    %irq   %soft  %steal  %guest  %gnice   %idle
03時45分31秒    0   17.89    0.00   17.89    0.00    0.00    3.16    0.00    0.00    0.00   61.05
03時45分31秒    1    2.67    0.00    2.67    0.00    0.00    1.33    0.00    0.00    0.00   93.33

03時45分31秒  CPU    %usr   %nice    %sys %iowait    %irq   %soft  %steal  %guest  %gnice   %idle
03時45分32秒    0   18.28    0.00   15.05    0.00    0.00    3.23    0.00    0.00    0.00   63.44
03時45分32秒    1    3.95    0.00    1.32    0.00    0.00    1.32    0.00    0.00    0.00   93.42

03時45分32秒  CPU    %usr   %nice    %sys %iowait    %irq   %soft  %steal  %guest  %gnice   %idle
03時45分33秒    0   19.35    0.00   13.98    0.00    0.00    4.30    0.00    0.00    0.00   62.37
03時45分33秒    1    4.05    0.00    0.00    0.00    0.00    1.35    0.00    0.00    0.00   94.59

03時45分33秒  CPU    %usr   %nice    %sys %iowait    %irq   %soft  %steal  %guest  %gnice   %idle
03時45分34秒    0   23.16    0.00   11.58    0.00    0.00    3.16    0.00    0.00    0.00   62.11
03時45分34秒    1    2.67    0.00    1.33    0.00    0.00    1.33    0.00    0.00    0.00   94.67

03時45分34秒  CPU    %usr   %nice    %sys %iowait    %irq   %soft  %steal  %guest  %gnice   %idle
03時45分35秒    0   21.05    0.00   13.68    0.00    0.00    4.21    0.00    0.00    0.00   61.05
03時45分35秒    1    2.67    0.00    2.67    0.00    0.00    1.33    0.00    0.00    0.00   93.33

03時45分35秒  CPU    %usr   %nice    %sys %iowait    %irq   %soft  %steal  %guest  %gnice   %idle
03時45分36秒    0   18.09    0.00   15.96    0.00    0.00    3.19    0.00    0.00    0.00   62.77
03時45分36秒    1    5.19    0.00    1.30    0.00    0.00    1.30    0.00    0.00    0.00   92.21

03時45分36秒  CPU    %usr   %nice    %sys %iowait    %irq   %soft  %steal  %guest  %gnice   %idle
03時45分37秒    0   19.10    0.00   13.48    0.00    0.00    3.37    0.00    0.00    0.00   64.04
03時45分37秒    1    1.39    0.00    1.39    0.00    0.00    1.39    0.00    0.00    0.00   95.83

03時45分37秒  CPU    %usr   %nice    %sys %iowait    %irq   %soft  %steal  %guest  %gnice   %idle
03時45分38秒    0   19.79    0.00   14.58    0.00    0.00    4.17    0.00    0.00    0.00   61.46
03時45分38秒    1    2.63    0.00    2.63    0.00    0.00    1.32    0.00    0.00    0.00   93.42

03時45分38秒  CPU    %usr   %nice    %sys %iowait    %irq   %soft  %steal  %guest  %gnice   %idle
03時45分39秒    0   19.15    0.00   15.96    0.00    0.00    3.19    0.00    0.00    0.00   61.70
03時45分39秒    1    4.00    0.00    1.33    0.00    0.00    1.33    0.00    0.00    0.00   93.33

03時45分39秒  CPU    %usr   %nice    %sys %iowait    %irq   %soft  %steal  %guest  %gnice   %idle
03時45分40秒    0   20.21    0.00   13.83    0.00    0.00    4.26    0.00    0.00    0.00   61.70
03時45分40秒    1    6.41    0.00    1.28    0.00    0.00    2.56    0.00    0.00    0.00   89.74

03時45分40秒  CPU    %usr   %nice    %sys %iowait    %irq   %soft  %steal  %guest  %gnice   %idle
03時45分41秒    0   20.21    0.00   13.83    0.00    0.00    3.19    0.00    0.00    0.00   62.77
03時45分41秒    1    2.67    0.00    2.67    0.00    0.00    1.33    0.00    0.00    0.00   93.33

03時45分41秒  CPU    %usr   %nice    %sys %iowait    %irq   %soft  %steal  %guest  %gnice   %idle
03時45分42秒    0   18.89    0.00   13.33    0.00    0.00    3.33    0.00    0.00    0.00   64.44
03時45分42秒    1    1.35    0.00    1.35    0.00    0.00    1.35    0.00    0.00    0.00   95.95

03時45分42秒  CPU    %usr   %nice    %sys %iowait    %irq   %soft  %steal  %guest  %gnice   %idle
03時45分43秒    0   19.59    0.00   14.43    0.00    1.03    4.12    0.00    0.00    0.00   60.82
03時45分43秒    1    2.70    0.00    1.35    0.00    0.00    1.35    0.00    0.00    0.00   94.59

03時45分43秒  CPU    %usr   %nice    %sys %iowait    %irq   %soft  %steal  %guest  %gnice   %idle
03時45分44秒    0   21.28    0.00   13.83    0.00    0.00    3.19    0.00    0.00    0.00   61.70
03時45分44秒    1    5.19    0.00    2.60    0.00    0.00    1.30    0.00    0.00    0.00   90.91

03時45分44秒  CPU    %usr   %nice    %sys %iowait    %irq   %soft  %steal  %guest  %gnice   %idle
03時45分45秒    0   20.43    0.00   12.90    0.00    0.00    4.30    0.00    0.00    0.00   62.37
03時45分45秒    1    0.00    0.00    0.00    0.00    0.00    1.41    0.00    0.00    0.00   98.59

03時45分45秒  CPU    %usr   %nice    %sys %iowait    %irq   %soft  %steal  %guest  %gnice   %idle
03時45分46秒    0   23.40    0.00   11.70    0.00    0.00    3.19    0.00    0.00    0.00   61.70
03時45分46秒    1    2.63    0.00    2.63    0.00    0.00    1.32    0.00    0.00    0.00   93.42

03時45分46秒  CPU    %usr   %nice    %sys %iowait    %irq   %soft  %steal  %guest  %gnice   %idle
03時45分47秒    0   18.48    0.00   15.22    0.00    0.00    3.26    0.00    0.00    0.00   63.04
03時45分47秒    1    4.00    0.00    1.33    0.00    0.00    1.33    0.00    0.00    0.00   93.33

03時45分47秒  CPU    %usr   %nice    %sys %iowait    %irq   %soft  %steal  %guest  %gnice   %idle
03時45分48秒    0   20.00    0.00   13.68    0.00    0.00    4.21    0.00    0.00    0.00   62.11
03時45分48秒    1    5.26    0.00    0.00    0.00    0.00    1.32    0.00    0.00    0.00   93.42

03時45分48秒  CPU    %usr   %nice    %sys %iowait    %irq   %soft  %steal  %guest  %gnice   %idle
03時45分49秒    0   20.00    0.00   14.74    0.00    0.00    3.16    0.00    0.00    0.00   62.11
03時45分49秒    1    4.00    0.00    1.33    0.00    0.00    1.33    0.00    0.00    0.00   93.33

03時45分49秒  CPU    %usr   %nice    %sys %iowait    %irq   %soft  %steal  %guest  %gnice   %idle
03時45分50秒    0   19.15    0.00   14.89    0.00    0.00    4.26    0.00    0.00    0.00   61.70
03時45分50秒    1    3.90    0.00    2.60    0.00    0.00    2.60    0.00    0.00    0.00   90.91

03時45分50秒  CPU    %usr   %nice    %sys %iowait    %irq   %soft  %steal  %guest  %gnice   %idle
03時45分51秒    0   18.48    0.00   15.22    0.00    0.00    3.26    0.00    0.00    0.00   63.04
03時45分51秒    1    1.39    0.00    0.00    0.00    0.00    1.39    0.00    0.00    0.00   97.22

03時45分51秒  CPU    %usr   %nice    %sys %iowait    %irq   %soft  %steal  %guest  %gnice   %idle
03時45分52秒    0   19.35    0.00   16.13    0.00    0.00    3.23    0.00    0.00    0.00   61.29
03時45分52秒    1    3.95    0.00    2.63    0.00    0.00    1.32    0.00    0.00    0.00   92.11

03時45分52秒  CPU    %usr   %nice    %sys %iowait    %irq   %soft  %steal  %guest  %gnice   %idle
03時45分53秒    0   18.95    0.00   14.74    0.00    0.00    4.21    0.00    0.00    0.00   62.11
03時45分53秒    1    4.00    0.00    1.33    0.00    0.00    1.33    0.00    0.00    0.00   93.33

03時45分53秒  CPU    %usr   %nice    %sys %iowait    %irq   %soft  %steal  %guest  %gnice   %idle
03時45分54秒    0   18.95    0.00   15.79    0.00    0.00    3.16    0.00    0.00    0.00   62.11
03時45分54秒    1    4.00    0.00    1.33    0.00    0.00    1.33    0.00    0.00    0.00   93.33

03時45分54秒  CPU    %usr   %nice    %sys %iowait    %irq   %soft  %steal  %guest  %gnice   %idle
03時45分55秒    0   20.21    0.00   13.83    0.00    0.00    4.26    0.00    0.00    0.00   61.70
03時45分55秒    1    3.95    0.00    2.63    0.00    0.00    1.32    0.00    0.00    0.00   92.11

03時45分55秒  CPU    %usr   %nice    %sys %iowait    %irq   %soft  %steal  %guest  %gnice   %idle
03時45分56秒    0   20.43    0.00   13.98    0.00    0.00    3.23    0.00    0.00    0.00   62.37
03時45分56秒    1    1.33    0.00    1.33    0.00    1.33    1.33    0.00    0.00    0.00   94.67

03時45分56秒  CPU    %usr   %nice    %sys %iowait    %irq   %soft  %steal  %guest  %gnice   %idle
03時45分57秒    0   20.21    0.00   13.83    0.00    0.00    3.19    0.00    0.00    0.00   62.77
03時45分57秒    1    2.70    0.00    1.35    0.00    0.00    1.35    0.00    0.00    0.00   94.59

03時45分57秒  CPU    %usr   %nice    %sys %iowait    %irq   %soft  %steal  %guest  %gnice   %idle
03時45分58秒    0   16.49    0.00   17.53    0.00    1.03    4.12    0.00    0.00    0.00   60.82
03時45分58秒    1    5.26    0.00    0.00    0.00    0.00    1.32    0.00    0.00    0.00   93.42

03時45分58秒  CPU    %usr   %nice    %sys %iowait    %irq   %soft  %steal  %guest  %gnice   %idle
03時45分59秒    0   18.09    0.00   17.02    0.00    0.00    3.19    0.00    0.00    0.00   61.70
03時45分59秒    1    3.95    0.00    2.63    0.00    0.00    1.32    0.00    0.00    0.00   92.11

03時45分59秒  CPU    %usr   %nice    %sys %iowait    %irq   %soft  %steal  %guest  %gnice   %idle
03時46分00秒    0   22.11    0.00   13.68    0.00    0.00    3.16    0.00    0.00    0.00   61.05
03時46分00秒    1    5.26    0.00    1.32    0.00    0.00    1.32    0.00    0.00    0.00   92.11

03時46分00秒  CPU    %usr   %nice    %sys %iowait    %irq   %soft  %steal  %guest  %gnice   %idle
03時46分01秒    0   22.11    0.00   11.58    0.00    0.00    4.21    0.00    0.00    0.00   62.11
03時46分01秒    1    3.95    0.00    1.32    0.00    0.00    1.32    0.00    0.00    0.00   93.42

03時46分01秒  CPU    %usr   %nice    %sys %iowait    %irq   %soft  %steal  %guest  %gnice   %idle
03時46分02秒    0   18.68    0.00   14.29    0.00    0.00    3.30    0.00    0.00    0.00   63.74
03時46分02秒    1    2.70    0.00    0.00    0.00    0.00    2.70    0.00    0.00    0.00   94.59

03時46分02秒  CPU    %usr   %nice    %sys %iowait    %irq   %soft  %steal  %guest  %gnice   %idle
03時46分03秒    0   18.95    0.00   14.74    0.00    0.00    4.21    0.00    0.00    0.00   62.11
03時46分03秒    1    2.67    0.00    2.67    0.00    0.00    1.33    0.00    0.00    0.00   93.33

03時46分03秒  CPU    %usr   %nice    %sys %iowait    %irq   %soft  %steal  %guest  %gnice   %idle
03時46分04秒    0   19.35    0.00   15.05    0.00    0.00    3.23    0.00    0.00    0.00   62.37
03時46分04秒    1    5.19    0.00    1.30    0.00    0.00    1.30    0.00    0.00    0.00   92.21

03時46分04秒  CPU    %usr   %nice    %sys %iowait    %irq   %soft  %steal  %guest  %gnice   %idle
03時46分05秒    0   20.83    0.00   14.58    0.00    0.00    3.12    0.00    0.00    0.00   61.46
03時46分05秒    1    5.19    0.00    2.60    0.00    0.00    1.30    0.00    0.00    0.00   90.91

03時46分05秒  CPU    %usr   %nice    %sys %iowait    %irq   %soft  %steal  %guest  %gnice   %idle
03時46分06秒    0   20.00    0.00   14.74    0.00    0.00    4.21    0.00    0.00    0.00   61.05
03時46分06秒    1    5.26    0.00    1.32    0.00    0.00    1.32    0.00    0.00    0.00   92.11

03時46分06秒  CPU    %usr   %nice    %sys %iowait    %irq   %soft  %steal  %guest  %gnice   %idle
03時46分07秒    0   18.28    0.00   16.13    0.00    0.00    3.23    0.00    0.00    0.00   62.37
03時46分07秒    1    4.00    0.00    1.33    0.00    0.00    1.33    0.00    0.00    0.00   93.33

03時46分07秒  CPU    %usr   %nice    %sys %iowait    %irq   %soft  %steal  %guest  %gnice   %idle
03時46分08秒    0   15.46    0.00   19.59    0.00    0.00    4.12    0.00    0.00    0.00   60.82
03時46分08秒    1    5.13    0.00    3.85    0.00    0.00    1.28    0.00    0.00    0.00   89.74

03時46分08秒  CPU    %usr   %nice    %sys %iowait    %irq   %soft  %steal  %guest  %gnice   %idle
03時46分09秒    0   20.43    0.00   12.90    0.00    0.00    3.23    0.00    0.00    0.00   63.44
03時46分09秒    1    9.09    0.00    0.00    0.00    0.00    1.30    0.00    0.00    0.00   89.61

03時46分09秒  CPU    %usr   %nice    %sys %iowait    %irq   %soft  %steal  %guest  %gnice   %idle
03時46分10秒    0   20.43    0.00   13.98    0.00    0.00    3.23    0.00    0.00    0.00   62.37
03時46分10秒    1    4.00    0.00    1.33    0.00    0.00    1.33    0.00    0.00    0.00   93.33

03時46分10秒  CPU    %usr   %nice    %sys %iowait    %irq   %soft  %steal  %guest  %gnice   %idle
03時46分11秒    0   18.09    0.00   15.96    0.00    0.00    4.26    0.00    0.00    0.00   61.70
03時46分11秒    1    2.67    0.00    1.33    0.00    0.00    1.33    0.00    0.00    0.00   94.67

03時46分11秒  CPU    %usr   %nice    %sys %iowait    %irq   %soft  %steal  %guest  %gnice   %idle
03時46分12秒    0   17.89    0.00   16.84    0.00    0.00    3.16    0.00    0.00    0.00   62.11
03時46分12秒    1    6.49    0.00    1.30    0.00    0.00    1.30    0.00    0.00    0.00   90.91

03時46分12秒  CPU    %usr   %nice    %sys %iowait    %irq   %soft  %steal  %guest  %gnice   %idle
03時46分13秒    0   21.51    0.00   13.98    0.00    0.00    3.23    0.00    0.00    0.00   61.29
03時46分13秒    1    6.58    0.00    1.32    0.00    0.00    2.63    0.00    0.00    0.00   89.47

03時46分13秒  CPU    %usr   %nice    %sys %iowait    %irq   %soft  %steal  %guest  %gnice   %idle
03時46分14秒    0   18.56    0.00   15.46    0.00    1.03    4.12    0.00    0.00    0.00   60.82
03時46分14秒    1    2.70    0.00    0.00    0.00    0.00    1.35    0.00    0.00    0.00   95.95

03時46分14秒  CPU    %usr   %nice    %sys %iowait    %irq   %soft  %steal  %guest  %gnice   %idle
03時46分15秒    0   21.51    0.00   12.90    0.00    0.00    3.23    0.00    0.00    0.00   62.37
03時46分15秒    1    6.49    0.00    1.30    0.00    0.00    1.30    0.00    0.00    0.00   90.91

03時46分15秒  CPU    %usr   %nice    %sys %iowait    %irq   %soft  %steal  %guest  %gnice   %idle
03時46分16秒    0   18.09    0.00   15.96    0.00    0.00    3.19    0.00    0.00    0.00   62.77
03時46分16秒    1    3.90    0.00    2.60    0.00    0.00    1.30    0.00    0.00    0.00   92.21

03時46分16秒  CPU    %usr   %nice    %sys %iowait    %irq   %soft  %steal  %guest  %gnice   %idle
03時46分17秒    0   18.09    0.00   15.96    0.00    0.00    4.26    0.00    0.00    0.00   61.70
03時46分17秒    1    4.00    0.00    1.33    0.00    0.00    1.33    0.00    0.00    0.00   93.33

03時46分17秒  CPU    %usr   %nice    %sys %iowait    %irq   %soft  %steal  %guest  %gnice   %idle
03時46分18秒    0   22.34    0.00   12.77    0.00    0.00    3.19    0.00    0.00    0.00   61.70
03時46分18秒    1    2.67    0.00    2.67    0.00    1.33    1.33    0.00    0.00    0.00   92.00

03時46分18秒  CPU    %usr   %nice    %sys %iowait    %irq   %soft  %steal  %guest  %gnice   %idle
03時46分19秒    0   20.43    0.00   12.90    0.00    0.00    4.30    0.00    0.00    0.00   62.37
03時46分19秒    1    5.33    0.00    0.00    0.00    0.00    1.33    0.00    0.00    0.00   93.33

03時46分19秒  CPU    %usr   %nice    %sys %iowait    %irq   %soft  %steal  %guest  %gnice   %idle
03時46分20秒    0   19.15    0.00   15.96    0.00    0.00    3.19    0.00    0.00    0.00   61.70
03時46分20秒    1    3.95    0.00    1.32    0.00    0.00    1.32    0.00    0.00    0.00   93.42

03時46分20秒  CPU    %usr   %nice    %sys %iowait    %irq   %soft  %steal  %guest  %gnice   %idle
03時46分21秒    0   23.16    0.00   11.58    0.00    0.00    3.16    0.00    0.00    0.00   62.11
03時46分21秒    1    5.19    0.00    2.60    0.00    0.00    1.30    0.00    0.00    0.00   90.91

03時46分21秒  CPU    %usr   %nice    %sys %iowait    %irq   %soft  %steal  %guest  %gnice   %idle
03時46分22秒    0   22.34    0.00   11.70    0.00    0.00    4.26    0.00    0.00    0.00   61.70
03時46分22秒    1    5.26    0.00    1.32    0.00    0.00    1.32    0.00    0.00    0.00   92.11

03時46分22秒  CPU    %usr   %nice    %sys %iowait    %irq   %soft  %steal  %guest  %gnice   %idle
03時46分23秒    0   19.15    0.00   15.96    0.00    0.00    3.19    0.00    0.00    0.00   61.70
03時46分23秒    1    1.39    0.00    0.00    0.00    0.00    1.39    0.00    0.00    0.00   97.22

03時46分23秒  CPU    %usr   %nice    %sys %iowait    %irq   %soft  %steal  %guest  %gnice   %idle
03時46分24秒    0   18.75    0.00   15.62    0.00    0.00    4.17    0.00    0.00    0.00   61.46
03時46分24秒    1    2.67    0.00    0.00    0.00    0.00    2.67    0.00    0.00    0.00   94.67

03時46分24秒  CPU    %usr   %nice    %sys %iowait    %irq   %soft  %steal  %guest  %gnice   %idle
03時46分25秒    0   21.28    0.00   13.83    0.00    0.00    3.19    0.00    0.00    0.00   61.70
03時46分25秒    1    5.33    0.00    0.00    0.00    0.00    1.33    0.00    0.00    0.00   93.33

03時46分25秒  CPU    %usr   %nice    %sys %iowait    %irq   %soft  %steal  %guest  %gnice   %idle
03時46分26秒    0   21.28    0.00   13.83    0.00    0.00    3.19    0.00    0.00    0.00   61.70
03時46分26秒    1    1.37    0.00    1.37    0.00    0.00    1.37    0.00    0.00    0.00   95.89

03時46分26秒  CPU    %usr   %nice    %sys %iowait    %irq   %soft  %steal  %guest  %gnice   %idle
03時46分27秒    0   17.02    0.00   17.02    0.00    0.00    4.26    0.00    0.00    0.00   61.70
03時46分27秒    1    4.00    0.00    1.33    0.00    0.00    1.33    0.00    0.00    0.00   93.33

03時46分27秒  CPU    %usr   %nice    %sys %iowait    %irq   %soft  %steal  %guest  %gnice   %idle
03時46分28秒    0   17.02    0.00   17.02    0.00    0.00    3.19    0.00    0.00    0.00   62.77
03時46分28秒    1    5.19    0.00    1.30    0.00    0.00    1.30    0.00    0.00    0.00   92.21

03時46分28秒  CPU    %usr   %nice    %sys %iowait    %irq   %soft  %steal  %guest  %gnice   %idle
03時46分29秒    0   20.21    0.00   14.89    0.00    0.00    3.19    0.00    0.00    0.00   61.70
03時46分29秒    1    2.67    0.00    1.33    0.00    0.00    1.33    0.00    0.00    0.00   94.67

03時46分29秒  CPU    %usr   %nice    %sys %iowait    %irq   %soft  %steal  %guest  %gnice   %idle
03時46分30秒    0   21.88    0.00   11.46    0.00    1.04    4.17    0.00    0.00    0.00   61.46
03時46分30秒    1    3.95    0.00    2.63    0.00    0.00    1.32    0.00    0.00    0.00   92.11

03時46分30秒  CPU    %usr   %nice    %sys %iowait    %irq   %soft  %steal  %guest  %gnice   %idle
03時46分31秒    0   21.05    0.00   14.74    0.00    0.00    3.16    0.00    0.00    0.00   61.05
03時46分31秒    1    3.95    0.00    2.63    0.00    0.00    1.32    0.00    0.00    0.00   92.11

03時46分31秒  CPU    %usr   %nice    %sys %iowait    %irq   %soft  %steal  %guest  %gnice   %idle
03時46分32秒    0   17.89    0.00   16.84    0.00    0.00    4.21    0.00    0.00    0.00   61.05
03時46分32秒    1    3.90    0.00    3.90    0.00    0.00    1.30    0.00    0.00    0.00   90.91

03時46分32秒  CPU    %usr   %nice    %sys %iowait    %irq   %soft  %steal  %guest  %gnice   %idle
03時46分33秒    0   23.40    0.00   12.77    0.00    0.00    3.19    0.00    0.00    0.00   60.64
03時46分33秒    1    7.79    0.00    1.30    0.00    1.30    1.30    0.00    0.00    0.00   88.31

03時46分33秒  CPU    %usr   %nice    %sys %iowait    %irq   %soft  %steal  %guest  %gnice   %idle
03時46分34秒    0   20.43    0.00   13.98    0.00    0.00    3.23    0.00    0.00    0.00   62.37
03時46分34秒    1    3.90    0.00    2.60    0.00    0.00    2.60    0.00    0.00    0.00   90.91

03時46分34秒  CPU    %usr   %nice    %sys %iowait    %irq   %soft  %steal  %guest  %gnice   %idle
03時46分35秒    0   20.43    0.00   13.98    0.00    0.00    4.30    0.00    0.00    0.00   61.29
03時46分35秒    1   10.26    0.00    1.28    0.00    0.00    1.28    0.00    0.00    0.00   87.18

03時46分35秒  CPU    %usr   %nice    %sys %iowait    %irq   %soft  %steal  %guest  %gnice   %idle
03時46分36秒    0   19.35    0.00   15.05    0.00    0.00    3.23    0.00    0.00    0.00   62.37
03時46分36秒    1    5.13    0.00    2.56    0.00    0.00    2.56    0.00    0.00    0.00   89.74

03時46分36秒  CPU    %usr   %nice    %sys %iowait    %irq   %soft  %steal  %guest  %gnice   %idle
03時46分37秒    0   21.88    0.00   14.58    0.00    0.00    4.17    0.00    0.00    0.00   59.38
03時46分37秒    1    5.33    0.00    1.33    0.00    0.00    1.33    0.00    0.00    0.00   92.00

03時46分37秒  CPU    %usr   %nice    %sys %iowait    %irq   %soft  %steal  %guest  %gnice   %idle
03時46分38秒    0   20.43    0.00   13.98    0.00    0.00    3.23    0.00    0.00    0.00   62.37
03時46分38秒    1    4.00    0.00    1.33    0.00    0.00    1.33    0.00    0.00    0.00   93.33

03時46分38秒  CPU    %usr   %nice    %sys %iowait    %irq   %soft  %steal  %guest  %gnice   %idle
03時46分39秒    0   21.51    0.00   15.05    0.00    0.00    3.23    0.00    0.00    0.00   60.22
03時46分39秒    1    7.89    0.00    1.32    0.00    0.00    2.63    0.00    0.00    0.00   88.16

03時46分39秒  CPU    %usr   %nice    %sys %iowait    %irq   %soft  %steal  %guest  %gnice   %idle
03時46分40秒    0   18.95    0.00   15.79    0.00    0.00    4.21    0.00    0.00    0.00   61.05
03時46分40秒    1    3.95    0.00    2.63    0.00    0.00    1.32    0.00    0.00    0.00   92.11

03時46分40秒  CPU    %usr   %nice    %sys %iowait    %irq   %soft  %steal  %guest  %gnice   %idle
03時46分41秒    0   17.20    0.00   17.20    0.00    0.00    3.23    0.00    0.00    0.00   62.37
03時46分41秒    1    7.69    0.00    1.28    0.00    0.00    2.56    0.00    0.00    0.00   88.46

03時46分41秒  CPU    %usr   %nice    %sys %iowait    %irq   %soft  %steal  %guest  %gnice   %idle
03時46分42秒    0   19.15    0.00   15.96    0.00    0.00    4.26    0.00    0.00    0.00   60.64
03時46分42秒    1    4.00    0.00    1.33    0.00    0.00    1.33    0.00    0.00    0.00   93.33

03時46分42秒  CPU    %usr   %nice    %sys %iowait    %irq   %soft  %steal  %guest  %gnice   %idle
03時46分43秒    0   20.43    0.00   15.05    0.00    0.00    3.23    0.00    0.00    0.00   61.29
03時46分43秒    1    8.97    0.00    2.56    0.00    0.00    1.28    0.00    0.00    0.00   87.18

03時46分43秒  CPU    %usr   %nice    %sys %iowait    %irq   %soft  %steal  %guest  %gnice   %idle
03時46分44秒    0   21.28    0.00   12.77    0.00    0.00    4.26    0.00    0.00    0.00   61.70
03時46分44秒    1    5.19    0.00    2.60    0.00    0.00    2.60    0.00    0.00    0.00   89.61

03時46分44秒  CPU    %usr   %nice    %sys %iowait    %irq   %soft  %steal  %guest  %gnice   %idle
03時46分45秒    0   20.00    0.00   14.74    0.00    1.05    3.16    0.00    0.00    0.00   61.05
03時46分45秒    1    7.69    0.00    3.85    0.00    0.00    1.28    0.00    0.00    0.00   87.18

平均時間：  CPU    %usr   %nice    %sys %iowait    %irq   %soft  %steal  %guest  %gnice   %idle
平均時間：    0   19.83    0.00   14.58    0.00    0.07    3.61    0.00    0.00    0.00   61.91
平均時間：    1    4.17    0.00    1.63    0.00    0.06    1.49    0.00    0.00    0.00   92.65
