Linux 5.6.15-arch1-1 (archlinux) 	西元2020年06月29日 	_x86_64_	(12 CPU)

05時53分00秒  CPU    %usr   %nice    %sys %iowait    %irq   %soft  %steal  %guest  %gnice   %idle
05時53分01秒    0   20.00    0.00   13.68    0.00    0.00    3.16    0.00    0.00    0.00   63.16
05時53分01秒    1    3.90    0.00    1.30    0.00    0.00    1.30    0.00    0.00    0.00   93.51

05時53分01秒  CPU    %usr   %nice    %sys %iowait    %irq   %soft  %steal  %guest  %gnice   %idle
05時53分02秒    0   19.79    0.00   13.54    0.00    0.00    4.17    0.00    0.00    0.00   62.50
05時53分02秒    1    4.00    0.00    0.00    0.00    0.00    1.33    0.00    0.00    0.00   94.67

05時53分02秒  CPU    %usr   %nice    %sys %iowait    %irq   %soft  %steal  %guest  %gnice   %idle
05時53分03秒    0   19.15    0.00   14.89    0.00    0.00    3.19    0.00    0.00    0.00   62.77
05時53分03秒    1    2.63    0.00    2.63    0.00    0.00    1.32    0.00    0.00    0.00   93.42

05時53分03秒  CPU    %usr   %nice    %sys %iowait    %irq   %soft  %steal  %guest  %gnice   %idle
05時53分04秒    0   17.35    0.00   17.35    0.00    0.00    4.08    0.00    0.00    0.00   61.22
05時53分04秒    1    5.19    0.00    1.30    0.00    0.00    1.30    0.00    0.00    0.00   92.21

05時53分04秒  CPU    %usr   %nice    %sys %iowait    %irq   %soft  %steal  %guest  %gnice   %idle
05時53分05秒    0   17.89    0.00   15.79    0.00    0.00    3.16    0.00    0.00    0.00   63.16
05時53分05秒    1    3.95    0.00    1.32    0.00    0.00    1.32    0.00    0.00    0.00   93.42

05時53分05秒  CPU    %usr   %nice    %sys %iowait    %irq   %soft  %steal  %guest  %gnice   %idle
05時53分06秒    0   18.95    0.00   13.68    0.00    0.00    4.21    0.00    0.00    0.00   63.16
05時53分06秒    1    3.85    0.00    2.56    0.00    0.00    2.56    0.00    0.00    0.00   91.03

05時53分06秒  CPU    %usr   %nice    %sys %iowait    %irq   %soft  %steal  %guest  %gnice   %idle
05時53分07秒    0   21.05    0.00   14.74    0.00    0.00    3.16    0.00    0.00    0.00   61.05
05時53分07秒    1    3.95    0.00    1.32    0.00    0.00    1.32    0.00    0.00    0.00   93.42

05時53分07秒  CPU    %usr   %nice    %sys %iowait    %irq   %soft  %steal  %guest  %gnice   %idle
05時53分08秒    0   20.62    0.00   13.40    0.00    0.00    4.12    0.00    0.00    0.00   61.86
05時53分08秒    1    5.19    0.00    1.30    0.00    0.00    1.30    0.00    0.00    0.00   92.21

05時53分08秒  CPU    %usr   %nice    %sys %iowait    %irq   %soft  %steal  %guest  %gnice   %idle
05時53分09秒    0   20.00    0.00   15.79    0.00    0.00    3.16    0.00    0.00    0.00   61.05
05時53分09秒    1    5.13    0.00    2.56    0.00    0.00    1.28    0.00    0.00    0.00   91.03

05時53分09秒  CPU    %usr   %nice    %sys %iowait    %irq   %soft  %steal  %guest  %gnice   %idle
05時53分10秒    0   19.79    0.00   13.54    0.00    0.00    4.17    0.00    0.00    0.00   62.50
05時53分10秒    1    3.95    0.00    1.32    0.00    0.00    1.32    0.00    0.00    0.00   93.42

05時53分10秒  CPU    %usr   %nice    %sys %iowait    %irq   %soft  %steal  %guest  %gnice   %idle
05時53分11秒    0   22.11    0.00   13.68    0.00    0.00    4.21    0.00    0.00    0.00   60.00
05時53分11秒    1    5.26    0.00    1.32    0.00    0.00    1.32    0.00    0.00    0.00   92.11

05時53分11秒  CPU    %usr   %nice    %sys %iowait    %irq   %soft  %steal  %guest  %gnice   %idle
05時53分12秒    0   18.75    0.00   14.58    0.00    1.04    3.12    0.00    0.00    0.00   62.50
05時53分12秒    1    3.95    0.00    1.32    0.00    0.00    1.32    0.00    0.00    0.00   93.42

05時53分12秒  CPU    %usr   %nice    %sys %iowait    %irq   %soft  %steal  %guest  %gnice   %idle
05時53分13秒    0   19.79    0.00   14.58    0.00    0.00    4.17    0.00    0.00    0.00   61.46
05時53分13秒    1    5.19    0.00    1.30    0.00    0.00    1.30    0.00    0.00    0.00   92.21

05時53分13秒  CPU    %usr   %nice    %sys %iowait    %irq   %soft  %steal  %guest  %gnice   %idle
05時53分14秒    0   18.75    0.00   15.62    0.00    0.00    3.12    0.00    0.00    0.00   62.50
05時53分14秒    1    3.95    0.00    0.00    0.00    0.00    2.63    0.00    0.00    0.00   93.42

05時53分14秒  CPU    %usr   %nice    %sys %iowait    %irq   %soft  %steal  %guest  %gnice   %idle
05時53分15秒    0   19.35    0.00   11.83    0.00    0.00    4.30    0.00    0.00    0.00   64.52
05時53分15秒    1    3.90    0.00    3.90    0.00    0.00    1.30    0.00    0.00    0.00   90.91

05時53分15秒  CPU    %usr   %nice    %sys %iowait    %irq   %soft  %steal  %guest  %gnice   %idle
05時53分16秒    0   17.71    0.00   16.67    0.00    0.00    3.12    0.00    0.00    0.00   62.50
05時53分16秒    1    2.63    0.00    1.32    0.00    0.00    1.32    0.00    0.00    0.00   94.74

05時53分16秒  CPU    %usr   %nice    %sys %iowait    %irq   %soft  %steal  %guest  %gnice   %idle
05時53分17秒    0   17.53    0.00   16.49    0.00    0.00    4.12    0.00    0.00    0.00   61.86
05時53分17秒    1    5.26    0.00    1.32    0.00    0.00    1.32    0.00    0.00    0.00   92.11

05時53分17秒  CPU    %usr   %nice    %sys %iowait    %irq   %soft  %steal  %guest  %gnice   %idle
05時53分18秒    0   19.79    0.00   14.58    0.00    0.00    3.12    0.00    0.00    0.00   62.50
05時53分18秒    1    2.63    0.00    2.63    0.00    0.00    1.32    0.00    0.00    0.00   93.42

05時53分18秒  CPU    %usr   %nice    %sys %iowait    %irq   %soft  %steal  %guest  %gnice   %idle
05時53分19秒    0   19.15    0.00   13.83    0.00    0.00    4.26    0.00    0.00    0.00   62.77
05時53分19秒    1    4.00    0.00    1.33    0.00    0.00    1.33    0.00    0.00    0.00   93.33

05時53分19秒  CPU    %usr   %nice    %sys %iowait    %irq   %soft  %steal  %guest  %gnice   %idle
05時53分20秒    0   17.89    0.00   15.79    0.00    0.00    3.16    0.00    0.00    0.00   63.16
05時53分20秒    1    5.13    0.00    1.28    0.00    0.00    1.28    0.00    0.00    0.00   92.31

05時53分20秒  CPU    %usr   %nice    %sys %iowait    %irq   %soft  %steal  %guest  %gnice   %idle
05時53分21秒    0   19.59    0.00   14.43    0.00    0.00    4.12    0.00    0.00    0.00   61.86
05時53分21秒    1    6.58    0.00    1.32    0.00    0.00    2.63    0.00    0.00    0.00   89.47

05時53分21秒  CPU    %usr   %nice    %sys %iowait    %irq   %soft  %steal  %guest  %gnice   %idle
05時53分22秒    0   19.35    0.00   13.98    0.00    0.00    3.23    0.00    0.00    0.00   63.44
05時53分22秒    1    5.00    0.00    3.75    0.00    1.25    1.25    0.00    0.00    0.00   88.75

05時53分22秒  CPU    %usr   %nice    %sys %iowait    %irq   %soft  %steal  %guest  %gnice   %idle
05時53分23秒    0   18.75    0.00   14.58    0.00    0.00    4.17    0.00    0.00    0.00   62.50
05時53分23秒    1    5.06    0.00    2.53    0.00    0.00    2.53    0.00    0.00    0.00   89.87

05時53分23秒  CPU    %usr   %nice    %sys %iowait    %irq   %soft  %steal  %guest  %gnice   %idle
05時53分24秒    0   18.95    0.00   14.74    0.00    0.00    3.16    0.00    0.00    0.00   63.16
05時53分24秒    1    5.26    0.00    1.32    0.00    0.00    1.32    0.00    0.00    0.00   92.11

05時53分24秒  CPU    %usr   %nice    %sys %iowait    %irq   %soft  %steal  %guest  %gnice   %idle
05時53分25秒    0   17.02    0.00   14.89    0.00    0.00    4.26    0.00    0.00    0.00   63.83
05時53分25秒    1    5.19    0.00    1.30    0.00    0.00    1.30    0.00    0.00    0.00   92.21

05時53分25秒  CPU    %usr   %nice    %sys %iowait    %irq   %soft  %steal  %guest  %gnice   %idle
05時53分26秒    0   18.95    0.00   15.79    0.00    0.00    3.16    0.00    0.00    0.00   62.11
05時53分26秒    1    5.13    0.00    1.28    0.00    0.00    2.56    0.00    0.00    0.00   91.03

05時53分26秒  CPU    %usr   %nice    %sys %iowait    %irq   %soft  %steal  %guest  %gnice   %idle
05時53分27秒    0   19.15    0.00   13.83    0.00    0.00    4.26    0.00    0.00    0.00   62.77
05時53分27秒    1    1.37    0.00    1.37    0.00    0.00    1.37    0.00    0.00    0.00   95.89

05時53分27秒  CPU    %usr   %nice    %sys %iowait    %irq   %soft  %steal  %guest  %gnice   %idle
05時53分28秒    0   17.02    0.00   15.96    0.00    0.00    4.26    0.00    0.00    0.00   62.77
05時53分28秒    1    2.67    0.00    1.33    0.00    0.00    2.67    0.00    0.00    0.00   93.33

05時53分28秒  CPU    %usr   %nice    %sys %iowait    %irq   %soft  %steal  %guest  %gnice   %idle
05時53分29秒    0   19.79    0.00   14.58    0.00    0.00    3.12    0.00    0.00    0.00   62.50
05時53分29秒    1    3.95    0.00    1.32    0.00    0.00    1.32    0.00    0.00    0.00   93.42

05時53分29秒  CPU    %usr   %nice    %sys %iowait    %irq   %soft  %steal  %guest  %gnice   %idle
05時53分30秒    0   21.65    0.00   12.37    0.00    1.03    4.12    0.00    0.00    0.00   60.82
05時53分30秒    1    5.13    0.00    2.56    0.00    0.00    1.28    0.00    0.00    0.00   91.03

05時53分30秒  CPU    %usr   %nice    %sys %iowait    %irq   %soft  %steal  %guest  %gnice   %idle
05時53分31秒    0   20.43    0.00   13.98    0.00    0.00    3.23    0.00    0.00    0.00   62.37
05時53分31秒    1    5.06    0.00    2.53    0.00    0.00    2.53    0.00    0.00    0.00   89.87

05時53分31秒  CPU    %usr   %nice    %sys %iowait    %irq   %soft  %steal  %guest  %gnice   %idle
05時53分32秒    0   17.89    0.00   14.74    0.00    0.00    4.21    0.00    0.00    0.00   63.16
05時53分32秒    1    5.26    0.00    1.32    0.00    0.00    1.32    0.00    0.00    0.00   92.11

05時53分32秒  CPU    %usr   %nice    %sys %iowait    %irq   %soft  %steal  %guest  %gnice   %idle
05時53分33秒    0   17.89    0.00   15.79    0.00    0.00    3.16    0.00    0.00    0.00   63.16
05時53分33秒    1    1.35    0.00    1.35    0.00    0.00    1.35    0.00    0.00    0.00   95.95

05時53分33秒  CPU    %usr   %nice    %sys %iowait    %irq   %soft  %steal  %guest  %gnice   %idle
05時53分34秒    0   16.84    0.00   16.84    0.00    0.00    4.21    0.00    0.00    0.00   62.11
05時53分34秒    1    3.95    0.00    1.32    0.00    0.00    1.32    0.00    0.00    0.00   93.42

05時53分34秒  CPU    %usr   %nice    %sys %iowait    %irq   %soft  %steal  %guest  %gnice   %idle
05時53分35秒    0   17.20    0.00   16.13    0.00    0.00    3.23    0.00    0.00    0.00   63.44
05時53分35秒    1    4.00    0.00    0.00    0.00    0.00    2.67    0.00    0.00    0.00   93.33

05時53分35秒  CPU    %usr   %nice    %sys %iowait    %irq   %soft  %steal  %guest  %gnice   %idle
05時53分36秒    0   19.35    0.00   12.90    0.00    0.00    4.30    0.00    0.00    0.00   63.44
05時53分36秒    1    1.37    0.00    0.00    0.00    0.00    1.37    0.00    0.00    0.00   97.26

05時53分36秒  CPU    %usr   %nice    %sys %iowait    %irq   %soft  %steal  %guest  %gnice   %idle
05時53分37秒    0   19.79    0.00   15.62    0.00    0.00    3.12    0.00    0.00    0.00   61.46
05時53分37秒    1    6.49    0.00    0.00    0.00    0.00    1.30    0.00    0.00    0.00   92.21

05時53分37秒  CPU    %usr   %nice    %sys %iowait    %irq   %soft  %steal  %guest  %gnice   %idle
05時53分38秒    0   17.71    0.00   16.67    0.00    0.00    4.17    0.00    0.00    0.00   61.46
05時53分38秒    1    5.26    0.00    0.00    0.00    0.00    1.32    0.00    0.00    0.00   93.42

05時53分38秒  CPU    %usr   %nice    %sys %iowait    %irq   %soft  %steal  %guest  %gnice   %idle
05時53分39秒    0   20.00    0.00   13.68    0.00    0.00    3.16    0.00    0.00    0.00   63.16
05時53分39秒    1    2.67    0.00    1.33    0.00    0.00    1.33    0.00    0.00    0.00   94.67

05時53分39秒  CPU    %usr   %nice    %sys %iowait    %irq   %soft  %steal  %guest  %gnice   %idle
05時53分40秒    0   19.59    0.00   14.43    0.00    0.00    4.12    0.00    0.00    0.00   61.86
05時53分40秒    1    5.06    0.00    3.80    0.00    0.00    1.27    0.00    0.00    0.00   89.87

05時53分40秒  CPU    %usr   %nice    %sys %iowait    %irq   %soft  %steal  %guest  %gnice   %idle
05時53分41秒    0   16.84    0.00   16.84    0.00    0.00    3.16    0.00    0.00    0.00   63.16
05時53分41秒    1    5.19    0.00    1.30    0.00    0.00    1.30    0.00    0.00    0.00   92.21

05時53分41秒  CPU    %usr   %nice    %sys %iowait    %irq   %soft  %steal  %guest  %gnice   %idle
05時53分42秒    0   20.00    0.00   13.68    0.00    0.00    4.21    0.00    0.00    0.00   62.11
05時53分42秒    1    1.35    0.00    1.35    0.00    0.00    2.70    0.00    0.00    0.00   94.59

05時53分42秒  CPU    %usr   %nice    %sys %iowait    %irq   %soft  %steal  %guest  %gnice   %idle
05時53分43秒    0   15.79    0.00   17.89    0.00    0.00    3.16    0.00    0.00    0.00   63.16
05時53分43秒    1    3.95    0.00    1.32    0.00    0.00    1.32    0.00    0.00    0.00   93.42

05時53分43秒  CPU    %usr   %nice    %sys %iowait    %irq   %soft  %steal  %guest  %gnice   %idle
05時53分44秒    0   19.79    0.00   14.58    0.00    0.00    4.17    0.00    0.00    0.00   61.46
05時53分44秒    1    2.67    0.00    1.33    0.00    0.00    1.33    0.00    0.00    0.00   94.67

05時53分44秒  CPU    %usr   %nice    %sys %iowait    %irq   %soft  %steal  %guest  %gnice   %idle
05時53分45秒    0   20.00    0.00   13.68    0.00    0.00    3.16    0.00    0.00    0.00   63.16
05時53分45秒    1    2.67    0.00    1.33    0.00    0.00    1.33    0.00    0.00    0.00   94.67

05時53分45秒  CPU    %usr   %nice    %sys %iowait    %irq   %soft  %steal  %guest  %gnice   %idle
05時53分46秒    0   17.71    0.00   16.67    0.00    0.00    4.17    0.00    0.00    0.00   61.46
05時53分46秒    1    4.00    0.00    1.33    0.00    0.00    1.33    0.00    0.00    0.00   93.33

05時53分46秒  CPU    %usr   %nice    %sys %iowait    %irq   %soft  %steal  %guest  %gnice   %idle
05時53分47秒    0   20.21    0.00   12.77    0.00    1.06    3.19    0.00    0.00    0.00   62.77
05時53分47秒    1    2.70    0.00    0.00    0.00    0.00    1.35    0.00    0.00    0.00   95.95

05時53分47秒  CPU    %usr   %nice    %sys %iowait    %irq   %soft  %steal  %guest  %gnice   %idle
05時53分48秒    0   16.49    0.00   16.49    0.00    0.00    4.12    0.00    0.00    0.00   62.89
05時53分48秒    1    3.95    0.00    1.32    0.00    0.00    1.32    0.00    0.00    0.00   93.42

05時53分48秒  CPU    %usr   %nice    %sys %iowait    %irq   %soft  %steal  %guest  %gnice   %idle
05時53分49秒    0   20.00    0.00   13.68    0.00    0.00    4.21    0.00    0.00    0.00   62.11
05時53分49秒    1    1.37    0.00    0.00    0.00    0.00    1.37    0.00    0.00    0.00   97.26

05時53分49秒  CPU    %usr   %nice    %sys %iowait    %irq   %soft  %steal  %guest  %gnice   %idle
05時53分50秒    0   14.89    0.00   18.09    0.00    0.00    3.19    0.00    0.00    0.00   63.83
05時53分50秒    1    1.35    0.00    0.00    0.00    0.00    2.70    0.00    0.00    0.00   95.95

05時53分50秒  CPU    %usr   %nice    %sys %iowait    %irq   %soft  %steal  %guest  %gnice   %idle
05時53分51秒    0   17.53    0.00   17.53    0.00    0.00    3.09    0.00    0.00    0.00   61.86
05時53分51秒    1    3.95    0.00    1.32    0.00    0.00    1.32    0.00    0.00    0.00   93.42

05時53分51秒  CPU    %usr   %nice    %sys %iowait    %irq   %soft  %steal  %guest  %gnice   %idle
05時53分52秒    0   20.83    0.00   12.50    0.00    0.00    4.17    0.00    0.00    0.00   62.50
05時53分52秒    1    3.90    0.00    2.60    0.00    0.00    1.30    0.00    0.00    0.00   92.21

05時53分52秒  CPU    %usr   %nice    %sys %iowait    %irq   %soft  %steal  %guest  %gnice   %idle
05時53分53秒    0   20.43    0.00   12.90    0.00    0.00    3.23    0.00    0.00    0.00   63.44
05時53分53秒    1    3.90    0.00    2.60    0.00    0.00    1.30    0.00    0.00    0.00   92.21

05時53分53秒  CPU    %usr   %nice    %sys %iowait    %irq   %soft  %steal  %guest  %gnice   %idle
05時53分54秒    0   19.59    0.00   14.43    0.00    0.00    4.12    0.00    0.00    0.00   61.86
05時53分54秒    1    2.70    0.00    0.00    0.00    0.00    1.35    0.00    0.00    0.00   95.95

05時53分54秒  CPU    %usr   %nice    %sys %iowait    %irq   %soft  %steal  %guest  %gnice   %idle
05時53分55秒    0   18.95    0.00   15.79    0.00    0.00    3.16    0.00    0.00    0.00   62.11
05時53分55秒    1    3.90    0.00    2.60    0.00    0.00    1.30    0.00    0.00    0.00   92.21

05時53分55秒  CPU    %usr   %nice    %sys %iowait    %irq   %soft  %steal  %guest  %gnice   %idle
05時53分56秒    0   17.71    0.00   15.62    0.00    0.00    4.17    0.00    0.00    0.00   62.50
05時53分56秒    1    5.26    0.00    0.00    0.00    0.00    1.32    0.00    0.00    0.00   93.42

05時53分56秒  CPU    %usr   %nice    %sys %iowait    %irq   %soft  %steal  %guest  %gnice   %idle
05時53分57秒    0   25.00    0.00   11.46    0.00    0.00    3.12    0.00    0.00    0.00   60.42
05時53分57秒    1    3.90    0.00    1.30    0.00    1.30    1.30    0.00    0.00    0.00   92.21

05時53分57秒  CPU    %usr   %nice    %sys %iowait    %irq   %soft  %steal  %guest  %gnice   %idle
05時53分58秒    0   21.88    0.00   11.46    0.00    0.00    4.17    0.00    0.00    0.00   62.50
05時53分58秒    1    2.60    0.00    2.60    0.00    0.00    2.60    0.00    0.00    0.00   92.21

05時53分58秒  CPU    %usr   %nice    %sys %iowait    %irq   %soft  %steal  %guest  %gnice   %idle
05時53分59秒    0   18.09    0.00   15.96    0.00    0.00    3.19    0.00    0.00    0.00   62.77
05時53分59秒    1    5.33    0.00    0.00    0.00    0.00    1.33    0.00    0.00    0.00   93.33

05時53分59秒  CPU    %usr   %nice    %sys %iowait    %irq   %soft  %steal  %guest  %gnice   %idle
05時54分00秒    0   14.58    0.00   18.75    0.00    0.00    4.17    0.00    0.00    0.00   62.50
05時54分00秒    1    5.13    0.00    2.56    0.00    0.00    1.28    0.00    0.00    0.00   91.03

05時54分00秒  CPU    %usr   %nice    %sys %iowait    %irq   %soft  %steal  %guest  %gnice   %idle
05時54分01秒    0   17.89    0.00   15.79    0.00    0.00    3.16    0.00    0.00    0.00   63.16
05時54分01秒    1    3.95    0.00    1.32    0.00    0.00    1.32    0.00    0.00    0.00   93.42

05時54分01秒  CPU    %usr   %nice    %sys %iowait    %irq   %soft  %steal  %guest  %gnice   %idle
05時54分02秒    0   19.79    0.00   15.62    0.00    0.00    4.17    0.00    0.00    0.00   60.42
05時54分02秒    1    5.26    0.00    1.32    0.00    0.00    1.32    0.00    0.00    0.00   92.11

05時54分02秒  CPU    %usr   %nice    %sys %iowait    %irq   %soft  %steal  %guest  %gnice   %idle
05時54分03秒    0   20.62    0.00   15.46    0.00    1.03    3.09    0.00    0.00    0.00   59.79
05時54分03秒    1    6.49    0.00    0.00    0.00    0.00    1.30    0.00    0.00    0.00   92.21

05時54分03秒  CPU    %usr   %nice    %sys %iowait    %irq   %soft  %steal  %guest  %gnice   %idle
05時54分04秒    0   17.53    0.00   16.49    0.00    0.00    4.12    0.00    0.00    0.00   61.86
05時54分04秒    1    2.63    0.00    2.63    0.00    0.00    1.32    0.00    0.00    0.00   93.42

05時54分04秒  CPU    %usr   %nice    %sys %iowait    %irq   %soft  %steal  %guest  %gnice   %idle
05時54分05秒    0   20.00    0.00   14.74    0.00    0.00    3.16    0.00    0.00    0.00   62.11
05時54分05秒    1    1.35    0.00    1.35    0.00    0.00    2.70    0.00    0.00    0.00   94.59

05時54分05秒  CPU    %usr   %nice    %sys %iowait    %irq   %soft  %steal  %guest  %gnice   %idle
05時54分06秒    0   18.95    0.00   13.68    0.00    0.00    4.21    0.00    0.00    0.00   63.16
05時54分06秒    1    3.95    0.00    1.32    0.00    0.00    1.32    0.00    0.00    0.00   93.42

05時54分06秒  CPU    %usr   %nice    %sys %iowait    %irq   %soft  %steal  %guest  %gnice   %idle
05時54分07秒    0   22.11    0.00   11.58    0.00    0.00    3.16    0.00    0.00    0.00   63.16
05時54分07秒    1    4.00    0.00    1.33    0.00    0.00    1.33    0.00    0.00    0.00   93.33

05時54分07秒  CPU    %usr   %nice    %sys %iowait    %irq   %soft  %steal  %guest  %gnice   %idle
05時54分08秒    0   19.79    0.00   14.58    0.00    0.00    4.17    0.00    0.00    0.00   61.46
05時54分08秒    1    3.95    0.00    1.32    0.00    0.00    1.32    0.00    0.00    0.00   93.42

05時54分08秒  CPU    %usr   %nice    %sys %iowait    %irq   %soft  %steal  %guest  %gnice   %idle
05時54分09秒    0   20.00    0.00   12.63    0.00    0.00    3.16    0.00    0.00    0.00   64.21
05時54分09秒    1    5.13    0.00    2.56    0.00    0.00    1.28    0.00    0.00    0.00   91.03

05時54分09秒  CPU    %usr   %nice    %sys %iowait    %irq   %soft  %steal  %guest  %gnice   %idle
05時54分10秒    0   16.84    0.00   16.84    0.00    0.00    4.21    0.00    0.00    0.00   62.11
05時54分10秒    1    5.26    0.00    0.00    0.00    0.00    1.32    0.00    0.00    0.00   93.42

05時54分10秒  CPU    %usr   %nice    %sys %iowait    %irq   %soft  %steal  %guest  %gnice   %idle
05時54分11秒    0   17.89    0.00   15.79    0.00    0.00    4.21    0.00    0.00    0.00   62.11
05時54分11秒    1    5.19    0.00    2.60    0.00    0.00    1.30    0.00    0.00    0.00   90.91

05時54分11秒  CPU    %usr   %nice    %sys %iowait    %irq   %soft  %steal  %guest  %gnice   %idle
05時54分12秒    0   15.79    0.00   17.89    0.00    0.00    3.16    0.00    0.00    0.00   63.16
05時54分12秒    1    3.90    0.00    1.30    0.00    0.00    2.60    0.00    0.00    0.00   92.21

05時54分12秒  CPU    %usr   %nice    %sys %iowait    %irq   %soft  %steal  %guest  %gnice   %idle
05時54分13秒    0   22.34    0.00   10.64    0.00    0.00    3.19    0.00    0.00    0.00   63.83
05時54分13秒    1    5.19    0.00    1.30    0.00    0.00    1.30    0.00    0.00    0.00   92.21

05時54分13秒  CPU    %usr   %nice    %sys %iowait    %irq   %soft  %steal  %guest  %gnice   %idle
05時54分14秒    0   20.83    0.00   12.50    0.00    0.00    4.17    0.00    0.00    0.00   62.50
05時54分14秒    1    2.63    0.00    1.32    0.00    0.00    1.32    0.00    0.00    0.00   94.74

05時54分14秒  CPU    %usr   %nice    %sys %iowait    %irq   %soft  %steal  %guest  %gnice   %idle
05時54分15秒    0   24.21    0.00    9.47    0.00    0.00    3.16    0.00    0.00    0.00   63.16
05時54分15秒    1    3.90    0.00    2.60    0.00    0.00    1.30    0.00    0.00    0.00   92.21

05時54分15秒  CPU    %usr   %nice    %sys %iowait    %irq   %soft  %steal  %guest  %gnice   %idle
05時54分16秒    0   20.62    0.00   14.43    0.00    0.00    4.12    0.00    0.00    0.00   60.82
05時54分16秒    1    4.00    0.00    1.33    0.00    0.00    1.33    0.00    0.00    0.00   93.33

05時54分16秒  CPU    %usr   %nice    %sys %iowait    %irq   %soft  %steal  %guest  %gnice   %idle
05時54分17秒    0   19.79    0.00   14.58    0.00    0.00    3.12    0.00    0.00    0.00   62.50
05時54分17秒    1    5.13    0.00    1.28    0.00    0.00    1.28    0.00    0.00    0.00   92.31

05時54分17秒  CPU    %usr   %nice    %sys %iowait    %irq   %soft  %steal  %guest  %gnice   %idle
05時54分18秒    0   21.05    0.00   11.58    0.00    0.00    4.21    0.00    0.00    0.00   63.16
05時54分18秒    1    3.95    0.00    1.32    0.00    1.32    1.32    0.00    0.00    0.00   92.11

05時54分18秒  CPU    %usr   %nice    %sys %iowait    %irq   %soft  %steal  %guest  %gnice   %idle
05時54分19秒    0   18.95    0.00   15.79    0.00    1.05    3.16    0.00    0.00    0.00   61.05
05時54分19秒    1    3.95    0.00    1.32    0.00    0.00    1.32    0.00    0.00    0.00   93.42

05時54分19秒  CPU    %usr   %nice    %sys %iowait    %irq   %soft  %steal  %guest  %gnice   %idle
05時54分20秒    0   19.79    0.00   14.58    0.00    0.00    4.17    0.00    0.00    0.00   61.46
05時54分20秒    1    2.70    0.00    0.00    0.00    0.00    2.70    0.00    0.00    0.00   94.59

05時54分20秒  CPU    %usr   %nice    %sys %iowait    %irq   %soft  %steal  %guest  %gnice   %idle
05時54分21秒    0   20.21    0.00   13.83    0.00    0.00    3.19    0.00    0.00    0.00   62.77
05時54分21秒    1    5.19    0.00    2.60    0.00    0.00    1.30    0.00    0.00    0.00   90.91

05時54分21秒  CPU    %usr   %nice    %sys %iowait    %irq   %soft  %steal  %guest  %gnice   %idle
05時54分22秒    0   19.59    0.00   14.43    0.00    0.00    4.12    0.00    0.00    0.00   61.86
05時54分22秒    1    3.95    0.00    1.32    0.00    0.00    1.32    0.00    0.00    0.00   93.42

05時54分22秒  CPU    %usr   %nice    %sys %iowait    %irq   %soft  %steal  %guest  %gnice   %idle
05時54分23秒    0   21.05    0.00   12.63    0.00    0.00    3.16    0.00    0.00    0.00   63.16
05時54分23秒    1    2.67    0.00    1.33    0.00    0.00    1.33    0.00    0.00    0.00   94.67

05時54分23秒  CPU    %usr   %nice    %sys %iowait    %irq   %soft  %steal  %guest  %gnice   %idle
05時54分24秒    0   15.79    0.00   17.89    0.00    0.00    4.21    0.00    0.00    0.00   62.11
05時54分24秒    1    3.95    0.00    1.32    0.00    0.00    1.32    0.00    0.00    0.00   93.42

05時54分24秒  CPU    %usr   %nice    %sys %iowait    %irq   %soft  %steal  %guest  %gnice   %idle
05時54分25秒    0   21.88    0.00   14.58    0.00    0.00    3.12    0.00    0.00    0.00   60.42
05時54分25秒    1    5.06    0.00    3.80    0.00    0.00    1.27    0.00    0.00    0.00   89.87

05時54分25秒  CPU    %usr   %nice    %sys %iowait    %irq   %soft  %steal  %guest  %gnice   %idle
05時54分26秒    0   18.75    0.00   14.58    0.00    0.00    4.17    0.00    0.00    0.00   62.50
05時54分26秒    1    1.35    0.00    1.35    0.00    0.00    1.35    0.00    0.00    0.00   95.95

05時54分26秒  CPU    %usr   %nice    %sys %iowait    %irq   %soft  %steal  %guest  %gnice   %idle
05時54分27秒    0   20.00    0.00   14.74    0.00    0.00    3.16    0.00    0.00    0.00   62.11
05時54分27秒    1    4.00    0.00    0.00    0.00    0.00    2.67    0.00    0.00    0.00   93.33

05時54分27秒  CPU    %usr   %nice    %sys %iowait    %irq   %soft  %steal  %guest  %gnice   %idle
05時54分28秒    0   16.67    0.00   16.67    0.00    0.00    4.17    0.00    0.00    0.00   62.50
05時54分28秒    1    3.95    0.00    1.32    0.00    0.00    1.32    0.00    0.00    0.00   93.42

05時54分28秒  CPU    %usr   %nice    %sys %iowait    %irq   %soft  %steal  %guest  %gnice   %idle
05時54分29秒    0   20.00    0.00   15.79    0.00    0.00    3.16    0.00    0.00    0.00   61.05
05時54分29秒    1    5.26    0.00    1.32    0.00    0.00    1.32    0.00    0.00    0.00   92.11

05時54分29秒  CPU    %usr   %nice    %sys %iowait    %irq   %soft  %steal  %guest  %gnice   %idle
05時54分30秒    0   19.79    0.00   14.58    0.00    0.00    4.17    0.00    0.00    0.00   61.46
05時54分30秒    1    2.63    0.00    2.63    0.00    0.00    1.32    0.00    0.00    0.00   93.42

05時54分30秒  CPU    %usr   %nice    %sys %iowait    %irq   %soft  %steal  %guest  %gnice   %idle
05時54分31秒    0   21.05    0.00   12.63    0.00    0.00    3.16    0.00    0.00    0.00   63.16
05時54分31秒    1    6.49    0.00    0.00    0.00    0.00    1.30    0.00    0.00    0.00   92.21

05時54分31秒  CPU    %usr   %nice    %sys %iowait    %irq   %soft  %steal  %guest  %gnice   %idle
05時54分32秒    0   18.95    0.00   14.74    0.00    0.00    4.21    0.00    0.00    0.00   62.11
05時54分32秒    1    5.19    0.00    1.30    0.00    0.00    1.30    0.00    0.00    0.00   92.21

05時54分32秒  CPU    %usr   %nice    %sys %iowait    %irq   %soft  %steal  %guest  %gnice   %idle
05時54分33秒    0   20.62    0.00   14.43    0.00    0.00    3.09    0.00    0.00    0.00   61.86
05時54分33秒    1    4.00    0.00    0.00    0.00    0.00    1.33    0.00    0.00    0.00   94.67

05時54分33秒  CPU    %usr   %nice    %sys %iowait    %irq   %soft  %steal  %guest  %gnice   %idle
05時54分34秒    0   21.51    0.00    9.68    0.00    0.00    4.30    0.00    0.00    0.00   64.52
05時54分34秒    1    1.33    0.00    1.33    0.00    1.33    1.33    0.00    0.00    0.00   94.67

05時54分34秒  CPU    %usr   %nice    %sys %iowait    %irq   %soft  %steal  %guest  %gnice   %idle
05時54分35秒    0   17.89    0.00   15.79    0.00    1.05    3.16    0.00    0.00    0.00   62.11
05時54分35秒    1    3.95    0.00    0.00    0.00    0.00    2.63    0.00    0.00    0.00   93.42

05時54分35秒  CPU    %usr   %nice    %sys %iowait    %irq   %soft  %steal  %guest  %gnice   %idle
05時54分36秒    0   16.67    0.00   16.67    0.00    0.00    4.17    0.00    0.00    0.00   62.50
05時54分36秒    1    3.90    0.00    2.60    0.00    0.00    1.30    0.00    0.00    0.00   92.21

05時54分36秒  CPU    %usr   %nice    %sys %iowait    %irq   %soft  %steal  %guest  %gnice   %idle
05時54分37秒    0   18.75    0.00   15.62    0.00    0.00    3.12    0.00    0.00    0.00   62.50
05時54分37秒    1    4.00    0.00    1.33    0.00    0.00    1.33    0.00    0.00    0.00   93.33

05時54分37秒  CPU    %usr   %nice    %sys %iowait    %irq   %soft  %steal  %guest  %gnice   %idle
05時54分38秒    0   19.59    0.00   15.46    0.00    0.00    4.12    0.00    0.00    0.00   60.82
05時54分38秒    1    2.63    0.00    2.63    0.00    0.00    1.32    0.00    0.00    0.00   93.42

05時54分38秒  CPU    %usr   %nice    %sys %iowait    %irq   %soft  %steal  %guest  %gnice   %idle
05時54分39秒    0   20.00    0.00   13.68    0.00    0.00    3.16    0.00    0.00    0.00   63.16
05時54分39秒    1    2.67    0.00    1.33    0.00    0.00    1.33    0.00    0.00    0.00   94.67

05時54分39秒  CPU    %usr   %nice    %sys %iowait    %irq   %soft  %steal  %guest  %gnice   %idle
05時54分40秒    0   17.89    0.00   15.79    0.00    0.00    4.21    0.00    0.00    0.00   62.11
05時54分40秒    1    3.95    0.00    1.32    0.00    0.00    1.32    0.00    0.00    0.00   93.42

05時54分40秒  CPU    %usr   %nice    %sys %iowait    %irq   %soft  %steal  %guest  %gnice   %idle
05時54分41秒    0   19.79    0.00   14.58    0.00    0.00    3.12    0.00    0.00    0.00   62.50
05時54分41秒    1    4.00    0.00    0.00    0.00    0.00    1.33    0.00    0.00    0.00   94.67

05時54分41秒  CPU    %usr   %nice    %sys %iowait    %irq   %soft  %steal  %guest  %gnice   %idle
05時54分42秒    0   20.83    0.00   12.50    0.00    0.00    4.17    0.00    0.00    0.00   62.50
05時54分42秒    1    2.60    0.00    2.60    0.00    0.00    1.30    0.00    0.00    0.00   93.51

05時54分42秒  CPU    %usr   %nice    %sys %iowait    %irq   %soft  %steal  %guest  %gnice   %idle
05時54分43秒    0   18.09    0.00   14.89    0.00    0.00    3.19    0.00    0.00    0.00   63.83
05時54分43秒    1    3.90    0.00    1.30    0.00    0.00    2.60    0.00    0.00    0.00   92.21

05時54分43秒  CPU    %usr   %nice    %sys %iowait    %irq   %soft  %steal  %guest  %gnice   %idle
05時54分44秒    0   16.67    0.00   16.67    0.00    0.00    4.17    0.00    0.00    0.00   62.50
05時54分44秒    1    1.35    0.00    1.35    0.00    0.00    1.35    0.00    0.00    0.00   95.95

05時54分44秒  CPU    %usr   %nice    %sys %iowait    %irq   %soft  %steal  %guest  %gnice   %idle
05時54分45秒    0   18.09    0.00   15.96    0.00    0.00    3.19    0.00    0.00    0.00   62.77
05時54分45秒    1    2.67    0.00    1.33    0.00    0.00    1.33    0.00    0.00    0.00   94.67

05時54分45秒  CPU    %usr   %nice    %sys %iowait    %irq   %soft  %steal  %guest  %gnice   %idle
05時54分46秒    0   17.53    0.00   16.49    0.00    0.00    4.12    0.00    0.00    0.00   61.86
05時54分46秒    1    3.95    0.00    1.32    0.00    0.00    1.32    0.00    0.00    0.00   93.42

05時54分46秒  CPU    %usr   %nice    %sys %iowait    %irq   %soft  %steal  %guest  %gnice   %idle
05時54分47秒    0   18.95    0.00   15.79    0.00    0.00    3.16    0.00    0.00    0.00   62.11
05時54分47秒    1    4.00    0.00    1.33    0.00    0.00    1.33    0.00    0.00    0.00   93.33

05時54分47秒  CPU    %usr   %nice    %sys %iowait    %irq   %soft  %steal  %guest  %gnice   %idle
05時54分48秒    0   18.09    0.00   14.89    0.00    0.00    4.26    0.00    0.00    0.00   62.77
05時54分48秒    1    2.70    0.00    0.00    0.00    0.00    1.35    0.00    0.00    0.00   95.95

05時54分48秒  CPU    %usr   %nice    %sys %iowait    %irq   %soft  %steal  %guest  %gnice   %idle
05時54分49秒    0   19.35    0.00   12.90    0.00    0.00    3.23    0.00    0.00    0.00   64.52
05時54分49秒    1    5.19    0.00    1.30    0.00    0.00    1.30    0.00    0.00    0.00   92.21

05時54分49秒  CPU    %usr   %nice    %sys %iowait    %irq   %soft  %steal  %guest  %gnice   %idle
05時54分50秒    0   20.62    0.00   14.43    0.00    0.00    4.12    0.00    0.00    0.00   60.82
05時54分50秒    1    3.85    0.00    2.56    0.00    0.00    2.56    0.00    0.00    0.00   91.03

05時54分50秒  CPU    %usr   %nice    %sys %iowait    %irq   %soft  %steal  %guest  %gnice   %idle
05時54分51秒    0   19.59    0.00   14.43    0.00    1.03    3.09    0.00    0.00    0.00   61.86
05時54分51秒    1    5.26    0.00    1.32    0.00    0.00    1.32    0.00    0.00    0.00   92.11

05時54分51秒  CPU    %usr   %nice    %sys %iowait    %irq   %soft  %steal  %guest  %gnice   %idle
05時54分52秒    0   15.62    0.00   17.71    0.00    0.00    4.17    0.00    0.00    0.00   62.50
05時54分52秒    1    2.60    0.00    3.90    0.00    0.00    1.30    0.00    0.00    0.00   92.21

05時54分52秒  CPU    %usr   %nice    %sys %iowait    %irq   %soft  %steal  %guest  %gnice   %idle
05時54分53秒    0   18.95    0.00   15.79    0.00    0.00    3.16    0.00    0.00    0.00   62.11
05時54分53秒    1    5.19    0.00    1.30    0.00    0.00    1.30    0.00    0.00    0.00   92.21

05時54分53秒  CPU    %usr   %nice    %sys %iowait    %irq   %soft  %steal  %guest  %gnice   %idle
05時54分54秒    0   18.56    0.00   15.46    0.00    0.00    4.12    0.00    0.00    0.00   61.86
05時54分54秒    1    5.13    0.00    2.56    0.00    0.00    1.28    0.00    0.00    0.00   91.03

05時54分54秒  CPU    %usr   %nice    %sys %iowait    %irq   %soft  %steal  %guest  %gnice   %idle
05時54分55秒    0   22.92    0.00   13.54    0.00    0.00    3.12    0.00    0.00    0.00   60.42
05時54分55秒    1    5.19    0.00    1.30    0.00    0.00    1.30    0.00    0.00    0.00   92.21

05時54分55秒  CPU    %usr   %nice    %sys %iowait    %irq   %soft  %steal  %guest  %gnice   %idle
05時54分56秒    0   20.00    0.00   14.74    0.00    0.00    4.21    0.00    0.00    0.00   61.05
05時54分56秒    1    3.90    0.00    2.60    0.00    0.00    1.30    0.00    0.00    0.00   92.21

05時54分56秒  CPU    %usr   %nice    %sys %iowait    %irq   %soft  %steal  %guest  %gnice   %idle
05時54分57秒    0   19.57    0.00   13.04    0.00    0.00    3.26    0.00    0.00    0.00   64.13
05時54分57秒    1    1.37    0.00    0.00    0.00    0.00    1.37    0.00    0.00    0.00   97.26

05時54分57秒  CPU    %usr   %nice    %sys %iowait    %irq   %soft  %steal  %guest  %gnice   %idle
05時54分58秒    0   19.59    0.00   14.43    0.00    0.00    4.12    0.00    0.00    0.00   61.86
05時54分58秒    1    5.19    0.00    1.30    0.00    0.00    2.60    0.00    0.00    0.00   90.91

05時54分58秒  CPU    %usr   %nice    %sys %iowait    %irq   %soft  %steal  %guest  %gnice   %idle
05時54分59秒    0   20.00    0.00   15.79    0.00    0.00    3.16    0.00    0.00    0.00   61.05
05時54分59秒    1    3.90    0.00    1.30    0.00    0.00    1.30    0.00    0.00    0.00   93.51

05時54分59秒  CPU    %usr   %nice    %sys %iowait    %irq   %soft  %steal  %guest  %gnice   %idle
05時55分00秒    0   17.53    0.00   16.49    0.00    0.00    4.12    0.00    0.00    0.00   61.86
05時55分00秒    1    3.95    0.00    2.63    0.00    0.00    1.32    0.00    0.00    0.00   92.11

平均時間：  CPU    %usr   %nice    %sys %iowait    %irq   %soft  %steal  %guest  %gnice   %idle
平均時間：    0   19.17    0.00   14.76    0.00    0.06    3.68    0.00    0.00    0.00   62.33
平均時間：    1    3.96    0.00    1.46    0.00    0.04    1.52    0.00    0.00    0.00   93.02
