Linux 5.6.15-arch1-1 (archlinux) 	西元2020年06月29日 	_x86_64_	(12 CPU)

06時00分51秒  CPU    %usr   %nice    %sys %iowait    %irq   %soft  %steal  %guest  %gnice   %idle
06時00分52秒    0   18.75    0.00   14.58    0.00    0.00    3.12    0.00    0.00    0.00   63.54
06時00分52秒    1    3.95    0.00    1.32    0.00    0.00    1.32    0.00    0.00    0.00   93.42

06時00分52秒  CPU    %usr   %nice    %sys %iowait    %irq   %soft  %steal  %guest  %gnice   %idle
06時00分53秒    0   19.15    0.00   15.96    0.00    0.00    3.19    0.00    0.00    0.00   61.70
06時00分53秒    1    1.37    0.00    0.00    0.00    0.00    1.37    0.00    0.00    0.00   97.26

06時00分53秒  CPU    %usr   %nice    %sys %iowait    %irq   %soft  %steal  %guest  %gnice   %idle
06時00分54秒    0   18.28    0.00   12.90    0.00    0.00    4.30    0.00    0.00    0.00   64.52
06時00分54秒    1    5.13    0.00    2.56    0.00    0.00    1.28    0.00    0.00    0.00   91.03

06時00分54秒  CPU    %usr   %nice    %sys %iowait    %irq   %soft  %steal  %guest  %gnice   %idle
06時00分55秒    0   17.89    0.00   15.79    0.00    0.00    3.16    0.00    0.00    0.00   63.16
06時00分55秒    1    2.67    0.00    1.33    0.00    0.00    1.33    0.00    0.00    0.00   94.67

06時00分55秒  CPU    %usr   %nice    %sys %iowait    %irq   %soft  %steal  %guest  %gnice   %idle
06時00分56秒    0   20.21    0.00   11.70    0.00    0.00    3.19    0.00    0.00    0.00   64.89
06時00分56秒    1    2.63    0.00    1.32    0.00    0.00    1.32    0.00    0.00    0.00   94.74

06時00分56秒  CPU    %usr   %nice    %sys %iowait    %irq   %soft  %steal  %guest  %gnice   %idle
06時00分57秒    0   18.56    0.00   14.43    0.00    0.00    4.12    0.00    0.00    0.00   62.89
06時00分57秒    1    5.26    0.00    1.32    0.00    0.00    1.32    0.00    0.00    0.00   92.11

06時00分57秒  CPU    %usr   %nice    %sys %iowait    %irq   %soft  %steal  %guest  %gnice   %idle
06時00分58秒    0   18.09    0.00   14.89    0.00    0.00    3.19    0.00    0.00    0.00   63.83
06時00分58秒    1    2.60    0.00    1.30    0.00    0.00    2.60    0.00    0.00    0.00   93.51

06時00分58秒  CPU    %usr   %nice    %sys %iowait    %irq   %soft  %steal  %guest  %gnice   %idle
06時00分59秒    0   20.00    0.00   13.68    0.00    1.05    3.16    0.00    0.00    0.00   62.11
06時00分59秒    1    2.63    0.00    1.32    0.00    0.00    1.32    0.00    0.00    0.00   94.74

06時00分59秒  CPU    %usr   %nice    %sys %iowait    %irq   %soft  %steal  %guest  %gnice   %idle
06時01分00秒    0   14.74    0.00   16.84    0.00    0.00    4.21    0.00    0.00    0.00   64.21
06時01分00秒    1    3.95    0.00    1.32    0.00    0.00    1.32    0.00    0.00    0.00   93.42

06時01分00秒  CPU    %usr   %nice    %sys %iowait    %irq   %soft  %steal  %guest  %gnice   %idle
06時01分01秒    0   17.02    0.00   15.96    0.00    0.00    3.19    0.00    0.00    0.00   63.83
06時01分01秒    1    2.63    0.00    1.32    0.00    0.00    1.32    0.00    0.00    0.00   94.74

06時01分01秒  CPU    %usr   %nice    %sys %iowait    %irq   %soft  %steal  %guest  %gnice   %idle
06時01分02秒    0   17.89    0.00   15.79    0.00    0.00    3.16    0.00    0.00    0.00   63.16
06時01分02秒    1    3.95    0.00    1.32    0.00    0.00    1.32    0.00    0.00    0.00   93.42

06時01分02秒  CPU    %usr   %nice    %sys %iowait    %irq   %soft  %steal  %guest  %gnice   %idle
06時01分03秒    0   18.09    0.00   13.83    0.00    0.00    4.26    0.00    0.00    0.00   63.83
06時01分03秒    1    6.49    0.00    1.30    0.00    0.00    1.30    0.00    0.00    0.00   90.91

06時01分03秒  CPU    %usr   %nice    %sys %iowait    %irq   %soft  %steal  %guest  %gnice   %idle
06時01分04秒    0   18.95    0.00   13.68    0.00    0.00    3.16    0.00    0.00    0.00   64.21
06時01分04秒    1    5.26    0.00    0.00    0.00    0.00    1.32    0.00    0.00    0.00   93.42

06時01分04秒  CPU    %usr   %nice    %sys %iowait    %irq   %soft  %steal  %guest  %gnice   %idle
06時01分05秒    0   17.89    0.00   14.74    0.00    0.00    3.16    0.00    0.00    0.00   64.21
06時01分05秒    1    3.95    0.00    1.32    0.00    0.00    1.32    0.00    0.00    0.00   93.42

06時01分05秒  CPU    %usr   %nice    %sys %iowait    %irq   %soft  %steal  %guest  %gnice   %idle
06時01分06秒    0   17.02    0.00   15.96    0.00    0.00    3.19    0.00    0.00    0.00   63.83
06時01分06秒    1    3.95    0.00    1.32    0.00    0.00    1.32    0.00    0.00    0.00   93.42

06時01分06秒  CPU    %usr   %nice    %sys %iowait    %irq   %soft  %steal  %guest  %gnice   %idle
06時01分07秒    0   21.88    0.00   13.54    0.00    0.00    4.17    0.00    0.00    0.00   60.42
06時01分07秒    1    4.00    0.00    0.00    0.00    0.00    1.33    0.00    0.00    0.00   94.67

06時01分07秒  CPU    %usr   %nice    %sys %iowait    %irq   %soft  %steal  %guest  %gnice   %idle
06時01分08秒    0   18.95    0.00   13.68    0.00    0.00    3.16    0.00    0.00    0.00   64.21
06時01分08秒    1    2.60    0.00    2.60    0.00    0.00    1.30    0.00    0.00    0.00   93.51

06時01分08秒  CPU    %usr   %nice    %sys %iowait    %irq   %soft  %steal  %guest  %gnice   %idle
06時01分09秒    0   13.68    0.00   21.05    0.00    0.00    3.16    0.00    0.00    0.00   62.11
06時01分09秒    1    3.90    0.00    2.60    0.00    0.00    2.60    0.00    0.00    0.00   90.91

06時01分09秒  CPU    %usr   %nice    %sys %iowait    %irq   %soft  %steal  %guest  %gnice   %idle
06時01分10秒    0   19.35    0.00   10.75    0.00    0.00    4.30    0.00    0.00    0.00   65.59
06時01分10秒    1    2.67    0.00    1.33    0.00    0.00    1.33    0.00    0.00    0.00   94.67

06時01分10秒  CPU    %usr   %nice    %sys %iowait    %irq   %soft  %steal  %guest  %gnice   %idle
06時01分11秒    0   18.75    0.00   15.62    0.00    0.00    3.12    0.00    0.00    0.00   62.50
06時01分11秒    1    3.95    0.00    1.32    0.00    0.00    1.32    0.00    0.00    0.00   93.42

06時01分11秒  CPU    %usr   %nice    %sys %iowait    %irq   %soft  %steal  %guest  %gnice   %idle
06時01分12秒    0   13.19    0.00   17.58    0.00    0.00    3.30    0.00    0.00    0.00   65.93
06時01分12秒    1    5.19    0.00    1.30    0.00    0.00    1.30    0.00    0.00    0.00   92.21

06時01分12秒  CPU    %usr   %nice    %sys %iowait    %irq   %soft  %steal  %guest  %gnice   %idle
06時01分13秒    0   16.84    0.00   14.74    0.00    0.00    4.21    0.00    0.00    0.00   64.21
06時01分13秒    1    1.33    0.00    1.33    0.00    0.00    1.33    0.00    0.00    0.00   96.00

06時01分13秒  CPU    %usr   %nice    %sys %iowait    %irq   %soft  %steal  %guest  %gnice   %idle
06時01分14秒    0   17.89    0.00   15.79    0.00    0.00    3.16    0.00    0.00    0.00   63.16
06時01分14秒    1    5.19    0.00    1.30    0.00    0.00    1.30    0.00    0.00    0.00   92.21

06時01分14秒  CPU    %usr   %nice    %sys %iowait    %irq   %soft  %steal  %guest  %gnice   %idle
06時01分15秒    0   17.89    0.00   13.68    0.00    1.05    3.16    0.00    0.00    0.00   64.21
06時01分15秒    1    3.85    0.00    3.85    0.00    0.00    1.28    0.00    0.00    0.00   91.03

06時01分15秒  CPU    %usr   %nice    %sys %iowait    %irq   %soft  %steal  %guest  %gnice   %idle
06時01分16秒    0   15.96    0.00   15.96    0.00    0.00    4.26    0.00    0.00    0.00   63.83
06時01分16秒    1    2.67    0.00    2.67    0.00    0.00    1.33    0.00    0.00    0.00   93.33

06時01分16秒  CPU    %usr   %nice    %sys %iowait    %irq   %soft  %steal  %guest  %gnice   %idle
06時01分17秒    0   18.09    0.00   14.89    0.00    0.00    3.19    0.00    0.00    0.00   63.83
06時01分17秒    1    2.63    0.00    1.32    0.00    1.32    1.32    0.00    0.00    0.00   93.42

06時01分17秒  CPU    %usr   %nice    %sys %iowait    %irq   %soft  %steal  %guest  %gnice   %idle
06時01分18秒    0   17.02    0.00   14.89    0.00    0.00    3.19    0.00    0.00    0.00   64.89
06時01分18秒    1    2.60    0.00    2.60    0.00    0.00    1.30    0.00    0.00    0.00   93.51

06時01分18秒  CPU    %usr   %nice    %sys %iowait    %irq   %soft  %steal  %guest  %gnice   %idle
06時01分19秒    0   18.75    0.00   14.58    0.00    0.00    4.17    0.00    0.00    0.00   62.50
06時01分19秒    1    4.00    0.00    0.00    0.00    0.00    1.33    0.00    0.00    0.00   94.67

06時01分19秒  CPU    %usr   %nice    %sys %iowait    %irq   %soft  %steal  %guest  %gnice   %idle
06時01分20秒    0   20.65    0.00   11.96    0.00    0.00    3.26    0.00    0.00    0.00   64.13
06時01分20秒    1    5.13    0.00    1.28    0.00    0.00    2.56    0.00    0.00    0.00   91.03

06時01分20秒  CPU    %usr   %nice    %sys %iowait    %irq   %soft  %steal  %guest  %gnice   %idle
06時01分21秒    0   19.35    0.00   12.90    0.00    0.00    3.23    0.00    0.00    0.00   64.52
06時01分21秒    1    2.70    0.00    1.35    0.00    0.00    1.35    0.00    0.00    0.00   94.59

06時01分21秒  CPU    %usr   %nice    %sys %iowait    %irq   %soft  %steal  %guest  %gnice   %idle
06時01分22秒    0   17.89    0.00   14.74    0.00    0.00    4.21    0.00    0.00    0.00   63.16
06時01分22秒    1    5.13    0.00    1.28    0.00    0.00    1.28    0.00    0.00    0.00   92.31

06時01分22秒  CPU    %usr   %nice    %sys %iowait    %irq   %soft  %steal  %guest  %gnice   %idle
06時01分23秒    0   19.15    0.00   12.77    0.00    0.00    3.19    0.00    0.00    0.00   64.89
06時01分23秒    1    1.33    0.00    2.67    0.00    0.00    1.33    0.00    0.00    0.00   94.67

06時01分23秒  CPU    %usr   %nice    %sys %iowait    %irq   %soft  %steal  %guest  %gnice   %idle
06時01分24秒    0   15.05    0.00   17.20    0.00    0.00    3.23    0.00    0.00    0.00   64.52
06時01分24秒    1    2.63    0.00    2.63    0.00    0.00    1.32    0.00    0.00    0.00   93.42

06時01分24秒  CPU    %usr   %nice    %sys %iowait    %irq   %soft  %steal  %guest  %gnice   %idle
06時01分25秒    0   19.15    0.00   11.70    0.00    0.00    4.26    0.00    0.00    0.00   64.89
06時01分25秒    1    2.67    0.00    1.33    0.00    0.00    1.33    0.00    0.00    0.00   94.67

06時01分25秒  CPU    %usr   %nice    %sys %iowait    %irq   %soft  %steal  %guest  %gnice   %idle
06時01分26秒    0   17.02    0.00   17.02    0.00    0.00    3.19    0.00    0.00    0.00   62.77
06時01分26秒    1    2.67    0.00    1.33    0.00    0.00    1.33    0.00    0.00    0.00   94.67

06時01分26秒  CPU    %usr   %nice    %sys %iowait    %irq   %soft  %steal  %guest  %gnice   %idle
06時01分27秒    0   18.89    0.00   11.11    0.00    0.00    3.33    0.00    0.00    0.00   66.67
06時01分27秒    1    2.70    0.00    1.35    0.00    0.00    1.35    0.00    0.00    0.00   94.59

06時01分27秒  CPU    %usr   %nice    %sys %iowait    %irq   %soft  %steal  %guest  %gnice   %idle
06時01分28秒    0   15.62    0.00   16.67    0.00    0.00    4.17    0.00    0.00    0.00   63.54
06時01分28秒    1    5.13    0.00    1.28    0.00    0.00    1.28    0.00    0.00    0.00   92.31

06時01分28秒  CPU    %usr   %nice    %sys %iowait    %irq   %soft  %steal  %guest  %gnice   %idle
06時01分29秒    0   18.95    0.00   14.74    0.00    0.00    3.16    0.00    0.00    0.00   63.16
06時01分29秒    1    5.13    0.00    1.28    0.00    0.00    2.56    0.00    0.00    0.00   91.03

06時01分29秒  CPU    %usr   %nice    %sys %iowait    %irq   %soft  %steal  %guest  %gnice   %idle
06時01分30秒    0   19.79    0.00   12.50    0.00    1.04    3.12    0.00    0.00    0.00   63.54
06時01分30秒    1    2.67    0.00    1.33    0.00    0.00    1.33    0.00    0.00    0.00   94.67

06時01分30秒  CPU    %usr   %nice    %sys %iowait    %irq   %soft  %steal  %guest  %gnice   %idle
06時01分31秒    0   16.84    0.00   15.79    0.00    0.00    4.21    0.00    0.00    0.00   63.16
06時01分31秒    1    2.63    0.00    2.63    0.00    0.00    1.32    0.00    0.00    0.00   93.42

06時01分31秒  CPU    %usr   %nice    %sys %iowait    %irq   %soft  %steal  %guest  %gnice   %idle
06時01分32秒    0   15.96    0.00   15.96    0.00    0.00    3.19    0.00    0.00    0.00   64.89
06時01分32秒    1    2.63    0.00    2.63    0.00    0.00    1.32    0.00    0.00    0.00   93.42

06時01分32秒  CPU    %usr   %nice    %sys %iowait    %irq   %soft  %steal  %guest  %gnice   %idle
06時01分33秒    0   18.09    0.00   13.83    0.00    0.00    3.19    0.00    0.00    0.00   64.89
06時01分33秒    1    2.67    0.00    1.33    0.00    0.00    1.33    0.00    0.00    0.00   94.67

06時01分33秒  CPU    %usr   %nice    %sys %iowait    %irq   %soft  %steal  %guest  %gnice   %idle
06時01分34秒    0   19.78    0.00   10.99    0.00    0.00    3.30    0.00    0.00    0.00   65.93
06時01分34秒    1    1.35    0.00    1.35    0.00    0.00    1.35    0.00    0.00    0.00   95.95

06時01分34秒  CPU    %usr   %nice    %sys %iowait    %irq   %soft  %steal  %guest  %gnice   %idle
06時01分35秒    0   19.15    0.00   12.77    0.00    0.00    4.26    0.00    0.00    0.00   63.83
06時01分35秒    1    5.26    0.00    0.00    0.00    0.00    1.32    0.00    0.00    0.00   93.42

06時01分35秒  CPU    %usr   %nice    %sys %iowait    %irq   %soft  %steal  %guest  %gnice   %idle
06時01分36秒    0   17.20    0.00   15.05    0.00    0.00    3.23    0.00    0.00    0.00   64.52
06時01分36秒    1    2.67    0.00    1.33    0.00    0.00    1.33    0.00    0.00    0.00   94.67

06時01分36秒  CPU    %usr   %nice    %sys %iowait    %irq   %soft  %steal  %guest  %gnice   %idle
06時01分37秒    0   18.95    0.00   13.68    0.00    0.00    3.16    0.00    0.00    0.00   64.21
06時01分37秒    1    5.26    0.00    0.00    0.00    0.00    1.32    0.00    0.00    0.00   93.42

06時01分37秒  CPU    %usr   %nice    %sys %iowait    %irq   %soft  %steal  %guest  %gnice   %idle
06時01分38秒    0   18.95    0.00   13.68    0.00    0.00    4.21    0.00    0.00    0.00   63.16
06時01分38秒    1    5.19    0.00    1.30    0.00    0.00    1.30    0.00    0.00    0.00   92.21

06時01分38秒  CPU    %usr   %nice    %sys %iowait    %irq   %soft  %steal  %guest  %gnice   %idle
06時01分39秒    0   18.48    0.00   13.04    0.00    0.00    3.26    0.00    0.00    0.00   65.22
06時01分39秒    1    2.60    0.00    2.60    0.00    0.00    2.60    0.00    0.00    0.00   92.21

06時01分39秒  CPU    %usr   %nice    %sys %iowait    %irq   %soft  %steal  %guest  %gnice   %idle
06時01分40秒    0   17.02    0.00   14.89    0.00    0.00    3.19    0.00    0.00    0.00   64.89
06時01分40秒    1    2.63    0.00    2.63    0.00    0.00    1.32    0.00    0.00    0.00   93.42

06時01分40秒  CPU    %usr   %nice    %sys %iowait    %irq   %soft  %steal  %guest  %gnice   %idle
06時01分41秒    0   18.09    0.00   13.83    0.00    0.00    4.26    0.00    0.00    0.00   63.83
06時01分41秒    1    2.67    0.00    1.33    0.00    0.00    1.33    0.00    0.00    0.00   94.67

06時01分41秒  CPU    %usr   %nice    %sys %iowait    %irq   %soft  %steal  %guest  %gnice   %idle
06時01分42秒    0   16.13    0.00   15.05    0.00    0.00    3.23    0.00    0.00    0.00   65.59
06時01分42秒    1    2.67    0.00    1.33    0.00    0.00    1.33    0.00    0.00    0.00   94.67

06時01分42秒  CPU    %usr   %nice    %sys %iowait    %irq   %soft  %steal  %guest  %gnice   %idle
06時01分43秒    0   15.05    0.00   16.13    0.00    0.00    3.23    0.00    0.00    0.00   65.59
06時01分43秒    1    3.90    0.00    2.60    0.00    0.00    1.30    0.00    0.00    0.00   92.21

06時01分43秒  CPU    %usr   %nice    %sys %iowait    %irq   %soft  %steal  %guest  %gnice   %idle
06時01分44秒    0   17.39    0.00   14.13    0.00    0.00    4.35    0.00    0.00    0.00   64.13
06時01分44秒    1    3.90    0.00    2.60    0.00    0.00    1.30    0.00    0.00    0.00   92.21

06時01分44秒  CPU    %usr   %nice    %sys %iowait    %irq   %soft  %steal  %guest  %gnice   %idle
06時01分45秒    0   18.56    0.00   15.46    0.00    0.00    3.09    0.00    0.00    0.00   62.89
06時01分45秒    1    2.67    0.00    1.33    0.00    0.00    1.33    0.00    0.00    0.00   94.67

06時01分45秒  CPU    %usr   %nice    %sys %iowait    %irq   %soft  %steal  %guest  %gnice   %idle
06時01分46秒    0   17.20    0.00   13.98    0.00    1.08    3.23    0.00    0.00    0.00   64.52
06時01分46秒    1    3.95    0.00    0.00    0.00    1.32    1.32    0.00    0.00    0.00   93.42

06時01分46秒  CPU    %usr   %nice    %sys %iowait    %irq   %soft  %steal  %guest  %gnice   %idle
06時01分47秒    0   20.62    0.00   13.40    0.00    0.00    4.12    0.00    0.00    0.00   61.86
06時01分47秒    1    3.95    0.00    1.32    0.00    0.00    1.32    0.00    0.00    0.00   93.42

06時01分47秒  CPU    %usr   %nice    %sys %iowait    %irq   %soft  %steal  %guest  %gnice   %idle
06時01分48秒    0   20.83    0.00   12.50    0.00    0.00    3.12    0.00    0.00    0.00   63.54
06時01分48秒    1    2.63    0.00    1.32    0.00    0.00    1.32    0.00    0.00    0.00   94.74

06時01分48秒  CPU    %usr   %nice    %sys %iowait    %irq   %soft  %steal  %guest  %gnice   %idle
06時01分49秒    0   17.39    0.00   14.13    0.00    0.00    3.26    0.00    0.00    0.00   65.22
06時01分49秒    1    3.95    0.00    1.32    0.00    0.00    1.32    0.00    0.00    0.00   93.42

06時01分49秒  CPU    %usr   %nice    %sys %iowait    %irq   %soft  %steal  %guest  %gnice   %idle
06時01分50秒    0   19.59    0.00   13.40    0.00    0.00    4.12    0.00    0.00    0.00   62.89
06時01分50秒    1    3.95    0.00    1.32    0.00    0.00    1.32    0.00    0.00    0.00   93.42

06時01分50秒  CPU    %usr   %nice    %sys %iowait    %irq   %soft  %steal  %guest  %gnice   %idle
06時01分51秒    0   19.35    0.00   12.90    0.00    0.00    3.23    0.00    0.00    0.00   64.52
06時01分51秒    1    3.95    0.00    0.00    0.00    0.00    2.63    0.00    0.00    0.00   93.42

06時01分51秒  CPU    %usr   %nice    %sys %iowait    %irq   %soft  %steal  %guest  %gnice   %idle
06時01分52秒    0   20.00    0.00   13.68    0.00    0.00    3.16    0.00    0.00    0.00   63.16
06時01分52秒    1    3.95    0.00    1.32    0.00    0.00    1.32    0.00    0.00    0.00   93.42

06時01分52秒  CPU    %usr   %nice    %sys %iowait    %irq   %soft  %steal  %guest  %gnice   %idle
06時01分53秒    0   17.02    0.00   14.89    0.00    0.00    3.19    0.00    0.00    0.00   64.89
06時01分53秒    1    3.90    0.00    2.60    0.00    0.00    1.30    0.00    0.00    0.00   92.21

06時01分53秒  CPU    %usr   %nice    %sys %iowait    %irq   %soft  %steal  %guest  %gnice   %idle
06時01分54秒    0   19.15    0.00   12.77    0.00    0.00    4.26    0.00    0.00    0.00   63.83
06時01分54秒    1    1.33    0.00    1.33    0.00    0.00    1.33    0.00    0.00    0.00   96.00

06時01分54秒  CPU    %usr   %nice    %sys %iowait    %irq   %soft  %steal  %guest  %gnice   %idle
06時01分55秒    0   19.15    0.00   13.83    0.00    0.00    3.19    0.00    0.00    0.00   63.83
06時01分55秒    1    4.00    0.00    1.33    0.00    0.00    1.33    0.00    0.00    0.00   93.33

06時01分55秒  CPU    %usr   %nice    %sys %iowait    %irq   %soft  %steal  %guest  %gnice   %idle
06時01分56秒    0   18.68    0.00   12.09    0.00    0.00    3.30    0.00    0.00    0.00   65.93
06時01分56秒    1    3.95    0.00    1.32    0.00    0.00    1.32    0.00    0.00    0.00   93.42

06時01分56秒  CPU    %usr   %nice    %sys %iowait    %irq   %soft  %steal  %guest  %gnice   %idle
06時01分57秒    0   20.62    0.00   12.37    0.00    0.00    4.12    0.00    0.00    0.00   62.89
06時01分57秒    1    2.63    0.00    1.32    0.00    0.00    1.32    0.00    0.00    0.00   94.74

06時01分57秒  CPU    %usr   %nice    %sys %iowait    %irq   %soft  %steal  %guest  %gnice   %idle
06時01分58秒    0   17.89    0.00   14.74    0.00    0.00    3.16    0.00    0.00    0.00   64.21
06時01分58秒    1    5.26    0.00    0.00    0.00    0.00    1.32    0.00    0.00    0.00   93.42

06時01分58秒  CPU    %usr   %nice    %sys %iowait    %irq   %soft  %steal  %guest  %gnice   %idle
06時01分59秒    0   20.43    0.00   12.90    0.00    0.00    3.23    0.00    0.00    0.00   63.44
06時01分59秒    1    5.19    0.00    2.60    0.00    0.00    1.30    0.00    0.00    0.00   90.91

06時01分59秒  CPU    %usr   %nice    %sys %iowait    %irq   %soft  %steal  %guest  %gnice   %idle
06時02分00秒    0   15.96    0.00   14.89    0.00    0.00    4.26    0.00    0.00    0.00   64.89
06時02分00秒    1    5.26    0.00    0.00    0.00    0.00    1.32    0.00    0.00    0.00   93.42

06時02分00秒  CPU    %usr   %nice    %sys %iowait    %irq   %soft  %steal  %guest  %gnice   %idle
06時02分01秒    0   17.89    0.00   15.79    0.00    0.00    3.16    0.00    0.00    0.00   63.16
06時02分01秒    1    0.00    0.00    0.00    0.00    0.00    1.39    0.00    0.00    0.00   98.61

06時02分01秒  CPU    %usr   %nice    %sys %iowait    %irq   %soft  %steal  %guest  %gnice   %idle
06時02分02秒    0   17.20    0.00   13.98    0.00    1.08    3.23    0.00    0.00    0.00   64.52
06時02分02秒    1    3.90    0.00    2.60    0.00    0.00    2.60    0.00    0.00    0.00   90.91

06時02分02秒  CPU    %usr   %nice    %sys %iowait    %irq   %soft  %steal  %guest  %gnice   %idle
06時02分03秒    0   15.79    0.00   15.79    0.00    0.00    4.21    0.00    0.00    0.00   64.21
06時02分03秒    1    1.33    0.00    1.33    0.00    0.00    1.33    0.00    0.00    0.00   96.00

06時02分03秒  CPU    %usr   %nice    %sys %iowait    %irq   %soft  %steal  %guest  %gnice   %idle
06時02分04秒    0   17.39    0.00   14.13    0.00    0.00    3.26    0.00    0.00    0.00   65.22
06時02分04秒    1    3.95    0.00    1.32    0.00    0.00    1.32    0.00    0.00    0.00   93.42

06時02分04秒  CPU    %usr   %nice    %sys %iowait    %irq   %soft  %steal  %guest  %gnice   %idle
06時02分05秒    0   22.68    0.00   13.40    0.00    0.00    3.09    0.00    0.00    0.00   60.82
06時02分05秒    1    5.19    0.00    2.60    0.00    0.00    1.30    0.00    0.00    0.00   90.91

06時02分05秒  CPU    %usr   %nice    %sys %iowait    %irq   %soft  %steal  %guest  %gnice   %idle
06時02分06秒    0   17.71    0.00   14.58    0.00    0.00    4.17    0.00    0.00    0.00   63.54
06時02分06秒    1    2.67    0.00    0.00    0.00    0.00    1.33    0.00    0.00    0.00   96.00

06時02分06秒  CPU    %usr   %nice    %sys %iowait    %irq   %soft  %steal  %guest  %gnice   %idle
06時02分07秒    0   16.13    0.00   16.13    0.00    0.00    3.23    0.00    0.00    0.00   64.52
06時02分07秒    1    5.26    0.00    1.32    0.00    0.00    1.32    0.00    0.00    0.00   92.11

06時02分07秒  CPU    %usr   %nice    %sys %iowait    %irq   %soft  %steal  %guest  %gnice   %idle
06時02分08秒    0   18.09    0.00   14.89    0.00    0.00    3.19    0.00    0.00    0.00   63.83
06時02分08秒    1    1.35    0.00    1.35    0.00    0.00    1.35    0.00    0.00    0.00   95.95

06時02分08秒  CPU    %usr   %nice    %sys %iowait    %irq   %soft  %steal  %guest  %gnice   %idle
06時02分09秒    0   19.15    0.00   12.77    0.00    0.00    3.19    0.00    0.00    0.00   64.89
06時02分09秒    1    6.33    0.00    2.53    0.00    0.00    1.27    0.00    0.00    0.00   89.87

06時02分09秒  CPU    %usr   %nice    %sys %iowait    %irq   %soft  %steal  %guest  %gnice   %idle
06時02分10秒    0   16.67    0.00   16.67    0.00    0.00    4.17    0.00    0.00    0.00   62.50
06時02分10秒    1    4.00    0.00    0.00    0.00    0.00    1.33    0.00    0.00    0.00   94.67

06時02分10秒  CPU    %usr   %nice    %sys %iowait    %irq   %soft  %steal  %guest  %gnice   %idle
06時02分11秒    0   20.65    0.00   10.87    0.00    0.00    3.26    0.00    0.00    0.00   65.22
06時02分11秒    1    3.90    0.00    2.60    0.00    0.00    1.30    0.00    0.00    0.00   92.21

06時02分11秒  CPU    %usr   %nice    %sys %iowait    %irq   %soft  %steal  %guest  %gnice   %idle
06時02分12秒    0   18.75    0.00   14.58    0.00    0.00    3.12    0.00    0.00    0.00   63.54
06時02分12秒    1    2.63    0.00    1.32    0.00    0.00    1.32    0.00    0.00    0.00   94.74

06時02分12秒  CPU    %usr   %nice    %sys %iowait    %irq   %soft  %steal  %guest  %gnice   %idle
06時02分13秒    0   15.05    0.00   16.13    0.00    0.00    4.30    0.00    0.00    0.00   64.52
06時02分13秒    1    2.63    0.00    1.32    0.00    0.00    2.63    0.00    0.00    0.00   93.42

06時02分13秒  CPU    %usr   %nice    %sys %iowait    %irq   %soft  %steal  %guest  %gnice   %idle
06時02分14秒    0   17.02    0.00   15.96    0.00    0.00    3.19    0.00    0.00    0.00   63.83
06時02分14秒    1    6.58    0.00    0.00    0.00    0.00    1.32    0.00    0.00    0.00   92.11

06時02分14秒  CPU    %usr   %nice    %sys %iowait    %irq   %soft  %steal  %guest  %gnice   %idle
06時02分15秒    0   21.05    0.00   13.68    0.00    0.00    3.16    0.00    0.00    0.00   62.11
06時02分15秒    1    5.13    0.00    1.28    0.00    1.28    1.28    0.00    0.00    0.00   91.03

06時02分15秒  CPU    %usr   %nice    %sys %iowait    %irq   %soft  %steal  %guest  %gnice   %idle
06時02分16秒    0   18.95    0.00   13.68    0.00    0.00    4.21    0.00    0.00    0.00   63.16
06時02分16秒    1    3.95    0.00    1.32    0.00    0.00    1.32    0.00    0.00    0.00   93.42

06時02分16秒  CPU    %usr   %nice    %sys %iowait    %irq   %soft  %steal  %guest  %gnice   %idle
06時02分17秒    0   19.57    0.00   10.87    0.00    0.00    3.26    0.00    0.00    0.00   66.30
06時02分17秒    1    2.67    0.00    1.33    0.00    0.00    1.33    0.00    0.00    0.00   94.67

06時02分17秒  CPU    %usr   %nice    %sys %iowait    %irq   %soft  %steal  %guest  %gnice   %idle
06時02分18秒    0   18.95    0.00   13.68    0.00    1.05    3.16    0.00    0.00    0.00   63.16
06時02分18秒    1    2.70    0.00    1.35    0.00    0.00    1.35    0.00    0.00    0.00   94.59

06時02分18秒  CPU    %usr   %nice    %sys %iowait    %irq   %soft  %steal  %guest  %gnice   %idle
06時02分19秒    0   16.84    0.00   14.74    0.00    0.00    4.21    0.00    0.00    0.00   64.21
06時02分19秒    1    6.49    0.00    2.60    0.00    0.00    1.30    0.00    0.00    0.00   89.61

06時02分19秒  CPU    %usr   %nice    %sys %iowait    %irq   %soft  %steal  %guest  %gnice   %idle
06時02分20秒    0   17.20    0.00   15.05    0.00    0.00    3.23    0.00    0.00    0.00   64.52
06時02分20秒    1    5.19    0.00    1.30    0.00    0.00    2.60    0.00    0.00    0.00   90.91

06時02分20秒  CPU    %usr   %nice    %sys %iowait    %irq   %soft  %steal  %guest  %gnice   %idle
06時02分21秒    0   18.28    0.00   13.98    0.00    0.00    3.23    0.00    0.00    0.00   64.52
06時02分21秒    1    3.85    0.00    2.56    0.00    1.28    1.28    0.00    0.00    0.00   91.03

06時02分21秒  CPU    %usr   %nice    %sys %iowait    %irq   %soft  %steal  %guest  %gnice   %idle
06時02分22秒    0   20.00    0.00   12.63    0.00    0.00    4.21    0.00    0.00    0.00   63.16
06時02分22秒    1    2.63    0.00    3.95    0.00    0.00    1.32    0.00    0.00    0.00   92.11

06時02分22秒  CPU    %usr   %nice    %sys %iowait    %irq   %soft  %steal  %guest  %gnice   %idle
06時02分23秒    0   17.20    0.00   15.05    0.00    0.00    3.23    0.00    0.00    0.00   64.52
06時02分23秒    1    3.95    0.00    1.32    0.00    0.00    2.63    0.00    0.00    0.00   92.11

06時02分23秒  CPU    %usr   %nice    %sys %iowait    %irq   %soft  %steal  %guest  %gnice   %idle
06時02分24秒    0   17.20    0.00   15.05    0.00    0.00    3.23    0.00    0.00    0.00   64.52
06時02分24秒    1    5.06    0.00    3.80    0.00    0.00    1.27    0.00    0.00    0.00   89.87

06時02分24秒  CPU    %usr   %nice    %sys %iowait    %irq   %soft  %steal  %guest  %gnice   %idle
06時02分25秒    0   19.79    0.00   13.54    0.00    0.00    4.17    0.00    0.00    0.00   62.50
06時02分25秒    1    6.58    0.00    0.00    0.00    0.00    1.32    0.00    0.00    0.00   92.11

06時02分25秒  CPU    %usr   %nice    %sys %iowait    %irq   %soft  %steal  %guest  %gnice   %idle
06時02分26秒    0   17.02    0.00   15.96    0.00    0.00    3.19    0.00    0.00    0.00   63.83
06時02分26秒    1    4.00    0.00    0.00    0.00    0.00    1.33    0.00    0.00    0.00   94.67

06時02分26秒  CPU    %usr   %nice    %sys %iowait    %irq   %soft  %steal  %guest  %gnice   %idle
06時02分27秒    0   20.00    0.00   12.63    0.00    0.00    3.16    0.00    0.00    0.00   64.21
06時02分27秒    1    8.64    0.00    3.70    0.00    0.00    2.47    0.00    0.00    0.00   85.19

06時02分27秒  CPU    %usr   %nice    %sys %iowait    %irq   %soft  %steal  %guest  %gnice   %idle
06時02分28秒    0   17.89    0.00   15.79    0.00    0.00    4.21    0.00    0.00    0.00   62.11
06時02分28秒    1    6.41    0.00    2.56    0.00    0.00    1.28    0.00    0.00    0.00   89.74

06時02分28秒  CPU    %usr   %nice    %sys %iowait    %irq   %soft  %steal  %guest  %gnice   %idle
06時02分29秒    0   18.95    0.00   14.74    0.00    0.00    3.16    0.00    0.00    0.00   63.16
06時02分29秒    1    0.00    0.00    1.39    0.00    0.00    1.39    0.00    0.00    0.00   97.22

06時02分29秒  CPU    %usr   %nice    %sys %iowait    %irq   %soft  %steal  %guest  %gnice   %idle
06時02分30秒    0   14.44    0.00   15.56    0.00    0.00    3.33    0.00    0.00    0.00   66.67
06時02分30秒    1    2.63    0.00    1.32    0.00    0.00    2.63    0.00    0.00    0.00   93.42

06時02分30秒  CPU    %usr   %nice    %sys %iowait    %irq   %soft  %steal  %guest  %gnice   %idle
06時02分31秒    0   17.89    0.00   13.68    0.00    0.00    4.21    0.00    0.00    0.00   64.21
06時02分31秒    1    5.19    0.00    1.30    0.00    0.00    1.30    0.00    0.00    0.00   92.21

06時02分31秒  CPU    %usr   %nice    %sys %iowait    %irq   %soft  %steal  %guest  %gnice   %idle
06時02分32秒    0   18.09    0.00   14.89    0.00    0.00    3.19    0.00    0.00    0.00   63.83
06時02分32秒    1    2.63    0.00    1.32    0.00    0.00    2.63    0.00    0.00    0.00   93.42

06時02分32秒  CPU    %usr   %nice    %sys %iowait    %irq   %soft  %steal  %guest  %gnice   %idle
06時02分33秒    0   17.71    0.00   14.58    0.00    1.04    3.12    0.00    0.00    0.00   63.54
06時02分33秒    1    1.39    0.00    0.00    0.00    0.00    1.39    0.00    0.00    0.00   97.22

06時02分33秒  CPU    %usr   %nice    %sys %iowait    %irq   %soft  %steal  %guest  %gnice   %idle
06時02分34秒    0   20.21    0.00   11.70    0.00    0.00    4.26    0.00    0.00    0.00   63.83
06時02分34秒    1    3.95    0.00    1.32    0.00    0.00    1.32    0.00    0.00    0.00   93.42

06時02分34秒  CPU    %usr   %nice    %sys %iowait    %irq   %soft  %steal  %guest  %gnice   %idle
06時02分35秒    0   20.83    0.00   13.54    0.00    0.00    3.12    0.00    0.00    0.00   62.50
06時02分35秒    1    4.00    0.00    0.00    0.00    0.00    1.33    0.00    0.00    0.00   94.67

06時02分35秒  CPU    %usr   %nice    %sys %iowait    %irq   %soft  %steal  %guest  %gnice   %idle
06時02分36秒    0   18.09    0.00   14.89    0.00    0.00    3.19    0.00    0.00    0.00   63.83
06時02分36秒    1    2.67    0.00    1.33    0.00    0.00    1.33    0.00    0.00    0.00   94.67

06時02分36秒  CPU    %usr   %nice    %sys %iowait    %irq   %soft  %steal  %guest  %gnice   %idle
06時02分37秒    0   17.89    0.00   13.68    0.00    0.00    4.21    0.00    0.00    0.00   64.21
06時02分37秒    1    3.95    0.00    1.32    0.00    0.00    1.32    0.00    0.00    0.00   93.42

06時02分37秒  CPU    %usr   %nice    %sys %iowait    %irq   %soft  %steal  %guest  %gnice   %idle
06時02分38秒    0   17.20    0.00   15.05    0.00    0.00    3.23    0.00    0.00    0.00   64.52
06時02分38秒    1    4.00    0.00    1.33    0.00    0.00    1.33    0.00    0.00    0.00   93.33

06時02分38秒  CPU    %usr   %nice    %sys %iowait    %irq   %soft  %steal  %guest  %gnice   %idle
06時02分39秒    0   21.28    0.00   13.83    0.00    0.00    3.19    0.00    0.00    0.00   61.70
06時02分39秒    1    3.95    0.00    0.00    0.00    0.00    2.63    0.00    0.00    0.00   93.42

06時02分39秒  CPU    %usr   %nice    %sys %iowait    %irq   %soft  %steal  %guest  %gnice   %idle
06時02分40秒    0   20.83    0.00   12.50    0.00    0.00    4.17    0.00    0.00    0.00   62.50
06時02分40秒    1    2.67    0.00    1.33    0.00    0.00    1.33    0.00    0.00    0.00   94.67

06時02分40秒  CPU    %usr   %nice    %sys %iowait    %irq   %soft  %steal  %guest  %gnice   %idle
06時02分41秒    0   19.35    0.00   12.90    0.00    0.00    3.23    0.00    0.00    0.00   64.52
06時02分41秒    1    2.63    0.00    2.63    0.00    0.00    1.32    0.00    0.00    0.00   93.42

06時02分41秒  CPU    %usr   %nice    %sys %iowait    %irq   %soft  %steal  %guest  %gnice   %idle
06時02分42秒    0   18.75    0.00   14.58    0.00    0.00    3.12    0.00    0.00    0.00   63.54
06時02分42秒    1    3.95    0.00    1.32    0.00    0.00    1.32    0.00    0.00    0.00   93.42

06時02分42秒  CPU    %usr   %nice    %sys %iowait    %irq   %soft  %steal  %guest  %gnice   %idle
06時02分43秒    0   24.74    0.00   11.34    0.00    0.00    4.12    0.00    0.00    0.00   59.79
06時02分43秒    1    5.26    0.00    0.00    0.00    0.00    1.32    0.00    0.00    0.00   93.42

06時02分43秒  CPU    %usr   %nice    %sys %iowait    %irq   %soft  %steal  %guest  %gnice   %idle
06時02分44秒    0   18.95    0.00   13.68    0.00    0.00    3.16    0.00    0.00    0.00   64.21
06時02分44秒    1    4.00    0.00    1.33    0.00    0.00    1.33    0.00    0.00    0.00   93.33

06時02分44秒  CPU    %usr   %nice    %sys %iowait    %irq   %soft  %steal  %guest  %gnice   %idle
06時02分45秒    0   18.28    0.00   13.98    0.00    0.00    3.23    0.00    0.00    0.00   64.52
06時02分45秒    1    3.95    0.00    1.32    0.00    0.00    1.32    0.00    0.00    0.00   93.42

06時02分45秒  CPU    %usr   %nice    %sys %iowait    %irq   %soft  %steal  %guest  %gnice   %idle
06時02分46秒    0   20.21    0.00   11.70    0.00    0.00    3.19    0.00    0.00    0.00   64.89
06時02分46秒    1    1.35    0.00    1.35    0.00    0.00    1.35    0.00    0.00    0.00   95.95

06時02分46秒  CPU    %usr   %nice    %sys %iowait    %irq   %soft  %steal  %guest  %gnice   %idle
06時02分47秒    0   19.15    0.00   12.77    0.00    0.00    4.26    0.00    0.00    0.00   63.83
06時02分47秒    1    3.95    0.00    1.32    0.00    0.00    1.32    0.00    0.00    0.00   93.42

06時02分47秒  CPU    %usr   %nice    %sys %iowait    %irq   %soft  %steal  %guest  %gnice   %idle
06時02分48秒    0   16.67    0.00   15.62    0.00    1.04    3.12    0.00    0.00    0.00   63.54
06時02分48秒    1    3.85    0.00    2.56    0.00    1.28    1.28    0.00    0.00    0.00   91.03

06時02分48秒  CPU    %usr   %nice    %sys %iowait    %irq   %soft  %steal  %guest  %gnice   %idle
06時02分49秒    0   16.48    0.00   14.29    0.00    0.00    3.30    0.00    0.00    0.00   65.93
06時02分49秒    1    1.37    0.00    0.00    0.00    0.00    1.37    0.00    0.00    0.00   97.26

06時02分49秒  CPU    %usr   %nice    %sys %iowait    %irq   %soft  %steal  %guest  %gnice   %idle
06時02分50秒    0   18.95    0.00   12.63    0.00    0.00    4.21    0.00    0.00    0.00   64.21
06時02分50秒    1    3.90    0.00    0.00    0.00    0.00    2.60    0.00    0.00    0.00   93.51

06時02分50秒  CPU    %usr   %nice    %sys %iowait    %irq   %soft  %steal  %guest  %gnice   %idle
06時02分51秒    0   23.16    0.00   11.58    0.00    0.00    3.16    0.00    0.00    0.00   62.11
06時02分51秒    1    5.26    0.00    1.32    0.00    0.00    1.32    0.00    0.00    0.00   92.11

平均時間：  CPU    %usr   %nice    %sys %iowait    %irq   %soft  %steal  %guest  %gnice   %idle
平均時間：    0   18.34    0.00   14.20    0.00    0.07    3.52    0.00    0.00    0.00   63.87
平均時間：    1    3.68    0.00    1.43    0.00    0.05    1.48    0.00    0.00    0.00   93.36
