Linux 5.6.15-arch1-1 (archlinux) 	西元2020年06月29日 	_x86_64_	(12 CPU)

06時11分20秒  CPU    %usr   %nice    %sys %iowait    %irq   %soft  %steal  %guest  %gnice   %idle
06時11分21秒    0   20.21    0.00   12.77    0.00    0.00    3.19    0.00    0.00    0.00   63.83
06時11分21秒    1    3.95    0.00    2.63    0.00    0.00    1.32    0.00    0.00    0.00   92.11

06時11分21秒  CPU    %usr   %nice    %sys %iowait    %irq   %soft  %steal  %guest  %gnice   %idle
06時11分22秒    0   18.09    0.00   14.89    0.00    0.00    4.26    0.00    0.00    0.00   62.77
06時11分22秒    1    3.95    0.00    1.32    0.00    0.00    2.63    0.00    0.00    0.00   92.11

06時11分22秒  CPU    %usr   %nice    %sys %iowait    %irq   %soft  %steal  %guest  %gnice   %idle
06時11分23秒    0   17.71    0.00   14.58    0.00    1.04    3.12    0.00    0.00    0.00   63.54
06時11分23秒    1    2.67    0.00    0.00    0.00    0.00    1.33    0.00    0.00    0.00   96.00

06時11分23秒  CPU    %usr   %nice    %sys %iowait    %irq   %soft  %steal  %guest  %gnice   %idle
06時11分24秒    0   17.71    0.00   16.67    0.00    0.00    3.12    0.00    0.00    0.00   62.50
06時11分24秒    1    5.26    0.00    1.32    0.00    0.00    1.32    0.00    0.00    0.00   92.11

06時11分24秒  CPU    %usr   %nice    %sys %iowait    %irq   %soft  %steal  %guest  %gnice   %idle
06時11分25秒    0   17.71    0.00   15.62    0.00    0.00    4.17    0.00    0.00    0.00   62.50
06時11分25秒    1    3.95    0.00    2.63    0.00    0.00    1.32    0.00    0.00    0.00   92.11

06時11分25秒  CPU    %usr   %nice    %sys %iowait    %irq   %soft  %steal  %guest  %gnice   %idle
06時11分26秒    0   20.83    0.00   13.54    0.00    0.00    3.12    0.00    0.00    0.00   62.50
06時11分26秒    1    3.95    0.00    1.32    0.00    0.00    1.32    0.00    0.00    0.00   93.42

06時11分26秒  CPU    %usr   %nice    %sys %iowait    %irq   %soft  %steal  %guest  %gnice   %idle
06時11分27秒    0   21.05    0.00   12.63    0.00    0.00    3.16    0.00    0.00    0.00   63.16
06時11分27秒    1    5.26    0.00    1.32    0.00    0.00    1.32    0.00    0.00    0.00   92.11

06時11分27秒  CPU    %usr   %nice    %sys %iowait    %irq   %soft  %steal  %guest  %gnice   %idle
06時11分28秒    0   18.09    0.00   14.89    0.00    0.00    3.19    0.00    0.00    0.00   63.83
06時11分28秒    1    3.95    0.00    1.32    0.00    0.00    1.32    0.00    0.00    0.00   93.42

06時11分28秒  CPU    %usr   %nice    %sys %iowait    %irq   %soft  %steal  %guest  %gnice   %idle
06時11分29秒    0   19.79    0.00   13.54    0.00    0.00    4.17    0.00    0.00    0.00   62.50
06時11分29秒    1    4.00    0.00    1.33    0.00    0.00    1.33    0.00    0.00    0.00   93.33

06時11分29秒  CPU    %usr   %nice    %sys %iowait    %irq   %soft  %steal  %guest  %gnice   %idle
06時11分30秒    0   17.89    0.00   15.79    0.00    0.00    3.16    0.00    0.00    0.00   63.16
06時11分30秒    1    3.85    0.00    2.56    0.00    1.28    1.28    0.00    0.00    0.00   91.03

06時11分30秒  CPU    %usr   %nice    %sys %iowait    %irq   %soft  %steal  %guest  %gnice   %idle
06時11分31秒    0   16.84    0.00   16.84    0.00    0.00    3.16    0.00    0.00    0.00   63.16
06時11分31秒    1    2.70    0.00    1.35    0.00    0.00    1.35    0.00    0.00    0.00   94.59

06時11分31秒  CPU    %usr   %nice    %sys %iowait    %irq   %soft  %steal  %guest  %gnice   %idle
06時11分32秒    0   19.59    0.00   15.46    0.00    0.00    4.12    0.00    0.00    0.00   60.82
06時11分32秒    1    4.00    0.00    1.33    0.00    0.00    1.33    0.00    0.00    0.00   93.33

06時11分32秒  CPU    %usr   %nice    %sys %iowait    %irq   %soft  %steal  %guest  %gnice   %idle
06時11分33秒    0   18.56    0.00   15.46    0.00    0.00    3.09    0.00    0.00    0.00   62.89
06時11分33秒    1    3.90    0.00    2.60    0.00    0.00    1.30    0.00    0.00    0.00   92.21

06時11分33秒  CPU    %usr   %nice    %sys %iowait    %irq   %soft  %steal  %guest  %gnice   %idle
06時11分34秒    0   20.21    0.00   13.83    0.00    0.00    3.19    0.00    0.00    0.00   62.77
06時11分34秒    1    5.26    0.00    1.32    0.00    0.00    1.32    0.00    0.00    0.00   92.11

06時11分34秒  CPU    %usr   %nice    %sys %iowait    %irq   %soft  %steal  %guest  %gnice   %idle
06時11分35秒    0   15.62    0.00   16.67    0.00    0.00    4.17    0.00    0.00    0.00   63.54
06時11分35秒    1    6.49    0.00    1.30    0.00    0.00    1.30    0.00    0.00    0.00   90.91

06時11分35秒  CPU    %usr   %nice    %sys %iowait    %irq   %soft  %steal  %guest  %gnice   %idle
06時11分36秒    0   20.00    0.00   14.74    0.00    0.00    3.16    0.00    0.00    0.00   62.11
06時11分36秒    1    3.95    0.00    1.32    0.00    0.00    2.63    0.00    0.00    0.00   92.11

06時11分36秒  CPU    %usr   %nice    %sys %iowait    %irq   %soft  %steal  %guest  %gnice   %idle
06時11分37秒    0   17.89    0.00   15.79    0.00    0.00    3.16    0.00    0.00    0.00   63.16
06時11分37秒    1    2.63    0.00    3.95    0.00    0.00    1.32    0.00    0.00    0.00   92.11

06時11分37秒  CPU    %usr   %nice    %sys %iowait    %irq   %soft  %steal  %guest  %gnice   %idle
06時11分38秒    0   19.79    0.00   13.54    0.00    1.04    3.12    0.00    0.00    0.00   62.50
06時11分38秒    1    5.19    0.00    1.30    0.00    0.00    1.30    0.00    0.00    0.00   92.21

06時11分38秒  CPU    %usr   %nice    %sys %iowait    %irq   %soft  %steal  %guest  %gnice   %idle
06時11分39秒    0   18.95    0.00   13.68    0.00    0.00    4.21    0.00    0.00    0.00   63.16
06時11分39秒    1    3.95    0.00    1.32    0.00    0.00    1.32    0.00    0.00    0.00   93.42

06時11分39秒  CPU    %usr   %nice    %sys %iowait    %irq   %soft  %steal  %guest  %gnice   %idle
06時11分40秒    0   21.05    0.00   14.74    0.00    0.00    3.16    0.00    0.00    0.00   61.05
06時11分40秒    1    4.00    0.00    1.33    0.00    0.00    1.33    0.00    0.00    0.00   93.33

06時11分40秒  CPU    %usr   %nice    %sys %iowait    %irq   %soft  %steal  %guest  %gnice   %idle
06時11分41秒    0   22.92    0.00   11.46    0.00    0.00    3.12    0.00    0.00    0.00   62.50
06時11分41秒    1    6.49    0.00    1.30    0.00    0.00    1.30    0.00    0.00    0.00   90.91

06時11分41秒  CPU    %usr   %nice    %sys %iowait    %irq   %soft  %steal  %guest  %gnice   %idle
06時11分42秒    0   18.09    0.00   15.96    0.00    0.00    4.26    0.00    0.00    0.00   61.70
06時11分42秒    1    1.39    0.00    0.00    0.00    0.00    1.39    0.00    0.00    0.00   97.22

06時11分42秒  CPU    %usr   %nice    %sys %iowait    %irq   %soft  %steal  %guest  %gnice   %idle
06時11分43秒    0   18.95    0.00   14.74    0.00    0.00    3.16    0.00    0.00    0.00   63.16
06時11分43秒    1    3.95    0.00    1.32    0.00    0.00    1.32    0.00    0.00    0.00   93.42

06時11分43秒  CPU    %usr   %nice    %sys %iowait    %irq   %soft  %steal  %guest  %gnice   %idle
06時11分44秒    0   18.95    0.00   14.74    0.00    0.00    3.16    0.00    0.00    0.00   63.16
06時11分44秒    1    2.70    0.00    1.35    0.00    0.00    1.35    0.00    0.00    0.00   94.59

06時11分44秒  CPU    %usr   %nice    %sys %iowait    %irq   %soft  %steal  %guest  %gnice   %idle
06時11分45秒    0   18.75    0.00   14.58    0.00    0.00    4.17    0.00    0.00    0.00   62.50
06時11分45秒    1    5.19    0.00    2.60    0.00    0.00    1.30    0.00    0.00    0.00   90.91

06時11分45秒  CPU    %usr   %nice    %sys %iowait    %irq   %soft  %steal  %guest  %gnice   %idle
06時11分46秒    0   16.84    0.00   16.84    0.00    0.00    3.16    0.00    0.00    0.00   63.16
06時11分46秒    1    5.33    0.00    1.33    0.00    0.00    1.33    0.00    0.00    0.00   92.00

06時11分46秒  CPU    %usr   %nice    %sys %iowait    %irq   %soft  %steal  %guest  %gnice   %idle
06時11分47秒    0   20.21    0.00   12.77    0.00    0.00    3.19    0.00    0.00    0.00   63.83
06時11分47秒    1    2.60    0.00    2.60    0.00    0.00    2.60    0.00    0.00    0.00   92.21

06時11分47秒  CPU    %usr   %nice    %sys %iowait    %irq   %soft  %steal  %guest  %gnice   %idle
06時11分48秒    0   18.09    0.00   14.89    0.00    0.00    3.19    0.00    0.00    0.00   63.83
06時11分48秒    1    5.26    0.00    0.00    0.00    0.00    1.32    0.00    0.00    0.00   93.42

06時11分48秒  CPU    %usr   %nice    %sys %iowait    %irq   %soft  %steal  %guest  %gnice   %idle
06時11分49秒    0   17.71    0.00   15.62    0.00    0.00    4.17    0.00    0.00    0.00   62.50
06時11分49秒    1    3.90    0.00    2.60    0.00    0.00    1.30    0.00    0.00    0.00   92.21

06時11分49秒  CPU    %usr   %nice    %sys %iowait    %irq   %soft  %steal  %guest  %gnice   %idle
06時11分50秒    0   18.75    0.00   15.62    0.00    0.00    3.12    0.00    0.00    0.00   62.50
06時11分50秒    1    2.70    0.00    2.70    0.00    0.00    1.35    0.00    0.00    0.00   93.24

06時11分50秒  CPU    %usr   %nice    %sys %iowait    %irq   %soft  %steal  %guest  %gnice   %idle
06時11分51秒    0   16.13    0.00   16.13    0.00    0.00    3.23    0.00    0.00    0.00   64.52
06時11分51秒    1    4.00    0.00    0.00    0.00    0.00    1.33    0.00    0.00    0.00   94.67

06時11分51秒  CPU    %usr   %nice    %sys %iowait    %irq   %soft  %steal  %guest  %gnice   %idle
06時11分52秒    0   18.75    0.00   13.54    0.00    1.04    4.17    0.00    0.00    0.00   62.50
06時11分52秒    1    4.00    0.00    2.67    0.00    0.00    1.33    0.00    0.00    0.00   92.00

06時11分52秒  CPU    %usr   %nice    %sys %iowait    %irq   %soft  %steal  %guest  %gnice   %idle
06時11分53秒    0   20.21    0.00   13.83    0.00    0.00    3.19    0.00    0.00    0.00   62.77
06時11分53秒    1    3.95    0.00    2.63    0.00    0.00    1.32    0.00    0.00    0.00   92.11

06時11分53秒  CPU    %usr   %nice    %sys %iowait    %irq   %soft  %steal  %guest  %gnice   %idle
06時11分54秒    0   18.95    0.00   13.68    0.00    0.00    3.16    0.00    0.00    0.00   64.21
06時11分54秒    1    3.90    0.00    2.60    0.00    0.00    1.30    0.00    0.00    0.00   92.21

06時11分54秒  CPU    %usr   %nice    %sys %iowait    %irq   %soft  %steal  %guest  %gnice   %idle
06時11分55秒    0   18.89    0.00   11.11    0.00    0.00    3.33    0.00    0.00    0.00   66.67
06時11分55秒    1    1.37    0.00    0.00    0.00    0.00    1.37    0.00    0.00    0.00   97.26

06時11分55秒  CPU    %usr   %nice    %sys %iowait    %irq   %soft  %steal  %guest  %gnice   %idle
06時11分56秒    0   19.79    0.00   13.54    0.00    0.00    4.17    0.00    0.00    0.00   62.50
06時11分56秒    1    3.95    0.00    1.32    0.00    0.00    1.32    0.00    0.00    0.00   93.42

06時11分56秒  CPU    %usr   %nice    %sys %iowait    %irq   %soft  %steal  %guest  %gnice   %idle
06時11分57秒    0   18.28    0.00   13.98    0.00    0.00    3.23    0.00    0.00    0.00   64.52
06時11分57秒    1    5.26    0.00    0.00    0.00    1.32    1.32    0.00    0.00    0.00   92.11

06時11分57秒  CPU    %usr   %nice    %sys %iowait    %irq   %soft  %steal  %guest  %gnice   %idle
06時11分58秒    0   18.09    0.00   15.96    0.00    0.00    3.19    0.00    0.00    0.00   62.77
06時11分58秒    1    3.95    0.00    2.63    0.00    0.00    1.32    0.00    0.00    0.00   92.11

06時11分58秒  CPU    %usr   %nice    %sys %iowait    %irq   %soft  %steal  %guest  %gnice   %idle
06時11分59秒    0   17.89    0.00   14.74    0.00    0.00    4.21    0.00    0.00    0.00   63.16
06時11分59秒    1    4.00    0.00    1.33    0.00    0.00    1.33    0.00    0.00    0.00   93.33

06時11分59秒  CPU    %usr   %nice    %sys %iowait    %irq   %soft  %steal  %guest  %gnice   %idle
06時12分00秒    0   21.51    0.00   10.75    0.00    0.00    3.23    0.00    0.00    0.00   64.52
06時12分00秒    1    1.35    0.00    0.00    0.00    0.00    2.70    0.00    0.00    0.00   95.95

06時12分00秒  CPU    %usr   %nice    %sys %iowait    %irq   %soft  %steal  %guest  %gnice   %idle
06時12分01秒    0   19.79    0.00   14.58    0.00    0.00    3.12    0.00    0.00    0.00   62.50
06時12分01秒    1    3.95    0.00    2.63    0.00    0.00    1.32    0.00    0.00    0.00   92.11

06時12分01秒  CPU    %usr   %nice    %sys %iowait    %irq   %soft  %steal  %guest  %gnice   %idle
06時12分02秒    0   18.28    0.00   13.98    0.00    0.00    4.30    0.00    0.00    0.00   63.44
06時12分02秒    1    3.95    0.00    2.63    0.00    0.00    1.32    0.00    0.00    0.00   92.11

06時12分02秒  CPU    %usr   %nice    %sys %iowait    %irq   %soft  %steal  %guest  %gnice   %idle
06時12分03秒    0   18.56    0.00   15.46    0.00    0.00    3.09    0.00    0.00    0.00   62.89
06時12分03秒    1    2.67    0.00    1.33    0.00    0.00    1.33    0.00    0.00    0.00   94.67

06時12分03秒  CPU    %usr   %nice    %sys %iowait    %irq   %soft  %steal  %guest  %gnice   %idle
06時12分04秒    0   17.20    0.00   16.13    0.00    0.00    3.23    0.00    0.00    0.00   63.44
06時12分04秒    1    5.19    0.00    2.60    0.00    0.00    1.30    0.00    0.00    0.00   90.91

06時12分04秒  CPU    %usr   %nice    %sys %iowait    %irq   %soft  %steal  %guest  %gnice   %idle
06時12分05秒    0   18.75    0.00   14.58    0.00    0.00    4.17    0.00    0.00    0.00   62.50
06時12分05秒    1    4.00    0.00    1.33    0.00    0.00    1.33    0.00    0.00    0.00   93.33

06時12分05秒  CPU    %usr   %nice    %sys %iowait    %irq   %soft  %steal  %guest  %gnice   %idle
06時12分06秒    0   18.95    0.00   14.74    0.00    0.00    3.16    0.00    0.00    0.00   63.16
06時12分06秒    1    3.95    0.00    1.32    0.00    0.00    1.32    0.00    0.00    0.00   93.42

06時12分06秒  CPU    %usr   %nice    %sys %iowait    %irq   %soft  %steal  %guest  %gnice   %idle
06時12分07秒    0   15.22    0.00   15.22    0.00    1.09    3.26    0.00    0.00    0.00   65.22
06時12分07秒    1    1.37    0.00    1.37    0.00    0.00    1.37    0.00    0.00    0.00   95.89

06時12分07秒  CPU    %usr   %nice    %sys %iowait    %irq   %soft  %steal  %guest  %gnice   %idle
06時12分08秒    0   20.83    0.00   14.58    0.00    0.00    3.12    0.00    0.00    0.00   61.46
06時12分08秒    1    5.33    0.00    0.00    0.00    0.00    1.33    0.00    0.00    0.00   93.33

06時12分08秒  CPU    %usr   %nice    %sys %iowait    %irq   %soft  %steal  %guest  %gnice   %idle
06時12分09秒    0   19.79    0.00   13.54    0.00    0.00    4.17    0.00    0.00    0.00   62.50
06時12分09秒    1    3.95    0.00    2.63    0.00    0.00    1.32    0.00    0.00    0.00   92.11

06時12分09秒  CPU    %usr   %nice    %sys %iowait    %irq   %soft  %steal  %guest  %gnice   %idle
06時12分10秒    0   22.11    0.00   12.63    0.00    0.00    3.16    0.00    0.00    0.00   62.11
06時12分10秒    1    6.49    0.00    1.30    0.00    0.00    1.30    0.00    0.00    0.00   90.91

06時12分10秒  CPU    %usr   %nice    %sys %iowait    %irq   %soft  %steal  %guest  %gnice   %idle
06時12分11秒    0   17.89    0.00   15.79    0.00    0.00    3.16    0.00    0.00    0.00   63.16
06時12分11秒    1    3.90    0.00    2.60    0.00    0.00    2.60    0.00    0.00    0.00   90.91

06時12分11秒  CPU    %usr   %nice    %sys %iowait    %irq   %soft  %steal  %guest  %gnice   %idle
06時12分12秒    0   18.28    0.00   12.90    0.00    0.00    4.30    0.00    0.00    0.00   64.52
06時12分12秒    1    1.37    0.00    0.00    0.00    0.00    1.37    0.00    0.00    0.00   97.26

06時12分12秒  CPU    %usr   %nice    %sys %iowait    %irq   %soft  %steal  %guest  %gnice   %idle
06時12分13秒    0   20.21    0.00   12.77    0.00    0.00    3.19    0.00    0.00    0.00   63.83
06時12分13秒    1    2.70    0.00    1.35    0.00    0.00    1.35    0.00    0.00    0.00   94.59

06時12分13秒  CPU    %usr   %nice    %sys %iowait    %irq   %soft  %steal  %guest  %gnice   %idle
06時12分14秒    0   19.35    0.00   12.90    0.00    0.00    3.23    0.00    0.00    0.00   64.52
06時12分14秒    1    2.67    0.00    2.67    0.00    0.00    1.33    0.00    0.00    0.00   93.33

06時12分14秒  CPU    %usr   %nice    %sys %iowait    %irq   %soft  %steal  %guest  %gnice   %idle
06時12分15秒    0   17.89    0.00   15.79    0.00    0.00    4.21    0.00    0.00    0.00   62.11
06時12分15秒    1    3.90    0.00    2.60    0.00    0.00    1.30    0.00    0.00    0.00   92.21

06時12分15秒  CPU    %usr   %nice    %sys %iowait    %irq   %soft  %steal  %guest  %gnice   %idle
06時12分16秒    0   18.75    0.00   15.62    0.00    0.00    3.12    0.00    0.00    0.00   62.50
06時12分16秒    1    4.00    0.00    1.33    0.00    0.00    1.33    0.00    0.00    0.00   93.33

06時12分16秒  CPU    %usr   %nice    %sys %iowait    %irq   %soft  %steal  %guest  %gnice   %idle
06時12分17秒    0   18.95    0.00   14.74    0.00    0.00    3.16    0.00    0.00    0.00   63.16
06時12分17秒    1    2.67    0.00    1.33    0.00    0.00    1.33    0.00    0.00    0.00   94.67

06時12分17秒  CPU    %usr   %nice    %sys %iowait    %irq   %soft  %steal  %guest  %gnice   %idle
06時12分18秒    0   16.84    0.00   15.79    0.00    0.00    4.21    0.00    0.00    0.00   63.16
06時12分18秒    1    5.26    0.00    1.32    0.00    0.00    1.32    0.00    0.00    0.00   92.11

06時12分18秒  CPU    %usr   %nice    %sys %iowait    %irq   %soft  %steal  %guest  %gnice   %idle
06時12分19秒    0   20.21    0.00   12.77    0.00    0.00    3.19    0.00    0.00    0.00   63.83
06時12分19秒    1    2.67    0.00    1.33    0.00    1.33    1.33    0.00    0.00    0.00   93.33

06時12分19秒  CPU    %usr   %nice    %sys %iowait    %irq   %soft  %steal  %guest  %gnice   %idle
06時12分20秒    0   21.05    0.00   12.63    0.00    0.00    3.16    0.00    0.00    0.00   63.16
06時12分20秒    1    2.70    0.00    0.00    0.00    0.00    1.35    0.00    0.00    0.00   95.95

06時12分20秒  CPU    %usr   %nice    %sys %iowait    %irq   %soft  %steal  %guest  %gnice   %idle
06時12分21秒    0   17.89    0.00   15.79    0.00    0.00    3.16    0.00    0.00    0.00   63.16
06時12分21秒    1    2.74    0.00    0.00    0.00    0.00    1.37    0.00    0.00    0.00   95.89

06時12分21秒  CPU    %usr   %nice    %sys %iowait    %irq   %soft  %steal  %guest  %gnice   %idle
06時12分22秒    0   18.56    0.00   14.43    0.00    1.03    4.12    0.00    0.00    0.00   61.86
06時12分22秒    1    2.63    0.00    2.63    0.00    0.00    1.32    0.00    0.00    0.00   93.42

06時12分22秒  CPU    %usr   %nice    %sys %iowait    %irq   %soft  %steal  %guest  %gnice   %idle
06時12分23秒    0   17.71    0.00   16.67    0.00    0.00    3.12    0.00    0.00    0.00   62.50
06時12分23秒    1    6.49    0.00    1.30    0.00    0.00    2.60    0.00    0.00    0.00   89.61

06時12分23秒  CPU    %usr   %nice    %sys %iowait    %irq   %soft  %steal  %guest  %gnice   %idle
06時12分24秒    0   19.15    0.00   13.83    0.00    0.00    3.19    0.00    0.00    0.00   63.83
06時12分24秒    1    3.95    0.00    2.63    0.00    0.00    1.32    0.00    0.00    0.00   92.11

06時12分24秒  CPU    %usr   %nice    %sys %iowait    %irq   %soft  %steal  %guest  %gnice   %idle
06時12分25秒    0   17.71    0.00   15.62    0.00    0.00    4.17    0.00    0.00    0.00   62.50
06時12分25秒    1    5.19    0.00    2.60    0.00    0.00    1.30    0.00    0.00    0.00   90.91

06時12分25秒  CPU    %usr   %nice    %sys %iowait    %irq   %soft  %steal  %guest  %gnice   %idle
06時12分26秒    0   18.28    0.00   13.98    0.00    0.00    3.23    0.00    0.00    0.00   64.52
06時12分26秒    1    1.35    0.00    1.35    0.00    0.00    1.35    0.00    0.00    0.00   95.95

06時12分26秒  CPU    %usr   %nice    %sys %iowait    %irq   %soft  %steal  %guest  %gnice   %idle
06時12分27秒    0   21.05    0.00   12.63    0.00    0.00    3.16    0.00    0.00    0.00   63.16
06時12分27秒    1    4.00    0.00    1.33    0.00    0.00    1.33    0.00    0.00    0.00   93.33

06時12分27秒  CPU    %usr   %nice    %sys %iowait    %irq   %soft  %steal  %guest  %gnice   %idle
06時12分28秒    0   19.15    0.00   13.83    0.00    0.00    3.19    0.00    0.00    0.00   63.83
06時12分28秒    1    3.95    0.00    0.00    0.00    1.32    1.32    0.00    0.00    0.00   93.42

06時12分28秒  CPU    %usr   %nice    %sys %iowait    %irq   %soft  %steal  %guest  %gnice   %idle
06時12分29秒    0   17.53    0.00   16.49    0.00    0.00    4.12    0.00    0.00    0.00   61.86
06時12分29秒    1    6.58    0.00    0.00    0.00    0.00    1.32    0.00    0.00    0.00   92.11

06時12分29秒  CPU    %usr   %nice    %sys %iowait    %irq   %soft  %steal  %guest  %gnice   %idle
06時12分30秒    0   18.28    0.00   15.05    0.00    0.00    3.23    0.00    0.00    0.00   63.44
06時12分30秒    1    6.49    0.00    1.30    0.00    0.00    1.30    0.00    0.00    0.00   90.91

06時12分30秒  CPU    %usr   %nice    %sys %iowait    %irq   %soft  %steal  %guest  %gnice   %idle
06時12分31秒    0   15.79    0.00   17.89    0.00    0.00    3.16    0.00    0.00    0.00   63.16
06時12分31秒    1    2.67    0.00    1.33    0.00    0.00    1.33    0.00    0.00    0.00   94.67

06時12分31秒  CPU    %usr   %nice    %sys %iowait    %irq   %soft  %steal  %guest  %gnice   %idle
06時12分32秒    0   13.68    0.00   18.95    0.00    0.00    4.21    0.00    0.00    0.00   63.16
06時12分32秒    1    5.26    0.00    1.32    0.00    0.00    1.32    0.00    0.00    0.00   92.11

06時12分32秒  CPU    %usr   %nice    %sys %iowait    %irq   %soft  %steal  %guest  %gnice   %idle
06時12分33秒    0   16.67    0.00   16.67    0.00    0.00    3.12    0.00    0.00    0.00   63.54
06時12分33秒    1    5.26    0.00    0.00    0.00    0.00    1.32    0.00    0.00    0.00   93.42

06時12分33秒  CPU    %usr   %nice    %sys %iowait    %irq   %soft  %steal  %guest  %gnice   %idle
06時12分34秒    0   21.05    0.00   12.63    0.00    0.00    3.16    0.00    0.00    0.00   63.16
06時12分34秒    1    3.95    0.00    1.32    0.00    0.00    2.63    0.00    0.00    0.00   92.11

06時12分34秒  CPU    %usr   %nice    %sys %iowait    %irq   %soft  %steal  %guest  %gnice   %idle
06時12分35秒    0   21.88    0.00   12.50    0.00    0.00    3.12    0.00    0.00    0.00   62.50
06時12分35秒    1    5.13    0.00    2.56    0.00    0.00    1.28    0.00    0.00    0.00   91.03

06時12分35秒  CPU    %usr   %nice    %sys %iowait    %irq   %soft  %steal  %guest  %gnice   %idle
06時12分36秒    0   18.75    0.00   13.54    0.00    1.04    4.17    0.00    0.00    0.00   62.50
06時12分36秒    1    6.41    0.00    2.56    0.00    0.00    1.28    0.00    0.00    0.00   89.74

06時12分36秒  CPU    %usr   %nice    %sys %iowait    %irq   %soft  %steal  %guest  %gnice   %idle
06時12分37秒    0   20.00    0.00   13.68    0.00    0.00    3.16    0.00    0.00    0.00   63.16
06時12分37秒    1    4.00    0.00    1.33    0.00    0.00    1.33    0.00    0.00    0.00   93.33

06時12分37秒  CPU    %usr   %nice    %sys %iowait    %irq   %soft  %steal  %guest  %gnice   %idle
06時12分38秒    0   17.71    0.00   16.67    0.00    0.00    3.12    0.00    0.00    0.00   62.50
06時12分38秒    1    3.95    0.00    2.63    0.00    0.00    1.32    0.00    0.00    0.00   92.11

06時12分38秒  CPU    %usr   %nice    %sys %iowait    %irq   %soft  %steal  %guest  %gnice   %idle
06時12分39秒    0   19.79    0.00   14.58    0.00    0.00    4.17    0.00    0.00    0.00   61.46
06時12分39秒    1    4.00    0.00    1.33    0.00    0.00    1.33    0.00    0.00    0.00   93.33

06時12分39秒  CPU    %usr   %nice    %sys %iowait    %irq   %soft  %steal  %guest  %gnice   %idle
06時12分40秒    0   21.88    0.00   12.50    0.00    0.00    3.12    0.00    0.00    0.00   62.50
06時12分40秒    1    4.00    0.00    1.33    0.00    0.00    1.33    0.00    0.00    0.00   93.33

06時12分40秒  CPU    %usr   %nice    %sys %iowait    %irq   %soft  %steal  %guest  %gnice   %idle
06時12分41秒    0   18.95    0.00   14.74    0.00    0.00    3.16    0.00    0.00    0.00   63.16
06時12分41秒    1    4.00    0.00    1.33    0.00    0.00    1.33    0.00    0.00    0.00   93.33

06時12分41秒  CPU    %usr   %nice    %sys %iowait    %irq   %soft  %steal  %guest  %gnice   %idle
06時12分42秒    0   18.75    0.00   14.58    0.00    0.00    4.17    0.00    0.00    0.00   62.50
06時12分42秒    1    5.26    0.00    1.32    0.00    0.00    1.32    0.00    0.00    0.00   92.11

06時12分42秒  CPU    %usr   %nice    %sys %iowait    %irq   %soft  %steal  %guest  %gnice   %idle
06時12分43秒    0   17.02    0.00   15.96    0.00    0.00    3.19    0.00    0.00    0.00   63.83
06時12分43秒    1    5.19    0.00    2.60    0.00    0.00    1.30    0.00    0.00    0.00   90.91

06時12分43秒  CPU    %usr   %nice    %sys %iowait    %irq   %soft  %steal  %guest  %gnice   %idle
06時12分44秒    0   16.13    0.00   16.13    0.00    0.00    3.23    0.00    0.00    0.00   64.52
06時12分44秒    1    3.95    0.00    1.32    0.00    0.00    1.32    0.00    0.00    0.00   93.42

06時12分44秒  CPU    %usr   %nice    %sys %iowait    %irq   %soft  %steal  %guest  %gnice   %idle
06時12分45秒    0   19.79    0.00   14.58    0.00    0.00    3.12    0.00    0.00    0.00   62.50
06時12分45秒    1    3.90    0.00    2.60    0.00    0.00    2.60    0.00    0.00    0.00   90.91

06時12分45秒  CPU    %usr   %nice    %sys %iowait    %irq   %soft  %steal  %guest  %gnice   %idle
06時12分46秒    0   19.79    0.00   13.54    0.00    0.00    4.17    0.00    0.00    0.00   62.50
06時12分46秒    1    5.26    0.00    0.00    0.00    0.00    1.32    0.00    0.00    0.00   93.42

06時12分46秒  CPU    %usr   %nice    %sys %iowait    %irq   %soft  %steal  %guest  %gnice   %idle
06時12分47秒    0   16.67    0.00   16.67    0.00    0.00    3.12    0.00    0.00    0.00   63.54
06時12分47秒    1    3.90    0.00    2.60    0.00    0.00    1.30    0.00    0.00    0.00   92.21

06時12分47秒  CPU    %usr   %nice    %sys %iowait    %irq   %soft  %steal  %guest  %gnice   %idle
06時12分48秒    0   17.02    0.00   15.96    0.00    0.00    3.19    0.00    0.00    0.00   63.83
06時12分48秒    1    5.26    0.00    1.32    0.00    0.00    1.32    0.00    0.00    0.00   92.11

06時12分48秒  CPU    %usr   %nice    %sys %iowait    %irq   %soft  %steal  %guest  %gnice   %idle
06時12分49秒    0   21.05    0.00   12.63    0.00    0.00    4.21    0.00    0.00    0.00   62.11
06時12分49秒    1    2.70    0.00    1.35    0.00    0.00    1.35    0.00    0.00    0.00   94.59

06時12分49秒  CPU    %usr   %nice    %sys %iowait    %irq   %soft  %steal  %guest  %gnice   %idle
06時12分50秒    0   17.02    0.00   15.96    0.00    0.00    3.19    0.00    0.00    0.00   63.83
06時12分50秒    1    5.26    0.00    1.32    0.00    0.00    1.32    0.00    0.00    0.00   92.11

06時12分50秒  CPU    %usr   %nice    %sys %iowait    %irq   %soft  %steal  %guest  %gnice   %idle
06時12分51秒    0   18.56    0.00   15.46    0.00    1.03    3.09    0.00    0.00    0.00   61.86
06時12分51秒    1    5.19    0.00    1.30    0.00    0.00    1.30    0.00    0.00    0.00   92.21

06時12分51秒  CPU    %usr   %nice    %sys %iowait    %irq   %soft  %steal  %guest  %gnice   %idle
06時12分52秒    0   17.71    0.00   15.62    0.00    0.00    4.17    0.00    0.00    0.00   62.50
06時12分52秒    1    4.00    0.00    1.33    0.00    0.00    1.33    0.00    0.00    0.00   93.33

06時12分52秒  CPU    %usr   %nice    %sys %iowait    %irq   %soft  %steal  %guest  %gnice   %idle
06時12分53秒    0   18.95    0.00   14.74    0.00    0.00    3.16    0.00    0.00    0.00   63.16
06時12分53秒    1    5.26    0.00    1.32    0.00    0.00    1.32    0.00    0.00    0.00   92.11

06時12分53秒  CPU    %usr   %nice    %sys %iowait    %irq   %soft  %steal  %guest  %gnice   %idle
06時12分54秒    0   18.95    0.00   14.74    0.00    0.00    3.16    0.00    0.00    0.00   63.16
06時12分54秒    1    2.67    0.00    1.33    0.00    0.00    1.33    0.00    0.00    0.00   94.67

06時12分54秒  CPU    %usr   %nice    %sys %iowait    %irq   %soft  %steal  %guest  %gnice   %idle
06時12分55秒    0   18.09    0.00   15.96    0.00    0.00    3.19    0.00    0.00    0.00   62.77
06時12分55秒    1    5.19    0.00    2.60    0.00    1.30    1.30    0.00    0.00    0.00   89.61

06時12分55秒  CPU    %usr   %nice    %sys %iowait    %irq   %soft  %steal  %guest  %gnice   %idle
06時12分56秒    0   23.71    0.00    9.28    0.00    0.00    4.12    0.00    0.00    0.00   62.89
06時12分56秒    1    4.00    0.00    1.33    0.00    0.00    1.33    0.00    0.00    0.00   93.33

06時12分56秒  CPU    %usr   %nice    %sys %iowait    %irq   %soft  %steal  %guest  %gnice   %idle
06時12分57秒    0   17.89    0.00   15.79    0.00    0.00    3.16    0.00    0.00    0.00   63.16
06時12分57秒    1    3.90    0.00    1.30    0.00    0.00    2.60    0.00    0.00    0.00   92.21

06時12分57秒  CPU    %usr   %nice    %sys %iowait    %irq   %soft  %steal  %guest  %gnice   %idle
06時12分58秒    0   18.48    0.00   14.13    0.00    0.00    3.26    0.00    0.00    0.00   64.13
06時12分58秒    1    2.70    0.00    1.35    0.00    0.00    1.35    0.00    0.00    0.00   94.59

06時12分58秒  CPU    %usr   %nice    %sys %iowait    %irq   %soft  %steal  %guest  %gnice   %idle
06時12分59秒    0   21.65    0.00   12.37    0.00    0.00    4.12    0.00    0.00    0.00   61.86
06時12分59秒    1    1.39    0.00    0.00    0.00    0.00    1.39    0.00    0.00    0.00   97.22

06時12分59秒  CPU    %usr   %nice    %sys %iowait    %irq   %soft  %steal  %guest  %gnice   %idle
06時13分00秒    0   22.11    0.00   13.68    0.00    0.00    3.16    0.00    0.00    0.00   61.05
06時13分00秒    1    5.19    0.00    1.30    0.00    0.00    1.30    0.00    0.00    0.00   92.21

06時13分00秒  CPU    %usr   %nice    %sys %iowait    %irq   %soft  %steal  %guest  %gnice   %idle
06時13分01秒    0   18.75    0.00   14.58    0.00    0.00    3.12    0.00    0.00    0.00   63.54
06時13分01秒    1    2.63    0.00    2.63    0.00    0.00    1.32    0.00    0.00    0.00   93.42

06時13分01秒  CPU    %usr   %nice    %sys %iowait    %irq   %soft  %steal  %guest  %gnice   %idle
06時13分02秒    0   19.35    0.00   12.90    0.00    0.00    3.23    0.00    0.00    0.00   64.52
06時13分02秒    1    1.37    0.00    1.37    0.00    0.00    1.37    0.00    0.00    0.00   95.89

06時13分02秒  CPU    %usr   %nice    %sys %iowait    %irq   %soft  %steal  %guest  %gnice   %idle
06時13分03秒    0   18.75    0.00   15.62    0.00    0.00    4.17    0.00    0.00    0.00   61.46
06時13分03秒    1    6.49    0.00    1.30    0.00    0.00    1.30    0.00    0.00    0.00   90.91

06時13分03秒  CPU    %usr   %nice    %sys %iowait    %irq   %soft  %steal  %guest  %gnice   %idle
06時13分04秒    0   19.15    0.00   12.77    0.00    0.00    3.19    0.00    0.00    0.00   64.89
06時13分04秒    1    5.26    0.00    1.32    0.00    0.00    1.32    0.00    0.00    0.00   92.11

06時13分04秒  CPU    %usr   %nice    %sys %iowait    %irq   %soft  %steal  %guest  %gnice   %idle
06時13分05秒    0   20.43    0.00   11.83    0.00    0.00    3.23    0.00    0.00    0.00   64.52
06時13分05秒    1    2.70    0.00    1.35    0.00    0.00    1.35    0.00    0.00    0.00   94.59

06時13分05秒  CPU    %usr   %nice    %sys %iowait    %irq   %soft  %steal  %guest  %gnice   %idle
06時13分06秒    0   16.67    0.00   15.62    0.00    1.04    4.17    0.00    0.00    0.00   62.50
06時13分06秒    1    3.90    0.00    3.90    0.00    0.00    1.30    0.00    0.00    0.00   90.91

06時13分06秒  CPU    %usr   %nice    %sys %iowait    %irq   %soft  %steal  %guest  %gnice   %idle
06時13分07秒    0   19.79    0.00   14.58    0.00    0.00    3.12    0.00    0.00    0.00   62.50
06時13分07秒    1    3.95    0.00    1.32    0.00    0.00    1.32    0.00    0.00    0.00   93.42

06時13分07秒  CPU    %usr   %nice    %sys %iowait    %irq   %soft  %steal  %guest  %gnice   %idle
06時13分08秒    0   19.35    0.00   12.90    0.00    0.00    3.23    0.00    0.00    0.00   64.52
06時13分08秒    1    2.70    0.00    1.35    0.00    0.00    1.35    0.00    0.00    0.00   94.59

06時13分08秒  CPU    %usr   %nice    %sys %iowait    %irq   %soft  %steal  %guest  %gnice   %idle
06時13分09秒    0   18.09    0.00   14.89    0.00    0.00    3.19    0.00    0.00    0.00   63.83
06時13分09秒    1    3.95    0.00    1.32    0.00    0.00    1.32    0.00    0.00    0.00   93.42

06時13分09秒  CPU    %usr   %nice    %sys %iowait    %irq   %soft  %steal  %guest  %gnice   %idle
06時13分10秒    0   22.11    0.00   12.63    0.00    0.00    4.21    0.00    0.00    0.00   61.05
06時13分10秒    1    5.19    0.00    1.30    0.00    0.00    2.60    0.00    0.00    0.00   90.91

06時13分10秒  CPU    %usr   %nice    %sys %iowait    %irq   %soft  %steal  %guest  %gnice   %idle
06時13分11秒    0   19.15    0.00   13.83    0.00    0.00    3.19    0.00    0.00    0.00   63.83
06時13分11秒    1    5.13    0.00    2.56    0.00    0.00    1.28    0.00    0.00    0.00   91.03

06時13分11秒  CPU    %usr   %nice    %sys %iowait    %irq   %soft  %steal  %guest  %gnice   %idle
06時13分12秒    0   20.00    0.00   14.74    0.00    0.00    3.16    0.00    0.00    0.00   62.11
06時13分12秒    1    5.26    0.00    1.32    0.00    0.00    1.32    0.00    0.00    0.00   92.11

06時13分12秒  CPU    %usr   %nice    %sys %iowait    %irq   %soft  %steal  %guest  %gnice   %idle
06時13分13秒    0   18.95    0.00   12.63    0.00    0.00    4.21    0.00    0.00    0.00   64.21
06時13分13秒    1    2.74    0.00    0.00    0.00    0.00    1.37    0.00    0.00    0.00   95.89

06時13分13秒  CPU    %usr   %nice    %sys %iowait    %irq   %soft  %steal  %guest  %gnice   %idle
06時13分14秒    0   18.09    0.00   14.89    0.00    0.00    3.19    0.00    0.00    0.00   63.83
06時13分14秒    1    2.60    0.00    3.90    0.00    0.00    1.30    0.00    0.00    0.00   92.21

06時13分14秒  CPU    %usr   %nice    %sys %iowait    %irq   %soft  %steal  %guest  %gnice   %idle
06時13分15秒    0   20.21    0.00   12.77    0.00    0.00    3.19    0.00    0.00    0.00   63.83
06時13分15秒    1    4.00    0.00    2.67    0.00    0.00    1.33    0.00    0.00    0.00   92.00

06時13分15秒  CPU    %usr   %nice    %sys %iowait    %irq   %soft  %steal  %guest  %gnice   %idle
06時13分16秒    0   17.02    0.00   14.89    0.00    0.00    4.26    0.00    0.00    0.00   63.83
06時13分16秒    1    0.00    0.00    0.00    0.00    0.00    1.37    0.00    0.00    0.00   98.63

06時13分16秒  CPU    %usr   %nice    %sys %iowait    %irq   %soft  %steal  %guest  %gnice   %idle
06時13分17秒    0   18.09    0.00   14.89    0.00    0.00    3.19    0.00    0.00    0.00   63.83
06時13分17秒    1    4.00    0.00    1.33    0.00    0.00    1.33    0.00    0.00    0.00   93.33

06時13分17秒  CPU    %usr   %nice    %sys %iowait    %irq   %soft  %steal  %guest  %gnice   %idle
06時13分18秒    0   17.89    0.00   15.79    0.00    0.00    3.16    0.00    0.00    0.00   63.16
06時13分18秒    1    3.95    0.00    1.32    0.00    0.00    1.32    0.00    0.00    0.00   93.42

06時13分18秒  CPU    %usr   %nice    %sys %iowait    %irq   %soft  %steal  %guest  %gnice   %idle
06時13分19秒    0   18.95    0.00   14.74    0.00    0.00    3.16    0.00    0.00    0.00   63.16
06時13分19秒    1    4.00    0.00    1.33    0.00    0.00    1.33    0.00    0.00    0.00   93.33

06時13分19秒  CPU    %usr   %nice    %sys %iowait    %irq   %soft  %steal  %guest  %gnice   %idle
06時13分20秒    0   20.00    0.00   13.68    0.00    0.00    4.21    0.00    0.00    0.00   62.11
06時13分20秒    1    3.95    0.00    1.32    0.00    1.32    1.32    0.00    0.00    0.00   92.11

平均時間：  CPU    %usr   %nice    %sys %iowait    %irq   %soft  %steal  %guest  %gnice   %idle
平均時間：    0   18.88    0.00   14.50    0.00    0.07    3.48    0.00    0.00    0.00   63.07
平均時間：    1    3.99    0.00    1.54    0.00    0.07    1.43    0.00    0.00    0.00   92.97
