Linux 5.6.15-arch1-1 (archlinux) 	西元2020年06月29日 	_x86_64_	(12 CPU)

04時13分32秒  CPU    %usr   %nice    %sys %iowait    %irq   %soft  %steal  %guest  %gnice   %idle
04時13分33秒    0   31.18    0.00   21.51    0.00    0.00    5.38    0.00    0.00    0.00   41.94
04時13分33秒    1   20.51    0.00    8.97    0.00    0.00    1.28    0.00    0.00    0.00   69.23

04時13分33秒  CPU    %usr   %nice    %sys %iowait    %irq   %soft  %steal  %guest  %gnice   %idle
04時13分34秒    0   27.96    0.00   24.73    0.00    0.00    5.38    0.00    0.00    0.00   41.94
04時13分34秒    1   21.95    0.00    9.76    0.00    0.00    2.44    0.00    0.00    0.00   65.85

04時13分34秒  CPU    %usr   %nice    %sys %iowait    %irq   %soft  %steal  %guest  %gnice   %idle
04時13分35秒    0   31.25    0.00   20.83    0.00    0.00    6.25    0.00    0.00    0.00   41.67
04時13分35秒    1   18.52    0.00   12.35    0.00    0.00    1.23    0.00    0.00    0.00   67.90

04時13分35秒  CPU    %usr   %nice    %sys %iowait    %irq   %soft  %steal  %guest  %gnice   %idle
04時13分36秒    0   29.79    0.00   21.28    0.00    1.06    5.32    0.00    0.00    0.00   42.55
04時13分36秒    1   20.99    0.00    9.88    0.00    0.00    2.47    0.00    0.00    0.00   66.67

04時13分36秒  CPU    %usr   %nice    %sys %iowait    %irq   %soft  %steal  %guest  %gnice   %idle
04時13分37秒    0   31.18    0.00   21.51    0.00    0.00    5.38    0.00    0.00    0.00   41.94
04時13分37秒    1   22.22    0.00    8.64    0.00    0.00    2.47    0.00    0.00    0.00   66.67

04時13分37秒  CPU    %usr   %nice    %sys %iowait    %irq   %soft  %steal  %guest  %gnice   %idle
04時13分38秒    0   25.56    0.00   24.44    0.00    0.00    5.56    0.00    0.00    0.00   44.44
04時13分38秒    1   18.99    0.00   10.13    0.00    0.00    1.27    0.00    0.00    0.00   69.62

04時13分38秒  CPU    %usr   %nice    %sys %iowait    %irq   %soft  %steal  %guest  %gnice   %idle
04時13分39秒    0   26.88    0.00   23.66    0.00    0.00    5.38    0.00    0.00    0.00   44.09
04時13分39秒    1   20.73    0.00    8.54    0.00    1.22    1.22    0.00    0.00    0.00   68.29

04時13分39秒  CPU    %usr   %nice    %sys %iowait    %irq   %soft  %steal  %guest  %gnice   %idle
04時13分40秒    0   32.63    0.00   20.00    0.00    0.00    5.26    0.00    0.00    0.00   42.11
04時13分40秒    1   21.25    0.00    8.75    0.00    0.00    2.50    0.00    0.00    0.00   67.50

04時13分40秒  CPU    %usr   %nice    %sys %iowait    %irq   %soft  %steal  %guest  %gnice   %idle
04時13分41秒    0   32.22    0.00   18.89    0.00    0.00    5.56    0.00    0.00    0.00   43.33
04時13分41秒    1   17.28    0.00   13.58    0.00    0.00    2.47    0.00    0.00    0.00   66.67

04時13分41秒  CPU    %usr   %nice    %sys %iowait    %irq   %soft  %steal  %guest  %gnice   %idle
04時13分42秒    0   27.66    0.00   25.53    0.00    0.00    6.38    0.00    0.00    0.00   40.43
04時13分42秒    1   21.52    0.00    8.86    0.00    0.00    1.27    0.00    0.00    0.00   68.35

04時13分42秒  CPU    %usr   %nice    %sys %iowait    %irq   %soft  %steal  %guest  %gnice   %idle
04時13分43秒    0   31.18    0.00   20.43    0.00    0.00    5.38    0.00    0.00    0.00   43.01
04時13分43秒    1   17.50    0.00   11.25    0.00    0.00    2.50    0.00    0.00    0.00   68.75

04時13分43秒  CPU    %usr   %nice    %sys %iowait    %irq   %soft  %steal  %guest  %gnice   %idle
04時13分44秒    0   30.85    0.00   21.28    0.00    0.00    5.32    0.00    0.00    0.00   42.55
04時13分44秒    1   22.78    0.00    7.59    0.00    0.00    1.27    0.00    0.00    0.00   68.35

04時13分44秒  CPU    %usr   %nice    %sys %iowait    %irq   %soft  %steal  %guest  %gnice   %idle
04時13分45秒    0   31.52    0.00   20.65    0.00    0.00    5.43    0.00    0.00    0.00   42.39
04時13分45秒    1   17.72    0.00   11.39    0.00    0.00    2.53    0.00    0.00    0.00   68.35

04時13分45秒  CPU    %usr   %nice    %sys %iowait    %irq   %soft  %steal  %guest  %gnice   %idle
04時13分46秒    0   30.85    0.00   23.40    0.00    0.00    5.32    0.00    0.00    0.00   40.43
04時13分46秒    1   19.23    0.00   11.54    0.00    0.00    1.28    0.00    0.00    0.00   67.95

04時13分46秒  CPU    %usr   %nice    %sys %iowait    %irq   %soft  %steal  %guest  %gnice   %idle
04時13分47秒    0   28.72    0.00   25.53    0.00    0.00    6.38    0.00    0.00    0.00   39.36
04時13分47秒    1   21.52    0.00    8.86    0.00    0.00    2.53    0.00    0.00    0.00   67.09

04時13分47秒  CPU    %usr   %nice    %sys %iowait    %irq   %soft  %steal  %guest  %gnice   %idle
04時13分48秒    0   31.58    0.00   21.05    0.00    0.00    5.26    0.00    0.00    0.00   42.11
04時13分48秒    1   19.23    0.00   10.26    0.00    0.00    1.28    0.00    0.00    0.00   69.23

04時13分48秒  CPU    %usr   %nice    %sys %iowait    %irq   %soft  %steal  %guest  %gnice   %idle
04時13分49秒    0   29.03    0.00   21.51    0.00    0.00    5.38    0.00    0.00    0.00   44.09
04時13分49秒    1   19.75    0.00    9.88    0.00    0.00    2.47    0.00    0.00    0.00   67.90

04時13分49秒  CPU    %usr   %nice    %sys %iowait    %irq   %soft  %steal  %guest  %gnice   %idle
04時13分50秒    0   29.35    0.00   22.83    0.00    0.00    5.43    0.00    0.00    0.00   42.39
04時13分50秒    1   18.99    0.00   11.39    0.00    0.00    1.27    0.00    0.00    0.00   68.35

04時13分50秒  CPU    %usr   %nice    %sys %iowait    %irq   %soft  %steal  %guest  %gnice   %idle
04時13分51秒    0   26.37    0.00   26.37    0.00    0.00    5.49    0.00    0.00    0.00   41.76
04時13分51秒    1   23.46    0.00    9.88    0.00    0.00    2.47    0.00    0.00    0.00   64.20

04時13分51秒  CPU    %usr   %nice    %sys %iowait    %irq   %soft  %steal  %guest  %gnice   %idle
04時13分52秒    0   28.42    0.00   24.21    0.00    0.00    6.32    0.00    0.00    0.00   41.05
04時13分52秒    1   21.52    0.00    8.86    0.00    0.00    1.27    0.00    0.00    0.00   68.35

04時13分52秒  CPU    %usr   %nice    %sys %iowait    %irq   %soft  %steal  %guest  %gnice   %idle
04時13分53秒    0   30.85    0.00   22.34    0.00    0.00    5.32    0.00    0.00    0.00   41.49
04時13分53秒    1   18.99    0.00   10.13    0.00    0.00    2.53    0.00    0.00    0.00   68.35

04時13分53秒  CPU    %usr   %nice    %sys %iowait    %irq   %soft  %steal  %guest  %gnice   %idle
04時13分54秒    0   30.85    0.00   21.28    0.00    0.00    5.32    0.00    0.00    0.00   42.55
04時13分54秒    1   20.25    0.00    8.86    0.00    0.00    1.27    0.00    0.00    0.00   69.62

04時13分54秒  CPU    %usr   %nice    %sys %iowait    %irq   %soft  %steal  %guest  %gnice   %idle
04時13分55秒    0   27.17    0.00   26.09    0.00    0.00    5.43    0.00    0.00    0.00   41.30
04時13分55秒    1   18.99    0.00   11.39    0.00    0.00    2.53    0.00    0.00    0.00   67.09

04時13分55秒  CPU    %usr   %nice    %sys %iowait    %irq   %soft  %steal  %guest  %gnice   %idle
04時13分56秒    0   26.60    0.00   25.53    0.00    1.06    5.32    0.00    0.00    0.00   41.49
04時13分56秒    1   23.75    0.00    7.50    0.00    0.00    1.25    0.00    0.00    0.00   67.50

04時13分56秒  CPU    %usr   %nice    %sys %iowait    %irq   %soft  %steal  %guest  %gnice   %idle
04時13分57秒    0   29.47    0.00   23.16    0.00    0.00    5.26    0.00    0.00    0.00   42.11
04時13分57秒    1   23.46    0.00    6.17    0.00    0.00    2.47    0.00    0.00    0.00   67.90

04時13分57秒  CPU    %usr   %nice    %sys %iowait    %irq   %soft  %steal  %guest  %gnice   %idle
04時13分58秒    0   28.72    0.00   23.40    0.00    0.00    6.38    0.00    0.00    0.00   41.49
04時13分58秒    1   19.75    0.00   11.11    0.00    0.00    2.47    0.00    0.00    0.00   66.67

04時13分58秒  CPU    %usr   %nice    %sys %iowait    %irq   %soft  %steal  %guest  %gnice   %idle
04時13分59秒    0   26.60    0.00   24.47    0.00    0.00    5.32    0.00    0.00    0.00   43.62
04時13分59秒    1   19.75    0.00   11.11    0.00    0.00    1.23    0.00    0.00    0.00   67.90

04時13分59秒  CPU    %usr   %nice    %sys %iowait    %irq   %soft  %steal  %guest  %gnice   %idle
04時14分00秒    0   30.11    0.00   23.66    0.00    0.00    5.38    0.00    0.00    0.00   40.86
04時14分00秒    1   18.75    0.00   12.50    0.00    0.00    2.50    0.00    0.00    0.00   66.25

04時14分00秒  CPU    %usr   %nice    %sys %iowait    %irq   %soft  %steal  %guest  %gnice   %idle
04時14分01秒    0   34.04    0.00   20.21    0.00    0.00    5.32    0.00    0.00    0.00   40.43
04時14分01秒    1   21.79    0.00    7.69    0.00    0.00    1.28    0.00    0.00    0.00   69.23

04時14分01秒  CPU    %usr   %nice    %sys %iowait    %irq   %soft  %steal  %guest  %gnice   %idle
04時14分02秒    0   28.26    0.00   25.00    0.00    0.00    5.43    0.00    0.00    0.00   41.30
04時14分02秒    1   20.73    0.00   10.98    0.00    0.00    2.44    0.00    0.00    0.00   65.85

04時14分02秒  CPU    %usr   %nice    %sys %iowait    %irq   %soft  %steal  %guest  %gnice   %idle
04時14分03秒    0   27.17    0.00   22.83    0.00    0.00    5.43    0.00    0.00    0.00   44.57
04時14分03秒    1   22.78    0.00    6.33    0.00    0.00    1.27    0.00    0.00    0.00   69.62

04時14分03秒  CPU    %usr   %nice    %sys %iowait    %irq   %soft  %steal  %guest  %gnice   %idle
04時14分04秒    0   27.37    0.00   24.21    0.00    0.00    6.32    0.00    0.00    0.00   42.11
04時14分04秒    1   17.72    0.00   10.13    0.00    0.00    2.53    0.00    0.00    0.00   69.62

04時14分04秒  CPU    %usr   %nice    %sys %iowait    %irq   %soft  %steal  %guest  %gnice   %idle
04時14分05秒    0   30.85    0.00   23.40    0.00    0.00    5.32    0.00    0.00    0.00   40.43
04時14分05秒    1   20.00    0.00   11.25    0.00    0.00    1.25    0.00    0.00    0.00   67.50

04時14分05秒  CPU    %usr   %nice    %sys %iowait    %irq   %soft  %steal  %guest  %gnice   %idle
04時14分06秒    0   30.85    0.00   20.21    0.00    0.00    5.32    0.00    0.00    0.00   43.62
04時14分06秒    1   19.51    0.00    9.76    0.00    0.00    2.44    0.00    0.00    0.00   68.29

04時14分06秒  CPU    %usr   %nice    %sys %iowait    %irq   %soft  %steal  %guest  %gnice   %idle
04時14分07秒    0   31.18    0.00   23.66    0.00    0.00    5.38    0.00    0.00    0.00   39.78
04時14分07秒    1   24.05    0.00    7.59    0.00    0.00    1.27    0.00    0.00    0.00   67.09

04時14分07秒  CPU    %usr   %nice    %sys %iowait    %irq   %soft  %steal  %guest  %gnice   %idle
04時14分08秒    0   28.26    0.00   22.83    0.00    0.00    5.43    0.00    0.00    0.00   43.48
04時14分08秒    1   15.19    0.00   13.92    0.00    0.00    2.53    0.00    0.00    0.00   68.35

04時14分08秒  CPU    %usr   %nice    %sys %iowait    %irq   %soft  %steal  %guest  %gnice   %idle
04時14分09秒    0   30.53    0.00   23.16    0.00    0.00    5.26    0.00    0.00    0.00   41.05
04時14分09秒    1   20.51    0.00    8.97    0.00    0.00    1.28    0.00    0.00    0.00   69.23

04時14分09秒  CPU    %usr   %nice    %sys %iowait    %irq   %soft  %steal  %guest  %gnice   %idle
04時14分10秒    0   26.60    0.00   25.53    0.00    0.00    6.38    0.00    0.00    0.00   41.49
04時14分10秒    1   22.50    0.00    7.50    0.00    0.00    2.50    0.00    0.00    0.00   67.50

04時14分10秒  CPU    %usr   %nice    %sys %iowait    %irq   %soft  %steal  %guest  %gnice   %idle
04時14分11秒    0   32.26    0.00   19.35    0.00    0.00    5.38    0.00    0.00    0.00   43.01
04時14分11秒    1   22.22    0.00    9.88    0.00    0.00    1.23    0.00    0.00    0.00   66.67

04時14分11秒  CPU    %usr   %nice    %sys %iowait    %irq   %soft  %steal  %guest  %gnice   %idle
04時14分12秒    0   29.79    0.00   22.34    0.00    0.00    5.32    0.00    0.00    0.00   42.55
04時14分12秒    1   19.51    0.00    9.76    0.00    0.00    2.44    0.00    0.00    0.00   68.29

04時14分12秒  CPU    %usr   %nice    %sys %iowait    %irq   %soft  %steal  %guest  %gnice   %idle
04時14分13秒    0   30.43    0.00   21.74    0.00    0.00    5.43    0.00    0.00    0.00   42.39
04時14分13秒    1   26.92    0.00    5.13    0.00    0.00    1.28    0.00    0.00    0.00   66.67

04時14分13秒  CPU    %usr   %nice    %sys %iowait    %irq   %soft  %steal  %guest  %gnice   %idle
04時14分14秒    0   25.81    0.00   25.81    0.00    0.00    5.38    0.00    0.00    0.00   43.01
04時14分14秒    1   17.72    0.00   10.13    0.00    0.00    2.53    0.00    0.00    0.00   69.62

04時14分14秒  CPU    %usr   %nice    %sys %iowait    %irq   %soft  %steal  %guest  %gnice   %idle
04時14分15秒    0   30.43    0.00   22.83    0.00    0.00    5.43    0.00    0.00    0.00   41.30
04時14分15秒    1   21.52    0.00   10.13    0.00    0.00    1.27    0.00    0.00    0.00   67.09

04時14分15秒  CPU    %usr   %nice    %sys %iowait    %irq   %soft  %steal  %guest  %gnice   %idle
04時14分16秒    0   29.17    0.00   22.92    0.00    1.04    6.25    0.00    0.00    0.00   40.62
04時14分16秒    1   17.72    0.00   12.66    0.00    0.00    2.53    0.00    0.00    0.00   67.09

04時14分16秒  CPU    %usr   %nice    %sys %iowait    %irq   %soft  %steal  %guest  %gnice   %idle
04時14分17秒    0   31.18    0.00   23.66    0.00    0.00    5.38    0.00    0.00    0.00   39.78
04時14分17秒    1   21.52    0.00    7.59    0.00    1.27    1.27    0.00    0.00    0.00   68.35

04時14分17秒  CPU    %usr   %nice    %sys %iowait    %irq   %soft  %steal  %guest  %gnice   %idle
04時14分18秒    0   30.11    0.00   22.58    0.00    0.00    5.38    0.00    0.00    0.00   41.94
04時14分18秒    1   19.75    0.00   12.35    0.00    0.00    2.47    0.00    0.00    0.00   65.43

04時14分18秒  CPU    %usr   %nice    %sys %iowait    %irq   %soft  %steal  %guest  %gnice   %idle
04時14分19秒    0   28.89    0.00   21.11    0.00    0.00    5.56    0.00    0.00    0.00   44.44
04時14分19秒    1   22.22    0.00    7.41    0.00    0.00    1.23    0.00    0.00    0.00   69.14

04時14分19秒  CPU    %usr   %nice    %sys %iowait    %irq   %soft  %steal  %guest  %gnice   %idle
04時14分20秒    0   30.53    0.00   22.11    0.00    0.00    5.26    0.00    0.00    0.00   42.11
04時14分20秒    1   21.52    0.00    8.86    0.00    0.00    2.53    0.00    0.00    0.00   67.09

04時14分20秒  CPU    %usr   %nice    %sys %iowait    %irq   %soft  %steal  %guest  %gnice   %idle
04時14分21秒    0   30.11    0.00   20.43    0.00    0.00    5.38    0.00    0.00    0.00   44.09
04時14分21秒    1   22.50    0.00    8.75    0.00    0.00    1.25    0.00    0.00    0.00   67.50

04時14分21秒  CPU    %usr   %nice    %sys %iowait    %irq   %soft  %steal  %guest  %gnice   %idle
04時14分22秒    0   32.63    0.00   21.05    0.00    0.00    6.32    0.00    0.00    0.00   40.00
04時14分22秒    1   20.73    0.00   10.98    0.00    0.00    2.44    0.00    0.00    0.00   65.85

04時14分22秒  CPU    %usr   %nice    %sys %iowait    %irq   %soft  %steal  %guest  %gnice   %idle
04時14分23秒    0   27.96    0.00   24.73    0.00    0.00    5.38    0.00    0.00    0.00   41.94
04時14分23秒    1   25.32    0.00    7.59    0.00    0.00    1.27    0.00    0.00    0.00   65.82

04時14分23秒  CPU    %usr   %nice    %sys %iowait    %irq   %soft  %steal  %guest  %gnice   %idle
04時14分24秒    0   30.43    0.00   21.74    0.00    0.00    5.43    0.00    0.00    0.00   42.39
04時14分24秒    1   19.75    0.00    9.88    0.00    0.00    2.47    0.00    0.00    0.00   67.90

04時14分24秒  CPU    %usr   %nice    %sys %iowait    %irq   %soft  %steal  %guest  %gnice   %idle
04時14分25秒    0   30.11    0.00   23.66    0.00    0.00    5.38    0.00    0.00    0.00   40.86
04時14分25秒    1   20.00    0.00   10.00    0.00    1.25    2.50    0.00    0.00    0.00   66.25

04時14分25秒  CPU    %usr   %nice    %sys %iowait    %irq   %soft  %steal  %guest  %gnice   %idle
04時14分26秒    0   29.79    0.00   22.34    0.00    0.00    6.38    0.00    0.00    0.00   41.49
04時14分26秒    1   22.50    0.00    8.75    0.00    0.00    1.25    0.00    0.00    0.00   67.50

04時14分26秒  CPU    %usr   %nice    %sys %iowait    %irq   %soft  %steal  %guest  %gnice   %idle
04時14分27秒    0   31.25    0.00   21.88    0.00    0.00    5.21    0.00    0.00    0.00   41.67
04時14分27秒    1   19.75    0.00   11.11    0.00    0.00    2.47    0.00    0.00    0.00   66.67

04時14分27秒  CPU    %usr   %nice    %sys %iowait    %irq   %soft  %steal  %guest  %gnice   %idle
04時14分28秒    0   31.52    0.00   19.57    0.00    0.00    5.43    0.00    0.00    0.00   43.48
04時14分28秒    1   18.75    0.00   10.00    0.00    0.00    1.25    0.00    0.00    0.00   70.00

04時14分28秒  CPU    %usr   %nice    %sys %iowait    %irq   %soft  %steal  %guest  %gnice   %idle
04時14分29秒    0   30.85    0.00   22.34    0.00    0.00    5.32    0.00    0.00    0.00   41.49
04時14分29秒    1   20.00    0.00   10.00    0.00    0.00    2.50    0.00    0.00    0.00   67.50

04時14分29秒  CPU    %usr   %nice    %sys %iowait    %irq   %soft  %steal  %guest  %gnice   %idle
04時14分30秒    0   30.77    0.00   20.88    0.00    0.00    5.49    0.00    0.00    0.00   42.86
04時14分30秒    1   22.08    0.00    6.49    0.00    0.00    1.30    0.00    0.00    0.00   70.13

04時14分30秒  CPU    %usr   %nice    %sys %iowait    %irq   %soft  %steal  %guest  %gnice   %idle
04時14分31秒    0   29.03    0.00   21.51    0.00    0.00    5.38    0.00    0.00    0.00   44.09
04時14分31秒    1   17.28    0.00   12.35    0.00    0.00    2.47    0.00    0.00    0.00   67.90

04時14分31秒  CPU    %usr   %nice    %sys %iowait    %irq   %soft  %steal  %guest  %gnice   %idle
04時14分32秒    0   28.72    0.00   22.34    0.00    0.00    5.32    0.00    0.00    0.00   43.62
04時14分32秒    1   20.99    0.00    9.88    0.00    0.00    1.23    0.00    0.00    0.00   67.90

04時14分32秒  CPU    %usr   %nice    %sys %iowait    %irq   %soft  %steal  %guest  %gnice   %idle
04時14分33秒    0   25.81    0.00   25.81    0.00    0.00    5.38    0.00    0.00    0.00   43.01
04時14分33秒    1   19.51    0.00    9.76    0.00    0.00    2.44    0.00    0.00    0.00   68.29

04時14分33秒  CPU    %usr   %nice    %sys %iowait    %irq   %soft  %steal  %guest  %gnice   %idle
04時14分34秒    0   33.68    0.00   20.00    0.00    0.00    6.32    0.00    0.00    0.00   40.00
04時14分34秒    1   22.78    0.00    8.86    0.00    0.00    1.27    0.00    0.00    0.00   67.09

04時14分34秒  CPU    %usr   %nice    %sys %iowait    %irq   %soft  %steal  %guest  %gnice   %idle
04時14分35秒    0   30.85    0.00   22.34    0.00    0.00    5.32    0.00    0.00    0.00   41.49
04時14分35秒    1   22.50    0.00    8.75    0.00    0.00    2.50    0.00    0.00    0.00   66.25

04時14分35秒  CPU    %usr   %nice    %sys %iowait    %irq   %soft  %steal  %guest  %gnice   %idle
04時14分36秒    0   32.26    0.00   21.51    0.00    0.00    5.38    0.00    0.00    0.00   40.86
04時14分36秒    1   22.78    0.00    7.59    0.00    0.00    1.27    0.00    0.00    0.00   68.35

04時14分36秒  CPU    %usr   %nice    %sys %iowait    %irq   %soft  %steal  %guest  %gnice   %idle
04時14分37秒    0   26.60    0.00   24.47    0.00    1.06    5.32    0.00    0.00    0.00   42.55
04時14分37秒    1   20.00    0.00   10.00    0.00    0.00    2.50    0.00    0.00    0.00   67.50

04時14分37秒  CPU    %usr   %nice    %sys %iowait    %irq   %soft  %steal  %guest  %gnice   %idle
04時14分38秒    0   26.88    0.00   24.73    0.00    0.00    5.38    0.00    0.00    0.00   43.01
04時14分38秒    1   20.25    0.00    8.86    0.00    0.00    1.27    0.00    0.00    0.00   69.62

04時14分38秒  CPU    %usr   %nice    %sys %iowait    %irq   %soft  %steal  %guest  %gnice   %idle
04時14分39秒    0   34.04    0.00   19.15    0.00    0.00    5.32    0.00    0.00    0.00   41.49
04時14分39秒    1   23.17    0.00    8.54    0.00    0.00    2.44    0.00    0.00    0.00   65.85

04時14分39秒  CPU    %usr   %nice    %sys %iowait    %irq   %soft  %steal  %guest  %gnice   %idle
04時14分40秒    0   31.58    0.00   17.89    0.00    0.00    6.32    0.00    0.00    0.00   44.21
04時14分40秒    1   16.67    0.00   10.26    0.00    0.00    1.28    0.00    0.00    0.00   71.79

04時14分40秒  CPU    %usr   %nice    %sys %iowait    %irq   %soft  %steal  %guest  %gnice   %idle
04時14分41秒    0   31.91    0.00   21.28    0.00    0.00    5.32    0.00    0.00    0.00   41.49
04時14分41秒    1   18.75    0.00   11.25    0.00    0.00    2.50    0.00    0.00    0.00   67.50

04時14分41秒  CPU    %usr   %nice    %sys %iowait    %irq   %soft  %steal  %guest  %gnice   %idle
04時14分42秒    0   28.26    0.00   22.83    0.00    0.00    5.43    0.00    0.00    0.00   43.48
04時14分42秒    1   19.23    0.00    8.97    0.00    0.00    1.28    0.00    0.00    0.00   70.51

04時14分42秒  CPU    %usr   %nice    %sys %iowait    %irq   %soft  %steal  %guest  %gnice   %idle
04時14分43秒    0   27.96    0.00   23.66    0.00    0.00    5.38    0.00    0.00    0.00   43.01
04時14分43秒    1   24.39    0.00    8.54    0.00    0.00    2.44    0.00    0.00    0.00   64.63

04時14分43秒  CPU    %usr   %nice    %sys %iowait    %irq   %soft  %steal  %guest  %gnice   %idle
04時14分44秒    0   31.87    0.00   19.78    0.00    0.00    5.49    0.00    0.00    0.00   42.86
04時14分44秒    1   21.79    0.00    8.97    0.00    0.00    1.28    0.00    0.00    0.00   67.95

04時14分44秒  CPU    %usr   %nice    %sys %iowait    %irq   %soft  %steal  %guest  %gnice   %idle
04時14分45秒    0   30.53    0.00   23.16    0.00    0.00    5.26    0.00    0.00    0.00   41.05
04時14分45秒    1   19.75    0.00   11.11    0.00    0.00    2.47    0.00    0.00    0.00   66.67

04時14分45秒  CPU    %usr   %nice    %sys %iowait    %irq   %soft  %steal  %guest  %gnice   %idle
04時14分46秒    0   27.47    0.00   23.08    0.00    0.00    5.49    0.00    0.00    0.00   43.96
04時14分46秒    1   22.22    0.00    8.64    0.00    0.00    1.23    0.00    0.00    0.00   67.90

04時14分46秒  CPU    %usr   %nice    %sys %iowait    %irq   %soft  %steal  %guest  %gnice   %idle
04時14分47秒    0   34.41    0.00   18.28    0.00    0.00    6.45    0.00    0.00    0.00   40.86
04時14分47秒    1   18.99    0.00   10.13    0.00    0.00    2.53    0.00    0.00    0.00   68.35

04時14分47秒  CPU    %usr   %nice    %sys %iowait    %irq   %soft  %steal  %guest  %gnice   %idle
04時14分48秒    0   31.18    0.00   20.43    0.00    0.00    5.38    0.00    0.00    0.00   43.01
04時14分48秒    1   24.05    0.00    6.33    0.00    0.00    1.27    0.00    0.00    0.00   68.35

04時14分48秒  CPU    %usr   %nice    %sys %iowait    %irq   %soft  %steal  %guest  %gnice   %idle
04時14分49秒    0   27.96    0.00   23.66    0.00    0.00    5.38    0.00    0.00    0.00   43.01
04時14分49秒    1   24.39    0.00    7.32    0.00    0.00    2.44    0.00    0.00    0.00   65.85

04時14分49秒  CPU    %usr   %nice    %sys %iowait    %irq   %soft  %steal  %guest  %gnice   %idle
04時14分50秒    0   29.79    0.00   23.40    0.00    0.00    5.32    0.00    0.00    0.00   41.49
04時14分50秒    1   18.99    0.00   11.39    0.00    0.00    1.27    0.00    0.00    0.00   68.35

04時14分50秒  CPU    %usr   %nice    %sys %iowait    %irq   %soft  %steal  %guest  %gnice   %idle
04時14分51秒    0   32.26    0.00   21.51    0.00    0.00    5.38    0.00    0.00    0.00   40.86
04時14分51秒    1   18.99    0.00   10.13    0.00    0.00    2.53    0.00    0.00    0.00   68.35

04時14分51秒  CPU    %usr   %nice    %sys %iowait    %irq   %soft  %steal  %guest  %gnice   %idle
04時14分52秒    0   24.73    0.00   25.81    0.00    0.00    5.38    0.00    0.00    0.00   44.09
04時14分52秒    1   21.25    0.00    8.75    0.00    0.00    1.25    0.00    0.00    0.00   68.75

04時14分52秒  CPU    %usr   %nice    %sys %iowait    %irq   %soft  %steal  %guest  %gnice   %idle
04時14分53秒    0   27.66    0.00   25.53    0.00    0.00    6.38    0.00    0.00    0.00   40.43
04時14分53秒    1   18.99    0.00   10.13    0.00    0.00    2.53    0.00    0.00    0.00   68.35

04時14分53秒  CPU    %usr   %nice    %sys %iowait    %irq   %soft  %steal  %guest  %gnice   %idle
04時14分54秒    0   31.18    0.00   20.43    0.00    0.00    5.38    0.00    0.00    0.00   43.01
04時14分54秒    1   25.00    0.00    6.25    0.00    0.00    1.25    0.00    0.00    0.00   67.50

04時14分54秒  CPU    %usr   %nice    %sys %iowait    %irq   %soft  %steal  %guest  %gnice   %idle
04時14分55秒    0   31.91    0.00   22.34    0.00    0.00    5.32    0.00    0.00    0.00   40.43
04時14分55秒    1   23.17    0.00    9.76    0.00    0.00    2.44    0.00    0.00    0.00   64.63

04時14分55秒  CPU    %usr   %nice    %sys %iowait    %irq   %soft  %steal  %guest  %gnice   %idle
04時14分56秒    0   28.26    0.00   23.91    0.00    0.00    5.43    0.00    0.00    0.00   42.39
04時14分56秒    1   17.95    0.00   10.26    0.00    0.00    2.56    0.00    0.00    0.00   69.23

04時14分56秒  CPU    %usr   %nice    %sys %iowait    %irq   %soft  %steal  %guest  %gnice   %idle
04時14分57秒    0   28.42    0.00   23.16    0.00    1.05    5.26    0.00    0.00    0.00   42.11
04時14分57秒    1   18.52    0.00    9.88    0.00    0.00    1.23    0.00    0.00    0.00   70.37

04時14分57秒  CPU    %usr   %nice    %sys %iowait    %irq   %soft  %steal  %guest  %gnice   %idle
04時14分58秒    0   25.27    0.00   26.37    0.00    0.00    5.49    0.00    0.00    0.00   42.86
04時14分58秒    1   23.75    0.00    6.25    0.00    0.00    2.50    0.00    0.00    0.00   67.50

04時14分58秒  CPU    %usr   %nice    %sys %iowait    %irq   %soft  %steal  %guest  %gnice   %idle
04時14分59秒    0   25.53    0.00   25.53    0.00    0.00    5.32    0.00    0.00    0.00   43.62
04時14分59秒    1   18.99    0.00   10.13    0.00    0.00    1.27    0.00    0.00    0.00   69.62

04時14分59秒  CPU    %usr   %nice    %sys %iowait    %irq   %soft  %steal  %guest  %gnice   %idle
04時15分00秒    0   36.56    0.00   15.05    0.00    0.00    6.45    0.00    0.00    0.00   41.94
04時15分00秒    1   22.22    0.00    8.64    0.00    0.00    2.47    0.00    0.00    0.00   66.67

04時15分00秒  CPU    %usr   %nice    %sys %iowait    %irq   %soft  %steal  %guest  %gnice   %idle
04時15分01秒    0   27.37    0.00   26.32    0.00    0.00    5.26    0.00    0.00    0.00   41.05
04時15分01秒    1   21.79    0.00    8.97    0.00    0.00    1.28    0.00    0.00    0.00   67.95

04時15分01秒  CPU    %usr   %nice    %sys %iowait    %irq   %soft  %steal  %guest  %gnice   %idle
04時15分02秒    0   27.66    0.00   26.60    0.00    0.00    5.32    0.00    0.00    0.00   40.43
04時15分02秒    1   20.73    0.00   12.20    0.00    0.00    2.44    0.00    0.00    0.00   64.63

04時15分02秒  CPU    %usr   %nice    %sys %iowait    %irq   %soft  %steal  %guest  %gnice   %idle
04時15分03秒    0   27.78    0.00   22.22    0.00    0.00    5.56    0.00    0.00    0.00   44.44
04時15分03秒    1   17.50    0.00   11.25    0.00    1.25    1.25    0.00    0.00    0.00   68.75

04時15分03秒  CPU    %usr   %nice    %sys %iowait    %irq   %soft  %steal  %guest  %gnice   %idle
04時15分04秒    0   31.58    0.00   20.00    0.00    0.00    5.26    0.00    0.00    0.00   43.16
04時15分04秒    1   20.99    0.00    8.64    0.00    0.00    2.47    0.00    0.00    0.00   67.90

04時15分04秒  CPU    %usr   %nice    %sys %iowait    %irq   %soft  %steal  %guest  %gnice   %idle
04時15分05秒    0   31.18    0.00   21.51    0.00    0.00    5.38    0.00    0.00    0.00   41.94
04時15分05秒    1   18.99    0.00   11.39    0.00    0.00    1.27    0.00    0.00    0.00   68.35

04時15分05秒  CPU    %usr   %nice    %sys %iowait    %irq   %soft  %steal  %guest  %gnice   %idle
04時15分06秒    0   26.88    0.00   23.66    0.00    0.00    6.45    0.00    0.00    0.00   43.01
04時15分06秒    1   19.75    0.00    9.88    0.00    0.00    2.47    0.00    0.00    0.00   67.90

04時15分06秒  CPU    %usr   %nice    %sys %iowait    %irq   %soft  %steal  %guest  %gnice   %idle
04時15分07秒    0   30.43    0.00   20.65    0.00    0.00    5.43    0.00    0.00    0.00   43.48
04時15分07秒    1   21.79    0.00    7.69    0.00    0.00    1.28    0.00    0.00    0.00   69.23

04時15分07秒  CPU    %usr   %nice    %sys %iowait    %irq   %soft  %steal  %guest  %gnice   %idle
04時15分08秒    0   30.11    0.00   22.58    0.00    0.00    5.38    0.00    0.00    0.00   41.94
04時15分08秒    1   17.72    0.00   11.39    0.00    0.00    2.53    0.00    0.00    0.00   68.35

04時15分08秒  CPU    %usr   %nice    %sys %iowait    %irq   %soft  %steal  %guest  %gnice   %idle
04時15分09秒    0   29.79    0.00   23.40    0.00    0.00    5.32    0.00    0.00    0.00   41.49
04時15分09秒    1   19.75    0.00   11.11    0.00    0.00    1.23    0.00    0.00    0.00   67.90

04時15分09秒  CPU    %usr   %nice    %sys %iowait    %irq   %soft  %steal  %guest  %gnice   %idle
04時15分10秒    0   30.43    0.00   21.74    0.00    0.00    5.43    0.00    0.00    0.00   42.39
04時15分10秒    1   21.79    0.00    7.69    0.00    0.00    2.56    0.00    0.00    0.00   67.95

04時15分10秒  CPU    %usr   %nice    %sys %iowait    %irq   %soft  %steal  %guest  %gnice   %idle
04時15分11秒    0   31.52    0.00   20.65    0.00    0.00    6.52    0.00    0.00    0.00   41.30
04時15分11秒    1   20.25    0.00   10.13    0.00    0.00    1.27    0.00    0.00    0.00   68.35

04時15分11秒  CPU    %usr   %nice    %sys %iowait    %irq   %soft  %steal  %guest  %gnice   %idle
04時15分12秒    0   26.88    0.00   24.73    0.00    0.00    5.38    0.00    0.00    0.00   43.01
04時15分12秒    1   20.00    0.00    8.75    0.00    0.00    2.50    0.00    0.00    0.00   68.75

04時15分12秒  CPU    %usr   %nice    %sys %iowait    %irq   %soft  %steal  %guest  %gnice   %idle
04時15分13秒    0   28.72    0.00   25.53    0.00    0.00    5.32    0.00    0.00    0.00   40.43
04時15分13秒    1   22.22    0.00    9.88    0.00    0.00    1.23    0.00    0.00    0.00   66.67

04時15分13秒  CPU    %usr   %nice    %sys %iowait    %irq   %soft  %steal  %guest  %gnice   %idle
04時15分14秒    0   34.04    0.00   19.15    0.00    0.00    5.32    0.00    0.00    0.00   41.49
04時15分14秒    1   21.25    0.00    8.75    0.00    0.00    2.50    0.00    0.00    0.00   67.50

04時15分14秒  CPU    %usr   %nice    %sys %iowait    %irq   %soft  %steal  %guest  %gnice   %idle
04時15分15秒    0   32.26    0.00   20.43    0.00    0.00    5.38    0.00    0.00    0.00   41.94
04時15分15秒    1   22.22    0.00    9.88    0.00    0.00    1.23    0.00    0.00    0.00   66.67

04時15分15秒  CPU    %usr   %nice    %sys %iowait    %irq   %soft  %steal  %guest  %gnice   %idle
04時15分16秒    0   25.00    0.00   26.09    0.00    0.00    5.43    0.00    0.00    0.00   43.48
04時15分16秒    1   19.51    0.00   12.20    0.00    0.00    2.44    0.00    0.00    0.00   65.85

04時15分16秒  CPU    %usr   %nice    %sys %iowait    %irq   %soft  %steal  %guest  %gnice   %idle
04時15分17秒    0   29.79    0.00   20.21    0.00    1.06    6.38    0.00    0.00    0.00   42.55
04時15分17秒    1   19.23    0.00    8.97    0.00    0.00    1.28    0.00    0.00    0.00   70.51

04時15分17秒  CPU    %usr   %nice    %sys %iowait    %irq   %soft  %steal  %guest  %gnice   %idle
04時15分18秒    0   28.26    0.00   23.91    0.00    0.00    5.43    0.00    0.00    0.00   42.39
04時15分18秒    1   20.99    0.00    9.88    0.00    0.00    2.47    0.00    0.00    0.00   66.67

04時15分18秒  CPU    %usr   %nice    %sys %iowait    %irq   %soft  %steal  %guest  %gnice   %idle
04時15分19秒    0   32.98    0.00   20.21    0.00    0.00    5.32    0.00    0.00    0.00   41.49
04時15分19秒    1   20.25    0.00    8.86    0.00    0.00    2.53    0.00    0.00    0.00   68.35

04時15分19秒  CPU    %usr   %nice    %sys %iowait    %irq   %soft  %steal  %guest  %gnice   %idle
04時15分20秒    0   29.35    0.00   23.91    0.00    0.00    5.43    0.00    0.00    0.00   41.30
04時15分20秒    1   24.05    0.00    6.33    0.00    0.00    1.27    0.00    0.00    0.00   68.35

04時15分20秒  CPU    %usr   %nice    %sys %iowait    %irq   %soft  %steal  %guest  %gnice   %idle
04時15分21秒    0   30.11    0.00   22.58    0.00    0.00    5.38    0.00    0.00    0.00   41.94
04時15分21秒    1   17.07    0.00   14.63    0.00    0.00    2.44    0.00    0.00    0.00   65.85

04時15分21秒  CPU    %usr   %nice    %sys %iowait    %irq   %soft  %steal  %guest  %gnice   %idle
04時15分22秒    0   24.73    0.00   25.81    0.00    0.00    5.38    0.00    0.00    0.00   44.09
04時15分22秒    1   18.75    0.00   12.50    0.00    0.00    1.25    0.00    0.00    0.00   67.50

04時15分22秒  CPU    %usr   %nice    %sys %iowait    %irq   %soft  %steal  %guest  %gnice   %idle
04時15分23秒    0   31.58    0.00   18.95    0.00    0.00    5.26    0.00    0.00    0.00   44.21
04時15分23秒    1   20.73    0.00    7.32    0.00    0.00    2.44    0.00    0.00    0.00   69.51

04時15分23秒  CPU    %usr   %nice    %sys %iowait    %irq   %soft  %steal  %guest  %gnice   %idle
04時15分24秒    0   30.85    0.00   20.21    0.00    0.00    5.32    0.00    0.00    0.00   43.62
04時15分24秒    1   18.99    0.00   10.13    0.00    0.00    1.27    0.00    0.00    0.00   69.62

04時15分24秒  CPU    %usr   %nice    %sys %iowait    %irq   %soft  %steal  %guest  %gnice   %idle
04時15分25秒    0   28.57    0.00   20.88    0.00    0.00    5.49    0.00    0.00    0.00   45.05
04時15分25秒    1   22.89    0.00    7.23    0.00    0.00    2.41    0.00    0.00    0.00   67.47

04時15分25秒  CPU    %usr   %nice    %sys %iowait    %irq   %soft  %steal  %guest  %gnice   %idle
04時15分26秒    0   34.38    0.00   19.79    0.00    0.00    6.25    0.00    0.00    0.00   39.58
04時15分26秒    1   20.25    0.00   10.13    0.00    0.00    1.27    0.00    0.00    0.00   68.35

04時15分26秒  CPU    %usr   %nice    %sys %iowait    %irq   %soft  %steal  %guest  %gnice   %idle
04時15分27秒    0   31.52    0.00   22.83    0.00    0.00    5.43    0.00    0.00    0.00   40.22
04時15分27秒    1   23.08    0.00    7.69    0.00    0.00    2.56    0.00    0.00    0.00   66.67

04時15分27秒  CPU    %usr   %nice    %sys %iowait    %irq   %soft  %steal  %guest  %gnice   %idle
04時15分28秒    0   30.11    0.00   22.58    0.00    0.00    5.38    0.00    0.00    0.00   41.94
04時15分28秒    1   18.75    0.00   12.50    0.00    0.00    1.25    0.00    0.00    0.00   67.50

04時15分28秒  CPU    %usr   %nice    %sys %iowait    %irq   %soft  %steal  %guest  %gnice   %idle
04時15分29秒    0   26.60    0.00   25.53    0.00    0.00    5.32    0.00    0.00    0.00   42.55
04時15分29秒    1   19.75    0.00    8.64    0.00    0.00    2.47    0.00    0.00    0.00   69.14

04時15分29秒  CPU    %usr   %nice    %sys %iowait    %irq   %soft  %steal  %guest  %gnice   %idle
04時15分30秒    0   31.58    0.00   22.11    0.00    0.00    6.32    0.00    0.00    0.00   40.00
04時15分30秒    1   16.67    0.00   14.10    0.00    0.00    1.28    0.00    0.00    0.00   67.95

04時15分30秒  CPU    %usr   %nice    %sys %iowait    %irq   %soft  %steal  %guest  %gnice   %idle
04時15分31秒    0   34.41    0.00   21.51    0.00    0.00    5.38    0.00    0.00    0.00   38.71
04時15分31秒    1   20.00    0.00   10.00    0.00    0.00    2.50    0.00    0.00    0.00   67.50

04時15分31秒  CPU    %usr   %nice    %sys %iowait    %irq   %soft  %steal  %guest  %gnice   %idle
04時15分32秒    0   27.66    0.00   24.47    0.00    0.00    5.32    0.00    0.00    0.00   42.55
04時15分32秒    1   17.72    0.00   11.39    0.00    0.00    1.27    0.00    0.00    0.00   69.62

平均時間：  CPU    %usr   %nice    %sys %iowait    %irq   %soft  %steal  %guest  %gnice   %idle
平均時間：    0   29.76    0.00   22.53    0.00    0.05    5.54    0.00    0.00    0.00   42.12
平均時間：    1   20.58    0.00    9.66    0.00    0.04    1.90    0.00    0.00    0.00   67.82
