Linux 5.6.15-arch1-1 (archlinux) 	西元2020年06月29日 	_x86_64_	(12 CPU)

04時21分24秒  CPU    %usr   %nice    %sys %iowait    %irq   %soft  %steal  %guest  %gnice   %idle
04時21分25秒    0   26.88    0.00   24.73    0.00    0.00    5.38    0.00    0.00    0.00   43.01
04時21分25秒    1   19.75    0.00   11.11    0.00    0.00    1.23    0.00    0.00    0.00   67.90

04時21分25秒  CPU    %usr   %nice    %sys %iowait    %irq   %soft  %steal  %guest  %gnice   %idle
04時21分26秒    0   31.91    0.00   21.28    0.00    0.00    5.32    0.00    0.00    0.00   41.49
04時21分26秒    1   21.52    0.00    7.59    0.00    0.00    2.53    0.00    0.00    0.00   68.35

04時21分26秒  CPU    %usr   %nice    %sys %iowait    %irq   %soft  %steal  %guest  %gnice   %idle
04時21分27秒    0   27.96    0.00   24.73    0.00    0.00    6.45    0.00    0.00    0.00   40.86
04時21分27秒    1   23.46    0.00    8.64    0.00    0.00    1.23    0.00    0.00    0.00   66.67

04時21分27秒  CPU    %usr   %nice    %sys %iowait    %irq   %soft  %steal  %guest  %gnice   %idle
04時21分28秒    0   33.33    0.00   19.35    0.00    0.00    5.38    0.00    0.00    0.00   41.94
04時21分28秒    1   17.50    0.00   12.50    0.00    0.00    2.50    0.00    0.00    0.00   67.50

04時21分28秒  CPU    %usr   %nice    %sys %iowait    %irq   %soft  %steal  %guest  %gnice   %idle
04時21分29秒    0   29.79    0.00   21.28    0.00    1.06    5.32    0.00    0.00    0.00   42.55
04時21分29秒    1   22.78    0.00    7.59    3.80    0.00    1.27    0.00    0.00    0.00   64.56

04時21分29秒  CPU    %usr   %nice    %sys %iowait    %irq   %soft  %steal  %guest  %gnice   %idle
04時21分30秒    0   35.56    0.00   16.67    0.00    0.00    5.56    0.00    0.00    0.00   42.22
04時21分30秒    1   18.75    0.00   11.25    0.00    0.00    2.50    0.00    0.00    0.00   67.50

04時21分30秒  CPU    %usr   %nice    %sys %iowait    %irq   %soft  %steal  %guest  %gnice   %idle
04時21分31秒    0   29.03    0.00   22.58    0.00    0.00    5.38    0.00    0.00    0.00   43.01
04時21分31秒    1   24.69    0.00    6.17    0.00    0.00    1.23    0.00    0.00    0.00   67.90

04時21分31秒  CPU    %usr   %nice    %sys %iowait    %irq   %soft  %steal  %guest  %gnice   %idle
04時21分32秒    0   31.91    0.00   21.28    0.00    0.00    6.38    0.00    0.00    0.00   40.43
04時21分32秒    1   21.25    0.00   10.00    0.00    0.00    2.50    0.00    0.00    0.00   66.25

04時21分32秒  CPU    %usr   %nice    %sys %iowait    %irq   %soft  %steal  %guest  %gnice   %idle
04時21分33秒    0   30.85    0.00   20.21    0.00    0.00    5.32    0.00    0.00    0.00   43.62
04時21分33秒    1   20.25    0.00    7.59    0.00    0.00    1.27    0.00    0.00    0.00   70.89

04時21分33秒  CPU    %usr   %nice    %sys %iowait    %irq   %soft  %steal  %guest  %gnice   %idle
04時21分34秒    0   31.18    0.00   21.51    0.00    0.00    5.38    0.00    0.00    0.00   41.94
04時21分34秒    1   18.75    0.00   11.25    0.00    0.00    2.50    0.00    0.00    0.00   67.50

04時21分34秒  CPU    %usr   %nice    %sys %iowait    %irq   %soft  %steal  %guest  %gnice   %idle
04時21分35秒    0   32.26    0.00   20.43    0.00    0.00    5.38    0.00    0.00    0.00   41.94
04時21分35秒    1   22.50    0.00    8.75    0.00    0.00    1.25    0.00    0.00    0.00   67.50

04時21分35秒  CPU    %usr   %nice    %sys %iowait    %irq   %soft  %steal  %guest  %gnice   %idle
04時21分36秒    0   30.11    0.00   21.51    0.00    0.00    5.38    0.00    0.00    0.00   43.01
04時21分36秒    1   20.00    0.00    8.75    0.00    0.00    2.50    0.00    0.00    0.00   68.75

04時21分36秒  CPU    %usr   %nice    %sys %iowait    %irq   %soft  %steal  %guest  %gnice   %idle
04時21分37秒    0   29.47    0.00   22.11    0.00    0.00    6.32    0.00    0.00    0.00   42.11
04時21分37秒    1   19.23    0.00   10.26    0.00    0.00    1.28    0.00    0.00    0.00   69.23

04時21分37秒  CPU    %usr   %nice    %sys %iowait    %irq   %soft  %steal  %guest  %gnice   %idle
04時21分38秒    0   29.03    0.00   22.58    0.00    0.00    5.38    0.00    0.00    0.00   43.01
04時21分38秒    1   19.75    0.00    8.64    0.00    0.00    2.47    0.00    0.00    0.00   69.14

04時21分38秒  CPU    %usr   %nice    %sys %iowait    %irq   %soft  %steal  %guest  %gnice   %idle
04時21分39秒    0   29.03    0.00   23.66    0.00    0.00    5.38    0.00    0.00    0.00   41.94
04時21分39秒    1   20.00    0.00   11.25    0.00    0.00    1.25    0.00    0.00    0.00   67.50

04時21分39秒  CPU    %usr   %nice    %sys %iowait    %irq   %soft  %steal  %guest  %gnice   %idle
04時21分40秒    0   29.03    0.00   23.66    0.00    0.00    5.38    0.00    0.00    0.00   41.94
04時21分40秒    1   23.46    0.00    8.64    0.00    0.00    2.47    0.00    0.00    0.00   65.43

04時21分40秒  CPU    %usr   %nice    %sys %iowait    %irq   %soft  %steal  %guest  %gnice   %idle
04時21分41秒    0   29.35    0.00   22.83    0.00    0.00    5.43    0.00    0.00    0.00   42.39
04時21分41秒    1   20.51    0.00    8.97    0.00    0.00    1.28    0.00    0.00    0.00   69.23

04時21分41秒  CPU    %usr   %nice    %sys %iowait    %irq   %soft  %steal  %guest  %gnice   %idle
04時21分42秒    0   32.61    0.00   19.57    0.00    0.00    5.43    0.00    0.00    0.00   42.39
04時21分42秒    1   26.19    0.00    8.33    0.00    0.00    1.19    0.00    0.00    0.00   64.29

04時21分42秒  CPU    %usr   %nice    %sys %iowait    %irq   %soft  %steal  %guest  %gnice   %idle
04時21分43秒    0   23.91    0.00   23.91    0.00    0.00    6.52    0.00    0.00    0.00   45.65
04時21分43秒    1   14.29    0.00   11.69    0.00    0.00    2.60    0.00    0.00    0.00   71.43

04時21分43秒  CPU    %usr   %nice    %sys %iowait    %irq   %soft  %steal  %guest  %gnice   %idle
04時21分44秒    0   32.26    0.00   20.43    0.00    0.00    5.38    0.00    0.00    0.00   41.94
04時21分44秒    1   19.75    0.00   11.11    0.00    0.00    1.23    0.00    0.00    0.00   67.90

04時21分44秒  CPU    %usr   %nice    %sys %iowait    %irq   %soft  %steal  %guest  %gnice   %idle
04時21分45秒    0   34.41    0.00   19.35    0.00    0.00    5.38    0.00    0.00    0.00   40.86
04時21分45秒    1   19.75    0.00   11.11    0.00    0.00    2.47    0.00    0.00    0.00   66.67

04時21分45秒  CPU    %usr   %nice    %sys %iowait    %irq   %soft  %steal  %guest  %gnice   %idle
04時21分46秒    0   33.33    0.00   20.43    0.00    0.00    5.38    0.00    0.00    0.00   40.86
04時21分46秒    1   16.88    0.00   11.69    0.00    0.00    1.30    0.00    0.00    0.00   70.13

04時21分46秒  CPU    %usr   %nice    %sys %iowait    %irq   %soft  %steal  %guest  %gnice   %idle
04時21分47秒    0   31.58    0.00   22.11    0.00    0.00    5.26    0.00    0.00    0.00   41.05
04時21分47秒    1   22.22    0.00    8.64    0.00    0.00    2.47    0.00    0.00    0.00   66.67

04時21分47秒  CPU    %usr   %nice    %sys %iowait    %irq   %soft  %steal  %guest  %gnice   %idle
04時21分48秒    0   29.67    0.00   20.88    0.00    0.00    6.59    0.00    0.00    0.00   42.86
04時21分48秒    1   22.22    0.00    8.64    0.00    0.00    1.23    0.00    0.00    0.00   67.90

04時21分48秒  CPU    %usr   %nice    %sys %iowait    %irq   %soft  %steal  %guest  %gnice   %idle
04時21分49秒    0   28.26    0.00   22.83    0.00    0.00    5.43    0.00    0.00    0.00   43.48
04時21分49秒    1   21.25    0.00    8.75    0.00    0.00    2.50    0.00    0.00    0.00   67.50

04時21分49秒  CPU    %usr   %nice    %sys %iowait    %irq   %soft  %steal  %guest  %gnice   %idle
04時21分50秒    0   27.66    0.00   24.47    0.00    1.06    5.32    0.00    0.00    0.00   41.49
04時21分50秒    1   18.75    0.00   11.25    0.00    0.00    1.25    0.00    0.00    0.00   68.75

04時21分50秒  CPU    %usr   %nice    %sys %iowait    %irq   %soft  %steal  %guest  %gnice   %idle
04時21分51秒    0   30.43    0.00   22.83    0.00    0.00    5.43    0.00    0.00    0.00   41.30
04時21分51秒    1   17.72    0.00   11.39    0.00    1.27    2.53    0.00    0.00    0.00   67.09

04時21分51秒  CPU    %usr   %nice    %sys %iowait    %irq   %soft  %steal  %guest  %gnice   %idle
04時21分52秒    0   30.85    0.00   21.28    0.00    0.00    6.38    0.00    0.00    0.00   41.49
04時21分52秒    1   23.75    0.00    6.25    0.00    0.00    1.25    0.00    0.00    0.00   68.75

04時21分52秒  CPU    %usr   %nice    %sys %iowait    %irq   %soft  %steal  %guest  %gnice   %idle
04時21分53秒    0   28.26    0.00   22.83    0.00    0.00    5.43    0.00    0.00    0.00   43.48
04時21分53秒    1   20.48    0.00   12.05    0.00    0.00    2.41    0.00    0.00    0.00   65.06

04時21分53秒  CPU    %usr   %nice    %sys %iowait    %irq   %soft  %steal  %guest  %gnice   %idle
04時21分54秒    0   31.18    0.00   21.51    0.00    0.00    5.38    0.00    0.00    0.00   41.94
04時21分54秒    1   20.78    0.00    7.79    0.00    0.00    1.30    0.00    0.00    0.00   70.13

04時21分54秒  CPU    %usr   %nice    %sys %iowait    %irq   %soft  %steal  %guest  %gnice   %idle
04時21分55秒    0   31.18    0.00   22.58    0.00    0.00    5.38    0.00    0.00    0.00   40.86
04時21分55秒    1   22.22    0.00    7.41    0.00    0.00    2.47    0.00    0.00    0.00   67.90

04時21分55秒  CPU    %usr   %nice    %sys %iowait    %irq   %soft  %steal  %guest  %gnice   %idle
04時21分56秒    0   29.03    0.00   22.58    0.00    0.00    5.38    0.00    0.00    0.00   43.01
04時21分56秒    1   23.75    0.00    7.50    0.00    0.00    1.25    0.00    0.00    0.00   67.50

04時21分56秒  CPU    %usr   %nice    %sys %iowait    %irq   %soft  %steal  %guest  %gnice   %idle
04時21分57秒    0   28.72    0.00   23.40    0.00    0.00    5.32    0.00    0.00    0.00   42.55
04時21分57秒    1   20.73    0.00    8.54    0.00    0.00    2.44    0.00    0.00    0.00   68.29

04時21分57秒  CPU    %usr   %nice    %sys %iowait    %irq   %soft  %steal  %guest  %gnice   %idle
04時21分58秒    0   29.79    0.00   22.34    0.00    0.00    6.38    0.00    0.00    0.00   41.49
04時21分58秒    1   21.79    0.00    7.69    0.00    0.00    1.28    0.00    0.00    0.00   69.23

04時21分58秒  CPU    %usr   %nice    %sys %iowait    %irq   %soft  %steal  %guest  %gnice   %idle
04時21分59秒    0   34.41    0.00   19.35    0.00    0.00    5.38    0.00    0.00    0.00   40.86
04時21分59秒    1   21.52    0.00    7.59    0.00    0.00    2.53    0.00    0.00    0.00   68.35

04時21分59秒  CPU    %usr   %nice    %sys %iowait    %irq   %soft  %steal  %guest  %gnice   %idle
04時22分00秒    0   34.78    0.00   18.48    0.00    0.00    5.43    0.00    0.00    0.00   41.30
04時22分00秒    1   22.78    0.00    7.59    0.00    0.00    1.27    0.00    0.00    0.00   68.35

04時22分00秒  CPU    %usr   %nice    %sys %iowait    %irq   %soft  %steal  %guest  %gnice   %idle
04時22分01秒    0   34.74    0.00   17.89    0.00    0.00    5.26    0.00    0.00    0.00   42.11
04時22分01秒    1   17.28    0.00   12.35    0.00    0.00    2.47    0.00    0.00    0.00   67.90

04時22分01秒  CPU    %usr   %nice    %sys %iowait    %irq   %soft  %steal  %guest  %gnice   %idle
04時22分02秒    0   30.85    0.00   21.28    0.00    0.00    6.38    0.00    0.00    0.00   41.49
04時22分02秒    1   18.75    0.00   11.25    0.00    0.00    1.25    0.00    0.00    0.00   68.75

04時22分02秒  CPU    %usr   %nice    %sys %iowait    %irq   %soft  %steal  %guest  %gnice   %idle
04時22分03秒    0   36.46    0.00   16.67    0.00    0.00    5.21    0.00    0.00    0.00   41.67
04時22分03秒    1   18.75    0.00   10.00    0.00    0.00    2.50    0.00    0.00    0.00   68.75

04時22分03秒  CPU    %usr   %nice    %sys %iowait    %irq   %soft  %steal  %guest  %gnice   %idle
04時22分04秒    0   34.41    0.00   20.43    0.00    0.00    5.38    0.00    0.00    0.00   39.78
04時22分04秒    1   19.75    0.00   13.58    0.00    0.00    1.23    0.00    0.00    0.00   65.43

04時22分04秒  CPU    %usr   %nice    %sys %iowait    %irq   %soft  %steal  %guest  %gnice   %idle
04時22分05秒    0   28.72    0.00   24.47    0.00    0.00    5.32    0.00    0.00    0.00   41.49
04時22分05秒    1   21.25    0.00    8.75    0.00    0.00    2.50    0.00    0.00    0.00   67.50

04時22分05秒  CPU    %usr   %nice    %sys %iowait    %irq   %soft  %steal  %guest  %gnice   %idle
04時22分06秒    0   33.70    0.00   18.48    0.00    0.00    5.43    0.00    0.00    0.00   42.39
04時22分06秒    1   17.50    0.00   12.50    0.00    0.00    1.25    0.00    0.00    0.00   68.75

04時22分06秒  CPU    %usr   %nice    %sys %iowait    %irq   %soft  %steal  %guest  %gnice   %idle
04時22分07秒    0   29.47    0.00   23.16    0.00    0.00    6.32    0.00    0.00    0.00   41.05
04時22分07秒    1   20.73    0.00    9.76    0.00    0.00    2.44    0.00    0.00    0.00   67.07

04時22分07秒  CPU    %usr   %nice    %sys %iowait    %irq   %soft  %steal  %guest  %gnice   %idle
04時22分08秒    0   31.18    0.00   21.51    0.00    0.00    5.38    0.00    0.00    0.00   41.94
04時22分08秒    1   19.48    0.00    7.79    0.00    0.00    1.30    0.00    0.00    0.00   71.43

04時22分08秒  CPU    %usr   %nice    %sys %iowait    %irq   %soft  %steal  %guest  %gnice   %idle
04時22分09秒    0   28.26    0.00   22.83    0.00    0.00    5.43    0.00    0.00    0.00   43.48
04時22分09秒    1   19.75    0.00    9.88    0.00    0.00    2.47    0.00    0.00    0.00   67.90

04時22分09秒  CPU    %usr   %nice    %sys %iowait    %irq   %soft  %steal  %guest  %gnice   %idle
04時22分10秒    0   34.74    0.00   21.05    0.00    1.05    5.26    0.00    0.00    0.00   37.89
04時22分10秒    1   21.52    0.00   10.13    0.00    0.00    1.27    0.00    0.00    0.00   67.09

04時22分10秒  CPU    %usr   %nice    %sys %iowait    %irq   %soft  %steal  %guest  %gnice   %idle
04時22分11秒    0   30.85    0.00   19.15    0.00    0.00    5.32    0.00    0.00    0.00   44.68
04時22分11秒    1   18.75    0.00    7.50    0.00    0.00    2.50    0.00    0.00    0.00   71.25

04時22分11秒  CPU    %usr   %nice    %sys %iowait    %irq   %soft  %steal  %guest  %gnice   %idle
04時22分12秒    0   31.18    0.00   20.43    0.00    0.00    5.38    0.00    0.00    0.00   43.01
04時22分12秒    1   18.99    0.00   10.13    0.00    0.00    1.27    0.00    0.00    0.00   69.62

04時22分12秒  CPU    %usr   %nice    %sys %iowait    %irq   %soft  %steal  %guest  %gnice   %idle
04時22分13秒    0   29.17    0.00   23.96    0.00    0.00    6.25    0.00    0.00    0.00   40.62
04時22分13秒    1   20.51    0.00    6.41    0.00    0.00    2.56    0.00    0.00    0.00   70.51

04時22分13秒  CPU    %usr   %nice    %sys %iowait    %irq   %soft  %steal  %guest  %gnice   %idle
04時22分14秒    0   31.58    0.00   25.26    0.00    0.00    4.21    0.00    0.00    0.00   38.95
04時22分14秒    1   17.50    0.00   13.75    0.00    0.00    1.25    0.00    0.00    0.00   67.50

04時22分14秒  CPU    %usr   %nice    %sys %iowait    %irq   %soft  %steal  %guest  %gnice   %idle
04時22分15秒    0   30.53    0.00   22.11    0.00    0.00    5.26    0.00    0.00    0.00   42.11
04時22分15秒    1   18.99    0.00    8.86    0.00    0.00    2.53    0.00    0.00    0.00   69.62

04時22分15秒  CPU    %usr   %nice    %sys %iowait    %irq   %soft  %steal  %guest  %gnice   %idle
04時22分16秒    0   32.98    0.00   18.09    0.00    0.00    5.32    0.00    0.00    0.00   43.62
04時22分16秒    1   23.75    0.00    8.75    0.00    0.00    1.25    0.00    0.00    0.00   66.25

04時22分16秒  CPU    %usr   %nice    %sys %iowait    %irq   %soft  %steal  %guest  %gnice   %idle
04時22分17秒    0   32.98    0.00   20.21    0.00    0.00    4.26    0.00    0.00    0.00   42.55
04時22分17秒    1   17.72    0.00   10.13    0.00    0.00    2.53    0.00    0.00    0.00   69.62

04時22分17秒  CPU    %usr   %nice    %sys %iowait    %irq   %soft  %steal  %guest  %gnice   %idle
04時22分18秒    0   33.33    0.00   18.75    0.00    0.00    5.21    0.00    0.00    0.00   42.71
04時22分18秒    1   20.00    0.00   11.25    0.00    0.00    1.25    0.00    0.00    0.00   67.50

04時22分18秒  CPU    %usr   %nice    %sys %iowait    %irq   %soft  %steal  %guest  %gnice   %idle
04時22分19秒    0   31.52    0.00   19.57    0.00    0.00    5.43    0.00    0.00    0.00   43.48
04時22分19秒    1   19.51    0.00   10.98    0.00    1.22    1.22    0.00    0.00    0.00   67.07

04時22分19秒  CPU    %usr   %nice    %sys %iowait    %irq   %soft  %steal  %guest  %gnice   %idle
04時22分20秒    0   30.21    0.00   23.96    0.00    0.00    6.25    0.00    0.00    0.00   39.58
04時22分20秒    1   20.25    0.00   10.13    0.00    0.00    2.53    0.00    0.00    0.00   67.09

04時22分20秒  CPU    %usr   %nice    %sys %iowait    %irq   %soft  %steal  %guest  %gnice   %idle
04時22分21秒    0   24.73    0.00   25.81    0.00    0.00    5.38    0.00    0.00    0.00   44.09
04時22分21秒    1   18.52    0.00    9.88    0.00    0.00    1.23    0.00    0.00    0.00   70.37

04時22分21秒  CPU    %usr   %nice    %sys %iowait    %irq   %soft  %steal  %guest  %gnice   %idle
04時22分22秒    0   29.03    0.00   22.58    0.00    0.00    5.38    0.00    0.00    0.00   43.01
04時22分22秒    1   20.25    0.00    7.59    0.00    0.00    2.53    0.00    0.00    0.00   69.62

04時22分22秒  CPU    %usr   %nice    %sys %iowait    %irq   %soft  %steal  %guest  %gnice   %idle
04時22分23秒    0   30.85    0.00   22.34    0.00    0.00    5.32    0.00    0.00    0.00   41.49
04時22分23秒    1   20.51    0.00    7.69    0.00    0.00    1.28    0.00    0.00    0.00   70.51

04時22分23秒  CPU    %usr   %nice    %sys %iowait    %irq   %soft  %steal  %guest  %gnice   %idle
04時22分24秒    0   29.79    0.00   22.34    0.00    0.00    5.32    0.00    0.00    0.00   42.55
04時22分24秒    1   18.52    0.00   11.11    0.00    0.00    2.47    0.00    0.00    0.00   67.90

04時22分24秒  CPU    %usr   %nice    %sys %iowait    %irq   %soft  %steal  %guest  %gnice   %idle
04時22分25秒    0   29.03    0.00   21.51    0.00    0.00    5.38    0.00    0.00    0.00   44.09
04時22分25秒    1   21.52    0.00    6.33    0.00    0.00    1.27    0.00    0.00    0.00   70.89

04時22分25秒  CPU    %usr   %nice    %sys %iowait    %irq   %soft  %steal  %guest  %gnice   %idle
04時22分26秒    0   31.91    0.00   19.15    0.00    0.00    5.32    0.00    0.00    0.00   43.62
04時22分26秒    1   18.52    0.00    9.88    0.00    0.00    2.47    0.00    0.00    0.00   69.14

04時22分26秒  CPU    %usr   %nice    %sys %iowait    %irq   %soft  %steal  %guest  %gnice   %idle
04時22分27秒    0   30.43    0.00   21.74    0.00    0.00    5.43    0.00    0.00    0.00   42.39
04時22分27秒    1   16.25    0.00   13.75    0.00    0.00    1.25    0.00    0.00    0.00   68.75

04時22分27秒  CPU    %usr   %nice    %sys %iowait    %irq   %soft  %steal  %guest  %gnice   %idle
04時22分28秒    0   28.42    0.00   22.11    0.00    0.00    5.26    0.00    0.00    0.00   44.21
04時22分28秒    1   16.46    0.00   10.13    0.00    0.00    2.53    0.00    0.00    0.00   70.89

04時22分28秒  CPU    %usr   %nice    %sys %iowait    %irq   %soft  %steal  %guest  %gnice   %idle
04時22分29秒    0   29.03    0.00   22.58    0.00    0.00    5.38    0.00    0.00    0.00   43.01
04時22分29秒    1   20.00    0.00   10.00    0.00    0.00    1.25    0.00    0.00    0.00   68.75

04時22分29秒  CPU    %usr   %nice    %sys %iowait    %irq   %soft  %steal  %guest  %gnice   %idle
04時22分30秒    0   31.91    0.00   20.21    0.00    0.00    6.38    0.00    0.00    0.00   41.49
04時22分30秒    1   18.99    0.00    8.86    0.00    0.00    2.53    0.00    0.00    0.00   69.62

04時22分30秒  CPU    %usr   %nice    %sys %iowait    %irq   %soft  %steal  %guest  %gnice   %idle
04時22分31秒    0   30.21    0.00   20.83    0.00    1.04    5.21    0.00    0.00    0.00   42.71
04時22分31秒    1   20.00    0.00    8.75    0.00    0.00    1.25    0.00    0.00    0.00   70.00

04時22分31秒  CPU    %usr   %nice    %sys %iowait    %irq   %soft  %steal  %guest  %gnice   %idle
04時22分32秒    0   31.18    0.00   21.51    0.00    0.00    5.38    0.00    0.00    0.00   41.94
04時22分32秒    1   20.73    0.00    9.76    0.00    0.00    2.44    0.00    0.00    0.00   67.07

04時22分32秒  CPU    %usr   %nice    %sys %iowait    %irq   %soft  %steal  %guest  %gnice   %idle
04時22分33秒    0   30.85    0.00   21.28    0.00    0.00    5.32    0.00    0.00    0.00   42.55
04時22分33秒    1   20.99    0.00    8.64    0.00    0.00    1.23    0.00    0.00    0.00   69.14

04時22分33秒  CPU    %usr   %nice    %sys %iowait    %irq   %soft  %steal  %guest  %gnice   %idle
04時22分34秒    0   29.03    0.00   22.58    0.00    0.00    5.38    0.00    0.00    0.00   43.01
04時22分34秒    1   19.23    0.00   10.26    0.00    0.00    1.28    0.00    0.00    0.00   69.23

04時22分34秒  CPU    %usr   %nice    %sys %iowait    %irq   %soft  %steal  %guest  %gnice   %idle
04時22分35秒    0   32.61    0.00   19.57    0.00    0.00    5.43    0.00    0.00    0.00   42.39
04時22分35秒    1   20.00    0.00    8.75    0.00    0.00    2.50    0.00    0.00    0.00   68.75

04時22分35秒  CPU    %usr   %nice    %sys %iowait    %irq   %soft  %steal  %guest  %gnice   %idle
04時22分36秒    0   26.09    0.00   25.00    0.00    0.00    5.43    0.00    0.00    0.00   43.48
04時22分36秒    1   16.25    0.00   12.50    0.00    0.00    1.25    0.00    0.00    0.00   70.00

04時22分36秒  CPU    %usr   %nice    %sys %iowait    %irq   %soft  %steal  %guest  %gnice   %idle
04時22分37秒    0   29.47    0.00   23.16    0.00    0.00    6.32    0.00    0.00    0.00   41.05
04時22分37秒    1   21.52    0.00    7.59    0.00    0.00    2.53    0.00    0.00    0.00   68.35

04時22分37秒  CPU    %usr   %nice    %sys %iowait    %irq   %soft  %steal  %guest  %gnice   %idle
04時22分38秒    0   28.72    0.00   24.47    0.00    0.00    5.32    0.00    0.00    0.00   41.49
04時22分38秒    1   18.75    0.00   11.25    0.00    0.00    1.25    0.00    0.00    0.00   68.75

04時22分38秒  CPU    %usr   %nice    %sys %iowait    %irq   %soft  %steal  %guest  %gnice   %idle
04時22分39秒    0   26.60    0.00   26.60    0.00    0.00    5.32    0.00    0.00    0.00   41.49
04時22分39秒    1   18.99    0.00   10.13    0.00    0.00    2.53    0.00    0.00    0.00   68.35

04時22分39秒  CPU    %usr   %nice    %sys %iowait    %irq   %soft  %steal  %guest  %gnice   %idle
04時22分40秒    0   30.43    0.00   22.83    0.00    0.00    5.43    0.00    0.00    0.00   41.30
04時22分40秒    1   22.50    0.00    8.75    0.00    1.25    1.25    0.00    0.00    0.00   66.25

04時22分40秒  CPU    %usr   %nice    %sys %iowait    %irq   %soft  %steal  %guest  %gnice   %idle
04時22分41秒    0   29.47    0.00   24.21    0.00    0.00    5.26    0.00    0.00    0.00   41.05
04時22分41秒    1   23.46    0.00    7.41    0.00    0.00    2.47    0.00    0.00    0.00   66.67

04時22分41秒  CPU    %usr   %nice    %sys %iowait    %irq   %soft  %steal  %guest  %gnice   %idle
04時22分42秒    0   26.60    0.00   25.53    0.00    0.00    6.38    0.00    0.00    0.00   41.49
04時22分42秒    1   18.99    0.00   10.13    0.00    0.00    1.27    0.00    0.00    0.00   69.62

04時22分42秒  CPU    %usr   %nice    %sys %iowait    %irq   %soft  %steal  %guest  %gnice   %idle
04時22分43秒    0   32.26    0.00   19.35    0.00    0.00    5.38    0.00    0.00    0.00   43.01
04時22分43秒    1   16.05    0.00   13.58    0.00    0.00    2.47    0.00    0.00    0.00   67.90

04時22分43秒  CPU    %usr   %nice    %sys %iowait    %irq   %soft  %steal  %guest  %gnice   %idle
04時22分44秒    0   30.11    0.00   23.66    0.00    0.00    5.38    0.00    0.00    0.00   40.86
04時22分44秒    1   21.52    0.00   11.39    0.00    0.00    1.27    0.00    0.00    0.00   65.82

04時22分44秒  CPU    %usr   %nice    %sys %iowait    %irq   %soft  %steal  %guest  %gnice   %idle
04時22分45秒    0   28.42    0.00   25.26    0.00    0.00    5.26    0.00    0.00    0.00   41.05
04時22分45秒    1   20.00    0.00    8.75    0.00    0.00    2.50    0.00    0.00    0.00   68.75

04時22分45秒  CPU    %usr   %nice    %sys %iowait    %irq   %soft  %steal  %guest  %gnice   %idle
04時22分46秒    0   26.88    0.00   25.81    0.00    0.00    6.45    0.00    0.00    0.00   40.86
04時22分46秒    1   18.52    0.00   14.81    0.00    0.00    1.23    0.00    0.00    0.00   65.43

04時22分46秒  CPU    %usr   %nice    %sys %iowait    %irq   %soft  %steal  %guest  %gnice   %idle
04時22分47秒    0   26.88    0.00   24.73    0.00    0.00    5.38    0.00    0.00    0.00   43.01
04時22分47秒    1   20.00    0.00    8.75    0.00    0.00    2.50    0.00    0.00    0.00   68.75

04時22分47秒  CPU    %usr   %nice    %sys %iowait    %irq   %soft  %steal  %guest  %gnice   %idle
04時22分48秒    0   29.79    0.00   22.34    0.00    0.00    5.32    0.00    0.00    0.00   42.55
04時22分48秒    1   21.52    0.00    8.86    0.00    0.00    1.27    0.00    0.00    0.00   68.35

04時22分48秒  CPU    %usr   %nice    %sys %iowait    %irq   %soft  %steal  %guest  %gnice   %idle
04時22分49秒    0   32.26    0.00   19.35    0.00    0.00    5.38    0.00    0.00    0.00   43.01
04時22分49秒    1   17.72    0.00    8.86    0.00    0.00    2.53    0.00    0.00    0.00   70.89

04時22分49秒  CPU    %usr   %nice    %sys %iowait    %irq   %soft  %steal  %guest  %gnice   %idle
04時22分50秒    0   33.70    0.00   19.57    0.00    0.00    5.43    0.00    0.00    0.00   41.30
04時22分50秒    1   22.78    0.00    7.59    0.00    0.00    1.27    0.00    0.00    0.00   68.35

04時22分50秒  CPU    %usr   %nice    %sys %iowait    %irq   %soft  %steal  %guest  %gnice   %idle
04時22分51秒    0   27.37    0.00   25.26    0.00    0.00    5.26    0.00    0.00    0.00   42.11
04時22分51秒    1   16.25    0.00   12.50    0.00    0.00    2.50    0.00    0.00    0.00   68.75

04時22分51秒  CPU    %usr   %nice    %sys %iowait    %irq   %soft  %steal  %guest  %gnice   %idle
04時22分52秒    0   28.12    0.00   23.96    0.00    1.04    6.25    0.00    0.00    0.00   40.62
04時22分52秒    1   21.52    0.00    7.59    0.00    0.00    1.27    0.00    0.00    0.00   69.62

04時22分52秒  CPU    %usr   %nice    %sys %iowait    %irq   %soft  %steal  %guest  %gnice   %idle
04時22分53秒    0   31.91    0.00   20.21    0.00    0.00    5.32    0.00    0.00    0.00   42.55
04時22分53秒    1   19.75    0.00    9.88    0.00    0.00    2.47    0.00    0.00    0.00   67.90

04時22分53秒  CPU    %usr   %nice    %sys %iowait    %irq   %soft  %steal  %guest  %gnice   %idle
04時22分54秒    0   31.91    0.00   21.28    0.00    0.00    5.32    0.00    0.00    0.00   41.49
04時22分54秒    1   20.25    0.00   10.13    0.00    0.00    1.27    0.00    0.00    0.00   68.35

04時22分54秒  CPU    %usr   %nice    %sys %iowait    %irq   %soft  %steal  %guest  %gnice   %idle
04時22分55秒    0   28.26    0.00   21.74    0.00    0.00    5.43    0.00    0.00    0.00   44.57
04時22分55秒    1   16.05    0.00   12.35    0.00    0.00    2.47    0.00    0.00    0.00   69.14

04時22分55秒  CPU    %usr   %nice    %sys %iowait    %irq   %soft  %steal  %guest  %gnice   %idle
04時22分56秒    0   30.85    0.00   20.21    0.00    0.00    5.32    0.00    0.00    0.00   43.62
04時22分56秒    1   16.46    0.00   11.39    0.00    0.00    1.27    0.00    0.00    0.00   70.89

04時22分56秒  CPU    %usr   %nice    %sys %iowait    %irq   %soft  %steal  %guest  %gnice   %idle
04時22分57秒    0   27.17    0.00   23.91    0.00    0.00    5.43    0.00    0.00    0.00   43.48
04時22分57秒    1   16.25    0.00   13.75    0.00    0.00    1.25    0.00    0.00    0.00   68.75

04時22分57秒  CPU    %usr   %nice    %sys %iowait    %irq   %soft  %steal  %guest  %gnice   %idle
04時22分58秒    0   28.72    0.00   24.47    0.00    0.00    6.38    0.00    0.00    0.00   40.43
04時22分58秒    1   16.25    0.00   13.75    0.00    0.00    2.50    0.00    0.00    0.00   67.50

04時22分58秒  CPU    %usr   %nice    %sys %iowait    %irq   %soft  %steal  %guest  %gnice   %idle
04時22分59秒    0   31.18    0.00   20.43    0.00    0.00    5.38    0.00    0.00    0.00   43.01
04時22分59秒    1   20.25    0.00    8.86    0.00    0.00    1.27    0.00    0.00    0.00   69.62

04時22分59秒  CPU    %usr   %nice    %sys %iowait    %irq   %soft  %steal  %guest  %gnice   %idle
04時23分00秒    0   32.26    0.00   20.43    0.00    0.00    5.38    0.00    0.00    0.00   41.94
04時23分00秒    1   18.99    0.00   10.13    0.00    0.00    2.53    0.00    0.00    0.00   68.35

04時23分00秒  CPU    %usr   %nice    %sys %iowait    %irq   %soft  %steal  %guest  %gnice   %idle
04時23分01秒    0   31.58    0.00   20.00    0.00    0.00    5.26    0.00    0.00    0.00   43.16
04時23分01秒    1   20.73    0.00    9.76    0.00    0.00    1.22    0.00    0.00    0.00   68.29

04時23分01秒  CPU    %usr   %nice    %sys %iowait    %irq   %soft  %steal  %guest  %gnice   %idle
04時23分02秒    0   26.37    0.00   25.27    0.00    0.00    5.49    0.00    0.00    0.00   42.86
04時23分02秒    1   19.51    0.00   10.98    0.00    0.00    2.44    0.00    0.00    0.00   67.07

04時23分02秒  CPU    %usr   %nice    %sys %iowait    %irq   %soft  %steal  %guest  %gnice   %idle
04時23分03秒    0   34.41    0.00   18.28    0.00    0.00    5.38    0.00    0.00    0.00   41.94
04時23分03秒    1   19.75    0.00   11.11    0.00    0.00    1.23    0.00    0.00    0.00   67.90

04時23分03秒  CPU    %usr   %nice    %sys %iowait    %irq   %soft  %steal  %guest  %gnice   %idle
04時23分04秒    0   30.53    0.00   22.11    0.00    0.00    6.32    0.00    0.00    0.00   41.05
04時23分04秒    1   17.95    0.00   10.26    0.00    0.00    2.56    0.00    0.00    0.00   69.23

04時23分04秒  CPU    %usr   %nice    %sys %iowait    %irq   %soft  %steal  %guest  %gnice   %idle
04時23分05秒    0   33.33    0.00   19.35    0.00    0.00    5.38    0.00    0.00    0.00   41.94
04時23分05秒    1   22.22    0.00    8.64    0.00    0.00    1.23    0.00    0.00    0.00   67.90

04時23分05秒  CPU    %usr   %nice    %sys %iowait    %irq   %soft  %steal  %guest  %gnice   %idle
04時23分06秒    0   28.26    0.00   23.91    0.00    0.00    5.43    0.00    0.00    0.00   42.39
04時23分06秒    1   20.00    0.00    8.75    0.00    0.00    2.50    0.00    0.00    0.00   68.75

04時23分06秒  CPU    %usr   %nice    %sys %iowait    %irq   %soft  %steal  %guest  %gnice   %idle
04時23分07秒    0   32.63    0.00   21.05    0.00    0.00    5.26    0.00    0.00    0.00   41.05
04時23分07秒    1   21.52    0.00    8.86    0.00    0.00    1.27    0.00    0.00    0.00   68.35

04時23分07秒  CPU    %usr   %nice    %sys %iowait    %irq   %soft  %steal  %guest  %gnice   %idle
04時23分08秒    0   32.29    0.00   22.92    0.00    0.00    5.21    0.00    0.00    0.00   39.58
04時23分08秒    1   22.89    0.00   12.05    0.00    0.00    2.41    0.00    0.00    0.00   62.65

04時23分08秒  CPU    %usr   %nice    %sys %iowait    %irq   %soft  %steal  %guest  %gnice   %idle
04時23分09秒    0   31.52    0.00   20.65    0.00    0.00    5.43    0.00    0.00    0.00   42.39
04時23分09秒    1   21.25    0.00    8.75    0.00    0.00    1.25    0.00    0.00    0.00   68.75

04時23分09秒  CPU    %usr   %nice    %sys %iowait    %irq   %soft  %steal  %guest  %gnice   %idle
04時23分10秒    0   29.47    0.00   23.16    0.00    0.00    6.32    0.00    0.00    0.00   41.05
04時23分10秒    1   17.72    0.00   11.39    0.00    0.00    2.53    0.00    0.00    0.00   68.35

04時23分10秒  CPU    %usr   %nice    %sys %iowait    %irq   %soft  %steal  %guest  %gnice   %idle
04時23分11秒    0   29.47    0.00   24.21    0.00    0.00    5.26    0.00    0.00    0.00   41.05
04時23分11秒    1   20.51    0.00    8.97    0.00    0.00    1.28    0.00    0.00    0.00   69.23

04時23分11秒  CPU    %usr   %nice    %sys %iowait    %irq   %soft  %steal  %guest  %gnice   %idle
04時23分12秒    0   28.72    0.00   24.47    0.00    1.06    5.32    0.00    0.00    0.00   40.43
04時23分12秒    1   20.25    0.00    8.86    0.00    0.00    2.53    0.00    0.00    0.00   68.35

04時23分12秒  CPU    %usr   %nice    %sys %iowait    %irq   %soft  %steal  %guest  %gnice   %idle
04時23分13秒    0   30.53    0.00   21.05    0.00    0.00    5.26    0.00    0.00    0.00   43.16
04時23分13秒    1   18.99    0.00   10.13    0.00    0.00    1.27    0.00    0.00    0.00   69.62

04時23分13秒  CPU    %usr   %nice    %sys %iowait    %irq   %soft  %steal  %guest  %gnice   %idle
04時23分14秒    0   27.96    0.00   23.66    0.00    0.00    5.38    0.00    0.00    0.00   43.01
04時23分14秒    1   15.00    0.00   12.50    0.00    0.00    2.50    0.00    0.00    0.00   70.00

04時23分14秒  CPU    %usr   %nice    %sys %iowait    %irq   %soft  %steal  %guest  %gnice   %idle
04時23分15秒    0   31.25    0.00   21.88    0.00    0.00    6.25    0.00    0.00    0.00   40.62
04時23分15秒    1   21.52    0.00    8.86    0.00    0.00    1.27    0.00    0.00    0.00   68.35

04時23分15秒  CPU    %usr   %nice    %sys %iowait    %irq   %soft  %steal  %guest  %gnice   %idle
04時23分16秒    0   27.66    0.00   24.47    0.00    0.00    5.32    0.00    0.00    0.00   42.55
04時23分16秒    1   25.00    0.00    8.33    0.00    0.00    2.38    0.00    0.00    0.00   64.29

04時23分16秒  CPU    %usr   %nice    %sys %iowait    %irq   %soft  %steal  %guest  %gnice   %idle
04時23分17秒    0   32.98    0.00   19.15    0.00    0.00    5.32    0.00    0.00    0.00   42.55
04時23分17秒    1   20.00    0.00   10.00    0.00    0.00    1.25    0.00    0.00    0.00   68.75

04時23分17秒  CPU    %usr   %nice    %sys %iowait    %irq   %soft  %steal  %guest  %gnice   %idle
04時23分18秒    0   30.85    0.00   21.28    0.00    0.00    5.32    0.00    0.00    0.00   42.55
04時23分18秒    1   20.73    0.00    8.54    0.00    0.00    2.44    0.00    0.00    0.00   68.29

04時23分18秒  CPU    %usr   %nice    %sys %iowait    %irq   %soft  %steal  %guest  %gnice   %idle
04時23分19秒    0   30.11    0.00   23.66    0.00    0.00    5.38    0.00    0.00    0.00   40.86
04時23分19秒    1   23.46    0.00    7.41    0.00    1.23    1.23    0.00    0.00    0.00   66.67

04時23分19秒  CPU    %usr   %nice    %sys %iowait    %irq   %soft  %steal  %guest  %gnice   %idle
04時23分20秒    0   29.79    0.00   23.40    0.00    0.00    6.38    0.00    0.00    0.00   40.43
04時23分20秒    1   19.23    0.00    8.97    0.00    0.00    2.56    0.00    0.00    0.00   69.23

04時23分20秒  CPU    %usr   %nice    %sys %iowait    %irq   %soft  %steal  %guest  %gnice   %idle
04時23分21秒    0   26.60    0.00   25.53    0.00    0.00    5.32    0.00    0.00    0.00   42.55
04時23分21秒    1   21.95    0.00    9.76    0.00    0.00    1.22    0.00    0.00    0.00   67.07

04時23分21秒  CPU    %usr   %nice    %sys %iowait    %irq   %soft  %steal  %guest  %gnice   %idle
04時23分22秒    0   26.37    0.00   26.37    0.00    0.00    5.49    0.00    0.00    0.00   41.76
04時23分22秒    1   22.22    0.00    8.64    0.00    0.00    2.47    0.00    0.00    0.00   66.67

04時23分22秒  CPU    %usr   %nice    %sys %iowait    %irq   %soft  %steal  %guest  %gnice   %idle
04時23分23秒    0   27.17    0.00   22.83    0.00    0.00    5.43    0.00    0.00    0.00   44.57
04時23分23秒    1   20.73    0.00    9.76    0.00    0.00    1.22    0.00    0.00    0.00   68.29

04時23分23秒  CPU    %usr   %nice    %sys %iowait    %irq   %soft  %steal  %guest  %gnice   %idle
04時23分24秒    0   27.66    0.00   25.53    0.00    0.00    5.32    0.00    0.00    0.00   41.49
04時23分24秒    1   19.75    0.00   11.11    0.00    0.00    1.23    0.00    0.00    0.00   67.90

平均時間：  CPU    %usr   %nice    %sys %iowait    %irq   %soft  %steal  %guest  %gnice   %idle
平均時間：    0   30.32    0.00   22.04    0.00    0.05    5.51    0.00    0.00    0.00   42.07
平均時間：    1   20.06    0.00    9.77    0.03    0.04    1.84    0.00    0.00    0.00   68.25
