Linux 5.6.15-arch1-1 (archlinux) 	西元2020年06月29日 	_x86_64_	(12 CPU)

04時10分55秒  CPU    %usr   %nice    %sys %iowait    %irq   %soft  %steal  %guest  %gnice   %idle
04時10分56秒    0   30.85    0.00   22.34    0.00    0.00    5.32    0.00    0.00    0.00   41.49
04時10分56秒    1   20.51    0.00    7.69    0.00    0.00    1.28    0.00    0.00    0.00   70.51

04時10分56秒  CPU    %usr   %nice    %sys %iowait    %irq   %soft  %steal  %guest  %gnice   %idle
04時10分57秒    0   30.43    0.00   20.65    0.00    0.00    5.43    0.00    0.00    0.00   43.48
04時10分57秒    1   20.00    0.00    8.75    0.00    0.00    2.50    0.00    0.00    0.00   68.75

04時10分57秒  CPU    %usr   %nice    %sys %iowait    %irq   %soft  %steal  %guest  %gnice   %idle
04時10分58秒    0   29.17    0.00   23.96    0.00    0.00    6.25    0.00    0.00    0.00   40.62
04時10分58秒    1   22.50    0.00    7.50    0.00    0.00    1.25    0.00    0.00    0.00   68.75

04時10分58秒  CPU    %usr   %nice    %sys %iowait    %irq   %soft  %steal  %guest  %gnice   %idle
04時10分59秒    0   32.97    0.00   20.88    0.00    0.00    5.49    0.00    0.00    0.00   40.66
04時10分59秒    1   23.75    0.00    8.75    0.00    0.00    2.50    0.00    0.00    0.00   65.00

04時10分59秒  CPU    %usr   %nice    %sys %iowait    %irq   %soft  %steal  %guest  %gnice   %idle
04時11分00秒    0   31.18    0.00   20.43    0.00    0.00    5.38    0.00    0.00    0.00   43.01
04時11分00秒    1   20.00    0.00   10.00    0.00    0.00    1.25    0.00    0.00    0.00   68.75

04時11分00秒  CPU    %usr   %nice    %sys %iowait    %irq   %soft  %steal  %guest  %gnice   %idle
04時11分01秒    0   29.17    0.00   21.88    0.00    0.00    5.21    0.00    0.00    0.00   43.75
04時11分01秒    1   17.86    0.00   11.90    0.00    1.19    2.38    0.00    0.00    0.00   66.67

04時11分01秒  CPU    %usr   %nice    %sys %iowait    %irq   %soft  %steal  %guest  %gnice   %idle
04時11分02秒    0   25.53    0.00   24.47    0.00    0.00    5.32    0.00    0.00    0.00   44.68
04時11分02秒    1   18.52    0.00    9.88    0.00    0.00    1.23    0.00    0.00    0.00   70.37

04時11分02秒  CPU    %usr   %nice    %sys %iowait    %irq   %soft  %steal  %guest  %gnice   %idle
04時11分03秒    0   32.63    0.00   22.11    0.00    0.00    5.26    0.00    0.00    0.00   40.00
04時11分03秒    1   21.25    0.00   10.00    0.00    0.00    1.25    0.00    0.00    0.00   67.50

04時11分03秒  CPU    %usr   %nice    %sys %iowait    %irq   %soft  %steal  %guest  %gnice   %idle
04時11分04秒    0   27.37    0.00   25.26    0.00    0.00    5.26    0.00    0.00    0.00   42.11
04時11分04秒    1   23.46    0.00    6.17    0.00    0.00    2.47    0.00    0.00    0.00   67.90

04時11分04秒  CPU    %usr   %nice    %sys %iowait    %irq   %soft  %steal  %guest  %gnice   %idle
04時11分05秒    0   30.85    0.00   21.28    0.00    0.00    5.32    0.00    0.00    0.00   42.55
04時11分05秒    1   18.75    0.00   11.25    0.00    0.00    1.25    0.00    0.00    0.00   68.75

04時11分05秒  CPU    %usr   %nice    %sys %iowait    %irq   %soft  %steal  %guest  %gnice   %idle
04時11分06秒    0   30.53    0.00   22.11    0.00    0.00    6.32    0.00    0.00    0.00   41.05
04時11分06秒    1   20.99    0.00    8.64    0.00    0.00    2.47    0.00    0.00    0.00   67.90

04時11分06秒  CPU    %usr   %nice    %sys %iowait    %irq   %soft  %steal  %guest  %gnice   %idle
04時11分07秒    0   30.43    0.00   20.65    0.00    0.00    5.43    0.00    0.00    0.00   43.48
04時11分07秒    1   18.18    0.00    9.09    0.00    0.00    1.30    0.00    0.00    0.00   71.43

04時11分07秒  CPU    %usr   %nice    %sys %iowait    %irq   %soft  %steal  %guest  %gnice   %idle
04時11分08秒    0   30.43    0.00   21.74    0.00    0.00    5.43    0.00    0.00    0.00   42.39
04時11分08秒    1   22.22    0.00    8.64    0.00    0.00    2.47    0.00    0.00    0.00   66.67

04時11分08秒  CPU    %usr   %nice    %sys %iowait    %irq   %soft  %steal  %guest  %gnice   %idle
04時11分09秒    0   29.47    0.00   24.21    0.00    0.00    5.26    0.00    0.00    0.00   41.05
04時11分09秒    1   24.05    0.00    6.33    0.00    0.00    1.27    0.00    0.00    0.00   68.35

04時11分09秒  CPU    %usr   %nice    %sys %iowait    %irq   %soft  %steal  %guest  %gnice   %idle
04時11分10秒    0   24.18    0.00   26.37    0.00    0.00    5.49    0.00    0.00    0.00   43.96
04時11分10秒    1   21.52    0.00    7.59    0.00    0.00    1.27    0.00    0.00    0.00   69.62

04時11分10秒  CPU    %usr   %nice    %sys %iowait    %irq   %soft  %steal  %guest  %gnice   %idle
04時11分11秒    0   29.17    0.00   22.92    0.00    1.04    5.21    0.00    0.00    0.00   41.67
04時11分11秒    1   18.52    0.00   11.11    0.00    0.00    2.47    0.00    0.00    0.00   67.90

04時11分11秒  CPU    %usr   %nice    %sys %iowait    %irq   %soft  %steal  %guest  %gnice   %idle
04時11分12秒    0   29.47    0.00   24.21    0.00    0.00    5.26    0.00    0.00    0.00   41.05
04時11分12秒    1   17.95    0.00   11.54    0.00    0.00    1.28    0.00    0.00    0.00   69.23

04時11分12秒  CPU    %usr   %nice    %sys %iowait    %irq   %soft  %steal  %guest  %gnice   %idle
04時11分13秒    0   28.42    0.00   23.16    0.00    0.00    6.32    0.00    0.00    0.00   42.11
04時11分13秒    1   14.81    0.00   14.81    0.00    0.00    2.47    0.00    0.00    0.00   67.90

04時11分13秒  CPU    %usr   %nice    %sys %iowait    %irq   %soft  %steal  %guest  %gnice   %idle
04時11分14秒    0   26.37    0.00   25.27    0.00    0.00    5.49    0.00    0.00    0.00   42.86
04時11分14秒    1   20.51    0.00    7.69    0.00    0.00    1.28    0.00    0.00    0.00   70.51

04時11分14秒  CPU    %usr   %nice    %sys %iowait    %irq   %soft  %steal  %guest  %gnice   %idle
04時11分15秒    0   32.26    0.00   20.43    0.00    0.00    5.38    0.00    0.00    0.00   41.94
04時11分15秒    1   22.22    0.00    7.41    0.00    0.00    2.47    0.00    0.00    0.00   67.90

04時11分15秒  CPU    %usr   %nice    %sys %iowait    %irq   %soft  %steal  %guest  %gnice   %idle
04時11分16秒    0   25.81    0.00   22.58    0.00    0.00    5.38    0.00    0.00    0.00   46.24
04時11分16秒    1   20.25    0.00    7.59    0.00    0.00    1.27    0.00    0.00    0.00   70.89

04時11分16秒  CPU    %usr   %nice    %sys %iowait    %irq   %soft  %steal  %guest  %gnice   %idle
04時11分17秒    0   32.98    0.00   20.21    0.00    0.00    5.32    0.00    0.00    0.00   41.49
04時11分17秒    1   22.22    0.00    8.64    0.00    0.00    1.23    0.00    0.00    0.00   67.90

04時11分17秒  CPU    %usr   %nice    %sys %iowait    %irq   %soft  %steal  %guest  %gnice   %idle
04時11分18秒    0   32.26    0.00   21.51    0.00    0.00    5.38    0.00    0.00    0.00   40.86
04時11分18秒    1   21.25    0.00   10.00    0.00    0.00    2.50    0.00    0.00    0.00   66.25

04時11分18秒  CPU    %usr   %nice    %sys %iowait    %irq   %soft  %steal  %guest  %gnice   %idle
04時11分19秒    0   30.53    0.00   22.11    0.00    0.00    6.32    0.00    0.00    0.00   41.05
04時11分19秒    1   22.50    0.00    8.75    0.00    0.00    1.25    0.00    0.00    0.00   67.50

04時11分19秒  CPU    %usr   %nice    %sys %iowait    %irq   %soft  %steal  %guest  %gnice   %idle
04時11分20秒    0   29.17    0.00   22.92    0.00    0.00    5.21    0.00    0.00    0.00   42.71
04時11分20秒    1   21.52    0.00    6.33    0.00    0.00    2.53    0.00    0.00    0.00   69.62

04時11分20秒  CPU    %usr   %nice    %sys %iowait    %irq   %soft  %steal  %guest  %gnice   %idle
04時11分21秒    0   29.35    0.00   22.83    0.00    0.00    5.43    0.00    0.00    0.00   42.39
04時11分21秒    1   19.23    0.00   10.26    0.00    0.00    1.28    0.00    0.00    0.00   69.23

04時11分21秒  CPU    %usr   %nice    %sys %iowait    %irq   %soft  %steal  %guest  %gnice   %idle
04時11分22秒    0   29.03    0.00   23.66    0.00    0.00    5.38    0.00    0.00    0.00   41.94
04時11分22秒    1   25.00    0.00    5.00    0.00    0.00    2.50    0.00    0.00    0.00   67.50

04時11分22秒  CPU    %usr   %nice    %sys %iowait    %irq   %soft  %steal  %guest  %gnice   %idle
04時11分23秒    0   30.43    0.00   22.83    0.00    0.00    5.43    0.00    0.00    0.00   41.30
04時11分23秒    1   20.25    0.00   10.13    0.00    0.00    1.27    0.00    0.00    0.00   68.35

04時11分23秒  CPU    %usr   %nice    %sys %iowait    %irq   %soft  %steal  %guest  %gnice   %idle
04時11分24秒    0   32.29    0.00   20.83    0.00    0.00    5.21    0.00    0.00    0.00   41.67
04時11分24秒    1   18.52    0.00   11.11    0.00    0.00    2.47    0.00    0.00    0.00   67.90

04時11分24秒  CPU    %usr   %nice    %sys %iowait    %irq   %soft  %steal  %guest  %gnice   %idle
04時11分25秒    0   27.96    0.00   25.81    0.00    0.00    6.45    0.00    0.00    0.00   39.78
04時11分25秒    1   20.51    0.00   10.26    0.00    0.00    1.28    0.00    0.00    0.00   67.95

04時11分25秒  CPU    %usr   %nice    %sys %iowait    %irq   %soft  %steal  %guest  %gnice   %idle
04時11分26秒    0   31.52    0.00   21.74    0.00    0.00    5.43    0.00    0.00    0.00   41.30
04時11分26秒    1   21.95    0.00   10.98    0.00    0.00    2.44    0.00    0.00    0.00   64.63

04時11分26秒  CPU    %usr   %nice    %sys %iowait    %irq   %soft  %steal  %guest  %gnice   %idle
04時11分27秒    0   30.53    0.00   24.21    0.00    0.00    5.26    0.00    0.00    0.00   40.00
04時11分27秒    1   20.51    0.00    8.97    0.00    0.00    1.28    0.00    0.00    0.00   69.23

04時11分27秒  CPU    %usr   %nice    %sys %iowait    %irq   %soft  %steal  %guest  %gnice   %idle
04時11分28秒    0   30.11    0.00   21.51    0.00    0.00    5.38    0.00    0.00    0.00   43.01
04時11分28秒    1   20.00    0.00   11.25    0.00    0.00    1.25    0.00    0.00    0.00   67.50

04時11分28秒  CPU    %usr   %nice    %sys %iowait    %irq   %soft  %steal  %guest  %gnice   %idle
04時11分29秒    0   29.03    0.00   21.51    0.00    0.00    6.45    0.00    0.00    0.00   43.01
04時11分29秒    1   18.75    0.00   10.00    0.00    0.00    2.50    0.00    0.00    0.00   68.75

04時11分29秒  CPU    %usr   %nice    %sys %iowait    %irq   %soft  %steal  %guest  %gnice   %idle
04時11分30秒    0   33.33    0.00   19.35    0.00    0.00    5.38    0.00    0.00    0.00   41.94
04時11分30秒    1   22.78    0.00    7.59    0.00    0.00    1.27    0.00    0.00    0.00   68.35

04時11分30秒  CPU    %usr   %nice    %sys %iowait    %irq   %soft  %steal  %guest  %gnice   %idle
04時11分31秒    0   27.96    0.00   24.73    0.00    1.08    5.38    0.00    0.00    0.00   40.86
04時11分31秒    1   21.69    0.00    8.43    0.00    0.00    2.41    0.00    0.00    0.00   67.47

04時11分31秒  CPU    %usr   %nice    %sys %iowait    %irq   %soft  %steal  %guest  %gnice   %idle
04時11分32秒    0   27.37    0.00   24.21    0.00    0.00    5.26    0.00    0.00    0.00   43.16
04時11分32秒    1   20.51    0.00    7.69    0.00    0.00    1.28    0.00    0.00    0.00   70.51

04時11分32秒  CPU    %usr   %nice    %sys %iowait    %irq   %soft  %steal  %guest  %gnice   %idle
04時11分33秒    0   30.53    0.00   23.16    0.00    0.00    5.26    0.00    0.00    0.00   41.05
04時11分33秒    1   23.75    0.00    6.25    0.00    0.00    2.50    0.00    0.00    0.00   67.50

04時11分33秒  CPU    %usr   %nice    %sys %iowait    %irq   %soft  %steal  %guest  %gnice   %idle
04時11分34秒    0   30.11    0.00   21.51    0.00    0.00    5.38    0.00    0.00    0.00   43.01
04時11分34秒    1   20.99    0.00    8.64    0.00    0.00    1.23    0.00    0.00    0.00   69.14

04時11分34秒  CPU    %usr   %nice    %sys %iowait    %irq   %soft  %steal  %guest  %gnice   %idle
04時11分35秒    0   30.53    0.00   21.05    0.00    0.00    5.26    0.00    0.00    0.00   43.16
04時11分35秒    1   16.46    0.00   11.39    0.00    0.00    2.53    0.00    0.00    0.00   69.62

04時11分35秒  CPU    %usr   %nice    %sys %iowait    %irq   %soft  %steal  %guest  %gnice   %idle
04時11分36秒    0   28.72    0.00   23.40    0.00    0.00    6.38    0.00    0.00    0.00   41.49
04時11分36秒    1   21.79    0.00    7.69    0.00    0.00    1.28    0.00    0.00    0.00   69.23

04時11分36秒  CPU    %usr   %nice    %sys %iowait    %irq   %soft  %steal  %guest  %gnice   %idle
04時11分37秒    0   30.85    0.00   23.40    0.00    0.00    5.32    0.00    0.00    0.00   40.43
04時11分37秒    1   21.25    0.00    8.75    0.00    0.00    1.25    0.00    0.00    0.00   68.75

04時11分37秒  CPU    %usr   %nice    %sys %iowait    %irq   %soft  %steal  %guest  %gnice   %idle
04時11分38秒    0   29.03    0.00   22.58    0.00    0.00    5.38    0.00    0.00    0.00   43.01
04時11分38秒    1   21.95    0.00    7.32    0.00    1.22    2.44    0.00    0.00    0.00   67.07

04時11分38秒  CPU    %usr   %nice    %sys %iowait    %irq   %soft  %steal  %guest  %gnice   %idle
04時11分39秒    0   27.66    0.00   23.40    0.00    0.00    5.32    0.00    0.00    0.00   43.62
04時11分39秒    1   17.07    0.00   13.41    0.00    0.00    1.22    0.00    0.00    0.00   68.29

04時11分39秒  CPU    %usr   %nice    %sys %iowait    %irq   %soft  %steal  %guest  %gnice   %idle
04時11分40秒    0   29.47    0.00   21.05    0.00    0.00    5.26    0.00    0.00    0.00   44.21
04時11分40秒    1   18.75    0.00    8.75    0.00    0.00    2.50    0.00    0.00    0.00   70.00

04時11分40秒  CPU    %usr   %nice    %sys %iowait    %irq   %soft  %steal  %guest  %gnice   %idle
04時11分41秒    0   28.89    0.00   22.22    0.00    0.00    5.56    0.00    0.00    0.00   43.33
04時11分41秒    1   20.25    0.00    8.86    0.00    0.00    1.27    0.00    0.00    0.00   69.62

04時11分41秒  CPU    %usr   %nice    %sys %iowait    %irq   %soft  %steal  %guest  %gnice   %idle
04時11分42秒    0   27.66    0.00   23.40    0.00    0.00    5.32    0.00    0.00    0.00   43.62
04時11分42秒    1   18.52    0.00   11.11    0.00    0.00    2.47    0.00    0.00    0.00   67.90

04時11分42秒  CPU    %usr   %nice    %sys %iowait    %irq   %soft  %steal  %guest  %gnice   %idle
04時11分43秒    0   27.96    0.00   23.66    0.00    0.00    5.38    0.00    0.00    0.00   43.01
04時11分43秒    1   20.99    0.00   11.11    0.00    0.00    1.23    0.00    0.00    0.00   66.67

04時11分43秒  CPU    %usr   %nice    %sys %iowait    %irq   %soft  %steal  %guest  %gnice   %idle
04時11分44秒    0   29.35    0.00   22.83    0.00    0.00    5.43    0.00    0.00    0.00   42.39
04時11分44秒    1   20.25    0.00   10.13    0.00    0.00    1.27    0.00    0.00    0.00   68.35

04時11分44秒  CPU    %usr   %nice    %sys %iowait    %irq   %soft  %steal  %guest  %gnice   %idle
04時11分45秒    0   30.85    0.00   22.34    0.00    0.00    6.38    0.00    0.00    0.00   40.43
04時11分45秒    1   21.52    0.00    8.86    0.00    0.00    2.53    0.00    0.00    0.00   67.09

04時11分45秒  CPU    %usr   %nice    %sys %iowait    %irq   %soft  %steal  %guest  %gnice   %idle
04時11分46秒    0   30.11    0.00   22.58    0.00    0.00    5.38    0.00    0.00    0.00   41.94
04時11分46秒    1   22.50    0.00    8.75    0.00    0.00    1.25    0.00    0.00    0.00   67.50

04時11分46秒  CPU    %usr   %nice    %sys %iowait    %irq   %soft  %steal  %guest  %gnice   %idle
04時11分47秒    0   29.79    0.00   23.40    0.00    0.00    5.32    0.00    0.00    0.00   41.49
04時11分47秒    1   18.75    0.00   10.00    0.00    0.00    2.50    0.00    0.00    0.00   68.75

04時11分47秒  CPU    %usr   %nice    %sys %iowait    %irq   %soft  %steal  %guest  %gnice   %idle
04時11分48秒    0   27.66    0.00   23.40    0.00    0.00    5.32    0.00    0.00    0.00   43.62
04時11分48秒    1   18.99    0.00   10.13    0.00    0.00    1.27    0.00    0.00    0.00   69.62

04時11分48秒  CPU    %usr   %nice    %sys %iowait    %irq   %soft  %steal  %guest  %gnice   %idle
04時11分49秒    0   28.26    0.00   23.91    0.00    0.00    5.43    0.00    0.00    0.00   42.39
04時11分49秒    1   19.75    0.00   11.11    0.00    0.00    2.47    0.00    0.00    0.00   66.67

04時11分49秒  CPU    %usr   %nice    %sys %iowait    %irq   %soft  %steal  %guest  %gnice   %idle
04時11分50秒    0   30.21    0.00   22.92    0.00    0.00    6.25    0.00    0.00    0.00   40.62
04時11分50秒    1   20.00    0.00   11.25    0.00    0.00    1.25    0.00    0.00    0.00   67.50

04時11分50秒  CPU    %usr   %nice    %sys %iowait    %irq   %soft  %steal  %guest  %gnice   %idle
04時11分51秒    0   27.96    0.00   26.88    0.00    0.00    5.38    0.00    0.00    0.00   39.78
04時11分51秒    1   20.25    0.00   10.13    0.00    0.00    2.53    0.00    0.00    0.00   67.09

04時11分51秒  CPU    %usr   %nice    %sys %iowait    %irq   %soft  %steal  %guest  %gnice   %idle
04時11分52秒    0   26.60    0.00   25.53    0.00    1.06    5.32    0.00    0.00    0.00   41.49
04時11分52秒    1   20.25    0.00   10.13    0.00    0.00    1.27    0.00    0.00    0.00   68.35

04時11分52秒  CPU    %usr   %nice    %sys %iowait    %irq   %soft  %steal  %guest  %gnice   %idle
04時11分53秒    0   31.52    0.00   22.83    0.00    0.00    5.43    0.00    0.00    0.00   40.22
04時11分53秒    1   18.99    0.00   11.39    0.00    0.00    1.27    0.00    0.00    0.00   68.35

04時11分53秒  CPU    %usr   %nice    %sys %iowait    %irq   %soft  %steal  %guest  %gnice   %idle
04時11分54秒    0   31.52    0.00   19.57    0.00    0.00    5.43    0.00    0.00    0.00   43.48
04時11分54秒    1   19.51    0.00   12.20    0.00    0.00    2.44    0.00    0.00    0.00   65.85

04時11分54秒  CPU    %usr   %nice    %sys %iowait    %irq   %soft  %steal  %guest  %gnice   %idle
04時11分55秒    0   28.26    0.00   22.83    0.00    0.00    6.52    0.00    0.00    0.00   42.39
04時11分55秒    1   18.99    0.00   10.13    0.00    0.00    1.27    0.00    0.00    0.00   69.62

04時11分55秒  CPU    %usr   %nice    %sys %iowait    %irq   %soft  %steal  %guest  %gnice   %idle
04時11分56秒    0   30.53    0.00   22.11    0.00    0.00    5.26    0.00    0.00    0.00   42.11
04時11分56秒    1   18.99    0.00    8.86    0.00    0.00    2.53    0.00    0.00    0.00   69.62

04時11分56秒  CPU    %usr   %nice    %sys %iowait    %irq   %soft  %steal  %guest  %gnice   %idle
04時11分57秒    0   27.96    0.00   25.81    0.00    0.00    5.38    0.00    0.00    0.00   40.86
04時11分57秒    1   17.95    0.00   12.82    0.00    0.00    1.28    0.00    0.00    0.00   67.95

04時11分57秒  CPU    %usr   %nice    %sys %iowait    %irq   %soft  %steal  %guest  %gnice   %idle
04時11分58秒    0   30.11    0.00   22.58    0.00    0.00    5.38    0.00    0.00    0.00   41.94
04時11分58秒    1   15.19    0.00   13.92    0.00    0.00    2.53    0.00    0.00    0.00   68.35

04時11分58秒  CPU    %usr   %nice    %sys %iowait    %irq   %soft  %steal  %guest  %gnice   %idle
04時11分59秒    0   29.03    0.00   23.66    0.00    0.00    6.45    0.00    0.00    0.00   40.86
04時11分59秒    1   21.25    0.00   11.25    0.00    0.00    1.25    0.00    0.00    0.00   66.25

04時11分59秒  CPU    %usr   %nice    %sys %iowait    %irq   %soft  %steal  %guest  %gnice   %idle
04時12分00秒    0   28.72    0.00   24.47    0.00    0.00    5.32    0.00    0.00    0.00   41.49
04時12分00秒    1   19.23    0.00    7.69    0.00    0.00    2.56    0.00    0.00    0.00   70.51

04時12分00秒  CPU    %usr   %nice    %sys %iowait    %irq   %soft  %steal  %guest  %gnice   %idle
04時12分01秒    0   32.61    0.00   19.57    0.00    0.00    5.43    0.00    0.00    0.00   42.39
04時12分01秒    1   22.50    0.00   10.00    0.00    0.00    1.25    0.00    0.00    0.00   66.25

04時12分01秒  CPU    %usr   %nice    %sys %iowait    %irq   %soft  %steal  %guest  %gnice   %idle
04時12分02秒    0   29.67    0.00   19.78    0.00    0.00    5.49    0.00    0.00    0.00   45.05
04時12分02秒    1   18.52    0.00    9.88    0.00    0.00    1.23    0.00    0.00    0.00   70.37

04時12分02秒  CPU    %usr   %nice    %sys %iowait    %irq   %soft  %steal  %guest  %gnice   %idle
04時12分03秒    0   32.98    0.00   21.28    0.00    0.00    5.32    0.00    0.00    0.00   40.43
04時12分03秒    1   18.75    0.00   12.50    0.00    0.00    2.50    0.00    0.00    0.00   66.25

04時12分03秒  CPU    %usr   %nice    %sys %iowait    %irq   %soft  %steal  %guest  %gnice   %idle
04時12分04秒    0   30.00    0.00   21.11    0.00    0.00    5.56    0.00    0.00    0.00   43.33
04時12分04秒    1   21.25    0.00    8.75    0.00    0.00    1.25    0.00    0.00    0.00   68.75

04時12分04秒  CPU    %usr   %nice    %sys %iowait    %irq   %soft  %steal  %guest  %gnice   %idle
04時12分05秒    0   31.25    0.00   22.92    0.00    0.00    6.25    0.00    0.00    0.00   39.58
04時12分05秒    1   20.25    0.00    7.59    0.00    0.00    2.53    0.00    0.00    0.00   69.62

04時12分05秒  CPU    %usr   %nice    %sys %iowait    %irq   %soft  %steal  %guest  %gnice   %idle
04時12分06秒    0   30.11    0.00   21.51    0.00    0.00    5.38    0.00    0.00    0.00   43.01
04時12分06秒    1   18.18    0.00   10.39    0.00    0.00    1.30    0.00    0.00    0.00   70.13

04時12分06秒  CPU    %usr   %nice    %sys %iowait    %irq   %soft  %steal  %guest  %gnice   %idle
04時12分07秒    0   26.67    0.00   25.56    0.00    0.00    5.56    0.00    0.00    0.00   42.22
04時12分07秒    1   21.25    0.00   10.00    0.00    0.00    2.50    0.00    0.00    0.00   66.25

04時12分07秒  CPU    %usr   %nice    %sys %iowait    %irq   %soft  %steal  %guest  %gnice   %idle
04時12分08秒    0   31.58    0.00   22.11    0.00    0.00    5.26    0.00    0.00    0.00   41.05
04時12分08秒    1   18.99    0.00   10.13    0.00    0.00    1.27    0.00    0.00    0.00   69.62

04時12分08秒  CPU    %usr   %nice    %sys %iowait    %irq   %soft  %steal  %guest  %gnice   %idle
04時12分09秒    0   27.66    0.00   22.34    0.00    0.00    5.32    0.00    0.00    0.00   44.68
04時12分09秒    1   19.51    0.00    9.76    0.00    0.00    2.44    0.00    0.00    0.00   68.29

04時12分09秒  CPU    %usr   %nice    %sys %iowait    %irq   %soft  %steal  %guest  %gnice   %idle
04時12分10秒    0   31.91    0.00   21.28    0.00    0.00    6.38    0.00    0.00    0.00   40.43
04時12分10秒    1   18.75    0.00   12.50    0.00    0.00    1.25    0.00    0.00    0.00   67.50

04時12分10秒  CPU    %usr   %nice    %sys %iowait    %irq   %soft  %steal  %guest  %gnice   %idle
04時12分11秒    0   31.91    0.00   20.21    0.00    0.00    5.32    0.00    0.00    0.00   42.55
04時12分11秒    1   21.25    0.00    8.75    0.00    0.00    1.25    0.00    0.00    0.00   68.75

04時12分11秒  CPU    %usr   %nice    %sys %iowait    %irq   %soft  %steal  %guest  %gnice   %idle
04時12分12秒    0   30.21    0.00   20.83    0.00    1.04    5.21    0.00    0.00    0.00   42.71
04時12分12秒    1   18.29    0.00   12.20    0.00    0.00    2.44    0.00    0.00    0.00   67.07

04時12分12秒  CPU    %usr   %nice    %sys %iowait    %irq   %soft  %steal  %guest  %gnice   %idle
04時12分13秒    0   34.04    0.00   18.09    0.00    0.00    5.32    0.00    0.00    0.00   42.55
04時12分13秒    1   20.73    0.00   10.98    0.00    0.00    1.22    0.00    0.00    0.00   67.07

04時12分13秒  CPU    %usr   %nice    %sys %iowait    %irq   %soft  %steal  %guest  %gnice   %idle
04時12分14秒    0   28.57    0.00   21.98    0.00    0.00    5.49    0.00    0.00    0.00   43.96
04時12分14秒    1   19.48    0.00    6.49    0.00    0.00    2.60    0.00    0.00    0.00   71.43

04時12分14秒  CPU    %usr   %nice    %sys %iowait    %irq   %soft  %steal  %guest  %gnice   %idle
04時12分15秒    0   30.11    0.00   22.58    0.00    0.00    5.38    0.00    0.00    0.00   41.94
04時12分15秒    1   22.50    0.00    8.75    0.00    0.00    1.25    0.00    0.00    0.00   67.50

04時12分15秒  CPU    %usr   %nice    %sys %iowait    %irq   %soft  %steal  %guest  %gnice   %idle
04時12分16秒    0   27.17    0.00   23.91    0.00    0.00    5.43    0.00    0.00    0.00   43.48
04時12分16秒    1   18.29    0.00   10.98    0.00    1.22    2.44    0.00    0.00    0.00   67.07

04時12分16秒  CPU    %usr   %nice    %sys %iowait    %irq   %soft  %steal  %guest  %gnice   %idle
04時12分17秒    0   26.32    0.00   25.26    0.00    0.00    6.32    0.00    0.00    0.00   42.11
04時12分17秒    1   23.46    0.00    7.41    0.00    0.00    1.23    0.00    0.00    0.00   67.90

04時12分17秒  CPU    %usr   %nice    %sys %iowait    %irq   %soft  %steal  %guest  %gnice   %idle
04時12分18秒    0   27.96    0.00   23.66    0.00    0.00    5.38    0.00    0.00    0.00   43.01
04時12分18秒    1   16.88    0.00   11.69    0.00    0.00    1.30    0.00    0.00    0.00   70.13

04時12分18秒  CPU    %usr   %nice    %sys %iowait    %irq   %soft  %steal  %guest  %gnice   %idle
04時12分19秒    0   34.78    0.00   18.48    0.00    0.00    5.43    0.00    0.00    0.00   41.30
04時12分19秒    1   19.51    0.00   12.20    0.00    0.00    2.44    0.00    0.00    0.00   65.85

04時12分19秒  CPU    %usr   %nice    %sys %iowait    %irq   %soft  %steal  %guest  %gnice   %idle
04時12分20秒    0   31.18    0.00   20.43    0.00    0.00    5.38    0.00    0.00    0.00   43.01
04時12分20秒    1   20.51    0.00    8.97    0.00    0.00    1.28    0.00    0.00    0.00   69.23

04時12分20秒  CPU    %usr   %nice    %sys %iowait    %irq   %soft  %steal  %guest  %gnice   %idle
04時12分21秒    0   32.26    0.00   19.35    0.00    0.00    5.38    0.00    0.00    0.00   43.01
04時12分21秒    1   20.73    0.00    9.76    0.00    0.00    2.44    0.00    0.00    0.00   67.07

04時12分21秒  CPU    %usr   %nice    %sys %iowait    %irq   %soft  %steal  %guest  %gnice   %idle
04時12分22秒    0   28.26    0.00   25.00    0.00    0.00    5.43    0.00    0.00    0.00   41.30
04時12分22秒    1   20.25    0.00   10.13    0.00    0.00    1.27    0.00    0.00    0.00   68.35

04時12分22秒  CPU    %usr   %nice    %sys %iowait    %irq   %soft  %steal  %guest  %gnice   %idle
04時12分23秒    0   26.32    0.00   24.21    0.00    0.00    6.32    0.00    0.00    0.00   43.16
04時12分23秒    1   19.75    0.00    9.88    0.00    0.00    2.47    0.00    0.00    0.00   67.90

04時12分23秒  CPU    %usr   %nice    %sys %iowait    %irq   %soft  %steal  %guest  %gnice   %idle
04時12分24秒    0   33.33    0.00   20.43    0.00    0.00    5.38    0.00    0.00    0.00   40.86
04時12分24秒    1   18.75    0.00   11.25    0.00    1.25    1.25    0.00    0.00    0.00   67.50

04時12分24秒  CPU    %usr   %nice    %sys %iowait    %irq   %soft  %steal  %guest  %gnice   %idle
04時12分25秒    0   29.79    0.00   22.34    0.00    0.00    5.32    0.00    0.00    0.00   42.55
04時12分25秒    1   17.50    0.00   12.50    0.00    0.00    2.50    0.00    0.00    0.00   67.50

04時12分25秒  CPU    %usr   %nice    %sys %iowait    %irq   %soft  %steal  %guest  %gnice   %idle
04時12分26秒    0   30.43    0.00   21.74    0.00    0.00    5.43    0.00    0.00    0.00   42.39
04時12分26秒    1   21.25    0.00    8.75    0.00    0.00    1.25    0.00    0.00    0.00   68.75

04時12分26秒  CPU    %usr   %nice    %sys %iowait    %irq   %soft  %steal  %guest  %gnice   %idle
04時12分27秒    0   28.12    0.00   25.00    0.00    0.00    5.21    0.00    0.00    0.00   41.67
04時12分27秒    1   21.25    0.00   11.25    0.00    0.00    1.25    0.00    0.00    0.00   66.25

04時12分27秒  CPU    %usr   %nice    %sys %iowait    %irq   %soft  %steal  %guest  %gnice   %idle
04時12分28秒    0   29.79    0.00   23.40    0.00    0.00    6.38    0.00    0.00    0.00   40.43
04時12分28秒    1   20.99    0.00    9.88    0.00    0.00    2.47    0.00    0.00    0.00   66.67

04時12分28秒  CPU    %usr   %nice    %sys %iowait    %irq   %soft  %steal  %guest  %gnice   %idle
04時12分29秒    0   27.17    0.00   25.00    0.00    0.00    5.43    0.00    0.00    0.00   42.39
04時12分29秒    1   24.36    0.00    7.69    0.00    0.00    1.28    0.00    0.00    0.00   66.67

04時12分29秒  CPU    %usr   %nice    %sys %iowait    %irq   %soft  %steal  %guest  %gnice   %idle
04時12分30秒    0   29.03    0.00   23.66    0.00    0.00    5.38    0.00    0.00    0.00   41.94
04時12分30秒    1   20.00    0.00   10.00    0.00    0.00    2.50    0.00    0.00    0.00   67.50

04時12分30秒  CPU    %usr   %nice    %sys %iowait    %irq   %soft  %steal  %guest  %gnice   %idle
04時12分31秒    0   28.42    0.00   25.26    0.00    0.00    5.26    0.00    0.00    0.00   41.05
04時12分31秒    1   20.00    0.00   11.25    0.00    0.00    1.25    0.00    0.00    0.00   67.50

04時12分31秒  CPU    %usr   %nice    %sys %iowait    %irq   %soft  %steal  %guest  %gnice   %idle
04時12分32秒    0   27.66    0.00   23.40    0.00    1.06    5.32    0.00    0.00    0.00   42.55
04時12分32秒    1   16.05    0.00   12.35    0.00    0.00    2.47    0.00    0.00    0.00   69.14

04時12分32秒  CPU    %usr   %nice    %sys %iowait    %irq   %soft  %steal  %guest  %gnice   %idle
04時12分33秒    0   30.53    0.00   23.16    0.00    0.00    5.26    0.00    0.00    0.00   41.05
04時12分33秒    1   22.78    0.00    7.59    0.00    0.00    1.27    0.00    0.00    0.00   68.35

04時12分33秒  CPU    %usr   %nice    %sys %iowait    %irq   %soft  %steal  %guest  %gnice   %idle
04時12分34秒    0   26.88    0.00   23.66    0.00    0.00    6.45    0.00    0.00    0.00   43.01
04時12分34秒    1   18.75    0.00   11.25    0.00    0.00    1.25    0.00    0.00    0.00   68.75

04時12分34秒  CPU    %usr   %nice    %sys %iowait    %irq   %soft  %steal  %guest  %gnice   %idle
04時12分35秒    0   31.91    0.00   21.28    0.00    0.00    5.32    0.00    0.00    0.00   41.49
04時12分35秒    1   20.25    0.00    8.86    0.00    0.00    2.53    0.00    0.00    0.00   68.35

04時12分35秒  CPU    %usr   %nice    %sys %iowait    %irq   %soft  %steal  %guest  %gnice   %idle
04時12分36秒    0   31.91    0.00   20.21    0.00    0.00    5.32    0.00    0.00    0.00   42.55
04時12分36秒    1   17.72    0.00   11.39    0.00    0.00    1.27    0.00    0.00    0.00   69.62

04時12分36秒  CPU    %usr   %nice    %sys %iowait    %irq   %soft  %steal  %guest  %gnice   %idle
04時12分37秒    0   26.88    0.00   24.73    0.00    0.00    5.38    0.00    0.00    0.00   43.01
04時12分37秒    1   20.99    0.00    8.64    0.00    0.00    2.47    0.00    0.00    0.00   67.90

04時12分37秒  CPU    %usr   %nice    %sys %iowait    %irq   %soft  %steal  %guest  %gnice   %idle
04時12分38秒    0   29.17    0.00   25.00    0.00    0.00    5.21    0.00    0.00    0.00   40.62
04時12分38秒    1   23.46    0.00    8.64    0.00    0.00    1.23    0.00    0.00    0.00   66.67

04時12分38秒  CPU    %usr   %nice    %sys %iowait    %irq   %soft  %steal  %guest  %gnice   %idle
04時12分39秒    0   30.85    0.00   20.21    0.00    0.00    5.32    0.00    0.00    0.00   43.62
04時12分39秒    1   17.50    0.00   11.25    0.00    0.00    2.50    0.00    0.00    0.00   68.75

04時12分39秒  CPU    %usr   %nice    %sys %iowait    %irq   %soft  %steal  %guest  %gnice   %idle
04時12分40秒    0   32.98    0.00   20.21    0.00    0.00    6.38    0.00    0.00    0.00   40.43
04時12分40秒    1   18.99    0.00   10.13    0.00    0.00    1.27    0.00    0.00    0.00   69.62

04時12分40秒  CPU    %usr   %nice    %sys %iowait    %irq   %soft  %steal  %guest  %gnice   %idle
04時12分41秒    0   32.26    0.00   19.35    0.00    0.00    5.38    0.00    0.00    0.00   43.01
04時12分41秒    1   16.05    0.00   13.58    0.00    0.00    2.47    0.00    0.00    0.00   67.90

04時12分41秒  CPU    %usr   %nice    %sys %iowait    %irq   %soft  %steal  %guest  %gnice   %idle
04時12分42秒    0   30.43    0.00   21.74    0.00    0.00    5.43    0.00    0.00    0.00   42.39
04時12分42秒    1   18.99    0.00   11.39    0.00    0.00    1.27    0.00    0.00    0.00   68.35

04時12分42秒  CPU    %usr   %nice    %sys %iowait    %irq   %soft  %steal  %guest  %gnice   %idle
04時12分43秒    0   26.60    0.00   25.53    0.00    0.00    5.32    0.00    0.00    0.00   42.55
04時12分43秒    1   17.95    0.00   11.54    0.00    0.00    1.28    0.00    0.00    0.00   69.23

04時12分43秒  CPU    %usr   %nice    %sys %iowait    %irq   %soft  %steal  %guest  %gnice   %idle
04時12分44秒    0   29.67    0.00   20.88    0.00    0.00    5.49    0.00    0.00    0.00   43.96
04時12分44秒    1   19.75    0.00    9.88    0.00    0.00    2.47    0.00    0.00    0.00   67.90

04時12分44秒  CPU    %usr   %nice    %sys %iowait    %irq   %soft  %steal  %guest  %gnice   %idle
04時12分45秒    0   31.91    0.00   22.34    0.00    0.00    5.32    0.00    0.00    0.00   40.43
04時12分45秒    1   21.25    0.00   10.00    0.00    0.00    1.25    0.00    0.00    0.00   67.50

04時12分45秒  CPU    %usr   %nice    %sys %iowait    %irq   %soft  %steal  %guest  %gnice   %idle
04時12分46秒    0   29.03    0.00   21.51    0.00    0.00    6.45    0.00    0.00    0.00   43.01
04時12分46秒    1   18.99    0.00   10.13    0.00    0.00    2.53    0.00    0.00    0.00   68.35

04時12分46秒  CPU    %usr   %nice    %sys %iowait    %irq   %soft  %steal  %guest  %gnice   %idle
04時12分47秒    0   30.53    0.00   22.11    0.00    0.00    5.26    0.00    0.00    0.00   42.11
04時12分47秒    1   20.25    0.00    8.86    0.00    0.00    1.27    0.00    0.00    0.00   69.62

04時12分47秒  CPU    %usr   %nice    %sys %iowait    %irq   %soft  %steal  %guest  %gnice   %idle
04時12分48秒    0   30.43    0.00   22.83    0.00    0.00    5.43    0.00    0.00    0.00   41.30
04時12分48秒    1   21.52    0.00    7.59    0.00    0.00    2.53    0.00    0.00    0.00   68.35

04時12分48秒  CPU    %usr   %nice    %sys %iowait    %irq   %soft  %steal  %guest  %gnice   %idle
04時12分49秒    0   31.18    0.00   22.58    0.00    0.00    5.38    0.00    0.00    0.00   40.86
04時12分49秒    1   21.52    0.00    7.59    0.00    0.00    1.27    0.00    0.00    0.00   69.62

04時12分49秒  CPU    %usr   %nice    %sys %iowait    %irq   %soft  %steal  %guest  %gnice   %idle
04時12分50秒    0   30.85    0.00   23.40    0.00    0.00    5.32    0.00    0.00    0.00   40.43
04時12分50秒    1   18.99    0.00   10.13    0.00    0.00    2.53    0.00    0.00    0.00   68.35

04時12分50秒  CPU    %usr   %nice    %sys %iowait    %irq   %soft  %steal  %guest  %gnice   %idle
04時12分51秒    0   29.79    0.00   21.28    0.00    0.00    5.32    0.00    0.00    0.00   43.62
04時12分51秒    1   21.52    0.00    7.59    0.00    0.00    1.27    0.00    0.00    0.00   69.62

04時12分51秒  CPU    %usr   %nice    %sys %iowait    %irq   %soft  %steal  %guest  %gnice   %idle
04時12分52秒    0   26.60    0.00   24.47    0.00    0.00    6.38    0.00    0.00    0.00   42.55
04時12分52秒    1   21.95    0.00    9.76    0.00    0.00    1.22    0.00    0.00    0.00   67.07

04時12分52秒  CPU    %usr   %nice    %sys %iowait    %irq   %soft  %steal  %guest  %gnice   %idle
04時12分53秒    0   32.26    0.00   20.43    0.00    1.08    5.38    0.00    0.00    0.00   40.86
04時12分53秒    1   21.52    0.00    6.33    0.00    0.00    2.53    0.00    0.00    0.00   69.62

04時12分53秒  CPU    %usr   %nice    %sys %iowait    %irq   %soft  %steal  %guest  %gnice   %idle
04時12分54秒    0   26.88    0.00   24.73    0.00    0.00    5.38    0.00    0.00    0.00   43.01
04時12分54秒    1   22.22    0.00    9.88    0.00    0.00    1.23    0.00    0.00    0.00   66.67

04時12分54秒  CPU    %usr   %nice    %sys %iowait    %irq   %soft  %steal  %guest  %gnice   %idle
04時12分55秒    0   29.47    0.00   24.21    0.00    0.00    5.26    0.00    0.00    0.00   41.05
04時12分55秒    1   24.39    0.00    9.76    0.00    0.00    2.44    0.00    0.00    0.00   63.41

平均時間：  CPU    %usr   %nice    %sys %iowait    %irq   %soft  %steal  %guest  %gnice   %idle
平均時間：    0   29.72    0.00   22.59    0.00    0.05    5.53    0.00    0.00    0.00   42.10
平均時間：    1   20.22    0.00    9.72    0.00    0.04    1.81    0.00    0.00    0.00   68.21
