Linux 5.6.15-arch1-1 (archlinux) 	西元2020年06月29日 	_x86_64_	(12 CPU)

04時18分46秒  CPU    %usr   %nice    %sys %iowait    %irq   %soft  %steal  %guest  %gnice   %idle
04時18分47秒    0   30.43    0.00   23.91    0.00    0.00    6.52    0.00    0.00    0.00   39.13
04時18分47秒    1   18.99    0.00   11.39    0.00    0.00    2.53    0.00    0.00    0.00   67.09

04時18分47秒  CPU    %usr   %nice    %sys %iowait    %irq   %soft  %steal  %guest  %gnice   %idle
04時18分48秒    0   29.03    0.00   23.66    0.00    0.00    5.38    0.00    0.00    0.00   41.94
04時18分48秒    1   20.73    0.00    8.54    0.00    0.00    1.22    0.00    0.00    0.00   69.51

04時18分48秒  CPU    %usr   %nice    %sys %iowait    %irq   %soft  %steal  %guest  %gnice   %idle
04時18分49秒    0   34.07    0.00   20.88    0.00    0.00    5.49    0.00    0.00    0.00   39.56
04時18分49秒    1   22.22    0.00    8.64    0.00    0.00    2.47    0.00    0.00    0.00   66.67

04時18分49秒  CPU    %usr   %nice    %sys %iowait    %irq   %soft  %steal  %guest  %gnice   %idle
04時18分50秒    0   35.16    0.00   19.78    0.00    0.00    5.49    0.00    0.00    0.00   39.56
04時18分50秒    1   17.95    0.00   11.54    0.00    0.00    1.28    0.00    0.00    0.00   69.23

04時18分50秒  CPU    %usr   %nice    %sys %iowait    %irq   %soft  %steal  %guest  %gnice   %idle
04時18分51秒    0   32.22    0.00   22.22    0.00    0.00    5.56    0.00    0.00    0.00   40.00
04時18分51秒    1   21.69    0.00   10.84    0.00    0.00    2.41    0.00    0.00    0.00   65.06

04時18分51秒  CPU    %usr   %nice    %sys %iowait    %irq   %soft  %steal  %guest  %gnice   %idle
04時18分52秒    0   30.85    0.00   22.34    0.00    0.00    5.32    0.00    0.00    0.00   41.49
04時18分52秒    1   18.99    0.00    8.86    0.00    0.00    1.27    0.00    0.00    0.00   70.89

04時18分52秒  CPU    %usr   %nice    %sys %iowait    %irq   %soft  %steal  %guest  %gnice   %idle
04時18分53秒    0   29.67    0.00   24.18    0.00    0.00    5.49    0.00    0.00    0.00   40.66
04時18分53秒    1   19.51    0.00   10.98    0.00    0.00    2.44    0.00    0.00    0.00   67.07

04時18分53秒  CPU    %usr   %nice    %sys %iowait    %irq   %soft  %steal  %guest  %gnice   %idle
04時18分54秒    0   32.61    0.00   21.74    0.00    0.00    5.43    0.00    0.00    0.00   40.22
04時18分54秒    1   22.78    0.00    7.59    0.00    0.00    1.27    0.00    0.00    0.00   68.35

04時18分54秒  CPU    %usr   %nice    %sys %iowait    %irq   %soft  %steal  %guest  %gnice   %idle
04時18分55秒    0   32.26    0.00   21.51    0.00    0.00    5.38    0.00    0.00    0.00   40.86
04時18分55秒    1   23.75    0.00    7.50    0.00    0.00    1.25    0.00    0.00    0.00   67.50

04時18分55秒  CPU    %usr   %nice    %sys %iowait    %irq   %soft  %steal  %guest  %gnice   %idle
04時18分56秒    0   32.61    0.00   21.74    0.00    0.00    6.52    0.00    0.00    0.00   39.13
04時18分56秒    1   15.38    0.00   12.82    0.00    0.00    2.56    0.00    0.00    0.00   69.23

04時18分56秒  CPU    %usr   %nice    %sys %iowait    %irq   %soft  %steal  %guest  %gnice   %idle
04時18分57秒    0   29.03    0.00   24.73    0.00    0.00    5.38    0.00    0.00    0.00   40.86
04時18分57秒    1   20.73    0.00   10.98    0.00    0.00    1.22    0.00    0.00    0.00   67.07

04時18分57秒  CPU    %usr   %nice    %sys %iowait    %irq   %soft  %steal  %guest  %gnice   %idle
04時18分58秒    0   32.61    0.00   21.74    0.00    0.00    5.43    0.00    0.00    0.00   40.22
04時18分58秒    1   20.00    0.00    7.50    0.00    0.00    2.50    0.00    0.00    0.00   70.00

04時18分58秒  CPU    %usr   %nice    %sys %iowait    %irq   %soft  %steal  %guest  %gnice   %idle
04時18分59秒    0   33.70    0.00   21.74    0.00    0.00    5.43    0.00    0.00    0.00   39.13
04時18分59秒    1   23.75    0.00    7.50    0.00    0.00    1.25    0.00    0.00    0.00   67.50

04時18分59秒  CPU    %usr   %nice    %sys %iowait    %irq   %soft  %steal  %guest  %gnice   %idle
04時19分00秒    0   34.04    0.00   21.28    0.00    0.00    5.32    0.00    0.00    0.00   39.36
04時19分00秒    1   18.52    0.00   11.11    0.00    0.00    2.47    0.00    0.00    0.00   67.90

04時19分00秒  CPU    %usr   %nice    %sys %iowait    %irq   %soft  %steal  %guest  %gnice   %idle
04時19分01秒    0   29.35    0.00   21.74    0.00    0.00    5.43    0.00    0.00    0.00   43.48
04時19分01秒    1   18.99    0.00    8.86    0.00    0.00    1.27    0.00    0.00    0.00   70.89

04時19分01秒  CPU    %usr   %nice    %sys %iowait    %irq   %soft  %steal  %guest  %gnice   %idle
04時19分02秒    0   33.33    0.00   21.51    0.00    0.00    5.38    0.00    0.00    0.00   39.78
04時19分02秒    1   20.25    0.00    8.86    0.00    0.00    1.27    0.00    0.00    0.00   69.62

04時19分02秒  CPU    %usr   %nice    %sys %iowait    %irq   %soft  %steal  %guest  %gnice   %idle
04時19分03秒    0   31.52    0.00   23.91    0.00    0.00    5.43    0.00    0.00    0.00   39.13
04時19分03秒    1   22.50    0.00    8.75    0.00    0.00    2.50    0.00    0.00    0.00   66.25

04時19分03秒  CPU    %usr   %nice    %sys %iowait    %irq   %soft  %steal  %guest  %gnice   %idle
04時19分04秒    0   30.43    0.00   22.83    0.00    1.09    5.43    0.00    0.00    0.00   40.22
04時19分04秒    1   22.22    0.00    8.64    0.00    0.00    1.23    0.00    0.00    0.00   67.90

04時19分04秒  CPU    %usr   %nice    %sys %iowait    %irq   %soft  %steal  %guest  %gnice   %idle
04時19分05秒    0   30.11    0.00   23.66    0.00    0.00    6.45    0.00    0.00    0.00   39.78
04時19分05秒    1   18.75    0.00   11.25    0.00    0.00    2.50    0.00    0.00    0.00   67.50

04時19分05秒  CPU    %usr   %nice    %sys %iowait    %irq   %soft  %steal  %guest  %gnice   %idle
04時19分06秒    0   33.70    0.00   20.65    0.00    0.00    5.43    0.00    0.00    0.00   40.22
04時19分06秒    1   21.52    0.00    8.86    0.00    0.00    1.27    0.00    0.00    0.00   68.35

04時19分06秒  CPU    %usr   %nice    %sys %iowait    %irq   %soft  %steal  %guest  %gnice   %idle
04時19分07秒    0   30.43    0.00   21.74    0.00    0.00    5.43    0.00    0.00    0.00   42.39
04時19分07秒    1   21.69    0.00    7.23    0.00    1.20    2.41    0.00    0.00    0.00   67.47

04時19分07秒  CPU    %usr   %nice    %sys %iowait    %irq   %soft  %steal  %guest  %gnice   %idle
04時19分08秒    0   30.00    0.00   24.44    0.00    0.00    5.56    0.00    0.00    0.00   40.00
04時19分08秒    1   17.95    0.00   11.54    0.00    0.00    1.28    0.00    0.00    0.00   69.23

04時19分08秒  CPU    %usr   %nice    %sys %iowait    %irq   %soft  %steal  %guest  %gnice   %idle
04時19分09秒    0   31.18    0.00   22.58    0.00    0.00    5.38    0.00    0.00    0.00   40.86
04時19分09秒    1   19.75    0.00   11.11    0.00    0.00    1.23    0.00    0.00    0.00   67.90

04時19分09秒  CPU    %usr   %nice    %sys %iowait    %irq   %soft  %steal  %guest  %gnice   %idle
04時19分10秒    0   30.77    0.00   23.08    0.00    0.00    5.49    0.00    0.00    0.00   40.66
04時19分10秒    1   19.51    0.00   10.98    0.00    0.00    2.44    0.00    0.00    0.00   67.07

04時19分10秒  CPU    %usr   %nice    %sys %iowait    %irq   %soft  %steal  %guest  %gnice   %idle
04時19分11秒    0   32.61    0.00   23.91    0.00    0.00    5.43    0.00    0.00    0.00   38.04
04時19分11秒    1   21.52    0.00    8.86    0.00    0.00    1.27    0.00    0.00    0.00   68.35

04時19分11秒  CPU    %usr   %nice    %sys %iowait    %irq   %soft  %steal  %guest  %gnice   %idle
04時19分12秒    0   31.52    0.00   21.74    0.00    0.00    5.43    0.00    0.00    0.00   41.30
04時19分12秒    1   22.22    0.00    7.41    0.00    0.00    2.47    0.00    0.00    0.00   67.90

04時19分12秒  CPU    %usr   %nice    %sys %iowait    %irq   %soft  %steal  %guest  %gnice   %idle
04時19分13秒    0   33.33    0.00   21.51    0.00    0.00    5.38    0.00    0.00    0.00   39.78
04時19分13秒    1   21.52    0.00    7.59    0.00    0.00    1.27    0.00    0.00    0.00   69.62

04時19分13秒  CPU    %usr   %nice    %sys %iowait    %irq   %soft  %steal  %guest  %gnice   %idle
04時19分14秒    0   32.61    0.00   21.74    0.00    0.00    6.52    0.00    0.00    0.00   39.13
04時19分14秒    1   20.73    0.00   12.20    0.00    0.00    2.44    0.00    0.00    0.00   64.63

04時19分14秒  CPU    %usr   %nice    %sys %iowait    %irq   %soft  %steal  %guest  %gnice   %idle
04時19分15秒    0   30.11    0.00   23.66    0.00    0.00    5.38    0.00    0.00    0.00   40.86
04時19分15秒    1   21.25    0.00    8.75    0.00    0.00    1.25    0.00    0.00    0.00   68.75

04時19分15秒  CPU    %usr   %nice    %sys %iowait    %irq   %soft  %steal  %guest  %gnice   %idle
04時19分16秒    0   29.35    0.00   25.00    0.00    0.00    5.43    0.00    0.00    0.00   40.22
04時19分16秒    1   20.99    0.00    9.88    0.00    0.00    2.47    0.00    0.00    0.00   66.67

04時19分16秒  CPU    %usr   %nice    %sys %iowait    %irq   %soft  %steal  %guest  %gnice   %idle
04時19分17秒    0   33.33    0.00   20.00    0.00    0.00    5.56    0.00    0.00    0.00   41.11
04時19分17秒    1   18.99    0.00   10.13    0.00    0.00    1.27    0.00    0.00    0.00   69.62

04時19分17秒  CPU    %usr   %nice    %sys %iowait    %irq   %soft  %steal  %guest  %gnice   %idle
04時19分18秒    0   35.48    0.00   19.35    0.00    0.00    5.38    0.00    0.00    0.00   39.78
04時19分18秒    1   24.39    0.00    7.32    0.00    0.00    2.44    0.00    0.00    0.00   65.85

04時19分18秒  CPU    %usr   %nice    %sys %iowait    %irq   %soft  %steal  %guest  %gnice   %idle
04時19分19秒    0   27.17    0.00   27.17    0.00    0.00    5.43    0.00    0.00    0.00   40.22
04時19分19秒    1   20.00    0.00   10.00    0.00    0.00    1.25    0.00    0.00    0.00   68.75

04時19分19秒  CPU    %usr   %nice    %sys %iowait    %irq   %soft  %steal  %guest  %gnice   %idle
04時19分20秒    0   28.26    0.00   26.09    0.00    0.00    5.43    0.00    0.00    0.00   40.22
04時19分20秒    1   21.25    0.00   10.00    0.00    0.00    1.25    0.00    0.00    0.00   67.50

04時19分20秒  CPU    %usr   %nice    %sys %iowait    %irq   %soft  %steal  %guest  %gnice   %idle
04時19分21秒    0   35.48    0.00   19.35    0.00    0.00    6.45    0.00    0.00    0.00   38.71
04時19分21秒    1   18.75    0.00   11.25    0.00    0.00    2.50    0.00    0.00    0.00   67.50

04時19分21秒  CPU    %usr   %nice    %sys %iowait    %irq   %soft  %steal  %guest  %gnice   %idle
04時19分22秒    0   33.33    0.00   22.58    0.00    0.00    5.38    0.00    0.00    0.00   38.71
04時19分22秒    1   20.00    0.00   11.25    0.00    0.00    1.25    0.00    0.00    0.00   67.50

04時19分22秒  CPU    %usr   %nice    %sys %iowait    %irq   %soft  %steal  %guest  %gnice   %idle
04時19分23秒    0   27.96    0.00   26.88    0.00    0.00    5.38    0.00    0.00    0.00   39.78
04時19分23秒    1   22.22    0.00    8.64    0.00    0.00    2.47    0.00    0.00    0.00   66.67

04時19分23秒  CPU    %usr   %nice    %sys %iowait    %irq   %soft  %steal  %guest  %gnice   %idle
04時19分24秒    0   31.87    0.00   21.98    0.00    1.10    5.49    0.00    0.00    0.00   39.56
04時19分24秒    1   20.99    0.00   11.11    0.00    0.00    1.23    0.00    0.00    0.00   66.67

04時19分24秒  CPU    %usr   %nice    %sys %iowait    %irq   %soft  %steal  %guest  %gnice   %idle
04時19分25秒    0   31.11    0.00   23.33    0.00    0.00    5.56    0.00    0.00    0.00   40.00
04時19分25秒    1   22.50    0.00    8.75    0.00    0.00    2.50    0.00    0.00    0.00   66.25

04時19分25秒  CPU    %usr   %nice    %sys %iowait    %irq   %soft  %steal  %guest  %gnice   %idle
04時19分26秒    0   33.70    0.00   20.65    0.00    0.00    5.43    0.00    0.00    0.00   40.22
04時19分26秒    1   18.99    0.00   10.13    0.00    0.00    1.27    0.00    0.00    0.00   69.62

04時19分26秒  CPU    %usr   %nice    %sys %iowait    %irq   %soft  %steal  %guest  %gnice   %idle
04時19分27秒    0   31.91    0.00   24.47    0.00    0.00    6.38    0.00    0.00    0.00   37.23
04時19分27秒    1   20.25    0.00   10.13    0.00    0.00    2.53    0.00    0.00    0.00   67.09

04時19分27秒  CPU    %usr   %nice    %sys %iowait    %irq   %soft  %steal  %guest  %gnice   %idle
04時19分28秒    0   31.87    0.00   19.78    0.00    0.00    5.49    0.00    0.00    0.00   42.86
04時19分28秒    1   18.75    0.00   11.25    0.00    0.00    1.25    0.00    0.00    0.00   68.75

04時19分28秒  CPU    %usr   %nice    %sys %iowait    %irq   %soft  %steal  %guest  %gnice   %idle
04時19分29秒    0   30.43    0.00   25.00    0.00    0.00    5.43    0.00    0.00    0.00   39.13
04時19分29秒    1   24.05    0.00    7.59    0.00    0.00    2.53    0.00    0.00    0.00   65.82

04時19分29秒  CPU    %usr   %nice    %sys %iowait    %irq   %soft  %steal  %guest  %gnice   %idle
04時19分30秒    0   32.26    0.00   21.51    0.00    0.00    5.38    0.00    0.00    0.00   40.86
04時19分30秒    1   20.00    0.00   10.00    0.00    0.00    1.25    0.00    0.00    0.00   68.75

04時19分30秒  CPU    %usr   %nice    %sys %iowait    %irq   %soft  %steal  %guest  %gnice   %idle
04時19分31秒    0   27.78    0.00   24.44    0.00    0.00    5.56    0.00    0.00    0.00   42.22
04時19分31秒    1   17.50    0.00   12.50    0.00    0.00    1.25    0.00    0.00    0.00   68.75

04時19分31秒  CPU    %usr   %nice    %sys %iowait    %irq   %soft  %steal  %guest  %gnice   %idle
04時19分32秒    0   32.97    0.00   20.88    0.00    0.00    5.49    0.00    0.00    0.00   40.66
04時19分32秒    1   20.99    0.00    8.64    0.00    0.00    2.47    0.00    0.00    0.00   67.90

04時19分32秒  CPU    %usr   %nice    %sys %iowait    %irq   %soft  %steal  %guest  %gnice   %idle
04時19分33秒    0   30.43    0.00   25.00    0.00    0.00    5.43    0.00    0.00    0.00   39.13
04時19分33秒    1   19.23    0.00   11.54    0.00    0.00    1.28    0.00    0.00    0.00   67.95

04時19分33秒  CPU    %usr   %nice    %sys %iowait    %irq   %soft  %steal  %guest  %gnice   %idle
04時19分34秒    0   30.43    0.00   21.74    0.00    0.00    5.43    0.00    0.00    0.00   42.39
04時19分34秒    1   18.52    0.00   11.11    0.00    0.00    2.47    0.00    0.00    0.00   67.90

04時19分34秒  CPU    %usr   %nice    %sys %iowait    %irq   %soft  %steal  %guest  %gnice   %idle
04時19分35秒    0   32.26    0.00   24.73    0.00    0.00    6.45    0.00    0.00    0.00   36.56
04時19分35秒    1   20.25    0.00   10.13    0.00    0.00    1.27    0.00    0.00    0.00   68.35

04時19分35秒  CPU    %usr   %nice    %sys %iowait    %irq   %soft  %steal  %guest  %gnice   %idle
04時19分36秒    0   29.79    0.00   24.47    0.00    0.00    5.32    0.00    0.00    0.00   40.43
04時19分36秒    1   20.73    0.00    9.76    0.00    0.00    2.44    0.00    0.00    0.00   67.07

04時19分36秒  CPU    %usr   %nice    %sys %iowait    %irq   %soft  %steal  %guest  %gnice   %idle
04時19分37秒    0   31.18    0.00   23.66    0.00    0.00    5.38    0.00    0.00    0.00   39.78
04時19分37秒    1   22.22    0.00    9.88    0.00    0.00    1.23    0.00    0.00    0.00   66.67

04時19分37秒  CPU    %usr   %nice    %sys %iowait    %irq   %soft  %steal  %guest  %gnice   %idle
04時19分38秒    0   31.11    0.00   21.11    0.00    0.00    5.56    0.00    0.00    0.00   42.22
04時19分38秒    1   22.89    0.00    8.43    0.00    0.00    2.41    0.00    0.00    0.00   66.27

04時19分38秒  CPU    %usr   %nice    %sys %iowait    %irq   %soft  %steal  %guest  %gnice   %idle
04時19分39秒    0   32.26    0.00   23.66    0.00    0.00    5.38    0.00    0.00    0.00   38.71
04時19分39秒    1   21.52    0.00   10.13    0.00    0.00    1.27    0.00    0.00    0.00   67.09

04時19分39秒  CPU    %usr   %nice    %sys %iowait    %irq   %soft  %steal  %guest  %gnice   %idle
04時19分40秒    0   33.33    0.00   21.51    0.00    0.00    5.38    0.00    0.00    0.00   39.78
04時19分40秒    1   20.00    0.00    8.75    0.00    0.00    2.50    0.00    0.00    0.00   68.75

04時19分40秒  CPU    %usr   %nice    %sys %iowait    %irq   %soft  %steal  %guest  %gnice   %idle
04時19分41秒    0   30.11    0.00   24.73    0.00    0.00    5.38    0.00    0.00    0.00   39.78
04時19分41秒    1   18.99    0.00   11.39    0.00    0.00    1.27    0.00    0.00    0.00   68.35

04時19分41秒  CPU    %usr   %nice    %sys %iowait    %irq   %soft  %steal  %guest  %gnice   %idle
04時19分42秒    0   32.61    0.00   22.83    0.00    0.00    5.43    0.00    0.00    0.00   39.13
04時19分42秒    1   22.22    0.00    8.64    0.00    0.00    1.23    0.00    0.00    0.00   67.90

04時19分42秒  CPU    %usr   %nice    %sys %iowait    %irq   %soft  %steal  %guest  %gnice   %idle
04時19分43秒    0   30.53    0.00   24.21    0.00    0.00    6.32    0.00    0.00    0.00   38.95
04時19分43秒    1   15.19    0.00   13.92    0.00    0.00    2.53    0.00    0.00    0.00   68.35

04時19分43秒  CPU    %usr   %nice    %sys %iowait    %irq   %soft  %steal  %guest  %gnice   %idle
04時19分44秒    0   30.43    0.00   22.83    0.00    1.09    5.43    0.00    0.00    0.00   40.22
04時19分44秒    1   17.72    0.00   12.66    0.00    0.00    1.27    0.00    0.00    0.00   68.35

04時19分44秒  CPU    %usr   %nice    %sys %iowait    %irq   %soft  %steal  %guest  %gnice   %idle
04時19分45秒    0   29.03    0.00   23.66    0.00    0.00    5.38    0.00    0.00    0.00   41.94
04時19分45秒    1   24.10    0.00    8.43    0.00    0.00    2.41    0.00    0.00    0.00   65.06

04時19分45秒  CPU    %usr   %nice    %sys %iowait    %irq   %soft  %steal  %guest  %gnice   %idle
04時19分46秒    0   31.52    0.00   22.83    0.00    0.00    5.43    0.00    0.00    0.00   40.22
04時19分46秒    1   20.00    0.00   10.00    0.00    1.25    1.25    0.00    0.00    0.00   67.50

04時19分46秒  CPU    %usr   %nice    %sys %iowait    %irq   %soft  %steal  %guest  %gnice   %idle
04時19分47秒    0   29.67    0.00   25.27    0.00    0.00    5.49    0.00    0.00    0.00   39.56
04時19分47秒    1   24.69    0.00    8.64    0.00    0.00    2.47    0.00    0.00    0.00   64.20

04時19分47秒  CPU    %usr   %nice    %sys %iowait    %irq   %soft  %steal  %guest  %gnice   %idle
04時19分48秒    0   32.61    0.00   21.74    0.00    0.00    5.43    0.00    0.00    0.00   40.22
04時19分48秒    1   18.52    0.00   12.35    0.00    0.00    1.23    0.00    0.00    0.00   67.90

04時19分48秒  CPU    %usr   %nice    %sys %iowait    %irq   %soft  %steal  %guest  %gnice   %idle
04時19分49秒    0   31.58    0.00   22.11    0.00    0.00    5.26    0.00    0.00    0.00   41.05
04時19分49秒    1   18.99    0.00    8.86    0.00    0.00    1.27    0.00    0.00    0.00   70.89

04時19分49秒  CPU    %usr   %nice    %sys %iowait    %irq   %soft  %steal  %guest  %gnice   %idle
04時19分50秒    0   31.87    0.00   23.08    0.00    0.00    5.49    0.00    0.00    0.00   39.56
04時19分50秒    1   21.95    0.00    9.76    0.00    0.00    2.44    0.00    0.00    0.00   65.85

04時19分50秒  CPU    %usr   %nice    %sys %iowait    %irq   %soft  %steal  %guest  %gnice   %idle
04時19分51秒    0   30.11    0.00   23.66    0.00    0.00    5.38    0.00    0.00    0.00   40.86
04時19分51秒    1   21.25    0.00    8.75    0.00    0.00    1.25    0.00    0.00    0.00   68.75

04時19分51秒  CPU    %usr   %nice    %sys %iowait    %irq   %soft  %steal  %guest  %gnice   %idle
04時19分52秒    0   33.70    0.00   20.65    0.00    0.00    6.52    0.00    0.00    0.00   39.13
04時19分52秒    1   20.00    0.00   10.00    0.00    0.00    2.50    0.00    0.00    0.00   67.50

04時19分52秒  CPU    %usr   %nice    %sys %iowait    %irq   %soft  %steal  %guest  %gnice   %idle
04時19分53秒    0   30.77    0.00   21.98    0.00    0.00    5.49    0.00    0.00    0.00   41.76
04時19分53秒    1   20.99    0.00    9.88    0.00    0.00    1.23    0.00    0.00    0.00   67.90

04時19分53秒  CPU    %usr   %nice    %sys %iowait    %irq   %soft  %steal  %guest  %gnice   %idle
04時19分54秒    0   30.85    0.00   23.40    0.00    0.00    5.32    0.00    0.00    0.00   40.43
04時19分54秒    1   21.25    0.00    8.75    0.00    0.00    2.50    0.00    0.00    0.00   67.50

04時19分54秒  CPU    %usr   %nice    %sys %iowait    %irq   %soft  %steal  %guest  %gnice   %idle
04時19分55秒    0   32.61    0.00   20.65    0.00    0.00    5.43    0.00    0.00    0.00   41.30
04時19分55秒    1   18.75    0.00   11.25    0.00    0.00    1.25    0.00    0.00    0.00   68.75

04時19分55秒  CPU    %usr   %nice    %sys %iowait    %irq   %soft  %steal  %guest  %gnice   %idle
04時19分56秒    0   30.11    0.00   25.81    0.00    0.00    5.38    0.00    0.00    0.00   38.71
04時19分56秒    1   20.99    0.00    9.88    0.00    0.00    2.47    0.00    0.00    0.00   66.67

04時19分56秒  CPU    %usr   %nice    %sys %iowait    %irq   %soft  %steal  %guest  %gnice   %idle
04時19分57秒    0   28.57    0.00   25.27    0.00    0.00    5.49    0.00    0.00    0.00   40.66
04時19分57秒    1   21.25    0.00   10.00    0.00    0.00    1.25    0.00    0.00    0.00   67.50

04時19分57秒  CPU    %usr   %nice    %sys %iowait    %irq   %soft  %steal  %guest  %gnice   %idle
04時19分58秒    0   29.03    0.00   24.73    0.00    0.00    5.38    0.00    0.00    0.00   40.86
04時19分58秒    1   21.25    0.00    8.75    0.00    0.00    1.25    0.00    0.00    0.00   68.75

04時19分58秒  CPU    %usr   %nice    %sys %iowait    %irq   %soft  %steal  %guest  %gnice   %idle
04時19分59秒    0   30.77    0.00   24.18    0.00    0.00    5.49    0.00    0.00    0.00   39.56
04時19分59秒    1   20.99    0.00    9.88    0.00    0.00    2.47    0.00    0.00    0.00   66.67

04時19分59秒  CPU    %usr   %nice    %sys %iowait    %irq   %soft  %steal  %guest  %gnice   %idle
04時20分00秒    0   30.85    0.00   25.53    0.00    0.00    5.32    0.00    0.00    0.00   38.30
04時20分00秒    1   24.05    0.00    7.59    0.00    0.00    1.27    0.00    0.00    0.00   67.09

04時20分00秒  CPU    %usr   %nice    %sys %iowait    %irq   %soft  %steal  %guest  %gnice   %idle
04時20分01秒    0   32.26    0.00   20.43    0.00    0.00    5.38    0.00    0.00    0.00   41.94
04時20分01秒    1   19.75    0.00    8.64    0.00    0.00    2.47    0.00    0.00    0.00   69.14

04時20分01秒  CPU    %usr   %nice    %sys %iowait    %irq   %soft  %steal  %guest  %gnice   %idle
04時20分02秒    0   34.04    0.00   20.21    0.00    0.00    6.38    0.00    0.00    0.00   39.36
04時20分02秒    1   21.52    0.00    8.86    0.00    0.00    1.27    0.00    0.00    0.00   68.35

04時20分02秒  CPU    %usr   %nice    %sys %iowait    %irq   %soft  %steal  %guest  %gnice   %idle
04時20分03秒    0   30.00    0.00   25.56    0.00    0.00    5.56    0.00    0.00    0.00   38.89
04時20分03秒    1   18.75    0.00   11.25    0.00    0.00    2.50    0.00    0.00    0.00   67.50

04時20分03秒  CPU    %usr   %nice    %sys %iowait    %irq   %soft  %steal  %guest  %gnice   %idle
04時20分04秒    0   30.43    0.00   22.83    0.00    0.00    5.43    0.00    0.00    0.00   41.30
04時20分04秒    1   19.51    0.00   12.20    0.00    0.00    1.22    0.00    0.00    0.00   67.07

04時20分04秒  CPU    %usr   %nice    %sys %iowait    %irq   %soft  %steal  %guest  %gnice   %idle
04時20分05秒    0   31.91    0.00   22.34    0.00    1.06    5.32    0.00    0.00    0.00   39.36
04時20分05秒    1   22.22    0.00    7.41    0.00    0.00    2.47    0.00    0.00    0.00   67.90

04時20分05秒  CPU    %usr   %nice    %sys %iowait    %irq   %soft  %steal  %guest  %gnice   %idle
04時20分06秒    0   31.11    0.00   23.33    0.00    0.00    5.56    0.00    0.00    0.00   40.00
04時20分06秒    1   22.22    0.00    9.88    0.00    0.00    1.23    0.00    0.00    0.00   66.67

04時20分06秒  CPU    %usr   %nice    %sys %iowait    %irq   %soft  %steal  %guest  %gnice   %idle
04時20分07秒    0   33.33    0.00   22.58    0.00    0.00    5.38    0.00    0.00    0.00   38.71
04時20分07秒    1   19.23    0.00   10.26    0.00    0.00    2.56    0.00    0.00    0.00   67.95

04時20分07秒  CPU    %usr   %nice    %sys %iowait    %irq   %soft  %steal  %guest  %gnice   %idle
04時20分08秒    0   30.11    0.00   23.66    0.00    0.00    5.38    0.00    0.00    0.00   40.86
04時20分08秒    1   16.67    0.00   11.54    0.00    0.00    1.28    0.00    0.00    0.00   70.51

04時20分08秒  CPU    %usr   %nice    %sys %iowait    %irq   %soft  %steal  %guest  %gnice   %idle
04時20分09秒    0   32.98    0.00   21.28    0.00    0.00    6.38    0.00    0.00    0.00   39.36
04時20分09秒    1   21.52    0.00    8.86    0.00    0.00    1.27    0.00    0.00    0.00   68.35

04時20分09秒  CPU    %usr   %nice    %sys %iowait    %irq   %soft  %steal  %guest  %gnice   %idle
04時20分10秒    0   30.11    0.00   23.66    0.00    0.00    5.38    0.00    0.00    0.00   40.86
04時20分10秒    1   19.75    0.00    9.88    0.00    0.00    2.47    0.00    0.00    0.00   67.90

04時20分10秒  CPU    %usr   %nice    %sys %iowait    %irq   %soft  %steal  %guest  %gnice   %idle
04時20分11秒    0   30.43    0.00   23.91    0.00    0.00    5.43    0.00    0.00    0.00   40.22
04時20分11秒    1   20.00    0.00   10.00    0.00    0.00    1.25    0.00    0.00    0.00   68.75

04時20分11秒  CPU    %usr   %nice    %sys %iowait    %irq   %soft  %steal  %guest  %gnice   %idle
04時20分12秒    0   28.26    0.00   26.09    0.00    0.00    5.43    0.00    0.00    0.00   40.22
04時20分12秒    1   18.52    0.00   11.11    0.00    0.00    2.47    0.00    0.00    0.00   67.90

04時20分12秒  CPU    %usr   %nice    %sys %iowait    %irq   %soft  %steal  %guest  %gnice   %idle
04時20分13秒    0   33.33    0.00   21.51    0.00    0.00    5.38    0.00    0.00    0.00   39.78
04時20分13秒    1   21.52    0.00    8.86    0.00    0.00    1.27    0.00    0.00    0.00   68.35

04時20分13秒  CPU    %usr   %nice    %sys %iowait    %irq   %soft  %steal  %guest  %gnice   %idle
04時20分14秒    0   29.67    0.00   24.18    0.00    0.00    5.49    0.00    0.00    0.00   40.66
04時20分14秒    1   20.99    0.00    8.64    0.00    0.00    2.47    0.00    0.00    0.00   67.90

04時20分14秒  CPU    %usr   %nice    %sys %iowait    %irq   %soft  %steal  %guest  %gnice   %idle
04時20分15秒    0   29.35    0.00   26.09    0.00    0.00    5.43    0.00    0.00    0.00   39.13
04時20分15秒    1   19.23    0.00   12.82    0.00    0.00    1.28    0.00    0.00    0.00   66.67

04時20分15秒  CPU    %usr   %nice    %sys %iowait    %irq   %soft  %steal  %guest  %gnice   %idle
04時20分16秒    0   27.17    0.00   26.09    0.00    0.00    5.43    0.00    0.00    0.00   41.30
04時20分16秒    1   18.99    0.00    7.59    0.00    0.00    2.53    0.00    0.00    0.00   70.89

04時20分16秒  CPU    %usr   %nice    %sys %iowait    %irq   %soft  %steal  %guest  %gnice   %idle
04時20分17秒    0   31.18    0.00   23.66    0.00    0.00    6.45    0.00    0.00    0.00   38.71
04時20分17秒    1   20.25    0.00   10.13    0.00    0.00    1.27    0.00    0.00    0.00   68.35

04時20分17秒  CPU    %usr   %nice    %sys %iowait    %irq   %soft  %steal  %guest  %gnice   %idle
04時20分18秒    0   32.61    0.00   22.83    0.00    0.00    5.43    0.00    0.00    0.00   39.13
04時20分18秒    1   24.69    0.00    7.41    0.00    1.23    1.23    0.00    0.00    0.00   65.43

04時20分18秒  CPU    %usr   %nice    %sys %iowait    %irq   %soft  %steal  %guest  %gnice   %idle
04時20分19秒    0   32.22    0.00   22.22    0.00    0.00    5.56    0.00    0.00    0.00   40.00
04時20分19秒    1   20.99    0.00    9.88    0.00    0.00    2.47    0.00    0.00    0.00   66.67

04時20分19秒  CPU    %usr   %nice    %sys %iowait    %irq   %soft  %steal  %guest  %gnice   %idle
04時20分20秒    0   31.52    0.00   21.74    0.00    0.00    5.43    0.00    0.00    0.00   41.30
04時20分20秒    1   22.08    0.00    5.19    0.00    0.00    1.30    0.00    0.00    0.00   71.43

04時20分20秒  CPU    %usr   %nice    %sys %iowait    %irq   %soft  %steal  %guest  %gnice   %idle
04時20分21秒    0   29.03    0.00   26.88    0.00    0.00    5.38    0.00    0.00    0.00   38.71
04時20分21秒    1   21.25    0.00   10.00    0.00    0.00    2.50    0.00    0.00    0.00   66.25

04時20分21秒  CPU    %usr   %nice    %sys %iowait    %irq   %soft  %steal  %guest  %gnice   %idle
04時20分22秒    0   26.09    0.00   27.17    0.00    0.00    5.43    0.00    0.00    0.00   41.30
04時20分22秒    1   20.73    0.00   10.98    0.00    0.00    1.22    0.00    0.00    0.00   67.07

04時20分22秒  CPU    %usr   %nice    %sys %iowait    %irq   %soft  %steal  %guest  %gnice   %idle
04時20分23秒    0   35.87    0.00   17.39    0.00    0.00    5.43    0.00    0.00    0.00   41.30
04時20分23秒    1   18.29    0.00   12.20    0.00    0.00    2.44    0.00    0.00    0.00   67.07

04時20分23秒  CPU    %usr   %nice    %sys %iowait    %irq   %soft  %steal  %guest  %gnice   %idle
04時20分24秒    0   29.03    0.00   25.81    0.00    0.00    5.38    0.00    0.00    0.00   39.78
04時20分24秒    1   18.75    0.00   11.25    0.00    0.00    1.25    0.00    0.00    0.00   68.75

04時20分24秒  CPU    %usr   %nice    %sys %iowait    %irq   %soft  %steal  %guest  %gnice   %idle
04時20分25秒    0   28.57    0.00   21.98    0.00    1.10    5.49    0.00    0.00    0.00   42.86
04時20分25秒    1   19.75    0.00    9.88    0.00    0.00    2.47    0.00    0.00    0.00   67.90

04時20分25秒  CPU    %usr   %nice    %sys %iowait    %irq   %soft  %steal  %guest  %gnice   %idle
04時20分26秒    0   31.58    0.00   24.21    0.00    0.00    6.32    0.00    0.00    0.00   37.89
04時20分26秒    1   21.25    0.00   10.00    0.00    0.00    1.25    0.00    0.00    0.00   67.50

04時20分26秒  CPU    %usr   %nice    %sys %iowait    %irq   %soft  %steal  %guest  %gnice   %idle
04時20分27秒    0   33.33    0.00   24.73    0.00    0.00    5.38    0.00    0.00    0.00   36.56
04時20分27秒    1   22.50    0.00   10.00    0.00    0.00    2.50    0.00    0.00    0.00   65.00

04時20分27秒  CPU    %usr   %nice    %sys %iowait    %irq   %soft  %steal  %guest  %gnice   %idle
04時20分28秒    0   32.26    0.00   23.66    0.00    0.00    5.38    0.00    0.00    0.00   38.71
04時20分28秒    1   22.78    0.00    7.59    0.00    0.00    1.27    0.00    0.00    0.00   68.35

04時20分28秒  CPU    %usr   %nice    %sys %iowait    %irq   %soft  %steal  %guest  %gnice   %idle
04時20分29秒    0   29.35    0.00   26.09    0.00    0.00    5.43    0.00    0.00    0.00   39.13
04時20分29秒    1   20.25    0.00   10.13    0.00    0.00    1.27    0.00    0.00    0.00   68.35

04時20分29秒  CPU    %usr   %nice    %sys %iowait    %irq   %soft  %steal  %guest  %gnice   %idle
04時20分30秒    0   30.85    0.00   24.47    0.00    0.00    6.38    0.00    0.00    0.00   38.30
04時20分30秒    1   20.00    0.00   10.00    0.00    0.00    2.50    0.00    0.00    0.00   67.50

04時20分30秒  CPU    %usr   %nice    %sys %iowait    %irq   %soft  %steal  %guest  %gnice   %idle
04時20分31秒    0   33.33    0.00   21.51    0.00    0.00    5.38    0.00    0.00    0.00   39.78
04時20分31秒    1   22.78    0.00    6.33    0.00    0.00    1.27    0.00    0.00    0.00   69.62

04時20分31秒  CPU    %usr   %nice    %sys %iowait    %irq   %soft  %steal  %guest  %gnice   %idle
04時20分32秒    0   32.26    0.00   22.58    0.00    0.00    5.38    0.00    0.00    0.00   39.78
04時20分32秒    1   16.05    0.00   13.58    0.00    0.00    2.47    0.00    0.00    0.00   67.90

04時20分32秒  CPU    %usr   %nice    %sys %iowait    %irq   %soft  %steal  %guest  %gnice   %idle
04時20分33秒    0   32.22    0.00   22.22    0.00    0.00    5.56    0.00    0.00    0.00   40.00
04時20分33秒    1   16.25    0.00   13.75    0.00    1.25    1.25    0.00    0.00    0.00   67.50

04時20分33秒  CPU    %usr   %nice    %sys %iowait    %irq   %soft  %steal  %guest  %gnice   %idle
04時20分34秒    0   26.37    0.00   26.37    0.00    0.00    5.49    0.00    0.00    0.00   41.76
04時20分34秒    1   17.50    0.00   10.00    0.00    0.00    2.50    0.00    0.00    0.00   70.00

04時20分34秒  CPU    %usr   %nice    %sys %iowait    %irq   %soft  %steal  %guest  %gnice   %idle
04時20分35秒    0   32.22    0.00   21.11    0.00    0.00    5.56    0.00    0.00    0.00   41.11
04時20分35秒    1   21.25    0.00   10.00    0.00    0.00    1.25    0.00    0.00    0.00   67.50

04時20分35秒  CPU    %usr   %nice    %sys %iowait    %irq   %soft  %steal  %guest  %gnice   %idle
04時20分36秒    0   30.11    0.00   24.73    0.00    0.00    5.38    0.00    0.00    0.00   39.78
04時20分36秒    1   22.22    0.00    7.41    0.00    0.00    2.47    0.00    0.00    0.00   67.90

04時20分36秒  CPU    %usr   %nice    %sys %iowait    %irq   %soft  %steal  %guest  %gnice   %idle
04時20分37秒    0   29.03    0.00   26.88    0.00    0.00    5.38    0.00    0.00    0.00   38.71
04時20分37秒    1   18.99    0.00   12.66    0.00    0.00    1.27    0.00    0.00    0.00   67.09

04時20分37秒  CPU    %usr   %nice    %sys %iowait    %irq   %soft  %steal  %guest  %gnice   %idle
04時20分38秒    0   31.87    0.00   21.98    0.00    0.00    6.59    0.00    0.00    0.00   39.56
04時20分38秒    1   19.75    0.00   12.35    0.00    0.00    1.23    0.00    0.00    0.00   66.67

04時20分38秒  CPU    %usr   %nice    %sys %iowait    %irq   %soft  %steal  %guest  %gnice   %idle
04時20分39秒    0   30.85    0.00   25.53    0.00    0.00    5.32    0.00    0.00    0.00   38.30
04時20分39秒    1   18.75    0.00   12.50    0.00    0.00    2.50    0.00    0.00    0.00   66.25

04時20分39秒  CPU    %usr   %nice    %sys %iowait    %irq   %soft  %steal  %guest  %gnice   %idle
04時20分40秒    0   31.87    0.00   23.08    0.00    0.00    5.49    0.00    0.00    0.00   39.56
04時20分40秒    1   21.25    0.00   10.00    0.00    0.00    1.25    0.00    0.00    0.00   67.50

04時20分40秒  CPU    %usr   %nice    %sys %iowait    %irq   %soft  %steal  %guest  %gnice   %idle
04時20分41秒    0   30.43    0.00   23.91    0.00    0.00    5.43    0.00    0.00    0.00   40.22
04時20分41秒    1   18.75    0.00   11.25    0.00    0.00    2.50    0.00    0.00    0.00   67.50

04時20分41秒  CPU    %usr   %nice    %sys %iowait    %irq   %soft  %steal  %guest  %gnice   %idle
04時20分42秒    0   33.33    0.00   21.51    0.00    0.00    5.38    0.00    0.00    0.00   39.78
04時20分42秒    1   20.00    0.00   10.00    0.00    0.00    1.25    0.00    0.00    0.00   68.75

04時20分42秒  CPU    %usr   %nice    %sys %iowait    %irq   %soft  %steal  %guest  %gnice   %idle
04時20分43秒    0   26.37    0.00   25.27    0.00    0.00    5.49    0.00    0.00    0.00   42.86
04時20分43秒    1   17.50    0.00   11.25    0.00    0.00    2.50    0.00    0.00    0.00   68.75

04時20分43秒  CPU    %usr   %nice    %sys %iowait    %irq   %soft  %steal  %guest  %gnice   %idle
04時20分44秒    0   30.00    0.00   24.44    0.00    0.00    5.56    0.00    0.00    0.00   40.00
04時20分44秒    1   20.00    0.00   12.50    0.00    0.00    1.25    0.00    0.00    0.00   66.25

04時20分44秒  CPU    %usr   %nice    %sys %iowait    %irq   %soft  %steal  %guest  %gnice   %idle
04時20分45秒    0   30.85    0.00   20.21    0.00    1.06    5.32    0.00    0.00    0.00   42.55
04時20分45秒    1   18.29    0.00   10.98    0.00    0.00    2.44    0.00    0.00    0.00   68.29

04時20分45秒  CPU    %usr   %nice    %sys %iowait    %irq   %soft  %steal  %guest  %gnice   %idle
04時20分46秒    0   29.03    0.00   25.81    0.00    0.00    5.38    0.00    0.00    0.00   39.78
04時20分46秒    1   15.19    0.00   13.92    0.00    0.00    1.27    0.00    0.00    0.00   69.62

平均時間：  CPU    %usr   %nice    %sys %iowait    %irq   %soft  %steal  %guest  %gnice   %idle
平均時間：    0   31.17    0.00   23.15    0.00    0.05    5.56    0.00    0.00    0.00   40.08
平均時間：    1   20.37    0.00    9.96    0.00    0.04    1.81    0.00    0.00    0.00   67.82
