Linux 5.6.15-arch1-1 (archlinux) 	西元2020年06月29日 	_x86_64_	(12 CPU)

04時16分09秒  CPU    %usr   %nice    %sys %iowait    %irq   %soft  %steal  %guest  %gnice   %idle
04時16分10秒    0   30.85    0.00   21.28    0.00    0.00    6.38    0.00    0.00    0.00   41.49
04時16分10秒    1   20.99    0.00    9.88    0.00    0.00    2.47    0.00    0.00    0.00   66.67

04時16分10秒  CPU    %usr   %nice    %sys %iowait    %irq   %soft  %steal  %guest  %gnice   %idle
04時16分11秒    0   27.66    0.00   27.66    0.00    0.00    5.32    0.00    0.00    0.00   39.36
04時16分11秒    1   26.58    0.00    7.59    0.00    0.00    1.27    0.00    0.00    0.00   64.56

04時16分11秒  CPU    %usr   %nice    %sys %iowait    %irq   %soft  %steal  %guest  %gnice   %idle
04時16分12秒    0   30.11    0.00   22.58    0.00    0.00    5.38    0.00    0.00    0.00   41.94
04時16分12秒    1   18.29    0.00   12.20    0.00    0.00    2.44    0.00    0.00    0.00   67.07

04時16分12秒  CPU    %usr   %nice    %sys %iowait    %irq   %soft  %steal  %guest  %gnice   %idle
04時16分13秒    0   31.91    0.00   22.34    0.00    0.00    6.38    0.00    0.00    0.00   39.36
04時16分13秒    1   19.75    0.00   11.11    0.00    0.00    1.23    0.00    0.00    0.00   67.90

04時16分13秒  CPU    %usr   %nice    %sys %iowait    %irq   %soft  %steal  %guest  %gnice   %idle
04時16分14秒    0   29.03    0.00   25.81    0.00    0.00    5.38    0.00    0.00    0.00   39.78
04時16分14秒    1   18.99    0.00   11.39    0.00    0.00    2.53    0.00    0.00    0.00   67.09

04時16分14秒  CPU    %usr   %nice    %sys %iowait    %irq   %soft  %steal  %guest  %gnice   %idle
04時16分15秒    0   31.58    0.00   22.11    0.00    0.00    6.32    0.00    0.00    0.00   40.00
04時16分15秒    1   25.93    0.00    7.41    0.00    0.00    2.47    0.00    0.00    0.00   64.20

04時16分15秒  CPU    %usr   %nice    %sys %iowait    %irq   %soft  %steal  %guest  %gnice   %idle
04時16分16秒    0   30.11    0.00   23.66    0.00    0.00    5.38    0.00    0.00    0.00   40.86
04時16分16秒    1   17.50    0.00   13.75    0.00    0.00    1.25    0.00    0.00    0.00   67.50

04時16分16秒  CPU    %usr   %nice    %sys %iowait    %irq   %soft  %steal  %guest  %gnice   %idle
04時16分17秒    0   29.67    0.00   21.98    0.00    0.00    6.59    0.00    0.00    0.00   41.76
04時16分17秒    1   23.17    0.00    9.76    0.00    0.00    2.44    0.00    0.00    0.00   64.63

04時16分17秒  CPU    %usr   %nice    %sys %iowait    %irq   %soft  %steal  %guest  %gnice   %idle
04時16分18秒    0   26.09    0.00   25.00    0.00    0.00    5.43    0.00    0.00    0.00   43.48
04時16分18秒    1   20.00    0.00   10.00    0.00    1.25    1.25    0.00    0.00    0.00   67.50

04時16分18秒  CPU    %usr   %nice    %sys %iowait    %irq   %soft  %steal  %guest  %gnice   %idle
04時16分19秒    0   33.33    0.00   21.51    0.00    0.00    5.38    0.00    0.00    0.00   39.78
04時16分19秒    1   20.99    0.00    9.88    0.00    0.00    2.47    0.00    0.00    0.00   66.67

04時16分19秒  CPU    %usr   %nice    %sys %iowait    %irq   %soft  %steal  %guest  %gnice   %idle
04時16分20秒    0   29.67    0.00   20.88    0.00    1.10    6.59    0.00    0.00    0.00   41.76
04時16分20秒    1   22.50    0.00    7.50    0.00    0.00    1.25    0.00    0.00    0.00   68.75

04時16分20秒  CPU    %usr   %nice    %sys %iowait    %irq   %soft  %steal  %guest  %gnice   %idle
04時16分21秒    0   29.03    0.00   23.66    0.00    0.00    5.38    0.00    0.00    0.00   41.94
04時16分21秒    1   21.25    0.00   10.00    0.00    0.00    2.50    0.00    0.00    0.00   66.25

04時16分21秒  CPU    %usr   %nice    %sys %iowait    %irq   %soft  %steal  %guest  %gnice   %idle
04時16分22秒    0   26.88    0.00   27.96    0.00    0.00    6.45    0.00    0.00    0.00   38.71
04時16分22秒    1   20.99    0.00   11.11    0.00    0.00    2.47    0.00    0.00    0.00   65.43

04時16分22秒  CPU    %usr   %nice    %sys %iowait    %irq   %soft  %steal  %guest  %gnice   %idle
04時16分23秒    0   30.85    0.00   22.34    0.00    0.00    5.32    0.00    0.00    0.00   41.49
04時16分23秒    1   21.25    0.00   10.00    0.00    0.00    1.25    0.00    0.00    0.00   67.50

04時16分23秒  CPU    %usr   %nice    %sys %iowait    %irq   %soft  %steal  %guest  %gnice   %idle
04時16分24秒    0   27.96    0.00   24.73    0.00    0.00    6.45    0.00    0.00    0.00   40.86
04時16分24秒    1   17.50    0.00   11.25    0.00    0.00    2.50    0.00    0.00    0.00   68.75

04時16分24秒  CPU    %usr   %nice    %sys %iowait    %irq   %soft  %steal  %guest  %gnice   %idle
04時16分25秒    0   28.72    0.00   23.40    0.00    0.00    5.32    0.00    0.00    0.00   42.55
04時16分25秒    1   20.25    0.00    8.86    0.00    0.00    1.27    0.00    0.00    0.00   69.62

04時16分25秒  CPU    %usr   %nice    %sys %iowait    %irq   %soft  %steal  %guest  %gnice   %idle
04時16分26秒    0   30.11    0.00   23.66    0.00    0.00    5.38    0.00    0.00    0.00   40.86
04時16分26秒    1   20.99    0.00    9.88    0.00    0.00    2.47    0.00    0.00    0.00   66.67

04時16分26秒  CPU    %usr   %nice    %sys %iowait    %irq   %soft  %steal  %guest  %gnice   %idle
04時16分27秒    0   26.37    0.00   25.27    0.00    0.00    6.59    0.00    0.00    0.00   41.76
04時16分27秒    1   18.75    0.00   11.25    0.00    1.25    1.25    0.00    0.00    0.00   67.50

04時16分27秒  CPU    %usr   %nice    %sys %iowait    %irq   %soft  %steal  %guest  %gnice   %idle
04時16分28秒    0   28.72    0.00   25.53    0.00    0.00    5.32    0.00    0.00    0.00   40.43
04時16分28秒    1   21.95    0.00    9.76    0.00    0.00    2.44    0.00    0.00    0.00   65.85

04時16分28秒  CPU    %usr   %nice    %sys %iowait    %irq   %soft  %steal  %guest  %gnice   %idle
04時16分29秒    0   30.85    0.00   23.40    0.00    0.00    6.38    0.00    0.00    0.00   39.36
04時16分29秒    1   20.73    0.00   10.98    0.00    0.00    2.44    0.00    0.00    0.00   65.85

04時16分29秒  CPU    %usr   %nice    %sys %iowait    %irq   %soft  %steal  %guest  %gnice   %idle
04時16分30秒    0   27.17    0.00   27.17    0.00    0.00    5.43    0.00    0.00    0.00   40.22
04時16分30秒    1   20.00    0.00   11.25    0.00    0.00    1.25    0.00    0.00    0.00   67.50

04時16分30秒  CPU    %usr   %nice    %sys %iowait    %irq   %soft  %steal  %guest  %gnice   %idle
04時16分31秒    0   26.09    0.00   25.00    0.00    0.00    6.52    0.00    0.00    0.00   42.39
04時16分31秒    1   20.99    0.00    9.88    0.00    0.00    2.47    0.00    0.00    0.00   66.67

04時16分31秒  CPU    %usr   %nice    %sys %iowait    %irq   %soft  %steal  %guest  %gnice   %idle
04時16分32秒    0   29.79    0.00   23.40    0.00    0.00    5.32    0.00    0.00    0.00   41.49
04時16分32秒    1   21.79    0.00    7.69    0.00    0.00    1.28    0.00    0.00    0.00   69.23

04時16分32秒  CPU    %usr   %nice    %sys %iowait    %irq   %soft  %steal  %guest  %gnice   %idle
04時16分33秒    0   29.79    0.00   24.47    0.00    0.00    6.38    0.00    0.00    0.00   39.36
04時16分33秒    1   22.22    0.00    8.64    0.00    0.00    2.47    0.00    0.00    0.00   66.67

04時16分33秒  CPU    %usr   %nice    %sys %iowait    %irq   %soft  %steal  %guest  %gnice   %idle
04時16分34秒    0   31.18    0.00   22.58    0.00    0.00    5.38    0.00    0.00    0.00   40.86
04時16分34秒    1   21.25    0.00    8.75    0.00    0.00    2.50    0.00    0.00    0.00   67.50

04時16分34秒  CPU    %usr   %nice    %sys %iowait    %irq   %soft  %steal  %guest  %gnice   %idle
04時16分35秒    0   32.26    0.00   21.51    0.00    0.00    6.45    0.00    0.00    0.00   39.78
04時16分35秒    1   20.99    0.00   12.35    0.00    0.00    1.23    0.00    0.00    0.00   65.43

04時16分35秒  CPU    %usr   %nice    %sys %iowait    %irq   %soft  %steal  %guest  %gnice   %idle
04時16分36秒    0   27.47    0.00   24.18    0.00    0.00    5.49    0.00    0.00    0.00   42.86
04時16分36秒    1   16.46    0.00   11.39    0.00    0.00    2.53    0.00    0.00    0.00   69.62

04時16分36秒  CPU    %usr   %nice    %sys %iowait    %irq   %soft  %steal  %guest  %gnice   %idle
04時16分37秒    0   32.61    0.00   20.65    0.00    0.00    6.52    0.00    0.00    0.00   40.22
04時16分37秒    1   21.52    0.00   10.13    0.00    0.00    1.27    0.00    0.00    0.00   67.09

04時16分37秒  CPU    %usr   %nice    %sys %iowait    %irq   %soft  %steal  %guest  %gnice   %idle
04時16分38秒    0   30.43    0.00   21.74    0.00    0.00    5.43    0.00    0.00    0.00   42.39
04時16分38秒    1   20.48    0.00   10.84    0.00    0.00    2.41    0.00    0.00    0.00   66.27

04時16分38秒  CPU    %usr   %nice    %sys %iowait    %irq   %soft  %steal  %guest  %gnice   %idle
04時16分39秒    0   30.43    0.00   23.91    0.00    0.00    5.43    0.00    0.00    0.00   40.22
04時16分39秒    1   21.25    0.00   11.25    0.00    0.00    1.25    0.00    0.00    0.00   66.25

04時16分39秒  CPU    %usr   %nice    %sys %iowait    %irq   %soft  %steal  %guest  %gnice   %idle
04時16分40秒    0   30.85    0.00   21.28    0.00    1.06    6.38    0.00    0.00    0.00   40.43
04時16分40秒    1   24.39    0.00    7.32    0.00    0.00    2.44    0.00    0.00    0.00   65.85

04時16分40秒  CPU    %usr   %nice    %sys %iowait    %irq   %soft  %steal  %guest  %gnice   %idle
04時16分41秒    0   28.72    0.00   27.66    0.00    0.00    5.32    0.00    0.00    0.00   38.30
04時16分41秒    1   19.51    0.00   12.20    0.00    0.00    2.44    0.00    0.00    0.00   65.85

04時16分41秒  CPU    %usr   %nice    %sys %iowait    %irq   %soft  %steal  %guest  %gnice   %idle
04時16分42秒    0   32.26    0.00   19.35    0.00    0.00    6.45    0.00    0.00    0.00   41.94
04時16分42秒    1   20.99    0.00   11.11    0.00    0.00    1.23    0.00    0.00    0.00   66.67

04時16分42秒  CPU    %usr   %nice    %sys %iowait    %irq   %soft  %steal  %guest  %gnice   %idle
04時16分43秒    0   31.52    0.00   20.65    0.00    0.00    5.43    0.00    0.00    0.00   42.39
04時16分43秒    1   17.28    0.00   12.35    0.00    0.00    2.47    0.00    0.00    0.00   67.90

04時16分43秒  CPU    %usr   %nice    %sys %iowait    %irq   %soft  %steal  %guest  %gnice   %idle
04時16分44秒    0   29.03    0.00   24.73    0.00    0.00    6.45    0.00    0.00    0.00   39.78
04時16分44秒    1   21.52    0.00   10.13    0.00    0.00    1.27    0.00    0.00    0.00   67.09

04時16分44秒  CPU    %usr   %nice    %sys %iowait    %irq   %soft  %steal  %guest  %gnice   %idle
04時16分45秒    0   32.26    0.00   21.51    0.00    0.00    5.38    0.00    0.00    0.00   40.86
04時16分45秒    1   20.99    0.00    8.64    0.00    0.00    2.47    0.00    0.00    0.00   67.90

04時16分45秒  CPU    %usr   %nice    %sys %iowait    %irq   %soft  %steal  %guest  %gnice   %idle
04時16分46秒    0   31.18    0.00   20.43    0.00    0.00    6.45    0.00    0.00    0.00   41.94
04時16分46秒    1   20.99    0.00   11.11    0.00    0.00    1.23    0.00    0.00    0.00   66.67

04時16分46秒  CPU    %usr   %nice    %sys %iowait    %irq   %soft  %steal  %guest  %gnice   %idle
04時16分47秒    0   30.85    0.00   21.28    0.00    0.00    5.32    0.00    0.00    0.00   42.55
04時16分47秒    1   23.17    0.00    9.76    0.00    0.00    2.44    0.00    0.00    0.00   64.63

04時16分47秒  CPU    %usr   %nice    %sys %iowait    %irq   %soft  %steal  %guest  %gnice   %idle
04時16分48秒    0   27.17    0.00   22.83    0.00    0.00    5.43    0.00    0.00    0.00   44.57
04時16分48秒    1   20.48    0.00    9.64    0.00    0.00    1.20    0.00    0.00    0.00   68.67

04時16分48秒  CPU    %usr   %nice    %sys %iowait    %irq   %soft  %steal  %guest  %gnice   %idle
04時16分49秒    0   30.11    0.00   23.66    0.00    0.00    5.38    0.00    0.00    0.00   40.86
04時16分49秒    1   20.00    0.00   11.25    0.00    0.00    2.50    0.00    0.00    0.00   66.25

04時16分49秒  CPU    %usr   %nice    %sys %iowait    %irq   %soft  %steal  %guest  %gnice   %idle
04時16分50秒    0   26.60    0.00   26.60    0.00    0.00    6.38    0.00    0.00    0.00   40.43
04時16分50秒    1   21.95    0.00    9.76    0.00    0.00    2.44    0.00    0.00    0.00   65.85

04時16分50秒  CPU    %usr   %nice    %sys %iowait    %irq   %soft  %steal  %guest  %gnice   %idle
04時16分51秒    0   28.72    0.00   23.40    0.00    0.00    5.32    0.00    0.00    0.00   42.55
04時16分51秒    1   18.75    0.00   10.00    0.00    0.00    1.25    0.00    0.00    0.00   70.00

04時16分51秒  CPU    %usr   %nice    %sys %iowait    %irq   %soft  %steal  %guest  %gnice   %idle
04時16分52秒    0   30.43    0.00   23.91    0.00    0.00    6.52    0.00    0.00    0.00   39.13
04時16分52秒    1   21.25    0.00   10.00    0.00    0.00    2.50    0.00    0.00    0.00   66.25

04時16分52秒  CPU    %usr   %nice    %sys %iowait    %irq   %soft  %steal  %guest  %gnice   %idle
04時16分53秒    0   29.35    0.00   22.83    0.00    0.00    5.43    0.00    0.00    0.00   42.39
04時16分53秒    1   19.23    0.00    8.97    0.00    0.00    1.28    0.00    0.00    0.00   70.51

04時16分53秒  CPU    %usr   %nice    %sys %iowait    %irq   %soft  %steal  %guest  %gnice   %idle
04時16分54秒    0   34.07    0.00   18.68    0.00    0.00    5.49    0.00    0.00    0.00   41.76
04時16分54秒    1   23.17    0.00    8.54    0.00    0.00    2.44    0.00    0.00    0.00   65.85

04時16分54秒  CPU    %usr   %nice    %sys %iowait    %irq   %soft  %steal  %guest  %gnice   %idle
04時16分55秒    0   28.42    0.00   24.21    0.00    0.00    6.32    0.00    0.00    0.00   41.05
04時16分55秒    1   20.99    0.00    9.88    0.00    0.00    1.23    0.00    0.00    0.00   67.90

04時16分55秒  CPU    %usr   %nice    %sys %iowait    %irq   %soft  %steal  %guest  %gnice   %idle
04時16分56秒    0   29.35    0.00   23.91    0.00    0.00    5.43    0.00    0.00    0.00   41.30
04時16分56秒    1   19.75    0.00   11.11    0.00    0.00    2.47    0.00    0.00    0.00   66.67

04時16分56秒  CPU    %usr   %nice    %sys %iowait    %irq   %soft  %steal  %guest  %gnice   %idle
04時16分57秒    0   32.26    0.00   21.51    0.00    0.00    6.45    0.00    0.00    0.00   39.78
04時16分57秒    1   18.52    0.00   12.35    0.00    0.00    2.47    0.00    0.00    0.00   66.67

04時16分57秒  CPU    %usr   %nice    %sys %iowait    %irq   %soft  %steal  %guest  %gnice   %idle
04時16分58秒    0   30.11    0.00   23.66    0.00    0.00    5.38    0.00    0.00    0.00   40.86
04時16分58秒    1   20.25    0.00   10.13    0.00    0.00    1.27    0.00    0.00    0.00   68.35

04時16分58秒  CPU    %usr   %nice    %sys %iowait    %irq   %soft  %steal  %guest  %gnice   %idle
04時16分59秒    0   30.43    0.00   21.74    0.00    0.00    6.52    0.00    0.00    0.00   41.30
04時16分59秒    1   26.51    0.00    7.23    0.00    0.00    2.41    0.00    0.00    0.00   63.86

04時16分59秒  CPU    %usr   %nice    %sys %iowait    %irq   %soft  %steal  %guest  %gnice   %idle
04時17分00秒    0   29.35    0.00   22.83    0.00    1.09    5.43    0.00    0.00    0.00   41.30
04時17分00秒    1   20.51    0.00    8.97    0.00    0.00    1.28    0.00    0.00    0.00   69.23

04時17分00秒  CPU    %usr   %nice    %sys %iowait    %irq   %soft  %steal  %guest  %gnice   %idle
04時17分01秒    0   28.72    0.00   24.47    0.00    0.00    6.38    0.00    0.00    0.00   40.43
04時17分01秒    1   19.75    0.00   11.11    0.00    0.00    2.47    0.00    0.00    0.00   66.67

04時17分01秒  CPU    %usr   %nice    %sys %iowait    %irq   %soft  %steal  %guest  %gnice   %idle
04時17分02秒    0   31.18    0.00   21.51    0.00    0.00    5.38    0.00    0.00    0.00   41.94
04時17分02秒    1   21.79    0.00    7.69    0.00    0.00    1.28    0.00    0.00    0.00   69.23

04時17分02秒  CPU    %usr   %nice    %sys %iowait    %irq   %soft  %steal  %guest  %gnice   %idle
04時17分03秒    0   30.11    0.00   22.58    0.00    0.00    5.38    0.00    0.00    0.00   41.94
04時17分03秒    1   20.73    0.00    9.76    0.00    0.00    2.44    0.00    0.00    0.00   67.07

04時17分03秒  CPU    %usr   %nice    %sys %iowait    %irq   %soft  %steal  %guest  %gnice   %idle
04時17分04秒    0   30.11    0.00   22.58    0.00    0.00    6.45    0.00    0.00    0.00   40.86
04時17分04秒    1   21.52    0.00    8.86    0.00    0.00    2.53    0.00    0.00    0.00   67.09

04時17分04秒  CPU    %usr   %nice    %sys %iowait    %irq   %soft  %steal  %guest  %gnice   %idle
04時17分05秒    0   32.61    0.00   21.74    0.00    0.00    5.43    0.00    0.00    0.00   40.22
04時17分05秒    1   20.25    0.00   10.13    0.00    0.00    1.27    0.00    0.00    0.00   68.35

04時17分05秒  CPU    %usr   %nice    %sys %iowait    %irq   %soft  %steal  %guest  %gnice   %idle
04時17分06秒    0   29.90    0.00   22.68    0.00    0.00    6.19    0.00    0.00    0.00   41.24
04時17分06秒    1   18.75    0.00    8.75    0.00    1.25    2.50    0.00    0.00    0.00   68.75

04時17分06秒  CPU    %usr   %nice    %sys %iowait    %irq   %soft  %steal  %guest  %gnice   %idle
04時17分07秒    0   31.87    0.00   20.88    0.00    0.00    5.49    0.00    0.00    0.00   41.76
04時17分07秒    1   20.25    0.00   10.13    0.00    0.00    1.27    0.00    0.00    0.00   68.35

04時17分07秒  CPU    %usr   %nice    %sys %iowait    %irq   %soft  %steal  %guest  %gnice   %idle
04時17分08秒    0   26.88    0.00   25.81    0.00    0.00    5.38    0.00    0.00    0.00   41.94
04時17分08秒    1   20.00    0.00    8.75    0.00    0.00    2.50    0.00    0.00    0.00   68.75

04時17分08秒  CPU    %usr   %nice    %sys %iowait    %irq   %soft  %steal  %guest  %gnice   %idle
04時17分09秒    0   30.53    0.00   23.16    0.00    0.00    6.32    0.00    0.00    0.00   40.00
04時17分09秒    1   22.89    0.00   10.84    0.00    0.00    2.41    0.00    0.00    0.00   63.86

04時17分09秒  CPU    %usr   %nice    %sys %iowait    %irq   %soft  %steal  %guest  %gnice   %idle
04時17分10秒    0   27.47    0.00   26.37    0.00    0.00    5.49    0.00    0.00    0.00   40.66
04時17分10秒    1   21.79    0.00    7.69    0.00    0.00    1.28    0.00    0.00    0.00   69.23

04時17分10秒  CPU    %usr   %nice    %sys %iowait    %irq   %soft  %steal  %guest  %gnice   %idle
04時17分11秒    0   31.58    0.00   21.05    0.00    0.00    6.32    0.00    0.00    0.00   41.05
04時17分11秒    1   17.50    0.00   12.50    0.00    0.00    2.50    0.00    0.00    0.00   67.50

04時17分11秒  CPU    %usr   %nice    %sys %iowait    %irq   %soft  %steal  %guest  %gnice   %idle
04時17分12秒    0   31.11    0.00   22.22    0.00    0.00    5.56    0.00    0.00    0.00   41.11
04時17分12秒    1   23.46    0.00    8.64    0.00    0.00    1.23    0.00    0.00    0.00   66.67

04時17分12秒  CPU    %usr   %nice    %sys %iowait    %irq   %soft  %steal  %guest  %gnice   %idle
04時17分13秒    0   29.47    0.00   22.11    0.00    0.00    6.32    0.00    0.00    0.00   42.11
04時17分13秒    1   20.51    0.00    7.69    0.00    0.00    2.56    0.00    0.00    0.00   69.23

04時17分13秒  CPU    %usr   %nice    %sys %iowait    %irq   %soft  %steal  %guest  %gnice   %idle
04時17分14秒    0   31.91    0.00   21.28    0.00    0.00    5.32    0.00    0.00    0.00   41.49
04時17分14秒    1   18.75    0.00   11.25    0.00    0.00    1.25    0.00    0.00    0.00   68.75

04時17分14秒  CPU    %usr   %nice    %sys %iowait    %irq   %soft  %steal  %guest  %gnice   %idle
04時17分15秒    0   29.03    0.00   23.66    0.00    0.00    6.45    0.00    0.00    0.00   40.86
04時17分15秒    1   25.61    0.00    8.54    0.00    0.00    2.44    0.00    0.00    0.00   63.41

04時17分15秒  CPU    %usr   %nice    %sys %iowait    %irq   %soft  %steal  %guest  %gnice   %idle
04時17分16秒    0   27.96    0.00   23.66    0.00    0.00    5.38    0.00    0.00    0.00   43.01
04時17分16秒    1   20.99    0.00    9.88    0.00    0.00    1.23    0.00    0.00    0.00   67.90

04時17分16秒  CPU    %usr   %nice    %sys %iowait    %irq   %soft  %steal  %guest  %gnice   %idle
04時17分17秒    0   29.03    0.00   21.51    0.00    0.00    5.38    0.00    0.00    0.00   44.09
04時17分17秒    1   18.07    0.00   12.05    0.00    0.00    2.41    0.00    0.00    0.00   67.47

04時17分17秒  CPU    %usr   %nice    %sys %iowait    %irq   %soft  %steal  %guest  %gnice   %idle
04時17分18秒    0   30.11    0.00   24.73    0.00    0.00    6.45    0.00    0.00    0.00   38.71
04時17分18秒    1   18.99    0.00   12.66    0.00    0.00    2.53    0.00    0.00    0.00   65.82

04時17分18秒  CPU    %usr   %nice    %sys %iowait    %irq   %soft  %steal  %guest  %gnice   %idle
04時17分19秒    0   30.43    0.00   20.65    0.00    0.00    5.43    0.00    0.00    0.00   43.48
04時17分19秒    1   20.99    0.00    7.41    0.00    0.00    1.23    0.00    0.00    0.00   70.37

04時17分19秒  CPU    %usr   %nice    %sys %iowait    %irq   %soft  %steal  %guest  %gnice   %idle
04時17分20秒    0   31.18    0.00   20.43    0.00    0.00    5.38    0.00    0.00    0.00   43.01
04時17分20秒    1   19.75    0.00   11.11    0.00    0.00    2.47    0.00    0.00    0.00   66.67

04時17分20秒  CPU    %usr   %nice    %sys %iowait    %irq   %soft  %steal  %guest  %gnice   %idle
04時17分21秒    0   29.79    0.00   25.53    0.00    1.06    6.38    0.00    0.00    0.00   37.23
04時17分21秒    1   18.99    0.00   12.66    0.00    0.00    1.27    0.00    0.00    0.00   67.09

04時17分21秒  CPU    %usr   %nice    %sys %iowait    %irq   %soft  %steal  %guest  %gnice   %idle
04時17分22秒    0   27.96    0.00   24.73    0.00    0.00    5.38    0.00    0.00    0.00   41.94
04時17分22秒    1   21.69    0.00    9.64    0.00    0.00    2.41    0.00    0.00    0.00   66.27

04時17分22秒  CPU    %usr   %nice    %sys %iowait    %irq   %soft  %steal  %guest  %gnice   %idle
04時17分23秒    0   30.11    0.00   22.58    0.00    0.00    6.45    0.00    0.00    0.00   40.86
04時17分23秒    1   20.00    0.00   12.50    0.00    0.00    1.25    0.00    0.00    0.00   66.25

04時17分23秒  CPU    %usr   %nice    %sys %iowait    %irq   %soft  %steal  %guest  %gnice   %idle
04時17分24秒    0   33.70    0.00   20.65    0.00    0.00    5.43    0.00    0.00    0.00   40.22
04時17分24秒    1   18.99    0.00   11.39    0.00    0.00    2.53    0.00    0.00    0.00   67.09

04時17分24秒  CPU    %usr   %nice    %sys %iowait    %irq   %soft  %steal  %guest  %gnice   %idle
04時17分25秒    0   29.03    0.00   23.66    0.00    0.00    6.45    0.00    0.00    0.00   40.86
04時17分25秒    1   20.73    0.00   10.98    0.00    0.00    2.44    0.00    0.00    0.00   65.85

04時17分25秒  CPU    %usr   %nice    %sys %iowait    %irq   %soft  %steal  %guest  %gnice   %idle
04時17分26秒    0   30.11    0.00   23.66    0.00    0.00    5.38    0.00    0.00    0.00   40.86
04時17分26秒    1   23.17    0.00    9.76    0.00    0.00    1.22    0.00    0.00    0.00   65.85

04時17分26秒  CPU    %usr   %nice    %sys %iowait    %irq   %soft  %steal  %guest  %gnice   %idle
04時17分27秒    0   29.03    0.00   25.81    0.00    0.00    6.45    0.00    0.00    0.00   38.71
04時17分27秒    1   22.78    0.00   10.13    0.00    0.00    2.53    0.00    0.00    0.00   64.56

04時17分27秒  CPU    %usr   %nice    %sys %iowait    %irq   %soft  %steal  %guest  %gnice   %idle
04時17分28秒    0   33.68    0.00   21.05    0.00    0.00    5.26    0.00    0.00    0.00   40.00
04時17分28秒    1   20.99    0.00   12.35    0.00    0.00    1.23    0.00    0.00    0.00   65.43

04時17分28秒  CPU    %usr   %nice    %sys %iowait    %irq   %soft  %steal  %guest  %gnice   %idle
04時17分29秒    0   30.00    0.00   21.11    0.00    0.00    5.56    0.00    0.00    0.00   43.33
04時17分29秒    1   15.38    0.00   11.54    0.00    0.00    2.56    0.00    0.00    0.00   70.51

04時17分29秒  CPU    %usr   %nice    %sys %iowait    %irq   %soft  %steal  %guest  %gnice   %idle
04時17分30秒    0   26.60    0.00   24.47    0.00    0.00    6.38    0.00    0.00    0.00   42.55
04時17分30秒    1   21.69    0.00    8.43    0.00    0.00    2.41    0.00    0.00    0.00   67.47

04時17分30秒  CPU    %usr   %nice    %sys %iowait    %irq   %soft  %steal  %guest  %gnice   %idle
04時17分31秒    0   35.87    0.00   19.57    0.00    0.00    5.43    0.00    0.00    0.00   39.13
04時17分31秒    1   24.05    0.00    7.59    0.00    0.00    1.27    0.00    0.00    0.00   67.09

04時17分31秒  CPU    %usr   %nice    %sys %iowait    %irq   %soft  %steal  %guest  %gnice   %idle
04時17分32秒    0   29.79    0.00   23.40    0.00    0.00    6.38    0.00    0.00    0.00   40.43
04時17分32秒    1   18.52    0.00   12.35    0.00    0.00    2.47    0.00    0.00    0.00   66.67

04時17分32秒  CPU    %usr   %nice    %sys %iowait    %irq   %soft  %steal  %guest  %gnice   %idle
04時17分33秒    0   29.03    0.00   25.81    0.00    0.00    5.38    0.00    0.00    0.00   39.78
04時17分33秒    1   18.99    0.00   10.13    0.00    0.00    1.27    0.00    0.00    0.00   69.62

04時17分33秒  CPU    %usr   %nice    %sys %iowait    %irq   %soft  %steal  %guest  %gnice   %idle
04時17分34秒    0   28.72    0.00   25.53    0.00    0.00    5.32    0.00    0.00    0.00   40.43
04時17分34秒    1   19.75    0.00   11.11    0.00    0.00    2.47    0.00    0.00    0.00   66.67

04時17分34秒  CPU    %usr   %nice    %sys %iowait    %irq   %soft  %steal  %guest  %gnice   %idle
04時17分35秒    0   29.67    0.00   19.78    0.00    0.00    6.59    0.00    0.00    0.00   43.96
04時17分35秒    1   18.99    0.00   10.13    0.00    0.00    1.27    0.00    0.00    0.00   69.62

04時17分35秒  CPU    %usr   %nice    %sys %iowait    %irq   %soft  %steal  %guest  %gnice   %idle
04時17分36秒    0   31.18    0.00   21.51    0.00    0.00    5.38    0.00    0.00    0.00   41.94
04時17分36秒    1   20.73    0.00    9.76    0.00    0.00    2.44    0.00    0.00    0.00   67.07

04時17分36秒  CPU    %usr   %nice    %sys %iowait    %irq   %soft  %steal  %guest  %gnice   %idle
04時17分37秒    0   31.58    0.00   21.05    0.00    0.00    6.32    0.00    0.00    0.00   41.05
04時17分37秒    1   17.28    0.00   12.35    0.00    0.00    2.47    0.00    0.00    0.00   67.90

04時17分37秒  CPU    %usr   %nice    %sys %iowait    %irq   %soft  %steal  %guest  %gnice   %idle
04時17分38秒    0   28.26    0.00   23.91    0.00    0.00    5.43    0.00    0.00    0.00   42.39
04時17分38秒    1   18.99    0.00   11.39    0.00    0.00    1.27    0.00    0.00    0.00   68.35

04時17分38秒  CPU    %usr   %nice    %sys %iowait    %irq   %soft  %steal  %guest  %gnice   %idle
04時17分39秒    0   32.26    0.00   22.58    0.00    0.00    5.38    0.00    0.00    0.00   39.78
04時17分39秒    1   22.50    0.00    8.75    0.00    0.00    2.50    0.00    0.00    0.00   66.25

04時17分39秒  CPU    %usr   %nice    %sys %iowait    %irq   %soft  %steal  %guest  %gnice   %idle
04時17分40秒    0   28.72    0.00   23.40    0.00    0.00    6.38    0.00    0.00    0.00   41.49
04時17分40秒    1   21.25    0.00    8.75    0.00    0.00    1.25    0.00    0.00    0.00   68.75

04時17分40秒  CPU    %usr   %nice    %sys %iowait    %irq   %soft  %steal  %guest  %gnice   %idle
04時17分41秒    0   33.68    0.00   21.05    0.00    1.05    5.26    0.00    0.00    0.00   38.95
04時17分41秒    1   22.89    0.00    8.43    0.00    0.00    2.41    0.00    0.00    0.00   66.27

04時17分41秒  CPU    %usr   %nice    %sys %iowait    %irq   %soft  %steal  %guest  %gnice   %idle
04時17分42秒    0   29.67    0.00   21.98    0.00    0.00    6.59    0.00    0.00    0.00   41.76
04時17分42秒    1   22.37    0.00    6.58    0.00    0.00    1.32    0.00    0.00    0.00   69.74

04時17分42秒  CPU    %usr   %nice    %sys %iowait    %irq   %soft  %steal  %guest  %gnice   %idle
04時17分43秒    0   30.43    0.00   21.74    0.00    0.00    5.43    0.00    0.00    0.00   42.39
04時17分43秒    1   21.69    0.00    9.64    0.00    0.00    2.41    0.00    0.00    0.00   66.27

04時17分43秒  CPU    %usr   %nice    %sys %iowait    %irq   %soft  %steal  %guest  %gnice   %idle
04時17分44秒    0   30.11    0.00   24.73    0.00    0.00    5.38    0.00    0.00    0.00   39.78
04時17分44秒    1   23.46    0.00    7.41    0.00    1.23    2.47    0.00    0.00    0.00   65.43

04時17分44秒  CPU    %usr   %nice    %sys %iowait    %irq   %soft  %steal  %guest  %gnice   %idle
04時17分45秒    0   30.11    0.00   22.58    0.00    0.00    6.45    0.00    0.00    0.00   40.86
04時17分45秒    1   19.23    0.00   10.26    0.00    0.00    1.28    0.00    0.00    0.00   69.23

04時17分45秒  CPU    %usr   %nice    %sys %iowait    %irq   %soft  %steal  %guest  %gnice   %idle
04時17分46秒    0   32.26    0.00   21.51    0.00    0.00    5.38    0.00    0.00    0.00   40.86
04時17分46秒    1   18.75    0.00   11.25    0.00    0.00    2.50    0.00    0.00    0.00   67.50

04時17分46秒  CPU    %usr   %nice    %sys %iowait    %irq   %soft  %steal  %guest  %gnice   %idle
04時17分47秒    0   32.26    0.00   21.51    0.00    0.00    6.45    0.00    0.00    0.00   39.78
04時17分47秒    1   21.52    0.00   10.13    0.00    0.00    1.27    0.00    0.00    0.00   67.09

04時17分47秒  CPU    %usr   %nice    %sys %iowait    %irq   %soft  %steal  %guest  %gnice   %idle
04時17分48秒    0   27.47    0.00   25.27    0.00    0.00    6.59    0.00    0.00    0.00   40.66
04時17分48秒    1   21.52    0.00    7.59    0.00    0.00    2.53    0.00    0.00    0.00   68.35

04時17分48秒  CPU    %usr   %nice    %sys %iowait    %irq   %soft  %steal  %guest  %gnice   %idle
04時17分49秒    0   31.11    0.00   21.11    1.11    0.00    5.56    0.00    0.00    0.00   41.11
04時17分49秒    1   22.50    0.00    7.50    0.00    0.00    2.50    0.00    0.00    0.00   67.50

04時17分49秒  CPU    %usr   %nice    %sys %iowait    %irq   %soft  %steal  %guest  %gnice   %idle
04時17分50秒    0   29.79    0.00   21.28    0.00    0.00    5.32    0.00    0.00    0.00   43.62
04時17分50秒    1   22.50    0.00    7.50    0.00    0.00    1.25    0.00    0.00    0.00   68.75

04時17分50秒  CPU    %usr   %nice    %sys %iowait    %irq   %soft  %steal  %guest  %gnice   %idle
04時17分51秒    0   31.91    0.00   21.28    0.00    0.00    6.38    0.00    0.00    0.00   40.43
04時17分51秒    1   19.51    0.00   12.20    0.00    0.00    2.44    0.00    0.00    0.00   65.85

04時17分51秒  CPU    %usr   %nice    %sys %iowait    %irq   %soft  %steal  %guest  %gnice   %idle
04時17分52秒    0   32.98    0.00   20.21    0.00    0.00    5.32    0.00    0.00    0.00   41.49
04時17分52秒    1   20.00    0.00   10.00    0.00    0.00    1.25    0.00    0.00    0.00   68.75

04時17分52秒  CPU    %usr   %nice    %sys %iowait    %irq   %soft  %steal  %guest  %gnice   %idle
04時17分53秒    0   30.43    0.00   22.83    0.00    0.00    5.43    0.00    0.00    0.00   41.30
04時17分53秒    1   18.99    0.00   10.13    0.00    0.00    2.53    0.00    0.00    0.00   68.35

04時17分53秒  CPU    %usr   %nice    %sys %iowait    %irq   %soft  %steal  %guest  %gnice   %idle
04時17分54秒    0   30.21    0.00   23.96    0.00    0.00    6.25    0.00    0.00    0.00   39.58
04時17分54秒    1   20.00    0.00   11.25    0.00    0.00    1.25    0.00    0.00    0.00   67.50

04時17分54秒  CPU    %usr   %nice    %sys %iowait    %irq   %soft  %steal  %guest  %gnice   %idle
04時17分55秒    0   29.79    0.00   24.47    0.00    0.00    5.32    0.00    0.00    0.00   40.43
04時17分55秒    1   22.50    0.00    8.75    0.00    0.00    2.50    0.00    0.00    0.00   66.25

04時17分55秒  CPU    %usr   %nice    %sys %iowait    %irq   %soft  %steal  %guest  %gnice   %idle
04時17分56秒    0   31.18    0.00   22.58    0.00    0.00    6.45    0.00    0.00    0.00   39.78
04時17分56秒    1   20.99    0.00   11.11    0.00    0.00    2.47    0.00    0.00    0.00   65.43

04時17分56秒  CPU    %usr   %nice    %sys %iowait    %irq   %soft  %steal  %guest  %gnice   %idle
04時17分57秒    0   32.26    0.00   21.51    0.00    0.00    5.38    0.00    0.00    0.00   40.86
04時17分57秒    1   19.23    0.00    8.97    0.00    0.00    1.28    0.00    0.00    0.00   70.51

04時17分57秒  CPU    %usr   %nice    %sys %iowait    %irq   %soft  %steal  %guest  %gnice   %idle
04時17分58秒    0   30.11    0.00   21.51    0.00    0.00    6.45    0.00    0.00    0.00   41.94
04時17分58秒    1   18.29    0.00   12.20    0.00    0.00    2.44    0.00    0.00    0.00   67.07

04時17分58秒  CPU    %usr   %nice    %sys %iowait    %irq   %soft  %steal  %guest  %gnice   %idle
04時17分59秒    0   30.85    0.00   23.40    0.00    0.00    5.32    0.00    0.00    0.00   40.43
04時17分59秒    1   25.32    0.00    7.59    0.00    0.00    1.27    0.00    0.00    0.00   65.82

04時17分59秒  CPU    %usr   %nice    %sys %iowait    %irq   %soft  %steal  %guest  %gnice   %idle
04時18分00秒    0   29.03    0.00   22.58    0.00    0.00    5.38    0.00    0.00    0.00   43.01
04時18分00秒    1   14.81    0.00   14.81    0.00    0.00    2.47    0.00    0.00    0.00   67.90

04時18分00秒  CPU    %usr   %nice    %sys %iowait    %irq   %soft  %steal  %guest  %gnice   %idle
04時18分01秒    0   34.04    0.00   18.09    0.00    1.06    6.38    0.00    0.00    0.00   40.43
04時18分01秒    1   20.00    0.00   11.25    0.00    0.00    1.25    0.00    0.00    0.00   67.50

04時18分01秒  CPU    %usr   %nice    %sys %iowait    %irq   %soft  %steal  %guest  %gnice   %idle
04時18分02秒    0   35.48    0.00   17.20    0.00    0.00    5.38    0.00    0.00    0.00   41.94
04時18分02秒    1   20.99    0.00    8.64    0.00    0.00    2.47    0.00    0.00    0.00   67.90

04時18分02秒  CPU    %usr   %nice    %sys %iowait    %irq   %soft  %steal  %guest  %gnice   %idle
04時18分03秒    0   31.18    0.00   23.66    0.00    0.00    6.45    0.00    0.00    0.00   38.71
04時18分03秒    1   18.99    0.00   11.39    0.00    0.00    1.27    0.00    0.00    0.00   68.35

04時18分03秒  CPU    %usr   %nice    %sys %iowait    %irq   %soft  %steal  %guest  %gnice   %idle
04時18分04秒    0   31.58    0.00   23.16    0.00    0.00    5.26    0.00    0.00    0.00   40.00
04時18分04秒    1   20.99    0.00   11.11    0.00    0.00    2.47    0.00    0.00    0.00   65.43

04時18分04秒  CPU    %usr   %nice    %sys %iowait    %irq   %soft  %steal  %guest  %gnice   %idle
04時18分05秒    0   30.43    0.00   25.00    0.00    0.00    6.52    0.00    0.00    0.00   38.04
04時18分05秒    1   20.00    0.00   10.00    0.00    0.00    2.50    0.00    0.00    0.00   67.50

04時18分05秒  CPU    %usr   %nice    %sys %iowait    %irq   %soft  %steal  %guest  %gnice   %idle
04時18分06秒    0   29.35    0.00   23.91    0.00    0.00    5.43    0.00    0.00    0.00   41.30
04時18分06秒    1   16.88    0.00   12.99    0.00    0.00    1.30    0.00    0.00    0.00   68.83

04時18分06秒  CPU    %usr   %nice    %sys %iowait    %irq   %soft  %steal  %guest  %gnice   %idle
04時18分07秒    0   28.26    0.00   22.83    0.00    0.00    6.52    0.00    0.00    0.00   42.39
04時18分07秒    1   20.73    0.00    9.76    0.00    0.00    2.44    0.00    0.00    0.00   67.07

04時18分07秒  CPU    %usr   %nice    %sys %iowait    %irq   %soft  %steal  %guest  %gnice   %idle
04時18分08秒    0   28.72    0.00   23.40    0.00    0.00    5.32    0.00    0.00    0.00   42.55
04時18分08秒    1   19.75    0.00   11.11    0.00    0.00    1.23    0.00    0.00    0.00   67.90

04時18分08秒  CPU    %usr   %nice    %sys %iowait    %irq   %soft  %steal  %guest  %gnice   %idle
04時18分09秒    0   31.18    0.00   20.43    0.00    0.00    5.38    0.00    0.00    0.00   43.01
04時18分09秒    1   19.51    0.00    8.54    0.00    0.00    2.44    0.00    0.00    0.00   69.51

平均時間：  CPU    %usr   %nice    %sys %iowait    %irq   %soft  %steal  %guest  %gnice   %idle
平均時間：    0   30.19    0.00   22.87    0.01    0.05    5.83    0.00    0.00    0.00   41.05
平均時間：    1   20.65    0.00   10.10    0.00    0.04    1.96    0.00    0.00    0.00   67.25
