Linux 5.6.15-arch1-1 (archlinux) 	西元2020年06月29日 	_x86_64_	(12 CPU)

06時27分02秒  CPU    %usr   %nice    %sys %iowait    %irq   %soft  %steal  %guest  %gnice   %idle
06時27分03秒    0   25.53    0.00   25.53    0.00    0.00    5.32    0.00    0.00    0.00   43.62
06時27分03秒    1   21.69    0.00    9.64    0.00    0.00    2.41    0.00    0.00    0.00   66.27

06時27分03秒  CPU    %usr   %nice    %sys %iowait    %irq   %soft  %steal  %guest  %gnice   %idle
06時27分04秒    0   27.96    0.00   25.81    0.00    0.00    5.38    0.00    0.00    0.00   40.86
06時27分04秒    1   22.50    0.00    8.75    0.00    1.25    1.25    0.00    0.00    0.00   66.25

06時27分04秒  CPU    %usr   %nice    %sys %iowait    %irq   %soft  %steal  %guest  %gnice   %idle
06時27分05秒    0   28.72    0.00   25.53    0.00    0.00    5.32    0.00    0.00    0.00   40.43
06時27分05秒    1   20.00    0.00   11.25    0.00    0.00    2.50    0.00    0.00    0.00   66.25

06時27分05秒  CPU    %usr   %nice    %sys %iowait    %irq   %soft  %steal  %guest  %gnice   %idle
06時27分06秒    0   31.58    0.00   21.05    0.00    0.00    6.32    0.00    0.00    0.00   41.05
06時27分06秒    1   22.22    0.00    9.88    0.00    0.00    1.23    0.00    0.00    0.00   66.67

06時27分06秒  CPU    %usr   %nice    %sys %iowait    %irq   %soft  %steal  %guest  %gnice   %idle
06時27分07秒    0   28.72    0.00   24.47    0.00    0.00    5.32    0.00    0.00    0.00   41.49
06時27分07秒    1   20.99    0.00    9.88    0.00    0.00    2.47    0.00    0.00    0.00   66.67

06時27分07秒  CPU    %usr   %nice    %sys %iowait    %irq   %soft  %steal  %guest  %gnice   %idle
06時27分08秒    0   27.66    0.00   24.47    0.00    0.00    5.32    0.00    0.00    0.00   42.55
06時27分08秒    1   22.22    0.00    9.88    0.00    0.00    1.23    0.00    0.00    0.00   66.67

06時27分08秒  CPU    %usr   %nice    %sys %iowait    %irq   %soft  %steal  %guest  %gnice   %idle
06時27分09秒    0   31.18    0.00   24.73    0.00    0.00    5.38    0.00    0.00    0.00   38.71
06時27分09秒    1   18.99    0.00   12.66    0.00    0.00    2.53    0.00    0.00    0.00   65.82

06時27分09秒  CPU    %usr   %nice    %sys %iowait    %irq   %soft  %steal  %guest  %gnice   %idle
06時27分10秒    0   28.72    0.00   21.28    0.00    0.00    6.38    0.00    0.00    0.00   43.62
06時27分10秒    1   18.99    0.00   11.39    0.00    0.00    1.27    0.00    0.00    0.00   68.35

06時27分10秒  CPU    %usr   %nice    %sys %iowait    %irq   %soft  %steal  %guest  %gnice   %idle
06時27分11秒    0   29.79    0.00   24.47    0.00    0.00    5.32    0.00    0.00    0.00   40.43
06時27分11秒    1   20.99    0.00   11.11    0.00    0.00    2.47    0.00    0.00    0.00   65.43

06時27分11秒  CPU    %usr   %nice    %sys %iowait    %irq   %soft  %steal  %guest  %gnice   %idle
06時27分12秒    0   27.96    0.00   23.66    0.00    0.00    5.38    0.00    0.00    0.00   43.01
06時27分12秒    1   22.50    0.00    7.50    0.00    0.00    1.25    0.00    0.00    0.00   68.75

06時27分12秒  CPU    %usr   %nice    %sys %iowait    %irq   %soft  %steal  %guest  %gnice   %idle
06時27分13秒    0   29.79    0.00   24.47    0.00    0.00    5.32    0.00    0.00    0.00   40.43
06時27分13秒    1   20.25    0.00   10.13    0.00    0.00    2.53    0.00    0.00    0.00   67.09

06時27分13秒  CPU    %usr   %nice    %sys %iowait    %irq   %soft  %steal  %guest  %gnice   %idle
06時27分14秒    0   29.79    0.00   22.34    0.00    0.00    5.32    0.00    0.00    0.00   42.55
06時27分14秒    1   21.52    0.00    8.86    0.00    0.00    1.27    0.00    0.00    0.00   68.35

06時27分14秒  CPU    %usr   %nice    %sys %iowait    %irq   %soft  %steal  %guest  %gnice   %idle
06時27分15秒    0   27.96    0.00   23.66    0.00    0.00    6.45    0.00    0.00    0.00   41.94
06時27分15秒    1   20.00    0.00    8.75    0.00    0.00    2.50    0.00    0.00    0.00   68.75

06時27分15秒  CPU    %usr   %nice    %sys %iowait    %irq   %soft  %steal  %guest  %gnice   %idle
06時27分16秒    0   28.72    0.00   24.47    0.00    0.00    5.32    0.00    0.00    0.00   41.49
06時27分16秒    1   21.52    0.00   10.13    0.00    0.00    1.27    0.00    0.00    0.00   67.09

06時27分16秒  CPU    %usr   %nice    %sys %iowait    %irq   %soft  %steal  %guest  %gnice   %idle
06時27分17秒    0   31.91    0.00   23.40    0.00    0.00    5.32    0.00    0.00    0.00   39.36
06時27分17秒    1   20.99    0.00   11.11    0.00    0.00    2.47    0.00    0.00    0.00   65.43

06時27分17秒  CPU    %usr   %nice    %sys %iowait    %irq   %soft  %steal  %guest  %gnice   %idle
06時27分18秒    0   29.79    0.00   21.28    0.00    1.06    5.32    0.00    0.00    0.00   42.55
06時27分18秒    1   21.25    0.00    8.75    0.00    0.00    1.25    0.00    0.00    0.00   68.75

06時27分18秒  CPU    %usr   %nice    %sys %iowait    %irq   %soft  %steal  %guest  %gnice   %idle
06時27分19秒    0   26.04    0.00   27.08    0.00    0.00    6.25    0.00    0.00    0.00   40.62
06時27分19秒    1   24.05    0.00    7.59    0.00    0.00    2.53    0.00    0.00    0.00   65.82

06時27分19秒  CPU    %usr   %nice    %sys %iowait    %irq   %soft  %steal  %guest  %gnice   %idle
06時27分20秒    0   27.17    0.00   27.17    0.00    0.00    5.43    0.00    0.00    0.00   40.22
06時27分20秒    1   21.52    0.00   10.13    0.00    0.00    1.27    0.00    0.00    0.00   67.09

06時27分20秒  CPU    %usr   %nice    %sys %iowait    %irq   %soft  %steal  %guest  %gnice   %idle
06時27分21秒    0   30.43    0.00   21.74    0.00    0.00    5.43    0.00    0.00    0.00   42.39
06時27分21秒    1   19.75    0.00   11.11    0.00    0.00    2.47    0.00    0.00    0.00   66.67

06時27分21秒  CPU    %usr   %nice    %sys %iowait    %irq   %soft  %steal  %guest  %gnice   %idle
06時27分22秒    0   33.70    0.00   19.57    0.00    0.00    5.43    0.00    0.00    0.00   41.30
06時27分22秒    1   21.52    0.00   10.13    0.00    0.00    1.27    0.00    0.00    0.00   67.09

06時27分22秒  CPU    %usr   %nice    %sys %iowait    %irq   %soft  %steal  %guest  %gnice   %idle
06時27分23秒    0   29.79    0.00   21.28    0.00    0.00    6.38    0.00    0.00    0.00   42.55
06時27分23秒    1   18.75    0.00   11.25    0.00    0.00    2.50    0.00    0.00    0.00   67.50

06時27分23秒  CPU    %usr   %nice    %sys %iowait    %irq   %soft  %steal  %guest  %gnice   %idle
06時27分24秒    0   26.37    0.00   24.18    0.00    0.00    5.49    0.00    0.00    0.00   43.96
06時27分24秒    1   20.99    0.00    9.88    0.00    0.00    1.23    0.00    0.00    0.00   67.90

06時27分24秒  CPU    %usr   %nice    %sys %iowait    %irq   %soft  %steal  %guest  %gnice   %idle
06時27分25秒    0   28.72    0.00   25.53    0.00    0.00    5.32    0.00    0.00    0.00   40.43
06時27分25秒    1   18.75    0.00   12.50    0.00    0.00    2.50    0.00    0.00    0.00   66.25

06時27分25秒  CPU    %usr   %nice    %sys %iowait    %irq   %soft  %steal  %guest  %gnice   %idle
06時27分26秒    0   29.35    0.00   21.74    0.00    0.00    5.43    0.00    0.00    0.00   43.48
06時27分26秒    1   20.00    0.00   11.25    0.00    0.00    1.25    0.00    0.00    0.00   67.50

06時27分26秒  CPU    %usr   %nice    %sys %iowait    %irq   %soft  %steal  %guest  %gnice   %idle
06時27分27秒    0   29.79    0.00   23.40    0.00    0.00    5.32    0.00    0.00    0.00   41.49
06時27分27秒    1   24.10    0.00    9.64    0.00    0.00    2.41    0.00    0.00    0.00   63.86

06時27分27秒  CPU    %usr   %nice    %sys %iowait    %irq   %soft  %steal  %guest  %gnice   %idle
06時27分28秒    0   28.72    0.00   22.34    0.00    0.00    6.38    0.00    0.00    0.00   42.55
06時27分28秒    1   20.99    0.00   11.11    0.00    0.00    1.23    0.00    0.00    0.00   66.67

06時27分28秒  CPU    %usr   %nice    %sys %iowait    %irq   %soft  %steal  %guest  %gnice   %idle
06時27分29秒    0   26.37    0.00   25.27    0.00    0.00    5.49    0.00    0.00    0.00   42.86
06時27分29秒    1   19.75    0.00   11.11    0.00    0.00    2.47    0.00    0.00    0.00   66.67

06時27分29秒  CPU    %usr   %nice    %sys %iowait    %irq   %soft  %steal  %guest  %gnice   %idle
06時27分30秒    0   31.52    0.00   18.48    0.00    0.00    5.43    0.00    0.00    0.00   44.57
06時27分30秒    1   18.75    0.00   11.25    0.00    0.00    1.25    0.00    0.00    0.00   68.75

06時27分30秒  CPU    %usr   %nice    %sys %iowait    %irq   %soft  %steal  %guest  %gnice   %idle
06時27分31秒    0   33.70    0.00   19.57    0.00    0.00    5.43    0.00    0.00    0.00   41.30
06時27分31秒    1   18.99    0.00   10.13    0.00    0.00    2.53    0.00    0.00    0.00   68.35

06時27分31秒  CPU    %usr   %nice    %sys %iowait    %irq   %soft  %steal  %guest  %gnice   %idle
06時27分32秒    0   30.43    0.00   19.57    0.00    0.00    5.43    0.00    0.00    0.00   44.57
06時27分32秒    1   20.25    0.00   10.13    0.00    0.00    1.27    0.00    0.00    0.00   68.35

06時27分32秒  CPU    %usr   %nice    %sys %iowait    %irq   %soft  %steal  %guest  %gnice   %idle
06時27分33秒    0   31.18    0.00   22.58    0.00    0.00    6.45    0.00    0.00    0.00   39.78
06時27分33秒    1   24.10    0.00    9.64    0.00    0.00    2.41    0.00    0.00    0.00   63.86

06時27分33秒  CPU    %usr   %nice    %sys %iowait    %irq   %soft  %steal  %guest  %gnice   %idle
06時27分34秒    0   27.96    0.00   25.81    0.00    0.00    5.38    0.00    0.00    0.00   40.86
06時27分34秒    1   20.00    0.00   11.25    0.00    0.00    2.50    0.00    0.00    0.00   66.25

06時27分34秒  CPU    %usr   %nice    %sys %iowait    %irq   %soft  %steal  %guest  %gnice   %idle
06時27分35秒    0   27.96    0.00   24.73    0.00    0.00    5.38    0.00    0.00    0.00   41.94
06時27分35秒    1   20.00    0.00   11.25    0.00    0.00    1.25    0.00    0.00    0.00   67.50

06時27分35秒  CPU    %usr   %nice    %sys %iowait    %irq   %soft  %steal  %guest  %gnice   %idle
06時27分36秒    0   29.35    0.00   21.74    0.00    0.00    5.43    0.00    0.00    0.00   43.48
06時27分36秒    1   22.50    0.00    7.50    0.00    0.00    2.50    0.00    0.00    0.00   67.50

06時27分36秒  CPU    %usr   %nice    %sys %iowait    %irq   %soft  %steal  %guest  %gnice   %idle
06時27分37秒    0   32.26    0.00   21.51    0.00    0.00    5.38    0.00    0.00    0.00   40.86
06時27分37秒    1   22.78    0.00    7.59    0.00    0.00    1.27    0.00    0.00    0.00   68.35

06時27分37秒  CPU    %usr   %nice    %sys %iowait    %irq   %soft  %steal  %guest  %gnice   %idle
06時27分38秒    0   32.98    0.00   17.02    0.00    1.06    6.38    0.00    0.00    0.00   42.55
06時27分38秒    1   20.00    0.00   10.00    0.00    0.00    2.50    0.00    0.00    0.00   67.50

06時27分38秒  CPU    %usr   %nice    %sys %iowait    %irq   %soft  %steal  %guest  %gnice   %idle
06時27分39秒    0   35.16    0.00   18.68    0.00    0.00    5.49    0.00    0.00    0.00   40.66
06時27分39秒    1   22.78    0.00    8.86    0.00    0.00    1.27    0.00    0.00    0.00   67.09

06時27分39秒  CPU    %usr   %nice    %sys %iowait    %irq   %soft  %steal  %guest  %gnice   %idle
06時27分40秒    0   30.11    0.00   22.58    0.00    0.00    5.38    0.00    0.00    0.00   41.94
06時27分40秒    1   18.29    0.00   13.41    0.00    0.00    2.44    0.00    0.00    0.00   65.85

06時27分40秒  CPU    %usr   %nice    %sys %iowait    %irq   %soft  %steal  %guest  %gnice   %idle
06時27分41秒    0   29.03    0.00   22.58    0.00    0.00    5.38    0.00    0.00    0.00   43.01
06時27分41秒    1   18.75    0.00   11.25    0.00    0.00    1.25    0.00    0.00    0.00   68.75

06時27分41秒  CPU    %usr   %nice    %sys %iowait    %irq   %soft  %steal  %guest  %gnice   %idle
06時27分42秒    0   31.18    0.00   20.43    0.00    0.00    5.38    0.00    0.00    0.00   43.01
06時27分42秒    1   21.52    0.00    7.59    0.00    1.27    2.53    0.00    0.00    0.00   67.09

06時27分42秒  CPU    %usr   %nice    %sys %iowait    %irq   %soft  %steal  %guest  %gnice   %idle
06時27分43秒    0   31.58    0.00   21.05    0.00    0.00    6.32    0.00    0.00    0.00   41.05
06時27分43秒    1   24.39    0.00    8.54    0.00    0.00    1.22    0.00    0.00    0.00   65.85

06時27分43秒  CPU    %usr   %nice    %sys %iowait    %irq   %soft  %steal  %guest  %gnice   %idle
06時27分44秒    0   31.52    0.00   19.57    0.00    0.00    5.43    0.00    0.00    0.00   43.48
06時27分44秒    1   20.00    0.00   10.00    0.00    0.00    2.50    0.00    0.00    0.00   67.50

06時27分44秒  CPU    %usr   %nice    %sys %iowait    %irq   %soft  %steal  %guest  %gnice   %idle
06時27分45秒    0   31.18    0.00   22.58    0.00    0.00    5.38    0.00    0.00    0.00   40.86
06時27分45秒    1   23.46    0.00    9.88    0.00    0.00    1.23    0.00    0.00    0.00   65.43

06時27分45秒  CPU    %usr   %nice    %sys %iowait    %irq   %soft  %steal  %guest  %gnice   %idle
06時27分46秒    0   26.09    0.00   26.09    0.00    0.00    5.43    0.00    0.00    0.00   42.39
06時27分46秒    1   20.00    0.00   10.00    0.00    0.00    2.50    0.00    0.00    0.00   67.50

06時27分46秒  CPU    %usr   %nice    %sys %iowait    %irq   %soft  %steal  %guest  %gnice   %idle
06時27分47秒    0   27.96    0.00   25.81    0.00    0.00    6.45    0.00    0.00    0.00   39.78
06時27分47秒    1   20.51    0.00   11.54    0.00    0.00    1.28    0.00    0.00    0.00   66.67

06時27分47秒  CPU    %usr   %nice    %sys %iowait    %irq   %soft  %steal  %guest  %gnice   %idle
06時27分48秒    0   29.79    0.00   22.34    0.00    0.00    5.32    0.00    0.00    0.00   42.55
06時27分48秒    1   20.73    0.00    9.76    0.00    0.00    2.44    0.00    0.00    0.00   67.07

06時27分48秒  CPU    %usr   %nice    %sys %iowait    %irq   %soft  %steal  %guest  %gnice   %idle
06時27分49秒    0   28.26    0.00   23.91    0.00    0.00    5.43    0.00    0.00    0.00   42.39
06時27分49秒    1   18.99    0.00   12.66    0.00    0.00    1.27    0.00    0.00    0.00   67.09

06時27分49秒  CPU    %usr   %nice    %sys %iowait    %irq   %soft  %steal  %guest  %gnice   %idle
06時27分50秒    0   27.66    0.00   24.47    0.00    0.00    5.32    0.00    0.00    0.00   42.55
06時27分50秒    1   17.72    0.00   11.39    0.00    0.00    2.53    0.00    0.00    0.00   68.35

06時27分50秒  CPU    %usr   %nice    %sys %iowait    %irq   %soft  %steal  %guest  %gnice   %idle
06時27分51秒    0   31.91    0.00   21.28    0.00    0.00    6.38    0.00    0.00    0.00   40.43
06時27分51秒    1   20.99    0.00   11.11    0.00    0.00    1.23    0.00    0.00    0.00   66.67

06時27分51秒  CPU    %usr   %nice    %sys %iowait    %irq   %soft  %steal  %guest  %gnice   %idle
06時27分52秒    0   32.26    0.00   21.51    0.00    0.00    5.38    0.00    0.00    0.00   40.86
06時27分52秒    1   19.51    0.00   12.20    0.00    0.00    2.44    0.00    0.00    0.00   65.85

06時27分52秒  CPU    %usr   %nice    %sys %iowait    %irq   %soft  %steal  %guest  %gnice   %idle
06時27分53秒    0   31.18    0.00   22.58    0.00    0.00    5.38    0.00    0.00    0.00   40.86
06時27分53秒    1   21.52    0.00   10.13    0.00    0.00    1.27    0.00    0.00    0.00   67.09

06時27分53秒  CPU    %usr   %nice    %sys %iowait    %irq   %soft  %steal  %guest  %gnice   %idle
06時27分54秒    0   30.85    0.00   22.34    0.00    0.00    5.32    0.00    0.00    0.00   41.49
06時27分54秒    1   22.22    0.00    9.88    0.00    0.00    2.47    0.00    0.00    0.00   65.43

06時27分54秒  CPU    %usr   %nice    %sys %iowait    %irq   %soft  %steal  %guest  %gnice   %idle
06時27分55秒    0   27.66    0.00   24.47    0.00    0.00    6.38    0.00    0.00    0.00   41.49
06時27分55秒    1   22.78    0.00    8.86    0.00    0.00    1.27    0.00    0.00    0.00   67.09

06時27分55秒  CPU    %usr   %nice    %sys %iowait    %irq   %soft  %steal  %guest  %gnice   %idle
06時27分56秒    0   27.96    0.00   24.73    0.00    0.00    5.38    0.00    0.00    0.00   41.94
06時27分56秒    1   20.00    0.00   10.00    0.00    0.00    2.50    0.00    0.00    0.00   67.50

06時27分56秒  CPU    %usr   %nice    %sys %iowait    %irq   %soft  %steal  %guest  %gnice   %idle
06時27分57秒    0   30.11    0.00   23.66    0.00    0.00    5.38    0.00    0.00    0.00   40.86
06時27分57秒    1   20.99    0.00   11.11    0.00    0.00    1.23    0.00    0.00    0.00   66.67

06時27分57秒  CPU    %usr   %nice    %sys %iowait    %irq   %soft  %steal  %guest  %gnice   %idle
06時27分58秒    0   33.68    0.00   17.89    0.00    1.05    5.26    0.00    0.00    0.00   42.11
06時27分58秒    1   20.00    0.00   10.00    0.00    0.00    2.50    0.00    0.00    0.00   67.50

06時27分58秒  CPU    %usr   %nice    %sys %iowait    %irq   %soft  %steal  %guest  %gnice   %idle
06時27分59秒    0   31.91    0.00   22.34    0.00    0.00    5.32    0.00    0.00    0.00   40.43
06時27分59秒    1   22.50    0.00    8.75    0.00    0.00    1.25    0.00    0.00    0.00   67.50

06時27分59秒  CPU    %usr   %nice    %sys %iowait    %irq   %soft  %steal  %guest  %gnice   %idle
06時28分00秒    0   31.96    0.00   21.65    0.00    0.00    6.19    0.00    0.00    0.00   40.21
06時28分00秒    1   18.75    0.00   11.25    0.00    0.00    2.50    0.00    0.00    0.00   67.50

06時28分00秒  CPU    %usr   %nice    %sys %iowait    %irq   %soft  %steal  %guest  %gnice   %idle
06時28分01秒    0   31.52    0.00   19.57    0.00    0.00    5.43    0.00    0.00    0.00   43.48
06時28分01秒    1   20.99    0.00   12.35    0.00    0.00    1.23    0.00    0.00    0.00   65.43

06時28分01秒  CPU    %usr   %nice    %sys %iowait    %irq   %soft  %steal  %guest  %gnice   %idle
06時28分02秒    0   25.00    0.00   27.17    0.00    0.00    5.43    0.00    0.00    0.00   42.39
06時28分02秒    1   20.00    0.00   10.00    0.00    0.00    2.50    0.00    0.00    0.00   67.50

06時28分02秒  CPU    %usr   %nice    %sys %iowait    %irq   %soft  %steal  %guest  %gnice   %idle
06時28分03秒    0   28.26    0.00   21.74    0.00    0.00    5.43    0.00    0.00    0.00   44.57
06時28分03秒    1   23.46    0.00    9.88    0.00    0.00    1.23    0.00    0.00    0.00   65.43

06時28分03秒  CPU    %usr   %nice    %sys %iowait    %irq   %soft  %steal  %guest  %gnice   %idle
06時28分04秒    0   34.41    0.00   18.28    0.00    0.00    5.38    0.00    0.00    0.00   41.94
06時28分04秒    1   18.29    0.00   13.41    0.00    0.00    2.44    0.00    0.00    0.00   65.85

06時28分04秒  CPU    %usr   %nice    %sys %iowait    %irq   %soft  %steal  %guest  %gnice   %idle
06時28分05秒    0   29.03    0.00   21.51    0.00    0.00    5.38    0.00    0.00    0.00   44.09
06時28分05秒    1   24.39    0.00    7.32    0.00    0.00    1.22    0.00    0.00    0.00   67.07

06時28分05秒  CPU    %usr   %nice    %sys %iowait    %irq   %soft  %steal  %guest  %gnice   %idle
06時28分06秒    0   31.18    0.00   21.51    0.00    0.00    5.38    0.00    0.00    0.00   41.94
06時28分06秒    1   17.50    0.00   12.50    0.00    0.00    2.50    0.00    0.00    0.00   67.50

06時28分06秒  CPU    %usr   %nice    %sys %iowait    %irq   %soft  %steal  %guest  %gnice   %idle
06時28分07秒    0   30.11    0.00   21.51    0.00    0.00    6.45    0.00    0.00    0.00   41.94
06時28分07秒    1   21.95    0.00   12.20    0.00    0.00    1.22    0.00    0.00    0.00   64.63

06時28分07秒  CPU    %usr   %nice    %sys %iowait    %irq   %soft  %steal  %guest  %gnice   %idle
06時28分08秒    0   32.26    0.00   19.35    0.00    0.00    5.38    0.00    0.00    0.00   43.01
06時28分08秒    1   18.29    0.00   13.41    0.00    0.00    2.44    0.00    0.00    0.00   65.85

06時28分08秒  CPU    %usr   %nice    %sys %iowait    %irq   %soft  %steal  %guest  %gnice   %idle
06時28分09秒    0   31.52    0.00   22.83    0.00    0.00    5.43    0.00    0.00    0.00   40.22
06時28分09秒    1   24.69    0.00    9.88    0.00    0.00    1.23    0.00    0.00    0.00   64.20

06時28分09秒  CPU    %usr   %nice    %sys %iowait    %irq   %soft  %steal  %guest  %gnice   %idle
06時28分10秒    0   29.79    0.00   22.34    0.00    0.00    5.32    0.00    0.00    0.00   42.55
06時28分10秒    1   18.99    0.00   10.13    0.00    0.00    2.53    0.00    0.00    0.00   68.35

06時28分10秒  CPU    %usr   %nice    %sys %iowait    %irq   %soft  %steal  %guest  %gnice   %idle
06時28分11秒    0   30.77    0.00   21.98    0.00    0.00    5.49    0.00    0.00    0.00   41.76
06時28分11秒    1   20.00    0.00   12.50    0.00    0.00    1.25    0.00    0.00    0.00   66.25

06時28分11秒  CPU    %usr   %nice    %sys %iowait    %irq   %soft  %steal  %guest  %gnice   %idle
06時28分12秒    0   31.18    0.00   20.43    0.00    0.00    6.45    0.00    0.00    0.00   41.94
06時28分12秒    1   21.25    0.00    8.75    0.00    0.00    2.50    0.00    0.00    0.00   67.50

06時28分12秒  CPU    %usr   %nice    %sys %iowait    %irq   %soft  %steal  %guest  %gnice   %idle
06時28分13秒    0   32.26    0.00   22.58    0.00    0.00    5.38    0.00    0.00    0.00   39.78
06時28分13秒    1   23.75    0.00   10.00    0.00    0.00    1.25    0.00    0.00    0.00   65.00

06時28分13秒  CPU    %usr   %nice    %sys %iowait    %irq   %soft  %steal  %guest  %gnice   %idle
06時28分14秒    0   29.79    0.00   22.34    0.00    0.00    5.32    0.00    0.00    0.00   42.55
06時28分14秒    1   20.00    0.00   10.00    0.00    0.00    2.50    0.00    0.00    0.00   67.50

06時28分14秒  CPU    %usr   %nice    %sys %iowait    %irq   %soft  %steal  %guest  %gnice   %idle
06時28分15秒    0   30.85    0.00   22.34    0.00    0.00    5.32    0.00    0.00    0.00   41.49
06時28分15秒    1   23.46    0.00   11.11    0.00    0.00    1.23    0.00    0.00    0.00   64.20

06時28分15秒  CPU    %usr   %nice    %sys %iowait    %irq   %soft  %steal  %guest  %gnice   %idle
06時28分16秒    0   29.35    0.00   20.65    0.00    0.00    5.43    0.00    0.00    0.00   44.57
06時28分16秒    1   19.75    0.00    9.88    0.00    0.00    2.47    0.00    0.00    0.00   67.90

06時28分16秒  CPU    %usr   %nice    %sys %iowait    %irq   %soft  %steal  %guest  %gnice   %idle
06時28分17秒    0   30.11    0.00   21.51    0.00    0.00    6.45    0.00    0.00    0.00   41.94
06時28分17秒    1   23.75    0.00    7.50    0.00    0.00    1.25    0.00    0.00    0.00   67.50

06時28分17秒  CPU    %usr   %nice    %sys %iowait    %irq   %soft  %steal  %guest  %gnice   %idle
06時28分18秒    0   33.33    0.00   19.35    0.00    1.08    5.38    0.00    0.00    0.00   40.86
06時28分18秒    1   18.75    0.00   12.50    0.00    0.00    2.50    0.00    0.00    0.00   66.25

06時28分18秒  CPU    %usr   %nice    %sys %iowait    %irq   %soft  %steal  %guest  %gnice   %idle
06時28分19秒    0   34.04    0.00   19.15    0.00    0.00    5.32    0.00    0.00    0.00   41.49
06時28分19秒    1   18.75    0.00   11.25    0.00    1.25    1.25    0.00    0.00    0.00   67.50

06時28分19秒  CPU    %usr   %nice    %sys %iowait    %irq   %soft  %steal  %guest  %gnice   %idle
06時28分20秒    0   31.52    0.00   20.65    0.00    0.00    5.43    0.00    0.00    0.00   42.39
06時28分20秒    1   19.23    0.00   10.26    0.00    0.00    2.56    0.00    0.00    0.00   67.95

06時28分20秒  CPU    %usr   %nice    %sys %iowait    %irq   %soft  %steal  %guest  %gnice   %idle
06時28分21秒    0   30.53    0.00   23.16    0.00    0.00    6.32    0.00    0.00    0.00   40.00
06時28分21秒    1   23.08    0.00    7.69    0.00    0.00    1.28    0.00    0.00    0.00   67.95

06時28分21秒  CPU    %usr   %nice    %sys %iowait    %irq   %soft  %steal  %guest  %gnice   %idle
06時28分22秒    0   28.89    0.00   21.11    0.00    0.00    5.56    0.00    0.00    0.00   44.44
06時28分22秒    1   24.39    0.00    7.32    0.00    0.00    2.44    0.00    0.00    0.00   65.85

06時28分22秒  CPU    %usr   %nice    %sys %iowait    %irq   %soft  %steal  %guest  %gnice   %idle
06時28分23秒    0   27.96    0.00   23.66    0.00    0.00    5.38    0.00    0.00    0.00   43.01
06時28分23秒    1   21.52    0.00    7.59    0.00    0.00    1.27    0.00    0.00    0.00   69.62

06時28分23秒  CPU    %usr   %nice    %sys %iowait    %irq   %soft  %steal  %guest  %gnice   %idle
06時28分24秒    0   29.79    0.00   23.40    0.00    0.00    5.32    0.00    0.00    0.00   41.49
06時28分24秒    1   21.95    0.00    9.76    0.00    0.00    2.44    0.00    0.00    0.00   65.85

06時28分24秒  CPU    %usr   %nice    %sys %iowait    %irq   %soft  %steal  %guest  %gnice   %idle
06時28分25秒    0   29.03    0.00   24.73    0.00    0.00    5.38    0.00    0.00    0.00   40.86
06時28分25秒    1   20.00    0.00   12.50    0.00    0.00    1.25    0.00    0.00    0.00   66.25

06時28分25秒  CPU    %usr   %nice    %sys %iowait    %irq   %soft  %steal  %guest  %gnice   %idle
06時28分26秒    0   28.26    0.00   23.91    0.00    0.00    5.43    0.00    0.00    0.00   42.39
06時28分26秒    1   18.75    0.00   11.25    0.00    0.00    2.50    0.00    0.00    0.00   67.50

06時28分26秒  CPU    %usr   %nice    %sys %iowait    %irq   %soft  %steal  %guest  %gnice   %idle
06時28分27秒    0   32.98    0.00   21.28    0.00    0.00    6.38    0.00    0.00    0.00   39.36
06時28分27秒    1   22.22    0.00   11.11    0.00    1.23    1.23    0.00    0.00    0.00   64.20

06時28分27秒  CPU    %usr   %nice    %sys %iowait    %irq   %soft  %steal  %guest  %gnice   %idle
06時28分28秒    0   30.11    0.00   23.66    0.00    0.00    5.38    0.00    0.00    0.00   40.86
06時28分28秒    1   22.22    0.00    9.88    0.00    0.00    2.47    0.00    0.00    0.00   65.43

06時28分28秒  CPU    %usr   %nice    %sys %iowait    %irq   %soft  %steal  %guest  %gnice   %idle
06時28分29秒    0   32.98    0.00   19.15    0.00    0.00    5.32    0.00    0.00    0.00   42.55
06時28分29秒    1   21.25    0.00   10.00    0.00    0.00    1.25    0.00    0.00    0.00   67.50

06時28分29秒  CPU    %usr   %nice    %sys %iowait    %irq   %soft  %steal  %guest  %gnice   %idle
06時28分30秒    0   27.96    0.00   24.73    0.00    0.00    6.45    0.00    0.00    0.00   40.86
06時28分30秒    1   17.28    0.00   13.58    0.00    0.00    2.47    0.00    0.00    0.00   66.67

06時28分30秒  CPU    %usr   %nice    %sys %iowait    %irq   %soft  %steal  %guest  %gnice   %idle
06時28分31秒    0   30.11    0.00   23.66    0.00    0.00    5.38    0.00    0.00    0.00   40.86
06時28分31秒    1   22.08    0.00    7.79    0.00    0.00    1.30    0.00    0.00    0.00   68.83

06時28分31秒  CPU    %usr   %nice    %sys %iowait    %irq   %soft  %steal  %guest  %gnice   %idle
06時28分32秒    0   29.79    0.00   23.40    0.00    0.00    5.32    0.00    0.00    0.00   41.49
06時28分32秒    1   21.95    0.00   10.98    0.00    0.00    2.44    0.00    0.00    0.00   64.63

06時28分32秒  CPU    %usr   %nice    %sys %iowait    %irq   %soft  %steal  %guest  %gnice   %idle
06時28分33秒    0   27.66    0.00   23.40    0.00    0.00    5.32    0.00    0.00    0.00   43.62
06時28分33秒    1   17.50    0.00   11.25    0.00    0.00    1.25    0.00    0.00    0.00   70.00

06時28分33秒  CPU    %usr   %nice    %sys %iowait    %irq   %soft  %steal  %guest  %gnice   %idle
06時28分34秒    0   28.26    0.00   21.74    0.00    0.00    5.43    0.00    0.00    0.00   44.57
06時28分34秒    1   18.52    0.00   11.11    0.00    0.00    2.47    0.00    0.00    0.00   67.90

06時28分34秒  CPU    %usr   %nice    %sys %iowait    %irq   %soft  %steal  %guest  %gnice   %idle
06時28分35秒    0   30.85    0.00   23.40    0.00    0.00    5.32    0.00    0.00    0.00   40.43
06時28分35秒    1   21.25    0.00   11.25    0.00    0.00    1.25    0.00    0.00    0.00   66.25

06時28分35秒  CPU    %usr   %nice    %sys %iowait    %irq   %soft  %steal  %guest  %gnice   %idle
06時28分36秒    0   28.42    0.00   23.16    0.00    0.00    5.26    0.00    0.00    0.00   43.16
06時28分36秒    1   19.75    0.00   11.11    0.00    0.00    2.47    0.00    0.00    0.00   66.67

06時28分36秒  CPU    %usr   %nice    %sys %iowait    %irq   %soft  %steal  %guest  %gnice   %idle
06時28分37秒    0   27.96    0.00   23.66    0.00    0.00    6.45    0.00    0.00    0.00   41.94
06時28分37秒    1   22.22    0.00    8.64    0.00    0.00    1.23    0.00    0.00    0.00   67.90

06時28分37秒  CPU    %usr   %nice    %sys %iowait    %irq   %soft  %steal  %guest  %gnice   %idle
06時28分38秒    0   30.85    0.00   21.28    0.00    0.00    5.32    0.00    0.00    0.00   42.55
06時28分38秒    1   18.99    0.00   11.39    0.00    0.00    2.53    0.00    0.00    0.00   67.09

06時28分38秒  CPU    %usr   %nice    %sys %iowait    %irq   %soft  %steal  %guest  %gnice   %idle
06時28分39秒    0   28.72    0.00   24.47    0.00    1.06    5.32    0.00    0.00    0.00   40.43
06時28分39秒    1   18.75    0.00   13.75    0.00    0.00    1.25    0.00    0.00    0.00   66.25

06時28分39秒  CPU    %usr   %nice    %sys %iowait    %irq   %soft  %steal  %guest  %gnice   %idle
06時28分40秒    0   29.35    0.00   22.83    0.00    0.00    5.43    0.00    0.00    0.00   42.39
06時28分40秒    1   22.22    0.00    8.64    0.00    0.00    2.47    0.00    0.00    0.00   66.67

06時28分40秒  CPU    %usr   %nice    %sys %iowait    %irq   %soft  %steal  %guest  %gnice   %idle
06時28分41秒    0   29.03    0.00   24.73    0.00    0.00    5.38    0.00    0.00    0.00   40.86
06時28分41秒    1   17.95    0.00   12.82    0.00    0.00    1.28    0.00    0.00    0.00   67.95

06時28分41秒  CPU    %usr   %nice    %sys %iowait    %irq   %soft  %steal  %guest  %gnice   %idle
06時28分42秒    0   29.79    0.00   23.40    0.00    0.00    6.38    0.00    0.00    0.00   40.43
06時28分42秒    1   21.25    0.00   10.00    0.00    0.00    2.50    0.00    0.00    0.00   66.25

06時28分42秒  CPU    %usr   %nice    %sys %iowait    %irq   %soft  %steal  %guest  %gnice   %idle
06時28分43秒    0   34.04    0.00   19.15    0.00    0.00    5.32    0.00    0.00    0.00   41.49
06時28分43秒    1   21.52    0.00   10.13    0.00    0.00    1.27    0.00    0.00    0.00   67.09

06時28分43秒  CPU    %usr   %nice    %sys %iowait    %irq   %soft  %steal  %guest  %gnice   %idle
06時28分44秒    0   29.35    0.00   22.83    0.00    0.00    5.43    0.00    0.00    0.00   42.39
06時28分44秒    1   17.28    0.00   13.58    0.00    0.00    2.47    0.00    0.00    0.00   66.67

06時28分44秒  CPU    %usr   %nice    %sys %iowait    %irq   %soft  %steal  %guest  %gnice   %idle
06時28分45秒    0   30.43    0.00   23.91    0.00    0.00    5.43    0.00    0.00    0.00   40.22
06時28分45秒    1   23.75    0.00    8.75    0.00    0.00    2.50    0.00    0.00    0.00   65.00

06時28分45秒  CPU    %usr   %nice    %sys %iowait    %irq   %soft  %steal  %guest  %gnice   %idle
06時28分46秒    0   31.91    0.00   19.15    0.00    0.00    6.38    0.00    0.00    0.00   42.55
06時28分46秒    1   21.25    0.00   10.00    0.00    0.00    1.25    0.00    0.00    0.00   67.50

06時28分46秒  CPU    %usr   %nice    %sys %iowait    %irq   %soft  %steal  %guest  %gnice   %idle
06時28分47秒    0   32.61    0.00   20.65    0.00    0.00    5.43    0.00    0.00    0.00   41.30
06時28分47秒    1   20.25    0.00   10.13    0.00    0.00    2.53    0.00    0.00    0.00   67.09

06時28分47秒  CPU    %usr   %nice    %sys %iowait    %irq   %soft  %steal  %guest  %gnice   %idle
06時28分48秒    0   25.00    0.00   25.00    0.00    0.00    5.43    0.00    0.00    0.00   44.57
06時28分48秒    1   18.75    0.00   10.00    0.00    0.00    1.25    0.00    0.00    0.00   70.00

06時28分48秒  CPU    %usr   %nice    %sys %iowait    %irq   %soft  %steal  %guest  %gnice   %idle
06時28分49秒    0   31.91    0.00   20.21    0.00    0.00    5.32    0.00    0.00    0.00   42.55
06時28分49秒    1   20.00    0.00   11.25    0.00    0.00    2.50    0.00    0.00    0.00   66.25

06時28分49秒  CPU    %usr   %nice    %sys %iowait    %irq   %soft  %steal  %guest  %gnice   %idle
06時28分50秒    0   31.91    0.00   20.21    0.00    0.00    5.32    0.00    0.00    0.00   42.55
06時28分50秒    1   21.25    0.00   10.00    0.00    0.00    1.25    0.00    0.00    0.00   67.50

06時28分50秒  CPU    %usr   %nice    %sys %iowait    %irq   %soft  %steal  %guest  %gnice   %idle
06時28分51秒    0   26.60    0.00   27.66    0.00    0.00    5.32    0.00    0.00    0.00   40.43
06時28分51秒    1   22.50    0.00   11.25    0.00    0.00    2.50    0.00    0.00    0.00   63.75

06時28分51秒  CPU    %usr   %nice    %sys %iowait    %irq   %soft  %steal  %guest  %gnice   %idle
06時28分52秒    0   32.63    0.00   20.00    0.00    0.00    6.32    0.00    0.00    0.00   41.05
06時28分52秒    1   21.25    0.00   10.00    0.00    0.00    1.25    0.00    0.00    0.00   67.50

06時28分52秒  CPU    %usr   %nice    %sys %iowait    %irq   %soft  %steal  %guest  %gnice   %idle
06時28分53秒    0   31.91    0.00   22.34    0.00    0.00    5.32    0.00    0.00    0.00   40.43
06時28分53秒    1   22.50    0.00    8.75    0.00    0.00    2.50    0.00    0.00    0.00   66.25

06時28分53秒  CPU    %usr   %nice    %sys %iowait    %irq   %soft  %steal  %guest  %gnice   %idle
06時28分54秒    0   29.79    0.00   21.28    0.00    0.00    5.32    0.00    0.00    0.00   43.62
06時28分54秒    1   19.28    0.00   12.05    0.00    0.00    1.20    0.00    0.00    0.00   67.47

06時28分54秒  CPU    %usr   %nice    %sys %iowait    %irq   %soft  %steal  %guest  %gnice   %idle
06時28分55秒    0   31.18    0.00   21.51    0.00    0.00    5.38    0.00    0.00    0.00   41.94
06時28分55秒    1   18.99    0.00   11.39    0.00    0.00    2.53    0.00    0.00    0.00   67.09

06時28分55秒  CPU    %usr   %nice    %sys %iowait    %irq   %soft  %steal  %guest  %gnice   %idle
06時28分56秒    0   33.33    0.00   19.35    0.00    0.00    5.38    0.00    0.00    0.00   41.94
06時28分56秒    1   21.25    0.00   10.00    0.00    0.00    1.25    0.00    0.00    0.00   67.50

06時28分56秒  CPU    %usr   %nice    %sys %iowait    %irq   %soft  %steal  %guest  %gnice   %idle
06時28分57秒    0   29.79    0.00   22.34    0.00    0.00    6.38    0.00    0.00    0.00   41.49
06時28分57秒    1   16.05    0.00   14.81    0.00    0.00    2.47    0.00    0.00    0.00   66.67

06時28分57秒  CPU    %usr   %nice    %sys %iowait    %irq   %soft  %steal  %guest  %gnice   %idle
06時28分58秒    0   28.26    0.00   22.83    0.00    0.00    5.43    0.00    0.00    0.00   43.48
06時28分58秒    1   21.25    0.00   10.00    0.00    0.00    1.25    0.00    0.00    0.00   67.50

06時28分58秒  CPU    %usr   %nice    %sys %iowait    %irq   %soft  %steal  %guest  %gnice   %idle
06時28分59秒    0   33.33    0.00   20.43    0.00    1.08    5.38    0.00    0.00    0.00   39.78
06時28分59秒    1   22.22    0.00   12.35    0.00    0.00    2.47    0.00    0.00    0.00   62.96

06時28分59秒  CPU    %usr   %nice    %sys %iowait    %irq   %soft  %steal  %guest  %gnice   %idle
06時29分00秒    0   25.81    0.00   24.73    0.00    0.00    5.38    0.00    0.00    0.00   44.09
06時29分00秒    1   21.25    0.00    8.75    0.00    0.00    1.25    0.00    0.00    0.00   68.75

06時29分00秒  CPU    %usr   %nice    %sys %iowait    %irq   %soft  %steal  %guest  %gnice   %idle
06時29分01秒    0   27.17    0.00   25.00    0.00    0.00    5.43    0.00    0.00    0.00   42.39
06時29分01秒    1   21.52    0.00    8.86    0.00    0.00    2.53    0.00    0.00    0.00   67.09

06時29分01秒  CPU    %usr   %nice    %sys %iowait    %irq   %soft  %steal  %guest  %gnice   %idle
06時29分02秒    0   30.53    0.00   22.11    0.00    0.00    6.32    0.00    0.00    0.00   41.05
06時29分02秒    1   21.52    0.00   10.13    0.00    0.00    1.27    0.00    0.00    0.00   67.09

平均時間：  CPU    %usr   %nice    %sys %iowait    %irq   %soft  %steal  %guest  %gnice   %idle
平均時間：    0   30.02    0.00   22.49    0.00    0.05    5.59    0.00    0.00    0.00   41.85
平均時間：    1   20.81    0.00   10.41    0.00    0.04    1.88    0.00    0.00    0.00   66.86
