Linux 5.6.15-arch1-1 (archlinux) 	西元2020年06月29日 	_x86_64_	(12 CPU)

06時40分07秒  CPU    %usr   %nice    %sys %iowait    %irq   %soft  %steal  %guest  %gnice   %idle
06時40分08秒    0   25.81    0.00   25.81    0.00    0.00    5.38    0.00    0.00    0.00   43.01
06時40分08秒    1   18.52    0.00   11.11    0.00    0.00    1.23    0.00    0.00    0.00   69.14

06時40分08秒  CPU    %usr   %nice    %sys %iowait    %irq   %soft  %steal  %guest  %gnice   %idle
06時40分09秒    0   32.63    0.00   20.00    0.00    0.00    5.26    0.00    0.00    0.00   42.11
06時40分09秒    1   18.75    0.00   11.25    0.00    0.00    2.50    0.00    0.00    0.00   67.50

06時40分09秒  CPU    %usr   %nice    %sys %iowait    %irq   %soft  %steal  %guest  %gnice   %idle
06時40分10秒    0   30.11    0.00   22.58    0.00    0.00    5.38    0.00    0.00    0.00   41.94
06時40分10秒    1   20.99    0.00   11.11    0.00    0.00    1.23    0.00    0.00    0.00   66.67

06時40分10秒  CPU    %usr   %nice    %sys %iowait    %irq   %soft  %steal  %guest  %gnice   %idle
06時40分11秒    0   28.72    0.00   25.53    0.00    0.00    5.32    0.00    0.00    0.00   40.43
06時40分11秒    1   18.52    0.00   11.11    0.00    0.00    2.47    0.00    0.00    0.00   67.90

06時40分11秒  CPU    %usr   %nice    %sys %iowait    %irq   %soft  %steal  %guest  %gnice   %idle
06時40分12秒    0   28.12    0.00   26.04    0.00    0.00    6.25    0.00    0.00    0.00   39.58
06時40分12秒    1   21.25    0.00   11.25    0.00    0.00    1.25    0.00    0.00    0.00   66.25

06時40分12秒  CPU    %usr   %nice    %sys %iowait    %irq   %soft  %steal  %guest  %gnice   %idle
06時40分13秒    0   29.67    0.00   24.18    0.00    0.00    5.49    0.00    0.00    0.00   40.66
06時40分13秒    1   21.52    0.00   10.13    0.00    0.00    2.53    0.00    0.00    0.00   65.82

06時40分13秒  CPU    %usr   %nice    %sys %iowait    %irq   %soft  %steal  %guest  %gnice   %idle
06時40分14秒    0   32.61    0.00   19.57    0.00    0.00    5.43    0.00    0.00    0.00   42.39
06時40分14秒    1   23.46    0.00    9.88    0.00    0.00    1.23    0.00    0.00    0.00   65.43

06時40分14秒  CPU    %usr   %nice    %sys %iowait    %irq   %soft  %steal  %guest  %gnice   %idle
06時40分15秒    0   31.18    0.00   22.58    0.00    0.00    5.38    0.00    0.00    0.00   40.86
06時40分15秒    1   25.61    0.00    6.10    0.00    1.22    2.44    0.00    0.00    0.00   64.63

06時40分15秒  CPU    %usr   %nice    %sys %iowait    %irq   %soft  %steal  %guest  %gnice   %idle
06時40分16秒    0   28.26    0.00   23.91    0.00    0.00    5.43    0.00    0.00    0.00   42.39
06時40分16秒    1   21.52    0.00    8.86    0.00    0.00    1.27    0.00    0.00    0.00   68.35

06時40分16秒  CPU    %usr   %nice    %sys %iowait    %irq   %soft  %steal  %guest  %gnice   %idle
06時40分17秒    0   30.11    0.00   23.66    0.00    0.00    6.45    0.00    0.00    0.00   39.78
06時40分17秒    1   20.00    0.00   11.25    0.00    0.00    2.50    0.00    0.00    0.00   66.25

06時40分17秒  CPU    %usr   %nice    %sys %iowait    %irq   %soft  %steal  %guest  %gnice   %idle
06時40分18秒    0   29.03    0.00   24.73    0.00    0.00    5.38    0.00    0.00    0.00   40.86
06時40分18秒    1   21.52    0.00   10.13    0.00    0.00    1.27    0.00    0.00    0.00   67.09

06時40分18秒  CPU    %usr   %nice    %sys %iowait    %irq   %soft  %steal  %guest  %gnice   %idle
06時40分19秒    0   23.91    0.00   27.17    0.00    0.00    5.43    0.00    0.00    0.00   43.48
06時40分19秒    1   20.73    0.00    9.76    0.00    0.00    2.44    0.00    0.00    0.00   67.07

06時40分19秒  CPU    %usr   %nice    %sys %iowait    %irq   %soft  %steal  %guest  %gnice   %idle
06時40分20秒    0   27.66    0.00   25.53    0.00    0.00    5.32    0.00    0.00    0.00   41.49
06時40分20秒    1   22.50    0.00   10.00    0.00    0.00    1.25    0.00    0.00    0.00   66.25

06時40分20秒  CPU    %usr   %nice    %sys %iowait    %irq   %soft  %steal  %guest  %gnice   %idle
06時40分21秒    0   29.79    0.00   24.47    0.00    1.06    5.32    0.00    0.00    0.00   39.36
06時40分21秒    1   21.95    0.00   10.98    0.00    0.00    2.44    0.00    0.00    0.00   64.63

06時40分21秒  CPU    %usr   %nice    %sys %iowait    %irq   %soft  %steal  %guest  %gnice   %idle
06時40分22秒    0   31.18    0.00   22.58    0.00    0.00    6.45    0.00    0.00    0.00   39.78
06時40分22秒    1   20.99    0.00   11.11    0.00    0.00    2.47    0.00    0.00    0.00   65.43

06時40分22秒  CPU    %usr   %nice    %sys %iowait    %irq   %soft  %steal  %guest  %gnice   %idle
06時40分23秒    0   29.03    0.00   21.51    0.00    0.00    5.38    0.00    0.00    0.00   44.09
06時40分23秒    1   23.17    0.00    6.10    0.00    1.22    1.22    0.00    0.00    0.00   68.29

06時40分23秒  CPU    %usr   %nice    %sys %iowait    %irq   %soft  %steal  %guest  %gnice   %idle
06時40分24秒    0   36.17    0.00   18.09    0.00    0.00    5.32    0.00    0.00    0.00   40.43
06時40分24秒    1   21.25    0.00   10.00    0.00    0.00    1.25    0.00    0.00    0.00   67.50

06時40分24秒  CPU    %usr   %nice    %sys %iowait    %irq   %soft  %steal  %guest  %gnice   %idle
06時40分25秒    0   27.96    0.00   23.66    0.00    0.00    5.38    0.00    0.00    0.00   43.01
06時40分25秒    1   19.75    0.00    9.88    0.00    0.00    2.47    0.00    0.00    0.00   67.90

06時40分25秒  CPU    %usr   %nice    %sys %iowait    %irq   %soft  %steal  %guest  %gnice   %idle
06時40分26秒    0   28.26    0.00   25.00    0.00    0.00    5.43    0.00    0.00    0.00   41.30
06時40分26秒    1   17.28    0.00   14.81    0.00    0.00    2.47    0.00    0.00    0.00   65.43

06時40分26秒  CPU    %usr   %nice    %sys %iowait    %irq   %soft  %steal  %guest  %gnice   %idle
06時40分27秒    0   28.72    0.00   23.40    0.00    0.00    5.32    0.00    0.00    0.00   42.55
06時40分27秒    1   24.69    0.00    7.41    0.00    0.00    1.23    0.00    0.00    0.00   66.67

06時40分27秒  CPU    %usr   %nice    %sys %iowait    %irq   %soft  %steal  %guest  %gnice   %idle
06時40分28秒    0   24.73    0.00   25.81    0.00    0.00    5.38    0.00    0.00    0.00   44.09
06時40分28秒    1   17.50    0.00   11.25    0.00    0.00    1.25    0.00    0.00    0.00   70.00

06時40分28秒  CPU    %usr   %nice    %sys %iowait    %irq   %soft  %steal  %guest  %gnice   %idle
06時40分29秒    0   29.35    0.00   22.83    0.00    0.00    5.43    0.00    0.00    0.00   42.39
06時40分29秒    1   19.51    0.00   12.20    0.00    0.00    2.44    0.00    0.00    0.00   65.85

06時40分29秒  CPU    %usr   %nice    %sys %iowait    %irq   %soft  %steal  %guest  %gnice   %idle
06時40分30秒    0   29.35    0.00   22.83    0.00    0.00    6.52    0.00    0.00    0.00   41.30
06時40分30秒    1   17.28    0.00   14.81    0.00    0.00    1.23    0.00    0.00    0.00   66.67

06時40分30秒  CPU    %usr   %nice    %sys %iowait    %irq   %soft  %steal  %guest  %gnice   %idle
06時40分31秒    0   34.41    0.00   19.35    0.00    0.00    5.38    0.00    0.00    0.00   40.86
06時40分31秒    1   24.69    0.00    7.41    0.00    0.00    2.47    0.00    0.00    0.00   65.43

06時40分31秒  CPU    %usr   %nice    %sys %iowait    %irq   %soft  %steal  %guest  %gnice   %idle
06時40分32秒    0   31.91    0.00   19.15    0.00    0.00    5.32    0.00    0.00    0.00   43.62
06時40分32秒    1   21.25    0.00    8.75    0.00    0.00    1.25    0.00    0.00    0.00   68.75

06時40分32秒  CPU    %usr   %nice    %sys %iowait    %irq   %soft  %steal  %guest  %gnice   %idle
06時40分33秒    0   30.85    0.00   21.28    0.00    0.00    5.32    0.00    0.00    0.00   42.55
06時40分33秒    1   20.99    0.00    9.88    0.00    0.00    2.47    0.00    0.00    0.00   66.67

06時40分33秒  CPU    %usr   %nice    %sys %iowait    %irq   %soft  %steal  %guest  %gnice   %idle
06時40分34秒    0   35.16    0.00   17.58    0.00    0.00    5.49    0.00    0.00    0.00   41.76
06時40分34秒    1   22.78    0.00    7.59    0.00    0.00    1.27    0.00    0.00    0.00   68.35

06時40分34秒  CPU    %usr   %nice    %sys %iowait    %irq   %soft  %steal  %guest  %gnice   %idle
06時40分35秒    0   30.85    0.00   23.40    0.00    0.00    5.32    0.00    0.00    0.00   40.43
06時40分35秒    1   20.48    0.00   12.05    0.00    0.00    2.41    0.00    0.00    0.00   65.06

06時40分35秒  CPU    %usr   %nice    %sys %iowait    %irq   %soft  %steal  %guest  %gnice   %idle
06時40分36秒    0   30.43    0.00   21.74    0.00    0.00    5.43    0.00    0.00    0.00   42.39
06時40分36秒    1   20.51    0.00    8.97    0.00    0.00    1.28    0.00    0.00    0.00   69.23

06時40分36秒  CPU    %usr   %nice    %sys %iowait    %irq   %soft  %steal  %guest  %gnice   %idle
06時40分37秒    0   32.63    0.00   21.05    0.00    0.00    5.26    0.00    0.00    0.00   41.05
06時40分37秒    1   20.99    0.00    9.88    0.00    0.00    2.47    0.00    0.00    0.00   66.67

06時40分37秒  CPU    %usr   %nice    %sys %iowait    %irq   %soft  %steal  %guest  %gnice   %idle
06時40分38秒    0   28.72    0.00   23.40    0.00    0.00    6.38    0.00    0.00    0.00   41.49
06時40分38秒    1   21.25    0.00   10.00    0.00    0.00    1.25    0.00    0.00    0.00   67.50

06時40分38秒  CPU    %usr   %nice    %sys %iowait    %irq   %soft  %steal  %guest  %gnice   %idle
06時40分39秒    0   32.26    0.00   22.58    0.00    0.00    5.38    0.00    0.00    0.00   39.78
06時40分39秒    1   18.52    0.00   12.35    0.00    0.00    2.47    0.00    0.00    0.00   66.67

06時40分39秒  CPU    %usr   %nice    %sys %iowait    %irq   %soft  %steal  %guest  %gnice   %idle
06時40分40秒    0   29.03    0.00   21.51    0.00    0.00    5.38    0.00    0.00    0.00   44.09
06時40分40秒    1   23.17    0.00    8.54    0.00    0.00    1.22    0.00    0.00    0.00   67.07

06時40分40秒  CPU    %usr   %nice    %sys %iowait    %irq   %soft  %steal  %guest  %gnice   %idle
06時40分41秒    0   28.26    0.00   22.83    0.00    1.09    5.43    0.00    0.00    0.00   42.39
06時40分41秒    1   22.22    0.00    8.64    0.00    0.00    2.47    0.00    0.00    0.00   66.67

06時40分41秒  CPU    %usr   %nice    %sys %iowait    %irq   %soft  %steal  %guest  %gnice   %idle
06時40分42秒    0   33.33    0.00   19.35    0.00    0.00    5.38    0.00    0.00    0.00   41.94
06時40分42秒    1   20.25    0.00   10.13    0.00    0.00    1.27    0.00    0.00    0.00   68.35

06時40分42秒  CPU    %usr   %nice    %sys %iowait    %irq   %soft  %steal  %guest  %gnice   %idle
06時40分43秒    0   28.26    0.00   23.91    0.00    0.00    5.43    0.00    0.00    0.00   42.39
06時40分43秒    1   18.52    0.00   12.35    0.00    0.00    2.47    0.00    0.00    0.00   66.67

06時40分43秒  CPU    %usr   %nice    %sys %iowait    %irq   %soft  %steal  %guest  %gnice   %idle
06時40分44秒    0   30.85    0.00   20.21    0.00    0.00    5.32    0.00    0.00    0.00   43.62
06時40分44秒    1   20.00    0.00   10.00    0.00    0.00    1.25    0.00    0.00    0.00   68.75

06時40分44秒  CPU    %usr   %nice    %sys %iowait    %irq   %soft  %steal  %guest  %gnice   %idle
06時40分45秒    0   29.79    0.00   25.53    0.00    0.00    6.38    0.00    0.00    0.00   38.30
06時40分45秒    1   20.99    0.00   11.11    0.00    0.00    2.47    0.00    0.00    0.00   65.43

06時40分45秒  CPU    %usr   %nice    %sys %iowait    %irq   %soft  %steal  %guest  %gnice   %idle
06時40分46秒    0   31.18    0.00   21.51    0.00    0.00    5.38    0.00    0.00    0.00   41.94
06時40分46秒    1   20.51    0.00   10.26    0.00    0.00    1.28    0.00    0.00    0.00   67.95

06時40分46秒  CPU    %usr   %nice    %sys %iowait    %irq   %soft  %steal  %guest  %gnice   %idle
06時40分47秒    0   27.96    0.00   24.73    0.00    0.00    5.38    0.00    0.00    0.00   41.94
06時40分47秒    1   20.48    0.00   10.84    0.00    0.00    2.41    0.00    0.00    0.00   66.27

06時40分47秒  CPU    %usr   %nice    %sys %iowait    %irq   %soft  %steal  %guest  %gnice   %idle
06時40分48秒    0   30.85    0.00   23.40    0.00    0.00    5.32    0.00    0.00    0.00   40.43
06時40分48秒    1   22.50    0.00   11.25    0.00    0.00    1.25    0.00    0.00    0.00   65.00

06時40分48秒  CPU    %usr   %nice    %sys %iowait    %irq   %soft  %steal  %guest  %gnice   %idle
06時40分49秒    0   31.18    0.00   22.58    0.00    0.00    5.38    0.00    0.00    0.00   40.86
06時40分49秒    1   20.00    0.00   10.00    0.00    0.00    2.50    0.00    0.00    0.00   67.50

06時40分49秒  CPU    %usr   %nice    %sys %iowait    %irq   %soft  %steal  %guest  %gnice   %idle
06時40分50秒    0   30.43    0.00   21.74    0.00    0.00    5.43    0.00    0.00    0.00   42.39
06時40分50秒    1   19.75    0.00   11.11    0.00    0.00    2.47    0.00    0.00    0.00   66.67

06時40分50秒  CPU    %usr   %nice    %sys %iowait    %irq   %soft  %steal  %guest  %gnice   %idle
06時40分51秒    0   28.42    0.00   25.26    0.00    0.00    6.32    0.00    0.00    0.00   40.00
06時40分51秒    1   24.69    0.00    9.88    0.00    0.00    1.23    0.00    0.00    0.00   64.20

06時40分51秒  CPU    %usr   %nice    %sys %iowait    %irq   %soft  %steal  %guest  %gnice   %idle
06時40分52秒    0   27.66    0.00   24.47    0.00    0.00    5.32    0.00    0.00    0.00   42.55
06時40分52秒    1   20.00    0.00   10.00    0.00    0.00    1.25    0.00    0.00    0.00   68.75

06時40分52秒  CPU    %usr   %nice    %sys %iowait    %irq   %soft  %steal  %guest  %gnice   %idle
06時40分53秒    0   34.41    0.00   20.43    0.00    0.00    5.38    0.00    0.00    0.00   39.78
06時40分53秒    1   21.52    0.00    8.86    0.00    0.00    2.53    0.00    0.00    0.00   67.09

06時40分53秒  CPU    %usr   %nice    %sys %iowait    %irq   %soft  %steal  %guest  %gnice   %idle
06時40分54秒    0   31.18    0.00   21.51    0.00    0.00    5.38    0.00    0.00    0.00   41.94
06時40分54秒    1   19.75    0.00   11.11    0.00    0.00    1.23    0.00    0.00    0.00   67.90

06時40分54秒  CPU    %usr   %nice    %sys %iowait    %irq   %soft  %steal  %guest  %gnice   %idle
06時40分55秒    0   28.72    0.00   23.40    0.00    0.00    5.32    0.00    0.00    0.00   42.55
06時40分55秒    1   20.99    0.00    9.88    0.00    0.00    2.47    0.00    0.00    0.00   66.67

06時40分55秒  CPU    %usr   %nice    %sys %iowait    %irq   %soft  %steal  %guest  %gnice   %idle
06時40分56秒    0   30.11    0.00   23.66    0.00    0.00    5.38    0.00    0.00    0.00   40.86
06時40分56秒    1   23.75    0.00    7.50    0.00    0.00    1.25    0.00    0.00    0.00   67.50

06時40分56秒  CPU    %usr   %nice    %sys %iowait    %irq   %soft  %steal  %guest  %gnice   %idle
06時40分57秒    0   29.47    0.00   24.21    0.00    0.00    6.32    0.00    0.00    0.00   40.00
06時40分57秒    1   21.79    0.00    8.97    0.00    0.00    2.56    0.00    0.00    0.00   66.67

06時40分57秒  CPU    %usr   %nice    %sys %iowait    %irq   %soft  %steal  %guest  %gnice   %idle
06時40分58秒    0   32.26    0.00   21.51    0.00    0.00    5.38    0.00    0.00    0.00   40.86
06時40分58秒    1   21.25    0.00    8.75    0.00    0.00    2.50    0.00    0.00    0.00   67.50

06時40分58秒  CPU    %usr   %nice    %sys %iowait    %irq   %soft  %steal  %guest  %gnice   %idle
06時40分59秒    0   29.03    0.00   22.58    0.00    0.00    5.38    0.00    0.00    0.00   43.01
06時40分59秒    1   23.46    0.00    8.64    0.00    0.00    1.23    0.00    0.00    0.00   66.67

06時40分59秒  CPU    %usr   %nice    %sys %iowait    %irq   %soft  %steal  %guest  %gnice   %idle
06時41分00秒    0   27.66    0.00   25.53    0.00    0.00    5.32    0.00    0.00    0.00   41.49
06時41分00秒    1   18.99    0.00   11.39    0.00    0.00    1.27    0.00    0.00    0.00   68.35

06時41分00秒  CPU    %usr   %nice    %sys %iowait    %irq   %soft  %steal  %guest  %gnice   %idle
06時41分01秒    0   29.79    0.00   22.34    0.00    0.00    5.32    0.00    0.00    0.00   42.55
06時41分01秒    1   18.29    0.00   10.98    0.00    1.22    2.44    0.00    0.00    0.00   67.07

06時41分01秒  CPU    %usr   %nice    %sys %iowait    %irq   %soft  %steal  %guest  %gnice   %idle
06時41分02秒    0   30.85    0.00   22.34    0.00    1.06    5.32    0.00    0.00    0.00   40.43
06時41分02秒    1   18.52    0.00   13.58    0.00    0.00    2.47    0.00    0.00    0.00   65.43

06時41分02秒  CPU    %usr   %nice    %sys %iowait    %irq   %soft  %steal  %guest  %gnice   %idle
06時41分03秒    0   28.72    0.00   24.47    0.00    0.00    5.32    0.00    0.00    0.00   41.49
06時41分03秒    1   20.00    0.00   11.25    0.00    0.00    1.25    0.00    0.00    0.00   67.50

06時41分03秒  CPU    %usr   %nice    %sys %iowait    %irq   %soft  %steal  %guest  %gnice   %idle
06時41分04秒    0   27.96    0.00   23.66    0.00    0.00    6.45    0.00    0.00    0.00   41.94
06時41分04秒    1   18.75    0.00   11.25    0.00    0.00    2.50    0.00    0.00    0.00   67.50

06時41分04秒  CPU    %usr   %nice    %sys %iowait    %irq   %soft  %steal  %guest  %gnice   %idle
06時41分05秒    0   27.96    0.00   25.81    0.00    0.00    5.38    0.00    0.00    0.00   40.86
06時41分05秒    1   23.75    0.00    8.75    0.00    0.00    1.25    0.00    0.00    0.00   66.25

06時41分05秒  CPU    %usr   %nice    %sys %iowait    %irq   %soft  %steal  %guest  %gnice   %idle
06時41分06秒    0   29.79    0.00   23.40    0.00    0.00    5.32    0.00    0.00    0.00   41.49
06時41分06秒    1   20.00    0.00   10.00    0.00    0.00    2.50    0.00    0.00    0.00   67.50

06時41分06秒  CPU    %usr   %nice    %sys %iowait    %irq   %soft  %steal  %guest  %gnice   %idle
06時41分07秒    0   29.03    0.00   25.81    0.00    0.00    5.38    0.00    0.00    0.00   39.78
06時41分07秒    1   22.78    0.00    8.86    0.00    0.00    1.27    0.00    0.00    0.00   67.09

06時41分07秒  CPU    %usr   %nice    %sys %iowait    %irq   %soft  %steal  %guest  %gnice   %idle
06時41分08秒    0   32.26    0.00   20.43    0.00    0.00    5.38    0.00    0.00    0.00   41.94
06時41分08秒    1   19.75    0.00   11.11    0.00    0.00    2.47    0.00    0.00    0.00   66.67

06時41分08秒  CPU    %usr   %nice    %sys %iowait    %irq   %soft  %steal  %guest  %gnice   %idle
06時41分09秒    0   31.18    0.00   21.51    0.00    0.00    6.45    0.00    0.00    0.00   40.86
06時41分09秒    1   20.25    0.00   11.39    0.00    0.00    1.27    0.00    0.00    0.00   67.09

06時41分09秒  CPU    %usr   %nice    %sys %iowait    %irq   %soft  %steal  %guest  %gnice   %idle
06時41分10秒    0   28.57    0.00   23.08    0.00    0.00    5.49    0.00    0.00    0.00   42.86
06時41分10秒    1   22.50    0.00    7.50    0.00    0.00    2.50    0.00    0.00    0.00   67.50

06時41分10秒  CPU    %usr   %nice    %sys %iowait    %irq   %soft  %steal  %guest  %gnice   %idle
06時41分11秒    0   32.26    0.00   19.35    0.00    0.00    5.38    0.00    0.00    0.00   43.01
06時41分11秒    1   23.17    0.00    8.54    0.00    0.00    1.22    0.00    0.00    0.00   67.07

06時41分11秒  CPU    %usr   %nice    %sys %iowait    %irq   %soft  %steal  %guest  %gnice   %idle
06時41分12秒    0   34.04    0.00   19.15    0.00    0.00    5.32    0.00    0.00    0.00   41.49
06時41分12秒    1   20.25    0.00    8.86    0.00    0.00    2.53    0.00    0.00    0.00   68.35

06時41分12秒  CPU    %usr   %nice    %sys %iowait    %irq   %soft  %steal  %guest  %gnice   %idle
06時41分13秒    0   29.03    0.00   22.58    0.00    0.00    5.38    0.00    0.00    0.00   43.01
06時41分13秒    1   21.25    0.00   10.00    0.00    0.00    1.25    0.00    0.00    0.00   67.50

06時41分13秒  CPU    %usr   %nice    %sys %iowait    %irq   %soft  %steal  %guest  %gnice   %idle
06時41分14秒    0   27.96    0.00   23.66    0.00    0.00    5.38    0.00    0.00    0.00   43.01
06時41分14秒    1   20.99    0.00    8.64    0.00    0.00    2.47    0.00    0.00    0.00   67.90

06時41分14秒  CPU    %usr   %nice    %sys %iowait    %irq   %soft  %steal  %guest  %gnice   %idle
06時41分15秒    0   31.18    0.00   22.58    0.00    0.00    5.38    0.00    0.00    0.00   40.86
06時41分15秒    1   20.25    0.00   11.39    0.00    0.00    1.27    0.00    0.00    0.00   67.09

06時41分15秒  CPU    %usr   %nice    %sys %iowait    %irq   %soft  %steal  %guest  %gnice   %idle
06時41分16秒    0   29.35    0.00   23.91    0.00    0.00    5.43    0.00    0.00    0.00   41.30
06時41分16秒    1   25.30    0.00    7.23    0.00    0.00    2.41    0.00    0.00    0.00   65.06

06時41分16秒  CPU    %usr   %nice    %sys %iowait    %irq   %soft  %steal  %guest  %gnice   %idle
06時41分17秒    0   29.03    0.00   22.58    0.00    0.00    5.38    0.00    0.00    0.00   43.01
06時41分17秒    1   21.79    0.00    7.69    0.00    0.00    1.28    0.00    0.00    0.00   69.23

06時41分17秒  CPU    %usr   %nice    %sys %iowait    %irq   %soft  %steal  %guest  %gnice   %idle
06時41分18秒    0   32.61    0.00   18.48    0.00    0.00    6.52    0.00    0.00    0.00   42.39
06時41分18秒    1   19.51    0.00   12.20    0.00    0.00    2.44    0.00    0.00    0.00   65.85

06時41分18秒  CPU    %usr   %nice    %sys %iowait    %irq   %soft  %steal  %guest  %gnice   %idle
06時41分19秒    0   30.11    0.00   23.66    0.00    0.00    5.38    0.00    0.00    0.00   40.86
06時41分19秒    1   18.99    0.00   12.66    0.00    0.00    1.27    0.00    0.00    0.00   67.09

06時41分19秒  CPU    %usr   %nice    %sys %iowait    %irq   %soft  %steal  %guest  %gnice   %idle
06時41分20秒    0   30.43    0.00   22.83    0.00    0.00    5.43    0.00    0.00    0.00   41.30
06時41分20秒    1   25.61    0.00    7.32    0.00    0.00    2.44    0.00    0.00    0.00   64.63

06時41分20秒  CPU    %usr   %nice    %sys %iowait    %irq   %soft  %steal  %guest  %gnice   %idle
06時41分21秒    0   34.04    0.00   18.09    0.00    0.00    5.32    0.00    0.00    0.00   42.55
06時41分21秒    1   23.46    0.00    7.41    0.00    0.00    1.23    0.00    0.00    0.00   67.90

06時41分21秒  CPU    %usr   %nice    %sys %iowait    %irq   %soft  %steal  %guest  %gnice   %idle
06時41分22秒    0   28.26    0.00   22.83    0.00    1.09    5.43    0.00    0.00    0.00   42.39
06時41分22秒    1   21.25    0.00    8.75    0.00    0.00    2.50    0.00    0.00    0.00   67.50

06時41分22秒  CPU    %usr   %nice    %sys %iowait    %irq   %soft  %steal  %guest  %gnice   %idle
06時41分23秒    0   29.35    0.00   23.91    0.00    0.00    5.43    0.00    0.00    0.00   41.30
06時41分23秒    1   21.25    0.00   11.25    0.00    0.00    1.25    0.00    0.00    0.00   66.25

06時41分23秒  CPU    %usr   %nice    %sys %iowait    %irq   %soft  %steal  %guest  %gnice   %idle
06時41分24秒    0   28.72    0.00   24.47    0.00    0.00    6.38    0.00    0.00    0.00   40.43
06時41分24秒    1   21.95    0.00    9.76    0.00    0.00    2.44    0.00    0.00    0.00   65.85

06時41分24秒  CPU    %usr   %nice    %sys %iowait    %irq   %soft  %steal  %guest  %gnice   %idle
06時41分25秒    0   31.52    0.00   19.57    0.00    0.00    5.43    0.00    0.00    0.00   43.48
06時41分25秒    1   20.73    0.00   10.98    0.00    0.00    1.22    0.00    0.00    0.00   67.07

06時41分25秒  CPU    %usr   %nice    %sys %iowait    %irq   %soft  %steal  %guest  %gnice   %idle
06時41分26秒    0   27.96    0.00   23.66    0.00    0.00    5.38    0.00    0.00    0.00   43.01
06時41分26秒    1   22.50    0.00    6.25    0.00    0.00    2.50    0.00    0.00    0.00   68.75

06時41分26秒  CPU    %usr   %nice    %sys %iowait    %irq   %soft  %steal  %guest  %gnice   %idle
06時41分27秒    0   26.88    0.00   26.88    0.00    0.00    5.38    0.00    0.00    0.00   40.86
06時41分27秒    1   17.95    0.00   12.82    0.00    0.00    1.28    0.00    0.00    0.00   67.95

06時41分27秒  CPU    %usr   %nice    %sys %iowait    %irq   %soft  %steal  %guest  %gnice   %idle
06時41分28秒    0   30.43    0.00   22.83    0.00    0.00    5.43    0.00    0.00    0.00   41.30
06時41分28秒    1   20.00    0.00   11.25    0.00    0.00    2.50    0.00    0.00    0.00   66.25

06時41分28秒  CPU    %usr   %nice    %sys %iowait    %irq   %soft  %steal  %guest  %gnice   %idle
06時41分29秒    0   29.03    0.00   23.66    0.00    0.00    5.38    0.00    0.00    0.00   41.94
06時41分29秒    1   21.25    0.00   10.00    0.00    0.00    1.25    0.00    0.00    0.00   67.50

06時41分29秒  CPU    %usr   %nice    %sys %iowait    %irq   %soft  %steal  %guest  %gnice   %idle
06時41分30秒    0   27.66    0.00   25.53    0.00    0.00    5.32    0.00    0.00    0.00   41.49
06時41分30秒    1   19.75    0.00   11.11    0.00    0.00    2.47    0.00    0.00    0.00   66.67

06時41分30秒  CPU    %usr   %nice    %sys %iowait    %irq   %soft  %steal  %guest  %gnice   %idle
06時41分31秒    0   28.26    0.00   23.91    0.00    0.00    5.43    0.00    0.00    0.00   42.39
06時41分31秒    1   18.75    0.00   11.25    0.00    0.00    1.25    0.00    0.00    0.00   68.75

06時41分31秒  CPU    %usr   %nice    %sys %iowait    %irq   %soft  %steal  %guest  %gnice   %idle
06時41分32秒    0   33.33    0.00   19.35    0.00    0.00    6.45    0.00    0.00    0.00   40.86
06時41分32秒    1   21.69    0.00   12.05    0.00    0.00    2.41    0.00    0.00    0.00   63.86

06時41分32秒  CPU    %usr   %nice    %sys %iowait    %irq   %soft  %steal  %guest  %gnice   %idle
06時41分33秒    0   31.18    0.00   22.58    0.00    0.00    5.38    0.00    0.00    0.00   40.86
06時41分33秒    1   21.25    0.00   10.00    0.00    0.00    1.25    0.00    0.00    0.00   67.50

06時41分33秒  CPU    %usr   %nice    %sys %iowait    %irq   %soft  %steal  %guest  %gnice   %idle
06時41分34秒    0   29.03    0.00   24.73    0.00    0.00    5.38    0.00    0.00    0.00   40.86
06時41分34秒    1   21.25    0.00   11.25    0.00    0.00    2.50    0.00    0.00    0.00   65.00

06時41分34秒  CPU    %usr   %nice    %sys %iowait    %irq   %soft  %steal  %guest  %gnice   %idle
06時41分35秒    0   34.04    0.00   19.15    0.00    0.00    5.32    0.00    0.00    0.00   41.49
06時41分35秒    1   18.99    0.00   11.39    0.00    0.00    1.27    0.00    0.00    0.00   68.35

06時41分35秒  CPU    %usr   %nice    %sys %iowait    %irq   %soft  %steal  %guest  %gnice   %idle
06時41分36秒    0   30.77    0.00   21.98    0.00    0.00    5.49    0.00    0.00    0.00   41.76
06時41分36秒    1   20.73    0.00   10.98    0.00    0.00    2.44    0.00    0.00    0.00   65.85

06時41分36秒  CPU    %usr   %nice    %sys %iowait    %irq   %soft  %steal  %guest  %gnice   %idle
06時41分37秒    0   27.96    0.00   23.66    0.00    0.00    6.45    0.00    0.00    0.00   41.94
06時41分37秒    1   20.25    0.00   10.13    0.00    0.00    1.27    0.00    0.00    0.00   68.35

06時41分37秒  CPU    %usr   %nice    %sys %iowait    %irq   %soft  %steal  %guest  %gnice   %idle
06時41分38秒    0   29.35    0.00   21.74    0.00    0.00    5.43    0.00    0.00    0.00   43.48
06時41分38秒    1   23.17    0.00    8.54    0.00    0.00    2.44    0.00    0.00    0.00   65.85

06時41分38秒  CPU    %usr   %nice    %sys %iowait    %irq   %soft  %steal  %guest  %gnice   %idle
06時41分39秒    0   34.04    0.00   21.28    0.00    0.00    5.32    0.00    0.00    0.00   39.36
06時41分39秒    1   21.25    0.00   10.00    0.00    0.00    2.50    0.00    0.00    0.00   66.25

06時41分39秒  CPU    %usr   %nice    %sys %iowait    %irq   %soft  %steal  %guest  %gnice   %idle
06時41分40秒    0   32.61    0.00   20.65    0.00    0.00    5.43    0.00    0.00    0.00   41.30
06時41分40秒    1   20.25    0.00    8.86    0.00    1.27    1.27    0.00    0.00    0.00   68.35

06時41分40秒  CPU    %usr   %nice    %sys %iowait    %irq   %soft  %steal  %guest  %gnice   %idle
06時41分41秒    0   29.03    0.00   23.66    0.00    0.00    5.38    0.00    0.00    0.00   41.94
06時41分41秒    1   20.00    0.00   10.00    0.00    0.00    2.50    0.00    0.00    0.00   67.50

06時41分41秒  CPU    %usr   %nice    %sys %iowait    %irq   %soft  %steal  %guest  %gnice   %idle
06時41分42秒    0   30.11    0.00   21.51    0.00    1.08    6.45    0.00    0.00    0.00   40.86
06時41分42秒    1   20.78    0.00    9.09    0.00    0.00    1.30    0.00    0.00    0.00   68.83

06時41分42秒  CPU    %usr   %nice    %sys %iowait    %irq   %soft  %steal  %guest  %gnice   %idle
06時41分43秒    0   30.11    0.00   22.58    0.00    0.00    5.38    0.00    0.00    0.00   41.94
06時41分43秒    1   21.95    0.00    9.76    0.00    0.00    2.44    0.00    0.00    0.00   65.85

06時41分43秒  CPU    %usr   %nice    %sys %iowait    %irq   %soft  %steal  %guest  %gnice   %idle
06時41分44秒    0   31.87    0.00   20.88    0.00    0.00    5.49    0.00    0.00    0.00   41.76
06時41分44秒    1   19.23    0.00   10.26    0.00    0.00    1.28    0.00    0.00    0.00   69.23

06時41分44秒  CPU    %usr   %nice    %sys %iowait    %irq   %soft  %steal  %guest  %gnice   %idle
06時41分45秒    0   31.18    0.00   21.51    0.00    0.00    5.38    0.00    0.00    0.00   41.94
06時41分45秒    1   20.99    0.00   11.11    0.00    0.00    2.47    0.00    0.00    0.00   65.43

06時41分45秒  CPU    %usr   %nice    %sys %iowait    %irq   %soft  %steal  %guest  %gnice   %idle
06時41分46秒    0   30.43    0.00   23.91    0.00    0.00    5.43    0.00    0.00    0.00   40.22
06時41分46秒    1   24.05    0.00    8.86    0.00    0.00    1.27    0.00    0.00    0.00   65.82

06時41分46秒  CPU    %usr   %nice    %sys %iowait    %irq   %soft  %steal  %guest  %gnice   %idle
06時41分47秒    0   27.66    0.00   22.34    0.00    0.00    5.32    0.00    0.00    0.00   44.68
06時41分47秒    1   17.86    0.00   13.10    0.00    0.00    2.38    0.00    0.00    0.00   66.67

06時41分47秒  CPU    %usr   %nice    %sys %iowait    %irq   %soft  %steal  %guest  %gnice   %idle
06時41分48秒    0   34.41    0.00   17.20    0.00    0.00    5.38    0.00    0.00    0.00   43.01
06時41分48秒    1   20.25    0.00    8.86    0.00    0.00    1.27    0.00    0.00    0.00   69.62

06時41分48秒  CPU    %usr   %nice    %sys %iowait    %irq   %soft  %steal  %guest  %gnice   %idle
06時41分49秒    0   34.41    0.00   19.35    0.00    0.00    5.38    0.00    0.00    0.00   40.86
06時41分49秒    1   20.99    0.00    9.88    0.00    0.00    2.47    0.00    0.00    0.00   66.67

06時41分49秒  CPU    %usr   %nice    %sys %iowait    %irq   %soft  %steal  %guest  %gnice   %idle
06時41分50秒    0   32.26    0.00   18.28    0.00    0.00    6.45    0.00    0.00    0.00   43.01
06時41分50秒    1   20.73    0.00   10.98    0.00    0.00    1.22    0.00    0.00    0.00   67.07

06時41分50秒  CPU    %usr   %nice    %sys %iowait    %irq   %soft  %steal  %guest  %gnice   %idle
06時41分51秒    0   29.35    0.00   25.00    0.00    0.00    5.43    0.00    0.00    0.00   40.22
06時41分51秒    1   23.46    0.00    8.64    0.00    0.00    2.47    0.00    0.00    0.00   65.43

06時41分51秒  CPU    %usr   %nice    %sys %iowait    %irq   %soft  %steal  %guest  %gnice   %idle
06時41分52秒    0   30.11    0.00   22.58    0.00    0.00    5.38    0.00    0.00    0.00   41.94
06時41分52秒    1   21.52    0.00   10.13    0.00    0.00    1.27    0.00    0.00    0.00   67.09

06時41分52秒  CPU    %usr   %nice    %sys %iowait    %irq   %soft  %steal  %guest  %gnice   %idle
06時41分53秒    0   32.63    0.00   23.16    0.00    0.00    5.26    0.00    0.00    0.00   38.95
06時41分53秒    1   21.25    0.00   10.00    0.00    0.00    2.50    0.00    0.00    0.00   66.25

06時41分53秒  CPU    %usr   %nice    %sys %iowait    %irq   %soft  %steal  %guest  %gnice   %idle
06時41分54秒    0   30.11    0.00   22.58    0.00    0.00    5.38    0.00    0.00    0.00   41.94
06時41分54秒    1   22.50    0.00    8.75    0.00    0.00    1.25    0.00    0.00    0.00   67.50

06時41分54秒  CPU    %usr   %nice    %sys %iowait    %irq   %soft  %steal  %guest  %gnice   %idle
06時41分55秒    0   31.52    0.00   21.74    0.00    0.00    6.52    0.00    0.00    0.00   40.22
06時41分55秒    1   20.99    0.00   11.11    0.00    0.00    2.47    0.00    0.00    0.00   65.43

06時41分55秒  CPU    %usr   %nice    %sys %iowait    %irq   %soft  %steal  %guest  %gnice   %idle
06時41分56秒    0   31.18    0.00   21.51    0.00    0.00    5.38    0.00    0.00    0.00   41.94
06時41分56秒    1   18.52    0.00   13.58    0.00    0.00    1.23    0.00    0.00    0.00   66.67

06時41分56秒  CPU    %usr   %nice    %sys %iowait    %irq   %soft  %steal  %guest  %gnice   %idle
06時41分57秒    0   30.53    0.00   23.16    0.00    0.00    5.26    0.00    0.00    0.00   41.05
06時41分57秒    1   20.00    0.00   11.25    0.00    0.00    2.50    0.00    0.00    0.00   66.25

06時41分57秒  CPU    %usr   %nice    %sys %iowait    %irq   %soft  %steal  %guest  %gnice   %idle
06時41分58秒    0   31.58    0.00   23.16    0.00    0.00    5.26    0.00    0.00    0.00   40.00
06時41分58秒    1   18.75    0.00   12.50    0.00    0.00    1.25    0.00    0.00    0.00   67.50

06時41分58秒  CPU    %usr   %nice    %sys %iowait    %irq   %soft  %steal  %guest  %gnice   %idle
06時41分59秒    0   27.96    0.00   25.81    0.00    0.00    5.38    0.00    0.00    0.00   40.86
06時41分59秒    1   22.50    0.00    8.75    0.00    0.00    2.50    0.00    0.00    0.00   66.25

06時41分59秒  CPU    %usr   %nice    %sys %iowait    %irq   %soft  %steal  %guest  %gnice   %idle
06時42分00秒    0   30.43    0.00   21.74    0.00    0.00    6.52    0.00    0.00    0.00   41.30
06時42分00秒    1   22.50    0.00   10.00    0.00    0.00    1.25    0.00    0.00    0.00   66.25

06時42分00秒  CPU    %usr   %nice    %sys %iowait    %irq   %soft  %steal  %guest  %gnice   %idle
06時42分01秒    0   27.47    0.00   24.18    0.00    0.00    5.49    0.00    0.00    0.00   42.86
06時42分01秒    1   21.25    0.00    8.75    0.00    0.00    2.50    0.00    0.00    0.00   67.50

06時42分01秒  CPU    %usr   %nice    %sys %iowait    %irq   %soft  %steal  %guest  %gnice   %idle
06時42分02秒    0   32.99    0.00   20.62    0.00    1.03    5.15    0.00    0.00    0.00   40.21
06時42分02秒    1   23.46    0.00    8.64    0.00    0.00    2.47    0.00    0.00    0.00   65.43

06時42分02秒  CPU    %usr   %nice    %sys %iowait    %irq   %soft  %steal  %guest  %gnice   %idle
06時42分03秒    0   29.03    0.00   23.66    0.00    0.00    5.38    0.00    0.00    0.00   41.94
06時42分03秒    1   17.28    0.00   14.81    0.00    0.00    1.23    0.00    0.00    0.00   66.67

06時42分03秒  CPU    %usr   %nice    %sys %iowait    %irq   %soft  %steal  %guest  %gnice   %idle
06時42分04秒    0   33.70    0.00   18.48    0.00    0.00    5.43    0.00    0.00    0.00   42.39
06時42分04秒    1   19.48    0.00    7.79    0.00    0.00    2.60    0.00    0.00    0.00   70.13

06時42分04秒  CPU    %usr   %nice    %sys %iowait    %irq   %soft  %steal  %guest  %gnice   %idle
06時42分05秒    0   29.03    0.00   22.58    0.00    0.00    5.38    0.00    0.00    0.00   43.01
06時42分05秒    1   20.00    0.00   10.00    0.00    0.00    1.25    0.00    0.00    0.00   68.75

06時42分05秒  CPU    %usr   %nice    %sys %iowait    %irq   %soft  %steal  %guest  %gnice   %idle
06時42分06秒    0   36.17    0.00   18.09    0.00    0.00    5.32    0.00    0.00    0.00   40.43
06時42分06秒    1   22.50    0.00    8.75    0.00    0.00    2.50    0.00    0.00    0.00   66.25

06時42分06秒  CPU    %usr   %nice    %sys %iowait    %irq   %soft  %steal  %guest  %gnice   %idle
06時42分07秒    0   26.60    0.00   26.60    0.00    0.00    6.38    0.00    0.00    0.00   40.43
06時42分07秒    1   23.75    0.00    8.75    0.00    0.00    1.25    0.00    0.00    0.00   66.25

平均時間：  CPU    %usr   %nice    %sys %iowait    %irq   %soft  %steal  %guest  %gnice   %idle
平均時間：    0   30.24    0.00   22.57    0.00    0.05    5.54    0.00    0.00    0.00   41.60
平均時間：    1   21.01    0.00   10.12    0.00    0.04    1.88    0.00    0.00    0.00   66.96
