Linux 5.6.15-arch1-1 (archlinux) 	西元2020年06月29日 	_x86_64_	(12 CPU)

06時32分16秒  CPU    %usr   %nice    %sys %iowait    %irq   %soft  %steal  %guest  %gnice   %idle
06時32分17秒    0   30.11    0.00   23.66    0.00    0.00    5.38    0.00    0.00    0.00   40.86
06時32分17秒    1   18.99    0.00   13.92    0.00    0.00    1.27    0.00    0.00    0.00   65.82

06時32分17秒  CPU    %usr   %nice    %sys %iowait    %irq   %soft  %steal  %guest  %gnice   %idle
06時32分18秒    0   31.52    0.00   20.65    0.00    0.00    6.52    0.00    0.00    0.00   41.30
06時32分18秒    1   19.75    0.00   11.11    0.00    0.00    2.47    0.00    0.00    0.00   66.67

06時32分18秒  CPU    %usr   %nice    %sys %iowait    %irq   %soft  %steal  %guest  %gnice   %idle
06時32分19秒    0   28.42    0.00   24.21    0.00    0.00    5.26    0.00    0.00    0.00   42.11
06時32分19秒    1   17.95    0.00   11.54    0.00    0.00    1.28    0.00    0.00    0.00   69.23

06時32分19秒  CPU    %usr   %nice    %sys %iowait    %irq   %soft  %steal  %guest  %gnice   %idle
06時32分20秒    0   29.03    0.00   23.66    0.00    0.00    5.38    0.00    0.00    0.00   41.94
06時32分20秒    1   21.25    0.00    8.75    0.00    0.00    2.50    0.00    0.00    0.00   67.50

06時32分20秒  CPU    %usr   %nice    %sys %iowait    %irq   %soft  %steal  %guest  %gnice   %idle
06時32分21秒    0   32.98    0.00   21.28    0.00    0.00    5.32    0.00    0.00    0.00   40.43
06時32分21秒    1   21.25    0.00   11.25    0.00    0.00    1.25    0.00    0.00    0.00   66.25

06時32分21秒  CPU    %usr   %nice    %sys %iowait    %irq   %soft  %steal  %guest  %gnice   %idle
06時32分22秒    0   31.58    0.00   21.05    0.00    1.05    5.26    0.00    0.00    0.00   41.05
06時32分22秒    1   18.99    0.00   10.13    0.00    0.00    2.53    0.00    0.00    0.00   68.35

06時32分22秒  CPU    %usr   %nice    %sys %iowait    %irq   %soft  %steal  %guest  %gnice   %idle
06時32分23秒    0   29.03    0.00   21.51    0.00    0.00    5.38    0.00    0.00    0.00   44.09
06時32分23秒    1   17.28    0.00   11.11    0.00    1.23    1.23    0.00    0.00    0.00   69.14

06時32分23秒  CPU    %usr   %nice    %sys %iowait    %irq   %soft  %steal  %guest  %gnice   %idle
06時32分24秒    0   31.25    0.00   21.88    0.00    0.00    6.25    0.00    0.00    0.00   40.62
06時32分24秒    1   18.75    0.00   10.00    0.00    0.00    2.50    0.00    0.00    0.00   68.75

06時32分24秒  CPU    %usr   %nice    %sys %iowait    %irq   %soft  %steal  %guest  %gnice   %idle
06時32分25秒    0   30.53    0.00   22.11    0.00    0.00    5.26    0.00    0.00    0.00   42.11
06時32分25秒    1   21.79    0.00    7.69    0.00    0.00    1.28    0.00    0.00    0.00   69.23

06時32分25秒  CPU    %usr   %nice    %sys %iowait    %irq   %soft  %steal  %guest  %gnice   %idle
06時32分26秒    0   32.98    0.00   20.21    0.00    0.00    5.32    0.00    0.00    0.00   41.49
06時32分26秒    1   17.72    0.00   10.13    0.00    0.00    2.53    0.00    0.00    0.00   69.62

06時32分26秒  CPU    %usr   %nice    %sys %iowait    %irq   %soft  %steal  %guest  %gnice   %idle
06時32分27秒    0   32.26    0.00   20.43    0.00    0.00    5.38    0.00    0.00    0.00   41.94
06時32分27秒    1   20.25    0.00   11.39    0.00    0.00    1.27    0.00    0.00    0.00   67.09

06時32分27秒  CPU    %usr   %nice    %sys %iowait    %irq   %soft  %steal  %guest  %gnice   %idle
06時32分28秒    0   30.21    0.00   20.83    0.00    0.00    5.21    0.00    0.00    0.00   43.75
06時32分28秒    1   18.52    0.00    8.64    0.00    0.00    2.47    0.00    0.00    0.00   70.37

06時32分28秒  CPU    %usr   %nice    %sys %iowait    %irq   %soft  %steal  %guest  %gnice   %idle
06時32分29秒    0   30.11    0.00   22.58    0.00    0.00    5.38    0.00    0.00    0.00   41.94
06時32分29秒    1   20.00    0.00   10.00    0.00    0.00    1.25    0.00    0.00    0.00   68.75

06時32分29秒  CPU    %usr   %nice    %sys %iowait    %irq   %soft  %steal  %guest  %gnice   %idle
06時32分30秒    0   27.96    0.00   24.73    0.00    0.00    5.38    0.00    0.00    0.00   41.94
06時32分30秒    1   16.67    0.00   11.54    0.00    0.00    2.56    0.00    0.00    0.00   69.23

06時32分30秒  CPU    %usr   %nice    %sys %iowait    %irq   %soft  %steal  %guest  %gnice   %idle
06時32分31秒    0   32.97    0.00   17.58    0.00    0.00    5.49    0.00    0.00    0.00   43.96
06時32分31秒    1   21.25    0.00    8.75    0.00    0.00    1.25    0.00    0.00    0.00   68.75

06時32分31秒  CPU    %usr   %nice    %sys %iowait    %irq   %soft  %steal  %guest  %gnice   %idle
06時32分32秒    0   26.60    0.00   24.47    0.00    0.00    5.32    0.00    0.00    0.00   43.62
06時32分32秒    1   17.72    0.00    8.86    0.00    0.00    1.27    0.00    0.00    0.00   72.15

06時32分32秒  CPU    %usr   %nice    %sys %iowait    %irq   %soft  %steal  %guest  %gnice   %idle
06時32分33秒    0   33.68    0.00   18.95    0.00    0.00    6.32    0.00    0.00    0.00   41.05
06時32分33秒    1   20.73    0.00   10.98    0.00    0.00    2.44    0.00    0.00    0.00   65.85

06時32分33秒  CPU    %usr   %nice    %sys %iowait    %irq   %soft  %steal  %guest  %gnice   %idle
06時32分34秒    0   27.96    0.00   24.73    0.00    0.00    5.38    0.00    0.00    0.00   41.94
06時32分34秒    1   18.99    0.00   10.13    0.00    0.00    1.27    0.00    0.00    0.00   69.62

06時32分34秒  CPU    %usr   %nice    %sys %iowait    %irq   %soft  %steal  %guest  %gnice   %idle
06時32分35秒    0   30.11    0.00   19.35    0.00    0.00    5.38    0.00    0.00    0.00   45.16
06時32分35秒    1   19.51    0.00    9.76    0.00    0.00    2.44    0.00    0.00    0.00   68.29

06時32分35秒  CPU    %usr   %nice    %sys %iowait    %irq   %soft  %steal  %guest  %gnice   %idle
06時32分36秒    0   29.79    0.00   21.28    0.00    0.00    5.32    0.00    0.00    0.00   43.62
06時32分36秒    1   21.52    0.00    7.59    0.00    0.00    1.27    0.00    0.00    0.00   69.62

06時32分36秒  CPU    %usr   %nice    %sys %iowait    %irq   %soft  %steal  %guest  %gnice   %idle
06時32分37秒    0   30.11    0.00   21.51    0.00    0.00    5.38    0.00    0.00    0.00   43.01
06時32分37秒    1   17.50    0.00   10.00    0.00    0.00    2.50    0.00    0.00    0.00   70.00

06時32分37秒  CPU    %usr   %nice    %sys %iowait    %irq   %soft  %steal  %guest  %gnice   %idle
06時32分38秒    0   32.26    0.00   19.35    0.00    0.00    5.38    0.00    0.00    0.00   43.01
06時32分38秒    1   21.52    0.00    7.59    0.00    0.00    1.27    0.00    0.00    0.00   69.62

06時32分38秒  CPU    %usr   %nice    %sys %iowait    %irq   %soft  %steal  %guest  %gnice   %idle
06時32分39秒    0   31.58    0.00   21.05    0.00    0.00    5.26    0.00    0.00    0.00   42.11
06時32分39秒    1   20.73    0.00    8.54    0.00    0.00    2.44    0.00    0.00    0.00   68.29

06時32分39秒  CPU    %usr   %nice    %sys %iowait    %irq   %soft  %steal  %guest  %gnice   %idle
06時32分40秒    0   27.96    0.00   23.66    0.00    0.00    5.38    0.00    0.00    0.00   43.01
06時32分40秒    1   17.95    0.00   10.26    0.00    0.00    1.28    0.00    0.00    0.00   70.51

06時32分40秒  CPU    %usr   %nice    %sys %iowait    %irq   %soft  %steal  %guest  %gnice   %idle
06時32分41秒    0   27.66    0.00   24.47    0.00    0.00    5.32    0.00    0.00    0.00   42.55
06時32分41秒    1   18.75    0.00   10.00    0.00    0.00    2.50    0.00    0.00    0.00   68.75

06時32分41秒  CPU    %usr   %nice    %sys %iowait    %irq   %soft  %steal  %guest  %gnice   %idle
06時32分42秒    0   31.58    0.00   20.00    0.00    1.05    5.26    0.00    0.00    0.00   42.11
06時32分42秒    1   20.51    0.00    8.97    0.00    0.00    1.28    0.00    0.00    0.00   69.23

06時32分42秒  CPU    %usr   %nice    %sys %iowait    %irq   %soft  %steal  %guest  %gnice   %idle
06時32分43秒    0   30.53    0.00   24.21    0.00    0.00    6.32    0.00    0.00    0.00   38.95
06時32分43秒    1   20.25    0.00   10.13    0.00    0.00    2.53    0.00    0.00    0.00   67.09

06時32分43秒  CPU    %usr   %nice    %sys %iowait    %irq   %soft  %steal  %guest  %gnice   %idle
06時32分44秒    0   33.70    0.00   16.30    0.00    0.00    5.43    0.00    0.00    0.00   44.57
06時32分44秒    1   19.75    0.00    9.88    0.00    0.00    1.23    0.00    0.00    0.00   69.14

06時32分44秒  CPU    %usr   %nice    %sys %iowait    %irq   %soft  %steal  %guest  %gnice   %idle
06時32分45秒    0   26.88    0.00   25.81    0.00    0.00    5.38    0.00    0.00    0.00   41.94
06時32分45秒    1   23.46    0.00    7.41    0.00    0.00    2.47    0.00    0.00    0.00   66.67

06時32分45秒  CPU    %usr   %nice    %sys %iowait    %irq   %soft  %steal  %guest  %gnice   %idle
06時32分46秒    0   30.85    0.00   23.40    0.00    0.00    5.32    0.00    0.00    0.00   40.43
06時32分46秒    1   23.46    0.00    8.64    0.00    0.00    1.23    0.00    0.00    0.00   66.67

06時32分46秒  CPU    %usr   %nice    %sys %iowait    %irq   %soft  %steal  %guest  %gnice   %idle
06時32分47秒    0   31.58    0.00   23.16    0.00    0.00    6.32    0.00    0.00    0.00   38.95
06時32分47秒    1   17.95    0.00   12.82    0.00    0.00    2.56    0.00    0.00    0.00   66.67

06時32分47秒  CPU    %usr   %nice    %sys %iowait    %irq   %soft  %steal  %guest  %gnice   %idle
06時32分48秒    0   27.17    0.00   23.91    0.00    0.00    5.43    0.00    0.00    0.00   43.48
06時32分48秒    1   17.28    0.00   12.35    0.00    0.00    1.23    0.00    0.00    0.00   69.14

06時32分48秒  CPU    %usr   %nice    %sys %iowait    %irq   %soft  %steal  %guest  %gnice   %idle
06時32分49秒    0   29.47    0.00   25.26    0.00    0.00    5.26    0.00    0.00    0.00   40.00
06時32分49秒    1   18.75    0.00   12.50    0.00    0.00    2.50    0.00    0.00    0.00   66.25

06時32分49秒  CPU    %usr   %nice    %sys %iowait    %irq   %soft  %steal  %guest  %gnice   %idle
06時32分50秒    0   27.96    0.00   23.66    0.00    0.00    5.38    0.00    0.00    0.00   43.01
06時32分50秒    1   18.52    0.00   12.35    0.00    0.00    1.23    0.00    0.00    0.00   67.90

06時32分50秒  CPU    %usr   %nice    %sys %iowait    %irq   %soft  %steal  %guest  %gnice   %idle
06時32分51秒    0   30.11    0.00   23.66    0.00    0.00    5.38    0.00    0.00    0.00   40.86
06時32分51秒    1   19.75    0.00   12.35    0.00    0.00    2.47    0.00    0.00    0.00   65.43

06時32分51秒  CPU    %usr   %nice    %sys %iowait    %irq   %soft  %steal  %guest  %gnice   %idle
06時32分52秒    0   32.98    0.00   19.15    0.00    0.00    5.32    0.00    0.00    0.00   42.55
06時32分52秒    1   20.00    0.00   10.00    0.00    0.00    1.25    0.00    0.00    0.00   68.75

06時32分52秒  CPU    %usr   %nice    %sys %iowait    %irq   %soft  %steal  %guest  %gnice   %idle
06時32分53秒    0   28.57    0.00   23.08    0.00    0.00    6.59    0.00    0.00    0.00   41.76
06時32分53秒    1   18.75    0.00   11.25    0.00    0.00    2.50    0.00    0.00    0.00   67.50

06時32分53秒  CPU    %usr   %nice    %sys %iowait    %irq   %soft  %steal  %guest  %gnice   %idle
06時32分54秒    0   32.98    0.00   20.21    0.00    0.00    5.32    0.00    0.00    0.00   41.49
06時32分54秒    1   19.23    0.00   11.54    0.00    0.00    1.28    0.00    0.00    0.00   67.95

06時32分54秒  CPU    %usr   %nice    %sys %iowait    %irq   %soft  %steal  %guest  %gnice   %idle
06時32分55秒    0   30.43    0.00   20.65    0.00    0.00    5.43    0.00    0.00    0.00   43.48
06時32分55秒    1   17.50    0.00   10.00    0.00    0.00    2.50    0.00    0.00    0.00   70.00

06時32分55秒  CPU    %usr   %nice    %sys %iowait    %irq   %soft  %steal  %guest  %gnice   %idle
06時32分56秒    0   34.78    0.00   19.57    0.00    0.00    5.43    0.00    0.00    0.00   40.22
06時32分56秒    1   20.00    0.00   12.50    0.00    0.00    1.25    0.00    0.00    0.00   66.25

06時32分56秒  CPU    %usr   %nice    %sys %iowait    %irq   %soft  %steal  %guest  %gnice   %idle
06時32分57秒    0   27.96    0.00   22.58    0.00    0.00    5.38    0.00    0.00    0.00   44.09
06時32分57秒    1   16.25    0.00   11.25    0.00    0.00    2.50    0.00    0.00    0.00   70.00

06時32分57秒  CPU    %usr   %nice    %sys %iowait    %irq   %soft  %steal  %guest  %gnice   %idle
06時32分58秒    0   29.47    0.00   23.16    0.00    0.00    6.32    0.00    0.00    0.00   41.05
06時32分58秒    1   23.75    0.00    7.50    0.00    0.00    1.25    0.00    0.00    0.00   67.50

06時32分58秒  CPU    %usr   %nice    %sys %iowait    %irq   %soft  %steal  %guest  %gnice   %idle
06時32分59秒    0   31.52    0.00   22.83    0.00    0.00    5.43    0.00    0.00    0.00   40.22
06時32分59秒    1   23.75    0.00    7.50    0.00    0.00    2.50    0.00    0.00    0.00   66.25

06時32分59秒  CPU    %usr   %nice    %sys %iowait    %irq   %soft  %steal  %guest  %gnice   %idle
06時33分00秒    0   29.35    0.00   22.83    0.00    0.00    5.43    0.00    0.00    0.00   42.39
06時33分00秒    1   21.79    0.00    7.69    0.00    0.00    1.28    0.00    0.00    0.00   69.23

06時33分00秒  CPU    %usr   %nice    %sys %iowait    %irq   %soft  %steal  %guest  %gnice   %idle
06時33分01秒    0   31.91    0.00   21.28    0.00    0.00    5.32    0.00    0.00    0.00   41.49
06時33分01秒    1   19.75    0.00   11.11    0.00    0.00    2.47    0.00    0.00    0.00   66.67

06時33分01秒  CPU    %usr   %nice    %sys %iowait    %irq   %soft  %steal  %guest  %gnice   %idle
06時33分02秒    0   31.58    0.00   21.05    0.00    1.05    5.26    0.00    0.00    0.00   41.05
06時33分02秒    1   23.17    0.00    8.54    0.00    1.22    1.22    0.00    0.00    0.00   65.85

06時33分02秒  CPU    %usr   %nice    %sys %iowait    %irq   %soft  %steal  %guest  %gnice   %idle
06時33分03秒    0   34.04    0.00   20.21    0.00    0.00    6.38    0.00    0.00    0.00   39.36
06時33分03秒    1   22.22    0.00    9.88    0.00    0.00    2.47    0.00    0.00    0.00   65.43

06時33分03秒  CPU    %usr   %nice    %sys %iowait    %irq   %soft  %steal  %guest  %gnice   %idle
06時33分04秒    0   31.87    0.00   18.68    0.00    0.00    5.49    0.00    0.00    0.00   43.96
06時33分04秒    1   16.67    0.00   11.54    0.00    0.00    1.28    0.00    0.00    0.00   70.51

06時33分04秒  CPU    %usr   %nice    %sys %iowait    %irq   %soft  %steal  %guest  %gnice   %idle
06時33分05秒    0   30.85    0.00   22.34    0.00    0.00    5.32    0.00    0.00    0.00   41.49
06時33分05秒    1   20.00    0.00   10.00    0.00    0.00    2.50    0.00    0.00    0.00   67.50

06時33分05秒  CPU    %usr   %nice    %sys %iowait    %irq   %soft  %steal  %guest  %gnice   %idle
06時33分06秒    0   29.35    0.00   22.83    0.00    0.00    5.43    0.00    0.00    0.00   42.39
06時33分06秒    1   21.25    0.00   10.00    0.00    0.00    1.25    0.00    0.00    0.00   67.50

06時33分06秒  CPU    %usr   %nice    %sys %iowait    %irq   %soft  %steal  %guest  %gnice   %idle
06時33分07秒    0   31.52    0.00   20.65    0.00    0.00    6.52    0.00    0.00    0.00   41.30
06時33分07秒    1   22.89    0.00    9.64    0.00    0.00    2.41    0.00    0.00    0.00   65.06

06時33分07秒  CPU    %usr   %nice    %sys %iowait    %irq   %soft  %steal  %guest  %gnice   %idle
06時33分08秒    0   31.18    0.00   21.51    0.00    0.00    5.38    0.00    0.00    0.00   41.94
06時33分08秒    1   19.23    0.00    8.97    0.00    0.00    1.28    0.00    0.00    0.00   70.51

06時33分08秒  CPU    %usr   %nice    %sys %iowait    %irq   %soft  %steal  %guest  %gnice   %idle
06時33分09秒    0   32.98    0.00   21.28    0.00    0.00    5.32    0.00    0.00    0.00   40.43
06時33分09秒    1   21.25    0.00   10.00    0.00    0.00    2.50    0.00    0.00    0.00   66.25

06時33分09秒  CPU    %usr   %nice    %sys %iowait    %irq   %soft  %steal  %guest  %gnice   %idle
06時33分10秒    0   31.18    0.00   20.43    0.00    0.00    5.38    0.00    0.00    0.00   43.01
06時33分10秒    1   19.23    0.00    8.97    0.00    0.00    1.28    0.00    0.00    0.00   70.51

06時33分10秒  CPU    %usr   %nice    %sys %iowait    %irq   %soft  %steal  %guest  %gnice   %idle
06時33分11秒    0   27.66    0.00   26.60    0.00    0.00    5.32    0.00    0.00    0.00   40.43
06時33分11秒    1   19.23    0.00   10.26    0.00    0.00    2.56    0.00    0.00    0.00   67.95

06時33分11秒  CPU    %usr   %nice    %sys %iowait    %irq   %soft  %steal  %guest  %gnice   %idle
06時33分12秒    0   31.91    0.00   21.28    0.00    0.00    6.38    0.00    0.00    0.00   40.43
06時33分12秒    1   18.99    0.00   12.66    0.00    0.00    1.27    0.00    0.00    0.00   67.09

06時33分12秒  CPU    %usr   %nice    %sys %iowait    %irq   %soft  %steal  %guest  %gnice   %idle
06時33分13秒    0   32.63    0.00   21.05    0.00    0.00    5.26    0.00    0.00    0.00   41.05
06時33分13秒    1   20.00    0.00   10.00    0.00    0.00    2.50    0.00    0.00    0.00   67.50

06時33分13秒  CPU    %usr   %nice    %sys %iowait    %irq   %soft  %steal  %guest  %gnice   %idle
06時33分14秒    0   31.52    0.00   19.57    0.00    0.00    5.43    0.00    0.00    0.00   43.48
06時33分14秒    1   16.67    0.00   10.26    0.00    0.00    1.28    0.00    0.00    0.00   71.79

06時33分14秒  CPU    %usr   %nice    %sys %iowait    %irq   %soft  %steal  %guest  %gnice   %idle
06時33分15秒    0   27.96    0.00   23.66    0.00    0.00    5.38    0.00    0.00    0.00   43.01
06時33分15秒    1   20.00    0.00   10.00    0.00    0.00    2.50    0.00    0.00    0.00   67.50

06時33分15秒  CPU    %usr   %nice    %sys %iowait    %irq   %soft  %steal  %guest  %gnice   %idle
06時33分16秒    0   27.17    0.00   23.91    0.00    0.00    5.43    0.00    0.00    0.00   43.48
06時33分16秒    1   21.25    0.00    8.75    0.00    0.00    1.25    0.00    0.00    0.00   68.75

06時33分16秒  CPU    %usr   %nice    %sys %iowait    %irq   %soft  %steal  %guest  %gnice   %idle
06時33分17秒    0   27.17    0.00   26.09    0.00    0.00    5.43    0.00    0.00    0.00   41.30
06時33分17秒    1   18.75    0.00   11.25    0.00    0.00    2.50    0.00    0.00    0.00   67.50

06時33分17秒  CPU    %usr   %nice    %sys %iowait    %irq   %soft  %steal  %guest  %gnice   %idle
06時33分18秒    0   29.79    0.00   21.28    0.00    0.00    6.38    0.00    0.00    0.00   42.55
06時33分18秒    1   18.75    0.00   11.25    0.00    0.00    1.25    0.00    0.00    0.00   68.75

06時33分18秒  CPU    %usr   %nice    %sys %iowait    %irq   %soft  %steal  %guest  %gnice   %idle
06時33分19秒    0   29.17    0.00   23.96    0.00    0.00    5.21    0.00    0.00    0.00   41.67
06時33分19秒    1   18.52    0.00   11.11    0.00    0.00    2.47    0.00    0.00    0.00   67.90

06時33分19秒  CPU    %usr   %nice    %sys %iowait    %irq   %soft  %steal  %guest  %gnice   %idle
06時33分20秒    0   25.00    0.00   25.00    0.00    0.00    5.43    0.00    0.00    0.00   44.57
06時33分20秒    1   18.52    0.00   11.11    0.00    0.00    1.23    0.00    0.00    0.00   69.14

06時33分20秒  CPU    %usr   %nice    %sys %iowait    %irq   %soft  %steal  %guest  %gnice   %idle
06時33分21秒    0   27.17    0.00   25.00    0.00    0.00    5.43    0.00    0.00    0.00   42.39
06時33分21秒    1   21.25    0.00    8.75    0.00    0.00    2.50    0.00    0.00    0.00   67.50

06時33分21秒  CPU    %usr   %nice    %sys %iowait    %irq   %soft  %steal  %guest  %gnice   %idle
06時33分22秒    0   31.25    0.00   21.88    0.00    1.04    5.21    0.00    0.00    0.00   40.62
06時33分22秒    1   18.99    0.00   10.13    0.00    0.00    1.27    0.00    0.00    0.00   69.62

06時33分22秒  CPU    %usr   %nice    %sys %iowait    %irq   %soft  %steal  %guest  %gnice   %idle
06時33分23秒    0   27.96    0.00   25.81    0.00    0.00    5.38    0.00    0.00    0.00   40.86
06時33分23秒    1   21.25    0.00   10.00    0.00    0.00    2.50    0.00    0.00    0.00   66.25

06時33分23秒  CPU    %usr   %nice    %sys %iowait    %irq   %soft  %steal  %guest  %gnice   %idle
06時33分24秒    0   27.96    0.00   24.73    0.00    0.00    5.38    0.00    0.00    0.00   41.94
06時33分24秒    1   18.75    0.00   11.25    0.00    0.00    1.25    0.00    0.00    0.00   68.75

06時33分24秒  CPU    %usr   %nice    %sys %iowait    %irq   %soft  %steal  %guest  %gnice   %idle
06時33分25秒    0   29.79    0.00   21.28    0.00    0.00    6.38    0.00    0.00    0.00   42.55
06時33分25秒    1   23.17    0.00    8.54    0.00    0.00    2.44    0.00    0.00    0.00   65.85

06時33分25秒  CPU    %usr   %nice    %sys %iowait    %irq   %soft  %steal  %guest  %gnice   %idle
06時33分26秒    0   30.43    0.00   21.74    0.00    0.00    5.43    0.00    0.00    0.00   42.39
06時33分26秒    1   19.23    0.00   10.26    0.00    0.00    1.28    0.00    0.00    0.00   69.23

06時33分26秒  CPU    %usr   %nice    %sys %iowait    %irq   %soft  %steal  %guest  %gnice   %idle
06時33分27秒    0   29.47    0.00   22.11    0.00    0.00    5.26    0.00    0.00    0.00   43.16
06時33分27秒    1   15.19    0.00   12.66    0.00    0.00    2.53    0.00    0.00    0.00   69.62

06時33分27秒  CPU    %usr   %nice    %sys %iowait    %irq   %soft  %steal  %guest  %gnice   %idle
06時33分28秒    0   31.87    0.00   19.78    0.00    0.00    5.49    0.00    0.00    0.00   42.86
06時33分28秒    1   23.17    0.00    8.54    0.00    0.00    1.22    0.00    0.00    0.00   67.07

06時33分28秒  CPU    %usr   %nice    %sys %iowait    %irq   %soft  %steal  %guest  %gnice   %idle
06時33分29秒    0   36.17    0.00   20.21    0.00    0.00    5.32    0.00    0.00    0.00   38.30
06時33分29秒    1   18.29    0.00   13.41    0.00    0.00    2.44    0.00    0.00    0.00   65.85

06時33分29秒  CPU    %usr   %nice    %sys %iowait    %irq   %soft  %steal  %guest  %gnice   %idle
06時33分30秒    0   29.47    0.00   21.05    0.00    0.00    5.26    0.00    0.00    0.00   44.21
06時33分30秒    1   15.19    0.00   12.66    0.00    0.00    1.27    0.00    0.00    0.00   70.89

06時33分30秒  CPU    %usr   %nice    %sys %iowait    %irq   %soft  %steal  %guest  %gnice   %idle
06時33分31秒    0   34.83    0.00   16.85    0.00    0.00    5.62    0.00    0.00    0.00   42.70
06時33分31秒    1   17.72    0.00   12.66    0.00    0.00    1.27    0.00    0.00    0.00   68.35

06時33分31秒  CPU    %usr   %nice    %sys %iowait    %irq   %soft  %steal  %guest  %gnice   %idle
06時33分32秒    0   30.85    0.00   21.28    0.00    0.00    6.38    0.00    0.00    0.00   41.49
06時33分32秒    1   21.52    0.00    7.59    0.00    0.00    2.53    0.00    0.00    0.00   68.35

06時33分32秒  CPU    %usr   %nice    %sys %iowait    %irq   %soft  %steal  %guest  %gnice   %idle
06時33分33秒    0   26.60    0.00   24.47    0.00    0.00    5.32    0.00    0.00    0.00   43.62
06時33分33秒    1   20.99    0.00    8.64    0.00    0.00    1.23    0.00    0.00    0.00   69.14

06時33分33秒  CPU    %usr   %nice    %sys %iowait    %irq   %soft  %steal  %guest  %gnice   %idle
06時33分34秒    0   26.88    0.00   25.81    0.00    0.00    5.38    0.00    0.00    0.00   41.94
06時33分34秒    1   16.67    0.00   11.54    0.00    0.00    2.56    0.00    0.00    0.00   69.23

06時33分34秒  CPU    %usr   %nice    %sys %iowait    %irq   %soft  %steal  %guest  %gnice   %idle
06時33分35秒    0   35.87    0.00   17.39    0.00    0.00    5.43    0.00    0.00    0.00   41.30
06時33分35秒    1   20.00    0.00   11.25    0.00    0.00    1.25    0.00    0.00    0.00   67.50

06時33分35秒  CPU    %usr   %nice    %sys %iowait    %irq   %soft  %steal  %guest  %gnice   %idle
06時33分36秒    0   25.81    0.00   27.96    0.00    0.00    5.38    0.00    0.00    0.00   40.86
06時33分36秒    1   21.25    0.00    8.75    0.00    0.00    2.50    0.00    0.00    0.00   67.50

06時33分36秒  CPU    %usr   %nice    %sys %iowait    %irq   %soft  %steal  %guest  %gnice   %idle
06時33分37秒    0   28.26    0.00   23.91    0.00    0.00    5.43    0.00    0.00    0.00   42.39
06時33分37秒    1   21.25    0.00   10.00    0.00    0.00    1.25    0.00    0.00    0.00   67.50

06時33分37秒  CPU    %usr   %nice    %sys %iowait    %irq   %soft  %steal  %guest  %gnice   %idle
06時33分38秒    0   26.37    0.00   23.08    0.00    0.00    5.49    0.00    0.00    0.00   45.05
06時33分38秒    1   18.75    0.00   10.00    0.00    0.00    2.50    0.00    0.00    0.00   68.75

06時33分38秒  CPU    %usr   %nice    %sys %iowait    %irq   %soft  %steal  %guest  %gnice   %idle
06時33分39秒    0   26.88    0.00   23.66    0.00    0.00    6.45    0.00    0.00    0.00   43.01
06時33分39秒    1   18.29    0.00   13.41    0.00    0.00    1.22    0.00    0.00    0.00   67.07

06時33分39秒  CPU    %usr   %nice    %sys %iowait    %irq   %soft  %steal  %guest  %gnice   %idle
06時33分40秒    0   31.18    0.00   22.58    0.00    0.00    5.38    0.00    0.00    0.00   40.86
06時33分40秒    1   16.46    0.00   12.66    0.00    0.00    2.53    0.00    0.00    0.00   68.35

06時33分40秒  CPU    %usr   %nice    %sys %iowait    %irq   %soft  %steal  %guest  %gnice   %idle
06時33分41秒    0   30.11    0.00   19.35    0.00    0.00    5.38    0.00    0.00    0.00   45.16
06時33分41秒    1   21.95    0.00    7.32    0.00    1.22    1.22    0.00    0.00    0.00   68.29

06時33分41秒  CPU    %usr   %nice    %sys %iowait    %irq   %soft  %steal  %guest  %gnice   %idle
06時33分42秒    0   30.85    0.00   22.34    0.00    1.06    5.32    0.00    0.00    0.00   40.43
06時33分42秒    1   17.95    0.00   11.54    0.00    0.00    2.56    0.00    0.00    0.00   67.95

06時33分42秒  CPU    %usr   %nice    %sys %iowait    %irq   %soft  %steal  %guest  %gnice   %idle
06時33分43秒    0   32.97    0.00   20.88    0.00    0.00    5.49    0.00    0.00    0.00   40.66
06時33分43秒    1   20.51    0.00   10.26    0.00    0.00    1.28    0.00    0.00    0.00   67.95

06時33分43秒  CPU    %usr   %nice    %sys %iowait    %irq   %soft  %steal  %guest  %gnice   %idle
06時33分44秒    0   30.85    0.00   19.15    0.00    0.00    5.32    0.00    0.00    0.00   44.68
06時33分44秒    1   17.50    0.00    8.75    0.00    0.00    2.50    0.00    0.00    0.00   71.25

06時33分44秒  CPU    %usr   %nice    %sys %iowait    %irq   %soft  %steal  %guest  %gnice   %idle
06時33分45秒    0   35.48    0.00   18.28    0.00    0.00    6.45    0.00    0.00    0.00   39.78
06時33分45秒    1   20.78    0.00    9.09    0.00    0.00    1.30    0.00    0.00    0.00   68.83

06時33分45秒  CPU    %usr   %nice    %sys %iowait    %irq   %soft  %steal  %guest  %gnice   %idle
06時33分46秒    0   31.18    0.00   23.66    0.00    0.00    5.38    0.00    0.00    0.00   39.78
06時33分46秒    1   20.99    0.00   11.11    0.00    0.00    2.47    0.00    0.00    0.00   65.43

06時33分46秒  CPU    %usr   %nice    %sys %iowait    %irq   %soft  %steal  %guest  %gnice   %idle
06時33分47秒    0   26.60    0.00   24.47    0.00    0.00    5.32    0.00    0.00    0.00   43.62
06時33分47秒    1   20.25    0.00    8.86    0.00    0.00    1.27    0.00    0.00    0.00   69.62

06時33分47秒  CPU    %usr   %nice    %sys %iowait    %irq   %soft  %steal  %guest  %gnice   %idle
06時33分48秒    0   31.91    0.00   22.34    0.00    0.00    5.32    0.00    0.00    0.00   40.43
06時33分48秒    1   21.25    0.00    8.75    0.00    0.00    2.50    0.00    0.00    0.00   67.50

06時33分48秒  CPU    %usr   %nice    %sys %iowait    %irq   %soft  %steal  %guest  %gnice   %idle
06時33分49秒    0   28.72    0.00   23.40    0.00    0.00    6.38    0.00    0.00    0.00   41.49
06時33分49秒    1   23.75    0.00    6.25    0.00    0.00    1.25    0.00    0.00    0.00   68.75

06時33分49秒  CPU    %usr   %nice    %sys %iowait    %irq   %soft  %steal  %guest  %gnice   %idle
06時33分50秒    0   32.61    0.00   20.65    0.00    0.00    5.43    0.00    0.00    0.00   41.30
06時33分50秒    1   17.50    0.00   12.50    0.00    0.00    2.50    0.00    0.00    0.00   67.50

06時33分50秒  CPU    %usr   %nice    %sys %iowait    %irq   %soft  %steal  %guest  %gnice   %idle
06時33分51秒    0   25.53    0.00   25.53    0.00    0.00    5.32    0.00    0.00    0.00   43.62
06時33分51秒    1   18.99    0.00    8.86    0.00    0.00    1.27    0.00    0.00    0.00   70.89

06時33分51秒  CPU    %usr   %nice    %sys %iowait    %irq   %soft  %steal  %guest  %gnice   %idle
06時33分52秒    0   26.60    0.00   25.53    0.00    0.00    5.32    0.00    0.00    0.00   42.55
06時33分52秒    1   17.28    0.00   12.35    0.00    0.00    2.47    0.00    0.00    0.00   67.90

06時33分52秒  CPU    %usr   %nice    %sys %iowait    %irq   %soft  %steal  %guest  %gnice   %idle
06時33分53秒    0   27.96    0.00   24.73    0.00    0.00    5.38    0.00    0.00    0.00   41.94
06時33分53秒    1   20.00    0.00   11.25    0.00    0.00    1.25    0.00    0.00    0.00   67.50

06時33分53秒  CPU    %usr   %nice    %sys %iowait    %irq   %soft  %steal  %guest  %gnice   %idle
06時33分54秒    0   27.47    0.00   23.08    0.00    0.00    5.49    0.00    0.00    0.00   43.96
06時33分54秒    1   21.52    0.00    6.33    0.00    0.00    2.53    0.00    0.00    0.00   69.62

06時33分54秒  CPU    %usr   %nice    %sys %iowait    %irq   %soft  %steal  %guest  %gnice   %idle
06時33分55秒    0   27.66    0.00   25.53    0.00    0.00    5.32    0.00    0.00    0.00   41.49
06時33分55秒    1   20.99    0.00    9.88    0.00    0.00    1.23    0.00    0.00    0.00   67.90

06時33分55秒  CPU    %usr   %nice    %sys %iowait    %irq   %soft  %steal  %guest  %gnice   %idle
06時33分56秒    0   28.57    0.00   18.68    0.00    0.00    5.49    0.00    0.00    0.00   47.25
06時33分56秒    1   21.95    0.00    6.10    0.00    0.00    2.44    0.00    0.00    0.00   69.51

06時33分56秒  CPU    %usr   %nice    %sys %iowait    %irq   %soft  %steal  %guest  %gnice   %idle
06時33分57秒    0   31.18    0.00   21.51    0.00    0.00    5.38    0.00    0.00    0.00   41.94
06時33分57秒    1   18.99    0.00   11.39    0.00    0.00    1.27    0.00    0.00    0.00   68.35

06時33分57秒  CPU    %usr   %nice    %sys %iowait    %irq   %soft  %steal  %guest  %gnice   %idle
06時33分58秒    0   22.34    0.00   29.79    0.00    0.00    5.32    0.00    0.00    0.00   42.55
06時33分58秒    1   21.25    0.00    8.75    0.00    0.00    2.50    0.00    0.00    0.00   67.50

06時33分58秒  CPU    %usr   %nice    %sys %iowait    %irq   %soft  %steal  %guest  %gnice   %idle
06時33分59秒    0   28.72    0.00   23.40    0.00    0.00    5.32    0.00    0.00    0.00   42.55
06時33分59秒    1   19.75    0.00   11.11    0.00    0.00    1.23    0.00    0.00    0.00   67.90

06時33分59秒  CPU    %usr   %nice    %sys %iowait    %irq   %soft  %steal  %guest  %gnice   %idle
06時34分00秒    0   29.03    0.00   21.51    0.00    0.00    5.38    0.00    0.00    0.00   44.09
06時34分00秒    1   18.99    0.00    8.86    0.00    0.00    1.27    0.00    0.00    0.00   70.89

06時34分00秒  CPU    %usr   %nice    %sys %iowait    %irq   %soft  %steal  %guest  %gnice   %idle
06時34分01秒    0   31.91    0.00   20.21    0.00    0.00    6.38    0.00    0.00    0.00   41.49
06時34分01秒    1   18.52    0.00   12.35    0.00    0.00    2.47    0.00    0.00    0.00   66.67

06時34分01秒  CPU    %usr   %nice    %sys %iowait    %irq   %soft  %steal  %guest  %gnice   %idle
06時34分02秒    0   27.66    0.00   24.47    0.00    1.06    5.32    0.00    0.00    0.00   41.49
06時34分02秒    1   18.75    0.00   12.50    0.00    0.00    1.25    0.00    0.00    0.00   67.50

06時34分02秒  CPU    %usr   %nice    %sys %iowait    %irq   %soft  %steal  %guest  %gnice   %idle
06時34分03秒    0   30.43    0.00   22.83    0.00    0.00    5.43    0.00    0.00    0.00   41.30
06時34分03秒    1   22.22    0.00    9.88    0.00    0.00    2.47    0.00    0.00    0.00   65.43

06時34分03秒  CPU    %usr   %nice    %sys %iowait    %irq   %soft  %steal  %guest  %gnice   %idle
06時34分04秒    0   30.11    0.00   23.66    0.00    0.00    5.38    0.00    0.00    0.00   40.86
06時34分04秒    1   18.18    0.00   11.69    0.00    0.00    1.30    0.00    0.00    0.00   68.83

06時34分04秒  CPU    %usr   %nice    %sys %iowait    %irq   %soft  %steal  %guest  %gnice   %idle
06時34分05秒    0   32.63    0.00   20.00    0.00    0.00    5.26    0.00    0.00    0.00   42.11
06時34分05秒    1   23.17    0.00    8.54    0.00    0.00    2.44    0.00    0.00    0.00   65.85

06時34分05秒  CPU    %usr   %nice    %sys %iowait    %irq   %soft  %steal  %guest  %gnice   %idle
06時34分06秒    0   31.91    0.00   19.15    0.00    0.00    6.38    0.00    0.00    0.00   42.55
06時34分06秒    1   17.72    0.00   12.66    0.00    0.00    1.27    0.00    0.00    0.00   68.35

06時34分06秒  CPU    %usr   %nice    %sys %iowait    %irq   %soft  %steal  %guest  %gnice   %idle
06時34分07秒    0   29.03    0.00   23.66    0.00    0.00    5.38    0.00    0.00    0.00   41.94
06時34分07秒    1   19.75    0.00   11.11    0.00    0.00    2.47    0.00    0.00    0.00   66.67

06時34分07秒  CPU    %usr   %nice    %sys %iowait    %irq   %soft  %steal  %guest  %gnice   %idle
06時34分08秒    0   27.17    0.00   25.00    0.00    0.00    5.43    0.00    0.00    0.00   42.39
06時34分08秒    1   17.72    0.00   11.39    0.00    0.00    1.27    0.00    0.00    0.00   69.62

06時34分08秒  CPU    %usr   %nice    %sys %iowait    %irq   %soft  %steal  %guest  %gnice   %idle
06時34分09秒    0   31.18    0.00   21.51    0.00    0.00    5.38    0.00    0.00    0.00   41.94
06時34分09秒    1   17.50    0.00   12.50    0.00    0.00    2.50    0.00    0.00    0.00   67.50

06時34分09秒  CPU    %usr   %nice    %sys %iowait    %irq   %soft  %steal  %guest  %gnice   %idle
06時34分10秒    0   26.88    0.00   23.66    0.00    0.00    5.38    0.00    0.00    0.00   44.09
06時34分10秒    1   18.52    0.00   12.35    0.00    0.00    1.23    0.00    0.00    0.00   67.90

06時34分10秒  CPU    %usr   %nice    %sys %iowait    %irq   %soft  %steal  %guest  %gnice   %idle
06時34分11秒    0   30.77    0.00   23.08    0.00    0.00    5.49    0.00    0.00    0.00   40.66
06時34分11秒    1   20.00    0.00   10.00    0.00    0.00    2.50    0.00    0.00    0.00   67.50

06時34分11秒  CPU    %usr   %nice    %sys %iowait    %irq   %soft  %steal  %guest  %gnice   %idle
06時34分12秒    0   27.37    0.00   24.21    0.00    0.00    6.32    0.00    0.00    0.00   42.11
06時34分12秒    1   20.00    0.00   11.25    0.00    0.00    1.25    0.00    0.00    0.00   67.50

06時34分12秒  CPU    %usr   %nice    %sys %iowait    %irq   %soft  %steal  %guest  %gnice   %idle
06時34分13秒    0   33.70    0.00   20.65    0.00    0.00    5.43    0.00    0.00    0.00   40.22
06時34分13秒    1   19.05    0.00   13.10    0.00    0.00    2.38    0.00    0.00    0.00   65.48

06時34分13秒  CPU    %usr   %nice    %sys %iowait    %irq   %soft  %steal  %guest  %gnice   %idle
06時34分14秒    0   27.96    0.00   24.73    0.00    0.00    5.38    0.00    0.00    0.00   41.94
06時34分14秒    1   20.51    0.00    8.97    0.00    0.00    1.28    0.00    0.00    0.00   69.23

06時34分14秒  CPU    %usr   %nice    %sys %iowait    %irq   %soft  %steal  %guest  %gnice   %idle
06時34分15秒    0   32.26    0.00   20.43    0.00    0.00    5.38    0.00    0.00    0.00   41.94
06時34分15秒    1   21.25    0.00    8.75    0.00    0.00    2.50    0.00    0.00    0.00   67.50

06時34分15秒  CPU    %usr   %nice    %sys %iowait    %irq   %soft  %steal  %guest  %gnice   %idle
06時34分16秒    0   29.79    0.00   23.40    0.00    0.00    5.32    0.00    0.00    0.00   41.49
06時34分16秒    1   20.99    0.00    9.88    0.00    0.00    1.23    0.00    0.00    0.00   67.90

平均時間：  CPU    %usr   %nice    %sys %iowait    %irq   %soft  %steal  %guest  %gnice   %idle
平均時間：    0   30.04    0.00   22.31    0.00    0.05    5.53    0.00    0.00    0.00   42.07
平均時間：    1   19.72    0.00   10.25    0.00    0.03    1.86    0.00    0.00    0.00   68.13
