Linux 5.6.15-arch1-1 (archlinux) 	西元2020年06月29日 	_x86_64_	(12 CPU)

06時37分30秒  CPU    %usr   %nice    %sys %iowait    %irq   %soft  %steal  %guest  %gnice   %idle
06時37分31秒    0   31.91    0.00   22.34    0.00    0.00    5.32    0.00    0.00    0.00   40.43
06時37分31秒    1   25.00    0.00    7.50    0.00    0.00    1.25    0.00    0.00    0.00   66.25

06時37分31秒  CPU    %usr   %nice    %sys %iowait    %irq   %soft  %steal  %guest  %gnice   %idle
06時37分32秒    0   31.58    0.00   21.05    0.00    0.00    5.26    0.00    0.00    0.00   42.11
06時37分32秒    1   21.95    0.00   10.98    0.00    0.00    2.44    0.00    0.00    0.00   64.63

06時37分32秒  CPU    %usr   %nice    %sys %iowait    %irq   %soft  %steal  %guest  %gnice   %idle
06時37分33秒    0   25.81    0.00   26.88    0.00    0.00    5.38    0.00    0.00    0.00   41.94
06時37分33秒    1   18.99    0.00   11.39    0.00    0.00    1.27    0.00    0.00    0.00   68.35

06時37分33秒  CPU    %usr   %nice    %sys %iowait    %irq   %soft  %steal  %guest  %gnice   %idle
06時37分34秒    0   29.03    0.00   21.51    0.00    0.00    6.45    0.00    0.00    0.00   43.01
06時37分34秒    1   23.17    0.00    8.54    0.00    0.00    2.44    0.00    0.00    0.00   65.85

06時37分34秒  CPU    %usr   %nice    %sys %iowait    %irq   %soft  %steal  %guest  %gnice   %idle
06時37分35秒    0   26.88    0.00   26.88    0.00    0.00    5.38    0.00    0.00    0.00   40.86
06時37分35秒    1   20.99    0.00   12.35    0.00    0.00    1.23    0.00    0.00    0.00   65.43

06時37分35秒  CPU    %usr   %nice    %sys %iowait    %irq   %soft  %steal  %guest  %gnice   %idle
06時37分36秒    0   31.52    0.00   19.57    0.00    0.00    5.43    0.00    0.00    0.00   43.48
06時37分36秒    1   21.95    0.00    9.76    0.00    0.00    2.44    0.00    0.00    0.00   65.85

06時37分36秒  CPU    %usr   %nice    %sys %iowait    %irq   %soft  %steal  %guest  %gnice   %idle
06時37分37秒    0   33.33    0.00   19.35    0.00    0.00    5.38    0.00    0.00    0.00   41.94
06時37分37秒    1   17.95    0.00   12.82    0.00    0.00    1.28    0.00    0.00    0.00   67.95

06時37分37秒  CPU    %usr   %nice    %sys %iowait    %irq   %soft  %steal  %guest  %gnice   %idle
06時37分38秒    0   30.53    0.00   25.26    0.00    0.00    5.26    0.00    0.00    0.00   38.95
06時37分38秒    1   21.69    0.00    9.64    0.00    1.20    2.41    0.00    0.00    0.00   65.06

06時37分38秒  CPU    %usr   %nice    %sys %iowait    %irq   %soft  %steal  %guest  %gnice   %idle
06時37分39秒    0   32.98    0.00   20.21    0.00    0.00    6.38    0.00    0.00    0.00   40.43
06時37分39秒    1   25.93    0.00    8.64    0.00    0.00    1.23    0.00    0.00    0.00   64.20

06時37分39秒  CPU    %usr   %nice    %sys %iowait    %irq   %soft  %steal  %guest  %gnice   %idle
06時37分40秒    0   27.08    0.00   23.96    0.00    1.04    5.21    0.00    0.00    0.00   42.71
06時37分40秒    1   20.99    0.00    8.64    0.00    0.00    2.47    0.00    0.00    0.00   67.90

06時37分40秒  CPU    %usr   %nice    %sys %iowait    %irq   %soft  %steal  %guest  %gnice   %idle
06時37分41秒    0   29.03    0.00   24.73    0.00    0.00    5.38    0.00    0.00    0.00   40.86
06時37分41秒    1   18.99    0.00   12.66    0.00    0.00    1.27    0.00    0.00    0.00   67.09

06時37分41秒  CPU    %usr   %nice    %sys %iowait    %irq   %soft  %steal  %guest  %gnice   %idle
06時37分42秒    0   28.72    0.00   23.40    0.00    0.00    5.32    0.00    0.00    0.00   42.55
06時37分42秒    1   23.17    0.00    8.54    0.00    0.00    2.44    0.00    0.00    0.00   65.85

06時37分42秒  CPU    %usr   %nice    %sys %iowait    %irq   %soft  %steal  %guest  %gnice   %idle
06時37分43秒    0   27.17    0.00   25.00    0.00    0.00    5.43    0.00    0.00    0.00   42.39
06時37分43秒    1   20.25    0.00   11.39    0.00    0.00    1.27    0.00    0.00    0.00   67.09

06時37分43秒  CPU    %usr   %nice    %sys %iowait    %irq   %soft  %steal  %guest  %gnice   %idle
06時37分44秒    0   29.47    0.00   21.05    0.00    0.00    5.26    0.00    0.00    0.00   44.21
06時37分44秒    1   17.72    0.00   11.39    0.00    0.00    1.27    0.00    0.00    0.00   69.62

06時37分44秒  CPU    %usr   %nice    %sys %iowait    %irq   %soft  %steal  %guest  %gnice   %idle
06時37分45秒    0   23.96    0.00   28.12    0.00    0.00    6.25    0.00    0.00    0.00   41.67
06時37分45秒    1   20.99    0.00    8.64    0.00    0.00    2.47    0.00    0.00    0.00   67.90

06時37分45秒  CPU    %usr   %nice    %sys %iowait    %irq   %soft  %steal  %guest  %gnice   %idle
06時37分46秒    0   28.26    0.00   23.91    0.00    0.00    5.43    0.00    0.00    0.00   42.39
06時37分46秒    1   20.99    0.00   11.11    0.00    0.00    1.23    0.00    0.00    0.00   66.67

06時37分46秒  CPU    %usr   %nice    %sys %iowait    %irq   %soft  %steal  %guest  %gnice   %idle
06時37分47秒    0   26.09    0.00   26.09    0.00    0.00    5.43    0.00    0.00    0.00   42.39
06時37分47秒    1   19.51    0.00   13.41    0.00    0.00    2.44    0.00    0.00    0.00   64.63

06時37分47秒  CPU    %usr   %nice    %sys %iowait    %irq   %soft  %steal  %guest  %gnice   %idle
06時37分48秒    0   34.41    0.00   18.28    0.00    0.00    5.38    0.00    0.00    0.00   41.94
06時37分48秒    1   20.25    0.00   10.13    0.00    0.00    1.27    0.00    0.00    0.00   68.35

06時37分48秒  CPU    %usr   %nice    %sys %iowait    %irq   %soft  %steal  %guest  %gnice   %idle
06時37分49秒    0   30.85    0.00   22.34    0.00    0.00    5.32    0.00    0.00    0.00   41.49
06時37分49秒    1   20.73    0.00   10.98    0.00    0.00    2.44    0.00    0.00    0.00   65.85

06時37分49秒  CPU    %usr   %nice    %sys %iowait    %irq   %soft  %steal  %guest  %gnice   %idle
06時37分50秒    0   26.60    0.00   24.47    0.00    0.00    5.32    0.00    0.00    0.00   43.62
06時37分50秒    1   23.75    0.00    7.50    0.00    0.00    1.25    0.00    0.00    0.00   67.50

06時37分50秒  CPU    %usr   %nice    %sys %iowait    %irq   %soft  %steal  %guest  %gnice   %idle
06時37分51秒    0   32.63    0.00   20.00    0.00    0.00    5.26    0.00    0.00    0.00   42.11
06時37分51秒    1   24.10    0.00    9.64    0.00    0.00    2.41    0.00    0.00    0.00   63.86

06時37分51秒  CPU    %usr   %nice    %sys %iowait    %irq   %soft  %steal  %guest  %gnice   %idle
06時37分52秒    0   25.00    0.00   25.00    0.00    0.00    6.52    0.00    0.00    0.00   43.48
06時37分52秒    1   19.75    0.00   12.35    0.00    0.00    1.23    0.00    0.00    0.00   66.67

06時37分52秒  CPU    %usr   %nice    %sys %iowait    %irq   %soft  %steal  %guest  %gnice   %idle
06時37分53秒    0   30.53    0.00   22.11    0.00    0.00    5.26    0.00    0.00    0.00   42.11
06時37分53秒    1   20.99    0.00    8.64    0.00    0.00    2.47    0.00    0.00    0.00   67.90

06時37分53秒  CPU    %usr   %nice    %sys %iowait    %irq   %soft  %steal  %guest  %gnice   %idle
06時37分54秒    0   27.66    0.00   24.47    0.00    0.00    5.32    0.00    0.00    0.00   42.55
06時37分54秒    1   20.25    0.00   10.13    0.00    0.00    1.27    0.00    0.00    0.00   68.35

06時37分54秒  CPU    %usr   %nice    %sys %iowait    %irq   %soft  %steal  %guest  %gnice   %idle
06時37分55秒    0   32.61    0.00   19.57    0.00    0.00    5.43    0.00    0.00    0.00   42.39
06時37分55秒    1   22.50    0.00    7.50    0.00    0.00    2.50    0.00    0.00    0.00   67.50

06時37分55秒  CPU    %usr   %nice    %sys %iowait    %irq   %soft  %steal  %guest  %gnice   %idle
06時37分56秒    0   31.91    0.00   21.28    0.00    0.00    5.32    0.00    0.00    0.00   41.49
06時37分56秒    1   23.75    0.00    8.75    0.00    0.00    1.25    0.00    0.00    0.00   66.25

06時37分56秒  CPU    %usr   %nice    %sys %iowait    %irq   %soft  %steal  %guest  %gnice   %idle
06時37分57秒    0   29.79    0.00   22.34    0.00    0.00    5.32    0.00    0.00    0.00   42.55
06時37分57秒    1   20.73    0.00   10.98    0.00    0.00    2.44    0.00    0.00    0.00   65.85

06時37分57秒  CPU    %usr   %nice    %sys %iowait    %irq   %soft  %steal  %guest  %gnice   %idle
06時37分58秒    0   30.11    0.00   21.51    0.00    0.00    6.45    0.00    0.00    0.00   41.94
06時37分58秒    1   20.25    0.00   11.39    0.00    0.00    1.27    0.00    0.00    0.00   67.09

06時37分58秒  CPU    %usr   %nice    %sys %iowait    %irq   %soft  %steal  %guest  %gnice   %idle
06時37分59秒    0   30.53    0.00   22.11    0.00    1.05    5.26    0.00    0.00    0.00   41.05
06時37分59秒    1   19.75    0.00   11.11    0.00    0.00    2.47    0.00    0.00    0.00   66.67

06時37分59秒  CPU    %usr   %nice    %sys %iowait    %irq   %soft  %steal  %guest  %gnice   %idle
06時38分00秒    0   27.66    0.00   25.53    0.00    0.00    5.32    0.00    0.00    0.00   41.49
06時38分00秒    1   19.51    0.00   13.41    0.00    0.00    2.44    0.00    0.00    0.00   64.63

06時38分00秒  CPU    %usr   %nice    %sys %iowait    %irq   %soft  %steal  %guest  %gnice   %idle
06時38分01秒    0   32.63    0.00   21.05    0.00    0.00    5.26    0.00    0.00    0.00   41.05
06時38分01秒    1   21.25    0.00   10.00    0.00    0.00    1.25    0.00    0.00    0.00   67.50

06時38分01秒  CPU    %usr   %nice    %sys %iowait    %irq   %soft  %steal  %guest  %gnice   %idle
06時38分02秒    0   27.08    0.00   27.08    0.00    0.00    5.21    0.00    0.00    0.00   40.62
06時38分02秒    1   24.39    0.00    7.32    0.00    0.00    2.44    0.00    0.00    0.00   65.85

06時38分02秒  CPU    %usr   %nice    %sys %iowait    %irq   %soft  %steal  %guest  %gnice   %idle
06時38分03秒    0   34.04    0.00   18.09    0.00    0.00    5.32    0.00    0.00    0.00   42.55
06時38分03秒    1   18.99    0.00   12.66    0.00    0.00    1.27    0.00    0.00    0.00   67.09

06時38分03秒  CPU    %usr   %nice    %sys %iowait    %irq   %soft  %steal  %guest  %gnice   %idle
06時38分04秒    0   32.26    0.00   19.35    0.00    0.00    6.45    0.00    0.00    0.00   41.94
06時38分04秒    1   20.99    0.00    9.88    0.00    0.00    2.47    0.00    0.00    0.00   66.67

06時38分04秒  CPU    %usr   %nice    %sys %iowait    %irq   %soft  %steal  %guest  %gnice   %idle
06時38分05秒    0   25.81    0.00   24.73    0.00    0.00    5.38    0.00    0.00    0.00   44.09
06時38分05秒    1   17.50    0.00   12.50    0.00    0.00    1.25    0.00    0.00    0.00   68.75

06時38分05秒  CPU    %usr   %nice    %sys %iowait    %irq   %soft  %steal  %guest  %gnice   %idle
06時38分06秒    0   30.11    0.00   21.51    0.00    0.00    5.38    0.00    0.00    0.00   43.01
06時38分06秒    1   21.95    0.00    9.76    0.00    0.00    2.44    0.00    0.00    0.00   65.85

06時38分06秒  CPU    %usr   %nice    %sys %iowait    %irq   %soft  %steal  %guest  %gnice   %idle
06時38分07秒    0   32.26    0.00   18.28    0.00    0.00    5.38    0.00    0.00    0.00   44.09
06時38分07秒    1   20.00    0.00    8.75    0.00    0.00    1.25    0.00    0.00    0.00   70.00

06時38分07秒  CPU    %usr   %nice    %sys %iowait    %irq   %soft  %steal  %guest  %gnice   %idle
06時38分08秒    0   27.96    0.00   22.58    0.00    0.00    5.38    0.00    0.00    0.00   44.09
06時38分08秒    1   19.75    0.00   11.11    0.00    0.00    2.47    0.00    0.00    0.00   66.67

06時38分08秒  CPU    %usr   %nice    %sys %iowait    %irq   %soft  %steal  %guest  %gnice   %idle
06時38分09秒    0   30.85    0.00   21.28    0.00    0.00    5.32    0.00    0.00    0.00   42.55
06時38分09秒    1   20.99    0.00   11.11    0.00    0.00    1.23    0.00    0.00    0.00   66.67

06時38分09秒  CPU    %usr   %nice    %sys %iowait    %irq   %soft  %steal  %guest  %gnice   %idle
06時38分10秒    0   26.09    0.00   22.83    0.00    0.00    5.43    0.00    0.00    0.00   45.65
06時38分10秒    1   20.99    0.00    8.64    0.00    0.00    2.47    0.00    0.00    0.00   67.90

06時38分10秒  CPU    %usr   %nice    %sys %iowait    %irq   %soft  %steal  %guest  %gnice   %idle
06時38分11秒    0   27.66    0.00   24.47    0.00    0.00    5.32    0.00    0.00    0.00   42.55
06時38分11秒    1   21.69    0.00   10.84    0.00    0.00    1.20    0.00    0.00    0.00   66.27

06時38分11秒  CPU    %usr   %nice    %sys %iowait    %irq   %soft  %steal  %guest  %gnice   %idle
06時38分12秒    0   30.85    0.00   22.34    0.00    0.00    5.32    0.00    0.00    0.00   41.49
06時38分12秒    1   24.69    0.00    7.41    0.00    0.00    2.47    0.00    0.00    0.00   65.43

06時38分12秒  CPU    %usr   %nice    %sys %iowait    %irq   %soft  %steal  %guest  %gnice   %idle
06時38分13秒    0   27.96    0.00   24.73    0.00    0.00    5.38    0.00    0.00    0.00   41.94
06時38分13秒    1   20.25    0.00   10.13    0.00    0.00    1.27    0.00    0.00    0.00   68.35

06時38分13秒  CPU    %usr   %nice    %sys %iowait    %irq   %soft  %steal  %guest  %gnice   %idle
06時38分14秒    0   30.53    0.00   21.05    0.00    0.00    6.32    0.00    0.00    0.00   42.11
06時38分14秒    1   19.28    0.00   12.05    0.00    1.20    2.41    0.00    0.00    0.00   65.06

06時38分14秒  CPU    %usr   %nice    %sys %iowait    %irq   %soft  %steal  %guest  %gnice   %idle
06時38分15秒    0   26.67    0.00   23.33    0.00    0.00    5.56    0.00    0.00    0.00   44.44
06時38分15秒    1   19.48    0.00    9.09    0.00    0.00    1.30    0.00    0.00    0.00   70.13

06時38分15秒  CPU    %usr   %nice    %sys %iowait    %irq   %soft  %steal  %guest  %gnice   %idle
06時38分16秒    0   26.60    0.00   24.47    0.00    0.00    5.32    0.00    0.00    0.00   43.62
06時38分16秒    1   18.29    0.00   12.20    0.00    0.00    2.44    0.00    0.00    0.00   67.07

06時38分16秒  CPU    %usr   %nice    %sys %iowait    %irq   %soft  %steal  %guest  %gnice   %idle
06時38分17秒    0   33.68    0.00   18.95    0.00    0.00    5.26    0.00    0.00    0.00   42.11
06時38分17秒    1   21.52    0.00    8.86    0.00    0.00    1.27    0.00    0.00    0.00   68.35

06時38分17秒  CPU    %usr   %nice    %sys %iowait    %irq   %soft  %steal  %guest  %gnice   %idle
06時38分18秒    0   29.67    0.00   21.98    0.00    0.00    5.49    0.00    0.00    0.00   42.86
06時38分18秒    1   16.46    0.00   12.66    0.00    0.00    2.53    0.00    0.00    0.00   68.35

06時38分18秒  CPU    %usr   %nice    %sys %iowait    %irq   %soft  %steal  %guest  %gnice   %idle
06時38分19秒    0   29.47    0.00   25.26    0.00    1.05    5.26    0.00    0.00    0.00   38.95
06時38分19秒    1   23.46    0.00   11.11    0.00    0.00    1.23    0.00    0.00    0.00   64.20

06時38分19秒  CPU    %usr   %nice    %sys %iowait    %irq   %soft  %steal  %guest  %gnice   %idle
06時38分20秒    0   29.47    0.00   21.05    0.00    0.00    5.26    0.00    0.00    0.00   44.21
06時38分20秒    1   18.75    0.00    8.75    0.00    0.00    2.50    0.00    0.00    0.00   70.00

06時38分20秒  CPU    %usr   %nice    %sys %iowait    %irq   %soft  %steal  %guest  %gnice   %idle
06時38分21秒    0   34.04    0.00   19.15    0.00    0.00    5.32    0.00    0.00    0.00   41.49
06時38分21秒    1   25.93    0.00    8.64    0.00    0.00    1.23    0.00    0.00    0.00   64.20

06時38分21秒  CPU    %usr   %nice    %sys %iowait    %irq   %soft  %steal  %guest  %gnice   %idle
06時38分22秒    0   29.79    0.00   21.28    0.00    0.00    6.38    0.00    0.00    0.00   42.55
06時38分22秒    1   20.99    0.00    7.41    0.00    1.23    2.47    0.00    0.00    0.00   67.90

06時38分22秒  CPU    %usr   %nice    %sys %iowait    %irq   %soft  %steal  %guest  %gnice   %idle
06時38分23秒    0   31.18    0.00   22.58    0.00    0.00    5.38    0.00    0.00    0.00   40.86
06時38分23秒    1   22.78    0.00    8.86    0.00    0.00    1.27    0.00    0.00    0.00   67.09

06時38分23秒  CPU    %usr   %nice    %sys %iowait    %irq   %soft  %steal  %guest  %gnice   %idle
06時38分24秒    0   29.79    0.00   22.34    0.00    0.00    5.32    0.00    0.00    0.00   42.55
06時38分24秒    1   17.72    0.00   11.39    0.00    0.00    2.53    0.00    0.00    0.00   68.35

06時38分24秒  CPU    %usr   %nice    %sys %iowait    %irq   %soft  %steal  %guest  %gnice   %idle
06時38分25秒    0   31.18    0.00   21.51    0.00    0.00    5.38    0.00    0.00    0.00   41.94
06時38分25秒    1   20.25    0.00   10.13    0.00    0.00    1.27    0.00    0.00    0.00   68.35

06時38分25秒  CPU    %usr   %nice    %sys %iowait    %irq   %soft  %steal  %guest  %gnice   %idle
06時38分26秒    0   30.11    0.00   20.43    0.00    0.00    5.38    0.00    0.00    0.00   44.09
06時38分26秒    1   22.22    0.00    8.64    0.00    0.00    2.47    0.00    0.00    0.00   66.67

06時38分26秒  CPU    %usr   %nice    %sys %iowait    %irq   %soft  %steal  %guest  %gnice   %idle
06時38分27秒    0   27.96    0.00   21.51    0.00    0.00    5.38    0.00    0.00    0.00   45.16
06時38分27秒    1   19.75    0.00    9.88    0.00    0.00    1.23    0.00    0.00    0.00   69.14

06時38分27秒  CPU    %usr   %nice    %sys %iowait    %irq   %soft  %steal  %guest  %gnice   %idle
06時38分28秒    0   27.66    0.00   23.40    0.00    0.00    5.32    0.00    0.00    0.00   43.62
06時38分28秒    1   20.48    0.00   10.84    0.00    0.00    2.41    0.00    0.00    0.00   66.27

06時38分28秒  CPU    %usr   %nice    %sys %iowait    %irq   %soft  %steal  %guest  %gnice   %idle
06時38分29秒    0   24.21    0.00   28.42    0.00    0.00    5.26    0.00    0.00    0.00   42.11
06時38分29秒    1   20.51    0.00   10.26    0.00    0.00    1.28    0.00    0.00    0.00   67.95

06時38分29秒  CPU    %usr   %nice    %sys %iowait    %irq   %soft  %steal  %guest  %gnice   %idle
06時38分30秒    0   28.42    0.00   23.16    0.00    0.00    6.32    0.00    0.00    0.00   42.11
06時38分30秒    1   20.99    0.00    9.88    0.00    0.00    2.47    0.00    0.00    0.00   66.67

06時38分30秒  CPU    %usr   %nice    %sys %iowait    %irq   %soft  %steal  %guest  %gnice   %idle
06時38分31秒    0   30.43    0.00   20.65    0.00    0.00    5.43    0.00    0.00    0.00   43.48
06時38分31秒    1   20.00    0.00   11.25    0.00    0.00    1.25    0.00    0.00    0.00   67.50

06時38分31秒  CPU    %usr   %nice    %sys %iowait    %irq   %soft  %steal  %guest  %gnice   %idle
06時38分32秒    0   32.61    0.00   17.39    0.00    0.00    5.43    0.00    0.00    0.00   44.57
06時38分32秒    1   19.51    0.00   10.98    0.00    0.00    2.44    0.00    0.00    0.00   67.07

06時38分32秒  CPU    %usr   %nice    %sys %iowait    %irq   %soft  %steal  %guest  %gnice   %idle
06時38分33秒    0   32.63    0.00   21.05    0.00    0.00    5.26    0.00    0.00    0.00   41.05
06時38分33秒    1   20.51    0.00   10.26    0.00    0.00    1.28    0.00    0.00    0.00   67.95

06時38分33秒  CPU    %usr   %nice    %sys %iowait    %irq   %soft  %steal  %guest  %gnice   %idle
06時38分34秒    0   27.37    0.00   25.26    0.00    0.00    5.26    0.00    0.00    0.00   42.11
06時38分34秒    1   19.51    0.00   12.20    0.00    0.00    2.44    0.00    0.00    0.00   65.85

06時38分34秒  CPU    %usr   %nice    %sys %iowait    %irq   %soft  %steal  %guest  %gnice   %idle
06時38分35秒    0   28.72    0.00   22.34    0.00    0.00    5.32    0.00    0.00    0.00   43.62
06時38分35秒    1   20.99    0.00    9.88    0.00    0.00    1.23    0.00    0.00    0.00   67.90

06時38分35秒  CPU    %usr   %nice    %sys %iowait    %irq   %soft  %steal  %guest  %gnice   %idle
06時38分36秒    0   27.96    0.00   24.73    0.00    0.00    5.38    0.00    0.00    0.00   41.94
06時38分36秒    1   22.50    0.00    8.75    0.00    0.00    2.50    0.00    0.00    0.00   66.25

06時38分36秒  CPU    %usr   %nice    %sys %iowait    %irq   %soft  %steal  %guest  %gnice   %idle
06時38分37秒    0   27.37    0.00   25.26    0.00    0.00    5.26    0.00    0.00    0.00   42.11
06時38分37秒    1   19.75    0.00   11.11    0.00    0.00    1.23    0.00    0.00    0.00   67.90

06時38分37秒  CPU    %usr   %nice    %sys %iowait    %irq   %soft  %steal  %guest  %gnice   %idle
06時38分38秒    0   28.42    0.00   25.26    0.00    0.00    6.32    0.00    0.00    0.00   40.00
06時38分38秒    1   22.50    0.00   10.00    0.00    0.00    2.50    0.00    0.00    0.00   65.00

06時38分38秒  CPU    %usr   %nice    %sys %iowait    %irq   %soft  %steal  %guest  %gnice   %idle
06時38分39秒    0   31.25    0.00   20.83    0.00    1.04    5.21    0.00    0.00    0.00   41.67
06時38分39秒    1   18.99    0.00   12.66    0.00    0.00    1.27    0.00    0.00    0.00   67.09

06時38分39秒  CPU    %usr   %nice    %sys %iowait    %irq   %soft  %steal  %guest  %gnice   %idle
06時38分40秒    0   29.03    0.00   22.58    0.00    0.00    5.38    0.00    0.00    0.00   43.01
06時38分40秒    1   20.99    0.00    8.64    0.00    0.00    2.47    0.00    0.00    0.00   67.90

06時38分40秒  CPU    %usr   %nice    %sys %iowait    %irq   %soft  %steal  %guest  %gnice   %idle
06時38分41秒    0   29.79    0.00   23.40    0.00    0.00    5.32    0.00    0.00    0.00   41.49
06時38分41秒    1   20.99    0.00   12.35    0.00    0.00    1.23    0.00    0.00    0.00   65.43

06時38分41秒  CPU    %usr   %nice    %sys %iowait    %irq   %soft  %steal  %guest  %gnice   %idle
06時38分42秒    0   30.11    0.00   23.66    0.00    0.00    5.38    0.00    0.00    0.00   40.86
06時38分42秒    1   24.69    0.00    7.41    0.00    0.00    2.47    0.00    0.00    0.00   65.43

06時38分42秒  CPU    %usr   %nice    %sys %iowait    %irq   %soft  %steal  %guest  %gnice   %idle
06時38分43秒    0   30.11    0.00   20.43    0.00    0.00    6.45    0.00    0.00    0.00   43.01
06時38分43秒    1   20.25    0.00   10.13    0.00    0.00    1.27    0.00    0.00    0.00   68.35

06時38分43秒  CPU    %usr   %nice    %sys %iowait    %irq   %soft  %steal  %guest  %gnice   %idle
06時38分44秒    0   25.81    0.00   24.73    0.00    0.00    4.30    0.00    0.00    0.00   45.16
06時38分44秒    1   20.73    0.00    8.54    0.00    0.00    2.44    0.00    0.00    0.00   68.29

06時38分44秒  CPU    %usr   %nice    %sys %iowait    %irq   %soft  %steal  %guest  %gnice   %idle
06時38分45秒    0   30.53    0.00   22.11    0.00    0.00    6.32    0.00    0.00    0.00   41.05
06時38分45秒    1   20.99    0.00   12.35    0.00    0.00    1.23    0.00    0.00    0.00   65.43

06時38分45秒  CPU    %usr   %nice    %sys %iowait    %irq   %soft  %steal  %guest  %gnice   %idle
06時38分46秒    0   25.53    0.00   27.66    0.00    0.00    5.32    0.00    0.00    0.00   41.49
06時38分46秒    1   24.69    0.00    7.41    0.00    0.00    2.47    0.00    0.00    0.00   65.43

06時38分46秒  CPU    %usr   %nice    %sys %iowait    %irq   %soft  %steal  %guest  %gnice   %idle
06時38分47秒    0   34.78    0.00   18.48    0.00    0.00    5.43    0.00    0.00    0.00   41.30
06時38分47秒    1   20.78    0.00    9.09    0.00    0.00    1.30    0.00    0.00    0.00   68.83

06時38分47秒  CPU    %usr   %nice    %sys %iowait    %irq   %soft  %steal  %guest  %gnice   %idle
06時38分48秒    0   27.66    0.00   24.47    0.00    0.00    5.32    0.00    0.00    0.00   42.55
06時38分48秒    1   21.69    0.00   10.84    0.00    0.00    2.41    0.00    0.00    0.00   65.06

06時38分48秒  CPU    %usr   %nice    %sys %iowait    %irq   %soft  %steal  %guest  %gnice   %idle
06時38分49秒    0   31.18    0.00   20.43    0.00    0.00    5.38    0.00    0.00    0.00   43.01
06時38分49秒    1   23.75    0.00    7.50    0.00    0.00    1.25    0.00    0.00    0.00   67.50

06時38分49秒  CPU    %usr   %nice    %sys %iowait    %irq   %soft  %steal  %guest  %gnice   %idle
06時38分50秒    0   28.42    0.00   23.16    0.00    0.00    6.32    0.00    0.00    0.00   42.11
06時38分50秒    1   17.95    0.00   10.26    0.00    0.00    2.56    0.00    0.00    0.00   69.23

06時38分50秒  CPU    %usr   %nice    %sys %iowait    %irq   %soft  %steal  %guest  %gnice   %idle
06時38分51秒    0   28.42    0.00   23.16    0.00    0.00    5.26    0.00    0.00    0.00   43.16
06時38分51秒    1   19.51    0.00   12.20    0.00    0.00    1.22    0.00    0.00    0.00   67.07

06時38分51秒  CPU    %usr   %nice    %sys %iowait    %irq   %soft  %steal  %guest  %gnice   %idle
06時38分52秒    0   30.53    0.00   22.11    0.00    0.00    5.26    0.00    0.00    0.00   42.11
06時38分52秒    1   18.75    0.00   11.25    0.00    0.00    2.50    0.00    0.00    0.00   67.50

06時38分52秒  CPU    %usr   %nice    %sys %iowait    %irq   %soft  %steal  %guest  %gnice   %idle
06時38分53秒    0   29.35    0.00   25.00    0.00    0.00    5.43    0.00    0.00    0.00   40.22
06時38分53秒    1   23.08    0.00    8.97    0.00    0.00    1.28    0.00    0.00    0.00   66.67

06時38分53秒  CPU    %usr   %nice    %sys %iowait    %irq   %soft  %steal  %guest  %gnice   %idle
06時38分54秒    0   27.96    0.00   22.58    0.00    0.00    5.38    0.00    0.00    0.00   44.09
06時38分54秒    1   23.46    0.00    6.17    0.00    0.00    2.47    0.00    0.00    0.00   67.90

06時38分54秒  CPU    %usr   %nice    %sys %iowait    %irq   %soft  %steal  %guest  %gnice   %idle
06時38分55秒    0   28.72    0.00   22.34    0.00    0.00    5.32    0.00    0.00    0.00   43.62
06時38分55秒    1   19.75    0.00   12.35    0.00    0.00    1.23    0.00    0.00    0.00   66.67

06時38分55秒  CPU    %usr   %nice    %sys %iowait    %irq   %soft  %steal  %guest  %gnice   %idle
06時38分56秒    0   34.41    0.00   17.20    0.00    0.00    5.38    0.00    0.00    0.00   43.01
06時38分56秒    1   20.99    0.00    8.64    0.00    0.00    2.47    0.00    0.00    0.00   67.90

06時38分56秒  CPU    %usr   %nice    %sys %iowait    %irq   %soft  %steal  %guest  %gnice   %idle
06時38分57秒    0   31.25    0.00   23.96    0.00    0.00    5.21    0.00    0.00    0.00   39.58
06時38分57秒    1   16.46    0.00   13.92    0.00    0.00    1.27    0.00    0.00    0.00   68.35

06時38分57秒  CPU    %usr   %nice    %sys %iowait    %irq   %soft  %steal  %guest  %gnice   %idle
06時38分58秒    0   30.21    0.00   21.88    0.00    1.04    6.25    0.00    0.00    0.00   40.62
06時38分58秒    1   19.75    0.00   11.11    0.00    0.00    2.47    0.00    0.00    0.00   66.67

06時38分58秒  CPU    %usr   %nice    %sys %iowait    %irq   %soft  %steal  %guest  %gnice   %idle
06時38分59秒    0   34.04    0.00   20.21    0.00    0.00    5.32    0.00    0.00    0.00   40.43
06時38分59秒    1   20.00    0.00   13.75    0.00    0.00    1.25    0.00    0.00    0.00   65.00

06時38分59秒  CPU    %usr   %nice    %sys %iowait    %irq   %soft  %steal  %guest  %gnice   %idle
06時39分00秒    0   27.37    0.00   24.21    0.00    0.00    5.26    0.00    0.00    0.00   43.16
06時39分00秒    1   17.28    0.00   11.11    0.00    1.23    2.47    0.00    0.00    0.00   67.90

06時39分00秒  CPU    %usr   %nice    %sys %iowait    %irq   %soft  %steal  %guest  %gnice   %idle
06時39分01秒    0   30.11    0.00   22.58    0.00    0.00    5.38    0.00    0.00    0.00   41.94
06時39分01秒    1   17.50    0.00   15.00    0.00    0.00    1.25    0.00    0.00    0.00   66.25

06時39分01秒  CPU    %usr   %nice    %sys %iowait    %irq   %soft  %steal  %guest  %gnice   %idle
06時39分02秒    0   34.04    0.00   20.21    0.00    0.00    5.32    0.00    0.00    0.00   40.43
06時39分02秒    1   21.95    0.00   10.98    0.00    0.00    2.44    0.00    0.00    0.00   64.63

06時39分02秒  CPU    %usr   %nice    %sys %iowait    %irq   %soft  %steal  %guest  %gnice   %idle
06時39分03秒    0   27.66    0.00   25.53    0.00    0.00    5.32    0.00    0.00    0.00   41.49
06時39分03秒    1   21.25    0.00   11.25    0.00    0.00    1.25    0.00    0.00    0.00   66.25

06時39分03秒  CPU    %usr   %nice    %sys %iowait    %irq   %soft  %steal  %guest  %gnice   %idle
06時39分04秒    0   28.42    0.00   23.16    0.00    0.00    5.26    0.00    0.00    0.00   43.16
06時39分04秒    1   18.75    0.00   10.00    0.00    0.00    2.50    0.00    0.00    0.00   68.75

06時39分04秒  CPU    %usr   %nice    %sys %iowait    %irq   %soft  %steal  %guest  %gnice   %idle
06時39分05秒    0   28.12    0.00   22.92    0.00    0.00    6.25    0.00    0.00    0.00   42.71
06時39分05秒    1   18.99    0.00   11.39    0.00    0.00    1.27    0.00    0.00    0.00   68.35

06時39分05秒  CPU    %usr   %nice    %sys %iowait    %irq   %soft  %steal  %guest  %gnice   %idle
06時39分06秒    0   30.43    0.00   23.91    0.00    0.00    5.43    0.00    0.00    0.00   40.22
06時39分06秒    1   18.99    0.00   11.39    0.00    0.00    2.53    0.00    0.00    0.00   67.09

06時39分06秒  CPU    %usr   %nice    %sys %iowait    %irq   %soft  %steal  %guest  %gnice   %idle
06時39分07秒    0   29.03    0.00   23.66    0.00    0.00    5.38    0.00    0.00    0.00   41.94
06時39分07秒    1   23.46    0.00    8.64    0.00    0.00    2.47    0.00    0.00    0.00   65.43

06時39分07秒  CPU    %usr   %nice    %sys %iowait    %irq   %soft  %steal  %guest  %gnice   %idle
06時39分08秒    0   30.53    0.00   23.16    0.00    0.00    5.26    0.00    0.00    0.00   41.05
06時39分08秒    1   18.75    0.00   12.50    0.00    0.00    1.25    0.00    0.00    0.00   67.50

06時39分08秒  CPU    %usr   %nice    %sys %iowait    %irq   %soft  %steal  %guest  %gnice   %idle
06時39分09秒    0   32.26    0.00   19.35    0.00    0.00    5.38    0.00    0.00    0.00   43.01
06時39分09秒    1   22.22    0.00    8.64    0.00    0.00    2.47    0.00    0.00    0.00   66.67

06時39分09秒  CPU    %usr   %nice    %sys %iowait    %irq   %soft  %steal  %guest  %gnice   %idle
06時39分10秒    0   32.26    0.00   19.35    0.00    0.00    5.38    0.00    0.00    0.00   43.01
06時39分10秒    1   18.99    0.00   11.39    0.00    0.00    1.27    0.00    0.00    0.00   68.35

06時39分10秒  CPU    %usr   %nice    %sys %iowait    %irq   %soft  %steal  %guest  %gnice   %idle
06時39分11秒    0   27.37    0.00   24.21    0.00    0.00    5.26    0.00    0.00    0.00   43.16
06時39分11秒    1   24.10    0.00    8.43    0.00    0.00    2.41    0.00    0.00    0.00   65.06

06時39分11秒  CPU    %usr   %nice    %sys %iowait    %irq   %soft  %steal  %guest  %gnice   %idle
06時39分12秒    0   28.72    0.00   22.34    0.00    0.00    5.32    0.00    0.00    0.00   43.62
06時39分12秒    1   20.25    0.00    8.86    0.00    0.00    1.27    0.00    0.00    0.00   69.62

06時39分12秒  CPU    %usr   %nice    %sys %iowait    %irq   %soft  %steal  %guest  %gnice   %idle
06時39分13秒    0   30.11    0.00   20.43    0.00    0.00    5.38    0.00    0.00    0.00   44.09
06時39分13秒    1   17.50    0.00   11.25    0.00    0.00    2.50    0.00    0.00    0.00   68.75

06時39分13秒  CPU    %usr   %nice    %sys %iowait    %irq   %soft  %steal  %guest  %gnice   %idle
06時39分14秒    0   29.47    0.00   23.16    0.00    0.00    6.32    0.00    0.00    0.00   41.05
06時39分14秒    1   20.99    0.00   12.35    0.00    0.00    1.23    0.00    0.00    0.00   65.43

06時39分14秒  CPU    %usr   %nice    %sys %iowait    %irq   %soft  %steal  %guest  %gnice   %idle
06時39分15秒    0   31.18    0.00   22.58    0.00    0.00    5.38    0.00    0.00    0.00   40.86
06時39分15秒    1   24.39    0.00    8.54    0.00    0.00    2.44    0.00    0.00    0.00   64.63

06時39分15秒  CPU    %usr   %nice    %sys %iowait    %irq   %soft  %steal  %guest  %gnice   %idle
06時39分16秒    0   27.66    0.00   25.53    0.00    0.00    5.32    0.00    0.00    0.00   41.49
06時39分16秒    1   22.50    0.00    8.75    0.00    0.00    1.25    0.00    0.00    0.00   67.50

06時39分16秒  CPU    %usr   %nice    %sys %iowait    %irq   %soft  %steal  %guest  %gnice   %idle
06時39分17秒    0   29.03    0.00   21.51    0.00    0.00    5.38    0.00    0.00    0.00   44.09
06時39分17秒    1   20.00    0.00   10.00    0.00    0.00    2.50    0.00    0.00    0.00   67.50

06時39分17秒  CPU    %usr   %nice    %sys %iowait    %irq   %soft  %steal  %guest  %gnice   %idle
06時39分18秒    0   25.26    0.00   26.32    0.00    1.05    5.26    0.00    0.00    0.00   42.11
06時39分18秒    1   20.51    0.00    8.97    0.00    0.00    1.28    0.00    0.00    0.00   69.23

06時39分18秒  CPU    %usr   %nice    %sys %iowait    %irq   %soft  %steal  %guest  %gnice   %idle
06時39分19秒    0   31.91    0.00   21.28    0.00    0.00    6.38    0.00    0.00    0.00   40.43
06時39分19秒    1   20.99    0.00   11.11    0.00    0.00    2.47    0.00    0.00    0.00   65.43

06時39分19秒  CPU    %usr   %nice    %sys %iowait    %irq   %soft  %steal  %guest  %gnice   %idle
06時39分20秒    0   32.61    0.00   17.39    0.00    0.00    5.43    0.00    0.00    0.00   44.57
06時39分20秒    1   18.75    0.00   11.25    0.00    0.00    1.25    0.00    0.00    0.00   68.75

06時39分20秒  CPU    %usr   %nice    %sys %iowait    %irq   %soft  %steal  %guest  %gnice   %idle
06時39分21秒    0   24.21    0.00   29.47    0.00    0.00    5.26    0.00    0.00    0.00   41.05
06時39分21秒    1   20.48    0.00   13.25    0.00    0.00    2.41    0.00    0.00    0.00   63.86

06時39分21秒  CPU    %usr   %nice    %sys %iowait    %irq   %soft  %steal  %guest  %gnice   %idle
06時39分22秒    0   30.85    0.00   21.28    0.00    0.00    5.32    0.00    0.00    0.00   42.55
06時39分22秒    1   22.78    0.00    7.59    0.00    0.00    1.27    0.00    0.00    0.00   68.35

06時39分22秒  CPU    %usr   %nice    %sys %iowait    %irq   %soft  %steal  %guest  %gnice   %idle
06時39分23秒    0   28.72    0.00   22.34    0.00    0.00    5.32    0.00    0.00    0.00   43.62
06時39分23秒    1   20.00    0.00   10.00    0.00    0.00    2.50    0.00    0.00    0.00   67.50

06時39分23秒  CPU    %usr   %nice    %sys %iowait    %irq   %soft  %steal  %guest  %gnice   %idle
06時39分24秒    0   29.79    0.00   23.40    0.00    0.00    5.32    0.00    0.00    0.00   41.49
06時39分24秒    1   20.51    0.00   10.26    0.00    0.00    1.28    0.00    0.00    0.00   67.95

06時39分24秒  CPU    %usr   %nice    %sys %iowait    %irq   %soft  %steal  %guest  %gnice   %idle
06時39分25秒    0   30.53    0.00   23.16    0.00    0.00    5.26    0.00    0.00    0.00   41.05
06時39分25秒    1   19.75    0.00   12.35    0.00    0.00    2.47    0.00    0.00    0.00   65.43

06時39分25秒  CPU    %usr   %nice    %sys %iowait    %irq   %soft  %steal  %guest  %gnice   %idle
06時39分26秒    0   27.96    0.00   20.43    0.00    0.00    5.38    0.00    0.00    0.00   46.24
06時39分26秒    1   18.52    0.00    9.88    0.00    0.00    1.23    0.00    0.00    0.00   70.37

06時39分26秒  CPU    %usr   %nice    %sys %iowait    %irq   %soft  %steal  %guest  %gnice   %idle
06時39分27秒    0   25.26    0.00   27.37    0.00    0.00    5.26    0.00    0.00    0.00   42.11
06時39分27秒    1   21.95    0.00    8.54    0.00    0.00    2.44    0.00    0.00    0.00   67.07

06時39分27秒  CPU    %usr   %nice    %sys %iowait    %irq   %soft  %steal  %guest  %gnice   %idle
06時39分28秒    0   25.81    0.00   24.73    0.00    0.00    5.38    0.00    0.00    0.00   44.09
06時39分28秒    1   22.22    0.00    8.64    0.00    0.00    1.23    0.00    0.00    0.00   67.90

06時39分28秒  CPU    %usr   %nice    %sys %iowait    %irq   %soft  %steal  %guest  %gnice   %idle
06時39分29秒    0   29.79    0.00   23.40    0.00    0.00    6.38    0.00    0.00    0.00   40.43
06時39分29秒    1   22.22    0.00    9.88    0.00    0.00    2.47    0.00    0.00    0.00   65.43

06時39分29秒  CPU    %usr   %nice    %sys %iowait    %irq   %soft  %steal  %guest  %gnice   %idle
06時39分30秒    0   28.42    0.00   23.16    0.00    0.00    5.26    0.00    0.00    0.00   43.16
06時39分30秒    1   21.52    0.00    8.86    0.00    0.00    1.27    0.00    0.00    0.00   68.35

平均時間：  CPU    %usr   %nice    %sys %iowait    %irq   %soft  %steal  %guest  %gnice   %idle
平均時間：    0   29.49    0.00   22.68    0.00    0.05    5.48    0.00    0.00    0.00   42.30
平均時間：    1   20.85    0.00   10.26    0.00    0.04    1.86    0.00    0.00    0.00   66.98
