Linux 5.6.15-arch1-1 (archlinux) 	西元2020年06月29日 	_x86_64_	(12 CPU)

06時21分48秒  CPU    %usr   %nice    %sys %iowait    %irq   %soft  %steal  %guest  %gnice   %idle
06時21分49秒    0   32.29    0.00   19.79    0.00    0.00    5.21    0.00    0.00    0.00   42.71
06時21分49秒    1   21.69    0.00    9.64    0.00    0.00    2.41    0.00    0.00    0.00   66.27

06時21分49秒  CPU    %usr   %nice    %sys %iowait    %irq   %soft  %steal  %guest  %gnice   %idle
06時21分50秒    0   31.18    0.00   22.58    0.00    0.00    5.38    0.00    0.00    0.00   40.86
06時21分50秒    1   25.00    0.00    6.25    0.00    0.00    1.25    0.00    0.00    0.00   67.50

06時21分50秒  CPU    %usr   %nice    %sys %iowait    %irq   %soft  %steal  %guest  %gnice   %idle
06時21分51秒    0   28.42    0.00   23.16    0.00    0.00    5.26    0.00    0.00    0.00   43.16
06時21分51秒    1   19.75    0.00   12.35    0.00    0.00    2.47    0.00    0.00    0.00   65.43

06時21分51秒  CPU    %usr   %nice    %sys %iowait    %irq   %soft  %steal  %guest  %gnice   %idle
06時21分52秒    0   28.72    0.00   24.47    0.00    0.00    5.32    0.00    0.00    0.00   41.49
06時21分52秒    1   22.50    0.00    7.50    0.00    0.00    1.25    0.00    0.00    0.00   68.75

06時21分52秒  CPU    %usr   %nice    %sys %iowait    %irq   %soft  %steal  %guest  %gnice   %idle
06時21分53秒    0   32.63    0.00   18.95    0.00    0.00    5.26    0.00    0.00    0.00   43.16
06時21分53秒    1   20.00    0.00   10.00    0.00    0.00    2.50    0.00    0.00    0.00   67.50

06時21分53秒  CPU    %usr   %nice    %sys %iowait    %irq   %soft  %steal  %guest  %gnice   %idle
06時21分54秒    0   31.18    0.00   20.43    0.00    0.00    5.38    0.00    0.00    0.00   43.01
06時21分54秒    1   21.69    0.00   12.05    0.00    0.00    2.41    0.00    0.00    0.00   63.86

06時21分54秒  CPU    %usr   %nice    %sys %iowait    %irq   %soft  %steal  %guest  %gnice   %idle
06時21分55秒    0   27.37    0.00   25.26    0.00    0.00    6.32    0.00    0.00    0.00   41.05
06時21分55秒    1   22.22    0.00    9.88    0.00    0.00    1.23    0.00    0.00    0.00   66.67

06時21分55秒  CPU    %usr   %nice    %sys %iowait    %irq   %soft  %steal  %guest  %gnice   %idle
06時21分56秒    0   29.47    0.00   24.21    0.00    0.00    5.26    0.00    0.00    0.00   41.05
06時21分56秒    1   17.72    0.00   12.66    0.00    0.00    2.53    0.00    0.00    0.00   67.09

06時21分56秒  CPU    %usr   %nice    %sys %iowait    %irq   %soft  %steal  %guest  %gnice   %idle
06時21分57秒    0   28.42    0.00   24.21    0.00    1.05    5.26    0.00    0.00    0.00   41.05
06時21分57秒    1   23.75    0.00    7.50    0.00    0.00    1.25    0.00    0.00    0.00   67.50

06時21分57秒  CPU    %usr   %nice    %sys %iowait    %irq   %soft  %steal  %guest  %gnice   %idle
06時21分58秒    0   31.18    0.00   20.43    0.00    0.00    5.38    0.00    0.00    0.00   43.01
06時21分58秒    1   18.99    0.00   10.13    0.00    0.00    2.53    0.00    0.00    0.00   68.35

06時21分58秒  CPU    %usr   %nice    %sys %iowait    %irq   %soft  %steal  %guest  %gnice   %idle
06時21分59秒    0   32.26    0.00   19.35    0.00    0.00    5.38    0.00    0.00    0.00   43.01
06時21分59秒    1   18.99    0.00   10.13    0.00    0.00    1.27    0.00    0.00    0.00   69.62

06時21分59秒  CPU    %usr   %nice    %sys %iowait    %irq   %soft  %steal  %guest  %gnice   %idle
06時22分00秒    0   30.85    0.00   21.28    0.00    0.00    5.32    0.00    0.00    0.00   42.55
06時22分00秒    1   22.22    0.00    8.64    0.00    0.00    2.47    0.00    0.00    0.00   66.67

06時22分00秒  CPU    %usr   %nice    %sys %iowait    %irq   %soft  %steal  %guest  %gnice   %idle
06時22分01秒    0   32.26    0.00   19.35    0.00    0.00    5.38    0.00    0.00    0.00   43.01
06時22分01秒    1   18.75    0.00   12.50    0.00    0.00    1.25    0.00    0.00    0.00   67.50

06時22分01秒  CPU    %usr   %nice    %sys %iowait    %irq   %soft  %steal  %guest  %gnice   %idle
06時22分02秒    0   32.98    0.00   18.09    0.00    0.00    5.32    0.00    0.00    0.00   43.62
06時22分02秒    1   19.51    0.00    9.76    0.00    0.00    2.44    0.00    0.00    0.00   68.29

06時22分02秒  CPU    %usr   %nice    %sys %iowait    %irq   %soft  %steal  %guest  %gnice   %idle
06時22分03秒    0   26.60    0.00   24.47    0.00    0.00    5.32    0.00    0.00    0.00   43.62
06時22分03秒    1   20.00    0.00   10.00    0.00    0.00    1.25    0.00    0.00    0.00   68.75

06時22分03秒  CPU    %usr   %nice    %sys %iowait    %irq   %soft  %steal  %guest  %gnice   %idle
06時22分04秒    0   30.11    0.00   22.58    0.00    0.00    5.38    0.00    0.00    0.00   41.94
06時22分04秒    1   19.75    0.00   11.11    0.00    0.00    2.47    0.00    0.00    0.00   66.67

06時22分04秒  CPU    %usr   %nice    %sys %iowait    %irq   %soft  %steal  %guest  %gnice   %idle
06時22分05秒    0   35.11    0.00   17.02    0.00    0.00    5.32    0.00    0.00    0.00   42.55
06時22分05秒    1   17.72    0.00   11.39    0.00    0.00    1.27    0.00    0.00    0.00   69.62

06時22分05秒  CPU    %usr   %nice    %sys %iowait    %irq   %soft  %steal  %guest  %gnice   %idle
06時22分06秒    0   29.79    0.00   23.40    0.00    0.00    5.32    0.00    0.00    0.00   41.49
06時22分06秒    1   19.75    0.00   11.11    0.00    0.00    2.47    0.00    0.00    0.00   66.67

06時22分06秒  CPU    %usr   %nice    %sys %iowait    %irq   %soft  %steal  %guest  %gnice   %idle
06時22分07秒    0   32.26    0.00   21.51    0.00    0.00    5.38    0.00    0.00    0.00   40.86
06時22分07秒    1   20.25    0.00   10.13    0.00    0.00    1.27    0.00    0.00    0.00   68.35

06時22分07秒  CPU    %usr   %nice    %sys %iowait    %irq   %soft  %steal  %guest  %gnice   %idle
06時22分08秒    0   29.79    0.00   21.28    0.00    0.00    5.32    0.00    0.00    0.00   43.62
06時22分08秒    1   19.75    0.00    9.88    0.00    0.00    2.47    0.00    0.00    0.00   67.90

06時22分08秒  CPU    %usr   %nice    %sys %iowait    %irq   %soft  %steal  %guest  %gnice   %idle
06時22分09秒    0   30.85    0.00   20.21    0.00    0.00    6.38    0.00    0.00    0.00   42.55
06時22分09秒    1   18.99    0.00   11.39    0.00    0.00    1.27    0.00    0.00    0.00   68.35

06時22分09秒  CPU    %usr   %nice    %sys %iowait    %irq   %soft  %steal  %guest  %gnice   %idle
06時22分10秒    0   32.63    0.00   20.00    0.00    0.00    5.26    0.00    0.00    0.00   42.11
06時22分10秒    1   22.22    0.00    7.41    0.00    0.00    2.47    0.00    0.00    0.00   67.90

06時22分10秒  CPU    %usr   %nice    %sys %iowait    %irq   %soft  %steal  %guest  %gnice   %idle
06時22分11秒    0   33.33    0.00   18.28    0.00    0.00    5.38    0.00    0.00    0.00   43.01
06時22分11秒    1   21.25    0.00    8.75    0.00    0.00    1.25    0.00    0.00    0.00   68.75

06時22分11秒  CPU    %usr   %nice    %sys %iowait    %irq   %soft  %steal  %guest  %gnice   %idle
06時22分12秒    0   26.88    0.00   23.66    0.00    0.00    5.38    0.00    0.00    0.00   44.09
06時22分12秒    1   22.78    0.00    5.06    0.00    0.00    2.53    0.00    0.00    0.00   69.62

06時22分12秒  CPU    %usr   %nice    %sys %iowait    %irq   %soft  %steal  %guest  %gnice   %idle
06時22分13秒    0   29.79    0.00   23.40    0.00    0.00    5.32    0.00    0.00    0.00   41.49
06時22分13秒    1   18.52    0.00   12.35    0.00    0.00    2.47    0.00    0.00    0.00   66.67

06時22分13秒  CPU    %usr   %nice    %sys %iowait    %irq   %soft  %steal  %guest  %gnice   %idle
06時22分14秒    0   26.60    0.00   24.47    0.00    0.00    5.32    0.00    0.00    0.00   43.62
06時22分14秒    1   20.25    0.00    8.86    0.00    0.00    1.27    0.00    0.00    0.00   69.62

06時22分14秒  CPU    %usr   %nice    %sys %iowait    %irq   %soft  %steal  %guest  %gnice   %idle
06時22分15秒    0   31.52    0.00   18.48    0.00    0.00    5.43    0.00    0.00    0.00   44.57
06時22分15秒    1   18.75    0.00   10.00    0.00    0.00    2.50    0.00    0.00    0.00   68.75

06時22分15秒  CPU    %usr   %nice    %sys %iowait    %irq   %soft  %steal  %guest  %gnice   %idle
06時22分16秒    0   27.66    0.00   25.53    0.00    0.00    5.32    0.00    0.00    0.00   41.49
06時22分16秒    1   21.25    0.00    8.75    0.00    0.00    1.25    0.00    0.00    0.00   68.75

06時22分16秒  CPU    %usr   %nice    %sys %iowait    %irq   %soft  %steal  %guest  %gnice   %idle
06時22分17秒    0   27.37    0.00   26.32    0.00    0.00    5.26    0.00    0.00    0.00   41.05
06時22分17秒    1   18.75    0.00   11.25    0.00    0.00    2.50    0.00    0.00    0.00   67.50

06時22分17秒  CPU    %usr   %nice    %sys %iowait    %irq   %soft  %steal  %guest  %gnice   %idle
06時22分18秒    0   29.17    0.00   21.88    0.00    1.04    5.21    0.00    0.00    0.00   42.71
06時22分18秒    1   17.07    0.00   14.63    0.00    0.00    1.22    0.00    0.00    0.00   67.07

06時22分18秒  CPU    %usr   %nice    %sys %iowait    %irq   %soft  %steal  %guest  %gnice   %idle
06時22分19秒    0   31.91    0.00   21.28    0.00    0.00    5.32    0.00    0.00    0.00   41.49
06時22分19秒    1   20.73    0.00   10.98    0.00    1.22    2.44    0.00    0.00    0.00   64.63

06時22分19秒  CPU    %usr   %nice    %sys %iowait    %irq   %soft  %steal  %guest  %gnice   %idle
06時22分20秒    0   30.11    0.00   21.51    0.00    0.00    5.38    0.00    0.00    0.00   43.01
06時22分20秒    1   18.75    0.00   11.25    0.00    0.00    1.25    0.00    0.00    0.00   68.75

06時22分20秒  CPU    %usr   %nice    %sys %iowait    %irq   %soft  %steal  %guest  %gnice   %idle
06時22分21秒    0   29.03    0.00   22.58    0.00    0.00    5.38    0.00    0.00    0.00   43.01
06時22分21秒    1   21.25    0.00    8.75    0.00    0.00    2.50    0.00    0.00    0.00   67.50

06時22分21秒  CPU    %usr   %nice    %sys %iowait    %irq   %soft  %steal  %guest  %gnice   %idle
06時22分22秒    0   30.11    0.00   21.51    0.00    0.00    5.38    0.00    0.00    0.00   43.01
06時22分22秒    1   19.23    0.00   10.26    0.00    0.00    1.28    0.00    0.00    0.00   69.23

06時22分22秒  CPU    %usr   %nice    %sys %iowait    %irq   %soft  %steal  %guest  %gnice   %idle
06時22分23秒    0   28.72    0.00   24.47    0.00    0.00    5.32    0.00    0.00    0.00   41.49
06時22分23秒    1   21.25    0.00    7.50    0.00    0.00    2.50    0.00    0.00    0.00   68.75

06時22分23秒  CPU    %usr   %nice    %sys %iowait    %irq   %soft  %steal  %guest  %gnice   %idle
06時22分24秒    0   28.42    0.00   23.16    0.00    0.00    5.26    0.00    0.00    0.00   43.16
06時22分24秒    1   20.99    0.00    9.88    0.00    0.00    1.23    0.00    0.00    0.00   67.90

06時22分24秒  CPU    %usr   %nice    %sys %iowait    %irq   %soft  %steal  %guest  %gnice   %idle
06時22分25秒    0   31.91    0.00   22.34    0.00    0.00    6.38    0.00    0.00    0.00   39.36
06時22分25秒    1   24.36    0.00    5.13    0.00    0.00    2.56    0.00    0.00    0.00   67.95

06時22分25秒  CPU    %usr   %nice    %sys %iowait    %irq   %soft  %steal  %guest  %gnice   %idle
06時22分26秒    0   32.98    0.00   18.09    0.00    0.00    5.32    0.00    0.00    0.00   43.62
06時22分26秒    1   18.75    0.00   11.25    0.00    0.00    1.25    0.00    0.00    0.00   68.75

06時22分26秒  CPU    %usr   %nice    %sys %iowait    %irq   %soft  %steal  %guest  %gnice   %idle
06時22分27秒    0   28.72    0.00   23.40    0.00    0.00    5.32    0.00    0.00    0.00   42.55
06時22分27秒    1   21.52    0.00    8.86    0.00    0.00    2.53    0.00    0.00    0.00   67.09

06時22分27秒  CPU    %usr   %nice    %sys %iowait    %irq   %soft  %steal  %guest  %gnice   %idle
06時22分28秒    0   31.91    0.00   21.28    0.00    0.00    5.32    0.00    0.00    0.00   41.49
06時22分28秒    1   20.25    0.00   10.13    0.00    0.00    1.27    0.00    0.00    0.00   68.35

06時22分28秒  CPU    %usr   %nice    %sys %iowait    %irq   %soft  %steal  %guest  %gnice   %idle
06時22分29秒    0   26.60    0.00   24.47    0.00    0.00    5.32    0.00    0.00    0.00   43.62
06時22分29秒    1   17.28    0.00    9.88    0.00    1.23    2.47    0.00    0.00    0.00   69.14

06時22分29秒  CPU    %usr   %nice    %sys %iowait    %irq   %soft  %steal  %guest  %gnice   %idle
06時22分30秒    0   30.85    0.00   21.28    0.00    0.00    5.32    0.00    0.00    0.00   42.55
06時22分30秒    1   18.75    0.00   12.50    0.00    0.00    1.25    0.00    0.00    0.00   67.50

06時22分30秒  CPU    %usr   %nice    %sys %iowait    %irq   %soft  %steal  %guest  %gnice   %idle
06時22分31秒    0   28.72    0.00   23.40    0.00    0.00    5.32    0.00    0.00    0.00   42.55
06時22分31秒    1   17.28    0.00   12.35    0.00    0.00    2.47    0.00    0.00    0.00   67.90

06時22分31秒  CPU    %usr   %nice    %sys %iowait    %irq   %soft  %steal  %guest  %gnice   %idle
06時22分32秒    0   29.35    0.00   21.74    0.00    0.00    5.43    0.00    0.00    0.00   43.48
06時22分32秒    1   17.72    0.00   11.39    0.00    0.00    1.27    0.00    0.00    0.00   69.62

06時22分32秒  CPU    %usr   %nice    %sys %iowait    %irq   %soft  %steal  %guest  %gnice   %idle
06時22分33秒    0   34.41    0.00   18.28    0.00    0.00    5.38    0.00    0.00    0.00   41.94
06時22分33秒    1   19.75    0.00   11.11    0.00    0.00    2.47    0.00    0.00    0.00   66.67

06時22分33秒  CPU    %usr   %nice    %sys %iowait    %irq   %soft  %steal  %guest  %gnice   %idle
06時22分34秒    0   26.09    0.00   22.83    0.00    0.00    5.43    0.00    0.00    0.00   45.65
06時22分34秒    1   21.25    0.00    6.25    0.00    0.00    1.25    0.00    0.00    0.00   71.25

06時22分34秒  CPU    %usr   %nice    %sys %iowait    %irq   %soft  %steal  %guest  %gnice   %idle
06時22分35秒    0   24.73    0.00   25.81    0.00    0.00    5.38    0.00    0.00    0.00   44.09
06時22分35秒    1   18.52    0.00   11.11    0.00    0.00    2.47    0.00    0.00    0.00   67.90

06時22分35秒  CPU    %usr   %nice    %sys %iowait    %irq   %soft  %steal  %guest  %gnice   %idle
06時22分36秒    0   29.47    0.00   23.16    0.00    0.00    5.26    0.00    0.00    0.00   42.11
06時22分36秒    1   18.99    0.00   10.13    0.00    0.00    1.27    0.00    0.00    0.00   69.62

06時22分36秒  CPU    %usr   %nice    %sys %iowait    %irq   %soft  %steal  %guest  %gnice   %idle
06時22分37秒    0   26.60    0.00   25.53    0.00    0.00    5.32    0.00    0.00    0.00   42.55
06時22分37秒    1   21.69    0.00    9.64    0.00    0.00    2.41    0.00    0.00    0.00   66.27

06時22分37秒  CPU    %usr   %nice    %sys %iowait    %irq   %soft  %steal  %guest  %gnice   %idle
06時22分38秒    0   30.21    0.00   23.96    0.00    1.04    5.21    0.00    0.00    0.00   39.58
06時22分38秒    1   21.52    0.00   11.39    0.00    0.00    1.27    0.00    0.00    0.00   65.82

06時22分38秒  CPU    %usr   %nice    %sys %iowait    %irq   %soft  %steal  %guest  %gnice   %idle
06時22分39秒    0   23.66    0.00   27.96    0.00    0.00    5.38    0.00    0.00    0.00   43.01
06時22分39秒    1   18.29    0.00   12.20    0.00    0.00    2.44    0.00    0.00    0.00   67.07

06時22分39秒  CPU    %usr   %nice    %sys %iowait    %irq   %soft  %steal  %guest  %gnice   %idle
06時22分40秒    0   34.41    0.00   19.35    0.00    0.00    5.38    0.00    0.00    0.00   40.86
06時22分40秒    1   21.95    0.00   10.98    0.00    0.00    2.44    0.00    0.00    0.00   64.63

06時22分40秒  CPU    %usr   %nice    %sys %iowait    %irq   %soft  %steal  %guest  %gnice   %idle
06時22分41秒    0   31.18    0.00   21.51    0.00    0.00    5.38    0.00    0.00    0.00   41.94
06時22分41秒    1   17.72    0.00   12.66    0.00    0.00    1.27    0.00    0.00    0.00   68.35

06時22分41秒  CPU    %usr   %nice    %sys %iowait    %irq   %soft  %steal  %guest  %gnice   %idle
06時22分42秒    0   29.17    0.00   22.92    0.00    0.00    6.25    0.00    0.00    0.00   41.67
06時22分42秒    1   18.52    0.00    9.88    0.00    0.00    2.47    0.00    0.00    0.00   69.14

06時22分42秒  CPU    %usr   %nice    %sys %iowait    %irq   %soft  %steal  %guest  %gnice   %idle
06時22分43秒    0   30.53    0.00   22.11    0.00    0.00    5.26    0.00    0.00    0.00   42.11
06時22分43秒    1   21.79    0.00    8.97    0.00    0.00    1.28    0.00    0.00    0.00   67.95

06時22分43秒  CPU    %usr   %nice    %sys %iowait    %irq   %soft  %steal  %guest  %gnice   %idle
06時22分44秒    0   31.18    0.00   19.35    0.00    0.00    5.38    0.00    0.00    0.00   44.09
06時22分44秒    1   20.00    0.00    8.75    0.00    0.00    2.50    0.00    0.00    0.00   68.75

06時22分44秒  CPU    %usr   %nice    %sys %iowait    %irq   %soft  %steal  %guest  %gnice   %idle
06時22分45秒    0   34.41    0.00   20.43    0.00    0.00    5.38    0.00    0.00    0.00   39.78
06時22分45秒    1   22.78    0.00    8.86    0.00    0.00    1.27    0.00    0.00    0.00   67.09

06時22分45秒  CPU    %usr   %nice    %sys %iowait    %irq   %soft  %steal  %guest  %gnice   %idle
06時22分46秒    0   35.11    0.00   19.15    0.00    0.00    5.32    0.00    0.00    0.00   40.43
06時22分46秒    1   18.75    0.00   12.50    0.00    0.00    2.50    0.00    0.00    0.00   66.25

06時22分46秒  CPU    %usr   %nice    %sys %iowait    %irq   %soft  %steal  %guest  %gnice   %idle
06時22分47秒    0   29.03    0.00   23.66    0.00    0.00    5.38    0.00    0.00    0.00   41.94
06時22分47秒    1   22.78    0.00    7.59    0.00    0.00    1.27    0.00    0.00    0.00   68.35

06時22分47秒  CPU    %usr   %nice    %sys %iowait    %irq   %soft  %steal  %guest  %gnice   %idle
06時22分48秒    0   28.72    0.00   23.40    0.00    0.00    5.32    0.00    0.00    0.00   42.55
06時22分48秒    1   17.72    0.00   11.39    0.00    0.00    2.53    0.00    0.00    0.00   68.35

06時22分48秒  CPU    %usr   %nice    %sys %iowait    %irq   %soft  %steal  %guest  %gnice   %idle
06時22分49秒    0   29.35    0.00   23.91    0.00    0.00    5.43    0.00    0.00    0.00   41.30
06時22分49秒    1   19.23    0.00   11.54    0.00    0.00    1.28    0.00    0.00    0.00   67.95

06時22分49秒  CPU    %usr   %nice    %sys %iowait    %irq   %soft  %steal  %guest  %gnice   %idle
06時22分50秒    0   33.67    0.00   20.41    0.00    0.00    6.12    0.00    0.00    0.00   39.80
06時22分50秒    1   18.75    0.00   11.25    0.00    0.00    2.50    0.00    0.00    0.00   67.50

06時22分50秒  CPU    %usr   %nice    %sys %iowait    %irq   %soft  %steal  %guest  %gnice   %idle
06時22分51秒    0   29.35    0.00   22.83    0.00    0.00    5.43    0.00    0.00    0.00   42.39
06時22分51秒    1   22.22    0.00    8.64    0.00    0.00    2.47    0.00    0.00    0.00   66.67

06時22分51秒  CPU    %usr   %nice    %sys %iowait    %irq   %soft  %steal  %guest  %gnice   %idle
06時22分52秒    0   29.47    0.00   21.05    0.00    0.00    5.26    0.00    0.00    0.00   44.21
06時22分52秒    1   19.51    0.00   10.98    0.00    0.00    1.22    0.00    0.00    0.00   68.29

06時22分52秒  CPU    %usr   %nice    %sys %iowait    %irq   %soft  %steal  %guest  %gnice   %idle
06時22分53秒    0   28.42    0.00   25.26    0.00    0.00    5.26    0.00    0.00    0.00   41.05
06時22分53秒    1   23.46    0.00    8.64    0.00    0.00    2.47    0.00    0.00    0.00   65.43

06時22分53秒  CPU    %usr   %nice    %sys %iowait    %irq   %soft  %steal  %guest  %gnice   %idle
06時22分54秒    0   30.85    0.00   20.21    0.00    0.00    5.32    0.00    0.00    0.00   43.62
06時22分54秒    1   20.25    0.00    8.86    0.00    0.00    1.27    0.00    0.00    0.00   69.62

06時22分54秒  CPU    %usr   %nice    %sys %iowait    %irq   %soft  %steal  %guest  %gnice   %idle
06時22分55秒    0   32.63    0.00   21.05    0.00    0.00    5.26    0.00    0.00    0.00   41.05
06時22分55秒    1   20.99    0.00   11.11    0.00    0.00    2.47    0.00    0.00    0.00   65.43

06時22分55秒  CPU    %usr   %nice    %sys %iowait    %irq   %soft  %steal  %guest  %gnice   %idle
06時22分56秒    0   33.68    0.00   17.89    0.00    0.00    5.26    0.00    0.00    0.00   43.16
06時22分56秒    1   18.52    0.00   11.11    0.00    0.00    1.23    0.00    0.00    0.00   69.14

06時22分56秒  CPU    %usr   %nice    %sys %iowait    %irq   %soft  %steal  %guest  %gnice   %idle
06時22分57秒    0   31.58    0.00   21.05    0.00    0.00    5.26    0.00    0.00    0.00   42.11
06時22分57秒    1   20.99    0.00    9.88    0.00    0.00    2.47    0.00    0.00    0.00   66.67

06時22分57秒  CPU    %usr   %nice    %sys %iowait    %irq   %soft  %steal  %guest  %gnice   %idle
06時22分58秒    0   30.11    0.00   20.43    0.00    1.08    5.38    0.00    0.00    0.00   43.01
06時22分58秒    1   21.25    0.00   10.00    0.00    0.00    1.25    0.00    0.00    0.00   67.50

06時22分58秒  CPU    %usr   %nice    %sys %iowait    %irq   %soft  %steal  %guest  %gnice   %idle
06時22分59秒    0   29.03    0.00   23.66    0.00    0.00    5.38    0.00    0.00    0.00   41.94
06時22分59秒    1   21.95    0.00    9.76    0.00    0.00    2.44    0.00    0.00    0.00   65.85

06時22分59秒  CPU    %usr   %nice    %sys %iowait    %irq   %soft  %steal  %guest  %gnice   %idle
06時23分00秒    0   28.72    0.00   24.47    0.00    0.00    5.32    0.00    0.00    0.00   41.49
06時23分00秒    1   18.42    0.00   10.53    0.00    0.00    1.32    0.00    0.00    0.00   69.74

06時23分00秒  CPU    %usr   %nice    %sys %iowait    %irq   %soft  %steal  %guest  %gnice   %idle
06時23分01秒    0   31.18    0.00   20.43    0.00    0.00    6.45    0.00    0.00    0.00   41.94
06時23分01秒    1   22.62    0.00   11.90    0.00    0.00    2.38    0.00    0.00    0.00   63.10

06時23分01秒  CPU    %usr   %nice    %sys %iowait    %irq   %soft  %steal  %guest  %gnice   %idle
06時23分02秒    0   30.53    0.00   22.11    0.00    0.00    5.26    0.00    0.00    0.00   42.11
06時23分02秒    1   21.79    0.00    8.97    0.00    0.00    1.28    0.00    0.00    0.00   67.95

06時23分02秒  CPU    %usr   %nice    %sys %iowait    %irq   %soft  %steal  %guest  %gnice   %idle
06時23分03秒    0   27.96    0.00   24.73    0.00    0.00    5.38    0.00    0.00    0.00   41.94
06時23分03秒    1   21.95    0.00    8.54    0.00    0.00    2.44    0.00    0.00    0.00   67.07

06時23分03秒  CPU    %usr   %nice    %sys %iowait    %irq   %soft  %steal  %guest  %gnice   %idle
06時23分04秒    0   32.26    0.00   19.35    0.00    0.00    5.38    0.00    0.00    0.00   43.01
06時23分04秒    1   22.22    0.00    8.64    0.00    0.00    2.47    0.00    0.00    0.00   66.67

06時23分04秒  CPU    %usr   %nice    %sys %iowait    %irq   %soft  %steal  %guest  %gnice   %idle
06時23分05秒    0   27.96    0.00   22.58    0.00    0.00    5.38    0.00    0.00    0.00   44.09
06時23分05秒    1   20.99    0.00    8.64    0.00    0.00    1.23    0.00    0.00    0.00   69.14

06時23分05秒  CPU    %usr   %nice    %sys %iowait    %irq   %soft  %steal  %guest  %gnice   %idle
06時23分06秒    0   31.91    0.00   19.15    0.00    0.00    5.32    0.00    0.00    0.00   43.62
06時23分06秒    1   20.25    0.00    8.86    0.00    0.00    2.53    0.00    0.00    0.00   68.35

06時23分06秒  CPU    %usr   %nice    %sys %iowait    %irq   %soft  %steal  %guest  %gnice   %idle
06時23分07秒    0   29.47    0.00   25.26    0.00    0.00    5.26    0.00    0.00    0.00   40.00
06時23分07秒    1   20.00    0.00   12.50    0.00    0.00    1.25    0.00    0.00    0.00   66.25

06時23分07秒  CPU    %usr   %nice    %sys %iowait    %irq   %soft  %steal  %guest  %gnice   %idle
06時23分08秒    0   29.03    0.00   23.66    0.00    0.00    5.38    0.00    0.00    0.00   41.94
06時23分08秒    1   20.73    0.00    9.76    0.00    1.22    2.44    0.00    0.00    0.00   65.85

06時23分08秒  CPU    %usr   %nice    %sys %iowait    %irq   %soft  %steal  %guest  %gnice   %idle
06時23分09秒    0   32.63    0.00   21.05    0.00    0.00    5.26    0.00    0.00    0.00   41.05
06時23分09秒    1   18.75    0.00   11.25    0.00    0.00    1.25    0.00    0.00    0.00   68.75

06時23分09秒  CPU    %usr   %nice    %sys %iowait    %irq   %soft  %steal  %guest  %gnice   %idle
06時23分10秒    0   27.08    0.00   23.96    0.00    0.00    5.21    0.00    0.00    0.00   43.75
06時23分10秒    1   20.99    0.00    7.41    0.00    0.00    2.47    0.00    0.00    0.00   69.14

06時23分10秒  CPU    %usr   %nice    %sys %iowait    %irq   %soft  %steal  %guest  %gnice   %idle
06時23分11秒    0   27.66    0.00   23.40    0.00    0.00    5.32    0.00    0.00    0.00   43.62
06時23分11秒    1   23.46    0.00    9.88    0.00    0.00    1.23    0.00    0.00    0.00   65.43

06時23分11秒  CPU    %usr   %nice    %sys %iowait    %irq   %soft  %steal  %guest  %gnice   %idle
06時23分12秒    0   32.26    0.00   20.43    0.00    0.00    5.38    0.00    0.00    0.00   41.94
06時23分12秒    1   21.25    0.00   11.25    0.00    0.00    2.50    0.00    0.00    0.00   65.00

06時23分12秒  CPU    %usr   %nice    %sys %iowait    %irq   %soft  %steal  %guest  %gnice   %idle
06時23分13秒    0   29.79    0.00   21.28    0.00    0.00    5.32    0.00    0.00    0.00   43.62
06時23分13秒    1   18.52    0.00   11.11    0.00    0.00    2.47    0.00    0.00    0.00   67.90

06時23分13秒  CPU    %usr   %nice    %sys %iowait    %irq   %soft  %steal  %guest  %gnice   %idle
06時23分14秒    0   28.42    0.00   23.16    0.00    0.00    6.32    0.00    0.00    0.00   42.11
06時23分14秒    1   16.46    0.00   15.19    0.00    0.00    2.53    0.00    0.00    0.00   65.82

06時23分14秒  CPU    %usr   %nice    %sys %iowait    %irq   %soft  %steal  %guest  %gnice   %idle
06時23分15秒    0   27.17    0.00   25.00    0.00    0.00    5.43    0.00    0.00    0.00   42.39
06時23分15秒    1   21.69    0.00   12.05    0.00    0.00    2.41    0.00    0.00    0.00   63.86

06時23分15秒  CPU    %usr   %nice    %sys %iowait    %irq   %soft  %steal  %guest  %gnice   %idle
06時23分16秒    0   30.43    0.00   20.65    0.00    0.00    5.43    0.00    0.00    0.00   43.48
06時23分16秒    1   18.75    0.00   11.25    0.00    0.00    2.50    0.00    0.00    0.00   67.50

06時23分16秒  CPU    %usr   %nice    %sys %iowait    %irq   %soft  %steal  %guest  %gnice   %idle
06時23分17秒    0   31.91    0.00   19.15    0.00    0.00    5.32    0.00    0.00    0.00   43.62
06時23分17秒    1   20.99    0.00   11.11    0.00    0.00    2.47    0.00    0.00    0.00   65.43

06時23分17秒  CPU    %usr   %nice    %sys %iowait    %irq   %soft  %steal  %guest  %gnice   %idle
06時23分18秒    0   30.11    0.00   21.51    0.00    1.08    5.38    0.00    0.00    0.00   41.94
06時23分18秒    1   22.50    0.00    8.75    0.00    0.00    1.25    0.00    0.00    0.00   67.50

06時23分18秒  CPU    %usr   %nice    %sys %iowait    %irq   %soft  %steal  %guest  %gnice   %idle
06時23分19秒    0   28.42    0.00   23.16    0.00    0.00    5.26    0.00    0.00    0.00   43.16
06時23分19秒    1   17.50    0.00   11.25    0.00    0.00    2.50    0.00    0.00    0.00   68.75

06時23分19秒  CPU    %usr   %nice    %sys %iowait    %irq   %soft  %steal  %guest  %gnice   %idle
06時23分20秒    0   30.85    0.00   21.28    0.00    0.00    5.32    0.00    0.00    0.00   42.55
06時23分20秒    1   22.50    0.00    8.75    0.00    0.00    1.25    0.00    0.00    0.00   67.50

06時23分20秒  CPU    %usr   %nice    %sys %iowait    %irq   %soft  %steal  %guest  %gnice   %idle
06時23分21秒    0   31.18    0.00   21.51    0.00    0.00    5.38    0.00    0.00    0.00   41.94
06時23分21秒    1   20.73    0.00    9.76    0.00    0.00    2.44    0.00    0.00    0.00   67.07

06時23分21秒  CPU    %usr   %nice    %sys %iowait    %irq   %soft  %steal  %guest  %gnice   %idle
06時23分22秒    0   27.66    0.00   26.60    0.00    0.00    5.32    0.00    0.00    0.00   40.43
06時23分22秒    1   21.25    0.00   10.00    0.00    0.00    1.25    0.00    0.00    0.00   67.50

06時23分22秒  CPU    %usr   %nice    %sys %iowait    %irq   %soft  %steal  %guest  %gnice   %idle
06時23分23秒    0   25.81    0.00   26.88    0.00    0.00    5.38    0.00    0.00    0.00   41.94
06時23分23秒    1   21.25    0.00   10.00    0.00    0.00    2.50    0.00    0.00    0.00   66.25

06時23分23秒  CPU    %usr   %nice    %sys %iowait    %irq   %soft  %steal  %guest  %gnice   %idle
06時23分24秒    0   32.65    0.00   20.41    0.00    0.00    6.12    0.00    0.00    0.00   40.82
06時23分24秒    1   22.22    0.00    8.64    0.00    0.00    1.23    0.00    0.00    0.00   67.90

06時23分24秒  CPU    %usr   %nice    %sys %iowait    %irq   %soft  %steal  %guest  %gnice   %idle
06時23分25秒    0   28.57    0.00   23.08    0.00    0.00    5.49    0.00    0.00    0.00   42.86
06時23分25秒    1   20.00    0.00   11.25    0.00    0.00    2.50    0.00    0.00    0.00   66.25

06時23分25秒  CPU    %usr   %nice    %sys %iowait    %irq   %soft  %steal  %guest  %gnice   %idle
06時23分26秒    0   29.79    0.00   22.34    0.00    0.00    5.32    0.00    0.00    0.00   42.55
06時23分26秒    1   21.95    0.00    9.76    0.00    0.00    2.44    0.00    0.00    0.00   65.85

06時23分26秒  CPU    %usr   %nice    %sys %iowait    %irq   %soft  %steal  %guest  %gnice   %idle
06時23分27秒    0   36.17    0.00   17.02    0.00    0.00    5.32    0.00    0.00    0.00   41.49
06時23分27秒    1   21.25    0.00    8.75    0.00    0.00    1.25    0.00    0.00    0.00   68.75

06時23分27秒  CPU    %usr   %nice    %sys %iowait    %irq   %soft  %steal  %guest  %gnice   %idle
06時23分28秒    0   32.26    0.00   21.51    0.00    0.00    5.38    0.00    0.00    0.00   40.86
06時23分28秒    1   22.22    0.00    9.88    0.00    0.00    2.47    0.00    0.00    0.00   65.43

06時23分28秒  CPU    %usr   %nice    %sys %iowait    %irq   %soft  %steal  %guest  %gnice   %idle
06時23分29秒    0   29.79    0.00   21.28    0.00    0.00    5.32    0.00    0.00    0.00   43.62
06時23分29秒    1   19.51    0.00   10.98    0.00    0.00    1.22    0.00    0.00    0.00   68.29

06時23分29秒  CPU    %usr   %nice    %sys %iowait    %irq   %soft  %steal  %guest  %gnice   %idle
06時23分30秒    0   28.42    0.00   23.16    0.00    0.00    5.26    0.00    0.00    0.00   43.16
06時23分30秒    1   20.51    0.00    7.69    0.00    0.00    2.56    0.00    0.00    0.00   69.23

06時23分30秒  CPU    %usr   %nice    %sys %iowait    %irq   %soft  %steal  %guest  %gnice   %idle
06時23分31秒    0   27.37    0.00   25.26    0.00    0.00    5.26    0.00    0.00    0.00   42.11
06時23分31秒    1   20.00    0.00   10.00    0.00    0.00    1.25    0.00    0.00    0.00   68.75

06時23分31秒  CPU    %usr   %nice    %sys %iowait    %irq   %soft  %steal  %guest  %gnice   %idle
06時23分32秒    0   29.35    0.00   21.74    0.00    0.00    5.43    0.00    0.00    0.00   43.48
06時23分32秒    1   19.28    0.00   12.05    0.00    0.00    2.41    0.00    0.00    0.00   66.27

06時23分32秒  CPU    %usr   %nice    %sys %iowait    %irq   %soft  %steal  %guest  %gnice   %idle
06時23分33秒    0   34.74    0.00   18.95    0.00    0.00    5.26    0.00    0.00    0.00   41.05
06時23分33秒    1   20.25    0.00   10.13    0.00    0.00    1.27    0.00    0.00    0.00   68.35

06時23分33秒  CPU    %usr   %nice    %sys %iowait    %irq   %soft  %steal  %guest  %gnice   %idle
06時23分34秒    0   30.53    0.00   22.11    0.00    0.00    5.26    0.00    0.00    0.00   42.11
06時23分34秒    1   22.22    0.00    8.64    0.00    0.00    2.47    0.00    0.00    0.00   66.67

06時23分34秒  CPU    %usr   %nice    %sys %iowait    %irq   %soft  %steal  %guest  %gnice   %idle
06時23分35秒    0   31.18    0.00   20.43    0.00    0.00    5.38    0.00    0.00    0.00   43.01
06時23分35秒    1   20.00    0.00   10.00    0.00    0.00    1.25    0.00    0.00    0.00   68.75

06時23分35秒  CPU    %usr   %nice    %sys %iowait    %irq   %soft  %steal  %guest  %gnice   %idle
06時23分36秒    0   31.91    0.00   20.21    0.00    0.00    5.32    0.00    0.00    0.00   42.55
06時23分36秒    1   20.25    0.00    7.59    0.00    0.00    2.53    0.00    0.00    0.00   69.62

06時23分36秒  CPU    %usr   %nice    %sys %iowait    %irq   %soft  %steal  %guest  %gnice   %idle
06時23分37秒    0   33.33    0.00   18.28    0.00    0.00    5.38    0.00    0.00    0.00   43.01
06時23分37秒    1   19.51    0.00   12.20    0.00    0.00    1.22    0.00    0.00    0.00   67.07

06時23分37秒  CPU    %usr   %nice    %sys %iowait    %irq   %soft  %steal  %guest  %gnice   %idle
06時23分38秒    0   30.53    0.00   20.00    0.00    1.05    5.26    0.00    0.00    0.00   43.16
06時23分38秒    1   17.28    0.00   12.35    0.00    0.00    2.47    0.00    0.00    0.00   67.90

06時23分38秒  CPU    %usr   %nice    %sys %iowait    %irq   %soft  %steal  %guest  %gnice   %idle
06時23分39秒    0   29.17    0.00   23.96    0.00    0.00    6.25    0.00    0.00    0.00   40.62
06時23分39秒    1   22.78    0.00    8.86    0.00    0.00    1.27    0.00    0.00    0.00   67.09

06時23分39秒  CPU    %usr   %nice    %sys %iowait    %irq   %soft  %steal  %guest  %gnice   %idle
06時23分40秒    0   27.96    0.00   24.73    0.00    0.00    5.38    0.00    0.00    0.00   41.94
06時23分40秒    1   20.73    0.00    9.76    0.00    0.00    2.44    0.00    0.00    0.00   67.07

06時23分40秒  CPU    %usr   %nice    %sys %iowait    %irq   %soft  %steal  %guest  %gnice   %idle
06時23分41秒    0   30.53    0.00   21.05    0.00    0.00    5.26    0.00    0.00    0.00   43.16
06時23分41秒    1   20.25    0.00   10.13    0.00    0.00    1.27    0.00    0.00    0.00   68.35

06時23分41秒  CPU    %usr   %nice    %sys %iowait    %irq   %soft  %steal  %guest  %gnice   %idle
06時23分42秒    0   30.11    0.00   21.51    0.00    0.00    5.38    0.00    0.00    0.00   43.01
06時23分42秒    1   20.99    0.00    8.64    0.00    0.00    2.47    0.00    0.00    0.00   67.90

06時23分42秒  CPU    %usr   %nice    %sys %iowait    %irq   %soft  %steal  %guest  %gnice   %idle
06時23分43秒    0   30.43    0.00   20.65    0.00    0.00    5.43    0.00    0.00    0.00   43.48
06時23分43秒    1   17.72    0.00   11.39    0.00    0.00    1.27    0.00    0.00    0.00   69.62

06時23分43秒  CPU    %usr   %nice    %sys %iowait    %irq   %soft  %steal  %guest  %gnice   %idle
06時23分44秒    0   26.32    0.00   23.16    0.00    0.00    5.26    0.00    0.00    0.00   45.26
06時23分44秒    1   18.75    0.00    8.75    0.00    0.00    2.50    0.00    0.00    0.00   70.00

06時23分44秒  CPU    %usr   %nice    %sys %iowait    %irq   %soft  %steal  %guest  %gnice   %idle
06時23分45秒    0   25.00    0.00   28.12    0.00    0.00    5.21    0.00    0.00    0.00   41.67
06時23分45秒    1   18.29    0.00   13.41    0.00    0.00    1.22    0.00    0.00    0.00   67.07

06時23分45秒  CPU    %usr   %nice    %sys %iowait    %irq   %soft  %steal  %guest  %gnice   %idle
06時23分46秒    0   29.47    0.00   25.26    0.00    0.00    5.26    0.00    0.00    0.00   40.00
06時23分46秒    1   19.28    0.00   13.25    0.00    1.20    2.41    0.00    0.00    0.00   63.86

06時23分46秒  CPU    %usr   %nice    %sys %iowait    %irq   %soft  %steal  %guest  %gnice   %idle
06時23分47秒    0   29.03    0.00   22.58    0.00    0.00    5.38    0.00    0.00    0.00   43.01
06時23分47秒    1   18.99    0.00   10.13    0.00    0.00    2.53    0.00    0.00    0.00   68.35

06時23分47秒  CPU    %usr   %nice    %sys %iowait    %irq   %soft  %steal  %guest  %gnice   %idle
06時23分48秒    0   31.58    0.00   21.05    0.00    0.00    5.26    0.00    0.00    0.00   42.11
06時23分48秒    1   21.25    0.00    8.75    0.00    0.00    1.25    0.00    0.00    0.00   68.75

平均時間：  CPU    %usr   %nice    %sys %iowait    %irq   %soft  %steal  %guest  %gnice   %idle
平均時間：    0   30.10    0.00   22.09    0.00    0.05    5.40    0.00    0.00    0.00   42.36
平均時間：    1   20.32    0.00   10.15    0.00    0.04    1.93    0.00    0.00    0.00   67.56
