Linux 5.6.15-arch1-1 (archlinux) 	西元2020年06月29日 	_x86_64_	(12 CPU)

06時16分34秒  CPU    %usr   %nice    %sys %iowait    %irq   %soft  %steal  %guest  %gnice   %idle
06時16分35秒    0   30.11    0.00   19.35    0.00    0.00    5.38    0.00    0.00    0.00   45.16
06時16分35秒    1   17.28    0.00    9.88    0.00    0.00    2.47    0.00    0.00    0.00   70.37

06時16分35秒  CPU    %usr   %nice    %sys %iowait    %irq   %soft  %steal  %guest  %gnice   %idle
06時16分36秒    0   28.72    0.00   22.34    0.00    0.00    5.32    0.00    0.00    0.00   43.62
06時16分36秒    1   20.51    0.00    7.69    0.00    0.00    1.28    0.00    0.00    0.00   70.51

06時16分36秒  CPU    %usr   %nice    %sys %iowait    %irq   %soft  %steal  %guest  %gnice   %idle
06時16分37秒    0   33.33    0.00   19.35    0.00    0.00    6.45    0.00    0.00    0.00   40.86
06時16分37秒    1   20.00    0.00   10.00    0.00    0.00    2.50    0.00    0.00    0.00   67.50

06時16分37秒  CPU    %usr   %nice    %sys %iowait    %irq   %soft  %steal  %guest  %gnice   %idle
06時16分38秒    0   28.12    0.00   25.00    0.00    0.00    5.21    0.00    0.00    0.00   41.67
06時16分38秒    1   21.52    0.00    7.59    0.00    0.00    1.27    0.00    0.00    0.00   69.62

06時16分38秒  CPU    %usr   %nice    %sys %iowait    %irq   %soft  %steal  %guest  %gnice   %idle
06時16分39秒    0   27.96    0.00   23.66    0.00    0.00    5.38    0.00    0.00    0.00   43.01
06時16分39秒    1   20.00    0.00   10.00    0.00    0.00    2.50    0.00    0.00    0.00   67.50

06時16分39秒  CPU    %usr   %nice    %sys %iowait    %irq   %soft  %steal  %guest  %gnice   %idle
06時16分40秒    0   32.26    0.00   19.35    0.00    0.00    5.38    0.00    0.00    0.00   43.01
06時16分40秒    1   16.46    0.00   11.39    0.00    0.00    1.27    0.00    0.00    0.00   70.89

06時16分40秒  CPU    %usr   %nice    %sys %iowait    %irq   %soft  %steal  %guest  %gnice   %idle
06時16分41秒    0   30.85    0.00   21.28    0.00    0.00    6.38    0.00    0.00    0.00   41.49
06時16分41秒    1   22.50    0.00    7.50    0.00    0.00    2.50    0.00    0.00    0.00   67.50

06時16分41秒  CPU    %usr   %nice    %sys %iowait    %irq   %soft  %steal  %guest  %gnice   %idle
06時16分42秒    0   29.90    0.00   23.71    0.00    0.00    5.15    0.00    0.00    0.00   41.24
06時16分42秒    1   18.75    0.00   11.25    0.00    0.00    1.25    0.00    0.00    0.00   68.75

06時16分42秒  CPU    %usr   %nice    %sys %iowait    %irq   %soft  %steal  %guest  %gnice   %idle
06時16分43秒    0   28.42    0.00   24.21    0.00    0.00    5.26    0.00    0.00    0.00   42.11
06時16分43秒    1   19.75    0.00    9.88    0.00    0.00    2.47    0.00    0.00    0.00   67.90

06時16分43秒  CPU    %usr   %nice    %sys %iowait    %irq   %soft  %steal  %guest  %gnice   %idle
06時16分44秒    0   29.03    0.00   22.58    0.00    0.00    5.38    0.00    0.00    0.00   43.01
06時16分44秒    1   18.99    0.00   10.13    0.00    0.00    1.27    0.00    0.00    0.00   69.62

06時16分44秒  CPU    %usr   %nice    %sys %iowait    %irq   %soft  %steal  %guest  %gnice   %idle
06時16分45秒    0   27.66    0.00   24.47    0.00    0.00    5.32    0.00    0.00    0.00   42.55
06時16分45秒    1   18.52    0.00   11.11    0.00    0.00    2.47    0.00    0.00    0.00   67.90

06時16分45秒  CPU    %usr   %nice    %sys %iowait    %irq   %soft  %steal  %guest  %gnice   %idle
06時16分46秒    0   28.72    0.00   23.40    0.00    0.00    5.32    0.00    0.00    0.00   42.55
06時16分46秒    1   22.78    0.00    8.86    0.00    0.00    1.27    0.00    0.00    0.00   67.09

06時16分46秒  CPU    %usr   %nice    %sys %iowait    %irq   %soft  %steal  %guest  %gnice   %idle
06時16分47秒    0   24.73    0.00   26.88    0.00    0.00    6.45    0.00    0.00    0.00   41.94
06時16分47秒    1   18.75    0.00   11.25    0.00    0.00    2.50    0.00    0.00    0.00   67.50

06時16分47秒  CPU    %usr   %nice    %sys %iowait    %irq   %soft  %steal  %guest  %gnice   %idle
06時16分48秒    0   32.26    0.00   20.43    0.00    0.00    5.38    0.00    0.00    0.00   41.94
06時16分48秒    1   20.25    0.00   10.13    0.00    0.00    1.27    0.00    0.00    0.00   68.35

06時16分48秒  CPU    %usr   %nice    %sys %iowait    %irq   %soft  %steal  %guest  %gnice   %idle
06時16分49秒    0   29.47    0.00   23.16    0.00    0.00    5.26    0.00    0.00    0.00   42.11
06時16分49秒    1   19.51    0.00   10.98    0.00    0.00    2.44    0.00    0.00    0.00   67.07

06時16分49秒  CPU    %usr   %nice    %sys %iowait    %irq   %soft  %steal  %guest  %gnice   %idle
06時16分50秒    0   24.73    0.00   26.88    0.00    0.00    5.38    0.00    0.00    0.00   43.01
06時16分50秒    1   21.52    0.00    7.59    0.00    0.00    1.27    0.00    0.00    0.00   69.62

06時16分50秒  CPU    %usr   %nice    %sys %iowait    %irq   %soft  %steal  %guest  %gnice   %idle
06時16分51秒    0   30.85    0.00   22.34    0.00    0.00    5.32    0.00    0.00    0.00   41.49
06時16分51秒    1   25.00    0.00    3.75    0.00    0.00    2.50    0.00    0.00    0.00   68.75

06時16分51秒  CPU    %usr   %nice    %sys %iowait    %irq   %soft  %steal  %guest  %gnice   %idle
06時16分52秒    0   30.53    0.00   21.05    0.00    0.00    6.32    0.00    0.00    0.00   42.11
06時16分52秒    1   24.05    0.00    6.33    0.00    0.00    1.27    0.00    0.00    0.00   68.35

06時16分52秒  CPU    %usr   %nice    %sys %iowait    %irq   %soft  %steal  %guest  %gnice   %idle
06時16分53秒    0   28.72    0.00   24.47    0.00    0.00    5.32    0.00    0.00    0.00   41.49
06時16分53秒    1   18.75    0.00   11.25    0.00    0.00    2.50    0.00    0.00    0.00   67.50

06時16分53秒  CPU    %usr   %nice    %sys %iowait    %irq   %soft  %steal  %guest  %gnice   %idle
06時16分54秒    0   26.04    0.00   23.96    0.00    1.04    5.21    0.00    0.00    0.00   43.75
06時16分54秒    1   12.82    0.00   12.82    0.00    0.00    1.28    0.00    0.00    0.00   73.08

06時16分54秒  CPU    %usr   %nice    %sys %iowait    %irq   %soft  %steal  %guest  %gnice   %idle
06時16分55秒    0   32.61    0.00   18.48    0.00    0.00    5.43    0.00    0.00    0.00   43.48
06時16分55秒    1   18.75    0.00   10.00    0.00    0.00    2.50    0.00    0.00    0.00   68.75

06時16分55秒  CPU    %usr   %nice    %sys %iowait    %irq   %soft  %steal  %guest  %gnice   %idle
06時16分56秒    0   30.21    0.00   22.92    0.00    0.00    5.21    0.00    0.00    0.00   41.67
06時16分56秒    1   18.99    0.00   10.13    0.00    0.00    1.27    0.00    0.00    0.00   69.62

06時16分56秒  CPU    %usr   %nice    %sys %iowait    %irq   %soft  %steal  %guest  %gnice   %idle
06時16分57秒    0   28.72    0.00   23.40    0.00    0.00    5.32    0.00    0.00    0.00   42.55
06時16分57秒    1   20.99    0.00    8.64    0.00    0.00    2.47    0.00    0.00    0.00   67.90

06時16分57秒  CPU    %usr   %nice    %sys %iowait    %irq   %soft  %steal  %guest  %gnice   %idle
06時16分58秒    0   27.66    0.00   23.40    0.00    0.00    5.32    0.00    0.00    0.00   43.62
06時16分58秒    1   16.67    0.00   10.26    0.00    0.00    1.28    0.00    0.00    0.00   71.79

06時16分58秒  CPU    %usr   %nice    %sys %iowait    %irq   %soft  %steal  %guest  %gnice   %idle
06時16分59秒    0   26.60    0.00   23.40    0.00    0.00    5.32    0.00    0.00    0.00   44.68
06時16分59秒    1   17.28    0.00   11.11    0.00    0.00    2.47    0.00    0.00    0.00   69.14

06時16分59秒  CPU    %usr   %nice    %sys %iowait    %irq   %soft  %steal  %guest  %gnice   %idle
06時17分00秒    0   29.79    0.00   20.21    0.00    0.00    6.38    0.00    0.00    0.00   43.62
06時17分00秒    1   20.25    0.00    7.59    0.00    0.00    1.27    0.00    0.00    0.00   70.89

06時17分00秒  CPU    %usr   %nice    %sys %iowait    %irq   %soft  %steal  %guest  %gnice   %idle
06時17分01秒    0   29.03    0.00   23.66    0.00    0.00    5.38    0.00    0.00    0.00   41.94
06時17分01秒    1   20.73    0.00    8.54    0.00    1.22    2.44    0.00    0.00    0.00   67.07

06時17分01秒  CPU    %usr   %nice    %sys %iowait    %irq   %soft  %steal  %guest  %gnice   %idle
06時17分02秒    0   31.58    0.00   20.00    0.00    0.00    5.26    0.00    0.00    0.00   43.16
06時17分02秒    1   15.19    0.00   12.66    0.00    0.00    1.27    0.00    0.00    0.00   70.89

06時17分02秒  CPU    %usr   %nice    %sys %iowait    %irq   %soft  %steal  %guest  %gnice   %idle
06時17分03秒    0   30.21    0.00   22.92    0.00    0.00    5.21    0.00    0.00    0.00   41.67
06時17分03秒    1   20.99    0.00    8.64    0.00    0.00    2.47    0.00    0.00    0.00   67.90

06時17分03秒  CPU    %usr   %nice    %sys %iowait    %irq   %soft  %steal  %guest  %gnice   %idle
06時17分04秒    0   27.66    0.00   24.47    0.00    0.00    5.32    0.00    0.00    0.00   42.55
06時17分04秒    1   17.72    0.00   11.39    0.00    0.00    1.27    0.00    0.00    0.00   69.62

06時17分04秒  CPU    %usr   %nice    %sys %iowait    %irq   %soft  %steal  %guest  %gnice   %idle
06時17分05秒    0   34.41    0.00   17.20    0.00    0.00    5.38    0.00    0.00    0.00   43.01
06時17分05秒    1   18.99    0.00    8.86    0.00    0.00    2.53    0.00    0.00    0.00   69.62

06時17分05秒  CPU    %usr   %nice    %sys %iowait    %irq   %soft  %steal  %guest  %gnice   %idle
06時17分06秒    0   28.42    0.00   24.21    0.00    0.00    6.32    0.00    0.00    0.00   41.05
06時17分06秒    1   20.00    0.00   10.00    0.00    0.00    1.25    0.00    0.00    0.00   68.75

06時17分06秒  CPU    %usr   %nice    %sys %iowait    %irq   %soft  %steal  %guest  %gnice   %idle
06時17分07秒    0   30.85    0.00   21.28    0.00    0.00    5.32    0.00    0.00    0.00   42.55
06時17分07秒    1   18.75    0.00   11.25    0.00    0.00    2.50    0.00    0.00    0.00   67.50

06時17分07秒  CPU    %usr   %nice    %sys %iowait    %irq   %soft  %steal  %guest  %gnice   %idle
06時17分08秒    0   30.11    0.00   20.43    0.00    0.00    5.38    0.00    0.00    0.00   44.09
06時17分08秒    1   18.75    0.00   10.00    0.00    0.00    1.25    0.00    0.00    0.00   70.00

06時17分08秒  CPU    %usr   %nice    %sys %iowait    %irq   %soft  %steal  %guest  %gnice   %idle
06時17分09秒    0   27.96    0.00   25.81    0.00    0.00    5.38    0.00    0.00    0.00   40.86
06時17分09秒    1   20.25    0.00   10.13    0.00    0.00    2.53    0.00    0.00    0.00   67.09

06時17分09秒  CPU    %usr   %nice    %sys %iowait    %irq   %soft  %steal  %guest  %gnice   %idle
06時17分10秒    0   25.53    0.00   26.60    0.00    0.00    5.32    0.00    0.00    0.00   42.55
06時17分10秒    1   24.05    0.00    5.06    0.00    0.00    1.27    0.00    0.00    0.00   69.62

06時17分10秒  CPU    %usr   %nice    %sys %iowait    %irq   %soft  %steal  %guest  %gnice   %idle
06時17分11秒    0   30.85    0.00   20.21    0.00    0.00    5.32    0.00    0.00    0.00   43.62
06時17分11秒    1   19.51    0.00    9.76    0.00    0.00    2.44    0.00    0.00    0.00   68.29

06時17分11秒  CPU    %usr   %nice    %sys %iowait    %irq   %soft  %steal  %guest  %gnice   %idle
06時17分12秒    0   30.53    0.00   20.00    0.00    0.00    6.32    0.00    0.00    0.00   43.16
06時17分12秒    1   18.99    0.00    8.86    0.00    0.00    1.27    0.00    0.00    0.00   70.89

06時17分12秒  CPU    %usr   %nice    %sys %iowait    %irq   %soft  %steal  %guest  %gnice   %idle
06時17分13秒    0   28.72    0.00   23.40    0.00    0.00    5.32    0.00    0.00    0.00   42.55
06時17分13秒    1   18.99    0.00   10.13    0.00    0.00    2.53    0.00    0.00    0.00   68.35

06時17分13秒  CPU    %usr   %nice    %sys %iowait    %irq   %soft  %steal  %guest  %gnice   %idle
06時17分14秒    0   26.32    0.00   26.32    0.00    1.05    5.26    0.00    0.00    0.00   41.05
06時17分14秒    1   20.00    0.00   10.00    0.00    0.00    1.25    0.00    0.00    0.00   68.75

06時17分14秒  CPU    %usr   %nice    %sys %iowait    %irq   %soft  %steal  %guest  %gnice   %idle
06時17分15秒    0   31.18    0.00   20.43    0.00    0.00    5.38    0.00    0.00    0.00   43.01
06時17分15秒    1   20.00    0.00    8.75    0.00    0.00    2.50    0.00    0.00    0.00   68.75

06時17分15秒  CPU    %usr   %nice    %sys %iowait    %irq   %soft  %steal  %guest  %gnice   %idle
06時17分16秒    0   29.47    0.00   22.11    0.00    0.00    5.26    0.00    0.00    0.00   43.16
06時17分16秒    1   18.75    0.00   10.00    0.00    0.00    1.25    0.00    0.00    0.00   70.00

06時17分16秒  CPU    %usr   %nice    %sys %iowait    %irq   %soft  %steal  %guest  %gnice   %idle
06時17分17秒    0   26.60    0.00   23.40    0.00    0.00    5.32    0.00    0.00    0.00   44.68
06時17分17秒    1   15.00    0.00   12.50    0.00    0.00    2.50    0.00    0.00    0.00   70.00

06時17分17秒  CPU    %usr   %nice    %sys %iowait    %irq   %soft  %steal  %guest  %gnice   %idle
06時17分18秒    0   31.25    0.00   21.88    0.00    0.00    5.21    0.00    0.00    0.00   41.67
06時17分18秒    1   18.99    0.00   10.13    0.00    0.00    1.27    0.00    0.00    0.00   69.62

06時17分18秒  CPU    %usr   %nice    %sys %iowait    %irq   %soft  %steal  %guest  %gnice   %idle
06時17分19秒    0   29.03    0.00   21.51    0.00    0.00    5.38    0.00    0.00    0.00   44.09
06時17分19秒    1   20.00    0.00    7.50    0.00    0.00    2.50    0.00    0.00    0.00   70.00

06時17分19秒  CPU    %usr   %nice    %sys %iowait    %irq   %soft  %steal  %guest  %gnice   %idle
06時17分20秒    0   32.63    0.00   18.95    0.00    0.00    6.32    0.00    0.00    0.00   42.11
06時17分20秒    1   15.00    0.00   15.00    0.00    0.00    1.25    0.00    0.00    0.00   68.75

06時17分20秒  CPU    %usr   %nice    %sys %iowait    %irq   %soft  %steal  %guest  %gnice   %idle
06時17分21秒    0   25.26    0.00   27.37    0.00    0.00    5.26    0.00    0.00    0.00   42.11
06時17分21秒    1   17.72    0.00   10.13    0.00    0.00    2.53    0.00    0.00    0.00   69.62

06時17分21秒  CPU    %usr   %nice    %sys %iowait    %irq   %soft  %steal  %guest  %gnice   %idle
06時17分22秒    0   25.27    0.00   26.37    0.00    0.00    5.49    0.00    0.00    0.00   42.86
06時17分22秒    1   21.52    0.00    8.86    0.00    0.00    1.27    0.00    0.00    0.00   68.35

06時17分22秒  CPU    %usr   %nice    %sys %iowait    %irq   %soft  %steal  %guest  %gnice   %idle
06時17分23秒    0   27.66    0.00   23.40    0.00    0.00    5.32    0.00    0.00    0.00   43.62
06時17分23秒    1   19.75    0.00    9.88    0.00    0.00    2.47    0.00    0.00    0.00   67.90

06時17分23秒  CPU    %usr   %nice    %sys %iowait    %irq   %soft  %steal  %guest  %gnice   %idle
06時17分24秒    0   30.85    0.00   19.15    0.00    0.00    5.32    0.00    0.00    0.00   44.68
06時17分24秒    1   20.00    0.00    8.75    0.00    0.00    1.25    0.00    0.00    0.00   70.00

06時17分24秒  CPU    %usr   %nice    %sys %iowait    %irq   %soft  %steal  %guest  %gnice   %idle
06時17分25秒    0   26.88    0.00   24.73    0.00    0.00    5.38    0.00    0.00    0.00   43.01
06時17分25秒    1   18.99    0.00    8.86    0.00    0.00    2.53    0.00    0.00    0.00   69.62

06時17分25秒  CPU    %usr   %nice    %sys %iowait    %irq   %soft  %steal  %guest  %gnice   %idle
06時17分26秒    0   29.47    0.00   23.16    0.00    0.00    5.26    0.00    0.00    0.00   42.11
06時17分26秒    1   16.25    0.00   13.75    0.00    0.00    1.25    0.00    0.00    0.00   68.75

06時17分26秒  CPU    %usr   %nice    %sys %iowait    %irq   %soft  %steal  %guest  %gnice   %idle
06時17分27秒    0   30.53    0.00   21.05    0.00    0.00    6.32    0.00    0.00    0.00   42.11
06時17分27秒    1   17.95    0.00   10.26    0.00    0.00    2.56    0.00    0.00    0.00   69.23

06時17分27秒  CPU    %usr   %nice    %sys %iowait    %irq   %soft  %steal  %guest  %gnice   %idle
06時17分28秒    0   34.41    0.00   17.20    0.00    0.00    5.38    0.00    0.00    0.00   43.01
06時17分28秒    1   16.05    0.00   13.58    0.00    0.00    1.23    0.00    0.00    0.00   69.14

06時17分28秒  CPU    %usr   %nice    %sys %iowait    %irq   %soft  %steal  %guest  %gnice   %idle
06時17分29秒    0   29.79    0.00   23.40    0.00    0.00    5.32    0.00    0.00    0.00   41.49
06時17分29秒    1   18.52    0.00   11.11    0.00    0.00    2.47    0.00    0.00    0.00   67.90

06時17分29秒  CPU    %usr   %nice    %sys %iowait    %irq   %soft  %steal  %guest  %gnice   %idle
06時17分30秒    0   27.96    0.00   22.58    0.00    0.00    5.38    0.00    0.00    0.00   44.09
06時17分30秒    1   17.72    0.00   11.39    0.00    0.00    1.27    0.00    0.00    0.00   69.62

06時17分30秒  CPU    %usr   %nice    %sys %iowait    %irq   %soft  %steal  %guest  %gnice   %idle
06時17分31秒    0   27.66    0.00   25.53    0.00    0.00    5.32    0.00    0.00    0.00   41.49
06時17分31秒    1   17.50    0.00   11.25    0.00    0.00    2.50    0.00    0.00    0.00   68.75

06時17分31秒  CPU    %usr   %nice    %sys %iowait    %irq   %soft  %steal  %guest  %gnice   %idle
06時17分32秒    0   30.21    0.00   20.83    0.00    0.00    5.21    0.00    0.00    0.00   43.75
06時17分32秒    1   17.95    0.00    8.97    0.00    0.00    1.28    0.00    0.00    0.00   71.79

06時17分32秒  CPU    %usr   %nice    %sys %iowait    %irq   %soft  %steal  %guest  %gnice   %idle
06時17分33秒    0   26.32    0.00   23.16    0.00    0.00    5.26    0.00    0.00    0.00   45.26
06時17分33秒    1   20.48    0.00    9.64    0.00    0.00    1.20    0.00    0.00    0.00   68.67

06時17分33秒  CPU    %usr   %nice    %sys %iowait    %irq   %soft  %steal  %guest  %gnice   %idle
06時17分34秒    0   28.42    0.00   24.21    0.00    1.05    6.32    0.00    0.00    0.00   40.00
06時17分34秒    1   16.46    0.00   12.66    0.00    0.00    2.53    0.00    0.00    0.00   68.35

06時17分34秒  CPU    %usr   %nice    %sys %iowait    %irq   %soft  %steal  %guest  %gnice   %idle
06時17分35秒    0   32.61    0.00   19.57    0.00    0.00    5.43    0.00    0.00    0.00   42.39
06時17分35秒    1   18.75    0.00   11.25    0.00    0.00    2.50    0.00    0.00    0.00   67.50

06時17分35秒  CPU    %usr   %nice    %sys %iowait    %irq   %soft  %steal  %guest  %gnice   %idle
06時17分36秒    0   29.03    0.00   21.51    0.00    0.00    5.38    0.00    0.00    0.00   44.09
06時17分36秒    1   16.46    0.00   11.39    0.00    0.00    1.27    0.00    0.00    0.00   70.89

06時17分36秒  CPU    %usr   %nice    %sys %iowait    %irq   %soft  %steal  %guest  %gnice   %idle
06時17分37秒    0   28.42    0.00   23.16    0.00    0.00    5.26    0.00    0.00    0.00   43.16
06時17分37秒    1   17.50    0.00   10.00    0.00    0.00    2.50    0.00    0.00    0.00   70.00

06時17分37秒  CPU    %usr   %nice    %sys %iowait    %irq   %soft  %steal  %guest  %gnice   %idle
06時17分38秒    0   29.03    0.00   21.51    0.00    0.00    5.38    0.00    0.00    0.00   44.09
06時17分38秒    1   20.78    0.00    7.79    0.00    0.00    1.30    0.00    0.00    0.00   70.13

06時17分38秒  CPU    %usr   %nice    %sys %iowait    %irq   %soft  %steal  %guest  %gnice   %idle
06時17分39秒    0   27.66    0.00   23.40    0.00    0.00    5.32    0.00    0.00    0.00   43.62
06時17分39秒    1   18.52    0.00   11.11    0.00    0.00    1.23    0.00    0.00    0.00   69.14

06時17分39秒  CPU    %usr   %nice    %sys %iowait    %irq   %soft  %steal  %guest  %gnice   %idle
06時17分40秒    0   31.18    0.00   21.51    0.00    0.00    5.38    0.00    0.00    0.00   41.94
06時17分40秒    1   20.00    0.00   10.00    0.00    0.00    2.50    0.00    0.00    0.00   67.50

06時17分40秒  CPU    %usr   %nice    %sys %iowait    %irq   %soft  %steal  %guest  %gnice   %idle
06時17分41秒    0   28.12    0.00   23.96    0.00    0.00    6.25    0.00    0.00    0.00   41.67
06時17分41秒    1   18.75    0.00   10.00    0.00    1.25    1.25    0.00    0.00    0.00   68.75

06時17分41秒  CPU    %usr   %nice    %sys %iowait    %irq   %soft  %steal  %guest  %gnice   %idle
06時17分42秒    0   29.79    0.00   22.34    0.00    0.00    5.32    0.00    0.00    0.00   42.55
06時17分42秒    1   17.72    0.00   10.13    0.00    0.00    2.53    0.00    0.00    0.00   69.62

06時17分42秒  CPU    %usr   %nice    %sys %iowait    %irq   %soft  %steal  %guest  %gnice   %idle
06時17分43秒    0   28.42    0.00   21.05    0.00    0.00    5.26    0.00    0.00    0.00   45.26
06時17分43秒    1   18.99    0.00    7.59    0.00    0.00    1.27    0.00    0.00    0.00   72.15

06時17分43秒  CPU    %usr   %nice    %sys %iowait    %irq   %soft  %steal  %guest  %gnice   %idle
06時17分44秒    0   27.17    0.00   23.91    0.00    0.00    5.43    0.00    0.00    0.00   43.48
06時17分44秒    1   20.48    0.00   10.84    0.00    0.00    2.41    0.00    0.00    0.00   66.27

06時17分44秒  CPU    %usr   %nice    %sys %iowait    %irq   %soft  %steal  %guest  %gnice   %idle
06時17分45秒    0   31.25    0.00   22.92    0.00    0.00    5.21    0.00    0.00    0.00   40.62
06時17分45秒    1   19.74    0.00    9.21    0.00    0.00    1.32    0.00    0.00    0.00   69.74

06時17分45秒  CPU    %usr   %nice    %sys %iowait    %irq   %soft  %steal  %guest  %gnice   %idle
06時17分46秒    0   29.03    0.00   22.58    0.00    0.00    5.38    0.00    0.00    0.00   43.01
06時17分46秒    1   18.52    0.00   11.11    0.00    0.00    2.47    0.00    0.00    0.00   67.90

06時17分46秒  CPU    %usr   %nice    %sys %iowait    %irq   %soft  %steal  %guest  %gnice   %idle
06時17分47秒    0   28.42    0.00   25.26    0.00    0.00    5.26    0.00    0.00    0.00   41.05
06時17分47秒    1   16.25    0.00   13.75    0.00    0.00    1.25    0.00    0.00    0.00   68.75

06時17分47秒  CPU    %usr   %nice    %sys %iowait    %irq   %soft  %steal  %guest  %gnice   %idle
06時17分48秒    0   28.42    0.00   22.11    0.00    0.00    6.32    0.00    0.00    0.00   43.16
06時17分48秒    1   21.25    0.00    7.50    0.00    0.00    2.50    0.00    0.00    0.00   68.75

06時17分48秒  CPU    %usr   %nice    %sys %iowait    %irq   %soft  %steal  %guest  %gnice   %idle
06時17分49秒    0   28.26    0.00   23.91    0.00    0.00    5.43    0.00    0.00    0.00   42.39
06時17分49秒    1   22.78    0.00    7.59    0.00    0.00    1.27    0.00    0.00    0.00   68.35

06時17分49秒  CPU    %usr   %nice    %sys %iowait    %irq   %soft  %steal  %guest  %gnice   %idle
06時17分50秒    0   30.85    0.00   20.21    0.00    0.00    5.32    0.00    0.00    0.00   43.62
06時17分50秒    1   17.72    0.00    8.86    0.00    0.00    2.53    0.00    0.00    0.00   70.89

06時17分50秒  CPU    %usr   %nice    %sys %iowait    %irq   %soft  %steal  %guest  %gnice   %idle
06時17分51秒    0   30.85    0.00   22.34    0.00    0.00    5.32    0.00    0.00    0.00   41.49
06時17分51秒    1   18.75    0.00   11.25    0.00    0.00    1.25    0.00    0.00    0.00   68.75

06時17分51秒  CPU    %usr   %nice    %sys %iowait    %irq   %soft  %steal  %guest  %gnice   %idle
06時17分52秒    0   31.52    0.00   19.57    0.00    0.00    5.43    0.00    0.00    0.00   43.48
06時17分52秒    1   23.08    0.00    5.13    0.00    0.00    2.56    0.00    0.00    0.00   69.23

06時17分52秒  CPU    %usr   %nice    %sys %iowait    %irq   %soft  %steal  %guest  %gnice   %idle
06時17分53秒    0   27.37    0.00   25.26    0.00    0.00    6.32    0.00    0.00    0.00   41.05
06時17分53秒    1   18.99    0.00   10.13    0.00    0.00    2.53    0.00    0.00    0.00   68.35

06時17分53秒  CPU    %usr   %nice    %sys %iowait    %irq   %soft  %steal  %guest  %gnice   %idle
06時17分54秒    0   28.72    0.00   22.34    0.00    1.06    5.32    0.00    0.00    0.00   42.55
06時17分54秒    1   19.23    0.00    8.97    0.00    0.00    1.28    0.00    0.00    0.00   70.51

06時17分54秒  CPU    %usr   %nice    %sys %iowait    %irq   %soft  %steal  %guest  %gnice   %idle
06時17分55秒    0   33.33    0.00   18.75    0.00    0.00    5.21    0.00    0.00    0.00   42.71
06時17分55秒    1   17.72    0.00   10.13    0.00    0.00    1.27    0.00    0.00    0.00   70.89

06時17分55秒  CPU    %usr   %nice    %sys %iowait    %irq   %soft  %steal  %guest  %gnice   %idle
06時17分56秒    0   30.53    0.00   21.05    0.00    0.00    5.26    0.00    0.00    0.00   43.16
06時17分56秒    1   17.86    0.00   13.10    0.00    0.00    2.38    0.00    0.00    0.00   66.67

06時17分56秒  CPU    %usr   %nice    %sys %iowait    %irq   %soft  %steal  %guest  %gnice   %idle
06時17分57秒    0   26.09    0.00   23.91    0.00    0.00    5.43    0.00    0.00    0.00   44.57
06時17分57秒    1   17.95    0.00   10.26    0.00    0.00    1.28    0.00    0.00    0.00   70.51

06時17分57秒  CPU    %usr   %nice    %sys %iowait    %irq   %soft  %steal  %guest  %gnice   %idle
06時17分58秒    0   29.47    0.00   23.16    0.00    0.00    5.26    0.00    0.00    0.00   42.11
06時17分58秒    1   19.75    0.00    9.88    0.00    0.00    2.47    0.00    0.00    0.00   67.90

06時17分58秒  CPU    %usr   %nice    %sys %iowait    %irq   %soft  %steal  %guest  %gnice   %idle
06時17分59秒    0   31.91    0.00   20.21    0.00    0.00    5.32    0.00    0.00    0.00   42.55
06時17分59秒    1   20.51    0.00    7.69    0.00    0.00    1.28    0.00    0.00    0.00   70.51

06時17分59秒  CPU    %usr   %nice    %sys %iowait    %irq   %soft  %steal  %guest  %gnice   %idle
06時18分00秒    0   26.32    0.00   26.32    0.00    0.00    6.32    0.00    0.00    0.00   41.05
06時18分00秒    1   21.25    0.00    8.75    0.00    0.00    2.50    0.00    0.00    0.00   67.50

06時18分00秒  CPU    %usr   %nice    %sys %iowait    %irq   %soft  %steal  %guest  %gnice   %idle
06時18分01秒    0   29.47    0.00   23.16    0.00    0.00    5.26    0.00    0.00    0.00   42.11
06時18分01秒    1   20.25    0.00    8.86    0.00    0.00    1.27    0.00    0.00    0.00   69.62

06時18分01秒  CPU    %usr   %nice    %sys %iowait    %irq   %soft  %steal  %guest  %gnice   %idle
06時18分02秒    0   31.58    0.00   20.00    0.00    0.00    5.26    0.00    0.00    0.00   43.16
06時18分02秒    1   17.50    0.00   10.00    0.00    0.00    2.50    0.00    0.00    0.00   70.00

06時18分02秒  CPU    %usr   %nice    %sys %iowait    %irq   %soft  %steal  %guest  %gnice   %idle
06時18分03秒    0   28.12    0.00   23.96    0.00    0.00    5.21    0.00    0.00    0.00   42.71
06時18分03秒    1   18.99    0.00    8.86    0.00    0.00    1.27    0.00    0.00    0.00   70.89

06時18分03秒  CPU    %usr   %nice    %sys %iowait    %irq   %soft  %steal  %guest  %gnice   %idle
06時18分04秒    0   27.37    0.00   26.32    0.00    0.00    5.26    0.00    0.00    0.00   41.05
06時18分04秒    1   20.00    0.00   10.00    0.00    0.00    2.50    0.00    0.00    0.00   67.50

06時18分04秒  CPU    %usr   %nice    %sys %iowait    %irq   %soft  %steal  %guest  %gnice   %idle
06時18分05秒    0   29.03    0.00   21.51    0.00    0.00    5.38    0.00    0.00    0.00   44.09
06時18分05秒    1   18.75    0.00   10.00    0.00    0.00    1.25    0.00    0.00    0.00   70.00

06時18分05秒  CPU    %usr   %nice    %sys %iowait    %irq   %soft  %steal  %guest  %gnice   %idle
06時18分06秒    0   28.12    0.00   23.96    0.00    0.00    6.25    0.00    0.00    0.00   41.67
06時18分06秒    1   18.29    0.00   12.20    0.00    0.00    2.44    0.00    0.00    0.00   67.07

06時18分06秒  CPU    %usr   %nice    %sys %iowait    %irq   %soft  %steal  %guest  %gnice   %idle
06時18分07秒    0   28.72    0.00   25.53    0.00    0.00    5.32    0.00    0.00    0.00   40.43
06時18分07秒    1   19.23    0.00   10.26    0.00    0.00    1.28    0.00    0.00    0.00   69.23

06時18分07秒  CPU    %usr   %nice    %sys %iowait    %irq   %soft  %steal  %guest  %gnice   %idle
06時18分08秒    0   26.60    0.00   26.60    0.00    0.00    5.32    0.00    0.00    0.00   41.49
06時18分08秒    1   17.72    0.00   11.39    0.00    0.00    2.53    0.00    0.00    0.00   68.35

06時18分08秒  CPU    %usr   %nice    %sys %iowait    %irq   %soft  %steal  %guest  %gnice   %idle
06時18分09秒    0   28.72    0.00   23.40    0.00    0.00    5.32    0.00    0.00    0.00   42.55
06時18分09秒    1   17.72    0.00   10.13    0.00    0.00    2.53    0.00    0.00    0.00   69.62

06時18分09秒  CPU    %usr   %nice    %sys %iowait    %irq   %soft  %steal  %guest  %gnice   %idle
06時18分10秒    0   25.00    0.00   25.00    0.00    0.00    5.21    0.00    0.00    0.00   44.79
06時18分10秒    1   20.00    0.00    7.50    0.00    0.00    1.25    0.00    0.00    0.00   71.25

06時18分10秒  CPU    %usr   %nice    %sys %iowait    %irq   %soft  %steal  %guest  %gnice   %idle
06時18分11秒    0   31.58    0.00   22.11    0.00    0.00    6.32    0.00    0.00    0.00   40.00
06時18分11秒    1   20.00    0.00   10.00    0.00    0.00    2.50    0.00    0.00    0.00   67.50

06時18分11秒  CPU    %usr   %nice    %sys %iowait    %irq   %soft  %steal  %guest  %gnice   %idle
06時18分12秒    0   29.03    0.00   21.51    0.00    0.00    5.38    0.00    0.00    0.00   44.09
06時18分12秒    1   14.81    0.00   14.81    0.00    0.00    1.23    0.00    0.00    0.00   69.14

06時18分12秒  CPU    %usr   %nice    %sys %iowait    %irq   %soft  %steal  %guest  %gnice   %idle
06時18分13秒    0   30.43    0.00   21.74    0.00    0.00    5.43    0.00    0.00    0.00   42.39
06時18分13秒    1   21.25    0.00    8.75    0.00    0.00    2.50    0.00    0.00    0.00   67.50

06時18分13秒  CPU    %usr   %nice    %sys %iowait    %irq   %soft  %steal  %guest  %gnice   %idle
06時18分14秒    0   34.74    0.00   17.89    0.00    1.05    5.26    0.00    0.00    0.00   41.05
06時18分14秒    1   17.95    0.00   11.54    0.00    0.00    1.28    0.00    0.00    0.00   69.23

06時18分14秒  CPU    %usr   %nice    %sys %iowait    %irq   %soft  %steal  %guest  %gnice   %idle
06時18分15秒    0   30.43    0.00   21.74    0.00    0.00    5.43    0.00    0.00    0.00   42.39
06時18分15秒    1   18.29    0.00   13.41    0.00    0.00    2.44    0.00    0.00    0.00   65.85

06時18分15秒  CPU    %usr   %nice    %sys %iowait    %irq   %soft  %steal  %guest  %gnice   %idle
06時18分16秒    0   30.21    0.00   21.88    0.00    0.00    6.25    0.00    0.00    0.00   41.67
06時18分16秒    1   20.00    0.00   10.00    0.00    0.00    1.25    0.00    0.00    0.00   68.75

06時18分16秒  CPU    %usr   %nice    %sys %iowait    %irq   %soft  %steal  %guest  %gnice   %idle
06時18分17秒    0   29.79    0.00   20.21    0.00    0.00    5.32    0.00    0.00    0.00   44.68
06時18分17秒    1   18.52    0.00    9.88    0.00    0.00    2.47    0.00    0.00    0.00   69.14

06時18分17秒  CPU    %usr   %nice    %sys %iowait    %irq   %soft  %steal  %guest  %gnice   %idle
06時18分18秒    0   33.70    0.00   17.39    0.00    0.00    5.43    0.00    0.00    0.00   43.48
06時18分18秒    1   19.23    0.00    8.97    0.00    0.00    1.28    0.00    0.00    0.00   70.51

06時18分18秒  CPU    %usr   %nice    %sys %iowait    %irq   %soft  %steal  %guest  %gnice   %idle
06時18分19秒    0   29.35    0.00   19.57    0.00    0.00    5.43    0.00    0.00    0.00   45.65
06時18分19秒    1   17.50    0.00   10.00    0.00    0.00    2.50    0.00    0.00    0.00   70.00

06時18分19秒  CPU    %usr   %nice    %sys %iowait    %irq   %soft  %steal  %guest  %gnice   %idle
06時18分20秒    0   26.60    0.00   24.47    0.00    0.00    5.32    0.00    0.00    0.00   43.62
06時18分20秒    1   17.72    0.00    8.86    0.00    1.27    1.27    0.00    0.00    0.00   70.89

06時18分20秒  CPU    %usr   %nice    %sys %iowait    %irq   %soft  %steal  %guest  %gnice   %idle
06時18分21秒    0   30.77    0.00   21.98    0.00    0.00    5.49    0.00    0.00    0.00   41.76
06時18分21秒    1   20.00    0.00   10.00    0.00    0.00    2.50    0.00    0.00    0.00   67.50

06時18分21秒  CPU    %usr   %nice    %sys %iowait    %irq   %soft  %steal  %guest  %gnice   %idle
06時18分22秒    0   36.17    0.00   18.09    0.00    0.00    5.32    0.00    0.00    0.00   40.43
06時18分22秒    1   15.38    0.00   15.38    0.00    0.00    1.28    0.00    0.00    0.00   67.95

06時18分22秒  CPU    %usr   %nice    %sys %iowait    %irq   %soft  %steal  %guest  %gnice   %idle
06時18分23秒    0   27.37    0.00   23.16    0.00    0.00    6.32    0.00    0.00    0.00   43.16
06時18分23秒    1   16.05    0.00   13.58    0.00    0.00    2.47    0.00    0.00    0.00   67.90

06時18分23秒  CPU    %usr   %nice    %sys %iowait    %irq   %soft  %steal  %guest  %gnice   %idle
06時18分24秒    0   30.11    0.00   21.51    0.00    0.00    5.38    0.00    0.00    0.00   43.01
06時18分24秒    1   20.51    0.00    7.69    0.00    0.00    1.28    0.00    0.00    0.00   70.51

06時18分24秒  CPU    %usr   %nice    %sys %iowait    %irq   %soft  %steal  %guest  %gnice   %idle
06時18分25秒    0   25.81    0.00   27.96    0.00    0.00    5.38    0.00    0.00    0.00   40.86
06時18分25秒    1   19.51    0.00   12.20    0.00    0.00    2.44    0.00    0.00    0.00   65.85

06時18分25秒  CPU    %usr   %nice    %sys %iowait    %irq   %soft  %steal  %guest  %gnice   %idle
06時18分26秒    0   32.63    0.00   21.05    0.00    0.00    5.26    0.00    0.00    0.00   41.05
06時18分26秒    1   20.25    0.00    8.86    0.00    0.00    1.27    0.00    0.00    0.00   69.62

06時18分26秒  CPU    %usr   %nice    %sys %iowait    %irq   %soft  %steal  %guest  %gnice   %idle
06時18分27秒    0   30.85    0.00   21.28    0.00    0.00    5.32    0.00    0.00    0.00   42.55
06時18分27秒    1   20.00    0.00    8.75    0.00    0.00    2.50    0.00    0.00    0.00   68.75

06時18分27秒  CPU    %usr   %nice    %sys %iowait    %irq   %soft  %steal  %guest  %gnice   %idle
06時18分28秒    0   29.03    0.00   19.35    0.00    0.00    6.45    0.00    0.00    0.00   45.16
06時18分28秒    1   17.72    0.00   11.39    0.00    0.00    1.27    0.00    0.00    0.00   69.62

06時18分28秒  CPU    %usr   %nice    %sys %iowait    %irq   %soft  %steal  %guest  %gnice   %idle
06時18分29秒    0   27.96    0.00   22.58    0.00    0.00    5.38    0.00    0.00    0.00   44.09
06時18分29秒    1   17.28    0.00    9.88    0.00    0.00    2.47    0.00    0.00    0.00   70.37

06時18分29秒  CPU    %usr   %nice    %sys %iowait    %irq   %soft  %steal  %guest  %gnice   %idle
06時18分30秒    0   32.98    0.00   19.15    0.00    0.00    5.32    0.00    0.00    0.00   42.55
06時18分30秒    1   16.25    0.00   12.50    0.00    1.25    1.25    0.00    0.00    0.00   68.75

06時18分30秒  CPU    %usr   %nice    %sys %iowait    %irq   %soft  %steal  %guest  %gnice   %idle
06時18分31秒    0   25.53    0.00   28.72    0.00    0.00    5.32    0.00    0.00    0.00   40.43
06時18分31秒    1   20.00    0.00   11.25    0.00    0.00    2.50    0.00    0.00    0.00   66.25

06時18分31秒  CPU    %usr   %nice    %sys %iowait    %irq   %soft  %steal  %guest  %gnice   %idle
06時18分32秒    0   28.42    0.00   24.21    0.00    0.00    5.26    0.00    0.00    0.00   42.11
06時18分32秒    1   24.05    0.00    5.06    0.00    0.00    1.27    0.00    0.00    0.00   69.62

06時18分32秒  CPU    %usr   %nice    %sys %iowait    %irq   %soft  %steal  %guest  %gnice   %idle
06時18分33秒    0   28.26    0.00   21.74    0.00    0.00    5.43    0.00    0.00    0.00   44.57
06時18分33秒    1   18.52    0.00    9.88    0.00    0.00    2.47    0.00    0.00    0.00   69.14

06時18分33秒  CPU    %usr   %nice    %sys %iowait    %irq   %soft  %steal  %guest  %gnice   %idle
06時18分34秒    0   31.63    0.00   20.41    0.00    1.02    5.10    0.00    0.00    0.00   41.84
06時18分34秒    1   20.51    0.00    7.69    0.00    0.00    1.28    0.00    0.00    0.00   70.51

平均時間：  CPU    %usr   %nice    %sys %iowait    %irq   %soft  %steal  %guest  %gnice   %idle
平均時間：    0   29.34    0.00   22.48    0.00    0.05    5.48    0.00    0.00    0.00   42.64
平均時間：    1   19.06    0.00    9.99    0.00    0.04    1.88    0.00    0.00    0.00   69.02
