Linux 5.6.15-arch1-1 (archlinux) 	西元2020年06月29日 	_x86_64_	(12 CPU)

08時32分40秒  CPU    %usr   %nice    %sys %iowait    %irq   %soft  %steal  %guest  %gnice   %idle
08時32分41秒    0   30.43    0.00   19.57    0.00    0.00    5.43    0.00    0.00    0.00   44.57
08時32分41秒    1   21.95    0.00    7.32    0.00    0.00    2.44    0.00    0.00    0.00   68.29

08時32分41秒  CPU    %usr   %nice    %sys %iowait    %irq   %soft  %steal  %guest  %gnice   %idle
08時32分42秒    0   30.11    0.00   22.58    0.00    0.00    5.38    0.00    0.00    0.00   41.94
08時32分42秒    1   20.00    0.00   10.00    0.00    0.00    1.25    0.00    0.00    0.00   68.75

08時32分42秒  CPU    %usr   %nice    %sys %iowait    %irq   %soft  %steal  %guest  %gnice   %idle
08時32分43秒    0   29.47    0.00   22.11    0.00    0.00    6.32    0.00    0.00    0.00   42.11
08時32分43秒    1   18.75    0.00    8.75    0.00    0.00    2.50    0.00    0.00    0.00   70.00

08時32分43秒  CPU    %usr   %nice    %sys %iowait    %irq   %soft  %steal  %guest  %gnice   %idle
08時32分44秒    0   31.18    0.00   21.51    0.00    0.00    5.38    0.00    0.00    0.00   41.94
08時32分44秒    1   22.22    0.00    9.88    0.00    0.00    1.23    0.00    0.00    0.00   66.67

08時32分44秒  CPU    %usr   %nice    %sys %iowait    %irq   %soft  %steal  %guest  %gnice   %idle
08時32分45秒    0   30.85    0.00   23.40    0.00    0.00    5.32    0.00    0.00    0.00   40.43
08時32分45秒    1   18.52    0.00   11.11    0.00    0.00    2.47    0.00    0.00    0.00   67.90

08時32分45秒  CPU    %usr   %nice    %sys %iowait    %irq   %soft  %steal  %guest  %gnice   %idle
08時32分46秒    0   29.03    0.00   24.73    0.00    0.00    5.38    0.00    0.00    0.00   40.86
08時32分46秒    1   20.00    0.00   10.00    0.00    0.00    1.25    0.00    0.00    0.00   68.75

08時32分46秒  CPU    %usr   %nice    %sys %iowait    %irq   %soft  %steal  %guest  %gnice   %idle
08時32分47秒    0   31.25    0.00   21.88    0.00    0.00    6.25    0.00    0.00    0.00   40.62
08時32分47秒    1   21.95    0.00    8.54    0.00    0.00    2.44    0.00    0.00    0.00   67.07

08時32分47秒  CPU    %usr   %nice    %sys %iowait    %irq   %soft  %steal  %guest  %gnice   %idle
08時32分48秒    0   26.88    0.00   23.66    0.00    0.00    5.38    0.00    0.00    0.00   44.09
08時32分48秒    1   20.00    0.00    8.75    0.00    0.00    1.25    0.00    0.00    0.00   70.00

08時32分48秒  CPU    %usr   %nice    %sys %iowait    %irq   %soft  %steal  %guest  %gnice   %idle
08時32分49秒    0   31.91    0.00   23.40    0.00    0.00    5.32    0.00    0.00    0.00   39.36
08時32分49秒    1   20.99    0.00    8.64    0.00    0.00    2.47    0.00    0.00    0.00   67.90

08時32分49秒  CPU    %usr   %nice    %sys %iowait    %irq   %soft  %steal  %guest  %gnice   %idle
08時32分50秒    0   29.79    0.00   23.40    0.00    1.06    5.32    0.00    0.00    0.00   40.43
08時32分50秒    1   24.05    0.00    6.33    0.00    0.00    1.27    0.00    0.00    0.00   68.35

08時32分50秒  CPU    %usr   %nice    %sys %iowait    %irq   %soft  %steal  %guest  %gnice   %idle
08時32分51秒    0   28.42    0.00   24.21    0.00    0.00    6.32    0.00    0.00    0.00   41.05
08時32分51秒    1   22.22    0.00    7.41    0.00    0.00    2.47    0.00    0.00    0.00   67.90

08時32分51秒  CPU    %usr   %nice    %sys %iowait    %irq   %soft  %steal  %guest  %gnice   %idle
08時32分52秒    0   27.17    0.00   23.91    0.00    0.00    5.43    0.00    0.00    0.00   43.48
08時32分52秒    1   18.18    0.00    7.79    0.00    0.00    1.30    0.00    0.00    0.00   72.73

08時32分52秒  CPU    %usr   %nice    %sys %iowait    %irq   %soft  %steal  %guest  %gnice   %idle
08時32分53秒    0   32.26    0.00   21.51    0.00    0.00    5.38    0.00    0.00    0.00   40.86
08時32分53秒    1   18.52    0.00   11.11    0.00    0.00    2.47    0.00    0.00    0.00   67.90

08時32分53秒  CPU    %usr   %nice    %sys %iowait    %irq   %soft  %steal  %guest  %gnice   %idle
08時32分54秒    0   30.85    0.00   23.40    0.00    0.00    5.32    0.00    0.00    0.00   40.43
08時32分54秒    1   21.25    0.00   10.00    0.00    0.00    1.25    0.00    0.00    0.00   67.50

08時32分54秒  CPU    %usr   %nice    %sys %iowait    %irq   %soft  %steal  %guest  %gnice   %idle
08時32分55秒    0   29.79    0.00   20.21    0.00    0.00    6.38    0.00    0.00    0.00   43.62
08時32分55秒    1   21.95    0.00    7.32    0.00    0.00    2.44    0.00    0.00    0.00   68.29

08時32分55秒  CPU    %usr   %nice    %sys %iowait    %irq   %soft  %steal  %guest  %gnice   %idle
08時32分56秒    0   26.32    0.00   26.32    0.00    0.00    5.26    0.00    0.00    0.00   42.11
08時32分56秒    1   19.75    0.00    9.88    0.00    0.00    1.23    0.00    0.00    0.00   69.14

08時32分56秒  CPU    %usr   %nice    %sys %iowait    %irq   %soft  %steal  %guest  %gnice   %idle
08時32分57秒    0   29.03    0.00   23.66    0.00    0.00    5.38    0.00    0.00    0.00   41.94
08時32分57秒    1   23.46    0.00    7.41    0.00    0.00    2.47    0.00    0.00    0.00   66.67

08時32分57秒  CPU    %usr   %nice    %sys %iowait    %irq   %soft  %steal  %guest  %gnice   %idle
08時32分58秒    0   36.56    0.00   18.28    0.00    0.00    5.38    0.00    0.00    0.00   39.78
08時32分58秒    1   22.22    0.00    9.88    0.00    0.00    1.23    0.00    0.00    0.00   66.67

08時32分58秒  CPU    %usr   %nice    %sys %iowait    %irq   %soft  %steal  %guest  %gnice   %idle
08時32分59秒    0   27.17    0.00   26.09    0.00    0.00    6.52    0.00    0.00    0.00   40.22
08時32分59秒    1   22.50    0.00    8.75    0.00    0.00    2.50    0.00    0.00    0.00   66.25

08時32分59秒  CPU    %usr   %nice    %sys %iowait    %irq   %soft  %steal  %guest  %gnice   %idle
08時33分00秒    0   31.11    0.00   18.89    0.00    0.00    5.56    0.00    0.00    0.00   44.44
08時33分00秒    1   19.75    0.00    9.88    0.00    0.00    1.23    0.00    0.00    0.00   69.14

08時33分00秒  CPU    %usr   %nice    %sys %iowait    %irq   %soft  %steal  %guest  %gnice   %idle
08時33分01秒    0   34.41    0.00   19.35    0.00    0.00    5.38    0.00    0.00    0.00   40.86
08時33分01秒    1   21.25    0.00   10.00    0.00    0.00    2.50    0.00    0.00    0.00   66.25

08時33分01秒  CPU    %usr   %nice    %sys %iowait    %irq   %soft  %steal  %guest  %gnice   %idle
08時33分02秒    0   28.42    0.00   24.21    0.00    0.00    6.32    0.00    0.00    0.00   41.05
08時33分02秒    1   17.72    0.00   10.13    0.00    0.00    1.27    0.00    0.00    0.00   70.89

08時33分02秒  CPU    %usr   %nice    %sys %iowait    %irq   %soft  %steal  %guest  %gnice   %idle
08時33分03秒    0   29.03    0.00   22.58    0.00    0.00    5.38    0.00    0.00    0.00   43.01
08時33分03秒    1   20.25    0.00    7.59    0.00    0.00    2.53    0.00    0.00    0.00   69.62

08時33分03秒  CPU    %usr   %nice    %sys %iowait    %irq   %soft  %steal  %guest  %gnice   %idle
08時33分04秒    0   28.72    0.00   24.47    0.00    0.00    5.32    0.00    0.00    0.00   41.49
08時33分04秒    1   22.22    0.00    7.41    0.00    0.00    1.23    0.00    0.00    0.00   69.14

08時33分04秒  CPU    %usr   %nice    %sys %iowait    %irq   %soft  %steal  %guest  %gnice   %idle
08時33分05秒    0   31.18    0.00   22.58    0.00    0.00    5.38    0.00    0.00    0.00   40.86
08時33分05秒    1   18.99    0.00    8.86    0.00    0.00    2.53    0.00    0.00    0.00   69.62

08時33分05秒  CPU    %usr   %nice    %sys %iowait    %irq   %soft  %steal  %guest  %gnice   %idle
08時33分06秒    0   26.88    0.00   23.66    0.00    0.00    5.38    0.00    0.00    0.00   44.09
08時33分06秒    1   18.99    0.00    8.86    0.00    0.00    1.27    0.00    0.00    0.00   70.89

08時33分06秒  CPU    %usr   %nice    %sys %iowait    %irq   %soft  %steal  %guest  %gnice   %idle
08時33分07秒    0   30.85    0.00   22.34    0.00    0.00    6.38    0.00    0.00    0.00   40.43
08時33分07秒    1   20.99    0.00    8.64    0.00    1.23    2.47    0.00    0.00    0.00   66.67

08時33分07秒  CPU    %usr   %nice    %sys %iowait    %irq   %soft  %steal  %guest  %gnice   %idle
08時33分08秒    0   29.47    0.00   24.21    0.00    0.00    5.26    0.00    0.00    0.00   41.05
08時33分08秒    1   21.25    0.00    8.75    0.00    0.00    1.25    0.00    0.00    0.00   68.75

08時33分08秒  CPU    %usr   %nice    %sys %iowait    %irq   %soft  %steal  %guest  %gnice   %idle
08時33分09秒    0   36.56    0.00   16.13    0.00    0.00    5.38    0.00    0.00    0.00   41.94
08時33分09秒    1   17.50    0.00   11.25    0.00    0.00    2.50    0.00    0.00    0.00   68.75

08時33分09秒  CPU    %usr   %nice    %sys %iowait    %irq   %soft  %steal  %guest  %gnice   %idle
08時33分10秒    0   29.79    0.00   20.21    0.00    1.06    5.32    0.00    0.00    0.00   43.62
08時33分10秒    1   20.00    0.00    7.50    0.00    0.00    1.25    0.00    0.00    0.00   71.25

08時33分10秒  CPU    %usr   %nice    %sys %iowait    %irq   %soft  %steal  %guest  %gnice   %idle
08時33分11秒    0   26.37    0.00   23.08    0.00    0.00    5.49    0.00    0.00    0.00   45.05
08時33分11秒    1   19.75    0.00    9.88    0.00    0.00    1.23    0.00    0.00    0.00   69.14

08時33分11秒  CPU    %usr   %nice    %sys %iowait    %irq   %soft  %steal  %guest  %gnice   %idle
08時33分12秒    0   29.03    0.00   22.58    0.00    0.00    6.45    0.00    0.00    0.00   41.94
08時33分12秒    1   19.75    0.00    8.64    0.00    0.00    2.47    0.00    0.00    0.00   69.14

08時33分12秒  CPU    %usr   %nice    %sys %iowait    %irq   %soft  %steal  %guest  %gnice   %idle
08時33分13秒    0   29.79    0.00   25.53    0.00    0.00    5.32    0.00    0.00    0.00   39.36
08時33分13秒    1   18.75    0.00   11.25    0.00    0.00    1.25    0.00    0.00    0.00   68.75

08時33分13秒  CPU    %usr   %nice    %sys %iowait    %irq   %soft  %steal  %guest  %gnice   %idle
08時33分14秒    0   29.03    0.00   23.66    0.00    0.00    5.38    0.00    0.00    0.00   41.94
08時33分14秒    1   19.51    0.00   12.20    0.00    0.00    2.44    0.00    0.00    0.00   65.85

08時33分14秒  CPU    %usr   %nice    %sys %iowait    %irq   %soft  %steal  %guest  %gnice   %idle
08時33分15秒    0   27.96    0.00   24.73    0.00    0.00    5.38    0.00    0.00    0.00   41.94
08時33分15秒    1   20.00    0.00   10.00    0.00    0.00    1.25    0.00    0.00    0.00   68.75

08時33分15秒  CPU    %usr   %nice    %sys %iowait    %irq   %soft  %steal  %guest  %gnice   %idle
08時33分16秒    0   31.18    0.00   20.43    0.00    0.00    6.45    0.00    0.00    0.00   41.94
08時33分16秒    1   22.22    0.00    6.17    0.00    0.00    2.47    0.00    0.00    0.00   69.14

08時33分16秒  CPU    %usr   %nice    %sys %iowait    %irq   %soft  %steal  %guest  %gnice   %idle
08時33分17秒    0   26.88    0.00   25.81    0.00    0.00    5.38    0.00    0.00    0.00   41.94
08時33分17秒    1   20.25    0.00    7.59    0.00    0.00    1.27    0.00    0.00    0.00   70.89

08時33分17秒  CPU    %usr   %nice    %sys %iowait    %irq   %soft  %steal  %guest  %gnice   %idle
08時33分18秒    0   29.03    0.00   22.58    0.00    0.00    5.38    0.00    0.00    0.00   43.01
08時33分18秒    1   19.75    0.00    9.88    0.00    0.00    2.47    0.00    0.00    0.00   67.90

08時33分18秒  CPU    %usr   %nice    %sys %iowait    %irq   %soft  %steal  %guest  %gnice   %idle
08時33分19秒    0   27.66    0.00   25.53    0.00    0.00    5.32    0.00    0.00    0.00   41.49
08時33分19秒    1   20.25    0.00    8.86    0.00    0.00    1.27    0.00    0.00    0.00   69.62

08時33分19秒  CPU    %usr   %nice    %sys %iowait    %irq   %soft  %steal  %guest  %gnice   %idle
08時33分20秒    0   33.33    0.00   18.28    0.00    0.00    5.38    0.00    0.00    0.00   43.01
08時33分20秒    1   19.51    0.00    9.76    0.00    0.00    2.44    0.00    0.00    0.00   68.29

08時33分20秒  CPU    %usr   %nice    %sys %iowait    %irq   %soft  %steal  %guest  %gnice   %idle
08時33分21秒    0   26.32    0.00   26.32    0.00    0.00    6.32    0.00    0.00    0.00   41.05
08時33分21秒    1   20.00    0.00   10.00    0.00    0.00    1.25    0.00    0.00    0.00   68.75

08時33分21秒  CPU    %usr   %nice    %sys %iowait    %irq   %soft  %steal  %guest  %gnice   %idle
08時33分22秒    0   30.11    0.00   22.58    0.00    0.00    5.38    0.00    0.00    0.00   41.94
08時33分22秒    1   17.72    0.00   10.13    0.00    0.00    2.53    0.00    0.00    0.00   69.62

08時33分22秒  CPU    %usr   %nice    %sys %iowait    %irq   %soft  %steal  %guest  %gnice   %idle
08時33分23秒    0   30.85    0.00   23.40    0.00    0.00    5.32    0.00    0.00    0.00   40.43
08時33分23秒    1   20.25    0.00   10.13    0.00    0.00    1.27    0.00    0.00    0.00   68.35

08時33分23秒  CPU    %usr   %nice    %sys %iowait    %irq   %soft  %steal  %guest  %gnice   %idle
08時33分24秒    0   31.25    0.00   22.92    0.00    0.00    6.25    0.00    0.00    0.00   39.58
08時33分24秒    1   19.75    0.00    9.88    0.00    0.00    2.47    0.00    0.00    0.00   67.90

08時33分24秒  CPU    %usr   %nice    %sys %iowait    %irq   %soft  %steal  %guest  %gnice   %idle
08時33分25秒    0   32.61    0.00   19.57    0.00    0.00    5.43    0.00    0.00    0.00   42.39
08時33分25秒    1   21.79    0.00    6.41    0.00    0.00    1.28    0.00    0.00    0.00   70.51

08時33分25秒  CPU    %usr   %nice    %sys %iowait    %irq   %soft  %steal  %guest  %gnice   %idle
08時33分26秒    0   30.77    0.00   21.98    0.00    0.00    5.49    0.00    0.00    0.00   41.76
08時33分26秒    1   16.67    0.00   11.54    0.00    0.00    2.56    0.00    0.00    0.00   69.23

08時33分26秒  CPU    %usr   %nice    %sys %iowait    %irq   %soft  %steal  %guest  %gnice   %idle
08時33分27秒    0   30.11    0.00   20.43    0.00    0.00    6.45    0.00    0.00    0.00   43.01
08時33分27秒    1   22.50    0.00    7.50    0.00    0.00    1.25    0.00    0.00    0.00   68.75

08時33分27秒  CPU    %usr   %nice    %sys %iowait    %irq   %soft  %steal  %guest  %gnice   %idle
08時33分28秒    0   27.96    0.00   22.58    0.00    0.00    5.38    0.00    0.00    0.00   44.09
08時33分28秒    1   18.75    0.00   10.00    0.00    0.00    2.50    0.00    0.00    0.00   68.75

08時33分28秒  CPU    %usr   %nice    %sys %iowait    %irq   %soft  %steal  %guest  %gnice   %idle
08時33分29秒    0   32.26    0.00   19.35    0.00    0.00    5.38    0.00    0.00    0.00   43.01
08時33分29秒    1   22.50    0.00    7.50    0.00    0.00    1.25    0.00    0.00    0.00   68.75

08時33分29秒  CPU    %usr   %nice    %sys %iowait    %irq   %soft  %steal  %guest  %gnice   %idle
08時33分30秒    0   31.91    0.00   18.09    0.00    0.00    5.32    0.00    0.00    0.00   44.68
08時33分30秒    1   17.28    0.00    8.64    0.00    0.00    2.47    0.00    0.00    0.00   71.60

08時33分30秒  CPU    %usr   %nice    %sys %iowait    %irq   %soft  %steal  %guest  %gnice   %idle
08時33分31秒    0   25.00    0.00   25.00    0.00    1.09    5.43    0.00    0.00    0.00   43.48
08時33分31秒    1   20.99    0.00    8.64    0.00    0.00    1.23    0.00    0.00    0.00   69.14

08時33分31秒  CPU    %usr   %nice    %sys %iowait    %irq   %soft  %steal  %guest  %gnice   %idle
08時33分32秒    0   27.96    0.00   24.73    0.00    0.00    5.38    0.00    0.00    0.00   41.94
08時33分32秒    1   20.25    0.00    7.59    0.00    0.00    2.53    0.00    0.00    0.00   69.62

08時33分32秒  CPU    %usr   %nice    %sys %iowait    %irq   %soft  %steal  %guest  %gnice   %idle
08時33分33秒    0   31.52    0.00   19.57    0.00    0.00    5.43    0.00    0.00    0.00   43.48
08時33分33秒    1   20.99    0.00    8.64    0.00    0.00    1.23    0.00    0.00    0.00   69.14

08時33分33秒  CPU    %usr   %nice    %sys %iowait    %irq   %soft  %steal  %guest  %gnice   %idle
08時33分34秒    0   28.72    0.00   24.47    0.00    0.00    6.38    0.00    0.00    0.00   40.43
08時33分34秒    1   19.75    0.00    9.88    0.00    0.00    2.47    0.00    0.00    0.00   67.90

08時33分34秒  CPU    %usr   %nice    %sys %iowait    %irq   %soft  %steal  %guest  %gnice   %idle
08時33分35秒    0   26.88    0.00   25.81    0.00    0.00    5.38    0.00    0.00    0.00   41.94
08時33分35秒    1   20.00    0.00   10.00    0.00    0.00    1.25    0.00    0.00    0.00   68.75

08時33分35秒  CPU    %usr   %nice    %sys %iowait    %irq   %soft  %steal  %guest  %gnice   %idle
08時33分36秒    0   33.68    0.00   20.00    0.00    0.00    5.26    0.00    0.00    0.00   41.05
08時33分36秒    1   21.25    0.00    8.75    0.00    0.00    1.25    0.00    0.00    0.00   68.75

08時33分36秒  CPU    %usr   %nice    %sys %iowait    %irq   %soft  %steal  %guest  %gnice   %idle
08時33分37秒    0   33.68    0.00   20.00    0.00    0.00    6.32    0.00    0.00    0.00   40.00
08時33分37秒    1   18.75    0.00   11.25    0.00    0.00    2.50    0.00    0.00    0.00   67.50

08時33分37秒  CPU    %usr   %nice    %sys %iowait    %irq   %soft  %steal  %guest  %gnice   %idle
08時33分38秒    0   33.70    0.00   19.57    0.00    0.00    5.43    0.00    0.00    0.00   41.30
08時33分38秒    1   19.51    0.00   10.98    0.00    0.00    2.44    0.00    0.00    0.00   67.07

08時33分38秒  CPU    %usr   %nice    %sys %iowait    %irq   %soft  %steal  %guest  %gnice   %idle
08時33分39秒    0   32.26    0.00   22.58    0.00    0.00    5.38    0.00    0.00    0.00   39.78
08時33分39秒    1   18.75    0.00   11.25    0.00    0.00    1.25    0.00    0.00    0.00   68.75

08時33分39秒  CPU    %usr   %nice    %sys %iowait    %irq   %soft  %steal  %guest  %gnice   %idle
08時33分40秒    0   28.42    0.00   24.21    0.00    0.00    6.32    0.00    0.00    0.00   41.05
08時33分40秒    1   19.48    0.00    7.79    0.00    0.00    1.30    0.00    0.00    0.00   71.43

08時33分40秒  CPU    %usr   %nice    %sys %iowait    %irq   %soft  %steal  %guest  %gnice   %idle
08時33分41秒    0   33.33    0.00   19.35    0.00    0.00    5.38    0.00    0.00    0.00   41.94
08時33分41秒    1   20.73    0.00   10.98    0.00    0.00    2.44    0.00    0.00    0.00   65.85

08時33分41秒  CPU    %usr   %nice    %sys %iowait    %irq   %soft  %steal  %guest  %gnice   %idle
08時33分42秒    0   31.18    0.00   22.58    0.00    0.00    5.38    0.00    0.00    0.00   40.86
08時33分42秒    1   21.25    0.00    8.75    0.00    0.00    1.25    0.00    0.00    0.00   68.75

08時33分42秒  CPU    %usr   %nice    %sys %iowait    %irq   %soft  %steal  %guest  %gnice   %idle
08時33分43秒    0   28.57    0.00   21.98    0.00    0.00    5.49    0.00    0.00    0.00   43.96
08時33分43秒    1   24.39    0.00    7.32    0.00    0.00    2.44    0.00    0.00    0.00   65.85

08時33分43秒  CPU    %usr   %nice    %sys %iowait    %irq   %soft  %steal  %guest  %gnice   %idle
08時33分44秒    0   27.66    0.00   24.47    0.00    0.00    6.38    0.00    0.00    0.00   41.49
08時33分44秒    1   17.50    0.00   11.25    0.00    1.25    1.25    0.00    0.00    0.00   68.75

08時33分44秒  CPU    %usr   %nice    %sys %iowait    %irq   %soft  %steal  %guest  %gnice   %idle
08時33分45秒    0   36.17    0.00   18.09    0.00    0.00    5.32    0.00    0.00    0.00   40.43
08時33分45秒    1   21.25    0.00    7.50    0.00    0.00    2.50    0.00    0.00    0.00   68.75

08時33分45秒  CPU    %usr   %nice    %sys %iowait    %irq   %soft  %steal  %guest  %gnice   %idle
08時33分46秒    0   35.48    0.00   18.28    0.00    0.00    5.38    0.00    0.00    0.00   40.86
08時33分46秒    1   24.36    0.00    5.13    0.00    0.00    1.28    0.00    0.00    0.00   69.23

08時33分46秒  CPU    %usr   %nice    %sys %iowait    %irq   %soft  %steal  %guest  %gnice   %idle
08時33分47秒    0   30.43    0.00   21.74    0.00    0.00    5.43    0.00    0.00    0.00   42.39
08時33分47秒    1   19.75    0.00    8.64    0.00    0.00    2.47    0.00    0.00    0.00   69.14

08時33分47秒  CPU    %usr   %nice    %sys %iowait    %irq   %soft  %steal  %guest  %gnice   %idle
08時33分48秒    0   26.60    0.00   24.47    0.00    0.00    5.32    0.00    0.00    0.00   43.62
08時33分48秒    1   19.75    0.00    9.88    0.00    0.00    1.23    0.00    0.00    0.00   69.14

08時33分48秒  CPU    %usr   %nice    %sys %iowait    %irq   %soft  %steal  %guest  %gnice   %idle
08時33分49秒    0   29.47    0.00   23.16    0.00    0.00    6.32    0.00    0.00    0.00   41.05
08時33分49秒    1   24.10    0.00    7.23    0.00    0.00    2.41    0.00    0.00    0.00   66.27

08時33分49秒  CPU    %usr   %nice    %sys %iowait    %irq   %soft  %steal  %guest  %gnice   %idle
08時33分50秒    0   33.33    0.00   20.43    0.00    0.00    5.38    0.00    0.00    0.00   40.86
08時33分50秒    1   24.36    0.00    5.13    0.00    0.00    1.28    0.00    0.00    0.00   69.23

08時33分50秒  CPU    %usr   %nice    %sys %iowait    %irq   %soft  %steal  %guest  %gnice   %idle
08時33分51秒    0   31.25    0.00   23.96    0.00    1.04    5.21    0.00    0.00    0.00   38.54
08時33分51秒    1   18.52    0.00   11.11    0.00    0.00    2.47    0.00    0.00    0.00   67.90

08時33分51秒  CPU    %usr   %nice    %sys %iowait    %irq   %soft  %steal  %guest  %gnice   %idle
08時33分52秒    0   31.91    0.00   21.28    0.00    0.00    6.38    0.00    0.00    0.00   40.43
08時33分52秒    1   20.25    0.00    8.86    0.00    0.00    1.27    0.00    0.00    0.00   69.62

08時33分52秒  CPU    %usr   %nice    %sys %iowait    %irq   %soft  %steal  %guest  %gnice   %idle
08時33分53秒    0   26.60    0.00   23.40    0.00    0.00    5.32    0.00    0.00    0.00   44.68
08時33分53秒    1   17.28    0.00    9.88    0.00    0.00    2.47    0.00    0.00    0.00   70.37

08時33分53秒  CPU    %usr   %nice    %sys %iowait    %irq   %soft  %steal  %guest  %gnice   %idle
08時33分54秒    0   31.91    0.00   21.28    0.00    0.00    5.32    0.00    0.00    0.00   41.49
08時33分54秒    1   18.99    0.00    8.86    0.00    0.00    1.27    0.00    0.00    0.00   70.89

08時33分54秒  CPU    %usr   %nice    %sys %iowait    %irq   %soft  %steal  %guest  %gnice   %idle
08時33分55秒    0   30.77    0.00   21.98    0.00    0.00    5.49    0.00    0.00    0.00   41.76
08時33分55秒    1   20.25    0.00    8.86    0.00    0.00    2.53    0.00    0.00    0.00   68.35

08時33分55秒  CPU    %usr   %nice    %sys %iowait    %irq   %soft  %steal  %guest  %gnice   %idle
08時33分56秒    0   30.21    0.00   23.96    0.00    0.00    6.25    0.00    0.00    0.00   39.58
08時33分56秒    1   20.73    0.00   10.98    0.00    0.00    1.22    0.00    0.00    0.00   67.07

08時33分56秒  CPU    %usr   %nice    %sys %iowait    %irq   %soft  %steal  %guest  %gnice   %idle
08時33分57秒    0   29.35    0.00   23.91    0.00    0.00    5.43    0.00    0.00    0.00   41.30
08時33分57秒    1   21.25    0.00    7.50    0.00    0.00    2.50    0.00    0.00    0.00   68.75

08時33分57秒  CPU    %usr   %nice    %sys %iowait    %irq   %soft  %steal  %guest  %gnice   %idle
08時33分58秒    0   31.18    0.00   22.58    0.00    0.00    5.38    0.00    0.00    0.00   40.86
08時33分58秒    1   18.99    0.00   11.39    0.00    0.00    1.27    0.00    0.00    0.00   68.35

08時33分58秒  CPU    %usr   %nice    %sys %iowait    %irq   %soft  %steal  %guest  %gnice   %idle
08時33分59秒    0   27.96    0.00   22.58    0.00    0.00    5.38    0.00    0.00    0.00   44.09
08時33分59秒    1   17.50    0.00   10.00    0.00    0.00    2.50    0.00    0.00    0.00   70.00

08時33分59秒  CPU    %usr   %nice    %sys %iowait    %irq   %soft  %steal  %guest  %gnice   %idle
08時34分00秒    0   28.72    0.00   23.40    0.00    0.00    6.38    0.00    0.00    0.00   41.49
08時34分00秒    1   20.25    0.00    8.86    0.00    0.00    1.27    0.00    0.00    0.00   69.62

08時34分00秒  CPU    %usr   %nice    %sys %iowait    %irq   %soft  %steal  %guest  %gnice   %idle
08時34分01秒    0   30.43    0.00   20.65    0.00    0.00    5.43    0.00    0.00    0.00   43.48
08時34分01秒    1   20.73    0.00    9.76    0.00    0.00    1.22    0.00    0.00    0.00   68.29

08時34分01秒  CPU    %usr   %nice    %sys %iowait    %irq   %soft  %steal  %guest  %gnice   %idle
08時34分02秒    0   31.25    0.00   22.92    0.00    0.00    5.21    0.00    0.00    0.00   40.62
08時34分02秒    1   19.75    0.00    9.88    0.00    0.00    2.47    0.00    0.00    0.00   67.90

08時34分02秒  CPU    %usr   %nice    %sys %iowait    %irq   %soft  %steal  %guest  %gnice   %idle
08時34分03秒    0   30.43    0.00   20.65    0.00    0.00    5.43    0.00    0.00    0.00   43.48
08時34分03秒    1   20.00    0.00    8.75    0.00    0.00    1.25    0.00    0.00    0.00   70.00

08時34分03秒  CPU    %usr   %nice    %sys %iowait    %irq   %soft  %steal  %guest  %gnice   %idle
08時34分04秒    0   27.66    0.00   25.53    0.00    0.00    6.38    0.00    0.00    0.00   40.43
08時34分04秒    1   17.50    0.00   12.50    0.00    0.00    2.50    0.00    0.00    0.00   67.50

08時34分04秒  CPU    %usr   %nice    %sys %iowait    %irq   %soft  %steal  %guest  %gnice   %idle
08時34分05秒    0   35.87    0.00   16.30    0.00    0.00    5.43    0.00    0.00    0.00   42.39
08時34分05秒    1   22.50    0.00    7.50    0.00    0.00    1.25    0.00    0.00    0.00   68.75

08時34分05秒  CPU    %usr   %nice    %sys %iowait    %irq   %soft  %steal  %guest  %gnice   %idle
08時34分06秒    0   32.98    0.00   20.21    0.00    0.00    5.32    0.00    0.00    0.00   41.49
08時34分06秒    1   23.46    0.00    6.17    0.00    0.00    2.47    0.00    0.00    0.00   67.90

08時34分06秒  CPU    %usr   %nice    %sys %iowait    %irq   %soft  %steal  %guest  %gnice   %idle
08時34分07秒    0   27.66    0.00   25.53    0.00    0.00    5.32    0.00    0.00    0.00   41.49
08時34分07秒    1   18.99    0.00    8.86    0.00    0.00    1.27    0.00    0.00    0.00   70.89

08時34分07秒  CPU    %usr   %nice    %sys %iowait    %irq   %soft  %steal  %guest  %gnice   %idle
08時34分08秒    0   29.03    0.00   22.58    0.00    0.00    6.45    0.00    0.00    0.00   41.94
08時34分08秒    1   18.52    0.00   11.11    0.00    0.00    2.47    0.00    0.00    0.00   67.90

08時34分08秒  CPU    %usr   %nice    %sys %iowait    %irq   %soft  %steal  %guest  %gnice   %idle
08時34分09秒    0   30.11    0.00   22.58    0.00    0.00    5.38    0.00    0.00    0.00   41.94
08時34分09秒    1   20.00    0.00   11.25    0.00    0.00    1.25    0.00    0.00    0.00   67.50

08時34分09秒  CPU    %usr   %nice    %sys %iowait    %irq   %soft  %steal  %guest  %gnice   %idle
08時34分10秒    0   26.60    0.00   25.53    0.00    0.00    5.32    0.00    0.00    0.00   42.55
08時34分10秒    1   22.22    0.00    4.94    0.00    0.00    2.47    0.00    0.00    0.00   70.37

08時34分10秒  CPU    %usr   %nice    %sys %iowait    %irq   %soft  %steal  %guest  %gnice   %idle
08時34分11秒    0   29.03    0.00   24.73    0.00    0.00    5.38    0.00    0.00    0.00   40.86
08時34分11秒    1   23.75    0.00    7.50    0.00    0.00    1.25    0.00    0.00    0.00   67.50

08時34分11秒  CPU    %usr   %nice    %sys %iowait    %irq   %soft  %steal  %guest  %gnice   %idle
08時34分12秒    0   28.12    0.00   21.88    0.00    1.04    6.25    0.00    0.00    0.00   42.71
08時34分12秒    1   18.75    0.00    8.75    0.00    0.00    2.50    0.00    0.00    0.00   70.00

08時34分12秒  CPU    %usr   %nice    %sys %iowait    %irq   %soft  %steal  %guest  %gnice   %idle
08時34分13秒    0   30.11    0.00   23.66    0.00    0.00    5.38    0.00    0.00    0.00   40.86
08時34分13秒    1   21.25    0.00    8.75    0.00    0.00    1.25    0.00    0.00    0.00   68.75

08時34分13秒  CPU    %usr   %nice    %sys %iowait    %irq   %soft  %steal  %guest  %gnice   %idle
08時34分14秒    0   31.18    0.00   21.51    0.00    0.00    5.38    0.00    0.00    0.00   41.94
08時34分14秒    1   17.72    0.00   10.13    0.00    0.00    2.53    0.00    0.00    0.00   69.62

08時34分14秒  CPU    %usr   %nice    %sys %iowait    %irq   %soft  %steal  %guest  %gnice   %idle
08時34分15秒    0   31.58    0.00   21.05    0.00    0.00    5.26    0.00    0.00    0.00   42.11
08時34分15秒    1   18.75    0.00   10.00    0.00    0.00    1.25    0.00    0.00    0.00   70.00

08時34分15秒  CPU    %usr   %nice    %sys %iowait    %irq   %soft  %steal  %guest  %gnice   %idle
08時34分16秒    0   31.52    0.00   21.74    0.00    0.00    6.52    0.00    0.00    0.00   40.22
08時34分16秒    1   19.23    0.00   10.26    0.00    0.00    2.56    0.00    0.00    0.00   67.95

08時34分16秒  CPU    %usr   %nice    %sys %iowait    %irq   %soft  %steal  %guest  %gnice   %idle
08時34分17秒    0   28.89    0.00   22.22    0.00    0.00    5.56    0.00    0.00    0.00   43.33
08時34分17秒    1   21.25    0.00    8.75    0.00    0.00    1.25    0.00    0.00    0.00   68.75

08時34分17秒  CPU    %usr   %nice    %sys %iowait    %irq   %soft  %steal  %guest  %gnice   %idle
08時34分18秒    0   29.47    0.00   24.21    0.00    0.00    5.26    0.00    0.00    0.00   41.05
08時34分18秒    1   17.28    0.00   12.35    0.00    0.00    2.47    0.00    0.00    0.00   67.90

08時34分18秒  CPU    %usr   %nice    %sys %iowait    %irq   %soft  %steal  %guest  %gnice   %idle
08時34分19秒    0   29.47    0.00   23.16    0.00    0.00    6.32    0.00    0.00    0.00   41.05
08時34分19秒    1   22.22    0.00    8.64    0.00    1.23    1.23    0.00    0.00    0.00   66.67

08時34分19秒  CPU    %usr   %nice    %sys %iowait    %irq   %soft  %steal  %guest  %gnice   %idle
08時34分20秒    0   32.26    0.00   20.43    0.00    0.00    5.38    0.00    0.00    0.00   41.94
08時34分20秒    1   20.51    0.00    6.41    0.00    0.00    2.56    0.00    0.00    0.00   70.51

08時34分20秒  CPU    %usr   %nice    %sys %iowait    %irq   %soft  %steal  %guest  %gnice   %idle
08時34分21秒    0   32.26    0.00   20.43    0.00    0.00    5.38    0.00    0.00    0.00   41.94
08時34分21秒    1   20.00    0.00   10.00    0.00    0.00    1.25    0.00    0.00    0.00   68.75

08時34分21秒  CPU    %usr   %nice    %sys %iowait    %irq   %soft  %steal  %guest  %gnice   %idle
08時34分22秒    0   30.85    0.00   20.21    0.00    0.00    5.32    0.00    0.00    0.00   43.62
08時34分22秒    1   16.25    0.00   11.25    0.00    0.00    2.50    0.00    0.00    0.00   70.00

08時34分22秒  CPU    %usr   %nice    %sys %iowait    %irq   %soft  %steal  %guest  %gnice   %idle
08時34分23秒    0   29.67    0.00   23.08    0.00    0.00    5.49    0.00    0.00    0.00   41.76
08時34分23秒    1   20.99    0.00    9.88    0.00    0.00    1.23    0.00    0.00    0.00   67.90

08時34分23秒  CPU    %usr   %nice    %sys %iowait    %irq   %soft  %steal  %guest  %gnice   %idle
08時34分24秒    0   29.79    0.00   22.34    0.00    0.00    6.38    0.00    0.00    0.00   41.49
08時34分24秒    1   19.75    0.00    8.64    0.00    0.00    2.47    0.00    0.00    0.00   69.14

08時34分24秒  CPU    %usr   %nice    %sys %iowait    %irq   %soft  %steal  %guest  %gnice   %idle
08時34分25秒    0   27.17    0.00   23.91    0.00    0.00    5.43    0.00    0.00    0.00   43.48
08時34分25秒    1   18.75    0.00   10.00    0.00    0.00    1.25    0.00    0.00    0.00   70.00

08時34分25秒  CPU    %usr   %nice    %sys %iowait    %irq   %soft  %steal  %guest  %gnice   %idle
08時34分26秒    0   31.58    0.00   21.05    0.00    0.00    5.26    0.00    0.00    0.00   42.11
08時34分26秒    1   19.23    0.00    8.97    0.00    0.00    1.28    0.00    0.00    0.00   70.51

08時34分26秒  CPU    %usr   %nice    %sys %iowait    %irq   %soft  %steal  %guest  %gnice   %idle
08時34分27秒    0   30.11    0.00   23.66    0.00    0.00    5.38    0.00    0.00    0.00   40.86
08時34分27秒    1   18.52    0.00   11.11    0.00    0.00    2.47    0.00    0.00    0.00   67.90

08時34分27秒  CPU    %usr   %nice    %sys %iowait    %irq   %soft  %steal  %guest  %gnice   %idle
08時34分28秒    0   30.43    0.00   22.83    0.00    0.00    6.52    0.00    0.00    0.00   40.22
08時34分28秒    1   20.99    0.00    8.64    0.00    1.23    2.47    0.00    0.00    0.00   66.67

08時34分28秒  CPU    %usr   %nice    %sys %iowait    %irq   %soft  %steal  %guest  %gnice   %idle
08時34分29秒    0   35.42    0.00   19.79    0.00    0.00    5.21    0.00    0.00    0.00   39.58
08時34分29秒    1   21.79    0.00    7.69    0.00    0.00    1.28    0.00    0.00    0.00   69.23

08時34分29秒  CPU    %usr   %nice    %sys %iowait    %irq   %soft  %steal  %guest  %gnice   %idle
08時34分30秒    0   30.85    0.00   23.40    0.00    0.00    5.32    0.00    0.00    0.00   40.43
08時34分30秒    1   22.50    0.00    8.75    0.00    0.00    1.25    0.00    0.00    0.00   67.50

08時34分30秒  CPU    %usr   %nice    %sys %iowait    %irq   %soft  %steal  %guest  %gnice   %idle
08時34分31秒    0   31.52    0.00   20.65    0.00    0.00    6.52    0.00    0.00    0.00   41.30
08時34分31秒    1   16.46    0.00   11.39    0.00    0.00    2.53    0.00    0.00    0.00   69.62

08時34分31秒  CPU    %usr   %nice    %sys %iowait    %irq   %soft  %steal  %guest  %gnice   %idle
08時34分32秒    0   30.85    0.00   21.28    0.00    0.00    5.32    0.00    0.00    0.00   42.55
08時34分32秒    1   19.75    0.00    9.88    0.00    0.00    1.23    0.00    0.00    0.00   69.14

08時34分32秒  CPU    %usr   %nice    %sys %iowait    %irq   %soft  %steal  %guest  %gnice   %idle
08時34分33秒    0   29.47    0.00   22.11    0.00    1.05    5.26    0.00    0.00    0.00   42.11
08時34分33秒    1   20.00    0.00    8.75    0.00    0.00    2.50    0.00    0.00    0.00   68.75

08時34分33秒  CPU    %usr   %nice    %sys %iowait    %irq   %soft  %steal  %guest  %gnice   %idle
08時34分34秒    0   29.79    0.00   23.40    0.00    0.00    5.32    0.00    0.00    0.00   41.49
08時34分34秒    1   20.25    0.00    7.59    0.00    0.00    1.27    0.00    0.00    0.00   70.89

08時34分34秒  CPU    %usr   %nice    %sys %iowait    %irq   %soft  %steal  %guest  %gnice   %idle
08時34分35秒    0   27.96    0.00   23.66    0.00    0.00    6.45    0.00    0.00    0.00   41.94
08時34分35秒    1   18.99    0.00    8.86    0.00    0.00    2.53    0.00    0.00    0.00   69.62

08時34分35秒  CPU    %usr   %nice    %sys %iowait    %irq   %soft  %steal  %guest  %gnice   %idle
08時34分36秒    0   31.18    0.00   20.43    0.00    0.00    5.38    0.00    0.00    0.00   43.01
08時34分36秒    1   21.25    0.00    6.25    0.00    0.00    1.25    0.00    0.00    0.00   71.25

08時34分36秒  CPU    %usr   %nice    %sys %iowait    %irq   %soft  %steal  %guest  %gnice   %idle
08時34分37秒    0   30.11    0.00   24.73    0.00    0.00    5.38    0.00    0.00    0.00   39.78
08時34分37秒    1   21.25    0.00   10.00    0.00    0.00    2.50    0.00    0.00    0.00   66.25

08時34分37秒  CPU    %usr   %nice    %sys %iowait    %irq   %soft  %steal  %guest  %gnice   %idle
08時34分38秒    0   29.79    0.00   21.28    0.00    0.00    5.32    0.00    0.00    0.00   43.62
08時34分38秒    1   19.75    0.00    9.88    0.00    0.00    1.23    0.00    0.00    0.00   69.14

08時34分38秒  CPU    %usr   %nice    %sys %iowait    %irq   %soft  %steal  %guest  %gnice   %idle
08時34分39秒    0   31.18    0.00   21.51    0.00    0.00    6.45    0.00    0.00    0.00   40.86
08時34分39秒    1   20.99    0.00    8.64    0.00    0.00    2.47    0.00    0.00    0.00   67.90

08時34分39秒  CPU    %usr   %nice    %sys %iowait    %irq   %soft  %steal  %guest  %gnice   %idle
08時34分40秒    0   30.85    0.00   21.28    0.00    0.00    5.32    0.00    0.00    0.00   42.55
08時34分40秒    1   18.99    0.00   10.13    0.00    0.00    1.27    0.00    0.00    0.00   69.62

平均時間：  CPU    %usr   %nice    %sys %iowait    %irq   %soft  %steal  %guest  %gnice   %idle
平均時間：    0   30.23    0.00   22.33    0.00    0.05    5.62    0.00    0.00    0.00   41.77
平均時間：    1   20.22    0.00    9.13    0.00    0.04    1.85    0.00    0.00    0.00   68.75
