Linux 5.6.15-arch1-1 (archlinux) 	西元2020年06月29日 	_x86_64_	(12 CPU)

08時45分45秒  CPU    %usr   %nice    %sys %iowait    %irq   %soft  %steal  %guest  %gnice   %idle
08時45分46秒    0   35.48    0.00   19.35    0.00    0.00    6.45    0.00    0.00    0.00   38.71
08時45分46秒    1   19.75    0.00   11.11    0.00    0.00    1.23    0.00    0.00    0.00   67.90

08時45分46秒  CPU    %usr   %nice    %sys %iowait    %irq   %soft  %steal  %guest  %gnice   %idle
08時45分47秒    0   31.91    0.00   25.53    0.00    0.00    5.32    0.00    0.00    0.00   37.23
08時45分47秒    1   22.89    0.00    8.43    0.00    0.00    2.41    0.00    0.00    0.00   66.27

08時45分47秒  CPU    %usr   %nice    %sys %iowait    %irq   %soft  %steal  %guest  %gnice   %idle
08時45分48秒    0   33.33    0.00   19.35    0.00    0.00    6.45    0.00    0.00    0.00   40.86
08時45分48秒    1   21.25    0.00    8.75    0.00    0.00    1.25    0.00    0.00    0.00   68.75

08時45分48秒  CPU    %usr   %nice    %sys %iowait    %irq   %soft  %steal  %guest  %gnice   %idle
08時45分49秒    0   31.52    0.00   21.74    0.00    0.00    5.43    0.00    0.00    0.00   41.30
08時45分49秒    1   17.72    0.00   11.39    0.00    0.00    1.27    0.00    0.00    0.00   69.62

08時45分49秒  CPU    %usr   %nice    %sys %iowait    %irq   %soft  %steal  %guest  %gnice   %idle
08時45分50秒    0   30.43    0.00   25.00    0.00    0.00    6.52    0.00    0.00    0.00   38.04
08時45分50秒    1   21.79    0.00    6.41    0.00    0.00    2.56    0.00    0.00    0.00   69.23

08時45分50秒  CPU    %usr   %nice    %sys %iowait    %irq   %soft  %steal  %guest  %gnice   %idle
08時45分51秒    0   30.11    0.00   25.81    0.00    0.00    5.38    0.00    0.00    0.00   38.71
08時45分51秒    1   18.52    0.00   14.81    0.00    0.00    1.23    0.00    0.00    0.00   65.43

08時45分51秒  CPU    %usr   %nice    %sys %iowait    %irq   %soft  %steal  %guest  %gnice   %idle
08時45分52秒    0   33.33    0.00   22.58    0.00    0.00    6.45    0.00    0.00    0.00   37.63
08時45分52秒    1   18.29    0.00   13.41    0.00    0.00    2.44    0.00    0.00    0.00   65.85

08時45分52秒  CPU    %usr   %nice    %sys %iowait    %irq   %soft  %steal  %guest  %gnice   %idle
08時45分53秒    0   31.18    0.00   25.81    0.00    0.00    6.45    0.00    0.00    0.00   36.56
08時45分53秒    1   25.93    0.00    8.64    0.00    0.00    1.23    0.00    0.00    0.00   64.20

08時45分53秒  CPU    %usr   %nice    %sys %iowait    %irq   %soft  %steal  %guest  %gnice   %idle
08時45分54秒    0   30.43    0.00   27.17    0.00    0.00    5.43    0.00    0.00    0.00   36.96
08時45分54秒    1   18.75    0.00   11.25    0.00    0.00    2.50    0.00    0.00    0.00   67.50

08時45分54秒  CPU    %usr   %nice    %sys %iowait    %irq   %soft  %steal  %guest  %gnice   %idle
08時45分55秒    0   32.98    0.00   22.34    0.00    0.00    6.38    0.00    0.00    0.00   38.30
08時45分55秒    1   23.08    0.00    6.41    0.00    0.00    1.28    0.00    0.00    0.00   69.23

08時45分55秒  CPU    %usr   %nice    %sys %iowait    %irq   %soft  %steal  %guest  %gnice   %idle
08時45分56秒    0   30.43    0.00   25.00    0.00    0.00    5.43    0.00    0.00    0.00   39.13
08時45分56秒    1   19.51    0.00   10.98    0.00    0.00    2.44    0.00    0.00    0.00   67.07

08時45分56秒  CPU    %usr   %nice    %sys %iowait    %irq   %soft  %steal  %guest  %gnice   %idle
08時45分57秒    0   32.98    0.00   21.28    0.00    0.00    6.38    0.00    0.00    0.00   39.36
08時45分57秒    1   19.75    0.00   11.11    0.00    0.00    1.23    0.00    0.00    0.00   67.90

08時45分57秒  CPU    %usr   %nice    %sys %iowait    %irq   %soft  %steal  %guest  %gnice   %idle
08時45分58秒    0   27.66    0.00   27.66    0.00    0.00    5.32    0.00    0.00    0.00   39.36
08時45分58秒    1   22.50    0.00    8.75    0.00    0.00    1.25    0.00    0.00    0.00   67.50

08時45分58秒  CPU    %usr   %nice    %sys %iowait    %irq   %soft  %steal  %guest  %gnice   %idle
08時45分59秒    0   33.70    0.00   23.91    0.00    0.00    6.52    0.00    0.00    0.00   35.87
08時45分59秒    1   22.50    0.00    7.50    0.00    0.00    2.50    0.00    0.00    0.00   67.50

08時45分59秒  CPU    %usr   %nice    %sys %iowait    %irq   %soft  %steal  %guest  %gnice   %idle
08時46分00秒    0   30.77    0.00   21.98    0.00    0.00    5.49    0.00    0.00    0.00   41.76
08時46分00秒    1   20.00    0.00    8.75    0.00    1.25    1.25    0.00    0.00    0.00   68.75

08時46分00秒  CPU    %usr   %nice    %sys %iowait    %irq   %soft  %steal  %guest  %gnice   %idle
08時46分01秒    0   31.52    0.00   22.83    0.00    0.00    6.52    0.00    0.00    0.00   39.13
08時46分01秒    1   22.50    0.00    7.50    0.00    0.00    2.50    0.00    0.00    0.00   67.50

08時46分01秒  CPU    %usr   %nice    %sys %iowait    %irq   %soft  %steal  %guest  %gnice   %idle
08時46分02秒    0   32.26    0.00   22.58    0.00    0.00    6.45    0.00    0.00    0.00   38.71
08時46分02秒    1   18.99    0.00   11.39    0.00    0.00    1.27    0.00    0.00    0.00   68.35

08時46分02秒  CPU    %usr   %nice    %sys %iowait    %irq   %soft  %steal  %guest  %gnice   %idle
08時46分03秒    0   35.11    0.00   20.21    0.00    1.06    5.32    0.00    0.00    0.00   38.30
08時46分03秒    1   20.73    0.00   10.98    0.00    0.00    1.22    0.00    0.00    0.00   67.07

08時46分03秒  CPU    %usr   %nice    %sys %iowait    %irq   %soft  %steal  %guest  %gnice   %idle
08時46分04秒    0   31.91    0.00   24.47    0.00    0.00    6.38    0.00    0.00    0.00   37.23
08時46分04秒    1   18.75    0.00   12.50    0.00    0.00    2.50    0.00    0.00    0.00   66.25

08時46分04秒  CPU    %usr   %nice    %sys %iowait    %irq   %soft  %steal  %guest  %gnice   %idle
08時46分05秒    0   33.33    0.00   20.00    0.00    0.00    5.56    0.00    0.00    0.00   41.11
08時46分05秒    1   21.69    0.00   10.84    0.00    0.00    1.20    0.00    0.00    0.00   66.27

08時46分05秒  CPU    %usr   %nice    %sys %iowait    %irq   %soft  %steal  %guest  %gnice   %idle
08時46分06秒    0   35.11    0.00   19.15    0.00    0.00    6.38    0.00    0.00    0.00   39.36
08時46分06秒    1   18.75    0.00   10.00    0.00    0.00    2.50    0.00    0.00    0.00   68.75

08時46分06秒  CPU    %usr   %nice    %sys %iowait    %irq   %soft  %steal  %guest  %gnice   %idle
08時46分07秒    0   32.97    0.00   20.88    0.00    0.00    5.49    0.00    0.00    0.00   40.66
08時46分07秒    1   21.25    0.00   10.00    0.00    0.00    1.25    0.00    0.00    0.00   67.50

08時46分07秒  CPU    %usr   %nice    %sys %iowait    %irq   %soft  %steal  %guest  %gnice   %idle
08時46分08秒    0   29.35    0.00   26.09    0.00    0.00    6.52    0.00    0.00    0.00   38.04
08時46分08秒    1   19.75    0.00   11.11    0.00    0.00    2.47    0.00    0.00    0.00   66.67

08時46分08秒  CPU    %usr   %nice    %sys %iowait    %irq   %soft  %steal  %guest  %gnice   %idle
08時46分09秒    0   34.41    0.00   20.43    0.00    0.00    5.38    0.00    0.00    0.00   39.78
08時46分09秒    1   22.50    0.00    8.75    0.00    0.00    1.25    0.00    0.00    0.00   67.50

08時46分09秒  CPU    %usr   %nice    %sys %iowait    %irq   %soft  %steal  %guest  %gnice   %idle
08時46分10秒    0   32.61    0.00   20.65    0.00    0.00    6.52    0.00    0.00    0.00   40.22
08時46分10秒    1   23.46    0.00    7.41    0.00    0.00    1.23    0.00    0.00    0.00   67.90

08時46分10秒  CPU    %usr   %nice    %sys %iowait    %irq   %soft  %steal  %guest  %gnice   %idle
08時46分11秒    0   32.97    0.00   23.08    0.00    0.00    5.49    0.00    0.00    0.00   38.46
08時46分11秒    1   21.25    0.00    7.50    0.00    0.00    2.50    0.00    0.00    0.00   68.75

08時46分11秒  CPU    %usr   %nice    %sys %iowait    %irq   %soft  %steal  %guest  %gnice   %idle
08時46分12秒    0   30.85    0.00   22.34    0.00    0.00    6.38    0.00    0.00    0.00   40.43
08時46分12秒    1   21.52    0.00    7.59    0.00    0.00    1.27    0.00    0.00    0.00   69.62

08時46分12秒  CPU    %usr   %nice    %sys %iowait    %irq   %soft  %steal  %guest  %gnice   %idle
08時46分13秒    0   32.22    0.00   21.11    0.00    0.00    5.56    0.00    0.00    0.00   41.11
08時46分13秒    1   19.75    0.00    8.64    0.00    0.00    2.47    0.00    0.00    0.00   69.14

08時46分13秒  CPU    %usr   %nice    %sys %iowait    %irq   %soft  %steal  %guest  %gnice   %idle
08時46分14秒    0   32.26    0.00   20.43    0.00    0.00    6.45    0.00    0.00    0.00   40.86
08時46分14秒    1   22.50    0.00    6.25    0.00    0.00    1.25    0.00    0.00    0.00   70.00

08時46分14秒  CPU    %usr   %nice    %sys %iowait    %irq   %soft  %steal  %guest  %gnice   %idle
08時46分15秒    0   32.61    0.00   21.74    0.00    0.00    5.43    0.00    0.00    0.00   40.22
08時46分15秒    1   21.25    0.00   10.00    0.00    0.00    1.25    0.00    0.00    0.00   67.50

08時46分15秒  CPU    %usr   %nice    %sys %iowait    %irq   %soft  %steal  %guest  %gnice   %idle
08時46分16秒    0   30.34    0.00   22.47    0.00    0.00    6.74    0.00    0.00    0.00   40.45
08時46分16秒    1   16.46    0.00   11.39    0.00    0.00    2.53    0.00    0.00    0.00   69.62

08時46分16秒  CPU    %usr   %nice    %sys %iowait    %irq   %soft  %steal  %guest  %gnice   %idle
08時46分17秒    0   35.11    0.00   21.28    0.00    0.00    5.32    0.00    0.00    0.00   38.30
08時46分17秒    1   20.99    0.00    9.88    0.00    0.00    1.23    0.00    0.00    0.00   67.90

08時46分17秒  CPU    %usr   %nice    %sys %iowait    %irq   %soft  %steal  %guest  %gnice   %idle
08時46分18秒    0   31.18    0.00   23.66    0.00    0.00    6.45    0.00    0.00    0.00   38.71
08時46分18秒    1   20.99    0.00    8.64    0.00    0.00    2.47    0.00    0.00    0.00   67.90

08時46分18秒  CPU    %usr   %nice    %sys %iowait    %irq   %soft  %steal  %guest  %gnice   %idle
08時46分19秒    0   31.52    0.00   23.91    0.00    0.00    5.43    0.00    0.00    0.00   39.13
08時46分19秒    1   23.17    0.00    8.54    0.00    1.22    1.22    0.00    0.00    0.00   65.85

08時46分19秒  CPU    %usr   %nice    %sys %iowait    %irq   %soft  %steal  %guest  %gnice   %idle
08時46分20秒    0   27.96    0.00   25.81    0.00    0.00    6.45    0.00    0.00    0.00   39.78
08時46分20秒    1   17.72    0.00   10.13    0.00    0.00    2.53    0.00    0.00    0.00   69.62

08時46分20秒  CPU    %usr   %nice    %sys %iowait    %irq   %soft  %steal  %guest  %gnice   %idle
08時46分21秒    0   30.11    0.00   25.81    0.00    0.00    5.38    0.00    0.00    0.00   38.71
08時46分21秒    1   22.50    0.00   10.00    0.00    0.00    1.25    0.00    0.00    0.00   66.25

08時46分21秒  CPU    %usr   %nice    %sys %iowait    %irq   %soft  %steal  %guest  %gnice   %idle
08時46分22秒    0   25.27    0.00   27.47    0.00    0.00    6.59    0.00    0.00    0.00   40.66
08時46分22秒    1   23.46    0.00    7.41    0.00    0.00    1.23    0.00    0.00    0.00   67.90

08時46分22秒  CPU    %usr   %nice    %sys %iowait    %irq   %soft  %steal  %guest  %gnice   %idle
08時46分23秒    0   34.04    0.00   21.28    0.00    1.06    5.32    0.00    0.00    0.00   38.30
08時46分23秒    1   20.99    0.00    8.64    0.00    0.00    2.47    0.00    0.00    0.00   67.90

08時46分23秒  CPU    %usr   %nice    %sys %iowait    %irq   %soft  %steal  %guest  %gnice   %idle
08時46分24秒    0   31.18    0.00   23.66    0.00    0.00    6.45    0.00    0.00    0.00   38.71
08時46分24秒    1   22.50    0.00    8.75    0.00    0.00    1.25    0.00    0.00    0.00   67.50

08時46分24秒  CPU    %usr   %nice    %sys %iowait    %irq   %soft  %steal  %guest  %gnice   %idle
08時46分25秒    0   29.67    0.00   25.27    0.00    0.00    5.49    0.00    0.00    0.00   39.56
08時46分25秒    1   20.73    0.00    8.54    0.00    0.00    2.44    0.00    0.00    0.00   68.29

08時46分25秒  CPU    %usr   %nice    %sys %iowait    %irq   %soft  %steal  %guest  %gnice   %idle
08時46分26秒    0   29.79    0.00   26.60    0.00    0.00    6.38    0.00    0.00    0.00   37.23
08時46分26秒    1   22.78    0.00    8.86    0.00    0.00    1.27    0.00    0.00    0.00   67.09

08時46分26秒  CPU    %usr   %nice    %sys %iowait    %irq   %soft  %steal  %guest  %gnice   %idle
08時46分27秒    0   32.61    0.00   21.74    0.00    0.00    5.43    0.00    0.00    0.00   40.22
08時46分27秒    1   20.48    0.00   10.84    0.00    0.00    2.41    0.00    0.00    0.00   66.27

08時46分27秒  CPU    %usr   %nice    %sys %iowait    %irq   %soft  %steal  %guest  %gnice   %idle
08時46分28秒    0   29.03    0.00   23.66    0.00    0.00    6.45    0.00    0.00    0.00   40.86
08時46分28秒    1   20.25    0.00    8.86    0.00    0.00    1.27    0.00    0.00    0.00   69.62

08時46分28秒  CPU    %usr   %nice    %sys %iowait    %irq   %soft  %steal  %guest  %gnice   %idle
08時46分29秒    0   30.77    0.00   23.08    0.00    0.00    5.49    0.00    0.00    0.00   40.66
08時46分29秒    1   20.25    0.00    8.86    0.00    0.00    1.27    0.00    0.00    0.00   69.62

08時46分29秒  CPU    %usr   %nice    %sys %iowait    %irq   %soft  %steal  %guest  %gnice   %idle
08時46分30秒    0   31.87    0.00   21.98    0.00    0.00    5.49    0.00    0.00    0.00   40.66
08時46分30秒    1   19.51    0.00    9.76    0.00    0.00    2.44    0.00    0.00    0.00   68.29

08時46分30秒  CPU    %usr   %nice    %sys %iowait    %irq   %soft  %steal  %guest  %gnice   %idle
08時46分31秒    0   32.26    0.00   23.66    0.00    0.00    6.45    0.00    0.00    0.00   37.63
08時46分31秒    1   21.25    0.00   10.00    0.00    0.00    1.25    0.00    0.00    0.00   67.50

08時46分31秒  CPU    %usr   %nice    %sys %iowait    %irq   %soft  %steal  %guest  %gnice   %idle
08時46分32秒    0   29.55    0.00   22.73    0.00    0.00    5.68    0.00    0.00    0.00   42.05
08時46分32秒    1   17.28    0.00   12.35    0.00    0.00    2.47    0.00    0.00    0.00   67.90

08時46分32秒  CPU    %usr   %nice    %sys %iowait    %irq   %soft  %steal  %guest  %gnice   %idle
08時46分33秒    0   33.68    0.00   21.05    0.00    0.00    6.32    0.00    0.00    0.00   38.95
08時46分33秒    1   18.75    0.00   12.50    0.00    0.00    1.25    0.00    0.00    0.00   67.50

08時46分33秒  CPU    %usr   %nice    %sys %iowait    %irq   %soft  %steal  %guest  %gnice   %idle
08時46分34秒    0   31.52    0.00   22.83    0.00    0.00    6.52    0.00    0.00    0.00   39.13
08時46分34秒    1   20.00    0.00   11.25    0.00    0.00    1.25    0.00    0.00    0.00   67.50

08時46分34秒  CPU    %usr   %nice    %sys %iowait    %irq   %soft  %steal  %guest  %gnice   %idle
08時46分35秒    0   28.26    0.00   25.00    0.00    0.00    5.43    0.00    0.00    0.00   41.30
08時46分35秒    1   17.28    0.00   12.35    0.00    0.00    2.47    0.00    0.00    0.00   67.90

08時46分35秒  CPU    %usr   %nice    %sys %iowait    %irq   %soft  %steal  %guest  %gnice   %idle
08時46分36秒    0   31.87    0.00   19.78    0.00    0.00    5.49    0.00    0.00    0.00   42.86
08時46分36秒    1   17.72    0.00   10.13    0.00    0.00    1.27    0.00    0.00    0.00   70.89

08時46分36秒  CPU    %usr   %nice    %sys %iowait    %irq   %soft  %steal  %guest  %gnice   %idle
08時46分37秒    0   33.70    0.00   22.83    0.00    0.00    6.52    0.00    0.00    0.00   36.96
08時46分37秒    1   17.72    0.00   13.92    0.00    0.00    2.53    0.00    0.00    0.00   65.82

08時46分37秒  CPU    %usr   %nice    %sys %iowait    %irq   %soft  %steal  %guest  %gnice   %idle
08時46分38秒    0   28.57    0.00   26.37    0.00    0.00    5.49    0.00    0.00    0.00   39.56
08時46分38秒    1   22.22    0.00    9.88    0.00    0.00    1.23    0.00    0.00    0.00   66.67

08時46分38秒  CPU    %usr   %nice    %sys %iowait    %irq   %soft  %steal  %guest  %gnice   %idle
08時46分39秒    0   32.26    0.00   21.51    0.00    0.00    6.45    0.00    0.00    0.00   39.78
08時46分39秒    1   23.17    0.00    8.54    0.00    0.00    2.44    0.00    0.00    0.00   65.85

08時46分39秒  CPU    %usr   %nice    %sys %iowait    %irq   %soft  %steal  %guest  %gnice   %idle
08時46分40秒    0   31.52    0.00   22.83    0.00    0.00    5.43    0.00    0.00    0.00   40.22
08時46分40秒    1   17.95    0.00   10.26    0.00    0.00    1.28    0.00    0.00    0.00   70.51

08時46分40秒  CPU    %usr   %nice    %sys %iowait    %irq   %soft  %steal  %guest  %gnice   %idle
08時46分41秒    0   35.48    0.00   21.51    0.00    0.00    6.45    0.00    0.00    0.00   36.56
08時46分41秒    1   18.75    0.00   12.50    0.00    0.00    1.25    0.00    0.00    0.00   67.50

08時46分41秒  CPU    %usr   %nice    %sys %iowait    %irq   %soft  %steal  %guest  %gnice   %idle
08時46分42秒    0   27.37    0.00   27.37    0.00    1.05    5.26    0.00    0.00    0.00   38.95
08時46分42秒    1   18.52    0.00   12.35    0.00    0.00    2.47    0.00    0.00    0.00   66.67

08時46分42秒  CPU    %usr   %nice    %sys %iowait    %irq   %soft  %steal  %guest  %gnice   %idle
08時46分43秒    0   31.52    0.00   22.83    0.00    0.00    6.52    0.00    0.00    0.00   39.13
08時46分43秒    1   21.52    0.00    8.86    0.00    0.00    1.27    0.00    0.00    0.00   68.35

08時46分43秒  CPU    %usr   %nice    %sys %iowait    %irq   %soft  %steal  %guest  %gnice   %idle
08時46分44秒    0   29.03    0.00   26.88    0.00    0.00    5.38    0.00    0.00    0.00   38.71
08時46分44秒    1   19.51    0.00    9.76    0.00    1.22    2.44    0.00    0.00    0.00   67.07

08時46分44秒  CPU    %usr   %nice    %sys %iowait    %irq   %soft  %steal  %guest  %gnice   %idle
08時46分45秒    0   31.52    0.00   22.83    0.00    0.00    6.52    0.00    0.00    0.00   39.13
08時46分45秒    1   23.08    0.00    7.69    0.00    0.00    1.28    0.00    0.00    0.00   67.95

08時46分45秒  CPU    %usr   %nice    %sys %iowait    %irq   %soft  %steal  %guest  %gnice   %idle
08時46分46秒    0   30.00    0.00   22.22    0.00    0.00    5.56    0.00    0.00    0.00   42.22
08時46分46秒    1   20.73    0.00    8.54    0.00    0.00    2.44    0.00    0.00    0.00   68.29

08時46分46秒  CPU    %usr   %nice    %sys %iowait    %irq   %soft  %steal  %guest  %gnice   %idle
08時46分47秒    0   34.41    0.00   24.73    0.00    0.00    6.45    0.00    0.00    0.00   34.41
08時46分47秒    1   22.22    0.00   11.11    0.00    0.00    1.23    0.00    0.00    0.00   65.43

08時46分47秒  CPU    %usr   %nice    %sys %iowait    %irq   %soft  %steal  %guest  %gnice   %idle
08時46分48秒    0   27.96    0.00   25.81    0.00    0.00    6.45    0.00    0.00    0.00   39.78
08時46分48秒    1   18.52    0.00   12.35    0.00    0.00    1.23    0.00    0.00    0.00   67.90

08時46分48秒  CPU    %usr   %nice    %sys %iowait    %irq   %soft  %steal  %guest  %gnice   %idle
08時46分49秒    0   30.77    0.00   25.27    0.00    0.00    5.49    0.00    0.00    0.00   38.46
08時46分49秒    1   19.75    0.00   11.11    0.00    0.00    2.47    0.00    0.00    0.00   66.67

08時46分49秒  CPU    %usr   %nice    %sys %iowait    %irq   %soft  %steal  %guest  %gnice   %idle
08時46分50秒    0   30.77    0.00   25.27    0.00    0.00    6.59    0.00    0.00    0.00   37.36
08時46分50秒    1   24.05    0.00    7.59    0.00    0.00    1.27    0.00    0.00    0.00   67.09

08時46分50秒  CPU    %usr   %nice    %sys %iowait    %irq   %soft  %steal  %guest  %gnice   %idle
08時46分51秒    0   27.78    0.00   24.44    0.00    0.00    5.56    0.00    0.00    0.00   42.22
08時46分51秒    1   22.89    0.00    8.43    0.00    0.00    2.41    0.00    0.00    0.00   66.27

08時46分51秒  CPU    %usr   %nice    %sys %iowait    %irq   %soft  %steal  %guest  %gnice   %idle
08時46分52秒    0   29.35    0.00   25.00    0.00    0.00    6.52    0.00    0.00    0.00   39.13
08時46分52秒    1   22.50    0.00    8.75    0.00    0.00    1.25    0.00    0.00    0.00   67.50

08時46分52秒  CPU    %usr   %nice    %sys %iowait    %irq   %soft  %steal  %guest  %gnice   %idle
08時46分53秒    0   30.43    0.00   23.91    0.00    0.00    6.52    0.00    0.00    0.00   39.13
08時46分53秒    1   19.75    0.00   12.35    0.00    0.00    2.47    0.00    0.00    0.00   65.43

08時46分53秒  CPU    %usr   %nice    %sys %iowait    %irq   %soft  %steal  %guest  %gnice   %idle
08時46分54秒    0   30.77    0.00   24.18    0.00    0.00    5.49    0.00    0.00    0.00   39.56
08時46分54秒    1   25.93    0.00    6.17    0.00    0.00    1.23    0.00    0.00    0.00   66.67

08時46分54秒  CPU    %usr   %nice    %sys %iowait    %irq   %soft  %steal  %guest  %gnice   %idle
08時46分55秒    0   33.70    0.00   19.57    0.00    0.00    6.52    0.00    0.00    0.00   40.22
08時46分55秒    1   20.73    0.00   10.98    0.00    0.00    1.22    0.00    0.00    0.00   67.07

08時46分55秒  CPU    %usr   %nice    %sys %iowait    %irq   %soft  %steal  %guest  %gnice   %idle
08時46分56秒    0   32.97    0.00   24.18    0.00    0.00    5.49    0.00    0.00    0.00   37.36
08時46分56秒    1   25.00    0.00    7.50    0.00    0.00    2.50    0.00    0.00    0.00   65.00

08時46分56秒  CPU    %usr   %nice    %sys %iowait    %irq   %soft  %steal  %guest  %gnice   %idle
08時46分57秒    0   34.78    0.00   22.83    0.00    0.00    6.52    0.00    0.00    0.00   35.87
08時46分57秒    1   24.39    0.00    8.54    0.00    0.00    1.22    0.00    0.00    0.00   65.85

08時46分57秒  CPU    %usr   %nice    %sys %iowait    %irq   %soft  %steal  %guest  %gnice   %idle
08時46分58秒    0   28.89    0.00   22.22    0.00    0.00    5.56    0.00    0.00    0.00   43.33
08時46分58秒    1   22.22    0.00    7.41    0.00    0.00    2.47    0.00    0.00    0.00   67.90

08時46分58秒  CPU    %usr   %nice    %sys %iowait    %irq   %soft  %steal  %guest  %gnice   %idle
08時46分59秒    0   28.26    0.00   23.91    0.00    0.00    6.52    0.00    0.00    0.00   41.30
08時46分59秒    1   18.75    0.00   11.25    0.00    0.00    1.25    0.00    0.00    0.00   68.75

08時46分59秒  CPU    %usr   %nice    %sys %iowait    %irq   %soft  %steal  %guest  %gnice   %idle
08時47分00秒    0   31.18    0.00   26.88    0.00    0.00    5.38    0.00    0.00    0.00   36.56
08時47分00秒    1   26.25    0.00    6.25    0.00    0.00    2.50    0.00    0.00    0.00   65.00

08時47分00秒  CPU    %usr   %nice    %sys %iowait    %irq   %soft  %steal  %guest  %gnice   %idle
08時47分01秒    0   31.11    0.00   22.22    0.00    0.00    6.67    0.00    0.00    0.00   40.00
08時47分01秒    1   24.10    0.00    8.43    0.00    0.00    1.20    0.00    0.00    0.00   66.27

08時47分01秒  CPU    %usr   %nice    %sys %iowait    %irq   %soft  %steal  %guest  %gnice   %idle
08時47分02秒    0   31.25    0.00   25.00    0.00    1.04    6.25    0.00    0.00    0.00   36.46
08時47分02秒    1   23.46    0.00    7.41    0.00    0.00    2.47    0.00    0.00    0.00   66.67

08時47分02秒  CPU    %usr   %nice    %sys %iowait    %irq   %soft  %steal  %guest  %gnice   %idle
08時47分03秒    0   32.97    0.00   24.18    0.00    0.00    5.49    0.00    0.00    0.00   37.36
08時47分03秒    1   21.25    0.00   11.25    0.00    0.00    1.25    0.00    0.00    0.00   66.25

08時47分03秒  CPU    %usr   %nice    %sys %iowait    %irq   %soft  %steal  %guest  %gnice   %idle
08時47分04秒    0   31.18    0.00   23.66    0.00    0.00    6.45    0.00    0.00    0.00   38.71
08時47分04秒    1   20.25    0.00   10.13    0.00    0.00    1.27    0.00    0.00    0.00   68.35

08時47分04秒  CPU    %usr   %nice    %sys %iowait    %irq   %soft  %steal  %guest  %gnice   %idle
08時47分05秒    0   29.67    0.00   24.18    0.00    0.00    5.49    0.00    0.00    0.00   40.66
08時47分05秒    1   23.17    0.00    7.32    0.00    0.00    2.44    0.00    0.00    0.00   67.07

08時47分05秒  CPU    %usr   %nice    %sys %iowait    %irq   %soft  %steal  %guest  %gnice   %idle
08時47分06秒    0   31.52    0.00   23.91    0.00    0.00    6.52    0.00    0.00    0.00   38.04
08時47分06秒    1   22.08    0.00    9.09    0.00    0.00    1.30    0.00    0.00    0.00   67.53

08時47分06秒  CPU    %usr   %nice    %sys %iowait    %irq   %soft  %steal  %guest  %gnice   %idle
08時47分07秒    0   32.26    0.00   22.58    0.00    0.00    5.38    0.00    0.00    0.00   39.78
08時47分07秒    1   22.22    0.00    8.64    0.00    0.00    2.47    0.00    0.00    0.00   66.67

08時47分07秒  CPU    %usr   %nice    %sys %iowait    %irq   %soft  %steal  %guest  %gnice   %idle
08時47分08秒    0   31.11    0.00   22.22    0.00    0.00    6.67    0.00    0.00    0.00   40.00
08時47分08秒    1   17.95    0.00   11.54    0.00    0.00    1.28    0.00    0.00    0.00   69.23

08時47分08秒  CPU    %usr   %nice    %sys %iowait    %irq   %soft  %steal  %guest  %gnice   %idle
08時47分09秒    0   30.34    0.00   21.35    0.00    0.00    5.62    0.00    0.00    0.00   42.70
08時47分09秒    1   22.89    0.00    8.43    0.00    0.00    2.41    0.00    0.00    0.00   66.27

08時47分09秒  CPU    %usr   %nice    %sys %iowait    %irq   %soft  %steal  %guest  %gnice   %idle
08時47分10秒    0   27.17    0.00   27.17    0.00    0.00    6.52    0.00    0.00    0.00   39.13
08時47分10秒    1   20.25    0.00   11.39    0.00    0.00    1.27    0.00    0.00    0.00   67.09

08時47分10秒  CPU    %usr   %nice    %sys %iowait    %irq   %soft  %steal  %guest  %gnice   %idle
08時47分11秒    0   31.11    0.00   21.11    0.00    0.00    5.56    0.00    0.00    0.00   42.22
08時47分11秒    1   19.51    0.00   12.20    0.00    0.00    1.22    0.00    0.00    0.00   67.07

08時47分11秒  CPU    %usr   %nice    %sys %iowait    %irq   %soft  %steal  %guest  %gnice   %idle
08時47分12秒    0   31.52    0.00   21.74    0.00    0.00    6.52    0.00    0.00    0.00   40.22
08時47分12秒    1   20.99    0.00    8.64    0.00    0.00    2.47    0.00    0.00    0.00   67.90

08時47分12秒  CPU    %usr   %nice    %sys %iowait    %irq   %soft  %steal  %guest  %gnice   %idle
08時47分13秒    0   31.87    0.00   23.08    0.00    0.00    5.49    0.00    0.00    0.00   39.56
08時47分13秒    1   23.46    0.00    8.64    0.00    0.00    1.23    0.00    0.00    0.00   66.67

08時47分13秒  CPU    %usr   %nice    %sys %iowait    %irq   %soft  %steal  %guest  %gnice   %idle
08時47分14秒    0   32.97    0.00   21.98    0.00    0.00    6.59    0.00    0.00    0.00   38.46
08時47分14秒    1   21.25    0.00   10.00    0.00    0.00    2.50    0.00    0.00    0.00   66.25

08時47分14秒  CPU    %usr   %nice    %sys %iowait    %irq   %soft  %steal  %guest  %gnice   %idle
08時47分15秒    0   27.78    0.00   23.33    0.00    0.00    6.67    0.00    0.00    0.00   42.22
08時47分15秒    1   22.50    0.00    7.50    0.00    0.00    1.25    0.00    0.00    0.00   68.75

08時47分15秒  CPU    %usr   %nice    %sys %iowait    %irq   %soft  %steal  %guest  %gnice   %idle
08時47分16秒    0   30.34    0.00   23.60    0.00    0.00    5.62    0.00    0.00    0.00   40.45
08時47分16秒    1   18.75    0.00   10.00    0.00    0.00    2.50    0.00    0.00    0.00   68.75

08時47分16秒  CPU    %usr   %nice    %sys %iowait    %irq   %soft  %steal  %guest  %gnice   %idle
08時47分17秒    0   35.16    0.00   17.58    0.00    0.00    6.59    0.00    0.00    0.00   40.66
08時47分17秒    1   20.00    0.00   11.25    0.00    0.00    1.25    0.00    0.00    0.00   67.50

08時47分17秒  CPU    %usr   %nice    %sys %iowait    %irq   %soft  %steal  %guest  %gnice   %idle
08時47分18秒    0   26.67    0.00   26.67    0.00    0.00    5.56    0.00    0.00    0.00   41.11
08時47分18秒    1   20.99    0.00   11.11    0.00    0.00    1.23    0.00    0.00    0.00   66.67

08時47分18秒  CPU    %usr   %nice    %sys %iowait    %irq   %soft  %steal  %guest  %gnice   %idle
08時47分19秒    0   33.33    0.00   22.22    0.00    0.00    6.67    0.00    0.00    0.00   37.78
08時47分19秒    1   20.99    0.00    8.64    0.00    1.23    2.47    0.00    0.00    0.00   66.67

08時47分19秒  CPU    %usr   %nice    %sys %iowait    %irq   %soft  %steal  %guest  %gnice   %idle
08時47分20秒    0   29.55    0.00   23.86    0.00    0.00    5.68    0.00    0.00    0.00   40.91
08時47分20秒    1   20.51    0.00    8.97    0.00    0.00    1.28    0.00    0.00    0.00   69.23

08時47分20秒  CPU    %usr   %nice    %sys %iowait    %irq   %soft  %steal  %guest  %gnice   %idle
08時47分21秒    0   38.71    0.00   19.35    0.00    0.00    6.45    0.00    0.00    0.00   35.48
08時47分21秒    1   21.95    0.00    9.76    0.00    0.00    2.44    0.00    0.00    0.00   65.85

08時47分21秒  CPU    %usr   %nice    %sys %iowait    %irq   %soft  %steal  %guest  %gnice   %idle
08時47分22秒    0   33.33    0.00   22.58    0.00    1.08    5.38    0.00    0.00    0.00   37.63
08時47分22秒    1   22.78    0.00    8.86    0.00    0.00    1.27    0.00    0.00    0.00   67.09

08時47分22秒  CPU    %usr   %nice    %sys %iowait    %irq   %soft  %steal  %guest  %gnice   %idle
08時47分23秒    0   31.52    0.00   20.65    0.00    0.00    6.52    0.00    0.00    0.00   41.30
08時47分23秒    1   20.48    0.00   10.84    0.00    0.00    2.41    0.00    0.00    0.00   66.27

08時47分23秒  CPU    %usr   %nice    %sys %iowait    %irq   %soft  %steal  %guest  %gnice   %idle
08時47分24秒    0   32.22    0.00   21.11    0.00    0.00    5.56    0.00    0.00    0.00   41.11
08時47分24秒    1   21.79    0.00    7.69    0.00    0.00    1.28    0.00    0.00    0.00   69.23

08時47分24秒  CPU    %usr   %nice    %sys %iowait    %irq   %soft  %steal  %guest  %gnice   %idle
08時47分25秒    0   32.97    0.00   21.98    0.00    0.00    6.59    0.00    0.00    0.00   38.46
08時47分25秒    1   22.22    0.00   11.11    0.00    0.00    1.23    0.00    0.00    0.00   65.43

08時47分25秒  CPU    %usr   %nice    %sys %iowait    %irq   %soft  %steal  %guest  %gnice   %idle
08時47分26秒    0   30.43    0.00   26.09    0.00    0.00    6.52    0.00    0.00    0.00   36.96
08時47分26秒    1   20.99    0.00   12.35    0.00    0.00    2.47    0.00    0.00    0.00   64.20

08時47分26秒  CPU    %usr   %nice    %sys %iowait    %irq   %soft  %steal  %guest  %gnice   %idle
08時47分27秒    0   34.41    0.00   22.58    0.00    0.00    5.38    0.00    0.00    0.00   37.63
08時47分27秒    1   20.73    0.00   12.20    0.00    0.00    1.22    0.00    0.00    0.00   65.85

08時47分27秒  CPU    %usr   %nice    %sys %iowait    %irq   %soft  %steal  %guest  %gnice   %idle
08時47分28秒    0   31.46    0.00   23.60    0.00    0.00    6.74    0.00    0.00    0.00   38.20
08時47分28秒    1   22.78    0.00    7.59    0.00    0.00    2.53    0.00    0.00    0.00   67.09

08時47分28秒  CPU    %usr   %nice    %sys %iowait    %irq   %soft  %steal  %guest  %gnice   %idle
08時47分29秒    0   34.04    0.00   21.28    0.00    0.00    5.32    0.00    0.00    0.00   39.36
08時47分29秒    1   23.08    0.00    7.69    0.00    0.00    1.28    0.00    0.00    0.00   67.95

08時47分29秒  CPU    %usr   %nice    %sys %iowait    %irq   %soft  %steal  %guest  %gnice   %idle
08時47分30秒    0   32.97    0.00   23.08    0.00    0.00    6.59    0.00    0.00    0.00   37.36
08時47分30秒    1   21.95    0.00   10.98    0.00    0.00    2.44    0.00    0.00    0.00   64.63

08時47分30秒  CPU    %usr   %nice    %sys %iowait    %irq   %soft  %steal  %guest  %gnice   %idle
08時47分31秒    0   33.33    0.00   22.58    0.00    0.00    6.45    0.00    0.00    0.00   37.63
08時47分31秒    1   18.99    0.00   10.13    0.00    0.00    1.27    0.00    0.00    0.00   69.62

08時47分31秒  CPU    %usr   %nice    %sys %iowait    %irq   %soft  %steal  %guest  %gnice   %idle
08時47分32秒    0   29.67    0.00   26.37    0.00    0.00    5.49    0.00    0.00    0.00   38.46
08時47分32秒    1   21.69    0.00   13.25    0.00    0.00    2.41    0.00    0.00    0.00   62.65

08時47分32秒  CPU    %usr   %nice    %sys %iowait    %irq   %soft  %steal  %guest  %gnice   %idle
08時47分33秒    0   32.61    0.00   21.74    0.00    0.00    6.52    0.00    0.00    0.00   39.13
08時47分33秒    1   22.50    0.00   10.00    0.00    0.00    1.25    0.00    0.00    0.00   66.25

08時47分33秒  CPU    %usr   %nice    %sys %iowait    %irq   %soft  %steal  %guest  %gnice   %idle
08時47分34秒    0   33.70    0.00   21.74    0.00    0.00    5.43    0.00    0.00    0.00   39.13
08時47分34秒    1   19.75    0.00   12.35    0.00    0.00    1.23    0.00    0.00    0.00   66.67

08時47分34秒  CPU    %usr   %nice    %sys %iowait    %irq   %soft  %steal  %guest  %gnice   %idle
08時47分35秒    0   30.77    0.00   23.08    0.00    0.00    6.59    0.00    0.00    0.00   39.56
08時47分35秒    1   22.89    0.00    8.43    0.00    0.00    2.41    0.00    0.00    0.00   66.27

08時47分35秒  CPU    %usr   %nice    %sys %iowait    %irq   %soft  %steal  %guest  %gnice   %idle
08時47分36秒    0   30.34    0.00   21.35    0.00    0.00    5.62    0.00    0.00    0.00   42.70
08時47分36秒    1   21.25    0.00   10.00    0.00    0.00    1.25    0.00    0.00    0.00   67.50

08時47分36秒  CPU    %usr   %nice    %sys %iowait    %irq   %soft  %steal  %guest  %gnice   %idle
08時47分37秒    0   30.11    0.00   24.73    0.00    0.00    6.45    0.00    0.00    0.00   38.71
08時47分37秒    1   24.10    0.00    9.64    0.00    0.00    2.41    0.00    0.00    0.00   63.86

08時47分37秒  CPU    %usr   %nice    %sys %iowait    %irq   %soft  %steal  %guest  %gnice   %idle
08時47分38秒    0   30.34    0.00   23.60    0.00    0.00    6.74    0.00    0.00    0.00   39.33
08時47分38秒    1   21.52    0.00   10.13    0.00    0.00    1.27    0.00    0.00    0.00   67.09

08時47分38秒  CPU    %usr   %nice    %sys %iowait    %irq   %soft  %steal  %guest  %gnice   %idle
08時47分39秒    0   35.87    0.00   22.83    0.00    0.00    5.43    0.00    0.00    0.00   35.87
08時47分39秒    1   19.75    0.00   12.35    0.00    0.00    2.47    0.00    0.00    0.00   65.43

08時47分39秒  CPU    %usr   %nice    %sys %iowait    %irq   %soft  %steal  %guest  %gnice   %idle
08時47分40秒    0   28.89    0.00   24.44    0.00    0.00    6.67    0.00    0.00    0.00   40.00
08時47分40秒    1   23.17    0.00   10.98    0.00    0.00    1.22    0.00    0.00    0.00   64.63

08時47分40秒  CPU    %usr   %nice    %sys %iowait    %irq   %soft  %steal  %guest  %gnice   %idle
08時47分41秒    0   31.18    0.00   24.73    0.00    0.00    5.38    0.00    0.00    0.00   38.71
08時47分41秒    1   20.00    0.00   10.00    0.00    0.00    2.50    0.00    0.00    0.00   67.50

08時47分41秒  CPU    %usr   %nice    %sys %iowait    %irq   %soft  %steal  %guest  %gnice   %idle
08時47分42秒    0   30.43    0.00   22.83    0.00    1.09    6.52    0.00    0.00    0.00   39.13
08時47分42秒    1   22.50    0.00    8.75    0.00    0.00    1.25    0.00    0.00    0.00   67.50

08時47分42秒  CPU    %usr   %nice    %sys %iowait    %irq   %soft  %steal  %guest  %gnice   %idle
08時47分43秒    0   32.61    0.00   20.65    0.00    0.00    5.43    0.00    0.00    0.00   41.30
08時47分43秒    1   24.05    0.00    5.06    0.00    0.00    1.27    0.00    0.00    0.00   69.62

08時47分43秒  CPU    %usr   %nice    %sys %iowait    %irq   %soft  %steal  %guest  %gnice   %idle
08時47分44秒    0   31.52    0.00   25.00    0.00    0.00    6.52    0.00    0.00    0.00   36.96
08時47分44秒    1   20.00    0.00   10.00    0.00    0.00    2.50    0.00    0.00    0.00   67.50

08時47分44秒  CPU    %usr   %nice    %sys %iowait    %irq   %soft  %steal  %guest  %gnice   %idle
08時47分45秒    0   28.72    0.00   25.53    0.00    0.00    5.32    0.00    0.00    0.00   40.43
08時47分45秒    1   21.52    0.00   10.13    0.00    0.00    1.27    0.00    0.00    0.00   67.09

平均時間：  CPU    %usr   %nice    %sys %iowait    %irq   %soft  %steal  %guest  %gnice   %idle
平均時間：    0   31.49    0.00   23.20    0.00    0.05    6.02    0.00    0.00    0.00   39.24
平均時間：    1   21.15    0.00    9.75    0.00    0.04    1.77    0.00    0.00    0.00   67.29
