Linux 5.6.15-arch1-1 (archlinux) 	西元2020年06月29日 	_x86_64_	(12 CPU)

08時30分03秒  CPU    %usr   %nice    %sys %iowait    %irq   %soft  %steal  %guest  %gnice   %idle
08時30分04秒    0   28.72    0.00   22.34    0.00    0.00    5.32    0.00    0.00    0.00   43.62
08時30分04秒    1   20.25    0.00    8.86    0.00    0.00    1.27    0.00    0.00    0.00   69.62

08時30分04秒  CPU    %usr   %nice    %sys %iowait    %irq   %soft  %steal  %guest  %gnice   %idle
08時30分05秒    0   30.85    0.00   21.28    0.00    0.00    5.32    0.00    0.00    0.00   42.55
08時30分05秒    1   21.69    0.00    9.64    0.00    0.00    2.41    0.00    0.00    0.00   66.27

08時30分05秒  CPU    %usr   %nice    %sys %iowait    %irq   %soft  %steal  %guest  %gnice   %idle
08時30分06秒    0   26.60    0.00   25.53    0.00    0.00    5.32    0.00    0.00    0.00   42.55
08時30分06秒    1   17.72    0.00   11.39    0.00    0.00    1.27    0.00    0.00    0.00   69.62

08時30分06秒  CPU    %usr   %nice    %sys %iowait    %irq   %soft  %steal  %guest  %gnice   %idle
08時30分07秒    0   29.17    0.00   26.04    0.00    0.00    5.21    0.00    0.00    0.00   39.58
08時30分07秒    1   18.99    0.00   10.13    0.00    0.00    1.27    0.00    0.00    0.00   69.62

08時30分07秒  CPU    %usr   %nice    %sys %iowait    %irq   %soft  %steal  %guest  %gnice   %idle
08時30分08秒    0   30.11    0.00   22.58    0.00    0.00    5.38    0.00    0.00    0.00   41.94
08時30分08秒    1   22.78    0.00    6.33    0.00    0.00    2.53    0.00    0.00    0.00   68.35

08時30分08秒  CPU    %usr   %nice    %sys %iowait    %irq   %soft  %steal  %guest  %gnice   %idle
08時30分09秒    0   31.58    0.00   20.00    0.00    0.00    5.26    0.00    0.00    0.00   43.16
08時30分09秒    1   21.25    0.00    8.75    0.00    0.00    1.25    0.00    0.00    0.00   68.75

08時30分09秒  CPU    %usr   %nice    %sys %iowait    %irq   %soft  %steal  %guest  %gnice   %idle
08時30分10秒    0   26.88    0.00   23.66    0.00    0.00    5.38    0.00    0.00    0.00   44.09
08時30分10秒    1   18.07    0.00   12.05    0.00    0.00    2.41    0.00    0.00    0.00   67.47

08時30分10秒  CPU    %usr   %nice    %sys %iowait    %irq   %soft  %steal  %guest  %gnice   %idle
08時30分11秒    0   28.12    0.00   25.00    0.00    0.00    6.25    0.00    0.00    0.00   40.62
08時30分11秒    1   20.25    0.00   10.13    0.00    0.00    1.27    0.00    0.00    0.00   68.35

08時30分11秒  CPU    %usr   %nice    %sys %iowait    %irq   %soft  %steal  %guest  %gnice   %idle
08時30分12秒    0   34.78    0.00   18.48    0.00    0.00    5.43    0.00    0.00    0.00   41.30
08時30分12秒    1   21.79    0.00    8.97    0.00    0.00    1.28    0.00    0.00    0.00   67.95

08時30分12秒  CPU    %usr   %nice    %sys %iowait    %irq   %soft  %steal  %guest  %gnice   %idle
08時30分13秒    0   26.32    0.00   24.21    0.00    0.00    5.26    0.00    0.00    0.00   44.21
08時30分13秒    1   18.29    0.00    9.76    0.00    0.00    2.44    0.00    0.00    0.00   69.51

08時30分13秒  CPU    %usr   %nice    %sys %iowait    %irq   %soft  %steal  %guest  %gnice   %idle
08時30分14秒    0   31.52    0.00   19.57    0.00    0.00    5.43    0.00    0.00    0.00   43.48
08時30分14秒    1   21.25    0.00    8.75    0.00    0.00    1.25    0.00    0.00    0.00   68.75

08時30分14秒  CPU    %usr   %nice    %sys %iowait    %irq   %soft  %steal  %guest  %gnice   %idle
08時30分15秒    0   28.87    0.00   24.74    0.00    0.00    5.15    0.00    0.00    0.00   41.24
08時30分15秒    1   22.50    0.00    7.50    0.00    0.00    2.50    0.00    0.00    0.00   67.50

08時30分15秒  CPU    %usr   %nice    %sys %iowait    %irq   %soft  %steal  %guest  %gnice   %idle
08時30分16秒    0   24.18    0.00   25.27    0.00    0.00    5.49    0.00    0.00    0.00   45.05
08時30分16秒    1   20.73    0.00    9.76    0.00    0.00    1.22    0.00    0.00    0.00   68.29

08時30分16秒  CPU    %usr   %nice    %sys %iowait    %irq   %soft  %steal  %guest  %gnice   %idle
08時30分17秒    0   28.72    0.00   21.28    0.00    0.00    5.32    0.00    0.00    0.00   44.68
08時30分17秒    1   21.25    0.00    7.50    0.00    0.00    1.25    0.00    0.00    0.00   70.00

08時30分17秒  CPU    %usr   %nice    %sys %iowait    %irq   %soft  %steal  %guest  %gnice   %idle
08時30分18秒    0   31.58    0.00   21.05    0.00    0.00    5.26    0.00    0.00    0.00   42.11
08時30分18秒    1   17.95    0.00   10.26    0.00    0.00    2.56    0.00    0.00    0.00   69.23

08時30分18秒  CPU    %usr   %nice    %sys %iowait    %irq   %soft  %steal  %guest  %gnice   %idle
08時30分19秒    0   28.57    0.00   24.18    0.00    0.00    5.49    0.00    0.00    0.00   41.76
08時30分19秒    1   20.99    0.00   11.11    0.00    1.23    1.23    0.00    0.00    0.00   65.43

08時30分19秒  CPU    %usr   %nice    %sys %iowait    %irq   %soft  %steal  %guest  %gnice   %idle
08時30分20秒    0   31.91    0.00   20.21    0.00    0.00    5.32    0.00    0.00    0.00   42.55
08時30分20秒    1   23.17    0.00    8.54    0.00    0.00    2.44    0.00    0.00    0.00   65.85

08時30分20秒  CPU    %usr   %nice    %sys %iowait    %irq   %soft  %steal  %guest  %gnice   %idle
08時30分21秒    0   33.33    0.00   17.71    0.00    0.00    6.25    0.00    0.00    0.00   42.71
08時30分21秒    1   19.51    0.00   10.98    0.00    0.00    1.22    0.00    0.00    0.00   68.29

08時30分21秒  CPU    %usr   %nice    %sys %iowait    %irq   %soft  %steal  %guest  %gnice   %idle
08時30分22秒    0   29.79    0.00   23.40    0.00    0.00    5.32    0.00    0.00    0.00   41.49
08時30分22秒    1   20.00    0.00   11.25    0.00    0.00    1.25    0.00    0.00    0.00   67.50

08時30分22秒  CPU    %usr   %nice    %sys %iowait    %irq   %soft  %steal  %guest  %gnice   %idle
08時30分23秒    0   32.26    0.00   21.51    0.00    0.00    5.38    0.00    0.00    0.00   40.86
08時30分23秒    1   21.25    0.00   11.25    0.00    0.00    2.50    0.00    0.00    0.00   65.00

08時30分23秒  CPU    %usr   %nice    %sys %iowait    %irq   %soft  %steal  %guest  %gnice   %idle
08時30分24秒    0   25.26    0.00   26.32    0.00    1.05    5.26    0.00    0.00    0.00   42.11
08時30分24秒    1   18.52    0.00   12.35    0.00    0.00    1.23    0.00    0.00    0.00   67.90

08時30分24秒  CPU    %usr   %nice    %sys %iowait    %irq   %soft  %steal  %guest  %gnice   %idle
08時30分25秒    0   29.03    0.00   22.58    0.00    0.00    5.38    0.00    0.00    0.00   43.01
08時30分25秒    1   21.25    0.00    8.75    0.00    0.00    2.50    0.00    0.00    0.00   67.50

08時30分25秒  CPU    %usr   %nice    %sys %iowait    %irq   %soft  %steal  %guest  %gnice   %idle
08時30分26秒    0   29.47    0.00   22.11    0.00    0.00    5.26    0.00    0.00    0.00   43.16
08時30分26秒    1   17.50    0.00   11.25    0.00    0.00    1.25    0.00    0.00    0.00   70.00

08時30分26秒  CPU    %usr   %nice    %sys %iowait    %irq   %soft  %steal  %guest  %gnice   %idle
08時30分27秒    0   30.85    0.00   22.34    0.00    0.00    5.32    0.00    0.00    0.00   41.49
08時30分27秒    1   22.22    0.00    8.64    0.00    0.00    1.23    0.00    0.00    0.00   67.90

08時30分27秒  CPU    %usr   %nice    %sys %iowait    %irq   %soft  %steal  %guest  %gnice   %idle
08時30分28秒    0   26.60    0.00   25.53    0.00    0.00    5.32    0.00    0.00    0.00   42.55
08時30分28秒    1   19.75    0.00   11.11    0.00    0.00    2.47    0.00    0.00    0.00   66.67

08時30分28秒  CPU    %usr   %nice    %sys %iowait    %irq   %soft  %steal  %guest  %gnice   %idle
08時30分29秒    0   26.60    0.00   25.53    0.00    0.00    5.32    0.00    0.00    0.00   42.55
08時30分29秒    1   22.50    0.00    7.50    0.00    0.00    1.25    0.00    0.00    0.00   68.75

08時30分29秒  CPU    %usr   %nice    %sys %iowait    %irq   %soft  %steal  %guest  %gnice   %idle
08時30分30秒    0   31.18    0.00   21.51    0.00    0.00    6.45    0.00    0.00    0.00   40.86
08時30分30秒    1   20.99    0.00    8.64    0.00    1.23    2.47    0.00    0.00    0.00   66.67

08時30分30秒  CPU    %usr   %nice    %sys %iowait    %irq   %soft  %steal  %guest  %gnice   %idle
08時30分31秒    0   33.70    0.00   19.57    0.00    0.00    5.43    0.00    0.00    0.00   41.30
08時30分31秒    1   19.23    0.00   10.26    0.00    0.00    1.28    0.00    0.00    0.00   69.23

08時30分31秒  CPU    %usr   %nice    %sys %iowait    %irq   %soft  %steal  %guest  %gnice   %idle
08時30分32秒    0   27.37    0.00   26.32    0.00    0.00    5.26    0.00    0.00    0.00   41.05
08時30分32秒    1   23.17    0.00    8.54    0.00    0.00    2.44    0.00    0.00    0.00   65.85

08時30分32秒  CPU    %usr   %nice    %sys %iowait    %irq   %soft  %steal  %guest  %gnice   %idle
08時30分33秒    0   30.85    0.00   21.28    0.00    0.00    5.32    0.00    0.00    0.00   42.55
08時30分33秒    1   23.75    0.00    7.50    0.00    0.00    1.25    0.00    0.00    0.00   67.50

08時30分33秒  CPU    %usr   %nice    %sys %iowait    %irq   %soft  %steal  %guest  %gnice   %idle
08時30分34秒    0   24.47    0.00   28.72    0.00    0.00    5.32    0.00    0.00    0.00   41.49
08時30分34秒    1   16.25    0.00   15.00    0.00    0.00    1.25    0.00    0.00    0.00   67.50

08時30分34秒  CPU    %usr   %nice    %sys %iowait    %irq   %soft  %steal  %guest  %gnice   %idle
08時30分35秒    0   30.11    0.00   20.43    0.00    0.00    5.38    0.00    0.00    0.00   44.09
08時30分35秒    1   22.22    0.00    7.41    0.00    0.00    2.47    0.00    0.00    0.00   67.90

08時30分35秒  CPU    %usr   %nice    %sys %iowait    %irq   %soft  %steal  %guest  %gnice   %idle
08時30分36秒    0   29.47    0.00   23.16    0.00    0.00    5.26    0.00    0.00    0.00   42.11
08時30分36秒    1   20.25    0.00    8.86    0.00    0.00    1.27    0.00    0.00    0.00   69.62

08時30分36秒  CPU    %usr   %nice    %sys %iowait    %irq   %soft  %steal  %guest  %gnice   %idle
08時30分37秒    0   27.66    0.00   22.34    0.00    0.00    5.32    0.00    0.00    0.00   44.68
08時30分37秒    1   16.25    0.00   11.25    0.00    0.00    2.50    0.00    0.00    0.00   70.00

08時30分37秒  CPU    %usr   %nice    %sys %iowait    %irq   %soft  %steal  %guest  %gnice   %idle
08時30分38秒    0   26.88    0.00   23.66    0.00    0.00    6.45    0.00    0.00    0.00   43.01
08時30分38秒    1   20.73    0.00   10.98    0.00    0.00    1.22    0.00    0.00    0.00   67.07

08時30分38秒  CPU    %usr   %nice    %sys %iowait    %irq   %soft  %steal  %guest  %gnice   %idle
08時30分39秒    0   31.18    0.00   19.35    0.00    0.00    5.38    0.00    0.00    0.00   44.09
08時30分39秒    1   20.99    0.00    8.64    0.00    0.00    1.23    0.00    0.00    0.00   69.14

08時30分39秒  CPU    %usr   %nice    %sys %iowait    %irq   %soft  %steal  %guest  %gnice   %idle
08時30分40秒    0   26.60    0.00   25.53    0.00    0.00    5.32    0.00    0.00    0.00   42.55
08時30分40秒    1   19.75    0.00    9.88    0.00    0.00    2.47    0.00    0.00    0.00   67.90

08時30分40秒  CPU    %usr   %nice    %sys %iowait    %irq   %soft  %steal  %guest  %gnice   %idle
08時30分41秒    0   32.98    0.00   19.15    0.00    0.00    5.32    0.00    0.00    0.00   42.55
08時30分41秒    1   25.00    0.00    7.50    0.00    0.00    1.25    0.00    0.00    0.00   66.25

08時30分41秒  CPU    %usr   %nice    %sys %iowait    %irq   %soft  %steal  %guest  %gnice   %idle
08時30分42秒    0   26.88    0.00   24.73    0.00    0.00    5.38    0.00    0.00    0.00   43.01
08時30分42秒    1   21.25    0.00    8.75    0.00    0.00    2.50    0.00    0.00    0.00   67.50

08時30分42秒  CPU    %usr   %nice    %sys %iowait    %irq   %soft  %steal  %guest  %gnice   %idle
08時30分43秒    0   32.98    0.00   22.34    0.00    0.00    5.32    0.00    0.00    0.00   39.36
08時30分43秒    1   20.00    0.00   10.00    0.00    0.00    1.25    0.00    0.00    0.00   68.75

08時30分43秒  CPU    %usr   %nice    %sys %iowait    %irq   %soft  %steal  %guest  %gnice   %idle
08時30分44秒    0   26.60    0.00   25.53    0.00    1.06    5.32    0.00    0.00    0.00   41.49
08時30分44秒    1   20.25    0.00   10.13    0.00    0.00    1.27    0.00    0.00    0.00   68.35

08時30分44秒  CPU    %usr   %nice    %sys %iowait    %irq   %soft  %steal  %guest  %gnice   %idle
08時30分45秒    0   29.47    0.00   24.21    0.00    0.00    5.26    0.00    0.00    0.00   41.05
08時30分45秒    1   22.50    0.00    8.75    0.00    0.00    2.50    0.00    0.00    0.00   66.25

08時30分45秒  CPU    %usr   %nice    %sys %iowait    %irq   %soft  %steal  %guest  %gnice   %idle
08時30分46秒    0   31.52    0.00   19.57    0.00    0.00    5.43    0.00    0.00    0.00   43.48
08時30分46秒    1   22.50    0.00    7.50    0.00    0.00    1.25    0.00    0.00    0.00   68.75

08時30分46秒  CPU    %usr   %nice    %sys %iowait    %irq   %soft  %steal  %guest  %gnice   %idle
08時30分47秒    0   26.88    0.00   23.66    0.00    0.00    5.38    0.00    0.00    0.00   44.09
08時30分47秒    1   20.73    0.00    8.54    0.00    0.00    2.44    0.00    0.00    0.00   68.29

08時30分47秒  CPU    %usr   %nice    %sys %iowait    %irq   %soft  %steal  %guest  %gnice   %idle
08時30分48秒    0   27.66    0.00   24.47    0.00    0.00    6.38    0.00    0.00    0.00   41.49
08時30分48秒    1   22.50    0.00    8.75    0.00    0.00    1.25    0.00    0.00    0.00   67.50

08時30分48秒  CPU    %usr   %nice    %sys %iowait    %irq   %soft  %steal  %guest  %gnice   %idle
08時30分49秒    0   29.03    0.00   22.58    0.00    0.00    5.38    0.00    0.00    0.00   43.01
08時30分49秒    1   17.95    0.00   11.54    0.00    0.00    1.28    0.00    0.00    0.00   69.23

08時30分49秒  CPU    %usr   %nice    %sys %iowait    %irq   %soft  %steal  %guest  %gnice   %idle
08時30分50秒    0   25.81    0.00   26.88    0.00    0.00    5.38    0.00    0.00    0.00   41.94
08時30分50秒    1   22.50    0.00    7.50    0.00    0.00    2.50    0.00    0.00    0.00   67.50

08時30分50秒  CPU    %usr   %nice    %sys %iowait    %irq   %soft  %steal  %guest  %gnice   %idle
08時30分51秒    0   27.96    0.00   21.51    0.00    0.00    5.38    0.00    0.00    0.00   45.16
08時30分51秒    1   21.95    0.00    8.54    0.00    0.00    1.22    0.00    0.00    0.00   68.29

08時30分51秒  CPU    %usr   %nice    %sys %iowait    %irq   %soft  %steal  %guest  %gnice   %idle
08時30分52秒    0   31.91    0.00   20.21    0.00    0.00    5.32    0.00    0.00    0.00   42.55
08時30分52秒    1   22.50    0.00    7.50    0.00    0.00    2.50    0.00    0.00    0.00   67.50

08時30分52秒  CPU    %usr   %nice    %sys %iowait    %irq   %soft  %steal  %guest  %gnice   %idle
08時30分53秒    0   29.03    0.00   24.73    0.00    0.00    5.38    0.00    0.00    0.00   40.86
08時30分53秒    1   21.25    0.00   10.00    0.00    0.00    1.25    0.00    0.00    0.00   67.50

08時30分53秒  CPU    %usr   %nice    %sys %iowait    %irq   %soft  %steal  %guest  %gnice   %idle
08時30分54秒    0   31.52    0.00   18.48    0.00    0.00    5.43    0.00    0.00    0.00   44.57
08時30分54秒    1   19.75    0.00    9.88    0.00    0.00    2.47    0.00    0.00    0.00   67.90

08時30分54秒  CPU    %usr   %nice    %sys %iowait    %irq   %soft  %steal  %guest  %gnice   %idle
08時30分55秒    0   29.17    0.00   22.92    0.00    0.00    6.25    0.00    0.00    0.00   41.67
08時30分55秒    1   20.73    0.00   10.98    0.00    0.00    1.22    0.00    0.00    0.00   67.07

08時30分55秒  CPU    %usr   %nice    %sys %iowait    %irq   %soft  %steal  %guest  %gnice   %idle
08時30分56秒    0   30.11    0.00   20.43    0.00    0.00    5.38    0.00    0.00    0.00   44.09
08時30分56秒    1   21.52    0.00    7.59    0.00    0.00    1.27    0.00    0.00    0.00   69.62

08時30分56秒  CPU    %usr   %nice    %sys %iowait    %irq   %soft  %steal  %guest  %gnice   %idle
08時30分57秒    0   31.91    0.00   19.15    0.00    0.00    5.32    0.00    0.00    0.00   43.62
08時30分57秒    1   19.75    0.00    8.64    0.00    0.00    2.47    0.00    0.00    0.00   69.14

08時30分57秒  CPU    %usr   %nice    %sys %iowait    %irq   %soft  %steal  %guest  %gnice   %idle
08時30分58秒    0   28.26    0.00   23.91    0.00    0.00    5.43    0.00    0.00    0.00   42.39
08時30分58秒    1   21.25    0.00   10.00    0.00    0.00    1.25    0.00    0.00    0.00   67.50

08時30分58秒  CPU    %usr   %nice    %sys %iowait    %irq   %soft  %steal  %guest  %gnice   %idle
08時30分59秒    0   30.11    0.00   23.66    0.00    0.00    5.38    0.00    0.00    0.00   40.86
08時30分59秒    1   22.22    0.00    7.41    0.00    0.00    2.47    0.00    0.00    0.00   67.90

08時30分59秒  CPU    %usr   %nice    %sys %iowait    %irq   %soft  %steal  %guest  %gnice   %idle
08時31分00秒    0   27.37    0.00   25.26    0.00    0.00    5.26    0.00    0.00    0.00   42.11
08時31分00秒    1   18.75    0.00   12.50    0.00    0.00    1.25    0.00    0.00    0.00   67.50

08時31分00秒  CPU    %usr   %nice    %sys %iowait    %irq   %soft  %steal  %guest  %gnice   %idle
08時31分01秒    0   30.85    0.00   21.28    0.00    0.00    5.32    0.00    0.00    0.00   42.55
08時31分01秒    1   21.52    0.00    7.59    0.00    0.00    1.27    0.00    0.00    0.00   69.62

08時31分01秒  CPU    %usr   %nice    %sys %iowait    %irq   %soft  %steal  %guest  %gnice   %idle
08時31分02秒    0   30.85    0.00   22.34    0.00    0.00    5.32    0.00    0.00    0.00   41.49
08時31分02秒    1   21.95    0.00    8.54    0.00    0.00    2.44    0.00    0.00    0.00   67.07

08時31分02秒  CPU    %usr   %nice    %sys %iowait    %irq   %soft  %steal  %guest  %gnice   %idle
08時31分03秒    0   27.66    0.00   24.47    0.00    0.00    5.32    0.00    0.00    0.00   42.55
08時31分03秒    1   21.52    0.00    8.86    0.00    0.00    1.27    0.00    0.00    0.00   68.35

08時31分03秒  CPU    %usr   %nice    %sys %iowait    %irq   %soft  %steal  %guest  %gnice   %idle
08時31分04秒    0   29.79    0.00   21.28    0.00    0.00    5.32    0.00    0.00    0.00   43.62
08時31分04秒    1   19.28    0.00   10.84    0.00    0.00    2.41    0.00    0.00    0.00   67.47

08時31分04秒  CPU    %usr   %nice    %sys %iowait    %irq   %soft  %steal  %guest  %gnice   %idle
08時31分05秒    0   28.72    0.00   21.28    0.00    1.06    5.32    0.00    0.00    0.00   43.62
08時31分05秒    1   20.00    0.00   10.00    0.00    0.00    1.25    0.00    0.00    0.00   68.75

08時31分05秒  CPU    %usr   %nice    %sys %iowait    %irq   %soft  %steal  %guest  %gnice   %idle
08時31分06秒    0   30.85    0.00   21.28    0.00    0.00    6.38    0.00    0.00    0.00   41.49
08時31分06秒    1   24.05    0.00    7.59    0.00    0.00    1.27    0.00    0.00    0.00   67.09

08時31分06秒  CPU    %usr   %nice    %sys %iowait    %irq   %soft  %steal  %guest  %gnice   %idle
08時31分07秒    0   29.03    0.00   22.58    0.00    0.00    5.38    0.00    0.00    0.00   43.01
08時31分07秒    1   19.51    0.00   10.98    0.00    0.00    2.44    0.00    0.00    0.00   67.07

08時31分07秒  CPU    %usr   %nice    %sys %iowait    %irq   %soft  %steal  %guest  %gnice   %idle
08時31分08秒    0   35.79    0.00   18.95    0.00    0.00    5.26    0.00    0.00    0.00   40.00
08時31分08秒    1   22.22    0.00    9.88    0.00    1.23    1.23    0.00    0.00    0.00   65.43

08時31分08秒  CPU    %usr   %nice    %sys %iowait    %irq   %soft  %steal  %guest  %gnice   %idle
08時31分09秒    0   28.72    0.00   24.47    0.00    0.00    5.32    0.00    0.00    0.00   41.49
08時31分09秒    1   21.25    0.00   10.00    0.00    0.00    2.50    0.00    0.00    0.00   66.25

08時31分09秒  CPU    %usr   %nice    %sys %iowait    %irq   %soft  %steal  %guest  %gnice   %idle
08時31分10秒    0   26.32    0.00   27.37    0.00    0.00    5.26    0.00    0.00    0.00   41.05
08時31分10秒    1   19.75    0.00   11.11    0.00    0.00    1.23    0.00    0.00    0.00   67.90

08時31分10秒  CPU    %usr   %nice    %sys %iowait    %irq   %soft  %steal  %guest  %gnice   %idle
08時31分11秒    0   32.26    0.00   20.43    0.00    0.00    6.45    0.00    0.00    0.00   40.86
08時31分11秒    1   18.52    0.00   11.11    0.00    0.00    2.47    0.00    0.00    0.00   67.90

08時31分11秒  CPU    %usr   %nice    %sys %iowait    %irq   %soft  %steal  %guest  %gnice   %idle
08時31分12秒    0   31.58    0.00   20.00    0.00    0.00    5.26    0.00    0.00    0.00   43.16
08時31分12秒    1   23.46    0.00    7.41    0.00    0.00    1.23    0.00    0.00    0.00   67.90

08時31分12秒  CPU    %usr   %nice    %sys %iowait    %irq   %soft  %steal  %guest  %gnice   %idle
08時31分13秒    0   27.78    0.00   22.22    0.00    0.00    5.56    0.00    0.00    0.00   44.44
08時31分13秒    1   21.25    0.00    8.75    0.00    0.00    1.25    0.00    0.00    0.00   68.75

08時31分13秒  CPU    %usr   %nice    %sys %iowait    %irq   %soft  %steal  %guest  %gnice   %idle
08時31分14秒    0   24.47    0.00   28.72    0.00    0.00    5.32    0.00    0.00    0.00   41.49
08時31分14秒    1   24.10    0.00    9.64    0.00    0.00    2.41    0.00    0.00    0.00   63.86

08時31分14秒  CPU    %usr   %nice    %sys %iowait    %irq   %soft  %steal  %guest  %gnice   %idle
08時31分15秒    0   28.26    0.00   23.91    0.00    0.00    5.43    0.00    0.00    0.00   42.39
08時31分15秒    1   20.51    0.00    7.69    0.00    0.00    1.28    0.00    0.00    0.00   70.51

08時31分15秒  CPU    %usr   %nice    %sys %iowait    %irq   %soft  %steal  %guest  %gnice   %idle
08時31分16秒    0   28.72    0.00   23.40    0.00    0.00    5.32    0.00    0.00    0.00   42.55
08時31分16秒    1   19.23    0.00   10.26    0.00    0.00    2.56    0.00    0.00    0.00   67.95

08時31分16秒  CPU    %usr   %nice    %sys %iowait    %irq   %soft  %steal  %guest  %gnice   %idle
08時31分17秒    0   32.26    0.00   22.58    0.00    0.00    5.38    0.00    0.00    0.00   39.78
08時31分17秒    1   22.50    0.00    7.50    0.00    0.00    1.25    0.00    0.00    0.00   68.75

08時31分17秒  CPU    %usr   %nice    %sys %iowait    %irq   %soft  %steal  %guest  %gnice   %idle
08時31分18秒    0   27.66    0.00   23.40    0.00    0.00    5.32    0.00    0.00    0.00   43.62
08時31分18秒    1   21.25    0.00    8.75    0.00    0.00    1.25    0.00    0.00    0.00   68.75

08時31分18秒  CPU    %usr   %nice    %sys %iowait    %irq   %soft  %steal  %guest  %gnice   %idle
08時31分19秒    0   31.58    0.00   21.05    0.00    0.00    5.26    0.00    0.00    0.00   42.11
08時31分19秒    1   21.95    0.00    7.32    0.00    0.00    2.44    0.00    0.00    0.00   68.29

08時31分19秒  CPU    %usr   %nice    %sys %iowait    %irq   %soft  %steal  %guest  %gnice   %idle
08時31分20秒    0   27.37    0.00   24.21    0.00    0.00    6.32    0.00    0.00    0.00   42.11
08時31分20秒    1   19.23    0.00    8.97    0.00    0.00    1.28    0.00    0.00    0.00   70.51

08時31分20秒  CPU    %usr   %nice    %sys %iowait    %irq   %soft  %steal  %guest  %gnice   %idle
08時31分21秒    0   29.03    0.00   24.73    0.00    0.00    5.38    0.00    0.00    0.00   40.86
08時31分21秒    1   18.52    0.00   12.35    0.00    0.00    2.47    0.00    0.00    0.00   66.67

08時31分21秒  CPU    %usr   %nice    %sys %iowait    %irq   %soft  %steal  %guest  %gnice   %idle
08時31分22秒    0   31.58    0.00   20.00    0.00    0.00    5.26    0.00    0.00    0.00   43.16
08時31分22秒    1   20.25    0.00    8.86    0.00    0.00    1.27    0.00    0.00    0.00   69.62

08時31分22秒  CPU    %usr   %nice    %sys %iowait    %irq   %soft  %steal  %guest  %gnice   %idle
08時31分23秒    0   28.72    0.00   24.47    0.00    0.00    5.32    0.00    0.00    0.00   41.49
08時31分23秒    1   23.17    0.00   10.98    0.00    0.00    1.22    0.00    0.00    0.00   64.63

08時31分23秒  CPU    %usr   %nice    %sys %iowait    %irq   %soft  %steal  %guest  %gnice   %idle
08時31分24秒    0   29.03    0.00   23.66    0.00    0.00    5.38    0.00    0.00    0.00   41.94
08時31分24秒    1   20.99    0.00    8.64    0.00    0.00    2.47    0.00    0.00    0.00   67.90

08時31分24秒  CPU    %usr   %nice    %sys %iowait    %irq   %soft  %steal  %guest  %gnice   %idle
08時31分25秒    0   26.60    0.00   23.40    0.00    1.06    5.32    0.00    0.00    0.00   43.62
08時31分25秒    1   20.00    0.00   10.00    0.00    0.00    1.25    0.00    0.00    0.00   68.75

08時31分25秒  CPU    %usr   %nice    %sys %iowait    %irq   %soft  %steal  %guest  %gnice   %idle
08時31分26秒    0   31.58    0.00   21.05    0.00    0.00    5.26    0.00    0.00    0.00   42.11
08時31分26秒    1   18.75    0.00   10.00    0.00    0.00    2.50    0.00    0.00    0.00   68.75

08時31分26秒  CPU    %usr   %nice    %sys %iowait    %irq   %soft  %steal  %guest  %gnice   %idle
08時31分27秒    0   30.11    0.00   22.58    0.00    0.00    5.38    0.00    0.00    0.00   41.94
08時31分27秒    1   23.46    0.00    7.41    0.00    0.00    1.23    0.00    0.00    0.00   67.90

08時31分27秒  CPU    %usr   %nice    %sys %iowait    %irq   %soft  %steal  %guest  %gnice   %idle
08時31分28秒    0   29.47    0.00   24.21    0.00    0.00    6.32    0.00    0.00    0.00   40.00
08時31分28秒    1   22.78    0.00    7.59    0.00    0.00    1.27    0.00    0.00    0.00   68.35

08時31分28秒  CPU    %usr   %nice    %sys %iowait    %irq   %soft  %steal  %guest  %gnice   %idle
08時31分29秒    0   31.58    0.00   21.05    0.00    0.00    5.26    0.00    0.00    0.00   42.11
08時31分29秒    1   20.99    0.00    9.88    0.00    0.00    2.47    0.00    0.00    0.00   66.67

08時31分29秒  CPU    %usr   %nice    %sys %iowait    %irq   %soft  %steal  %guest  %gnice   %idle
08時31分30秒    0   29.67    0.00   19.78    0.00    0.00    5.49    0.00    0.00    0.00   45.05
08時31分30秒    1   18.99    0.00    8.86    0.00    0.00    1.27    0.00    0.00    0.00   70.89

08時31分30秒  CPU    %usr   %nice    %sys %iowait    %irq   %soft  %steal  %guest  %gnice   %idle
08時31分31秒    0   31.18    0.00   23.66    0.00    0.00    5.38    0.00    0.00    0.00   39.78
08時31分31秒    1   23.17    0.00    9.76    0.00    0.00    2.44    0.00    0.00    0.00   64.63

08時31分31秒  CPU    %usr   %nice    %sys %iowait    %irq   %soft  %steal  %guest  %gnice   %idle
08時31分32秒    0   32.26    0.00   19.35    0.00    0.00    5.38    0.00    0.00    0.00   43.01
08時31分32秒    1   19.75    0.00   11.11    0.00    0.00    1.23    0.00    0.00    0.00   67.90

08時31分32秒  CPU    %usr   %nice    %sys %iowait    %irq   %soft  %steal  %guest  %gnice   %idle
08時31分33秒    0   32.98    0.00   23.40    0.00    0.00    5.32    0.00    0.00    0.00   38.30
08時31分33秒    1   18.75    0.00   11.25    0.00    0.00    2.50    0.00    0.00    0.00   67.50

08時31分33秒  CPU    %usr   %nice    %sys %iowait    %irq   %soft  %steal  %guest  %gnice   %idle
08時31分34秒    0   26.88    0.00   24.73    0.00    0.00    5.38    0.00    0.00    0.00   43.01
08時31分34秒    1   18.75    0.00   11.25    0.00    0.00    1.25    0.00    0.00    0.00   68.75

08時31分34秒  CPU    %usr   %nice    %sys %iowait    %irq   %soft  %steal  %guest  %gnice   %idle
08時31分35秒    0   26.60    0.00   24.47    0.00    0.00    6.38    0.00    0.00    0.00   42.55
08時31分35秒    1   19.75    0.00   11.11    0.00    0.00    1.23    0.00    0.00    0.00   67.90

08時31分35秒  CPU    %usr   %nice    %sys %iowait    %irq   %soft  %steal  %guest  %gnice   %idle
08時31分36秒    0   30.21    0.00   23.96    0.00    0.00    5.21    0.00    0.00    0.00   40.62
08時31分36秒    1   20.99    0.00   11.11    0.00    0.00    2.47    0.00    0.00    0.00   65.43

08時31分36秒  CPU    %usr   %nice    %sys %iowait    %irq   %soft  %steal  %guest  %gnice   %idle
08時31分37秒    0   31.18    0.00   22.58    0.00    0.00    5.38    0.00    0.00    0.00   40.86
08時31分37秒    1   22.22    0.00    8.64    0.00    0.00    1.23    0.00    0.00    0.00   67.90

08時31分37秒  CPU    %usr   %nice    %sys %iowait    %irq   %soft  %steal  %guest  %gnice   %idle
08時31分38秒    0   26.88    0.00   23.66    0.00    0.00    5.38    0.00    0.00    0.00   44.09
08時31分38秒    1   21.25    0.00    7.50    0.00    0.00    2.50    0.00    0.00    0.00   68.75

08時31分38秒  CPU    %usr   %nice    %sys %iowait    %irq   %soft  %steal  %guest  %gnice   %idle
08時31分39秒    0   31.58    0.00   21.05    0.00    0.00    5.26    0.00    0.00    0.00   42.11
08時31分39秒    1   18.75    0.00   12.50    0.00    0.00    1.25    0.00    0.00    0.00   67.50

08時31分39秒  CPU    %usr   %nice    %sys %iowait    %irq   %soft  %steal  %guest  %gnice   %idle
08時31分40秒    0   23.91    0.00   27.17    0.00    0.00    5.43    0.00    0.00    0.00   43.48
08時31分40秒    1   20.25    0.00    8.86    0.00    0.00    1.27    0.00    0.00    0.00   69.62

08時31分40秒  CPU    %usr   %nice    %sys %iowait    %irq   %soft  %steal  %guest  %gnice   %idle
08時31分41秒    0   27.66    0.00   26.60    0.00    0.00    5.32    0.00    0.00    0.00   40.43
08時31分41秒    1   23.75    0.00    6.25    0.00    0.00    2.50    0.00    0.00    0.00   67.50

08時31分41秒  CPU    %usr   %nice    %sys %iowait    %irq   %soft  %steal  %guest  %gnice   %idle
08時31分42秒    0   29.47    0.00   22.11    0.00    0.00    6.32    0.00    0.00    0.00   42.11
08時31分42秒    1   21.25    0.00   10.00    0.00    0.00    1.25    0.00    0.00    0.00   67.50

08時31分42秒  CPU    %usr   %nice    %sys %iowait    %irq   %soft  %steal  %guest  %gnice   %idle
08時31分43秒    0   28.72    0.00   23.40    0.00    0.00    5.32    0.00    0.00    0.00   42.55
08時31分43秒    1   18.75    0.00   11.25    0.00    0.00    2.50    0.00    0.00    0.00   67.50

08時31分43秒  CPU    %usr   %nice    %sys %iowait    %irq   %soft  %steal  %guest  %gnice   %idle
08時31分44秒    0   29.03    0.00   24.73    0.00    0.00    5.38    0.00    0.00    0.00   40.86
08時31分44秒    1   22.22    0.00    9.88    0.00    0.00    1.23    0.00    0.00    0.00   66.67

08時31分44秒  CPU    %usr   %nice    %sys %iowait    %irq   %soft  %steal  %guest  %gnice   %idle
08時31分45秒    0   29.03    0.00   22.58    0.00    0.00    5.38    0.00    0.00    0.00   43.01
08時31分45秒    1   20.73    0.00    9.76    0.00    1.22    2.44    0.00    0.00    0.00   65.85

08時31分45秒  CPU    %usr   %nice    %sys %iowait    %irq   %soft  %steal  %guest  %gnice   %idle
08時31分46秒    0   29.47    0.00   21.05    0.00    1.05    5.26    0.00    0.00    0.00   43.16
08時31分46秒    1   21.25    0.00    8.75    0.00    0.00    1.25    0.00    0.00    0.00   68.75

08時31分46秒  CPU    %usr   %nice    %sys %iowait    %irq   %soft  %steal  %guest  %gnice   %idle
08時31分47秒    0   33.33    0.00   20.43    0.00    0.00    5.38    0.00    0.00    0.00   40.86
08時31分47秒    1   19.75    0.00   11.11    0.00    0.00    1.23    0.00    0.00    0.00   67.90

08時31分47秒  CPU    %usr   %nice    %sys %iowait    %irq   %soft  %steal  %guest  %gnice   %idle
08時31分48秒    0   28.26    0.00   23.91    0.00    0.00    5.43    0.00    0.00    0.00   42.39
08時31分48秒    1   18.52    0.00   12.35    0.00    0.00    2.47    0.00    0.00    0.00   66.67

08時31分48秒  CPU    %usr   %nice    %sys %iowait    %irq   %soft  %steal  %guest  %gnice   %idle
08時31分49秒    0   31.52    0.00   18.48    0.00    0.00    5.43    0.00    0.00    0.00   44.57
08時31分49秒    1   18.99    0.00   10.13    0.00    0.00    1.27    0.00    0.00    0.00   69.62

08時31分49秒  CPU    %usr   %nice    %sys %iowait    %irq   %soft  %steal  %guest  %gnice   %idle
08時31分50秒    0   29.47    0.00   23.16    0.00    0.00    5.26    0.00    0.00    0.00   42.11
08時31分50秒    1   16.25    0.00   13.75    0.00    0.00    2.50    0.00    0.00    0.00   67.50

08時31分50秒  CPU    %usr   %nice    %sys %iowait    %irq   %soft  %steal  %guest  %gnice   %idle
08時31分51秒    0   32.63    0.00   18.95    0.00    0.00    6.32    0.00    0.00    0.00   42.11
08時31分51秒    1   18.99    0.00   10.13    0.00    0.00    1.27    0.00    0.00    0.00   69.62

08時31分51秒  CPU    %usr   %nice    %sys %iowait    %irq   %soft  %steal  %guest  %gnice   %idle
08時31分52秒    0   30.85    0.00   22.34    0.00    0.00    5.32    0.00    0.00    0.00   41.49
08時31分52秒    1   19.75    0.00   12.35    0.00    0.00    1.23    0.00    0.00    0.00   66.67

08時31分52秒  CPU    %usr   %nice    %sys %iowait    %irq   %soft  %steal  %guest  %gnice   %idle
08時31分53秒    0   31.18    0.00   22.58    0.00    0.00    5.38    0.00    0.00    0.00   40.86
08時31分53秒    1   19.75    0.00   12.35    0.00    0.00    2.47    0.00    0.00    0.00   65.43

08時31分53秒  CPU    %usr   %nice    %sys %iowait    %irq   %soft  %steal  %guest  %gnice   %idle
08時31分54秒    0   31.18    0.00   20.43    0.00    0.00    5.38    0.00    0.00    0.00   43.01
08時31分54秒    1   23.75    0.00    6.25    0.00    0.00    1.25    0.00    0.00    0.00   68.75

08時31分54秒  CPU    %usr   %nice    %sys %iowait    %irq   %soft  %steal  %guest  %gnice   %idle
08時31分55秒    0   30.11    0.00   20.43    0.00    0.00    5.38    0.00    0.00    0.00   44.09
08時31分55秒    1   18.52    0.00    9.88    0.00    0.00    2.47    0.00    0.00    0.00   69.14

08時31分55秒  CPU    %usr   %nice    %sys %iowait    %irq   %soft  %steal  %guest  %gnice   %idle
08時31分56秒    0   29.79    0.00   21.28    0.00    0.00    5.32    0.00    0.00    0.00   43.62
08時31分56秒    1   22.22    0.00    8.64    0.00    0.00    1.23    0.00    0.00    0.00   67.90

08時31分56秒  CPU    %usr   %nice    %sys %iowait    %irq   %soft  %steal  %guest  %gnice   %idle
08時31分57秒    0   30.77    0.00   20.88    0.00    0.00    5.49    0.00    0.00    0.00   42.86
08時31分57秒    1   18.75    0.00   12.50    0.00    0.00    1.25    0.00    0.00    0.00   67.50

08時31分57秒  CPU    %usr   %nice    %sys %iowait    %irq   %soft  %steal  %guest  %gnice   %idle
08時31分58秒    0   30.85    0.00   23.40    0.00    0.00    6.38    0.00    0.00    0.00   39.36
08時31分58秒    1   23.75    0.00    8.75    0.00    0.00    2.50    0.00    0.00    0.00   65.00

08時31分58秒  CPU    %usr   %nice    %sys %iowait    %irq   %soft  %steal  %guest  %gnice   %idle
08時31分59秒    0   30.85    0.00   22.34    0.00    0.00    5.32    0.00    0.00    0.00   41.49
08時31分59秒    1   24.05    0.00    5.06    0.00    0.00    1.27    0.00    0.00    0.00   69.62

08時31分59秒  CPU    %usr   %nice    %sys %iowait    %irq   %soft  %steal  %guest  %gnice   %idle
08時32分00秒    0   30.11    0.00   21.51    0.00    0.00    5.38    0.00    0.00    0.00   43.01
08時32分00秒    1   19.51    0.00   10.98    0.00    0.00    2.44    0.00    0.00    0.00   67.07

08時32分00秒  CPU    %usr   %nice    %sys %iowait    %irq   %soft  %steal  %guest  %gnice   %idle
08時32分01秒    0   30.11    0.00   23.66    0.00    0.00    5.38    0.00    0.00    0.00   40.86
08時32分01秒    1   19.23    0.00   11.54    0.00    0.00    1.28    0.00    0.00    0.00   67.95

08時32分01秒  CPU    %usr   %nice    %sys %iowait    %irq   %soft  %steal  %guest  %gnice   %idle
08時32分02秒    0   29.47    0.00   24.21    0.00    0.00    5.26    0.00    0.00    0.00   41.05
08時32分02秒    1   23.75    0.00    6.25    0.00    0.00    2.50    0.00    0.00    0.00   67.50

08時32分02秒  CPU    %usr   %nice    %sys %iowait    %irq   %soft  %steal  %guest  %gnice   %idle
08時32分03秒    0   35.79    0.00   18.95    0.00    0.00    6.32    0.00    0.00    0.00   38.95
08時32分03秒    1   21.25    0.00   10.00    0.00    0.00    1.25    0.00    0.00    0.00   67.50

平均時間：  CPU    %usr   %nice    %sys %iowait    %irq   %soft  %steal  %guest  %gnice   %idle
平均時間：    0   29.58    0.00   22.66    0.00    0.04    5.47    0.00    0.00    0.00   42.24
平均時間：    1   20.75    0.00    9.59    0.00    0.04    1.75    0.00    0.00    0.00   67.87
