Linux 5.6.15-arch1-1 (archlinux) 	西元2020年06月29日 	_x86_64_	(12 CPU)

08時51分00秒  CPU    %usr   %nice    %sys %iowait    %irq   %soft  %steal  %guest  %gnice   %idle
08時51分01秒    0   30.43    0.00   22.83    0.00    0.00    5.43    0.00    0.00    0.00   41.30
08時51分01秒    1   21.25    0.00    8.75    0.00    0.00    2.50    0.00    0.00    0.00   67.50

08時51分01秒  CPU    %usr   %nice    %sys %iowait    %irq   %soft  %steal  %guest  %gnice   %idle
08時51分02秒    0   32.26    0.00   23.66    0.00    0.00    6.45    0.00    0.00    0.00   37.63
08時51分02秒    1   18.99    0.00   12.66    0.00    0.00    1.27    0.00    0.00    0.00   67.09

08時51分02秒  CPU    %usr   %nice    %sys %iowait    %irq   %soft  %steal  %guest  %gnice   %idle
08時51分03秒    0   35.48    0.00   20.43    0.00    0.00    5.38    0.00    0.00    0.00   38.71
08時51分03秒    1   20.25    0.00   10.13    0.00    0.00    2.53    0.00    0.00    0.00   67.09

08時51分03秒  CPU    %usr   %nice    %sys %iowait    %irq   %soft  %steal  %guest  %gnice   %idle
08時51分04秒    0   26.14    0.00   27.27    0.00    0.00    5.68    0.00    0.00    0.00   40.91
08時51分04秒    1   18.29    0.00   13.41    0.00    0.00    1.22    0.00    0.00    0.00   67.07

08時51分04秒  CPU    %usr   %nice    %sys %iowait    %irq   %soft  %steal  %guest  %gnice   %idle
08時51分05秒    0   31.52    0.00   21.74    0.00    0.00    6.52    0.00    0.00    0.00   40.22
08時51分05秒    1   25.00    0.00    7.50    0.00    0.00    1.25    0.00    0.00    0.00   66.25

08時51分05秒  CPU    %usr   %nice    %sys %iowait    %irq   %soft  %steal  %guest  %gnice   %idle
08時51分06秒    0   31.11    0.00   23.33    0.00    0.00    5.56    0.00    0.00    0.00   40.00
08時51分06秒    1   24.10    0.00    8.43    0.00    0.00    2.41    0.00    0.00    0.00   65.06

08時51分06秒  CPU    %usr   %nice    %sys %iowait    %irq   %soft  %steal  %guest  %gnice   %idle
08時51分07秒    0   29.67    0.00   25.27    0.00    0.00    6.59    0.00    0.00    0.00   38.46
08時51分07秒    1   23.75    0.00   10.00    0.00    0.00    1.25    0.00    0.00    0.00   65.00

08時51分07秒  CPU    %usr   %nice    %sys %iowait    %irq   %soft  %steal  %guest  %gnice   %idle
08時51分08秒    0   30.77    0.00   21.98    0.00    0.00    5.49    0.00    0.00    0.00   41.76
08時51分08秒    1   24.39    0.00    7.32    0.00    0.00    2.44    0.00    0.00    0.00   65.85

08時51分08秒  CPU    %usr   %nice    %sys %iowait    %irq   %soft  %steal  %guest  %gnice   %idle
08時51分09秒    0   32.61    0.00   21.74    0.00    0.00    6.52    0.00    0.00    0.00   39.13
08時51分09秒    1   20.25    0.00   11.39    0.00    0.00    1.27    0.00    0.00    0.00   67.09

08時51分09秒  CPU    %usr   %nice    %sys %iowait    %irq   %soft  %steal  %guest  %gnice   %idle
08時51分10秒    0   31.52    0.00   22.83    0.00    0.00    5.43    0.00    0.00    0.00   40.22
08時51分10秒    1   18.29    0.00   12.20    0.00    1.22    2.44    0.00    0.00    0.00   65.85

08時51分10秒  CPU    %usr   %nice    %sys %iowait    %irq   %soft  %steal  %guest  %gnice   %idle
08時51分11秒    0   31.46    0.00   21.35    0.00    0.00    5.62    0.00    0.00    0.00   41.57
08時51分11秒    1   20.25    0.00   10.13    0.00    0.00    1.27    0.00    0.00    0.00   68.35

08時51分11秒  CPU    %usr   %nice    %sys %iowait    %irq   %soft  %steal  %guest  %gnice   %idle
08時51分12秒    0   30.11    0.00   23.66    0.00    0.00    6.45    0.00    0.00    0.00   39.78
08時51分12秒    1   19.75    0.00   12.35    0.00    0.00    1.23    0.00    0.00    0.00   66.67

08時51分12秒  CPU    %usr   %nice    %sys %iowait    %irq   %soft  %steal  %guest  %gnice   %idle
08時51分13秒    0   31.46    0.00   22.47    0.00    0.00    5.62    0.00    0.00    0.00   40.45
08時51分13秒    1   20.99    0.00    9.88    0.00    0.00    2.47    0.00    0.00    0.00   66.67

08時51分13秒  CPU    %usr   %nice    %sys %iowait    %irq   %soft  %steal  %guest  %gnice   %idle
08時51分14秒    0   29.03    0.00   25.81    0.00    0.00    6.45    0.00    0.00    0.00   38.71
08時51分14秒    1   20.51    0.00   11.54    0.00    0.00    1.28    0.00    0.00    0.00   66.67

08時51分14秒  CPU    %usr   %nice    %sys %iowait    %irq   %soft  %steal  %guest  %gnice   %idle
08時51分15秒    0   33.70    0.00   21.74    0.00    1.09    5.43    0.00    0.00    0.00   38.04
08時51分15秒    1   18.52    0.00   13.58    0.00    0.00    2.47    0.00    0.00    0.00   65.43

08時51分15秒  CPU    %usr   %nice    %sys %iowait    %irq   %soft  %steal  %guest  %gnice   %idle
08時51分16秒    0   33.70    0.00   18.48    0.00    0.00    6.52    0.00    0.00    0.00   41.30
08時51分16秒    1   24.69    0.00    6.17    0.00    0.00    1.23    0.00    0.00    0.00   67.90

08時51分16秒  CPU    %usr   %nice    %sys %iowait    %irq   %soft  %steal  %guest  %gnice   %idle
08時51分17秒    0   31.87    0.00   20.88    0.00    0.00    5.49    0.00    0.00    0.00   41.76
08時51分17秒    1   19.75    0.00    9.88    0.00    0.00    2.47    0.00    0.00    0.00   67.90

08時51分17秒  CPU    %usr   %nice    %sys %iowait    %irq   %soft  %steal  %guest  %gnice   %idle
08時51分18秒    0   34.04    0.00   23.40    0.00    0.00    6.38    0.00    0.00    0.00   36.17
08時51分18秒    1   20.51    0.00   12.82    0.00    0.00    1.28    0.00    0.00    0.00   65.38

08時51分18秒  CPU    %usr   %nice    %sys %iowait    %irq   %soft  %steal  %guest  %gnice   %idle
08時51分19秒    0   29.67    0.00   24.18    0.00    0.00    5.49    0.00    0.00    0.00   40.66
08時51分19秒    1   21.52    0.00    8.86    0.00    0.00    1.27    0.00    0.00    0.00   68.35

08時51分19秒  CPU    %usr   %nice    %sys %iowait    %irq   %soft  %steal  %guest  %gnice   %idle
08時51分20秒    0   30.43    0.00   21.74    0.00    0.00    5.43    0.00    0.00    0.00   42.39
08時51分20秒    1   19.75    0.00    9.88    0.00    0.00    2.47    0.00    0.00    0.00   67.90

08時51分20秒  CPU    %usr   %nice    %sys %iowait    %irq   %soft  %steal  %guest  %gnice   %idle
08時51分21秒    0   32.22    0.00   18.89    0.00    0.00    6.67    0.00    0.00    0.00   42.22
08時51分21秒    1   21.95    0.00    9.76    0.00    0.00    1.22    0.00    0.00    0.00   67.07

08時51分21秒  CPU    %usr   %nice    %sys %iowait    %irq   %soft  %steal  %guest  %gnice   %idle
08時51分22秒    0   29.03    0.00   26.88    0.00    0.00    5.38    0.00    0.00    0.00   38.71
08時51分22秒    1   26.25    0.00    5.00    0.00    0.00    2.50    0.00    0.00    0.00   66.25

08時51分22秒  CPU    %usr   %nice    %sys %iowait    %irq   %soft  %steal  %guest  %gnice   %idle
08時51分23秒    0   30.85    0.00   25.53    0.00    0.00    6.38    0.00    0.00    0.00   37.23
08時51分23秒    1   18.99    0.00   12.66    0.00    0.00    1.27    0.00    0.00    0.00   67.09

08時51分23秒  CPU    %usr   %nice    %sys %iowait    %irq   %soft  %steal  %guest  %gnice   %idle
08時51分24秒    0   32.97    0.00   21.98    0.00    0.00    5.49    0.00    0.00    0.00   39.56
08時51分24秒    1   22.89    0.00    9.64    0.00    0.00    2.41    0.00    0.00    0.00   65.06

08時51分24秒  CPU    %usr   %nice    %sys %iowait    %irq   %soft  %steal  %guest  %gnice   %idle
08時51分25秒    0   31.11    0.00   22.22    0.00    0.00    5.56    0.00    0.00    0.00   41.11
08時51分25秒    1   21.52    0.00    8.86    0.00    0.00    1.27    0.00    0.00    0.00   68.35

08時51分25秒  CPU    %usr   %nice    %sys %iowait    %irq   %soft  %steal  %guest  %gnice   %idle
08時51分26秒    0   28.26    0.00   26.09    0.00    0.00    6.52    0.00    0.00    0.00   39.13
08時51分26秒    1   24.05    0.00    7.59    0.00    0.00    1.27    0.00    0.00    0.00   67.09

08時51分26秒  CPU    %usr   %nice    %sys %iowait    %irq   %soft  %steal  %guest  %gnice   %idle
08時51分27秒    0   28.89    0.00   21.11    0.00    0.00    5.56    0.00    0.00    0.00   44.44
08時51分27秒    1   19.51    0.00    9.76    0.00    0.00    2.44    0.00    0.00    0.00   68.29

08時51分27秒  CPU    %usr   %nice    %sys %iowait    %irq   %soft  %steal  %guest  %gnice   %idle
08時51分28秒    0   27.47    0.00   25.27    0.00    0.00    5.49    0.00    0.00    0.00   41.76
08時51分28秒    1   20.99    0.00    9.88    0.00    0.00    1.23    0.00    0.00    0.00   67.90

08時51分28秒  CPU    %usr   %nice    %sys %iowait    %irq   %soft  %steal  %guest  %gnice   %idle
08時51分29秒    0   33.33    0.00   20.43    0.00    0.00    6.45    0.00    0.00    0.00   39.78
08時51分29秒    1   17.95    0.00   10.26    0.00    0.00    2.56    0.00    0.00    0.00   69.23

08時51分29秒  CPU    %usr   %nice    %sys %iowait    %irq   %soft  %steal  %guest  %gnice   %idle
08時51分30秒    0   31.91    0.00   23.40    0.00    0.00    5.32    0.00    0.00    0.00   39.36
08時51分30秒    1   20.00    0.00   11.25    0.00    0.00    1.25    0.00    0.00    0.00   67.50

08時51分30秒  CPU    %usr   %nice    %sys %iowait    %irq   %soft  %steal  %guest  %gnice   %idle
08時51分31秒    0   29.67    0.00   25.27    0.00    0.00    6.59    0.00    0.00    0.00   38.46
08時51分31秒    1   23.08    0.00    8.97    0.00    0.00    1.28    0.00    0.00    0.00   66.67

08時51分31秒  CPU    %usr   %nice    %sys %iowait    %irq   %soft  %steal  %guest  %gnice   %idle
08時51分32秒    0   29.35    0.00   25.00    0.00    0.00    5.43    0.00    0.00    0.00   40.22
08時51分32秒    1   19.75    0.00   11.11    0.00    0.00    2.47    0.00    0.00    0.00   66.67

08時51分32秒  CPU    %usr   %nice    %sys %iowait    %irq   %soft  %steal  %guest  %gnice   %idle
08時51分33秒    0   31.87    0.00   23.08    0.00    0.00    6.59    0.00    0.00    0.00   38.46
08時51分33秒    1   22.78    0.00    8.86    0.00    0.00    1.27    0.00    0.00    0.00   67.09

08時51分33秒  CPU    %usr   %nice    %sys %iowait    %irq   %soft  %steal  %guest  %gnice   %idle
08時51分34秒    0   29.35    0.00   27.17    0.00    0.00    5.43    0.00    0.00    0.00   38.04
08時51分34秒    1   22.22    0.00   12.35    0.00    0.00    2.47    0.00    0.00    0.00   62.96

08時51分34秒  CPU    %usr   %nice    %sys %iowait    %irq   %soft  %steal  %guest  %gnice   %idle
08時51分35秒    0   26.37    0.00   25.27    0.00    0.00    5.49    0.00    0.00    0.00   42.86
08時51分35秒    1   20.00    0.00   10.00    0.00    0.00    1.25    0.00    0.00    0.00   68.75

08時51分35秒  CPU    %usr   %nice    %sys %iowait    %irq   %soft  %steal  %guest  %gnice   %idle
08時51分36秒    0   31.52    0.00   23.91    0.00    1.09    6.52    0.00    0.00    0.00   36.96
08時51分36秒    1   18.75    0.00   13.75    0.00    0.00    2.50    0.00    0.00    0.00   65.00

08時51分36秒  CPU    %usr   %nice    %sys %iowait    %irq   %soft  %steal  %guest  %gnice   %idle
08時51分37秒    0   29.35    0.00   22.83    0.00    0.00    5.43    0.00    0.00    0.00   42.39
08時51分37秒    1   20.99    0.00    8.64    0.00    0.00    1.23    0.00    0.00    0.00   69.14

08時51分37秒  CPU    %usr   %nice    %sys %iowait    %irq   %soft  %steal  %guest  %gnice   %idle
08時51分38秒    0   32.97    0.00   20.88    0.00    0.00    6.59    0.00    0.00    0.00   39.56
08時51分38秒    1   20.00    0.00   11.25    0.00    0.00    1.25    0.00    0.00    0.00   67.50

08時51分38秒  CPU    %usr   %nice    %sys %iowait    %irq   %soft  %steal  %guest  %gnice   %idle
08時51分39秒    0   28.57    0.00   27.47    0.00    0.00    5.49    0.00    0.00    0.00   38.46
08時51分39秒    1   24.05    0.00    7.59    0.00    0.00    2.53    0.00    0.00    0.00   65.82

08時51分39秒  CPU    %usr   %nice    %sys %iowait    %irq   %soft  %steal  %guest  %gnice   %idle
08時51分40秒    0   30.77    0.00   23.08    0.00    0.00    6.59    0.00    0.00    0.00   39.56
08時51分40秒    1   26.51    0.00    7.23    0.00    0.00    1.20    0.00    0.00    0.00   65.06

08時51分40秒  CPU    %usr   %nice    %sys %iowait    %irq   %soft  %steal  %guest  %gnice   %idle
08時51分41秒    0   27.47    0.00   25.27    0.00    0.00    5.49    0.00    0.00    0.00   41.76
08時51分41秒    1   20.99    0.00    8.64    0.00    0.00    2.47    0.00    0.00    0.00   67.90

08時51分41秒  CPU    %usr   %nice    %sys %iowait    %irq   %soft  %steal  %guest  %gnice   %idle
08時51分42秒    0   30.43    0.00   25.00    0.00    0.00    6.52    0.00    0.00    0.00   38.04
08時51分42秒    1   22.50    0.00   10.00    0.00    0.00    1.25    0.00    0.00    0.00   66.25

08時51分42秒  CPU    %usr   %nice    %sys %iowait    %irq   %soft  %steal  %guest  %gnice   %idle
08時51分43秒    0   32.61    0.00   22.83    0.00    0.00    5.43    0.00    0.00    0.00   39.13
08時51分43秒    1   19.75    0.00   12.35    0.00    0.00    2.47    0.00    0.00    0.00   65.43

08時51分43秒  CPU    %usr   %nice    %sys %iowait    %irq   %soft  %steal  %guest  %gnice   %idle
08時51分44秒    0   30.00    0.00   23.33    0.00    0.00    5.56    0.00    0.00    0.00   41.11
08時51分44秒    1   22.22    0.00   11.11    0.00    0.00    1.23    0.00    0.00    0.00   65.43

08時51分44秒  CPU    %usr   %nice    %sys %iowait    %irq   %soft  %steal  %guest  %gnice   %idle
08時51分45秒    0   30.43    0.00   23.91    0.00    0.00    6.52    0.00    0.00    0.00   39.13
08時51分45秒    1   18.99    0.00   11.39    0.00    0.00    1.27    0.00    0.00    0.00   68.35

08時51分45秒  CPU    %usr   %nice    %sys %iowait    %irq   %soft  %steal  %guest  %gnice   %idle
08時51分46秒    0   28.89    0.00   24.44    0.00    0.00    5.56    0.00    0.00    0.00   41.11
08時51分46秒    1   20.99    0.00    8.64    0.00    1.23    2.47    0.00    0.00    0.00   66.67

08時51分46秒  CPU    %usr   %nice    %sys %iowait    %irq   %soft  %steal  %guest  %gnice   %idle
08時51分47秒    0   28.89    0.00   22.22    0.00    0.00    6.67    0.00    0.00    0.00   42.22
08時51分47秒    1   21.25    0.00    7.50    0.00    0.00    1.25    0.00    0.00    0.00   70.00

08時51分47秒  CPU    %usr   %nice    %sys %iowait    %irq   %soft  %steal  %guest  %gnice   %idle
08時51分48秒    0   32.26    0.00   23.66    0.00    0.00    5.38    0.00    0.00    0.00   38.71
08時51分48秒    1   20.73    0.00   12.20    0.00    0.00    2.44    0.00    0.00    0.00   64.63

08時51分48秒  CPU    %usr   %nice    %sys %iowait    %irq   %soft  %steal  %guest  %gnice   %idle
08時51分49秒    0   30.43    0.00   23.91    0.00    0.00    5.43    0.00    0.00    0.00   40.22
08時51分49秒    1   17.95    0.00   11.54    0.00    0.00    1.28    0.00    0.00    0.00   69.23

08時51分49秒  CPU    %usr   %nice    %sys %iowait    %irq   %soft  %steal  %guest  %gnice   %idle
08時51分50秒    0   27.17    0.00   22.83    0.00    0.00    6.52    0.00    0.00    0.00   43.48
08時51分50秒    1   18.75    0.00   10.00    0.00    0.00    1.25    0.00    0.00    0.00   70.00

08時51分50秒  CPU    %usr   %nice    %sys %iowait    %irq   %soft  %steal  %guest  %gnice   %idle
08時51分51秒    0   32.22    0.00   23.33    0.00    0.00    5.56    0.00    0.00    0.00   38.89
08時51分51秒    1   23.75    0.00    8.75    0.00    0.00    2.50    0.00    0.00    0.00   65.00

08時51分51秒  CPU    %usr   %nice    %sys %iowait    %irq   %soft  %steal  %guest  %gnice   %idle
08時51分52秒    0   30.00    0.00   23.33    0.00    0.00    5.56    0.00    0.00    0.00   41.11
08時51分52秒    1   21.79    0.00    7.69    0.00    0.00    1.28    0.00    0.00    0.00   69.23

08時51分52秒  CPU    %usr   %nice    %sys %iowait    %irq   %soft  %steal  %guest  %gnice   %idle
08時51分53秒    0   27.96    0.00   25.81    0.00    0.00    6.45    0.00    0.00    0.00   39.78
08時51分53秒    1   23.46    0.00    7.41    0.00    0.00    2.47    0.00    0.00    0.00   66.67

08時51分53秒  CPU    %usr   %nice    %sys %iowait    %irq   %soft  %steal  %guest  %gnice   %idle
08時51分54秒    0   31.18    0.00   24.73    0.00    0.00    5.38    0.00    0.00    0.00   38.71
08時51分54秒    1   26.83    0.00    7.32    0.00    0.00    1.22    0.00    0.00    0.00   64.63

08時51分54秒  CPU    %usr   %nice    %sys %iowait    %irq   %soft  %steal  %guest  %gnice   %idle
08時51分55秒    0   26.88    0.00   25.81    0.00    0.00    6.45    0.00    0.00    0.00   40.86
08時51分55秒    1   21.25    0.00    8.75    0.00    0.00    2.50    0.00    0.00    0.00   67.50

08時51分55秒  CPU    %usr   %nice    %sys %iowait    %irq   %soft  %steal  %guest  %gnice   %idle
08時51分56秒    0   30.77    0.00   20.88    0.00    0.00    5.49    0.00    0.00    0.00   42.86
08時51分56秒    1   23.75    0.00    5.00    0.00    0.00    1.25    0.00    0.00    0.00   70.00

08時51分56秒  CPU    %usr   %nice    %sys %iowait    %irq   %soft  %steal  %guest  %gnice   %idle
08時51分57秒    0   28.57    0.00   23.08    0.00    1.10    5.49    0.00    0.00    0.00   41.76
08時51分57秒    1   23.46    0.00    8.64    0.00    0.00    1.23    0.00    0.00    0.00   66.67

08時51分57秒  CPU    %usr   %nice    %sys %iowait    %irq   %soft  %steal  %guest  %gnice   %idle
08時51分58秒    0   34.78    0.00   19.57    0.00    0.00    6.52    0.00    0.00    0.00   39.13
08時51分58秒    1   20.78    0.00   10.39    0.00    0.00    2.60    0.00    0.00    0.00   66.23

08時51分58秒  CPU    %usr   %nice    %sys %iowait    %irq   %soft  %steal  %guest  %gnice   %idle
08時51分59秒    0   29.21    0.00   23.60    0.00    0.00    5.62    0.00    0.00    0.00   41.57
08時51分59秒    1   19.48    0.00   11.69    0.00    0.00    1.30    0.00    0.00    0.00   67.53

08時51分59秒  CPU    %usr   %nice    %sys %iowait    %irq   %soft  %steal  %guest  %gnice   %idle
08時52分00秒    0   34.04    0.00   21.28    0.00    0.00    5.32    0.00    0.00    0.00   39.36
08時52分00秒    1   20.25    0.00   10.13    0.00    0.00    2.53    0.00    0.00    0.00   67.09

08時52分00秒  CPU    %usr   %nice    %sys %iowait    %irq   %soft  %steal  %guest  %gnice   %idle
08時52分01秒    0   33.33    0.00   20.00    0.00    0.00    6.67    0.00    0.00    0.00   40.00
08時52分01秒    1   22.50    0.00    8.75    0.00    0.00    1.25    0.00    0.00    0.00   67.50

08時52分01秒  CPU    %usr   %nice    %sys %iowait    %irq   %soft  %steal  %guest  %gnice   %idle
08時52分02秒    0   26.37    0.00   26.37    0.00    0.00    5.49    0.00    0.00    0.00   41.76
08時52分02秒    1   21.25    0.00    7.50    0.00    0.00    2.50    0.00    0.00    0.00   68.75

08時52分02秒  CPU    %usr   %nice    %sys %iowait    %irq   %soft  %steal  %guest  %gnice   %idle
08時52分03秒    0   31.11    0.00   21.11    0.00    0.00    5.56    0.00    0.00    0.00   42.22
08時52分03秒    1   20.00    0.00   10.00    0.00    0.00    1.25    0.00    0.00    0.00   68.75

08時52分03秒  CPU    %usr   %nice    %sys %iowait    %irq   %soft  %steal  %guest  %gnice   %idle
08時52分04秒    0   28.26    0.00   25.00    0.00    0.00    6.52    0.00    0.00    0.00   40.22
08時52分04秒    1   23.46    0.00    8.64    0.00    0.00    1.23    0.00    0.00    0.00   66.67

08時52分04秒  CPU    %usr   %nice    %sys %iowait    %irq   %soft  %steal  %guest  %gnice   %idle
08時52分05秒    0   30.43    0.00   21.74    0.00    0.00    5.43    0.00    0.00    0.00   42.39
08時52分05秒    1   19.75    0.00    8.64    0.00    0.00    2.47    0.00    0.00    0.00   69.14

08時52分05秒  CPU    %usr   %nice    %sys %iowait    %irq   %soft  %steal  %guest  %gnice   %idle
08時52分06秒    0   32.26    0.00   21.51    0.00    0.00    5.38    0.00    0.00    0.00   40.86
08時52分06秒    1   20.00    0.00   11.25    0.00    0.00    1.25    0.00    0.00    0.00   67.50

08時52分06秒  CPU    %usr   %nice    %sys %iowait    %irq   %soft  %steal  %guest  %gnice   %idle
08時52分07秒    0   31.52    0.00   20.65    0.00    0.00    6.52    0.00    0.00    0.00   41.30
08時52分07秒    1   22.22    0.00    7.41    0.00    0.00    2.47    0.00    0.00    0.00   67.90

08時52分07秒  CPU    %usr   %nice    %sys %iowait    %irq   %soft  %steal  %guest  %gnice   %idle
08時52分08秒    0   32.26    0.00   20.43    0.00    0.00    5.38    0.00    0.00    0.00   41.94
08時52分08秒    1   18.99    0.00    8.86    0.00    0.00    1.27    0.00    0.00    0.00   70.89

08時52分08秒  CPU    %usr   %nice    %sys %iowait    %irq   %soft  %steal  %guest  %gnice   %idle
08時52分09秒    0   31.52    0.00   22.83    0.00    0.00    5.43    0.00    0.00    0.00   40.22
08時52分09秒    1   21.95    0.00   10.98    0.00    0.00    1.22    0.00    0.00    0.00   65.85

08時52分09秒  CPU    %usr   %nice    %sys %iowait    %irq   %soft  %steal  %guest  %gnice   %idle
08時52分10秒    0   29.79    0.00   23.40    0.00    0.00    6.38    0.00    0.00    0.00   40.43
08時52分10秒    1   21.95    0.00    8.54    0.00    0.00    2.44    0.00    0.00    0.00   67.07

08時52分10秒  CPU    %usr   %nice    %sys %iowait    %irq   %soft  %steal  %guest  %gnice   %idle
08時52分11秒    0   33.33    0.00   18.89    0.00    0.00    5.56    0.00    0.00    0.00   42.22
08時52分11秒    1   20.51    0.00    7.69    0.00    0.00    1.28    0.00    0.00    0.00   70.51

08時52分11秒  CPU    %usr   %nice    %sys %iowait    %irq   %soft  %steal  %guest  %gnice   %idle
08時52分12秒    0   26.97    0.00   25.84    0.00    0.00    5.62    0.00    0.00    0.00   41.57
08時52分12秒    1   22.22    0.00    7.41    0.00    0.00    2.47    0.00    0.00    0.00   67.90

08時52分12秒  CPU    %usr   %nice    %sys %iowait    %irq   %soft  %steal  %guest  %gnice   %idle
08時52分13秒    0   32.26    0.00   22.58    0.00    0.00    6.45    0.00    0.00    0.00   38.71
08時52分13秒    1   22.78    0.00    8.86    0.00    0.00    1.27    0.00    0.00    0.00   67.09

08時52分13秒  CPU    %usr   %nice    %sys %iowait    %irq   %soft  %steal  %guest  %gnice   %idle
08時52分14秒    0   30.43    0.00   22.83    0.00    0.00    5.43    0.00    0.00    0.00   41.30
08時52分14秒    1   22.50    0.00    7.50    0.00    0.00    1.25    0.00    0.00    0.00   68.75

08時52分14秒  CPU    %usr   %nice    %sys %iowait    %irq   %soft  %steal  %guest  %gnice   %idle
08時52分15秒    0   34.07    0.00   20.88    0.00    0.00    5.49    0.00    0.00    0.00   39.56
08時52分15秒    1   23.17    0.00    8.54    0.00    0.00    2.44    0.00    0.00    0.00   65.85

08時52分15秒  CPU    %usr   %nice    %sys %iowait    %irq   %soft  %steal  %guest  %gnice   %idle
08時52分16秒    0   32.26    0.00   20.43    0.00    0.00    6.45    0.00    0.00    0.00   40.86
08時52分16秒    1   22.22    0.00    9.88    0.00    0.00    1.23    0.00    0.00    0.00   66.67

08時52分16秒  CPU    %usr   %nice    %sys %iowait    %irq   %soft  %steal  %guest  %gnice   %idle
08時52分17秒    0   30.77    0.00   21.98    0.00    0.00    5.49    0.00    0.00    0.00   41.76
08時52分17秒    1   21.25    0.00    8.75    0.00    0.00    2.50    0.00    0.00    0.00   67.50

08時52分17秒  CPU    %usr   %nice    %sys %iowait    %irq   %soft  %steal  %guest  %gnice   %idle
08時52分18秒    0   32.61    0.00   20.65    0.00    1.09    6.52    0.00    0.00    0.00   39.13
08時52分18秒    1   21.95    0.00    9.76    0.00    0.00    1.22    0.00    0.00    0.00   67.07

08時52分18秒  CPU    %usr   %nice    %sys %iowait    %irq   %soft  %steal  %guest  %gnice   %idle
08時52分19秒    0   31.52    0.00   20.65    0.00    0.00    5.43    0.00    0.00    0.00   42.39
08時52分19秒    1   22.22    0.00    8.64    0.00    0.00    1.23    0.00    0.00    0.00   67.90

08時52分19秒  CPU    %usr   %nice    %sys %iowait    %irq   %soft  %steal  %guest  %gnice   %idle
08時52分20秒    0   33.33    0.00   20.00    0.00    0.00    5.56    0.00    0.00    0.00   41.11
08時52分20秒    1   18.75    0.00   11.25    0.00    1.25    2.50    0.00    0.00    0.00   66.25

08時52分20秒  CPU    %usr   %nice    %sys %iowait    %irq   %soft  %steal  %guest  %gnice   %idle
08時52分21秒    0   30.85    0.00   22.34    0.00    0.00    5.32    0.00    0.00    0.00   41.49
08時52分21秒    1   20.99    0.00    9.88    0.00    0.00    1.23    0.00    0.00    0.00   67.90

08時52分21秒  CPU    %usr   %nice    %sys %iowait    %irq   %soft  %steal  %guest  %gnice   %idle
08時52分22秒    0   34.44    0.00   17.78    0.00    0.00    6.67    0.00    0.00    0.00   41.11
08時52分22秒    1   19.51    0.00   10.98    0.00    0.00    2.44    0.00    0.00    0.00   67.07

08時52分22秒  CPU    %usr   %nice    %sys %iowait    %irq   %soft  %steal  %guest  %gnice   %idle
08時52分23秒    0   28.57    0.00   24.18    0.00    0.00    5.49    0.00    0.00    0.00   41.76
08時52分23秒    1   22.78    0.00    7.59    0.00    0.00    1.27    0.00    0.00    0.00   68.35

08時52分23秒  CPU    %usr   %nice    %sys %iowait    %irq   %soft  %steal  %guest  %gnice   %idle
08時52分24秒    0   31.52    0.00   22.83    0.00    0.00    5.43    0.00    0.00    0.00   40.22
08時52分24秒    1   22.78    0.00    6.33    0.00    0.00    1.27    0.00    0.00    0.00   69.62

08時52分24秒  CPU    %usr   %nice    %sys %iowait    %irq   %soft  %steal  %guest  %gnice   %idle
08時52分25秒    0   31.87    0.00   23.08    0.00    0.00    6.59    0.00    0.00    0.00   38.46
08時52分25秒    1   22.50    0.00    8.75    0.00    0.00    2.50    0.00    0.00    0.00   66.25

08時52分25秒  CPU    %usr   %nice    %sys %iowait    %irq   %soft  %steal  %guest  %gnice   %idle
08時52分26秒    0   31.46    0.00   21.35    0.00    0.00    5.62    0.00    0.00    0.00   41.57
08時52分26秒    1   21.95    0.00    8.54    0.00    0.00    1.22    0.00    0.00    0.00   68.29

08時52分26秒  CPU    %usr   %nice    %sys %iowait    %irq   %soft  %steal  %guest  %gnice   %idle
08時52分27秒    0   28.26    0.00   26.09    0.00    0.00    5.43    0.00    0.00    0.00   40.22
08時52分27秒    1   23.17    0.00    8.54    0.00    0.00    2.44    0.00    0.00    0.00   65.85

08時52分27秒  CPU    %usr   %nice    %sys %iowait    %irq   %soft  %steal  %guest  %gnice   %idle
08時52分28秒    0   28.42    0.00   23.16    0.00    0.00    6.32    0.00    0.00    0.00   42.11
08時52分28秒    1   18.75    0.00   10.00    0.00    0.00    1.25    0.00    0.00    0.00   70.00

08時52分28秒  CPU    %usr   %nice    %sys %iowait    %irq   %soft  %steal  %guest  %gnice   %idle
08時52分29秒    0   26.67    0.00   26.67    0.00    0.00    5.56    0.00    0.00    0.00   41.11
08時52分29秒    1   17.07    0.00   13.41    0.00    1.22    2.44    0.00    0.00    0.00   65.85

08時52分29秒  CPU    %usr   %nice    %sys %iowait    %irq   %soft  %steal  %guest  %gnice   %idle
08時52分30秒    0   29.67    0.00   24.18    0.00    0.00    5.49    0.00    0.00    0.00   40.66
08時52分30秒    1   20.25    0.00    8.86    0.00    0.00    1.27    0.00    0.00    0.00   69.62

08時52分30秒  CPU    %usr   %nice    %sys %iowait    %irq   %soft  %steal  %guest  %gnice   %idle
08時52分31秒    0   32.61    0.00   20.65    0.00    0.00    6.52    0.00    0.00    0.00   40.22
08時52分31秒    1   21.52    0.00    8.86    0.00    0.00    1.27    0.00    0.00    0.00   68.35

08時52分31秒  CPU    %usr   %nice    %sys %iowait    %irq   %soft  %steal  %guest  %gnice   %idle
08時52分32秒    0   33.33    0.00   18.89    0.00    0.00    5.56    0.00    0.00    0.00   42.22
08時52分32秒    1   18.75    0.00   10.00    0.00    0.00    2.50    0.00    0.00    0.00   68.75

08時52分32秒  CPU    %usr   %nice    %sys %iowait    %irq   %soft  %steal  %guest  %gnice   %idle
08時52分33秒    0   33.33    0.00   21.51    0.00    0.00    5.38    0.00    0.00    0.00   39.78
08時52分33秒    1   21.79    0.00   10.26    0.00    0.00    1.28    0.00    0.00    0.00   66.67

08時52分33秒  CPU    %usr   %nice    %sys %iowait    %irq   %soft  %steal  %guest  %gnice   %idle
08時52分34秒    0   33.70    0.00   18.48    0.00    0.00    6.52    0.00    0.00    0.00   41.30
08時52分34秒    1   19.51    0.00   10.98    0.00    0.00    2.44    0.00    0.00    0.00   67.07

08時52分34秒  CPU    %usr   %nice    %sys %iowait    %irq   %soft  %steal  %guest  %gnice   %idle
08時52分35秒    0   31.11    0.00   22.22    0.00    0.00    5.56    0.00    0.00    0.00   41.11
08時52分35秒    1   21.25    0.00   10.00    0.00    0.00    1.25    0.00    0.00    0.00   67.50

08時52分35秒  CPU    %usr   %nice    %sys %iowait    %irq   %soft  %steal  %guest  %gnice   %idle
08時52分36秒    0   34.41    0.00   19.35    0.00    0.00    6.45    0.00    0.00    0.00   39.78
08時52分36秒    1   20.51    0.00   11.54    0.00    0.00    1.28    0.00    0.00    0.00   66.67

08時52分36秒  CPU    %usr   %nice    %sys %iowait    %irq   %soft  %steal  %guest  %gnice   %idle
08時52分37秒    0   33.33    0.00   20.00    0.00    0.00    5.56    0.00    0.00    0.00   41.11
08時52分37秒    1   22.22    0.00    8.64    0.00    0.00    2.47    0.00    0.00    0.00   66.67

08時52分37秒  CPU    %usr   %nice    %sys %iowait    %irq   %soft  %steal  %guest  %gnice   %idle
08時52分38秒    0   30.43    0.00   22.83    0.00    0.00    5.43    0.00    0.00    0.00   41.30
08時52分38秒    1   18.99    0.00   10.13    0.00    0.00    1.27    0.00    0.00    0.00   69.62

08時52分38秒  CPU    %usr   %nice    %sys %iowait    %irq   %soft  %steal  %guest  %gnice   %idle
08時52分39秒    0   24.73    0.00   27.96    0.00    1.08    5.38    0.00    0.00    0.00   40.86
08時52分39秒    1   20.48    0.00    9.64    0.00    0.00    2.41    0.00    0.00    0.00   67.47

08時52分39秒  CPU    %usr   %nice    %sys %iowait    %irq   %soft  %steal  %guest  %gnice   %idle
08時52分40秒    0   28.26    0.00   22.83    0.00    0.00    6.52    0.00    0.00    0.00   42.39
08時52分40秒    1   21.25    0.00    7.50    0.00    0.00    1.25    0.00    0.00    0.00   70.00

08時52分40秒  CPU    %usr   %nice    %sys %iowait    %irq   %soft  %steal  %guest  %gnice   %idle
08時52分41秒    0   31.11    0.00   24.44    0.00    0.00    5.56    0.00    0.00    0.00   38.89
08時52分41秒    1   22.22    0.00   12.35    0.00    0.00    1.23    0.00    0.00    0.00   64.20

08時52分41秒  CPU    %usr   %nice    %sys %iowait    %irq   %soft  %steal  %guest  %gnice   %idle
08時52分42秒    0   36.26    0.00   18.68    0.00    0.00    6.59    0.00    0.00    0.00   38.46
08時52分42秒    1   22.50    0.00   10.00    0.00    0.00    2.50    0.00    0.00    0.00   65.00

08時52分42秒  CPU    %usr   %nice    %sys %iowait    %irq   %soft  %steal  %guest  %gnice   %idle
08時52分43秒    0   30.43    0.00   25.00    0.00    0.00    5.43    0.00    0.00    0.00   39.13
08時52分43秒    1   19.75    0.00   12.35    0.00    0.00    1.23    0.00    0.00    0.00   66.67

08時52分43秒  CPU    %usr   %nice    %sys %iowait    %irq   %soft  %steal  %guest  %gnice   %idle
08時52分44秒    0   33.70    0.00   19.57    0.00    0.00    5.43    0.00    0.00    0.00   41.30
08時52分44秒    1   21.43    0.00    9.52    0.00    0.00    2.38    0.00    0.00    0.00   66.67

08時52分44秒  CPU    %usr   %nice    %sys %iowait    %irq   %soft  %steal  %guest  %gnice   %idle
08時52分45秒    0   33.70    0.00   20.65    0.00    0.00    6.52    0.00    0.00    0.00   39.13
08時52分45秒    1   21.79    0.00    8.97    0.00    0.00    1.28    0.00    0.00    0.00   67.95

08時52分45秒  CPU    %usr   %nice    %sys %iowait    %irq   %soft  %steal  %guest  %gnice   %idle
08時52分46秒    0   30.77    0.00   25.27    0.00    0.00    5.49    0.00    0.00    0.00   38.46
08時52分46秒    1   21.25    0.00   10.00    0.00    0.00    2.50    0.00    0.00    0.00   66.25

08時52分46秒  CPU    %usr   %nice    %sys %iowait    %irq   %soft  %steal  %guest  %gnice   %idle
08時52分47秒    0   27.96    0.00   23.66    0.00    0.00    6.45    0.00    0.00    0.00   41.94
08時52分47秒    1   22.22    0.00    8.64    0.00    0.00    1.23    0.00    0.00    0.00   67.90

08時52分47秒  CPU    %usr   %nice    %sys %iowait    %irq   %soft  %steal  %guest  %gnice   %idle
08時52分48秒    0   30.77    0.00   24.18    0.00    0.00    5.49    0.00    0.00    0.00   39.56
08時52分48秒    1   22.22    0.00   11.11    0.00    0.00    1.23    0.00    0.00    0.00   65.43

08時52分48秒  CPU    %usr   %nice    %sys %iowait    %irq   %soft  %steal  %guest  %gnice   %idle
08時52分49秒    0   31.87    0.00   21.98    0.00    0.00    6.59    0.00    0.00    0.00   39.56
08時52分49秒    1   21.95    0.00    9.76    0.00    0.00    2.44    0.00    0.00    0.00   65.85

08時52分49秒  CPU    %usr   %nice    %sys %iowait    %irq   %soft  %steal  %guest  %gnice   %idle
08時52分50秒    0   30.00    0.00   23.33    0.00    0.00    5.56    0.00    0.00    0.00   41.11
08時52分50秒    1   20.25    0.00   11.39    0.00    0.00    1.27    0.00    0.00    0.00   67.09

08時52分50秒  CPU    %usr   %nice    %sys %iowait    %irq   %soft  %steal  %guest  %gnice   %idle
08時52分51秒    0   32.61    0.00   22.83    0.00    0.00    6.52    0.00    0.00    0.00   38.04
08時52分51秒    1   24.39    0.00    8.54    0.00    0.00    2.44    0.00    0.00    0.00   64.63

08時52分51秒  CPU    %usr   %nice    %sys %iowait    %irq   %soft  %steal  %guest  %gnice   %idle
08時52分52秒    0   31.52    0.00   22.83    0.00    0.00    5.43    0.00    0.00    0.00   40.22
08時52分52秒    1   16.67    0.00   12.82    0.00    0.00    1.28    0.00    0.00    0.00   69.23

08時52分52秒  CPU    %usr   %nice    %sys %iowait    %irq   %soft  %steal  %guest  %gnice   %idle
08時52分53秒    0   30.00    0.00   25.56    0.00    0.00    5.56    0.00    0.00    0.00   38.89
08時52分53秒    1   21.25    0.00    8.75    0.00    0.00    2.50    0.00    0.00    0.00   67.50

08時52分53秒  CPU    %usr   %nice    %sys %iowait    %irq   %soft  %steal  %guest  %gnice   %idle
08時52分54秒    0   29.79    0.00   23.40    0.00    0.00    6.38    0.00    0.00    0.00   40.43
08時52分54秒    1   21.52    0.00    7.59    0.00    0.00    1.27    0.00    0.00    0.00   69.62

08時52分54秒  CPU    %usr   %nice    %sys %iowait    %irq   %soft  %steal  %guest  %gnice   %idle
08時52分55秒    0   28.57    0.00   25.27    0.00    0.00    5.49    0.00    0.00    0.00   40.66
08時52分55秒    1   18.75    0.00   11.25    0.00    0.00    2.50    0.00    0.00    0.00   67.50

08時52分55秒  CPU    %usr   %nice    %sys %iowait    %irq   %soft  %steal  %guest  %gnice   %idle
08時52分56秒    0   32.97    0.00   19.78    0.00    0.00    6.59    0.00    0.00    0.00   40.66
08時52分56秒    1   20.99    0.00   11.11    0.00    0.00    1.23    0.00    0.00    0.00   66.67

08時52分56秒  CPU    %usr   %nice    %sys %iowait    %irq   %soft  %steal  %guest  %gnice   %idle
08時52分57秒    0   26.37    0.00   27.47    0.00    0.00    5.49    0.00    0.00    0.00   40.66
08時52分57秒    1   23.75    0.00    6.25    0.00    0.00    1.25    0.00    0.00    0.00   68.75

08時52分57秒  CPU    %usr   %nice    %sys %iowait    %irq   %soft  %steal  %guest  %gnice   %idle
08時52分58秒    0   32.61    0.00   22.83    0.00    0.00    5.43    0.00    0.00    0.00   39.13
08時52分58秒    1   19.75    0.00   12.35    0.00    0.00    2.47    0.00    0.00    0.00   65.43

08時52分58秒  CPU    %usr   %nice    %sys %iowait    %irq   %soft  %steal  %guest  %gnice   %idle
08時52分59秒    0   26.37    0.00   25.27    0.00    1.10    6.59    0.00    0.00    0.00   40.66
08時52分59秒    1   20.99    0.00   11.11    0.00    0.00    1.23    0.00    0.00    0.00   66.67

08時52分59秒  CPU    %usr   %nice    %sys %iowait    %irq   %soft  %steal  %guest  %gnice   %idle
08時53分00秒    0   31.87    0.00   24.18    0.00    0.00    5.49    0.00    0.00    0.00   38.46
08時53分00秒    1   24.10    0.00    8.43    0.00    0.00    2.41    0.00    0.00    0.00   65.06

平均時間：  CPU    %usr   %nice    %sys %iowait    %irq   %soft  %steal  %guest  %gnice   %idle
平均時間：    0   30.82    0.00   22.92    0.00    0.05    5.88    0.00    0.00    0.00   40.33
平均時間：    1   21.30    0.00    9.68    0.00    0.04    1.77    0.00    0.00    0.00   67.20
