Linux 5.6.15-arch1-1 (archlinux) 	西元2020年06月29日 	_x86_64_	(12 CPU)

08時35分17秒  CPU    %usr   %nice    %sys %iowait    %irq   %soft  %steal  %guest  %gnice   %idle
08時35分18秒    0   30.53    0.00   23.16    0.00    0.00    6.32    0.00    0.00    0.00   40.00
08時35分18秒    1   20.99    0.00   11.11    0.00    0.00    1.23    0.00    0.00    0.00   66.67

08時35分18秒  CPU    %usr   %nice    %sys %iowait    %irq   %soft  %steal  %guest  %gnice   %idle
08時35分19秒    0   31.18    0.00   23.66    0.00    0.00    5.38    0.00    0.00    0.00   39.78
08時35分19秒    1   23.46    0.00    7.41    0.00    0.00    2.47    0.00    0.00    0.00   66.67

08時35分19秒  CPU    %usr   %nice    %sys %iowait    %irq   %soft  %steal  %guest  %gnice   %idle
08時35分20秒    0   29.03    0.00   24.73    0.00    0.00    5.38    0.00    0.00    0.00   40.86
08時35分20秒    1   17.72    0.00   13.92    0.00    0.00    1.27    0.00    0.00    0.00   67.09

08時35分20秒  CPU    %usr   %nice    %sys %iowait    %irq   %soft  %steal  %guest  %gnice   %idle
08時35分21秒    0   28.26    0.00   22.83    0.00    0.00    5.43    0.00    0.00    0.00   43.48
08時35分21秒    1   17.50    0.00   11.25    0.00    0.00    2.50    0.00    0.00    0.00   68.75

08時35分21秒  CPU    %usr   %nice    %sys %iowait    %irq   %soft  %steal  %guest  %gnice   %idle
08時35分22秒    0   27.37    0.00   24.21    0.00    0.00    6.32    0.00    0.00    0.00   42.11
08時35分22秒    1   22.78    0.00    7.59    0.00    0.00    1.27    0.00    0.00    0.00   68.35

08時35分22秒  CPU    %usr   %nice    %sys %iowait    %irq   %soft  %steal  %guest  %gnice   %idle
08時35分23秒    0   32.98    0.00   20.21    0.00    0.00    5.32    0.00    0.00    0.00   41.49
08時35分23秒    1   20.99    0.00    9.88    0.00    0.00    2.47    0.00    0.00    0.00   66.67

08時35分23秒  CPU    %usr   %nice    %sys %iowait    %irq   %soft  %steal  %guest  %gnice   %idle
08時35分24秒    0   29.79    0.00   23.40    0.00    0.00    5.32    0.00    0.00    0.00   41.49
08時35分24秒    1   23.46    0.00    7.41    0.00    0.00    1.23    0.00    0.00    0.00   67.90

08時35分24秒  CPU    %usr   %nice    %sys %iowait    %irq   %soft  %steal  %guest  %gnice   %idle
08時35分25秒    0   27.96    0.00   23.66    0.00    0.00    5.38    0.00    0.00    0.00   43.01
08時35分25秒    1   20.00    0.00   10.00    0.00    0.00    1.25    0.00    0.00    0.00   68.75

08時35分25秒  CPU    %usr   %nice    %sys %iowait    %irq   %soft  %steal  %guest  %gnice   %idle
08時35分26秒    0   27.66    0.00   23.40    0.00    0.00    5.32    0.00    0.00    0.00   43.62
08時35分26秒    1   18.29    0.00   12.20    0.00    0.00    2.44    0.00    0.00    0.00   67.07

08時35分26秒  CPU    %usr   %nice    %sys %iowait    %irq   %soft  %steal  %guest  %gnice   %idle
08時35分27秒    0   30.85    0.00   23.40    0.00    0.00    6.38    0.00    0.00    0.00   39.36
08時35分27秒    1   21.79    0.00   10.26    0.00    0.00    1.28    0.00    0.00    0.00   66.67

08時35分27秒  CPU    %usr   %nice    %sys %iowait    %irq   %soft  %steal  %guest  %gnice   %idle
08時35分28秒    0   30.43    0.00   22.83    0.00    0.00    5.43    0.00    0.00    0.00   41.30
08時35分28秒    1   22.22    0.00    9.88    0.00    0.00    2.47    0.00    0.00    0.00   65.43

08時35分28秒  CPU    %usr   %nice    %sys %iowait    %irq   %soft  %steal  %guest  %gnice   %idle
08時35分29秒    0   30.85    0.00   22.34    0.00    0.00    5.32    0.00    0.00    0.00   41.49
08時35分29秒    1   21.52    0.00    8.86    0.00    0.00    1.27    0.00    0.00    0.00   68.35

08時35分29秒  CPU    %usr   %nice    %sys %iowait    %irq   %soft  %steal  %guest  %gnice   %idle
08時35分30秒    0   29.35    0.00   22.83    0.00    0.00    5.43    0.00    0.00    0.00   42.39
08時35分30秒    1   17.07    0.00   14.63    0.00    0.00    2.44    0.00    0.00    0.00   65.85

08時35分30秒  CPU    %usr   %nice    %sys %iowait    %irq   %soft  %steal  %guest  %gnice   %idle
08時35分31秒    0   27.37    0.00   25.26    0.00    0.00    6.32    0.00    0.00    0.00   41.05
08時35分31秒    1   22.50    0.00    8.75    0.00    0.00    1.25    0.00    0.00    0.00   67.50

08時35分31秒  CPU    %usr   %nice    %sys %iowait    %irq   %soft  %steal  %guest  %gnice   %idle
08時35分32秒    0   32.26    0.00   18.28    0.00    0.00    5.38    0.00    0.00    0.00   44.09
08時35分32秒    1   17.95    0.00   10.26    0.00    0.00    2.56    0.00    0.00    0.00   69.23

08時35分32秒  CPU    %usr   %nice    %sys %iowait    %irq   %soft  %steal  %guest  %gnice   %idle
08時35分33秒    0   31.52    0.00   21.74    0.00    0.00    5.43    0.00    0.00    0.00   41.30
08時35分33秒    1   17.95    0.00   12.82    0.00    0.00    2.56    0.00    0.00    0.00   66.67

08時35分33秒  CPU    %usr   %nice    %sys %iowait    %irq   %soft  %steal  %guest  %gnice   %idle
08時35分34秒    0   28.26    0.00   23.91    0.00    0.00    5.43    0.00    0.00    0.00   42.39
08時35分34秒    1   20.00    0.00   11.25    0.00    0.00    1.25    0.00    0.00    0.00   67.50

08時35分34秒  CPU    %usr   %nice    %sys %iowait    %irq   %soft  %steal  %guest  %gnice   %idle
08時35分35秒    0   29.90    0.00   22.68    0.00    1.03    6.19    0.00    0.00    0.00   40.21
08時35分35秒    1   21.52    0.00    7.59    0.00    0.00    2.53    0.00    0.00    0.00   68.35

08時35分35秒  CPU    %usr   %nice    %sys %iowait    %irq   %soft  %steal  %guest  %gnice   %idle
08時35分36秒    0   30.11    0.00   22.58    0.00    0.00    5.38    0.00    0.00    0.00   41.94
08時35分36秒    1   20.25    0.00   10.13    0.00    0.00    1.27    0.00    0.00    0.00   68.35

08時35分36秒  CPU    %usr   %nice    %sys %iowait    %irq   %soft  %steal  %guest  %gnice   %idle
08時35分37秒    0   29.79    0.00   22.34    0.00    0.00    5.32    0.00    0.00    0.00   42.55
08時35分37秒    1   21.69    0.00    9.64    0.00    0.00    2.41    0.00    0.00    0.00   66.27

08時35分37秒  CPU    %usr   %nice    %sys %iowait    %irq   %soft  %steal  %guest  %gnice   %idle
08時35分38秒    0   28.42    0.00   25.26    0.00    0.00    5.26    0.00    0.00    0.00   41.05
08時35分38秒    1   20.78    0.00    9.09    0.00    0.00    1.30    0.00    0.00    0.00   68.83

08時35分38秒  CPU    %usr   %nice    %sys %iowait    %irq   %soft  %steal  %guest  %gnice   %idle
08時35分39秒    0   31.91    0.00   21.28    0.00    0.00    6.38    0.00    0.00    0.00   40.43
08時35分39秒    1   18.29    0.00   12.20    0.00    1.22    2.44    0.00    0.00    0.00   65.85

08時35分39秒  CPU    %usr   %nice    %sys %iowait    %irq   %soft  %steal  %guest  %gnice   %idle
08時35分40秒    0   30.11    0.00   22.58    0.00    0.00    5.38    0.00    0.00    0.00   41.94
08時35分40秒    1   22.50    0.00   10.00    0.00    0.00    1.25    0.00    0.00    0.00   66.25

08時35分40秒  CPU    %usr   %nice    %sys %iowait    %irq   %soft  %steal  %guest  %gnice   %idle
08時35分41秒    0   26.60    0.00   25.53    0.00    0.00    5.32    0.00    0.00    0.00   42.55
08時35分41秒    1   19.75    0.00    9.88    0.00    0.00    2.47    0.00    0.00    0.00   67.90

08時35分41秒  CPU    %usr   %nice    %sys %iowait    %irq   %soft  %steal  %guest  %gnice   %idle
08時35分42秒    0   27.96    0.00   23.66    0.00    0.00    5.38    0.00    0.00    0.00   43.01
08時35分42秒    1   15.58    0.00   11.69    0.00    0.00    1.30    0.00    0.00    0.00   71.43

08時35分42秒  CPU    %usr   %nice    %sys %iowait    %irq   %soft  %steal  %guest  %gnice   %idle
08時35分43秒    0   29.47    0.00   25.26    0.00    0.00    5.26    0.00    0.00    0.00   40.00
08時35分43秒    1   22.50    0.00    8.75    0.00    0.00    2.50    0.00    0.00    0.00   66.25

08時35分43秒  CPU    %usr   %nice    %sys %iowait    %irq   %soft  %steal  %guest  %gnice   %idle
08時35分44秒    0   32.26    0.00   20.43    0.00    0.00    6.45    0.00    0.00    0.00   40.86
08時35分44秒    1   18.42    0.00   10.53    0.00    0.00    1.32    0.00    0.00    0.00   69.74

08時35分44秒  CPU    %usr   %nice    %sys %iowait    %irq   %soft  %steal  %guest  %gnice   %idle
08時35分45秒    0   25.53    0.00   26.60    0.00    0.00    5.32    0.00    0.00    0.00   42.55
08時35分45秒    1   20.00    0.00   10.00    0.00    0.00    2.50    0.00    0.00    0.00   67.50

08時35分45秒  CPU    %usr   %nice    %sys %iowait    %irq   %soft  %steal  %guest  %gnice   %idle
08時35分46秒    0   28.42    0.00   23.16    0.00    0.00    5.26    0.00    0.00    0.00   43.16
08時35分46秒    1   18.75    0.00   10.00    0.00    0.00    1.25    0.00    0.00    0.00   70.00

08時35分46秒  CPU    %usr   %nice    %sys %iowait    %irq   %soft  %steal  %guest  %gnice   %idle
08時35分47秒    0   31.18    0.00   22.58    0.00    0.00    5.38    0.00    0.00    0.00   40.86
08時35分47秒    1   22.22    0.00    9.88    0.00    0.00    1.23    0.00    0.00    0.00   66.67

08時35分47秒  CPU    %usr   %nice    %sys %iowait    %irq   %soft  %steal  %guest  %gnice   %idle
08時35分48秒    0   29.03    0.00   23.66    0.00    0.00    6.45    0.00    0.00    0.00   40.86
08時35分48秒    1   20.99    0.00   11.11    0.00    0.00    2.47    0.00    0.00    0.00   65.43

08時35分48秒  CPU    %usr   %nice    %sys %iowait    %irq   %soft  %steal  %guest  %gnice   %idle
08時35分49秒    0   31.58    0.00   22.11    0.00    0.00    5.26    0.00    0.00    0.00   41.05
08時35分49秒    1   18.99    0.00   11.39    0.00    0.00    1.27    0.00    0.00    0.00   68.35

08時35分49秒  CPU    %usr   %nice    %sys %iowait    %irq   %soft  %steal  %guest  %gnice   %idle
08時35分50秒    0   34.04    0.00   18.09    0.00    0.00    5.32    0.00    0.00    0.00   42.55
08時35分50秒    1   16.46    0.00   11.39    0.00    0.00    2.53    0.00    0.00    0.00   69.62

08時35分50秒  CPU    %usr   %nice    %sys %iowait    %irq   %soft  %steal  %guest  %gnice   %idle
08時35分51秒    0   30.53    0.00   18.95    0.00    0.00    5.26    0.00    0.00    0.00   45.26
08時35分51秒    1   17.50    0.00   10.00    0.00    0.00    1.25    0.00    0.00    0.00   71.25

08時35分51秒  CPU    %usr   %nice    %sys %iowait    %irq   %soft  %steal  %guest  %gnice   %idle
08時35分52秒    0   30.85    0.00   23.40    0.00    0.00    5.32    0.00    0.00    0.00   40.43
08時35分52秒    1   22.50    0.00    8.75    0.00    0.00    2.50    0.00    0.00    0.00   66.25

08時35分52秒  CPU    %usr   %nice    %sys %iowait    %irq   %soft  %steal  %guest  %gnice   %idle
08時35分53秒    0   29.03    0.00   23.66    0.00    0.00    6.45    0.00    0.00    0.00   40.86
08時35分53秒    1   22.50    0.00    8.75    0.00    0.00    1.25    0.00    0.00    0.00   67.50

08時35分53秒  CPU    %usr   %nice    %sys %iowait    %irq   %soft  %steal  %guest  %gnice   %idle
08時35分54秒    0   27.66    0.00   25.53    0.00    0.00    5.32    0.00    0.00    0.00   41.49
08時35分54秒    1   20.00    0.00    8.75    0.00    0.00    2.50    0.00    0.00    0.00   68.75

08時35分54秒  CPU    %usr   %nice    %sys %iowait    %irq   %soft  %steal  %guest  %gnice   %idle
08時35分55秒    0   26.88    0.00   24.73    0.00    1.08    5.38    0.00    0.00    0.00   41.94
08時35分55秒    1   22.50    0.00   10.00    0.00    0.00    1.25    0.00    0.00    0.00   66.25

08時35分55秒  CPU    %usr   %nice    %sys %iowait    %irq   %soft  %steal  %guest  %gnice   %idle
08時35分56秒    0   29.79    0.00   22.34    0.00    0.00    5.32    0.00    0.00    0.00   42.55
08時35分56秒    1   18.99    0.00    8.86    0.00    0.00    2.53    0.00    0.00    0.00   69.62

08時35分56秒  CPU    %usr   %nice    %sys %iowait    %irq   %soft  %steal  %guest  %gnice   %idle
08時35分57秒    0   29.79    0.00   22.34    0.00    0.00    5.32    0.00    0.00    0.00   42.55
08時35分57秒    1   18.75    0.00   12.50    0.00    0.00    1.25    0.00    0.00    0.00   67.50

08時35分57秒  CPU    %usr   %nice    %sys %iowait    %irq   %soft  %steal  %guest  %gnice   %idle
08時35分58秒    0   30.85    0.00   21.28    0.00    0.00    6.38    0.00    0.00    0.00   41.49
08時35分58秒    1   25.93    0.00    4.94    0.00    0.00    2.47    0.00    0.00    0.00   66.67

08時35分58秒  CPU    %usr   %nice    %sys %iowait    %irq   %soft  %steal  %guest  %gnice   %idle
08時35分59秒    0   32.26    0.00   17.20    0.00    0.00    5.38    0.00    0.00    0.00   45.16
08時35分59秒    1   19.75    0.00    9.88    0.00    0.00    1.23    0.00    0.00    0.00   69.14

08時35分59秒  CPU    %usr   %nice    %sys %iowait    %irq   %soft  %steal  %guest  %gnice   %idle
08時36分00秒    0   28.72    0.00   25.53    0.00    0.00    5.32    0.00    0.00    0.00   40.43
08時36分00秒    1   23.46    0.00    7.41    0.00    0.00    2.47    0.00    0.00    0.00   66.67

08時36分00秒  CPU    %usr   %nice    %sys %iowait    %irq   %soft  %steal  %guest  %gnice   %idle
08時36分01秒    0   29.79    0.00   23.40    0.00    0.00    5.32    0.00    0.00    0.00   41.49
08時36分01秒    1   22.22    0.00    9.88    0.00    0.00    1.23    0.00    0.00    0.00   66.67

08時36分01秒  CPU    %usr   %nice    %sys %iowait    %irq   %soft  %steal  %guest  %gnice   %idle
08時36分02秒    0   32.98    0.00   21.28    0.00    0.00    5.32    0.00    0.00    0.00   40.43
08時36分02秒    1   21.25    0.00    8.75    0.00    0.00    2.50    0.00    0.00    0.00   67.50

08時36分02秒  CPU    %usr   %nice    %sys %iowait    %irq   %soft  %steal  %guest  %gnice   %idle
08時36分03秒    0   28.42    0.00   25.26    0.00    0.00    6.32    0.00    0.00    0.00   40.00
08時36分03秒    1   22.50    0.00   10.00    0.00    0.00    1.25    0.00    0.00    0.00   66.25

08時36分03秒  CPU    %usr   %nice    %sys %iowait    %irq   %soft  %steal  %guest  %gnice   %idle
08時36分04秒    0   32.61    0.00   18.48    0.00    0.00    5.43    0.00    0.00    0.00   43.48
08時36分04秒    1   21.25    0.00    7.50    0.00    0.00    2.50    0.00    0.00    0.00   68.75

08時36分04秒  CPU    %usr   %nice    %sys %iowait    %irq   %soft  %steal  %guest  %gnice   %idle
08時36分05秒    0   31.87    0.00   18.68    0.00    0.00    5.49    0.00    0.00    0.00   43.96
08時36分05秒    1   20.25    0.00    8.86    0.00    0.00    1.27    0.00    0.00    0.00   69.62

08時36分05秒  CPU    %usr   %nice    %sys %iowait    %irq   %soft  %steal  %guest  %gnice   %idle
08時36分06秒    0   35.11    0.00   19.15    0.00    0.00    5.32    0.00    0.00    0.00   40.43
08時36分06秒    1   20.25    0.00    8.86    0.00    0.00    2.53    0.00    0.00    0.00   68.35

08時36分06秒  CPU    %usr   %nice    %sys %iowait    %irq   %soft  %steal  %guest  %gnice   %idle
08時36分07秒    0   30.53    0.00   21.05    0.00    0.00    6.32    0.00    0.00    0.00   42.11
08時36分07秒    1   18.99    0.00   10.13    0.00    0.00    1.27    0.00    0.00    0.00   69.62

08時36分07秒  CPU    %usr   %nice    %sys %iowait    %irq   %soft  %steal  %guest  %gnice   %idle
08時36分08秒    0   30.43    0.00   23.91    0.00    0.00    5.43    0.00    0.00    0.00   40.22
08時36分08秒    1   23.17    0.00    9.76    0.00    0.00    2.44    0.00    0.00    0.00   64.63

08時36分08秒  CPU    %usr   %nice    %sys %iowait    %irq   %soft  %steal  %guest  %gnice   %idle
08時36分09秒    0   30.11    0.00   24.73    0.00    0.00    5.38    0.00    0.00    0.00   39.78
08時36分09秒    1   20.78    0.00    7.79    0.00    0.00    1.30    0.00    0.00    0.00   70.13

08時36分09秒  CPU    %usr   %nice    %sys %iowait    %irq   %soft  %steal  %guest  %gnice   %idle
08時36分10秒    0   32.61    0.00   19.57    0.00    0.00    5.43    0.00    0.00    0.00   42.39
08時36分10秒    1   22.50    0.00    8.75    0.00    0.00    1.25    0.00    0.00    0.00   67.50

08時36分10秒  CPU    %usr   %nice    %sys %iowait    %irq   %soft  %steal  %guest  %gnice   %idle
08時36分11秒    0   32.98    0.00   20.21    0.00    0.00    6.38    0.00    0.00    0.00   40.43
08時36分11秒    1   19.75    0.00   12.35    0.00    0.00    2.47    0.00    0.00    0.00   65.43

08時36分11秒  CPU    %usr   %nice    %sys %iowait    %irq   %soft  %steal  %guest  %gnice   %idle
08時36分12秒    0   30.11    0.00   23.66    0.00    0.00    5.38    0.00    0.00    0.00   40.86
08時36分12秒    1   20.25    0.00   10.13    0.00    0.00    2.53    0.00    0.00    0.00   67.09

08時36分12秒  CPU    %usr   %nice    %sys %iowait    %irq   %soft  %steal  %guest  %gnice   %idle
08時36分13秒    0   31.91    0.00   20.21    0.00    0.00    5.32    0.00    0.00    0.00   42.55
08時36分13秒    1   23.17    0.00    9.76    0.00    0.00    1.22    0.00    0.00    0.00   65.85

08時36分13秒  CPU    %usr   %nice    %sys %iowait    %irq   %soft  %steal  %guest  %gnice   %idle
08時36分14秒    0   29.03    0.00   23.66    0.00    0.00    5.38    0.00    0.00    0.00   41.94
08時36分14秒    1   20.00    0.00   10.00    0.00    0.00    1.25    0.00    0.00    0.00   68.75

08時36分14秒  CPU    %usr   %nice    %sys %iowait    %irq   %soft  %steal  %guest  %gnice   %idle
08時36分15秒    0   31.18    0.00   21.51    0.00    1.08    5.38    0.00    0.00    0.00   40.86
08時36分15秒    1   16.46    0.00   11.39    0.00    0.00    2.53    0.00    0.00    0.00   69.62

08時36分15秒  CPU    %usr   %nice    %sys %iowait    %irq   %soft  %steal  %guest  %gnice   %idle
08時36分16秒    0   29.79    0.00   22.34    0.00    0.00    6.38    0.00    0.00    0.00   41.49
08時36分16秒    1   23.46    0.00    8.64    0.00    0.00    1.23    0.00    0.00    0.00   66.67

08時36分16秒  CPU    %usr   %nice    %sys %iowait    %irq   %soft  %steal  %guest  %gnice   %idle
08時36分17秒    0   25.53    0.00   27.66    0.00    0.00    5.32    0.00    0.00    0.00   41.49
08時36分17秒    1   20.48    0.00    9.64    0.00    1.20    2.41    0.00    0.00    0.00   66.27

08時36分17秒  CPU    %usr   %nice    %sys %iowait    %irq   %soft  %steal  %guest  %gnice   %idle
08時36分18秒    0   34.07    0.00   18.68    0.00    0.00    5.49    0.00    0.00    0.00   41.76
08時36分18秒    1   18.99    0.00   11.39    0.00    0.00    1.27    0.00    0.00    0.00   68.35

08時36分18秒  CPU    %usr   %nice    %sys %iowait    %irq   %soft  %steal  %guest  %gnice   %idle
08時36分19秒    0   31.58    0.00   22.11    0.00    0.00    6.32    0.00    0.00    0.00   40.00
08時36分19秒    1   22.22    0.00    9.88    0.00    0.00    2.47    0.00    0.00    0.00   65.43

08時36分19秒  CPU    %usr   %nice    %sys %iowait    %irq   %soft  %steal  %guest  %gnice   %idle
08時36分20秒    0   27.96    0.00   24.73    0.00    0.00    5.38    0.00    0.00    0.00   41.94
08時36分20秒    1   25.93    0.00    7.41    0.00    0.00    2.47    0.00    0.00    0.00   64.20

08時36分20秒  CPU    %usr   %nice    %sys %iowait    %irq   %soft  %steal  %guest  %gnice   %idle
08時36分21秒    0   28.42    0.00   25.26    0.00    0.00    5.26    0.00    0.00    0.00   41.05
08時36分21秒    1   22.50    0.00    8.75    0.00    0.00    2.50    0.00    0.00    0.00   66.25

08時36分21秒  CPU    %usr   %nice    %sys %iowait    %irq   %soft  %steal  %guest  %gnice   %idle
08時36分22秒    0   28.26    0.00   23.91    0.00    0.00    5.43    0.00    0.00    0.00   42.39
08時36分22秒    1   18.75    0.00   11.25    0.00    0.00    2.50    0.00    0.00    0.00   67.50

08時36分22秒  CPU    %usr   %nice    %sys %iowait    %irq   %soft  %steal  %guest  %gnice   %idle
08時36分23秒    0   30.11    0.00   23.66    0.00    0.00    6.45    0.00    0.00    0.00   39.78
08時36分23秒    1   23.46    0.00    8.64    0.00    1.23    2.47    0.00    0.00    0.00   64.20

08時36分23秒  CPU    %usr   %nice    %sys %iowait    %irq   %soft  %steal  %guest  %gnice   %idle
08時36分24秒    0   28.72    0.00   23.40    0.00    0.00    5.32    0.00    0.00    0.00   42.55
08時36分24秒    1   19.75    0.00   12.35    0.00    0.00    2.47    0.00    0.00    0.00   65.43

08時36分24秒  CPU    %usr   %nice    %sys %iowait    %irq   %soft  %steal  %guest  %gnice   %idle
08時36分25秒    0   33.33    0.00   18.28    0.00    0.00    5.38    0.00    0.00    0.00   43.01
08時36分25秒    1   19.75    0.00   11.11    0.00    0.00    2.47    0.00    0.00    0.00   66.67

08時36分25秒  CPU    %usr   %nice    %sys %iowait    %irq   %soft  %steal  %guest  %gnice   %idle
08時36分26秒    0   28.26    0.00   25.00    0.00    0.00    5.43    0.00    0.00    0.00   41.30
08時36分26秒    1   18.75    0.00   11.25    0.00    0.00    1.25    0.00    0.00    0.00   68.75

08時36分26秒  CPU    %usr   %nice    %sys %iowait    %irq   %soft  %steal  %guest  %gnice   %idle
08時36分27秒    0   33.33    0.00   20.83    0.00    0.00    6.25    0.00    0.00    0.00   39.58
08時36分27秒    1   22.78    0.00    8.86    0.00    0.00    2.53    0.00    0.00    0.00   65.82

08時36分27秒  CPU    %usr   %nice    %sys %iowait    %irq   %soft  %steal  %guest  %gnice   %idle
08時36分28秒    0   33.33    0.00   19.35    0.00    0.00    5.38    0.00    0.00    0.00   41.94
08時36分28秒    1   20.99    0.00    9.88    0.00    0.00    1.23    0.00    0.00    0.00   67.90

08時36分28秒  CPU    %usr   %nice    %sys %iowait    %irq   %soft  %steal  %guest  %gnice   %idle
08時36分29秒    0   30.11    0.00   22.58    0.00    0.00    5.38    0.00    0.00    0.00   41.94
08時36分29秒    1   22.50    0.00    8.75    0.00    0.00    2.50    0.00    0.00    0.00   66.25

08時36分29秒  CPU    %usr   %nice    %sys %iowait    %irq   %soft  %steal  %guest  %gnice   %idle
08時36分30秒    0   31.58    0.00   22.11    0.00    0.00    5.26    0.00    0.00    0.00   41.05
08時36分30秒    1   21.25    0.00   10.00    0.00    0.00    1.25    0.00    0.00    0.00   67.50

08時36分30秒  CPU    %usr   %nice    %sys %iowait    %irq   %soft  %steal  %guest  %gnice   %idle
08時36分31秒    0   36.56    0.00   18.28    0.00    0.00    6.45    0.00    0.00    0.00   38.71
08時36分31秒    1   18.52    0.00   13.58    0.00    0.00    2.47    0.00    0.00    0.00   65.43

08時36分31秒  CPU    %usr   %nice    %sys %iowait    %irq   %soft  %steal  %guest  %gnice   %idle
08時36分32秒    0   32.26    0.00   21.51    0.00    0.00    5.38    0.00    0.00    0.00   40.86
08時36分32秒    1   21.79    0.00    7.69    0.00    0.00    1.28    0.00    0.00    0.00   69.23

08時36分32秒  CPU    %usr   %nice    %sys %iowait    %irq   %soft  %steal  %guest  %gnice   %idle
08時36分33秒    0   31.18    0.00   20.43    0.00    0.00    5.38    0.00    0.00    0.00   43.01
08時36分33秒    1   20.99    0.00    8.64    0.00    0.00    2.47    0.00    0.00    0.00   67.90

08時36分33秒  CPU    %usr   %nice    %sys %iowait    %irq   %soft  %steal  %guest  %gnice   %idle
08時36分34秒    0   30.11    0.00   22.58    0.00    0.00    5.38    0.00    0.00    0.00   41.94
08時36分34秒    1   18.75    0.00   11.25    0.00    0.00    1.25    0.00    0.00    0.00   68.75

08時36分34秒  CPU    %usr   %nice    %sys %iowait    %irq   %soft  %steal  %guest  %gnice   %idle
08時36分35秒    0   36.84    0.00   17.89    0.00    0.00    6.32    0.00    0.00    0.00   38.95
08時36分35秒    1   19.75    0.00   11.11    0.00    0.00    2.47    0.00    0.00    0.00   66.67

08時36分35秒  CPU    %usr   %nice    %sys %iowait    %irq   %soft  %steal  %guest  %gnice   %idle
08時36分36秒    0   31.18    0.00   21.51    0.00    1.08    5.38    0.00    0.00    0.00   40.86
08時36分36秒    1   19.74    0.00    9.21    0.00    0.00    1.32    0.00    0.00    0.00   69.74

08時36分36秒  CPU    %usr   %nice    %sys %iowait    %irq   %soft  %steal  %guest  %gnice   %idle
08時36分37秒    0   29.35    0.00   23.91    0.00    0.00    5.43    0.00    0.00    0.00   41.30
08時36分37秒    1   21.25    0.00    8.75    0.00    0.00    2.50    0.00    0.00    0.00   67.50

08時36分37秒  CPU    %usr   %nice    %sys %iowait    %irq   %soft  %steal  %guest  %gnice   %idle
08時36分38秒    0   31.18    0.00   21.51    0.00    0.00    5.38    0.00    0.00    0.00   41.94
08時36分38秒    1   21.25    0.00   10.00    0.00    0.00    1.25    0.00    0.00    0.00   67.50

08時36分38秒  CPU    %usr   %nice    %sys %iowait    %irq   %soft  %steal  %guest  %gnice   %idle
08時36分39秒    0   30.11    0.00   21.51    0.00    0.00    6.45    0.00    0.00    0.00   41.94
08時36分39秒    1   21.25    0.00    8.75    0.00    0.00    2.50    0.00    0.00    0.00   67.50

08時36分39秒  CPU    %usr   %nice    %sys %iowait    %irq   %soft  %steal  %guest  %gnice   %idle
08時36分40秒    0   33.33    0.00   19.35    0.00    0.00    5.38    0.00    0.00    0.00   41.94
08時36分40秒    1   20.25    0.00   10.13    0.00    0.00    1.27    0.00    0.00    0.00   68.35

08時36分40秒  CPU    %usr   %nice    %sys %iowait    %irq   %soft  %steal  %guest  %gnice   %idle
08時36分41秒    0   26.88    0.00   25.81    0.00    0.00    5.38    0.00    0.00    0.00   41.94
08時36分41秒    1   23.81    0.00    9.52    0.00    0.00    2.38    0.00    0.00    0.00   64.29

08時36分41秒  CPU    %usr   %nice    %sys %iowait    %irq   %soft  %steal  %guest  %gnice   %idle
08時36分42秒    0   29.47    0.00   25.26    0.00    0.00    6.32    0.00    0.00    0.00   38.95
08時36分42秒    1   21.25    0.00   11.25    0.00    0.00    1.25    0.00    0.00    0.00   66.25

08時36分42秒  CPU    %usr   %nice    %sys %iowait    %irq   %soft  %steal  %guest  %gnice   %idle
08時36分43秒    0   27.37    0.00   25.26    0.00    0.00    5.26    0.00    0.00    0.00   42.11
08時36分43秒    1   16.46    0.00   11.39    0.00    0.00    2.53    0.00    0.00    0.00   69.62

08時36分43秒  CPU    %usr   %nice    %sys %iowait    %irq   %soft  %steal  %guest  %gnice   %idle
08時36分44秒    0   27.96    0.00   24.73    0.00    0.00    5.38    0.00    0.00    0.00   41.94
08時36分44秒    1   20.00    0.00   11.25    0.00    0.00    1.25    0.00    0.00    0.00   67.50

08時36分44秒  CPU    %usr   %nice    %sys %iowait    %irq   %soft  %steal  %guest  %gnice   %idle
08時36分45秒    0   29.79    0.00   24.47    0.00    0.00    5.32    0.00    0.00    0.00   40.43
08時36分45秒    1   21.25    0.00    8.75    0.00    0.00    2.50    0.00    0.00    0.00   67.50

08時36分45秒  CPU    %usr   %nice    %sys %iowait    %irq   %soft  %steal  %guest  %gnice   %idle
08時36分46秒    0   31.58    0.00   21.05    0.00    0.00    6.32    0.00    0.00    0.00   41.05
08時36分46秒    1   25.64    0.00    5.13    0.00    0.00    1.28    0.00    0.00    0.00   67.95

08時36分46秒  CPU    %usr   %nice    %sys %iowait    %irq   %soft  %steal  %guest  %gnice   %idle
08時36分47秒    0   31.87    0.00   19.78    0.00    0.00    5.49    0.00    0.00    0.00   42.86
08時36分47秒    1   19.75    0.00    9.88    0.00    0.00    2.47    0.00    0.00    0.00   67.90

08時36分47秒  CPU    %usr   %nice    %sys %iowait    %irq   %soft  %steal  %guest  %gnice   %idle
08時36分48秒    0   32.26    0.00   19.35    0.00    0.00    5.38    0.00    0.00    0.00   43.01
08時36分48秒    1   18.99    0.00   10.13    0.00    0.00    1.27    0.00    0.00    0.00   69.62

08時36分48秒  CPU    %usr   %nice    %sys %iowait    %irq   %soft  %steal  %guest  %gnice   %idle
08時36分49秒    0   30.85    0.00   23.40    0.00    0.00    5.32    0.00    0.00    0.00   40.43
08時36分49秒    1   20.99    0.00    9.88    0.00    0.00    2.47    0.00    0.00    0.00   66.67

08時36分49秒  CPU    %usr   %nice    %sys %iowait    %irq   %soft  %steal  %guest  %gnice   %idle
08時36分50秒    0   31.91    0.00   22.34    0.00    0.00    6.38    0.00    0.00    0.00   39.36
08時36分50秒    1   21.79    0.00   10.26    0.00    0.00    1.28    0.00    0.00    0.00   66.67

08時36分50秒  CPU    %usr   %nice    %sys %iowait    %irq   %soft  %steal  %guest  %gnice   %idle
08時36分51秒    0   30.85    0.00   21.28    0.00    0.00    5.32    0.00    0.00    0.00   42.55
08時36分51秒    1   20.00    0.00    8.75    0.00    0.00    2.50    0.00    0.00    0.00   68.75

08時36分51秒  CPU    %usr   %nice    %sys %iowait    %irq   %soft  %steal  %guest  %gnice   %idle
08時36分52秒    0   34.78    0.00   17.39    0.00    0.00    5.43    0.00    0.00    0.00   42.39
08時36分52秒    1   19.23    0.00   10.26    0.00    0.00    1.28    0.00    0.00    0.00   69.23

08時36分52秒  CPU    %usr   %nice    %sys %iowait    %irq   %soft  %steal  %guest  %gnice   %idle
08時36分53秒    0   28.72    0.00   24.47    0.00    0.00    5.32    0.00    0.00    0.00   41.49
08時36分53秒    1   18.52    0.00   11.11    0.00    0.00    2.47    0.00    0.00    0.00   67.90

08時36分53秒  CPU    %usr   %nice    %sys %iowait    %irq   %soft  %steal  %guest  %gnice   %idle
08時36分54秒    0   28.72    0.00   22.34    0.00    0.00    5.32    0.00    0.00    0.00   43.62
08時36分54秒    1   22.22    0.00    8.64    0.00    0.00    1.23    0.00    0.00    0.00   67.90

08時36分54秒  CPU    %usr   %nice    %sys %iowait    %irq   %soft  %steal  %guest  %gnice   %idle
08時36分55秒    0   29.03    0.00   22.58    0.00    0.00    6.45    0.00    0.00    0.00   41.94
08時36分55秒    1   21.25    0.00   10.00    0.00    0.00    1.25    0.00    0.00    0.00   67.50

08時36分55秒  CPU    %usr   %nice    %sys %iowait    %irq   %soft  %steal  %guest  %gnice   %idle
08時36分56秒    0   31.58    0.00   20.00    0.00    1.05    5.26    0.00    0.00    0.00   42.11
08時36分56秒    1   17.72    0.00   10.13    0.00    0.00    2.53    0.00    0.00    0.00   69.62

08時36分56秒  CPU    %usr   %nice    %sys %iowait    %irq   %soft  %steal  %guest  %gnice   %idle
08時36分57秒    0   32.26    0.00   20.43    0.00    0.00    5.38    0.00    0.00    0.00   41.94
08時36分57秒    1   24.39    0.00    7.32    0.00    0.00    1.22    0.00    0.00    0.00   67.07

08時36分57秒  CPU    %usr   %nice    %sys %iowait    %irq   %soft  %steal  %guest  %gnice   %idle
08時36分58秒    0   30.43    0.00   23.91    0.00    0.00    5.43    0.00    0.00    0.00   40.22
08時36分58秒    1   21.25    0.00   10.00    0.00    0.00    2.50    0.00    0.00    0.00   66.25

08時36分58秒  CPU    %usr   %nice    %sys %iowait    %irq   %soft  %steal  %guest  %gnice   %idle
08時36分59秒    0   29.47    0.00   23.16    0.00    0.00    6.32    0.00    0.00    0.00   41.05
08時36分59秒    1   22.22    0.00    8.64    0.00    0.00    2.47    0.00    0.00    0.00   66.67

08時36分59秒  CPU    %usr   %nice    %sys %iowait    %irq   %soft  %steal  %guest  %gnice   %idle
08時37分00秒    0   28.72    0.00   23.40    0.00    0.00    5.32    0.00    0.00    0.00   42.55
08時37分00秒    1   20.73    0.00    9.76    0.00    1.22    1.22    0.00    0.00    0.00   67.07

08時37分00秒  CPU    %usr   %nice    %sys %iowait    %irq   %soft  %steal  %guest  %gnice   %idle
08時37分01秒    0   29.79    0.00   23.40    0.00    0.00    5.32    0.00    0.00    0.00   41.49
08時37分01秒    1   21.52    0.00   10.13    0.00    0.00    1.27    0.00    0.00    0.00   67.09

08時37分01秒  CPU    %usr   %nice    %sys %iowait    %irq   %soft  %steal  %guest  %gnice   %idle
08時37分02秒    0   27.78    0.00   23.33    0.00    0.00    5.56    0.00    0.00    0.00   43.33
08時37分02秒    1   18.29    0.00   12.20    0.00    0.00    2.44    0.00    0.00    0.00   67.07

08時37分02秒  CPU    %usr   %nice    %sys %iowait    %irq   %soft  %steal  %guest  %gnice   %idle
08時37分03秒    0   29.35    0.00   21.74    0.00    0.00    5.43    0.00    0.00    0.00   43.48
08時37分03秒    1   20.25    0.00    8.86    0.00    0.00    1.27    0.00    0.00    0.00   69.62

08時37分03秒  CPU    %usr   %nice    %sys %iowait    %irq   %soft  %steal  %guest  %gnice   %idle
08時37分04秒    0   30.21    0.00   21.88    0.00    0.00    6.25    0.00    0.00    0.00   41.67
08時37分04秒    1   18.52    0.00   11.11    0.00    0.00    2.47    0.00    0.00    0.00   67.90

08時37分04秒  CPU    %usr   %nice    %sys %iowait    %irq   %soft  %steal  %guest  %gnice   %idle
08時37分05秒    0   26.09    0.00   25.00    0.00    0.00    5.43    0.00    0.00    0.00   43.48
08時37分05秒    1   18.52    0.00   12.35    0.00    0.00    1.23    0.00    0.00    0.00   67.90

08時37分05秒  CPU    %usr   %nice    %sys %iowait    %irq   %soft  %steal  %guest  %gnice   %idle
08時37分06秒    0   29.79    0.00   24.47    0.00    0.00    5.32    0.00    0.00    0.00   40.43
08時37分06秒    1   21.52    0.00    8.86    0.00    0.00    2.53    0.00    0.00    0.00   67.09

08時37分06秒  CPU    %usr   %nice    %sys %iowait    %irq   %soft  %steal  %guest  %gnice   %idle
08時37分07秒    0   27.96    0.00   25.81    0.00    0.00    5.38    0.00    0.00    0.00   40.86
08時37分07秒    1   21.52    0.00    8.86    0.00    0.00    1.27    0.00    0.00    0.00   68.35

08時37分07秒  CPU    %usr   %nice    %sys %iowait    %irq   %soft  %steal  %guest  %gnice   %idle
08時37分08秒    0   29.90    0.00   22.68    0.00    0.00    6.19    0.00    0.00    0.00   41.24
08時37分08秒    1   22.22    0.00    7.41    0.00    0.00    2.47    0.00    0.00    0.00   67.90

08時37分08秒  CPU    %usr   %nice    %sys %iowait    %irq   %soft  %steal  %guest  %gnice   %idle
08時37分09秒    0   29.35    0.00   22.83    0.00    0.00    5.43    0.00    0.00    0.00   42.39
08時37分09秒    1   23.46    0.00    8.64    0.00    0.00    1.23    0.00    0.00    0.00   66.67

08時37分09秒  CPU    %usr   %nice    %sys %iowait    %irq   %soft  %steal  %guest  %gnice   %idle
08時37分10秒    0   32.61    0.00   22.83    0.00    0.00    5.43    0.00    0.00    0.00   39.13
08時37分10秒    1   22.50    0.00   10.00    0.00    0.00    2.50    0.00    0.00    0.00   65.00

08時37分10秒  CPU    %usr   %nice    %sys %iowait    %irq   %soft  %steal  %guest  %gnice   %idle
08時37分11秒    0   26.60    0.00   26.60    0.00    0.00    5.32    0.00    0.00    0.00   41.49
08時37分11秒    1   18.75    0.00   11.25    0.00    0.00    1.25    0.00    0.00    0.00   68.75

08時37分11秒  CPU    %usr   %nice    %sys %iowait    %irq   %soft  %steal  %guest  %gnice   %idle
08時37分12秒    0   32.98    0.00   20.21    0.00    0.00    6.38    0.00    0.00    0.00   40.43
08時37分12秒    1   18.99    0.00   11.39    0.00    0.00    2.53    0.00    0.00    0.00   67.09

08時37分12秒  CPU    %usr   %nice    %sys %iowait    %irq   %soft  %steal  %guest  %gnice   %idle
08時37分13秒    0   27.66    0.00   25.53    0.00    0.00    5.32    0.00    0.00    0.00   41.49
08時37分13秒    1   21.25    0.00    8.75    0.00    0.00    1.25    0.00    0.00    0.00   68.75

08時37分13秒  CPU    %usr   %nice    %sys %iowait    %irq   %soft  %steal  %guest  %gnice   %idle
08時37分14秒    0   29.03    0.00   21.51    0.00    0.00    5.38    0.00    0.00    0.00   44.09
08時37分14秒    1   21.69    0.00    9.64    0.00    0.00    2.41    0.00    0.00    0.00   66.27

08時37分14秒  CPU    %usr   %nice    %sys %iowait    %irq   %soft  %steal  %guest  %gnice   %idle
08時37分15秒    0   26.60    0.00   25.53    0.00    0.00    5.32    0.00    0.00    0.00   42.55
08時37分15秒    1   21.25    0.00    8.75    0.00    0.00    1.25    0.00    0.00    0.00   68.75

08時37分15秒  CPU    %usr   %nice    %sys %iowait    %irq   %soft  %steal  %guest  %gnice   %idle
08時37分16秒    0   32.61    0.00   19.57    0.00    0.00    6.52    0.00    0.00    0.00   41.30
08時37分16秒    1   21.25    0.00    8.75    0.00    0.00    2.50    0.00    0.00    0.00   67.50

08時37分16秒  CPU    %usr   %nice    %sys %iowait    %irq   %soft  %steal  %guest  %gnice   %idle
08時37分17秒    0   29.79    0.00   21.28    0.00    1.06    5.32    0.00    0.00    0.00   42.55
08時37分17秒    1   17.95    0.00   11.54    0.00    0.00    1.28    0.00    0.00    0.00   69.23

平均時間：  CPU    %usr   %nice    %sys %iowait    %irq   %soft  %steal  %guest  %gnice   %idle
平均時間：    0   30.22    0.00   22.51    0.00    0.05    5.60    0.00    0.00    0.00   41.61
平均時間：    1   20.69    0.00    9.85    0.00    0.04    1.88    0.00    0.00    0.00   67.53
