Linux 5.6.15-arch1-1 (archlinux) 	西元2020年06月29日 	_x86_64_	(12 CPU)

08時43分08秒  CPU    %usr   %nice    %sys %iowait    %irq   %soft  %steal  %guest  %gnice   %idle
08時43分09秒    0   29.35    0.00   22.83    0.00    0.00    5.43    0.00    0.00    0.00   42.39
08時43分09秒    1   18.18    0.00    9.09    0.00    0.00    1.30    0.00    0.00    0.00   71.43

08時43分09秒  CPU    %usr   %nice    %sys %iowait    %irq   %soft  %steal  %guest  %gnice   %idle
08時43分10秒    0   31.52    0.00   21.74    0.00    0.00    5.43    0.00    0.00    0.00   41.30
08時43分10秒    1   18.99    0.00   10.13    0.00    0.00    1.27    0.00    0.00    0.00   69.62

08時43分10秒  CPU    %usr   %nice    %sys %iowait    %irq   %soft  %steal  %guest  %gnice   %idle
08時43分11秒    0   31.58    0.00   21.05    0.00    0.00    6.32    0.00    0.00    0.00   41.05
08時43分11秒    1   21.95    0.00    8.54    0.00    0.00    2.44    0.00    0.00    0.00   67.07

08時43分11秒  CPU    %usr   %nice    %sys %iowait    %irq   %soft  %steal  %guest  %gnice   %idle
08時43分12秒    0   31.52    0.00   21.74    0.00    0.00    5.43    0.00    0.00    0.00   41.30
08時43分12秒    1   24.69    0.00    7.41    0.00    0.00    1.23    0.00    0.00    0.00   66.67

08時43分12秒  CPU    %usr   %nice    %sys %iowait    %irq   %soft  %steal  %guest  %gnice   %idle
08時43分13秒    0   30.85    0.00   21.28    0.00    0.00    6.38    0.00    0.00    0.00   41.49
08時43分13秒    1   20.99    0.00    9.88    0.00    0.00    2.47    0.00    0.00    0.00   66.67

08時43分13秒  CPU    %usr   %nice    %sys %iowait    %irq   %soft  %steal  %guest  %gnice   %idle
08時43分14秒    0   31.52    0.00   21.74    0.00    0.00    5.43    0.00    0.00    0.00   41.30
08時43分14秒    1   19.75    0.00   12.35    0.00    0.00    1.23    0.00    0.00    0.00   66.67

08時43分14秒  CPU    %usr   %nice    %sys %iowait    %irq   %soft  %steal  %guest  %gnice   %idle
08時43分15秒    0   33.33    0.00   24.73    0.00    0.00    6.45    0.00    0.00    0.00   35.48
08時43分15秒    1   21.25    0.00   10.00    0.00    0.00    2.50    0.00    0.00    0.00   66.25

08時43分15秒  CPU    %usr   %nice    %sys %iowait    %irq   %soft  %steal  %guest  %gnice   %idle
08時43分16秒    0   27.17    0.00   26.09    0.00    0.00    5.43    0.00    0.00    0.00   41.30
08時43分16秒    1   22.50    0.00    8.75    0.00    0.00    1.25    0.00    0.00    0.00   67.50

08時43分16秒  CPU    %usr   %nice    %sys %iowait    %irq   %soft  %steal  %guest  %gnice   %idle
08時43分17秒    0   30.85    0.00   21.28    0.00    0.00    5.32    0.00    0.00    0.00   42.55
08時43分17秒    1   19.75    0.00    8.64    0.00    0.00    2.47    0.00    0.00    0.00   69.14

08時43分17秒  CPU    %usr   %nice    %sys %iowait    %irq   %soft  %steal  %guest  %gnice   %idle
08時43分18秒    0   31.58    0.00   20.00    0.00    0.00    6.32    0.00    0.00    0.00   42.11
08時43分18秒    1   18.99    0.00    8.86    0.00    0.00    1.27    0.00    0.00    0.00   70.89

08時43分18秒  CPU    %usr   %nice    %sys %iowait    %irq   %soft  %steal  %guest  %gnice   %idle
08時43分19秒    0   32.97    0.00   19.78    0.00    0.00    5.49    0.00    0.00    0.00   41.76
08時43分19秒    1   21.52    0.00    7.59    0.00    0.00    1.27    0.00    0.00    0.00   69.62

08時43分19秒  CPU    %usr   %nice    %sys %iowait    %irq   %soft  %steal  %guest  %gnice   %idle
08時43分20秒    0   33.33    0.00   19.35    0.00    0.00    5.38    0.00    0.00    0.00   41.94
08時43分20秒    1   24.69    0.00    4.94    0.00    0.00    2.47    0.00    0.00    0.00   67.90

08時43分20秒  CPU    %usr   %nice    %sys %iowait    %irq   %soft  %steal  %guest  %gnice   %idle
08時43分21秒    0   30.85    0.00   23.40    0.00    0.00    6.38    0.00    0.00    0.00   39.36
08時43分21秒    1   20.25    0.00    8.86    0.00    0.00    1.27    0.00    0.00    0.00   69.62

08時43分21秒  CPU    %usr   %nice    %sys %iowait    %irq   %soft  %steal  %guest  %gnice   %idle
08時43分22秒    0   27.66    0.00   23.40    0.00    1.06    5.32    0.00    0.00    0.00   42.55
08時43分22秒    1   21.25    0.00    6.25    0.00    0.00    2.50    0.00    0.00    0.00   70.00

08時43分22秒  CPU    %usr   %nice    %sys %iowait    %irq   %soft  %steal  %guest  %gnice   %idle
08時43分23秒    0   29.03    0.00   22.58    0.00    0.00    5.38    0.00    0.00    0.00   43.01
08時43分23秒    1   20.99    0.00    9.88    0.00    0.00    1.23    0.00    0.00    0.00   67.90

08時43分23秒  CPU    %usr   %nice    %sys %iowait    %irq   %soft  %steal  %guest  %gnice   %idle
08時43分24秒    0   31.52    0.00   20.65    0.00    0.00    6.52    0.00    0.00    0.00   41.30
08時43分24秒    1   20.00    0.00   10.00    0.00    0.00    1.25    0.00    0.00    0.00   68.75

08時43分24秒  CPU    %usr   %nice    %sys %iowait    %irq   %soft  %steal  %guest  %gnice   %idle
08時43分25秒    0   31.18    0.00   22.58    0.00    0.00    5.38    0.00    0.00    0.00   40.86
08時43分25秒    1   22.50    0.00    7.50    0.00    0.00    2.50    0.00    0.00    0.00   67.50

08時43分25秒  CPU    %usr   %nice    %sys %iowait    %irq   %soft  %steal  %guest  %gnice   %idle
08時43分26秒    0   32.26    0.00   20.43    0.00    0.00    5.38    0.00    0.00    0.00   41.94
08時43分26秒    1   18.75    0.00   10.00    0.00    1.25    1.25    0.00    0.00    0.00   68.75

08時43分26秒  CPU    %usr   %nice    %sys %iowait    %irq   %soft  %steal  %guest  %gnice   %idle
08時43分27秒    0   36.17    0.00   17.02    0.00    0.00    6.38    0.00    0.00    0.00   40.43
08時43分27秒    1   20.99    0.00    9.88    0.00    0.00    2.47    0.00    0.00    0.00   66.67

08時43分27秒  CPU    %usr   %nice    %sys %iowait    %irq   %soft  %steal  %guest  %gnice   %idle
08時43分28秒    0   33.70    0.00   20.65    0.00    0.00    5.43    0.00    0.00    0.00   40.22
08時43分28秒    1   21.25    0.00   10.00    0.00    0.00    1.25    0.00    0.00    0.00   67.50

08時43分28秒  CPU    %usr   %nice    %sys %iowait    %irq   %soft  %steal  %guest  %gnice   %idle
08時43分29秒    0   27.96    0.00   24.73    0.00    0.00    5.38    0.00    0.00    0.00   41.94
08時43分29秒    1   17.11    0.00    9.21    0.00    0.00    2.63    0.00    0.00    0.00   71.05

08時43分29秒  CPU    %usr   %nice    %sys %iowait    %irq   %soft  %steal  %guest  %gnice   %idle
08時43分30秒    0   28.72    0.00   23.40    0.00    0.00    6.38    0.00    0.00    0.00   41.49
08時43分30秒    1   19.23    0.00   12.82    0.00    0.00    1.28    0.00    0.00    0.00   66.67

08時43分30秒  CPU    %usr   %nice    %sys %iowait    %irq   %soft  %steal  %guest  %gnice   %idle
08時43分31秒    0   27.96    0.00   26.88    0.00    0.00    5.38    0.00    0.00    0.00   39.78
08時43分31秒    1   18.18    0.00    9.09    0.00    0.00    2.60    0.00    0.00    0.00   70.13

08時43分31秒  CPU    %usr   %nice    %sys %iowait    %irq   %soft  %steal  %guest  %gnice   %idle
08時43分32秒    0   31.25    0.00   22.92    0.00    0.00    6.25    0.00    0.00    0.00   39.58
08時43分32秒    1   17.72    0.00   12.66    0.00    0.00    1.27    0.00    0.00    0.00   68.35

08時43分32秒  CPU    %usr   %nice    %sys %iowait    %irq   %soft  %steal  %guest  %gnice   %idle
08時43分33秒    0   28.72    0.00   23.40    0.00    0.00    5.32    0.00    0.00    0.00   42.55
08時43分33秒    1   21.95    0.00    7.32    0.00    0.00    2.44    0.00    0.00    0.00   68.29

08時43分33秒  CPU    %usr   %nice    %sys %iowait    %irq   %soft  %steal  %guest  %gnice   %idle
08時43分34秒    0   34.41    0.00   18.28    0.00    0.00    5.38    0.00    0.00    0.00   41.94
08時43分34秒    1   18.18    0.00    9.09    0.00    0.00    1.30    0.00    0.00    0.00   71.43

08時43分34秒  CPU    %usr   %nice    %sys %iowait    %irq   %soft  %steal  %guest  %gnice   %idle
08時43分35秒    0   31.18    0.00   21.51    0.00    0.00    6.45    0.00    0.00    0.00   40.86
08時43分35秒    1   21.25    0.00   11.25    0.00    0.00    1.25    0.00    0.00    0.00   66.25

08時43分35秒  CPU    %usr   %nice    %sys %iowait    %irq   %soft  %steal  %guest  %gnice   %idle
08時43分36秒    0   27.47    0.00   25.27    0.00    0.00    5.49    0.00    0.00    0.00   41.76
08時43分36秒    1   18.75    0.00   11.25    0.00    0.00    2.50    0.00    0.00    0.00   67.50

08時43分36秒  CPU    %usr   %nice    %sys %iowait    %irq   %soft  %steal  %guest  %gnice   %idle
08時43分37秒    0   34.04    0.00   19.15    0.00    0.00    6.38    0.00    0.00    0.00   40.43
08時43分37秒    1   22.78    0.00    7.59    0.00    0.00    1.27    0.00    0.00    0.00   68.35

08時43分37秒  CPU    %usr   %nice    %sys %iowait    %irq   %soft  %steal  %guest  %gnice   %idle
08時43分38秒    0   28.42    0.00   25.26    0.00    0.00    5.26    0.00    0.00    0.00   41.05
08時43分38秒    1   17.50    0.00   11.25    0.00    0.00    2.50    0.00    0.00    0.00   68.75

08時43分38秒  CPU    %usr   %nice    %sys %iowait    %irq   %soft  %steal  %guest  %gnice   %idle
08時43分39秒    0   31.18    0.00   22.58    0.00    0.00    5.38    0.00    0.00    0.00   40.86
08時43分39秒    1   20.25    0.00   10.13    0.00    0.00    1.27    0.00    0.00    0.00   68.35

08時43分39秒  CPU    %usr   %nice    %sys %iowait    %irq   %soft  %steal  %guest  %gnice   %idle
08時43分40秒    0   26.09    0.00   23.91    0.00    0.00    6.52    0.00    0.00    0.00   43.48
08時43分40秒    1   16.05    0.00   12.35    0.00    0.00    2.47    0.00    0.00    0.00   69.14

08時43分40秒  CPU    %usr   %nice    %sys %iowait    %irq   %soft  %steal  %guest  %gnice   %idle
08時43分41秒    0   32.26    0.00   21.51    0.00    0.00    5.38    0.00    0.00    0.00   40.86
08時43分41秒    1   21.25    0.00   10.00    0.00    0.00    1.25    0.00    0.00    0.00   67.50

08時43分41秒  CPU    %usr   %nice    %sys %iowait    %irq   %soft  %steal  %guest  %gnice   %idle
08時43分42秒    0   30.43    0.00   19.57    0.00    1.09    5.43    0.00    0.00    0.00   43.48
08時43分42秒    1   19.75    0.00    9.88    0.00    0.00    2.47    0.00    0.00    0.00   67.90

08時43分42秒  CPU    %usr   %nice    %sys %iowait    %irq   %soft  %steal  %guest  %gnice   %idle
08時43分43秒    0   31.91    0.00   22.34    0.00    0.00    6.38    0.00    0.00    0.00   39.36
08時43分43秒    1   18.99    0.00   11.39    0.00    0.00    1.27    0.00    0.00    0.00   68.35

08時43分43秒  CPU    %usr   %nice    %sys %iowait    %irq   %soft  %steal  %guest  %gnice   %idle
08時43分44秒    0   30.85    0.00   21.28    0.00    0.00    5.32    0.00    0.00    0.00   42.55
08時43分44秒    1   22.22    0.00    7.41    0.00    0.00    1.23    0.00    0.00    0.00   69.14

08時43分44秒  CPU    %usr   %nice    %sys %iowait    %irq   %soft  %steal  %guest  %gnice   %idle
08時43分45秒    0   30.85    0.00   22.34    0.00    0.00    5.32    0.00    0.00    0.00   41.49
08時43分45秒    1   18.75    0.00   10.00    0.00    0.00    2.50    0.00    0.00    0.00   68.75

08時43分45秒  CPU    %usr   %nice    %sys %iowait    %irq   %soft  %steal  %guest  %gnice   %idle
08時43分46秒    0   30.43    0.00   21.74    0.00    0.00    6.52    0.00    0.00    0.00   41.30
08時43分46秒    1   20.51    0.00    8.97    0.00    0.00    1.28    0.00    0.00    0.00   69.23

08時43分46秒  CPU    %usr   %nice    %sys %iowait    %irq   %soft  %steal  %guest  %gnice   %idle
08時43分47秒    0   35.87    0.00   18.48    0.00    0.00    5.43    0.00    0.00    0.00   40.22
08時43分47秒    1   22.22    0.00    9.88    0.00    0.00    2.47    0.00    0.00    0.00   65.43

08時43分47秒  CPU    %usr   %nice    %sys %iowait    %irq   %soft  %steal  %guest  %gnice   %idle
08時43分48秒    0   27.96    0.00   23.66    0.00    0.00    5.38    0.00    0.00    0.00   43.01
08時43分48秒    1   22.50    0.00    6.25    0.00    0.00    1.25    0.00    0.00    0.00   70.00

08時43分48秒  CPU    %usr   %nice    %sys %iowait    %irq   %soft  %steal  %guest  %gnice   %idle
08時43分49秒    0   29.79    0.00   22.34    0.00    0.00    6.38    0.00    0.00    0.00   41.49
08時43分49秒    1   20.00    0.00   10.00    0.00    0.00    2.50    0.00    0.00    0.00   67.50

08時43分49秒  CPU    %usr   %nice    %sys %iowait    %irq   %soft  %steal  %guest  %gnice   %idle
08時43分50秒    0   25.81    0.00   26.88    0.00    0.00    5.38    0.00    0.00    0.00   41.94
08時43分50秒    1   20.25    0.00    8.86    0.00    0.00    1.27    0.00    0.00    0.00   69.62

08時43分50秒  CPU    %usr   %nice    %sys %iowait    %irq   %soft  %steal  %guest  %gnice   %idle
08時43分51秒    0   37.23    0.00   17.02    0.00    0.00    6.38    0.00    0.00    0.00   39.36
08時43分51秒    1   18.99    0.00   10.13    0.00    0.00    2.53    0.00    0.00    0.00   68.35

08時43分51秒  CPU    %usr   %nice    %sys %iowait    %irq   %soft  %steal  %guest  %gnice   %idle
08時43分52秒    0   32.61    0.00   21.74    0.00    0.00    5.43    0.00    0.00    0.00   40.22
08時43分52秒    1   21.52    0.00    8.86    0.00    0.00    1.27    0.00    0.00    0.00   68.35

08時43分52秒  CPU    %usr   %nice    %sys %iowait    %irq   %soft  %steal  %guest  %gnice   %idle
08時43分53秒    0   33.33    0.00   18.28    0.00    0.00    5.38    0.00    0.00    0.00   43.01
08時43分53秒    1   18.99    0.00   10.13    0.00    0.00    1.27    0.00    0.00    0.00   69.62

08時43分53秒  CPU    %usr   %nice    %sys %iowait    %irq   %soft  %steal  %guest  %gnice   %idle
08時43分54秒    0   31.58    0.00   23.16    0.00    0.00    6.32    0.00    0.00    0.00   38.95
08時43分54秒    1   21.25    0.00    7.50    0.00    0.00    2.50    0.00    0.00    0.00   68.75

08時43分54秒  CPU    %usr   %nice    %sys %iowait    %irq   %soft  %steal  %guest  %gnice   %idle
08時43分55秒    0   30.85    0.00   24.47    0.00    0.00    5.32    0.00    0.00    0.00   39.36
08時43分55秒    1   21.25    0.00    8.75    0.00    0.00    1.25    0.00    0.00    0.00   68.75

08時43分55秒  CPU    %usr   %nice    %sys %iowait    %irq   %soft  %steal  %guest  %gnice   %idle
08時43分56秒    0   32.22    0.00   20.00    0.00    0.00    5.56    0.00    0.00    0.00   42.22
08時43分56秒    1   17.50    0.00   12.50    0.00    0.00    2.50    0.00    0.00    0.00   67.50

08時43分56秒  CPU    %usr   %nice    %sys %iowait    %irq   %soft  %steal  %guest  %gnice   %idle
08時43分57秒    0   25.26    0.00   26.32    0.00    0.00    6.32    0.00    0.00    0.00   42.11
08時43分57秒    1   20.51    0.00    7.69    0.00    0.00    1.28    0.00    0.00    0.00   70.51

08時43分57秒  CPU    %usr   %nice    %sys %iowait    %irq   %soft  %steal  %guest  %gnice   %idle
08時43分58秒    0   30.53    0.00   22.11    0.00    0.00    5.26    0.00    0.00    0.00   42.11
08時43分58秒    1   21.95    0.00    7.32    0.00    0.00    2.44    0.00    0.00    0.00   68.29

08時43分58秒  CPU    %usr   %nice    %sys %iowait    %irq   %soft  %steal  %guest  %gnice   %idle
08時43分59秒    0   34.07    0.00   18.68    0.00    0.00    5.49    0.00    0.00    0.00   41.76
08時43分59秒    1   20.51    0.00    8.97    0.00    0.00    1.28    0.00    0.00    0.00   69.23

08時43分59秒  CPU    %usr   %nice    %sys %iowait    %irq   %soft  %steal  %guest  %gnice   %idle
08時44分00秒    0   31.87    0.00   20.88    0.00    0.00    6.59    0.00    0.00    0.00   40.66
08時44分00秒    1   20.25    0.00   11.39    0.00    0.00    2.53    0.00    0.00    0.00   65.82

08時44分00秒  CPU    %usr   %nice    %sys %iowait    %irq   %soft  %steal  %guest  %gnice   %idle
08時44分01秒    0   30.43    0.00   23.91    0.00    0.00    5.43    0.00    0.00    0.00   40.22
08時44分01秒    1   21.25    0.00   11.25    0.00    0.00    1.25    0.00    0.00    0.00   66.25

08時44分01秒  CPU    %usr   %nice    %sys %iowait    %irq   %soft  %steal  %guest  %gnice   %idle
08時44分02秒    0   30.85    0.00   23.40    0.00    0.00    6.38    0.00    0.00    0.00   39.36
08時44分02秒    1   20.25    0.00   11.39    0.00    0.00    1.27    0.00    0.00    0.00   67.09

08時44分02秒  CPU    %usr   %nice    %sys %iowait    %irq   %soft  %steal  %guest  %gnice   %idle
08時44分03秒    0   32.98    0.00   20.21    0.00    1.06    5.32    0.00    0.00    0.00   40.43
08時44分03秒    1   22.89    0.00   12.05    0.00    0.00    2.41    0.00    0.00    0.00   62.65

08時44分03秒  CPU    %usr   %nice    %sys %iowait    %irq   %soft  %steal  %guest  %gnice   %idle
08時44分04秒    0   30.11    0.00   22.58    0.00    0.00    6.45    0.00    0.00    0.00   40.86
08時44分04秒    1   18.99    0.00   10.13    0.00    1.27    2.53    0.00    0.00    0.00   67.09

08時44分04秒  CPU    %usr   %nice    %sys %iowait    %irq   %soft  %steal  %guest  %gnice   %idle
08時44分05秒    0   30.11    0.00   22.58    0.00    0.00    5.38    0.00    0.00    0.00   41.94
08時44分05秒    1   22.78    0.00    8.86    0.00    0.00    2.53    0.00    0.00    0.00   65.82

08時44分05秒  CPU    %usr   %nice    %sys %iowait    %irq   %soft  %steal  %guest  %gnice   %idle
08時44分06秒    0   31.18    0.00   21.51    0.00    0.00    5.38    0.00    0.00    0.00   41.94
08時44分06秒    1   19.75    0.00   11.11    0.00    0.00    2.47    0.00    0.00    0.00   66.67

08時44分06秒  CPU    %usr   %nice    %sys %iowait    %irq   %soft  %steal  %guest  %gnice   %idle
08時44分07秒    0   34.38    0.00   20.83    0.00    0.00    6.25    0.00    0.00    0.00   38.54
08時44分07秒    1   19.75    0.00   14.81    0.00    0.00    2.47    0.00    0.00    0.00   62.96

08時44分07秒  CPU    %usr   %nice    %sys %iowait    %irq   %soft  %steal  %guest  %gnice   %idle
08時44分08秒    0   32.61    0.00   19.57    0.00    0.00    5.43    0.00    0.00    0.00   42.39
08時44分08秒    1   22.22    0.00    8.64    0.00    0.00    2.47    0.00    0.00    0.00   66.67

08時44分08秒  CPU    %usr   %nice    %sys %iowait    %irq   %soft  %steal  %guest  %gnice   %idle
08時44分09秒    0   30.53    0.00   23.16    0.00    0.00    6.32    0.00    0.00    0.00   40.00
08時44分09秒    1   21.79    0.00    7.69    0.00    0.00    1.28    0.00    0.00    0.00   69.23

08時44分09秒  CPU    %usr   %nice    %sys %iowait    %irq   %soft  %steal  %guest  %gnice   %idle
08時44分10秒    0   29.35    0.00   25.00    0.00    0.00    5.43    0.00    0.00    0.00   40.22
08時44分10秒    1   19.23    0.00   10.26    0.00    0.00    2.56    0.00    0.00    0.00   67.95

08時44分10秒  CPU    %usr   %nice    %sys %iowait    %irq   %soft  %steal  %guest  %gnice   %idle
08時44分11秒    0   30.43    0.00   22.83    0.00    0.00    6.52    0.00    0.00    0.00   40.22
08時44分11秒    1   25.93    0.00    7.41    0.00    0.00    1.23    0.00    0.00    0.00   65.43

08時44分11秒  CPU    %usr   %nice    %sys %iowait    %irq   %soft  %steal  %guest  %gnice   %idle
08時44分12秒    0   34.07    0.00   19.78    0.00    0.00    5.49    0.00    0.00    0.00   40.66
08時44分12秒    1   20.51    0.00   10.26    0.00    0.00    1.28    0.00    0.00    0.00   67.95

08時44分12秒  CPU    %usr   %nice    %sys %iowait    %irq   %soft  %steal  %guest  %gnice   %idle
08時44分13秒    0   33.33    0.00   22.92    0.00    0.00    6.25    0.00    0.00    0.00   37.50
08時44分13秒    1   21.25    0.00   10.00    0.00    0.00    2.50    0.00    0.00    0.00   66.25

08時44分13秒  CPU    %usr   %nice    %sys %iowait    %irq   %soft  %steal  %guest  %gnice   %idle
08時44分14秒    0   29.03    0.00   23.66    0.00    0.00    5.38    0.00    0.00    0.00   41.94
08時44分14秒    1   18.99    0.00   10.13    0.00    0.00    1.27    0.00    0.00    0.00   69.62

08時44分14秒  CPU    %usr   %nice    %sys %iowait    %irq   %soft  %steal  %guest  %gnice   %idle
08時44分15秒    0   30.11    0.00   22.58    0.00    0.00    5.38    0.00    0.00    0.00   41.94
08時44分15秒    1   18.99    0.00    8.86    0.00    0.00    2.53    0.00    0.00    0.00   69.62

08時44分15秒  CPU    %usr   %nice    %sys %iowait    %irq   %soft  %steal  %guest  %gnice   %idle
08時44分16秒    0   29.79    0.00   23.40    0.00    0.00    6.38    0.00    0.00    0.00   40.43
08時44分16秒    1   17.72    0.00   12.66    0.00    0.00    1.27    0.00    0.00    0.00   68.35

08時44分16秒  CPU    %usr   %nice    %sys %iowait    %irq   %soft  %steal  %guest  %gnice   %idle
08時44分17秒    0   31.18    0.00   22.58    0.00    0.00    5.38    0.00    0.00    0.00   40.86
08時44分17秒    1   17.50    0.00   12.50    0.00    0.00    2.50    0.00    0.00    0.00   67.50

08時44分17秒  CPU    %usr   %nice    %sys %iowait    %irq   %soft  %steal  %guest  %gnice   %idle
08時44分18秒    0   31.52    0.00   21.74    0.00    0.00    6.52    0.00    0.00    0.00   40.22
08時44分18秒    1   19.23    0.00   10.26    0.00    0.00    1.28    0.00    0.00    0.00   69.23

08時44分18秒  CPU    %usr   %nice    %sys %iowait    %irq   %soft  %steal  %guest  %gnice   %idle
08時44分19秒    0   32.26    0.00   21.51    0.00    0.00    5.38    0.00    0.00    0.00   40.86
08時44分19秒    1   20.00    0.00    8.75    0.00    1.25    2.50    0.00    0.00    0.00   67.50

08時44分19秒  CPU    %usr   %nice    %sys %iowait    %irq   %soft  %steal  %guest  %gnice   %idle
08時44分20秒    0   32.61    0.00   21.74    0.00    0.00    5.43    0.00    0.00    0.00   40.22
08時44分20秒    1   20.99    0.00   11.11    0.00    0.00    1.23    0.00    0.00    0.00   66.67

08時44分20秒  CPU    %usr   %nice    %sys %iowait    %irq   %soft  %steal  %guest  %gnice   %idle
08時44分21秒    0   30.85    0.00   23.40    0.00    0.00    6.38    0.00    0.00    0.00   39.36
08時44分21秒    1   20.25    0.00   11.39    0.00    0.00    2.53    0.00    0.00    0.00   65.82

08時44分21秒  CPU    %usr   %nice    %sys %iowait    %irq   %soft  %steal  %guest  %gnice   %idle
08時44分22秒    0   31.18    0.00   20.43    0.00    0.00    5.38    0.00    0.00    0.00   43.01
08時44分22秒    1   18.99    0.00    8.86    0.00    0.00    1.27    0.00    0.00    0.00   70.89

08時44分22秒  CPU    %usr   %nice    %sys %iowait    %irq   %soft  %steal  %guest  %gnice   %idle
08時44分23秒    0   28.42    0.00   24.21    0.00    1.05    6.32    0.00    0.00    0.00   40.00
08時44分23秒    1   20.00    0.00   11.25    0.00    0.00    1.25    0.00    0.00    0.00   67.50

08時44分23秒  CPU    %usr   %nice    %sys %iowait    %irq   %soft  %steal  %guest  %gnice   %idle
08時44分24秒    0   34.07    0.00   18.68    0.00    0.00    5.49    0.00    0.00    0.00   41.76
08時44分24秒    1   20.99    0.00    9.88    0.00    0.00    2.47    0.00    0.00    0.00   66.67

08時44分24秒  CPU    %usr   %nice    %sys %iowait    %irq   %soft  %steal  %guest  %gnice   %idle
08時44分25秒    0   30.11    0.00   22.58    0.00    0.00    5.38    0.00    0.00    0.00   41.94
08時44分25秒    1   17.72    0.00   11.39    0.00    0.00    1.27    0.00    0.00    0.00   69.62

08時44分25秒  CPU    %usr   %nice    %sys %iowait    %irq   %soft  %steal  %guest  %gnice   %idle
08時44分26秒    0   32.98    0.00   20.21    0.00    0.00    6.38    0.00    0.00    0.00   40.43
08時44分26秒    1   25.00    0.00    5.00    0.00    0.00    2.50    0.00    0.00    0.00   67.50

08時44分26秒  CPU    %usr   %nice    %sys %iowait    %irq   %soft  %steal  %guest  %gnice   %idle
08時44分27秒    0   31.87    0.00   20.88    0.00    0.00    5.49    0.00    0.00    0.00   41.76
08時44分27秒    1   21.25    0.00   10.00    0.00    0.00    1.25    0.00    0.00    0.00   67.50

08時44分27秒  CPU    %usr   %nice    %sys %iowait    %irq   %soft  %steal  %guest  %gnice   %idle
08時44分28秒    0   29.03    0.00   21.51    0.00    0.00    5.38    0.00    0.00    0.00   44.09
08時44分28秒    1   22.22    0.00    6.17    0.00    0.00    2.47    0.00    0.00    0.00   69.14

08時44分28秒  CPU    %usr   %nice    %sys %iowait    %irq   %soft  %steal  %guest  %gnice   %idle
08時44分29秒    0   29.03    0.00   22.58    0.00    0.00    6.45    0.00    0.00    0.00   41.94
08時44分29秒    1   20.00    0.00   10.00    0.00    0.00    1.25    0.00    0.00    0.00   68.75

08時44分29秒  CPU    %usr   %nice    %sys %iowait    %irq   %soft  %steal  %guest  %gnice   %idle
08時44分30秒    0   30.11    0.00   23.66    0.00    0.00    5.38    0.00    0.00    0.00   40.86
08時44分30秒    1   21.25    0.00    8.75    0.00    0.00    2.50    0.00    0.00    0.00   67.50

08時44分30秒  CPU    %usr   %nice    %sys %iowait    %irq   %soft  %steal  %guest  %gnice   %idle
08時44分31秒    0   27.17    0.00   23.91    0.00    0.00    5.43    0.00    0.00    0.00   43.48
08時44分31秒    1   18.99    0.00   10.13    0.00    0.00    1.27    0.00    0.00    0.00   69.62

08時44分31秒  CPU    %usr   %nice    %sys %iowait    %irq   %soft  %steal  %guest  %gnice   %idle
08時44分32秒    0   29.47    0.00   22.11    0.00    0.00    6.32    0.00    0.00    0.00   42.11
08時44分32秒    1   20.51    0.00    7.69    0.00    0.00    1.28    0.00    0.00    0.00   70.51

08時44分32秒  CPU    %usr   %nice    %sys %iowait    %irq   %soft  %steal  %guest  %gnice   %idle
08時44分33秒    0   31.52    0.00   22.83    0.00    0.00    5.43    0.00    0.00    0.00   40.22
08時44分33秒    1   20.00    0.00   10.00    0.00    0.00    2.50    0.00    0.00    0.00   67.50

08時44分33秒  CPU    %usr   %nice    %sys %iowait    %irq   %soft  %steal  %guest  %gnice   %idle
08時44分34秒    0   30.11    0.00   22.58    0.00    0.00    6.45    0.00    0.00    0.00   40.86
08時44分34秒    1   22.50    0.00    8.75    0.00    0.00    1.25    0.00    0.00    0.00   67.50

08時44分34秒  CPU    %usr   %nice    %sys %iowait    %irq   %soft  %steal  %guest  %gnice   %idle
08時44分35秒    0   32.26    0.00   19.35    0.00    0.00    5.38    0.00    0.00    0.00   43.01
08時44分35秒    1   18.75    0.00    8.75    0.00    0.00    2.50    0.00    0.00    0.00   70.00

08時44分35秒  CPU    %usr   %nice    %sys %iowait    %irq   %soft  %steal  %guest  %gnice   %idle
08時44分36秒    0   30.43    0.00   22.83    0.00    0.00    5.43    0.00    0.00    0.00   41.30
08時44分36秒    1   20.00    0.00   11.25    0.00    0.00    1.25    0.00    0.00    0.00   67.50

08時44分36秒  CPU    %usr   %nice    %sys %iowait    %irq   %soft  %steal  %guest  %gnice   %idle
08時44分37秒    0   26.09    0.00   27.17    0.00    0.00    6.52    0.00    0.00    0.00   40.22
08時44分37秒    1   16.25    0.00   15.00    0.00    0.00    2.50    0.00    0.00    0.00   66.25

08時44分37秒  CPU    %usr   %nice    %sys %iowait    %irq   %soft  %steal  %guest  %gnice   %idle
08時44分38秒    0   31.91    0.00   21.28    0.00    0.00    5.32    0.00    0.00    0.00   41.49
08時44分38秒    1   21.25    0.00    8.75    0.00    0.00    1.25    0.00    0.00    0.00   68.75

08時44分38秒  CPU    %usr   %nice    %sys %iowait    %irq   %soft  %steal  %guest  %gnice   %idle
08時44分39秒    0   30.85    0.00   22.34    0.00    0.00    6.38    0.00    0.00    0.00   40.43
08時44分39秒    1   22.50    0.00    8.75    0.00    0.00    2.50    0.00    0.00    0.00   66.25

08時44分39秒  CPU    %usr   %nice    %sys %iowait    %irq   %soft  %steal  %guest  %gnice   %idle
08時44分40秒    0   27.66    0.00   25.53    0.00    0.00    5.32    0.00    0.00    0.00   41.49
08時44分40秒    1   20.99    0.00    8.64    0.00    0.00    1.23    0.00    0.00    0.00   69.14

08時44分40秒  CPU    %usr   %nice    %sys %iowait    %irq   %soft  %steal  %guest  %gnice   %idle
08時44分41秒    0   30.43    0.00   22.83    0.00    0.00    5.43    0.00    0.00    0.00   41.30
08時44分41秒    1   21.52    0.00   10.13    0.00    0.00    1.27    0.00    0.00    0.00   67.09

08時44分41秒  CPU    %usr   %nice    %sys %iowait    %irq   %soft  %steal  %guest  %gnice   %idle
08時44分42秒    0   30.00    0.00   22.22    0.00    0.00    6.67    0.00    0.00    0.00   41.11
08時44分42秒    1   20.48    0.00   12.05    0.00    0.00    2.41    0.00    0.00    0.00   65.06

08時44分42秒  CPU    %usr   %nice    %sys %iowait    %irq   %soft  %steal  %guest  %gnice   %idle
08時44分43秒    0   30.53    0.00   23.16    0.00    1.05    5.26    0.00    0.00    0.00   40.00
08時44分43秒    1   18.99    0.00   11.39    0.00    0.00    1.27    0.00    0.00    0.00   68.35

08時44分43秒  CPU    %usr   %nice    %sys %iowait    %irq   %soft  %steal  %guest  %gnice   %idle
08時44分44秒    0   29.79    0.00   22.34    0.00    0.00    6.38    0.00    0.00    0.00   41.49
08時44分44秒    1   21.25    0.00    7.50    0.00    0.00    2.50    0.00    0.00    0.00   68.75

08時44分44秒  CPU    %usr   %nice    %sys %iowait    %irq   %soft  %steal  %guest  %gnice   %idle
08時44分45秒    0   31.11    0.00   18.89    0.00    0.00    5.56    0.00    0.00    0.00   44.44
08時44分45秒    1   16.46    0.00   12.66    0.00    0.00    1.27    0.00    0.00    0.00   69.62

08時44分45秒  CPU    %usr   %nice    %sys %iowait    %irq   %soft  %steal  %guest  %gnice   %idle
08時44分46秒    0   30.21    0.00   21.88    0.00    0.00    5.21    0.00    0.00    0.00   42.71
08時44分46秒    1   18.52    0.00    9.88    0.00    0.00    2.47    0.00    0.00    0.00   69.14

08時44分46秒  CPU    %usr   %nice    %sys %iowait    %irq   %soft  %steal  %guest  %gnice   %idle
08時44分47秒    0   30.85    0.00   20.21    0.00    0.00    5.32    0.00    0.00    0.00   43.62
08時44分47秒    1   21.52    0.00    6.33    0.00    0.00    1.27    0.00    0.00    0.00   70.89

08時44分47秒  CPU    %usr   %nice    %sys %iowait    %irq   %soft  %steal  %guest  %gnice   %idle
08時44分48秒    0   31.18    0.00   22.58    0.00    0.00    5.38    0.00    0.00    0.00   40.86
08時44分48秒    1   20.99    0.00   11.11    0.00    0.00    1.23    0.00    0.00    0.00   66.67

08時44分48秒  CPU    %usr   %nice    %sys %iowait    %irq   %soft  %steal  %guest  %gnice   %idle
08時44分49秒    0   33.68    0.00   18.95    0.00    0.00    6.32    0.00    0.00    0.00   41.05
08時44分49秒    1   21.25    0.00    7.50    0.00    1.25    2.50    0.00    0.00    0.00   67.50

08時44分49秒  CPU    %usr   %nice    %sys %iowait    %irq   %soft  %steal  %guest  %gnice   %idle
08時44分50秒    0   30.77    0.00   23.08    0.00    0.00    5.49    0.00    0.00    0.00   40.66
08時44分50秒    1   17.95    0.00   11.54    0.00    0.00    1.28    0.00    0.00    0.00   69.23

08時44分50秒  CPU    %usr   %nice    %sys %iowait    %irq   %soft  %steal  %guest  %gnice   %idle
08時44分51秒    0   29.67    0.00   24.18    0.00    0.00    6.59    0.00    0.00    0.00   39.56
08時44分51秒    1   20.99    0.00    9.88    0.00    0.00    2.47    0.00    0.00    0.00   66.67

08時44分51秒  CPU    %usr   %nice    %sys %iowait    %irq   %soft  %steal  %guest  %gnice   %idle
08時44分52秒    0   30.11    0.00   23.66    0.00    0.00    5.38    0.00    0.00    0.00   40.86
08時44分52秒    1   23.75    0.00    7.50    0.00    0.00    1.25    0.00    0.00    0.00   67.50

08時44分52秒  CPU    %usr   %nice    %sys %iowait    %irq   %soft  %steal  %guest  %gnice   %idle
08時44分53秒    0   32.98    0.00   19.15    0.00    0.00    6.38    0.00    0.00    0.00   41.49
08時44分53秒    1   20.99    0.00    7.41    0.00    0.00    2.47    0.00    0.00    0.00   69.14

08時44分53秒  CPU    %usr   %nice    %sys %iowait    %irq   %soft  %steal  %guest  %gnice   %idle
08時44分54秒    0   29.03    0.00   23.66    0.00    0.00    5.38    0.00    0.00    0.00   41.94
08時44分54秒    1   19.23    0.00   10.26    0.00    0.00    1.28    0.00    0.00    0.00   69.23

08時44分54秒  CPU    %usr   %nice    %sys %iowait    %irq   %soft  %steal  %guest  %gnice   %idle
08時44分55秒    0   30.43    0.00   21.74    0.00    0.00    5.43    0.00    0.00    0.00   42.39
08時44分55秒    1   19.75    0.00    9.88    0.00    0.00    2.47    0.00    0.00    0.00   67.90

08時44分55秒  CPU    %usr   %nice    %sys %iowait    %irq   %soft  %steal  %guest  %gnice   %idle
08時44分56秒    0   32.98    0.00   19.15    0.00    0.00    6.38    0.00    0.00    0.00   41.49
08時44分56秒    1   17.72    0.00   11.39    0.00    0.00    1.27    0.00    0.00    0.00   69.62

08時44分56秒  CPU    %usr   %nice    %sys %iowait    %irq   %soft  %steal  %guest  %gnice   %idle
08時44分57秒    0   32.98    0.00   21.28    0.00    0.00    5.32    0.00    0.00    0.00   40.43
08時44分57秒    1   21.52    0.00    7.59    0.00    0.00    2.53    0.00    0.00    0.00   68.35

08時44分57秒  CPU    %usr   %nice    %sys %iowait    %irq   %soft  %steal  %guest  %gnice   %idle
08時44分58秒    0   32.26    0.00   20.43    0.00    0.00    5.38    0.00    0.00    0.00   41.94
08時44分58秒    1   17.72    0.00   11.39    0.00    0.00    1.27    0.00    0.00    0.00   69.62

08時44分58秒  CPU    %usr   %nice    %sys %iowait    %irq   %soft  %steal  %guest  %gnice   %idle
08時44分59秒    0   30.11    0.00   22.58    0.00    0.00    6.45    0.00    0.00    0.00   40.86
08時44分59秒    1   20.25    0.00   10.13    0.00    0.00    1.27    0.00    0.00    0.00   68.35

08時44分59秒  CPU    %usr   %nice    %sys %iowait    %irq   %soft  %steal  %guest  %gnice   %idle
08時45分00秒    0   34.41    0.00   21.51    0.00    0.00    5.38    0.00    0.00    0.00   38.71
08時45分00秒    1   17.50    0.00   13.75    0.00    0.00    2.50    0.00    0.00    0.00   66.25

08時45分00秒  CPU    %usr   %nice    %sys %iowait    %irq   %soft  %steal  %guest  %gnice   %idle
08時45分01秒    0   28.26    0.00   22.83    0.00    0.00    6.52    0.00    0.00    0.00   42.39
08時45分01秒    1   24.05    0.00    6.33    0.00    0.00    1.27    0.00    0.00    0.00   68.35

08時45分01秒  CPU    %usr   %nice    %sys %iowait    %irq   %soft  %steal  %guest  %gnice   %idle
08時45分02秒    0   32.61    0.00   21.74    0.00    0.00    5.43    0.00    0.00    0.00   40.22
08時45分02秒    1   19.75    0.00   11.11    0.00    0.00    2.47    0.00    0.00    0.00   66.67

08時45分02秒  CPU    %usr   %nice    %sys %iowait    %irq   %soft  %steal  %guest  %gnice   %idle
08時45分03秒    0   26.60    0.00   25.53    0.00    1.06    6.38    0.00    0.00    0.00   40.43
08時45分03秒    1   22.50    0.00    8.75    0.00    0.00    1.25    0.00    0.00    0.00   67.50

08時45分03秒  CPU    %usr   %nice    %sys %iowait    %irq   %soft  %steal  %guest  %gnice   %idle
08時45分04秒    0   26.09    0.00   25.00    0.00    0.00    5.43    0.00    0.00    0.00   43.48
08時45分04秒    1   21.95    0.00    8.54    0.00    0.00    2.44    0.00    0.00    0.00   67.07

08時45分04秒  CPU    %usr   %nice    %sys %iowait    %irq   %soft  %steal  %guest  %gnice   %idle
08時45分05秒    0   31.18    0.00   20.43    0.00    0.00    5.38    0.00    0.00    0.00   43.01
08時45分05秒    1   18.99    0.00    8.86    0.00    0.00    1.27    0.00    0.00    0.00   70.89

08時45分05秒  CPU    %usr   %nice    %sys %iowait    %irq   %soft  %steal  %guest  %gnice   %idle
08時45分06秒    0   31.87    0.00   19.78    0.00    0.00    5.49    0.00    0.00    0.00   42.86
08時45分06秒    1   20.00    0.00   10.00    0.00    0.00    2.50    0.00    0.00    0.00   67.50

08時45分06秒  CPU    %usr   %nice    %sys %iowait    %irq   %soft  %steal  %guest  %gnice   %idle
08時45分07秒    0   30.11    0.00   20.43    0.00    0.00    6.45    0.00    0.00    0.00   43.01
08時45分07秒    1   22.50    0.00    6.25    0.00    0.00    1.25    0.00    0.00    0.00   70.00

08時45分07秒  CPU    %usr   %nice    %sys %iowait    %irq   %soft  %steal  %guest  %gnice   %idle
08時45分08秒    0   25.81    0.00   24.73    0.00    0.00    5.38    0.00    0.00    0.00   44.09
08時45分08秒    1   18.99    0.00    8.86    0.00    0.00    1.27    0.00    0.00    0.00   70.89

平均時間：  CPU    %usr   %nice    %sys %iowait    %irq   %soft  %steal  %guest  %gnice   %idle
平均時間：    0   30.83    0.00   22.08    0.00    0.05    5.78    0.00    0.00    0.00   41.26
平均時間：    1   20.38    0.00    9.62    0.00    0.04    1.83    0.00    0.00    0.00   68.13
