Performing C SOURCE FILE Test CMAKE_HAVE_LIBC_PTHREAD failed with the following output:
Change Dir: /home/edge/Code/RealTimeSystem/Lab_2/Sec4-6/build/CMakeFiles/CMakeTmp

Run Build Command(s):/usr/bin/make cmTC_162b0/fast && /usr/bin/make  -f CMakeFiles/cmTC_162b0.dir/build.make CMakeFiles/cmTC_162b0.dir/build
make[1]: 進入目錄「/home/edge/Code/RealTimeSystem/Lab_2/Sec4-6/build/CMakeFiles/CMakeTmp」
Building C object CMakeFiles/cmTC_162b0.dir/src.c.o
/usr/bin/cc   -DCMAKE_HAVE_LIBC_PTHREAD   -o CMakeFiles/cmTC_162b0.dir/src.c.o   -c /home/edge/Code/RealTimeSystem/Lab_2/Sec4-6/build/CMakeFiles/CMakeTmp/src.c
Linking C executable cmTC_162b0
/usr/bin/cmake -E cmake_link_script CMakeFiles/cmTC_162b0.dir/link.txt --verbose=1
/usr/bin/cc  -DCMAKE_HAVE_LIBC_PTHREAD    CMakeFiles/cmTC_162b0.dir/src.c.o  -o cmTC_162b0 
/usr/bin/ld: CMakeFiles/cmTC_162b0.dir/src.c.o: in function `main':
src.c:(.text+0x3e): undefined reference to `pthread_create'
/usr/bin/ld: src.c:(.text+0x4a): undefined reference to `pthread_detach'
/usr/bin/ld: src.c:(.text+0x56): undefined reference to `pthread_cancel'
/usr/bin/ld: src.c:(.text+0x67): undefined reference to `pthread_join'
collect2: 錯誤：ld 回傳 1
make[1]: *** [CMakeFiles/cmTC_162b0.dir/build.make:107：cmTC_162b0] 錯誤 1
make[1]: 離開目錄「/home/edge/Code/RealTimeSystem/Lab_2/Sec4-6/build/CMakeFiles/CMakeTmp」
make: *** [Makefile:141：cmTC_162b0/fast] 錯誤 2


Source file was:
#include <pthread.h>

void* test_func(void* data)
{
  return data;
}

int main(void)
{
  pthread_t thread;
  pthread_create(&thread, NULL, test_func, NULL);
  pthread_detach(thread);
  pthread_cancel(thread);
  pthread_join(thread, NULL);
  pthread_atfork(NULL, NULL, NULL);
  pthread_exit(NULL);

  return 0;
}

Determining if the function pthread_create exists in the pthreads failed with the following output:
Change Dir: /home/edge/Code/RealTimeSystem/Lab_2/Sec4-6/build/CMakeFiles/CMakeTmp

Run Build Command(s):/usr/bin/make cmTC_ffc3a/fast && /usr/bin/make  -f CMakeFiles/cmTC_ffc3a.dir/build.make CMakeFiles/cmTC_ffc3a.dir/build
make[1]: 進入目錄「/home/edge/Code/RealTimeSystem/Lab_2/Sec4-6/build/CMakeFiles/CMakeTmp」
Building C object CMakeFiles/cmTC_ffc3a.dir/CheckFunctionExists.c.o
/usr/bin/cc   -DCHECK_FUNCTION_EXISTS=pthread_create   -o CMakeFiles/cmTC_ffc3a.dir/CheckFunctionExists.c.o   -c /usr/share/cmake-3.17/Modules/CheckFunctionExists.c
Linking C executable cmTC_ffc3a
/usr/bin/cmake -E cmake_link_script CMakeFiles/cmTC_ffc3a.dir/link.txt --verbose=1
/usr/bin/cc  -DCHECK_FUNCTION_EXISTS=pthread_create    CMakeFiles/cmTC_ffc3a.dir/CheckFunctionExists.c.o  -o cmTC_ffc3a  -lpthreads 
/usr/bin/ld: 找不到 -lpthreads
collect2: 錯誤：ld 回傳 1
make[1]: *** [CMakeFiles/cmTC_ffc3a.dir/build.make:107：cmTC_ffc3a] 錯誤 1
make[1]: 離開目錄「/home/edge/Code/RealTimeSystem/Lab_2/Sec4-6/build/CMakeFiles/CMakeTmp」
make: *** [Makefile:141：cmTC_ffc3a/fast] 錯誤 2



