Linux 5.6.15-arch1-1 (archlinux) 	西元2020年06月29日 	_x86_64_	(12 CPU)

06時47分58秒  CPU    %usr   %nice    %sys %iowait    %irq   %soft  %steal  %guest  %gnice   %idle
06時47分59秒    0   35.11    0.00   28.72    0.00    0.00    7.45    0.00    0.00    0.00   28.72
06時47分59秒    1   27.47    0.00   20.88    0.00    0.00    2.20    0.00    0.00    0.00   49.45

06時47分59秒  CPU    %usr   %nice    %sys %iowait    %irq   %soft  %steal  %guest  %gnice   %idle
06時48分00秒    0   35.11    0.00   30.85    0.00    1.06    6.38    0.00    0.00    0.00   26.60
06時48分00秒    1   32.97    0.00   16.48    0.00    0.00    2.20    0.00    0.00    0.00   48.35

06時48分00秒  CPU    %usr   %nice    %sys %iowait    %irq   %soft  %steal  %guest  %gnice   %idle
06時48分01秒    0   39.13    0.00   27.17    0.00    0.00    6.52    0.00    0.00    0.00   27.17
06時48分01秒    1   36.56    0.00   13.98    0.00    0.00    2.15    0.00    0.00    0.00   47.31

06時48分01秒  CPU    %usr   %nice    %sys %iowait    %irq   %soft  %steal  %guest  %gnice   %idle
06時48分02秒    0   36.96    0.00   28.26    0.00    0.00    7.61    0.00    0.00    0.00   27.17
06時48分02秒    1   35.16    0.00   15.38    0.00    0.00    1.10    0.00    0.00    0.00   48.35

06時48分02秒  CPU    %usr   %nice    %sys %iowait    %irq   %soft  %steal  %guest  %gnice   %idle
06時48分03秒    0   34.78    0.00   30.43    0.00    0.00    6.52    0.00    0.00    0.00   28.26
06時48分03秒    1   30.77    0.00   18.68    0.00    0.00    2.20    0.00    0.00    0.00   48.35

06時48分03秒  CPU    %usr   %nice    %sys %iowait    %irq   %soft  %steal  %guest  %gnice   %idle
06時48分04秒    0   36.96    0.00   32.61    0.00    0.00    6.52    0.00    0.00    0.00   23.91
06時48分04秒    1   31.87    0.00   18.68    0.00    0.00    2.20    0.00    0.00    0.00   47.25

06時48分04秒  CPU    %usr   %nice    %sys %iowait    %irq   %soft  %steal  %guest  %gnice   %idle
06時48分05秒    0   36.56    0.00   31.18    0.00    0.00    7.53    0.00    0.00    0.00   24.73
06時48分05秒    1   36.26    0.00   14.29    0.00    0.00    2.20    0.00    0.00    0.00   47.25

06時48分05秒  CPU    %usr   %nice    %sys %iowait    %irq   %soft  %steal  %guest  %gnice   %idle
06時48分06秒    0   38.71    0.00   27.96    0.00    0.00    6.45    0.00    0.00    0.00   26.88
06時48分06秒    1   36.96    0.00   13.04    0.00    0.00    2.17    0.00    0.00    0.00   47.83

06時48分06秒  CPU    %usr   %nice    %sys %iowait    %irq   %soft  %steal  %guest  %gnice   %idle
06時48分07秒    0   37.23    0.00   31.91    0.00    0.00    6.38    0.00    0.00    0.00   24.47
06時48分07秒    1   32.61    0.00   16.30    0.00    0.00    2.17    0.00    0.00    0.00   48.91

06時48分07秒  CPU    %usr   %nice    %sys %iowait    %irq   %soft  %steal  %guest  %gnice   %idle
06時48分08秒    0   38.04    0.00   28.26    0.00    0.00    7.61    0.00    0.00    0.00   26.09
06時48分08秒    1   33.71    0.00   16.85    0.00    0.00    2.25    0.00    0.00    0.00   47.19

06時48分08秒  CPU    %usr   %nice    %sys %iowait    %irq   %soft  %steal  %guest  %gnice   %idle
06時48分09秒    0   33.33    0.00   32.26    0.00    0.00    6.45    0.00    0.00    0.00   27.96
06時48分09秒    1   31.52    0.00   18.48    0.00    0.00    1.09    0.00    0.00    0.00   48.91

06時48分09秒  CPU    %usr   %nice    %sys %iowait    %irq   %soft  %steal  %guest  %gnice   %idle
06時48分10秒    0   37.50    0.00   29.17    0.00    0.00    6.25    0.00    0.00    0.00   27.08
06時48分10秒    1   29.67    0.00   18.68    0.00    0.00    2.20    0.00    0.00    0.00   49.45

06時48分10秒  CPU    %usr   %nice    %sys %iowait    %irq   %soft  %steal  %guest  %gnice   %idle
06時48分11秒    0   38.04    0.00   28.26    0.00    0.00    7.61    0.00    0.00    0.00   26.09
06時48分11秒    1   33.33    0.00   16.13    0.00    0.00    2.15    0.00    0.00    0.00   48.39

06時48分11秒  CPU    %usr   %nice    %sys %iowait    %irq   %soft  %steal  %guest  %gnice   %idle
06時48分12秒    0   37.23    0.00   27.66    0.00    0.00    6.38    0.00    0.00    0.00   28.72
06時48分12秒    1   34.07    0.00   14.29    0.00    0.00    2.20    0.00    0.00    0.00   49.45

06時48分12秒  CPU    %usr   %nice    %sys %iowait    %irq   %soft  %steal  %guest  %gnice   %idle
06時48分13秒    0   44.09    0.00   21.51    0.00    0.00    6.45    0.00    0.00    0.00   27.96
06時48分13秒    1   33.70    0.00   14.13    0.00    0.00    2.17    0.00    0.00    0.00   50.00

06時48分13秒  CPU    %usr   %nice    %sys %iowait    %irq   %soft  %steal  %guest  %gnice   %idle
06時48分14秒    0   36.67    0.00   31.11    0.00    0.00    6.67    0.00    0.00    0.00   25.56
06時48分14秒    1   33.33    0.00   18.28    0.00    0.00    2.15    0.00    0.00    0.00   46.24

06時48分14秒  CPU    %usr   %nice    %sys %iowait    %irq   %soft  %steal  %guest  %gnice   %idle
06時48分15秒    0   38.46    0.00   24.18    0.00    0.00    6.59    0.00    0.00    0.00   30.77
06時48分15秒    1   32.22    0.00   17.78    0.00    0.00    1.11    0.00    0.00    0.00   48.89

06時48分15秒  CPU    %usr   %nice    %sys %iowait    %irq   %soft  %steal  %guest  %gnice   %idle
06時48分16秒    0   40.22    0.00   23.91    0.00    0.00    7.61    0.00    0.00    0.00   28.26
06時48分16秒    1   33.33    0.00   14.44    0.00    0.00    2.22    0.00    0.00    0.00   50.00

06時48分16秒  CPU    %usr   %nice    %sys %iowait    %irq   %soft  %steal  %guest  %gnice   %idle
06時48分17秒    0   41.94    0.00   25.81    0.00    0.00    6.45    0.00    0.00    0.00   25.81
06時48分17秒    1   36.67    0.00   13.33    0.00    0.00    2.22    0.00    0.00    0.00   47.78

06時48分17秒  CPU    %usr   %nice    %sys %iowait    %irq   %soft  %steal  %guest  %gnice   %idle
06時48分18秒    0   35.16    0.00   30.77    0.00    1.10    6.59    0.00    0.00    0.00   26.37
06時48分18秒    1   35.11    0.00   14.89    0.00    1.06    2.13    0.00    0.00    0.00   46.81

06時48分18秒  CPU    %usr   %nice    %sys %iowait    %irq   %soft  %steal  %guest  %gnice   %idle
06時48分19秒    0   39.36    0.00   26.60    0.00    0.00    7.45    0.00    0.00    0.00   26.60
06時48分19秒    1   32.26    0.00   17.20    0.00    0.00    2.15    0.00    0.00    0.00   48.39

06時48分19秒  CPU    %usr   %nice    %sys %iowait    %irq   %soft  %steal  %guest  %gnice   %idle
06時48分20秒    0   38.46    0.00   29.67    0.00    0.00    6.59    0.00    0.00    0.00   25.27
06時48分20秒    1   37.36    0.00   14.29    0.00    0.00    1.10    0.00    0.00    0.00   47.25

06時48分20秒  CPU    %usr   %nice    %sys %iowait    %irq   %soft  %steal  %guest  %gnice   %idle
06時48分21秒    0   36.67    0.00   27.78    0.00    0.00    6.67    0.00    0.00    0.00   28.89
06時48分21秒    1   34.07    0.00   14.29    0.00    0.00    2.20    0.00    0.00    0.00   49.45

06時48分21秒  CPU    %usr   %nice    %sys %iowait    %irq   %soft  %steal  %guest  %gnice   %idle
06時48分22秒    0   38.04    0.00   27.17    0.00    0.00    7.61    0.00    0.00    0.00   27.17
06時48分22秒    1   32.97    0.00   15.38    0.00    0.00    2.20    0.00    0.00    0.00   49.45

06時48分22秒  CPU    %usr   %nice    %sys %iowait    %irq   %soft  %steal  %guest  %gnice   %idle
06時48分23秒    0   38.71    0.00   27.96    0.00    0.00    6.45    0.00    0.00    0.00   26.88
06時48分23秒    1   30.85    0.00   18.09    0.00    1.06    2.13    0.00    0.00    0.00   47.87

06時48分23秒  CPU    %usr   %nice    %sys %iowait    %irq   %soft  %steal  %guest  %gnice   %idle
06時48分24秒    0   39.78    0.00   25.81    0.00    0.00    6.45    0.00    0.00    0.00   27.96
06時48分24秒    1   32.97    0.00   16.48    0.00    0.00    2.20    0.00    0.00    0.00   48.35

06時48分24秒  CPU    %usr   %nice    %sys %iowait    %irq   %soft  %steal  %guest  %gnice   %idle
06時48分25秒    0   37.23    0.00   29.79    0.00    0.00    6.38    0.00    0.00    0.00   26.60
06時48分25秒    1   34.78    0.00   14.13    0.00    0.00    2.17    0.00    0.00    0.00   48.91

06時48分25秒  CPU    %usr   %nice    %sys %iowait    %irq   %soft  %steal  %guest  %gnice   %idle
06時48分26秒    0   33.70    0.00   32.61    0.00    0.00    7.61    0.00    0.00    0.00   26.09
06時48分26秒    1   32.22    0.00   17.78    0.00    0.00    1.11    0.00    0.00    0.00   48.89

06時48分26秒  CPU    %usr   %nice    %sys %iowait    %irq   %soft  %steal  %guest  %gnice   %idle
06時48分27秒    0   37.63    0.00   29.03    0.00    0.00    6.45    0.00    0.00    0.00   26.88
06時48分27秒    1   32.61    0.00   17.39    0.00    0.00    2.17    0.00    0.00    0.00   47.83

06時48分27秒  CPU    %usr   %nice    %sys %iowait    %irq   %soft  %steal  %guest  %gnice   %idle
06時48分28秒    0   39.56    0.00   26.37    0.00    0.00    7.69    0.00    0.00    0.00   26.37
06時48分28秒    1   28.89    0.00   20.00    0.00    0.00    2.22    0.00    0.00    0.00   48.89

06時48分28秒  CPU    %usr   %nice    %sys %iowait    %irq   %soft  %steal  %guest  %gnice   %idle
06時48分29秒    0   37.36    0.00   28.57    0.00    0.00    6.59    0.00    0.00    0.00   27.47
06時48分29秒    1   36.96    0.00   11.96    0.00    0.00    2.17    0.00    0.00    0.00   48.91

06時48分29秒  CPU    %usr   %nice    %sys %iowait    %irq   %soft  %steal  %guest  %gnice   %idle
06時48分30秒    0   35.56    0.00   30.00    0.00    0.00    6.67    0.00    0.00    0.00   27.78
06時48分30秒    1   34.78    0.00   15.22    0.00    0.00    2.17    0.00    0.00    0.00   47.83

06時48分30秒  CPU    %usr   %nice    %sys %iowait    %irq   %soft  %steal  %guest  %gnice   %idle
06時48分31秒    0   38.30    0.00   28.72    0.00    0.00    6.38    0.00    0.00    0.00   26.60
06時48分31秒    1   30.11    0.00   19.35    0.00    0.00    2.15    0.00    0.00    0.00   48.39

06時48分31秒  CPU    %usr   %nice    %sys %iowait    %irq   %soft  %steal  %guest  %gnice   %idle
06時48分32秒    0   40.66    0.00   25.27    0.00    0.00    7.69    0.00    0.00    0.00   26.37
06時48分32秒    1   31.52    0.00   18.48    0.00    0.00    2.17    0.00    0.00    0.00   47.83

06時48分32秒  CPU    %usr   %nice    %sys %iowait    %irq   %soft  %steal  %guest  %gnice   %idle
06時48分33秒    0   36.56    0.00   27.96    0.00    0.00    6.45    0.00    0.00    0.00   29.03
06時48分33秒    1   32.58    0.00   14.61    0.00    0.00    1.12    0.00    0.00    0.00   51.69

06時48分33秒  CPU    %usr   %nice    %sys %iowait    %irq   %soft  %steal  %guest  %gnice   %idle
06時48分34秒    0   40.86    0.00   27.96    0.00    0.00    6.45    0.00    0.00    0.00   24.73
06時48分34秒    1   31.18    0.00   19.35    0.00    0.00    2.15    0.00    0.00    0.00   47.31

06時48分34秒  CPU    %usr   %nice    %sys %iowait    %irq   %soft  %steal  %guest  %gnice   %idle
06時48分35秒    0   37.89    0.00   29.47    0.00    0.00    7.37    0.00    0.00    0.00   25.26
06時48分35秒    1   31.87    0.00   18.68    0.00    0.00    2.20    0.00    0.00    0.00   47.25

06時48分35秒  CPU    %usr   %nice    %sys %iowait    %irq   %soft  %steal  %guest  %gnice   %idle
06時48分36秒    0   33.70    0.00   31.52    0.00    1.09    6.52    0.00    0.00    0.00   27.17
06時48分36秒    1   31.87    0.00   15.38    0.00    0.00    2.20    0.00    0.00    0.00   50.55

06時48分36秒  CPU    %usr   %nice    %sys %iowait    %irq   %soft  %steal  %guest  %gnice   %idle
06時48分37秒    0   40.43    0.00   26.60    0.00    0.00    7.45    0.00    0.00    0.00   25.53
06時48分37秒    1   33.70    0.00   17.39    0.00    0.00    2.17    0.00    0.00    0.00   46.74

06時48分37秒  CPU    %usr   %nice    %sys %iowait    %irq   %soft  %steal  %guest  %gnice   %idle
06時48分38秒    0   40.66    0.00   26.37    0.00    0.00    6.59    0.00    0.00    0.00   26.37
06時48分38秒    1   32.61    0.00   17.39    0.00    0.00    2.17    0.00    0.00    0.00   47.83

06時48分38秒  CPU    %usr   %nice    %sys %iowait    %irq   %soft  %steal  %guest  %gnice   %idle
06時48分39秒    0   38.30    0.00   29.79    0.00    0.00    6.38    0.00    0.00    0.00   25.53
06時48分39秒    1   34.07    0.00   18.68    0.00    0.00    2.20    0.00    0.00    0.00   45.05

06時48分39秒  CPU    %usr   %nice    %sys %iowait    %irq   %soft  %steal  %guest  %gnice   %idle
06時48分40秒    0   36.46    0.00   29.17    0.00    0.00    7.29    0.00    0.00    0.00   27.08
06時48分40秒    1   32.61    0.00   17.39    0.00    0.00    2.17    0.00    0.00    0.00   47.83

06時48分40秒  CPU    %usr   %nice    %sys %iowait    %irq   %soft  %steal  %guest  %gnice   %idle
06時48分41秒    0   36.46    0.00   32.29    0.00    0.00    6.25    0.00    0.00    0.00   25.00
06時48分41秒    1   30.43    0.00   20.65    0.00    0.00    3.26    0.00    0.00    0.00   45.65

06時48分41秒  CPU    %usr   %nice    %sys %iowait    %irq   %soft  %steal  %guest  %gnice   %idle
06時48分42秒    0   36.26    0.00   32.97    0.00    0.00    6.59    0.00    0.00    0.00   24.18
06時48分42秒    1   32.61    0.00   19.57    0.00    0.00    3.26    0.00    0.00    0.00   44.57

06時48分42秒  CPU    %usr   %nice    %sys %iowait    %irq   %soft  %steal  %guest  %gnice   %idle
06時48分43秒    0   40.43    0.00   27.66    0.00    0.00    7.45    0.00    0.00    0.00   24.47
06時48分43秒    1   35.56    0.00   17.78    0.00    0.00    2.22    0.00    0.00    0.00   44.44

06時48分43秒  CPU    %usr   %nice    %sys %iowait    %irq   %soft  %steal  %guest  %gnice   %idle
06時48分44秒    0   41.05    0.00   25.26    0.00    0.00    6.32    0.00    0.00    0.00   27.37
06時48分44秒    1   32.22    0.00   16.67    0.00    0.00    2.22    0.00    0.00    0.00   48.89

06時48分44秒  CPU    %usr   %nice    %sys %iowait    %irq   %soft  %steal  %guest  %gnice   %idle
06時48分45秒    0   35.48    0.00   31.18    0.00    0.00    7.53    0.00    0.00    0.00   25.81
06時48分45秒    1   36.96    0.00   13.04    0.00    0.00    2.17    0.00    0.00    0.00   47.83

06時48分45秒  CPU    %usr   %nice    %sys %iowait    %irq   %soft  %steal  %guest  %gnice   %idle
06時48分46秒    0   35.96    0.00   28.09    0.00    0.00    6.74    0.00    0.00    0.00   29.21
06時48分46秒    1   30.85    0.00   19.15    0.00    0.00    2.13    0.00    0.00    0.00   47.87

06時48分46秒  CPU    %usr   %nice    %sys %iowait    %irq   %soft  %steal  %guest  %gnice   %idle
06時48分47秒    0   43.48    0.00   25.00    0.00    0.00    6.52    0.00    0.00    0.00   25.00
06時48分47秒    1   31.18    0.00   20.43    0.00    0.00    2.15    0.00    0.00    0.00   46.24

06時48分47秒  CPU    %usr   %nice    %sys %iowait    %irq   %soft  %steal  %guest  %gnice   %idle
06時48分48秒    0   39.13    0.00   28.26    0.00    0.00    7.61    0.00    0.00    0.00   25.00
06時48分48秒    1   35.16    0.00   14.29    0.00    0.00    2.20    0.00    0.00    0.00   48.35

06時48分48秒  CPU    %usr   %nice    %sys %iowait    %irq   %soft  %steal  %guest  %gnice   %idle
06時48分49秒    0   40.22    0.00   27.17    0.00    0.00    6.52    0.00    0.00    0.00   26.09
06時48分49秒    1   33.68    0.00   16.84    0.00    1.05    2.11    0.00    0.00    0.00   46.32

06時48分49秒  CPU    %usr   %nice    %sys %iowait    %irq   %soft  %steal  %guest  %gnice   %idle
06時48分50秒    0   36.96    0.00   26.09    0.00    0.00    6.52    0.00    0.00    0.00   30.43
06時48分50秒    1   30.77    0.00   16.48    0.00    0.00    1.10    0.00    0.00    0.00   51.65

06時48分50秒  CPU    %usr   %nice    %sys %iowait    %irq   %soft  %steal  %guest  %gnice   %idle
06時48分51秒    0   33.68    0.00   32.63    0.00    0.00    7.37    0.00    0.00    0.00   26.32
06時48分51秒    1   32.97    0.00   18.68    0.00    0.00    2.20    0.00    0.00    0.00   46.15

06時48分51秒  CPU    %usr   %nice    %sys %iowait    %irq   %soft  %steal  %guest  %gnice   %idle
06時48分52秒    0   39.56    0.00   24.18    0.00    0.00    6.59    0.00    0.00    0.00   29.67
06時48分52秒    1   31.52    0.00   15.22    0.00    0.00    2.17    0.00    0.00    0.00   51.09

06時48分52秒  CPU    %usr   %nice    %sys %iowait    %irq   %soft  %steal  %guest  %gnice   %idle
06時48分53秒    0   39.13    0.00   28.26    0.00    0.00    6.52    0.00    0.00    0.00   26.09
06時48分53秒    1   32.22    0.00   16.67    0.00    0.00    2.22    0.00    0.00    0.00   48.89

06時48分53秒  CPU    %usr   %nice    %sys %iowait    %irq   %soft  %steal  %guest  %gnice   %idle
06時48分54秒    0   38.04    0.00   27.17    0.00    0.00    6.52    0.00    0.00    0.00   28.26
06時48分54秒    1   34.07    0.00   14.29    0.00    0.00    2.20    0.00    0.00    0.00   49.45

06時48分54秒  CPU    %usr   %nice    %sys %iowait    %irq   %soft  %steal  %guest  %gnice   %idle
06時48分55秒    0   39.36    0.00   24.47    0.00    1.06    6.38    0.00    0.00    0.00   28.72
06時48分55秒    1   30.34    0.00   15.73    0.00    0.00    1.12    0.00    0.00    0.00   52.81

06時48分55秒  CPU    %usr   %nice    %sys %iowait    %irq   %soft  %steal  %guest  %gnice   %idle
06時48分56秒    0   29.67    0.00   34.07    0.00    0.00    6.59    0.00    0.00    0.00   29.67
06時48分56秒    1   31.87    0.00   15.38    0.00    0.00    2.20    0.00    0.00    0.00   50.55

06時48分56秒  CPU    %usr   %nice    %sys %iowait    %irq   %soft  %steal  %guest  %gnice   %idle
06時48分57秒    0   39.78    0.00   25.81    0.00    0.00    7.53    0.00    0.00    0.00   26.88
06時48分57秒    1   33.33    0.00   18.28    0.00    0.00    2.15    0.00    0.00    0.00   46.24

06時48分57秒  CPU    %usr   %nice    %sys %iowait    %irq   %soft  %steal  %guest  %gnice   %idle
06時48分58秒    0   38.71    0.00   26.88    0.00    0.00    6.45    0.00    0.00    0.00   27.96
06時48分58秒    1   32.97    0.00   16.48    0.00    0.00    2.20    0.00    0.00    0.00   48.35

06時48分58秒  CPU    %usr   %nice    %sys %iowait    %irq   %soft  %steal  %guest  %gnice   %idle
06時48分59秒    0   33.70    0.00   33.70    0.00    0.00    6.52    0.00    0.00    0.00   26.09
06時48分59秒    1   34.78    0.00   16.30    0.00    0.00    2.17    0.00    0.00    0.00   46.74

06時48分59秒  CPU    %usr   %nice    %sys %iowait    %irq   %soft  %steal  %guest  %gnice   %idle
06時49分00秒    0   33.33    0.00   32.26    0.00    0.00    7.53    0.00    0.00    0.00   26.88
06時49分00秒    1   30.43    0.00   19.57    0.00    0.00    1.09    0.00    0.00    0.00   48.91

06時49分00秒  CPU    %usr   %nice    %sys %iowait    %irq   %soft  %steal  %guest  %gnice   %idle
06時49分01秒    0   43.62    0.00   24.47    0.00    0.00    6.38    0.00    0.00    0.00   25.53
06時49分01秒    1   35.87    0.00   14.13    0.00    0.00    2.17    0.00    0.00    0.00   47.83

06時49分01秒  CPU    %usr   %nice    %sys %iowait    %irq   %soft  %steal  %guest  %gnice   %idle
06時49分02秒    0   37.63    0.00   27.96    0.00    0.00    6.45    0.00    0.00    0.00   27.96
06時49分02秒    1   33.70    0.00   14.13    0.00    0.00    2.17    0.00    0.00    0.00   50.00

06時49分02秒  CPU    %usr   %nice    %sys %iowait    %irq   %soft  %steal  %guest  %gnice   %idle
06時49分03秒    0   39.58    0.00   27.08    0.00    0.00    7.29    0.00    0.00    0.00   26.04
06時49分03秒    1   33.70    0.00   15.22    0.00    0.00    2.17    0.00    0.00    0.00   48.91

06時49分03秒  CPU    %usr   %nice    %sys %iowait    %irq   %soft  %steal  %guest  %gnice   %idle
06時49分04秒    0   39.78    0.00   30.11    0.00    0.00    6.45    0.00    0.00    0.00   23.66
06時49分04秒    1   34.07    0.00   17.58    0.00    0.00    2.20    0.00    0.00    0.00   46.15

06時49分04秒  CPU    %usr   %nice    %sys %iowait    %irq   %soft  %steal  %guest  %gnice   %idle
06時49分05秒    0   36.17    0.00   30.85    0.00    0.00    7.45    0.00    0.00    0.00   25.53
06時49分05秒    1   34.78    0.00   15.22    0.00    0.00    2.17    0.00    0.00    0.00   47.83

06時49分05秒  CPU    %usr   %nice    %sys %iowait    %irq   %soft  %steal  %guest  %gnice   %idle
06時49分06秒    0   39.56    0.00   29.67    0.00    0.00    6.59    0.00    0.00    0.00   24.18
06時49分06秒    1   34.41    0.00   17.20    0.00    0.00    2.15    0.00    0.00    0.00   46.24

06時49分06秒  CPU    %usr   %nice    %sys %iowait    %irq   %soft  %steal  %guest  %gnice   %idle
06時49分07秒    0   36.96    0.00   26.09    0.00    0.00    6.52    0.00    0.00    0.00   30.43
06時49分07秒    1   32.58    0.00   14.61    0.00    0.00    1.12    0.00    0.00    0.00   51.69

06時49分07秒  CPU    %usr   %nice    %sys %iowait    %irq   %soft  %steal  %guest  %gnice   %idle
06時49分08秒    0   37.78    0.00   27.78    0.00    0.00    6.67    0.00    0.00    0.00   27.78
06時49分08秒    1   36.56    0.00   12.90    0.00    0.00    2.15    0.00    0.00    0.00   48.39

06時49分08秒  CPU    %usr   %nice    %sys %iowait    %irq   %soft  %steal  %guest  %gnice   %idle
06時49分09秒    0   33.33    0.00   30.11    0.00    0.00    7.53    0.00    0.00    0.00   29.03
06時49分09秒    1   28.89    0.00   17.78    0.00    0.00    2.22    0.00    0.00    0.00   51.11

06時49分09秒  CPU    %usr   %nice    %sys %iowait    %irq   %soft  %steal  %guest  %gnice   %idle
06時49分10秒    0   38.04    0.00   26.09    0.00    0.00    6.52    0.00    0.00    0.00   29.35
06時49分10秒    1   34.41    0.00   13.98    0.00    0.00    2.15    0.00    0.00    0.00   49.46

06時49分10秒  CPU    %usr   %nice    %sys %iowait    %irq   %soft  %steal  %guest  %gnice   %idle
06時49分11秒    0   34.44    0.00   32.22    0.00    0.00    6.67    0.00    0.00    0.00   26.67
06時49分11秒    1   33.33    0.00   16.13    0.00    0.00    2.15    0.00    0.00    0.00   48.39

06時49分11秒  CPU    %usr   %nice    %sys %iowait    %irq   %soft  %steal  %guest  %gnice   %idle
06時49分12秒    0   42.11    0.00   25.26    0.00    0.00    6.32    0.00    0.00    0.00   26.32
06時49分12秒    1   30.34    0.00   19.10    0.00    0.00    2.25    0.00    0.00    0.00   48.31

06時49分12秒  CPU    %usr   %nice    %sys %iowait    %irq   %soft  %steal  %guest  %gnice   %idle
06時49分13秒    0   37.89    0.00   26.32    0.00    1.05    7.37    0.00    0.00    0.00   27.37
06時49分13秒    1   27.47    0.00   20.88    0.00    0.00    1.10    0.00    0.00    0.00   50.55

06時49分13秒  CPU    %usr   %nice    %sys %iowait    %irq   %soft  %steal  %guest  %gnice   %idle
06時49分14秒    0   38.30    0.00   28.72    0.00    0.00    6.38    0.00    0.00    0.00   26.60
06時49分14秒    1   31.87    0.00   16.48    0.00    0.00    2.20    0.00    0.00    0.00   49.45

06時49分14秒  CPU    %usr   %nice    %sys %iowait    %irq   %soft  %steal  %guest  %gnice   %idle
06時49分15秒    0   41.30    0.00   23.91    0.00    0.00    6.52    0.00    0.00    0.00   28.26
06時49分15秒    1   34.41    0.00   13.98    0.00    1.08    2.15    0.00    0.00    0.00   48.39

06時49分15秒  CPU    %usr   %nice    %sys %iowait    %irq   %soft  %steal  %guest  %gnice   %idle
06時49分16秒    0   38.54    0.00   28.12    0.00    0.00    7.29    0.00    0.00    0.00   26.04
06時49分16秒    1   33.33    0.00   17.20    0.00    0.00    2.15    0.00    0.00    0.00   47.31

06時49分16秒  CPU    %usr   %nice    %sys %iowait    %irq   %soft  %steal  %guest  %gnice   %idle
06時49分17秒    0   37.23    0.00   28.72    0.00    0.00    6.38    0.00    0.00    0.00   27.66
06時49分17秒    1   31.18    0.00   18.28    0.00    0.00    2.15    0.00    0.00    0.00   48.39

06時49分17秒  CPU    %usr   %nice    %sys %iowait    %irq   %soft  %steal  %guest  %gnice   %idle
06時49分18秒    0   37.36    0.00   28.57    0.00    0.00    6.59    0.00    0.00    0.00   27.47
06時49分18秒    1   31.87    0.00   16.48    0.00    0.00    2.20    0.00    0.00    0.00   49.45

06時49分18秒  CPU    %usr   %nice    %sys %iowait    %irq   %soft  %steal  %guest  %gnice   %idle
06時49分19秒    0   34.04    0.00   30.85    0.00    0.00    6.38    0.00    0.00    0.00   28.72
06時49分19秒    1   35.56    0.00   13.33    0.00    0.00    1.11    0.00    0.00    0.00   50.00

06時49分19秒  CPU    %usr   %nice    %sys %iowait    %irq   %soft  %steal  %guest  %gnice   %idle
06時49分20秒    0   41.94    0.00   26.88    0.00    0.00    7.53    0.00    0.00    0.00   23.66
06時49分20秒    1   32.26    0.00   19.35    0.00    0.00    2.15    0.00    0.00    0.00   46.24

06時49分20秒  CPU    %usr   %nice    %sys %iowait    %irq   %soft  %steal  %guest  %gnice   %idle
06時49分21秒    0   39.78    0.00   27.96    0.00    0.00    6.45    0.00    0.00    0.00   25.81
06時49分21秒    1   32.61    0.00   17.39    0.00    0.00    2.17    0.00    0.00    0.00   47.83

06時49分21秒  CPU    %usr   %nice    %sys %iowait    %irq   %soft  %steal  %guest  %gnice   %idle
06時49分22秒    0   36.96    0.00   29.35    0.00    0.00    6.52    0.00    0.00    0.00   27.17
06時49分22秒    1   30.77    0.00   18.68    0.00    0.00    2.20    0.00    0.00    0.00   48.35

06時49分22秒  CPU    %usr   %nice    %sys %iowait    %irq   %soft  %steal  %guest  %gnice   %idle
06時49分23秒    0   37.89    0.00   28.42    0.00    0.00    7.37    0.00    0.00    0.00   26.32
06時49分23秒    1   36.96    0.00   13.04    0.00    0.00    2.17    0.00    0.00    0.00   47.83

06時49分23秒  CPU    %usr   %nice    %sys %iowait    %irq   %soft  %steal  %guest  %gnice   %idle
06時49分24秒    0   37.63    0.00   26.88    0.00    0.00    6.45    0.00    0.00    0.00   29.03
06時49分24秒    1   32.61    0.00   15.22    0.00    0.00    2.17    0.00    0.00    0.00   50.00

06時49分24秒  CPU    %usr   %nice    %sys %iowait    %irq   %soft  %steal  %guest  %gnice   %idle
06時49分25秒    0   39.56    0.00   26.37    0.00    0.00    6.59    0.00    0.00    0.00   27.47
06時49分25秒    1   28.89    0.00   21.11    0.00    0.00    1.11    0.00    0.00    0.00   48.89

06時49分25秒  CPU    %usr   %nice    %sys %iowait    %irq   %soft  %steal  %guest  %gnice   %idle
06時49分26秒    0   35.79    0.00   30.53    0.00    0.00    7.37    0.00    0.00    0.00   26.32
06時49分26秒    1   32.97    0.00   15.38    0.00    0.00    2.20    0.00    0.00    0.00   49.45

06時49分26秒  CPU    %usr   %nice    %sys %iowait    %irq   %soft  %steal  %guest  %gnice   %idle
06時49分27秒    0   34.41    0.00   31.18    0.00    0.00    6.45    0.00    0.00    0.00   27.96
06時49分27秒    1   34.07    0.00   15.38    0.00    0.00    2.20    0.00    0.00    0.00   48.35

06時49分27秒  CPU    %usr   %nice    %sys %iowait    %irq   %soft  %steal  %guest  %gnice   %idle
06時49分28秒    0   41.49    0.00   26.60    0.00    0.00    6.38    0.00    0.00    0.00   25.53
06時49分28秒    1   34.78    0.00   15.22    0.00    0.00    2.17    0.00    0.00    0.00   47.83

06時49分28秒  CPU    %usr   %nice    %sys %iowait    %irq   %soft  %steal  %guest  %gnice   %idle
06時49分29秒    0   38.04    0.00   27.17    0.00    0.00    7.61    0.00    0.00    0.00   27.17
06時49分29秒    1   32.61    0.00   16.30    0.00    0.00    2.17    0.00    0.00    0.00   48.91

06時49分29秒  CPU    %usr   %nice    %sys %iowait    %irq   %soft  %steal  %guest  %gnice   %idle
06時49分30秒    0   39.13    0.00   26.09    0.00    0.00    6.52    0.00    0.00    0.00   28.26
06時49分30秒    1   31.87    0.00   16.48    0.00    0.00    2.20    0.00    0.00    0.00   49.45

06時49分30秒  CPU    %usr   %nice    %sys %iowait    %irq   %soft  %steal  %guest  %gnice   %idle
06時49分31秒    0   36.26    0.00   27.47    0.00    1.10    6.59    0.00    0.00    0.00   28.57
06時49分31秒    1   30.00    0.00   18.89    0.00    0.00    1.11    0.00    0.00    0.00   50.00

06時49分31秒  CPU    %usr   %nice    %sys %iowait    %irq   %soft  %steal  %guest  %gnice   %idle
06時49分32秒    0   39.13    0.00   27.17    0.00    0.00    6.52    0.00    0.00    0.00   27.17
06時49分32秒    1   34.78    0.00   15.22    0.00    0.00    2.17    0.00    0.00    0.00   47.83

06時49分32秒  CPU    %usr   %nice    %sys %iowait    %irq   %soft  %steal  %guest  %gnice   %idle
06時49分33秒    0   35.87    0.00   29.35    0.00    0.00    7.61    0.00    0.00    0.00   27.17
06時49分33秒    1   32.22    0.00   15.56    0.00    0.00    2.22    0.00    0.00    0.00   50.00

06時49分33秒  CPU    %usr   %nice    %sys %iowait    %irq   %soft  %steal  %guest  %gnice   %idle
06時49分34秒    0   41.30    0.00   28.26    0.00    0.00    6.52    0.00    0.00    0.00   23.91
06時49分34秒    1   30.43    0.00   20.65    0.00    0.00    2.17    0.00    0.00    0.00   46.74

06時49分34秒  CPU    %usr   %nice    %sys %iowait    %irq   %soft  %steal  %guest  %gnice   %idle
06時49分35秒    0   38.71    0.00   27.96    0.00    0.00    6.45    0.00    0.00    0.00   26.88
06時49分35秒    1   27.17    0.00   22.83    0.00    0.00    2.17    0.00    0.00    0.00   47.83

06時49分35秒  CPU    %usr   %nice    %sys %iowait    %irq   %soft  %steal  %guest  %gnice   %idle
06時49分36秒    0   37.63    0.00   26.88    0.00    0.00    7.53    0.00    0.00    0.00   27.96
06時49分36秒    1   33.33    0.00   13.98    0.00    0.00    2.15    0.00    0.00    0.00   50.54

06時49分36秒  CPU    %usr   %nice    %sys %iowait    %irq   %soft  %steal  %guest  %gnice   %idle
06時49分37秒    0   37.63    0.00   27.96    0.00    0.00    6.45    0.00    0.00    0.00   27.96
06時49分37秒    1   35.16    0.00   14.29    0.00    0.00    2.20    0.00    0.00    0.00   48.35

06時49分37秒  CPU    %usr   %nice    %sys %iowait    %irq   %soft  %steal  %guest  %gnice   %idle
06時49分38秒    0   37.63    0.00   30.11    0.00    0.00    6.45    0.00    0.00    0.00   25.81
06時49分38秒    1   32.22    0.00   17.78    0.00    0.00    1.11    0.00    0.00    0.00   48.89

06時49分38秒  CPU    %usr   %nice    %sys %iowait    %irq   %soft  %steal  %guest  %gnice   %idle
06時49分39秒    0   38.30    0.00   26.60    0.00    0.00    7.45    0.00    0.00    0.00   27.66
06時49分39秒    1   26.67    0.00   21.11    0.00    0.00    2.22    0.00    0.00    0.00   50.00

06時49分39秒  CPU    %usr   %nice    %sys %iowait    %irq   %soft  %steal  %guest  %gnice   %idle
06時49分40秒    0   36.96    0.00   30.43    0.00    0.00    6.52    0.00    0.00    0.00   26.09
06時49分40秒    1   32.26    0.00   18.28    0.00    0.00    2.15    0.00    0.00    0.00   47.31

06時49分40秒  CPU    %usr   %nice    %sys %iowait    %irq   %soft  %steal  %guest  %gnice   %idle
06時49分41秒    0   41.94    0.00   25.81    0.00    0.00    6.45    0.00    0.00    0.00   25.81
06時49分41秒    1   34.07    0.00   15.38    0.00    0.00    2.20    0.00    0.00    0.00   48.35

06時49分41秒  CPU    %usr   %nice    %sys %iowait    %irq   %soft  %steal  %guest  %gnice   %idle
06時49分42秒    0   36.17    0.00   29.79    0.00    0.00    7.45    0.00    0.00    0.00   26.60
06時49分42秒    1   31.52    0.00   16.30    0.00    1.09    2.17    0.00    0.00    0.00   48.91

06時49分42秒  CPU    %usr   %nice    %sys %iowait    %irq   %soft  %steal  %guest  %gnice   %idle
06時49分43秒    0   37.63    0.00   26.88    0.00    0.00    6.45    0.00    0.00    0.00   29.03
06時49分43秒    1   32.61    0.00   15.22    0.00    0.00    2.17    0.00    0.00    0.00   50.00

06時49分43秒  CPU    %usr   %nice    %sys %iowait    %irq   %soft  %steal  %guest  %gnice   %idle
06時49分44秒    0   40.22    0.00   27.17    0.00    0.00    6.52    0.00    0.00    0.00   26.09
06時49分44秒    1   31.11    0.00   20.00    0.00    0.00    1.11    0.00    0.00    0.00   47.78

06時49分44秒  CPU    %usr   %nice    %sys %iowait    %irq   %soft  %steal  %guest  %gnice   %idle
06時49分45秒    0   39.13    0.00   26.09    0.00    0.00    6.52    0.00    0.00    0.00   28.26
06時49分45秒    1   32.97    0.00   15.38    0.00    0.00    2.20    0.00    0.00    0.00   49.45

06時49分45秒  CPU    %usr   %nice    %sys %iowait    %irq   %soft  %steal  %guest  %gnice   %idle
06時49分46秒    0   35.48    0.00   30.11    0.00    0.00    7.53    0.00    0.00    0.00   26.88
06時49分46秒    1   32.97    0.00   16.48    0.00    0.00    2.20    0.00    0.00    0.00   48.35

06時49分46秒  CPU    %usr   %nice    %sys %iowait    %irq   %soft  %steal  %guest  %gnice   %idle
06時49分47秒    0   40.00    0.00   27.37    0.00    0.00    6.32    0.00    0.00    0.00   26.32
06時49分47秒    1   29.35    0.00   18.48    0.00    0.00    2.17    0.00    0.00    0.00   50.00

06時49分47秒  CPU    %usr   %nice    %sys %iowait    %irq   %soft  %steal  %guest  %gnice   %idle
06時49分48秒    0   35.48    0.00   30.11    0.00    0.00    6.45    0.00    0.00    0.00   27.96
06時49分48秒    1   32.61    0.00   16.30    0.00    0.00    2.17    0.00    0.00    0.00   48.91

06時49分48秒  CPU    %usr   %nice    %sys %iowait    %irq   %soft  %steal  %guest  %gnice   %idle
06時49分49秒    0   40.86    0.00   26.88    0.00    0.00    7.53    0.00    0.00    0.00   24.73
06時49分49秒    1   36.96    0.00   14.13    0.00    0.00    2.17    0.00    0.00    0.00   46.74

06時49分49秒  CPU    %usr   %nice    %sys %iowait    %irq   %soft  %steal  %guest  %gnice   %idle
06時49分50秒    0   33.33    0.00   31.18    0.00    1.08    6.45    0.00    0.00    0.00   27.96
06時49分50秒    1   38.04    0.00   11.96    0.00    0.00    1.09    0.00    0.00    0.00   48.91

06時49分50秒  CPU    %usr   %nice    %sys %iowait    %irq   %soft  %steal  %guest  %gnice   %idle
06時49分51秒    0   37.63    0.00   29.03    0.00    0.00    6.45    0.00    0.00    0.00   26.88
06時49分51秒    1   36.26    0.00   12.09    0.00    0.00    2.20    0.00    0.00    0.00   49.45

06時49分51秒  CPU    %usr   %nice    %sys %iowait    %irq   %soft  %steal  %guest  %gnice   %idle
06時49分52秒    0   38.30    0.00   27.66    0.00    0.00    7.45    0.00    0.00    0.00   26.60
06時49分52秒    1   28.57    0.00   20.88    0.00    0.00    2.20    0.00    0.00    0.00   48.35

06時49分52秒  CPU    %usr   %nice    %sys %iowait    %irq   %soft  %steal  %guest  %gnice   %idle
06時49分53秒    0   41.49    0.00   25.53    0.00    0.00    6.38    0.00    0.00    0.00   26.60
06時49分53秒    1   32.97    0.00   15.38    0.00    0.00    2.20    0.00    0.00    0.00   49.45

06時49分53秒  CPU    %usr   %nice    %sys %iowait    %irq   %soft  %steal  %guest  %gnice   %idle
06時49分54秒    0   38.46    0.00   27.47    0.00    0.00    6.59    0.00    0.00    0.00   27.47
06時49分54秒    1   36.26    0.00   13.19    0.00    0.00    2.20    0.00    0.00    0.00   48.35

06時49分54秒  CPU    %usr   %nice    %sys %iowait    %irq   %soft  %steal  %guest  %gnice   %idle
06時49分55秒    0   38.71    0.00   26.88    0.00    0.00    7.53    0.00    0.00    0.00   26.88
06時49分55秒    1   28.89    0.00   20.00    0.00    0.00    2.22    0.00    0.00    0.00   48.89

06時49分55秒  CPU    %usr   %nice    %sys %iowait    %irq   %soft  %steal  %guest  %gnice   %idle
06時49分56秒    0   38.46    0.00   27.47    0.00    0.00    6.59    0.00    0.00    0.00   27.47
06時49分56秒    1   34.44    0.00   13.33    0.00    0.00    1.11    0.00    0.00    0.00   51.11

06時49分56秒  CPU    %usr   %nice    %sys %iowait    %irq   %soft  %steal  %guest  %gnice   %idle
06時49分57秒    0   40.22    0.00   26.09    0.00    0.00    6.52    0.00    0.00    0.00   27.17
06時49分57秒    1   33.33    0.00   15.56    0.00    0.00    2.22    0.00    0.00    0.00   48.89

06時49分57秒  CPU    %usr   %nice    %sys %iowait    %irq   %soft  %steal  %guest  %gnice   %idle
06時49分58秒    0   34.78    0.00   28.26    0.00    0.00    6.52    0.00    0.00    0.00   30.43
06時49分58秒    1   30.43    0.00   16.30    0.00    0.00    2.17    0.00    0.00    0.00   51.09

平均時間：  CPU    %usr   %nice    %sys %iowait    %irq   %soft  %steal  %guest  %gnice   %idle
平均時間：    0   37.93    0.00   28.27    0.00    0.06    6.80    0.00    0.00    0.00   26.94
平均時間：    1   32.84    0.00   16.57    0.00    0.05    2.04    0.00    0.00    0.00   48.50
