Linux 5.6.15-arch1-1 (archlinux) 	西元2020年06月29日 	_x86_64_	(12 CPU)

06時42分44秒  CPU    %usr   %nice    %sys %iowait    %irq   %soft  %steal  %guest  %gnice   %idle
06時42分45秒    0   39.36    0.00   25.53    0.00    0.00    7.45    0.00    0.00    0.00   27.66
06時42分45秒    1   35.87    0.00   14.13    0.00    0.00    2.17    0.00    0.00    0.00   47.83

06時42分45秒  CPU    %usr   %nice    %sys %iowait    %irq   %soft  %steal  %guest  %gnice   %idle
06時42分46秒    0   36.26    0.00   26.37    0.00    0.00    7.69    0.00    0.00    0.00   29.67
06時42分46秒    1   33.33    0.00   15.56    0.00    0.00    2.22    0.00    0.00    0.00   48.89

06時42分46秒  CPU    %usr   %nice    %sys %iowait    %irq   %soft  %steal  %guest  %gnice   %idle
06時42分47秒    0   32.98    0.00   29.79    0.00    0.00    6.38    0.00    0.00    0.00   30.85
06時42分47秒    1   31.91    0.00   17.02    0.00    0.00    2.13    0.00    0.00    0.00   48.94

06時42分47秒  CPU    %usr   %nice    %sys %iowait    %irq   %soft  %steal  %guest  %gnice   %idle
06時42分48秒    0   38.46    0.00   24.18    0.00    0.00    7.69    0.00    0.00    0.00   29.67
06時42分48秒    1   29.03    0.00   19.35    0.00    1.08    2.15    0.00    0.00    0.00   48.39

06時42分48秒  CPU    %usr   %nice    %sys %iowait    %irq   %soft  %steal  %guest  %gnice   %idle
06時42分49秒    0   38.30    0.00   27.66    0.00    0.00    7.45    0.00    0.00    0.00   26.60
06時42分49秒    1   31.87    0.00   18.68    0.00    0.00    2.20    0.00    0.00    0.00   47.25

06時42分49秒  CPU    %usr   %nice    %sys %iowait    %irq   %soft  %steal  %guest  %gnice   %idle
06時42分50秒    0   36.96    0.00   27.17    0.00    0.00    6.52    0.00    0.00    0.00   29.35
06時42分50秒    1   35.48    0.00   15.05    0.00    0.00    1.08    0.00    0.00    0.00   48.39

06時42分50秒  CPU    %usr   %nice    %sys %iowait    %irq   %soft  %steal  %guest  %gnice   %idle
06時42分51秒    0   37.89    0.00   28.42    0.00    0.00    7.37    0.00    0.00    0.00   26.32
06時42分51秒    1   33.70    0.00   16.30    0.00    0.00    2.17    0.00    0.00    0.00   47.83

06時42分51秒  CPU    %usr   %nice    %sys %iowait    %irq   %soft  %steal  %guest  %gnice   %idle
06時42分52秒    0   41.30    0.00   22.83    0.00    0.00    7.61    0.00    0.00    0.00   28.26
06時42分52秒    1   35.48    0.00   15.05    0.00    0.00    2.15    0.00    0.00    0.00   47.31

06時42分52秒  CPU    %usr   %nice    %sys %iowait    %irq   %soft  %steal  %guest  %gnice   %idle
06時42分53秒    0   40.86    0.00   26.88    0.00    0.00    7.53    0.00    0.00    0.00   24.73
06時42分53秒    1   35.16    0.00   15.38    0.00    0.00    2.20    0.00    0.00    0.00   47.25

06時42分53秒  CPU    %usr   %nice    %sys %iowait    %irq   %soft  %steal  %guest  %gnice   %idle
06時42分54秒    0   35.96    0.00   25.84    0.00    0.00    6.74    0.00    0.00    0.00   31.46
06時42分54秒    1   29.67    0.00   17.58    0.00    0.00    2.20    0.00    0.00    0.00   50.55

06時42分54秒  CPU    %usr   %nice    %sys %iowait    %irq   %soft  %steal  %guest  %gnice   %idle
06時42分55秒    0   34.78    0.00   28.26    0.00    0.00    7.61    0.00    0.00    0.00   29.35
06時42分55秒    1   34.78    0.00   14.13    0.00    0.00    2.17    0.00    0.00    0.00   48.91

06時42分55秒  CPU    %usr   %nice    %sys %iowait    %irq   %soft  %steal  %guest  %gnice   %idle
06時42分56秒    0   36.96    0.00   26.09    0.00    0.00    7.61    0.00    0.00    0.00   29.35
06時42分56秒    1   35.87    0.00   14.13    0.00    0.00    2.17    0.00    0.00    0.00   47.83

06時42分56秒  CPU    %usr   %nice    %sys %iowait    %irq   %soft  %steal  %guest  %gnice   %idle
06時42分57秒    0   35.16    0.00   28.57    0.00    0.00    7.69    0.00    0.00    0.00   28.57
06時42分57秒    1   32.97    0.00   16.48    0.00    0.00    2.20    0.00    0.00    0.00   48.35

06時42分57秒  CPU    %usr   %nice    %sys %iowait    %irq   %soft  %steal  %guest  %gnice   %idle
06時42分58秒    0   38.46    0.00   27.47    0.00    0.00    6.59    0.00    0.00    0.00   27.47
06時42分58秒    1   32.61    0.00   17.39    0.00    0.00    2.17    0.00    0.00    0.00   47.83

06時42分58秒  CPU    %usr   %nice    %sys %iowait    %irq   %soft  %steal  %guest  %gnice   %idle
06時42分59秒    0   34.41    0.00   30.11    0.00    0.00    7.53    0.00    0.00    0.00   27.96
06時42分59秒    1   33.70    0.00   17.39    0.00    0.00    2.17    0.00    0.00    0.00   46.74

06時42分59秒  CPU    %usr   %nice    %sys %iowait    %irq   %soft  %steal  %guest  %gnice   %idle
06時43分00秒    0   38.71    0.00   25.81    0.00    0.00    7.53    0.00    0.00    0.00   27.96
06時43分00秒    1   32.22    0.00   16.67    0.00    0.00    2.22    0.00    0.00    0.00   48.89

06時43分00秒  CPU    %usr   %nice    %sys %iowait    %irq   %soft  %steal  %guest  %gnice   %idle
06時43分01秒    0   35.48    0.00   26.88    0.00    1.08    7.53    0.00    0.00    0.00   29.03
06時43分01秒    1   33.70    0.00   16.30    0.00    0.00    1.09    0.00    0.00    0.00   48.91

06時43分01秒  CPU    %usr   %nice    %sys %iowait    %irq   %soft  %steal  %guest  %gnice   %idle
06時43分02秒    0   39.36    0.00   25.53    0.00    0.00    6.38    0.00    0.00    0.00   28.72
06時43分02秒    1   35.56    0.00   13.33    0.00    0.00    2.22    0.00    0.00    0.00   48.89

06時43分02秒  CPU    %usr   %nice    %sys %iowait    %irq   %soft  %steal  %guest  %gnice   %idle
06時43分03秒    0   39.56    0.00   24.18    0.00    0.00    7.69    0.00    0.00    0.00   28.57
06時43分03秒    1   33.68    0.00   17.89    0.00    0.00    2.11    0.00    0.00    0.00   46.32

06時43分03秒  CPU    %usr   %nice    %sys %iowait    %irq   %soft  %steal  %guest  %gnice   %idle
06時43分04秒    0   31.87    0.00   29.67    0.00    0.00    7.69    0.00    0.00    0.00   30.77
06時43分04秒    1   30.11    0.00   18.28    0.00    0.00    2.15    0.00    0.00    0.00   49.46

06時43分04秒  CPU    %usr   %nice    %sys %iowait    %irq   %soft  %steal  %guest  %gnice   %idle
06時43分05秒    0   34.78    0.00   30.43    0.00    0.00    6.52    0.00    0.00    0.00   28.26
06時43分05秒    1   38.89    0.00   12.22    0.00    0.00    2.22    0.00    0.00    0.00   46.67

06時43分05秒  CPU    %usr   %nice    %sys %iowait    %irq   %soft  %steal  %guest  %gnice   %idle
06時43分06秒    0   34.41    0.00   27.96    0.00    0.00    7.53    0.00    0.00    0.00   30.11
06時43分06秒    1   35.48    0.00   12.90    0.00    0.00    2.15    0.00    0.00    0.00   49.46

06時43分06秒  CPU    %usr   %nice    %sys %iowait    %irq   %soft  %steal  %guest  %gnice   %idle
06時43分07秒    0   34.41    0.00   30.11    0.00    0.00    7.53    0.00    0.00    0.00   27.96
06時43分07秒    1   34.78    0.00   15.22    0.00    0.00    2.17    0.00    0.00    0.00   47.83

06時43分07秒  CPU    %usr   %nice    %sys %iowait    %irq   %soft  %steal  %guest  %gnice   %idle
06時43分08秒    0   34.78    0.00   27.17    0.00    0.00    6.52    0.00    0.00    0.00   31.52
06時43分08秒    1   32.58    0.00   14.61    0.00    0.00    1.12    0.00    0.00    0.00   51.69

06時43分08秒  CPU    %usr   %nice    %sys %iowait    %irq   %soft  %steal  %guest  %gnice   %idle
06時43分09秒    0   36.96    0.00   27.17    0.00    0.00    7.61    0.00    0.00    0.00   28.26
06時43分09秒    1   31.87    0.00   17.58    0.00    0.00    2.20    0.00    0.00    0.00   48.35

06時43分09秒  CPU    %usr   %nice    %sys %iowait    %irq   %soft  %steal  %guest  %gnice   %idle
06時43分10秒    0   31.11    0.00   27.78    0.00    0.00    6.67    0.00    0.00    0.00   34.44
06時43分10秒    1   31.18    0.00   15.05    0.00    0.00    2.15    0.00    0.00    0.00   51.61

06時43分10秒  CPU    %usr   %nice    %sys %iowait    %irq   %soft  %steal  %guest  %gnice   %idle
06時43分11秒    0   38.04    0.00   26.09    0.00    0.00    7.61    0.00    0.00    0.00   28.26
06時43分11秒    1   28.26    0.00   20.65    0.00    0.00    2.17    0.00    0.00    0.00   48.91

06時43分11秒  CPU    %usr   %nice    %sys %iowait    %irq   %soft  %steal  %guest  %gnice   %idle
06時43分12秒    0   37.36    0.00   25.27    0.00    0.00    7.69    0.00    0.00    0.00   29.67
06時43分12秒    1   29.67    0.00   18.68    0.00    0.00    2.20    0.00    0.00    0.00   49.45

06時43分12秒  CPU    %usr   %nice    %sys %iowait    %irq   %soft  %steal  %guest  %gnice   %idle
06時43分13秒    0   34.04    0.00   29.79    0.00    0.00    6.38    0.00    0.00    0.00   29.79
06時43分13秒    1   32.26    0.00   18.28    0.00    0.00    2.15    0.00    0.00    0.00   47.31

06時43分13秒  CPU    %usr   %nice    %sys %iowait    %irq   %soft  %steal  %guest  %gnice   %idle
06時43分14秒    0   38.71    0.00   26.88    0.00    0.00    7.53    0.00    0.00    0.00   26.88
06時43分14秒    1   36.17    0.00   13.83    0.00    1.06    2.13    0.00    0.00    0.00   46.81

06時43分14秒  CPU    %usr   %nice    %sys %iowait    %irq   %soft  %steal  %guest  %gnice   %idle
06時43分15秒    0   36.17    0.00   30.85    0.00    0.00    7.45    0.00    0.00    0.00   25.53
06時43分15秒    1   35.87    0.00   15.22    0.00    0.00    2.17    0.00    0.00    0.00   46.74

06時43分15秒  CPU    %usr   %nice    %sys %iowait    %irq   %soft  %steal  %guest  %gnice   %idle
06時43分16秒    0   32.61    0.00   31.52    0.00    0.00    7.61    0.00    0.00    0.00   28.26
06時43分16秒    1   31.11    0.00   18.89    0.00    0.00    1.11    0.00    0.00    0.00   48.89

06時43分16秒  CPU    %usr   %nice    %sys %iowait    %irq   %soft  %steal  %guest  %gnice   %idle
06時43分17秒    0   34.44    0.00   28.89    0.00    0.00    6.67    0.00    0.00    0.00   30.00
06時43分17秒    1   28.57    0.00   20.88    0.00    0.00    2.20    0.00    0.00    0.00   48.35

06時43分17秒  CPU    %usr   %nice    %sys %iowait    %irq   %soft  %steal  %guest  %gnice   %idle
06時43分18秒    0   35.87    0.00   29.35    0.00    0.00    7.61    0.00    0.00    0.00   27.17
06時43分18秒    1   32.61    0.00   17.39    0.00    0.00    2.17    0.00    0.00    0.00   47.83

06時43分18秒  CPU    %usr   %nice    %sys %iowait    %irq   %soft  %steal  %guest  %gnice   %idle
06時43分19秒    0   37.23    0.00   25.53    0.00    1.06    7.45    0.00    0.00    0.00   28.72
06時43分19秒    1   34.07    0.00   15.38    0.00    0.00    2.20    0.00    0.00    0.00   48.35

06時43分19秒  CPU    %usr   %nice    %sys %iowait    %irq   %soft  %steal  %guest  %gnice   %idle
06時43分20秒    0   40.00    0.00   23.33    0.00    0.00    7.78    0.00    0.00    0.00   28.89
06時43分20秒    1   31.87    0.00   16.48    0.00    0.00    2.20    0.00    0.00    0.00   49.45

06時43分20秒  CPU    %usr   %nice    %sys %iowait    %irq   %soft  %steal  %guest  %gnice   %idle
06時43分21秒    0   40.43    0.00   24.47    0.00    0.00    6.38    0.00    0.00    0.00   28.72
06時43分21秒    1   32.98    0.00   17.02    0.00    0.00    2.13    0.00    0.00    0.00   47.87

06時43分21秒  CPU    %usr   %nice    %sys %iowait    %irq   %soft  %steal  %guest  %gnice   %idle
06時43分22秒    0   34.41    0.00   29.03    0.00    0.00    7.53    0.00    0.00    0.00   29.03
06時43分22秒    1   34.07    0.00   14.29    0.00    0.00    2.20    0.00    0.00    0.00   49.45

06時43分22秒  CPU    %usr   %nice    %sys %iowait    %irq   %soft  %steal  %guest  %gnice   %idle
06時43分23秒    0   33.33    0.00   29.03    0.00    0.00    7.53    0.00    0.00    0.00   30.11
06時43分23秒    1   33.70    0.00   15.22    0.00    0.00    2.17    0.00    0.00    0.00   48.91

06時43分23秒  CPU    %usr   %nice    %sys %iowait    %irq   %soft  %steal  %guest  %gnice   %idle
06時43分24秒    0   36.67    0.00   27.78    0.00    0.00    6.67    0.00    0.00    0.00   28.89
06時43分24秒    1   33.33    0.00   16.13    0.00    0.00    2.15    0.00    0.00    0.00   48.39

06時43分24秒  CPU    %usr   %nice    %sys %iowait    %irq   %soft  %steal  %guest  %gnice   %idle
06時43分25秒    0   34.41    0.00   29.03    0.00    0.00    7.53    0.00    0.00    0.00   29.03
06時43分25秒    1   32.22    0.00   16.67    0.00    0.00    1.11    0.00    0.00    0.00   50.00

06時43分25秒  CPU    %usr   %nice    %sys %iowait    %irq   %soft  %steal  %guest  %gnice   %idle
06時43分26秒    0   31.87    0.00   29.67    0.00    0.00    7.69    0.00    0.00    0.00   30.77
06時43分26秒    1   31.52    0.00   17.39    0.00    0.00    2.17    0.00    0.00    0.00   48.91

06時43分26秒  CPU    %usr   %nice    %sys %iowait    %irq   %soft  %steal  %guest  %gnice   %idle
06時43分27秒    0   31.91    0.00   31.91    0.00    0.00    6.38    0.00    0.00    0.00   29.79
06時43分27秒    1   30.77    0.00   16.48    0.00    0.00    2.20    0.00    0.00    0.00   50.55

06時43分27秒  CPU    %usr   %nice    %sys %iowait    %irq   %soft  %steal  %guest  %gnice   %idle
06時43分28秒    0   38.71    0.00   25.81    0.00    0.00    7.53    0.00    0.00    0.00   27.96
06時43分28秒    1   39.13    0.00   10.87    0.00    0.00    2.17    0.00    0.00    0.00   47.83

06時43分28秒  CPU    %usr   %nice    %sys %iowait    %irq   %soft  %steal  %guest  %gnice   %idle
06時43分29秒    0   42.55    0.00   22.34    0.00    0.00    7.45    0.00    0.00    0.00   27.66
06時43分29秒    1   33.33    0.00   18.28    0.00    0.00    2.15    0.00    0.00    0.00   46.24

06時43分29秒  CPU    %usr   %nice    %sys %iowait    %irq   %soft  %steal  %guest  %gnice   %idle
06時43分30秒    0   36.26    0.00   26.37    0.00    0.00    7.69    0.00    0.00    0.00   29.67
06時43分30秒    1   31.11    0.00   16.67    0.00    0.00    2.22    0.00    0.00    0.00   50.00

06時43分30秒  CPU    %usr   %nice    %sys %iowait    %irq   %soft  %steal  %guest  %gnice   %idle
06時43分31秒    0   35.87    0.00   29.35    0.00    0.00    6.52    0.00    0.00    0.00   28.26
06時43分31秒    1   31.52    0.00   18.48    0.00    0.00    2.17    0.00    0.00    0.00   47.83

06時43分31秒  CPU    %usr   %nice    %sys %iowait    %irq   %soft  %steal  %guest  %gnice   %idle
06時43分32秒    0   38.04    0.00   26.09    0.00    0.00    7.61    0.00    0.00    0.00   28.26
06時43分32秒    1   34.41    0.00   16.13    0.00    0.00    2.15    0.00    0.00    0.00   47.31

06時43分32秒  CPU    %usr   %nice    %sys %iowait    %irq   %soft  %steal  %guest  %gnice   %idle
06時43分33秒    0   35.11    0.00   27.66    0.00    0.00    7.45    0.00    0.00    0.00   29.79
06時43分33秒    1   35.16    0.00   13.19    0.00    0.00    2.20    0.00    0.00    0.00   49.45

06時43分33秒  CPU    %usr   %nice    %sys %iowait    %irq   %soft  %steal  %guest  %gnice   %idle
06時43分34秒    0   35.56    0.00   30.00    0.00    0.00    6.67    0.00    0.00    0.00   27.78
06時43分34秒    1   40.22    0.00   10.87    0.00    0.00    1.09    0.00    0.00    0.00   47.83

06時43分34秒  CPU    %usr   %nice    %sys %iowait    %irq   %soft  %steal  %guest  %gnice   %idle
06時43分35秒    0   33.33    0.00   30.11    0.00    0.00    7.53    0.00    0.00    0.00   29.03
06時43分35秒    1   33.33    0.00   16.13    0.00    0.00    2.15    0.00    0.00    0.00   48.39

06時43分35秒  CPU    %usr   %nice    %sys %iowait    %irq   %soft  %steal  %guest  %gnice   %idle
06時43分36秒    0   33.70    0.00   28.26    0.00    0.00    7.61    0.00    0.00    0.00   30.43
06時43分36秒    1   31.18    0.00   17.20    0.00    0.00    2.15    0.00    0.00    0.00   49.46

06時43分36秒  CPU    %usr   %nice    %sys %iowait    %irq   %soft  %steal  %guest  %gnice   %idle
06時43分37秒    0   35.48    0.00   29.03    0.00    1.08    6.45    0.00    0.00    0.00   27.96
06時43分37秒    1   30.77    0.00   18.68    0.00    0.00    2.20    0.00    0.00    0.00   48.35

06時43分37秒  CPU    %usr   %nice    %sys %iowait    %irq   %soft  %steal  %guest  %gnice   %idle
06時43分38秒    0   39.36    0.00   26.60    0.00    0.00    7.45    0.00    0.00    0.00   26.60
06時43分38秒    1   34.07    0.00   15.38    0.00    0.00    2.20    0.00    0.00    0.00   48.35

06時43分38秒  CPU    %usr   %nice    %sys %iowait    %irq   %soft  %steal  %guest  %gnice   %idle
06時43分39秒    0   36.96    0.00   27.17    0.00    0.00    7.61    0.00    0.00    0.00   28.26
06時43分39秒    1   31.18    0.00   18.28    0.00    1.08    2.15    0.00    0.00    0.00   47.31

06時43分39秒  CPU    %usr   %nice    %sys %iowait    %irq   %soft  %steal  %guest  %gnice   %idle
06時43分40秒    0   33.70    0.00   30.43    0.00    0.00    7.61    0.00    0.00    0.00   28.26
06時43分40秒    1   33.33    0.00   15.56    0.00    0.00    2.22    0.00    0.00    0.00   48.89

06時43分40秒  CPU    %usr   %nice    %sys %iowait    %irq   %soft  %steal  %guest  %gnice   %idle
06時43分41秒    0   36.56    0.00   26.88    0.00    0.00    7.53    0.00    0.00    0.00   29.03
06時43分41秒    1   31.52    0.00   18.48    0.00    0.00    2.17    0.00    0.00    0.00   47.83

06時43分41秒  CPU    %usr   %nice    %sys %iowait    %irq   %soft  %steal  %guest  %gnice   %idle
06時43分42秒    0   34.07    0.00   28.57    0.00    0.00    6.59    0.00    0.00    0.00   30.77
06時43分42秒    1   32.61    0.00   15.22    0.00    0.00    2.17    0.00    0.00    0.00   50.00

06時43分42秒  CPU    %usr   %nice    %sys %iowait    %irq   %soft  %steal  %guest  %gnice   %idle
06時43分43秒    0   37.23    0.00   28.72    0.00    0.00    7.45    0.00    0.00    0.00   26.60
06時43分43秒    1   38.04    0.00   15.22    0.00    0.00    2.17    0.00    0.00    0.00   44.57

06時43分43秒  CPU    %usr   %nice    %sys %iowait    %irq   %soft  %steal  %guest  %gnice   %idle
06時43分44秒    0   35.16    0.00   29.67    0.00    0.00    7.69    0.00    0.00    0.00   27.47
06時43分44秒    1   33.33    0.00   16.67    0.00    0.00    1.11    0.00    0.00    0.00   48.89

06時43分44秒  CPU    %usr   %nice    %sys %iowait    %irq   %soft  %steal  %guest  %gnice   %idle
06時43分45秒    0   35.48    0.00   27.96    0.00    0.00    6.45    0.00    0.00    0.00   30.11
06時43分45秒    1   37.23    0.00   13.83    0.00    0.00    2.13    0.00    0.00    0.00   46.81

06時43分45秒  CPU    %usr   %nice    %sys %iowait    %irq   %soft  %steal  %guest  %gnice   %idle
06時43分46秒    0   36.26    0.00   28.57    0.00    0.00    7.69    0.00    0.00    0.00   27.47
06時43分46秒    1   35.16    0.00   14.29    0.00    0.00    2.20    0.00    0.00    0.00   48.35

06時43分46秒  CPU    %usr   %nice    %sys %iowait    %irq   %soft  %steal  %guest  %gnice   %idle
06時43分47秒    0   36.56    0.00   25.81    0.00    0.00    7.53    0.00    0.00    0.00   30.11
06時43分47秒    1   32.61    0.00   16.30    0.00    0.00    2.17    0.00    0.00    0.00   48.91

06時43分47秒  CPU    %usr   %nice    %sys %iowait    %irq   %soft  %steal  %guest  %gnice   %idle
06時43分48秒    0   39.13    0.00   23.91    0.00    0.00    6.52    0.00    0.00    0.00   30.43
06時43分48秒    1   31.52    0.00   16.30    0.00    0.00    2.17    0.00    0.00    0.00   50.00

06時43分48秒  CPU    %usr   %nice    %sys %iowait    %irq   %soft  %steal  %guest  %gnice   %idle
06時43分49秒    0   37.63    0.00   30.11    0.00    0.00    7.53    0.00    0.00    0.00   24.73
06時43分49秒    1   33.33    0.00   17.78    0.00    0.00    2.22    0.00    0.00    0.00   46.67

06時43分49秒  CPU    %usr   %nice    %sys %iowait    %irq   %soft  %steal  %guest  %gnice   %idle
06時43分50秒    0   37.23    0.00   24.47    0.00    0.00    7.45    0.00    0.00    0.00   30.85
06時43分50秒    1   33.33    0.00   15.05    0.00    0.00    2.15    0.00    0.00    0.00   49.46

06時43分50秒  CPU    %usr   %nice    %sys %iowait    %irq   %soft  %steal  %guest  %gnice   %idle
06時43分51秒    0   38.46    0.00   26.37    0.00    0.00    6.59    0.00    0.00    0.00   28.57
06時43分51秒    1   33.70    0.00   15.22    0.00    0.00    2.17    0.00    0.00    0.00   48.91

06時43分51秒  CPU    %usr   %nice    %sys %iowait    %irq   %soft  %steal  %guest  %gnice   %idle
06時43分52秒    0   34.41    0.00   29.03    0.00    0.00    7.53    0.00    0.00    0.00   29.03
06時43分52秒    1   32.61    0.00   17.39    0.00    0.00    1.09    0.00    0.00    0.00   48.91

06時43分52秒  CPU    %usr   %nice    %sys %iowait    %irq   %soft  %steal  %guest  %gnice   %idle
06時43分53秒    0   35.16    0.00   28.57    0.00    0.00    7.69    0.00    0.00    0.00   28.57
06時43分53秒    1   34.41    0.00   16.13    0.00    0.00    2.15    0.00    0.00    0.00   47.31

06時43分53秒  CPU    %usr   %nice    %sys %iowait    %irq   %soft  %steal  %guest  %gnice   %idle
06時43分54秒    0   38.71    0.00   25.81    0.00    0.00    7.53    0.00    0.00    0.00   27.96
06時43分54秒    1   31.87    0.00   18.68    0.00    0.00    2.20    0.00    0.00    0.00   47.25

06時43分54秒  CPU    %usr   %nice    %sys %iowait    %irq   %soft  %steal  %guest  %gnice   %idle
06時43分55秒    0   33.70    0.00   29.35    0.00    0.00    6.52    0.00    0.00    0.00   30.43
06時43分55秒    1   32.61    0.00   15.22    0.00    0.00    2.17    0.00    0.00    0.00   50.00

06時43分55秒  CPU    %usr   %nice    %sys %iowait    %irq   %soft  %steal  %guest  %gnice   %idle
06時43分56秒    0   39.36    0.00   25.53    0.00    1.06    7.45    0.00    0.00    0.00   26.60
06時43分56秒    1   32.22    0.00   16.67    0.00    0.00    2.22    0.00    0.00    0.00   48.89

06時43分56秒  CPU    %usr   %nice    %sys %iowait    %irq   %soft  %steal  %guest  %gnice   %idle
06時43分57秒    0   35.87    0.00   25.00    0.00    0.00    7.61    0.00    0.00    0.00   31.52
06時43分57秒    1   31.11    0.00   15.56    0.00    0.00    2.22    0.00    0.00    0.00   51.11

06時43分57秒  CPU    %usr   %nice    %sys %iowait    %irq   %soft  %steal  %guest  %gnice   %idle
06時43分58秒    0   30.00    0.00   33.33    0.00    0.00    6.67    0.00    0.00    0.00   30.00
06時43分58秒    1   34.07    0.00   14.29    0.00    0.00    2.20    0.00    0.00    0.00   49.45

06時43分58秒  CPU    %usr   %nice    %sys %iowait    %irq   %soft  %steal  %guest  %gnice   %idle
06時43分59秒    0   35.11    0.00   28.72    0.00    0.00    7.45    0.00    0.00    0.00   28.72
06時43分59秒    1   32.61    0.00   16.30    0.00    0.00    2.17    0.00    0.00    0.00   48.91

06時43分59秒  CPU    %usr   %nice    %sys %iowait    %irq   %soft  %steal  %guest  %gnice   %idle
06時44分00秒    0   36.67    0.00   24.44    0.00    0.00    7.78    0.00    0.00    0.00   31.11
06時44分00秒    1   32.22    0.00   15.56    0.00    0.00    2.22    0.00    0.00    0.00   50.00

06時44分00秒  CPU    %usr   %nice    %sys %iowait    %irq   %soft  %steal  %guest  %gnice   %idle
06時44分01秒    0   34.78    0.00   28.26    0.00    0.00    6.52    0.00    0.00    0.00   30.43
06時44分01秒    1   34.07    0.00   15.38    0.00    0.00    1.10    0.00    0.00    0.00   49.45

06時44分01秒  CPU    %usr   %nice    %sys %iowait    %irq   %soft  %steal  %guest  %gnice   %idle
06時44分02秒    0   35.87    0.00   29.35    0.00    0.00    7.61    0.00    0.00    0.00   27.17
06時44分02秒    1   32.97    0.00   17.58    0.00    0.00    2.20    0.00    0.00    0.00   47.25

06時44分02秒  CPU    %usr   %nice    %sys %iowait    %irq   %soft  %steal  %guest  %gnice   %idle
06時44分03秒    0   34.07    0.00   28.57    0.00    0.00    7.69    0.00    0.00    0.00   29.67
06時44分03秒    1   34.78    0.00   14.13    0.00    0.00    2.17    0.00    0.00    0.00   48.91

06時44分03秒  CPU    %usr   %nice    %sys %iowait    %irq   %soft  %steal  %guest  %gnice   %idle
06時44分04秒    0   36.67    0.00   26.67    0.00    0.00    6.67    0.00    0.00    0.00   30.00
06時44分04秒    1   31.18    0.00   18.28    0.00    0.00    2.15    0.00    0.00    0.00   48.39

06時44分04秒  CPU    %usr   %nice    %sys %iowait    %irq   %soft  %steal  %guest  %gnice   %idle
06時44分05秒    0   32.26    0.00   31.18    0.00    0.00    7.53    0.00    0.00    0.00   29.03
06時44分05秒    1   30.11    0.00   18.28    0.00    1.08    2.15    0.00    0.00    0.00   48.39

06時44分05秒  CPU    %usr   %nice    %sys %iowait    %irq   %soft  %steal  %guest  %gnice   %idle
06時44分06秒    0   31.87    0.00   29.67    0.00    0.00    7.69    0.00    0.00    0.00   30.77
06時44分06秒    1   34.44    0.00   12.22    0.00    0.00    2.22    0.00    0.00    0.00   51.11

06時44分06秒  CPU    %usr   %nice    %sys %iowait    %irq   %soft  %steal  %guest  %gnice   %idle
06時44分07秒    0   33.71    0.00   29.21    0.00    0.00    6.74    0.00    0.00    0.00   30.34
06時44分07秒    1   33.70    0.00   15.22    0.00    0.00    2.17    0.00    0.00    0.00   48.91

06時44分07秒  CPU    %usr   %nice    %sys %iowait    %irq   %soft  %steal  %guest  %gnice   %idle
06時44分08秒    0   37.63    0.00   22.58    0.00    0.00    7.53    0.00    0.00    0.00   32.26
06時44分08秒    1   33.70    0.00   14.13    0.00    0.00    2.17    0.00    0.00    0.00   50.00

06時44分08秒  CPU    %usr   %nice    %sys %iowait    %irq   %soft  %steal  %guest  %gnice   %idle
06時44分09秒    0   38.04    0.00   28.26    0.00    0.00    7.61    0.00    0.00    0.00   26.09
06時44分09秒    1   33.70    0.00   18.48    0.00    0.00    1.09    0.00    0.00    0.00   46.74

06時44分09秒  CPU    %usr   %nice    %sys %iowait    %irq   %soft  %steal  %guest  %gnice   %idle
06時44分10秒    0   40.86    0.00   22.58    0.00    0.00    6.45    0.00    0.00    0.00   30.11
06時44分10秒    1   33.70    0.00   15.22    0.00    0.00    2.17    0.00    0.00    0.00   48.91

06時44分10秒  CPU    %usr   %nice    %sys %iowait    %irq   %soft  %steal  %guest  %gnice   %idle
06時44分11秒    0   32.61    0.00   28.26    0.00    0.00    7.61    0.00    0.00    0.00   31.52
06時44分11秒    1   32.26    0.00   15.05    0.00    0.00    2.15    0.00    0.00    0.00   50.54

06時44分11秒  CPU    %usr   %nice    %sys %iowait    %irq   %soft  %steal  %guest  %gnice   %idle
06時44分12秒    0   37.23    0.00   27.66    0.00    0.00    6.38    0.00    0.00    0.00   28.72
06時44分12秒    1   32.61    0.00   16.30    0.00    0.00    2.17    0.00    0.00    0.00   48.91

06時44分12秒  CPU    %usr   %nice    %sys %iowait    %irq   %soft  %steal  %guest  %gnice   %idle
06時44分13秒    0   35.87    0.00   27.17    0.00    0.00    7.61    0.00    0.00    0.00   29.35
06時44分13秒    1   38.04    0.00   11.96    0.00    0.00    2.17    0.00    0.00    0.00   47.83

06時44分13秒  CPU    %usr   %nice    %sys %iowait    %irq   %soft  %steal  %guest  %gnice   %idle
06時44分14秒    0   30.77    0.00   30.77    0.00    1.10    7.69    0.00    0.00    0.00   29.67
06時44分14秒    1   32.61    0.00   16.30    0.00    0.00    2.17    0.00    0.00    0.00   48.91

06時44分14秒  CPU    %usr   %nice    %sys %iowait    %irq   %soft  %steal  %guest  %gnice   %idle
06時44分15秒    0   31.52    0.00   31.52    0.00    0.00    6.52    0.00    0.00    0.00   30.43
06時44分15秒    1   32.26    0.00   17.20    0.00    0.00    2.15    0.00    0.00    0.00   48.39

06時44分15秒  CPU    %usr   %nice    %sys %iowait    %irq   %soft  %steal  %guest  %gnice   %idle
06時44分16秒    0   34.78    0.00   30.43    0.00    0.00    7.61    0.00    0.00    0.00   27.17
06時44分16秒    1   31.52    0.00   17.39    0.00    0.00    2.17    0.00    0.00    0.00   48.91

06時44分16秒  CPU    %usr   %nice    %sys %iowait    %irq   %soft  %steal  %guest  %gnice   %idle
06時44分17秒    0   34.74    0.00   27.37    0.00    0.00    7.37    0.00    0.00    0.00   30.53
06時44分17秒    1   34.44    0.00   13.33    0.00    0.00    1.11    0.00    0.00    0.00   51.11

06時44分17秒  CPU    %usr   %nice    %sys %iowait    %irq   %soft  %steal  %guest  %gnice   %idle
06時44分18秒    0   33.70    0.00   30.43    0.00    0.00    6.52    0.00    0.00    0.00   29.35
06時44分18秒    1   32.97    0.00   15.38    0.00    0.00    2.20    0.00    0.00    0.00   49.45

06時44分18秒  CPU    %usr   %nice    %sys %iowait    %irq   %soft  %steal  %guest  %gnice   %idle
06時44分19秒    0   36.26    0.00   29.67    0.00    0.00    7.69    0.00    0.00    0.00   26.37
06時44分19秒    1   32.61    0.00   17.39    0.00    1.09    2.17    0.00    0.00    0.00   46.74

06時44分19秒  CPU    %usr   %nice    %sys %iowait    %irq   %soft  %steal  %guest  %gnice   %idle
06時44分20秒    0   36.96    0.00   25.00    0.00    0.00    7.61    0.00    0.00    0.00   30.43
06時44分20秒    1   30.77    0.00   16.48    0.00    0.00    2.20    0.00    0.00    0.00   50.55

06時44分20秒  CPU    %usr   %nice    %sys %iowait    %irq   %soft  %steal  %guest  %gnice   %idle
06時44分21秒    0   35.87    0.00   25.00    0.00    0.00    6.52    0.00    0.00    0.00   32.61
06時44分21秒    1   30.77    0.00   15.38    0.00    0.00    2.20    0.00    0.00    0.00   51.65

06時44分21秒  CPU    %usr   %nice    %sys %iowait    %irq   %soft  %steal  %guest  %gnice   %idle
06時44分22秒    0   35.11    0.00   27.66    0.00    0.00    7.45    0.00    0.00    0.00   29.79
06時44分22秒    1   35.48    0.00   12.90    0.00    0.00    2.15    0.00    0.00    0.00   49.46

06時44分22秒  CPU    %usr   %nice    %sys %iowait    %irq   %soft  %steal  %guest  %gnice   %idle
06時44分23秒    0   38.46    0.00   25.27    0.00    0.00    6.59    0.00    0.00    0.00   29.67
06時44分23秒    1   32.97    0.00   14.29    0.00    0.00    2.20    0.00    0.00    0.00   50.55

06時44分23秒  CPU    %usr   %nice    %sys %iowait    %irq   %soft  %steal  %guest  %gnice   %idle
06時44分24秒    0   31.87    0.00   29.67    0.00    0.00    7.69    0.00    0.00    0.00   30.77
06時44分24秒    1   35.16    0.00   14.29    0.00    0.00    1.10    0.00    0.00    0.00   49.45

06時44分24秒  CPU    %usr   %nice    %sys %iowait    %irq   %soft  %steal  %guest  %gnice   %idle
06時44分25秒    0   36.26    0.00   25.27    0.00    0.00    7.69    0.00    0.00    0.00   30.77
06時44分25秒    1   32.61    0.00   16.30    0.00    0.00    2.17    0.00    0.00    0.00   48.91

06時44分25秒  CPU    %usr   %nice    %sys %iowait    %irq   %soft  %steal  %guest  %gnice   %idle
06時44分26秒    0   38.04    0.00   26.09    0.00    0.00    6.52    0.00    0.00    0.00   29.35
06時44分26秒    1   28.57    0.00   19.78    0.00    0.00    2.20    0.00    0.00    0.00   49.45

06時44分26秒  CPU    %usr   %nice    %sys %iowait    %irq   %soft  %steal  %guest  %gnice   %idle
06時44分27秒    0   31.91    0.00   31.91    0.00    0.00    7.45    0.00    0.00    0.00   28.72
06時44分27秒    1   32.61    0.00   15.22    0.00    0.00    2.17    0.00    0.00    0.00   50.00

06時44分27秒  CPU    %usr   %nice    %sys %iowait    %irq   %soft  %steal  %guest  %gnice   %idle
06時44分28秒    0   34.78    0.00   27.17    0.00    0.00    7.61    0.00    0.00    0.00   30.43
06時44分28秒    1   32.97    0.00   15.38    0.00    0.00    2.20    0.00    0.00    0.00   49.45

06時44分28秒  CPU    %usr   %nice    %sys %iowait    %irq   %soft  %steal  %guest  %gnice   %idle
06時44分29秒    0   36.96    0.00   27.17    0.00    0.00    6.52    0.00    0.00    0.00   29.35
06時44分29秒    1   32.61    0.00   16.30    0.00    0.00    2.17    0.00    0.00    0.00   48.91

06時44分29秒  CPU    %usr   %nice    %sys %iowait    %irq   %soft  %steal  %guest  %gnice   %idle
06時44分30秒    0   39.78    0.00   24.73    0.00    0.00    7.53    0.00    0.00    0.00   27.96
06時44分30秒    1   30.43    0.00   18.48    0.00    0.00    2.17    0.00    0.00    0.00   48.91

06時44分30秒  CPU    %usr   %nice    %sys %iowait    %irq   %soft  %steal  %guest  %gnice   %idle
06時44分31秒    0   33.33    0.00   31.18    0.00    0.00    7.53    0.00    0.00    0.00   27.96
06時44分31秒    1   31.18    0.00   19.35    0.00    0.00    2.15    0.00    0.00    0.00   47.31

06時44分31秒  CPU    %usr   %nice    %sys %iowait    %irq   %soft  %steal  %guest  %gnice   %idle
06時44分32秒    0   35.96    0.00   24.72    0.00    1.12    6.74    0.00    0.00    0.00   31.46
06時44分32秒    1   32.95    0.00   14.77    0.00    0.00    1.14    0.00    0.00    0.00   51.14

06時44分32秒  CPU    %usr   %nice    %sys %iowait    %irq   %soft  %steal  %guest  %gnice   %idle
06時44分33秒    0   38.04    0.00   26.09    0.00    0.00    7.61    0.00    0.00    0.00   28.26
06時44分33秒    1   33.70    0.00   16.30    0.00    0.00    2.17    0.00    0.00    0.00   47.83

06時44分33秒  CPU    %usr   %nice    %sys %iowait    %irq   %soft  %steal  %guest  %gnice   %idle
06時44分34秒    0   37.23    0.00   25.53    0.00    0.00    7.45    0.00    0.00    0.00   29.79
06時44分34秒    1   31.52    0.00   16.30    0.00    0.00    2.17    0.00    0.00    0.00   50.00

06時44分34秒  CPU    %usr   %nice    %sys %iowait    %irq   %soft  %steal  %guest  %gnice   %idle
06時44分35秒    0   33.33    0.00   27.78    0.00    0.00    6.67    0.00    0.00    0.00   32.22
06時44分35秒    1   32.61    0.00   15.22    0.00    0.00    2.17    0.00    0.00    0.00   50.00

06時44分35秒  CPU    %usr   %nice    %sys %iowait    %irq   %soft  %steal  %guest  %gnice   %idle
06時44分36秒    0   33.33    0.00   31.11    0.00    0.00    7.78    0.00    0.00    0.00   27.78
06時44分36秒    1   33.33    0.00   18.28    0.00    0.00    2.15    0.00    0.00    0.00   46.24

06時44分36秒  CPU    %usr   %nice    %sys %iowait    %irq   %soft  %steal  %guest  %gnice   %idle
06時44分37秒    0   33.71    0.00   26.97    0.00    0.00    7.87    0.00    0.00    0.00   31.46
06時44分37秒    1   31.52    0.00   17.39    0.00    1.09    2.17    0.00    0.00    0.00   47.83

06時44分37秒  CPU    %usr   %nice    %sys %iowait    %irq   %soft  %steal  %guest  %gnice   %idle
06時44分38秒    0   40.00    0.00   25.56    0.00    0.00    6.67    0.00    0.00    0.00   27.78
06時44分38秒    1   32.26    0.00   18.28    0.00    0.00    2.15    0.00    0.00    0.00   47.31

06時44分38秒  CPU    %usr   %nice    %sys %iowait    %irq   %soft  %steal  %guest  %gnice   %idle
06時44分39秒    0   36.67    0.00   26.67    0.00    0.00    7.78    0.00    0.00    0.00   28.89
06時44分39秒    1   34.07    0.00   14.29    0.00    0.00    2.20    0.00    0.00    0.00   49.45

06時44分39秒  CPU    %usr   %nice    %sys %iowait    %irq   %soft  %steal  %guest  %gnice   %idle
06時44分40秒    0   30.43    0.00   29.35    0.00    0.00    7.61    0.00    0.00    0.00   32.61
06時44分40秒    1   30.68    0.00   14.77    0.00    0.00    1.14    0.00    0.00    0.00   53.41

06時44分40秒  CPU    %usr   %nice    %sys %iowait    %irq   %soft  %steal  %guest  %gnice   %idle
06時44分41秒    0   37.08    0.00   26.97    0.00    0.00    6.74    0.00    0.00    0.00   29.21
06時44分41秒    1   30.85    0.00   20.21    0.00    0.00    2.13    0.00    0.00    0.00   46.81

06時44分41秒  CPU    %usr   %nice    %sys %iowait    %irq   %soft  %steal  %guest  %gnice   %idle
06時44分42秒    0   35.87    0.00   28.26    0.00    0.00    7.61    0.00    0.00    0.00   28.26
06時44分42秒    1   32.22    0.00   16.67    0.00    0.00    2.22    0.00    0.00    0.00   48.89

06時44分42秒  CPU    %usr   %nice    %sys %iowait    %irq   %soft  %steal  %guest  %gnice   %idle
06時44分43秒    0   32.58    0.00   25.84    0.00    0.00    7.87    0.00    0.00    0.00   33.71
06時44分43秒    1   32.97    0.00   13.19    0.00    0.00    2.20    0.00    0.00    0.00   51.65

06時44分43秒  CPU    %usr   %nice    %sys %iowait    %irq   %soft  %steal  %guest  %gnice   %idle
06時44分44秒    0   38.71    0.00   26.88    0.00    0.00    6.45    0.00    0.00    0.00   27.96
06時44分44秒    1   31.87    0.00   17.58    0.00    0.00    2.20    0.00    0.00    0.00   48.35

平均時間：  CPU    %usr   %nice    %sys %iowait    %irq   %soft  %steal  %guest  %gnice   %idle
平均時間：    0   35.93    0.00   27.62    0.00    0.05    7.26    0.00    0.00    0.00   29.15
平均時間：    1   33.03    0.00   16.13    0.00    0.05    2.05    0.00    0.00    0.00   48.73
