Linux 5.6.15-arch1-1 (archlinux) 	西元2020年06月29日 	_x86_64_	(12 CPU)

07時03分41秒  CPU    %usr   %nice    %sys %iowait    %irq   %soft  %steal  %guest  %gnice   %idle
07時03分42秒    0   41.49    0.00   28.72    0.00    1.06    6.38    0.00    0.00    0.00   22.34
07時03分42秒    1   39.33    0.00   13.48    0.00    0.00    2.25    0.00    0.00    0.00   44.94

07時03分42秒  CPU    %usr   %nice    %sys %iowait    %irq   %soft  %steal  %guest  %gnice   %idle
07時03分43秒    0   35.16    0.00   29.67    0.00    0.00    7.69    0.00    0.00    0.00   27.47
07時03分43秒    1   30.43    0.00   17.39    0.00    1.09    2.17    0.00    0.00    0.00   48.91

07時03分43秒  CPU    %usr   %nice    %sys %iowait    %irq   %soft  %steal  %guest  %gnice   %idle
07時03分44秒    0   36.67    0.00   28.89    0.00    0.00    6.67    0.00    0.00    0.00   27.78
07時03分44秒    1   39.78    0.00   11.83    0.00    0.00    2.15    0.00    0.00    0.00   46.24

07時03分44秒  CPU    %usr   %nice    %sys %iowait    %irq   %soft  %steal  %guest  %gnice   %idle
07時03分45秒    0   41.30    0.00   26.09    0.00    0.00    6.52    0.00    0.00    0.00   26.09
07時03分45秒    1   34.07    0.00   16.48    0.00    0.00    2.20    0.00    0.00    0.00   47.25

07時03分45秒  CPU    %usr   %nice    %sys %iowait    %irq   %soft  %steal  %guest  %gnice   %idle
07時03分46秒    0   35.48    0.00   27.96    0.00    0.00    7.53    0.00    0.00    0.00   29.03
07時03分46秒    1   33.33    0.00   15.05    0.00    0.00    2.15    0.00    0.00    0.00   49.46

07時03分46秒  CPU    %usr   %nice    %sys %iowait    %irq   %soft  %steal  %guest  %gnice   %idle
07時03分47秒    0   37.36    0.00   28.57    0.00    0.00    6.59    0.00    0.00    0.00   27.47
07時03分47秒    1   34.44    0.00   14.44    0.00    0.00    2.22    0.00    0.00    0.00   48.89

07時03分47秒  CPU    %usr   %nice    %sys %iowait    %irq   %soft  %steal  %guest  %gnice   %idle
07時03分48秒    0   39.13    0.00   27.17    0.00    0.00    6.52    0.00    0.00    0.00   27.17
07時03分48秒    1   37.89    0.00   13.68    0.00    0.00    2.11    0.00    0.00    0.00   46.32

07時03分48秒  CPU    %usr   %nice    %sys %iowait    %irq   %soft  %steal  %guest  %gnice   %idle
07時03分49秒    0   34.41    0.00   31.18    0.00    0.00    7.53    0.00    0.00    0.00   26.88
07時03分49秒    1   34.44    0.00   14.44    0.00    0.00    2.22    0.00    0.00    0.00   48.89

07時03分49秒  CPU    %usr   %nice    %sys %iowait    %irq   %soft  %steal  %guest  %gnice   %idle
07時03分50秒    0   39.13    0.00   26.09    0.00    0.00    6.52    0.00    0.00    0.00   28.26
07時03分50秒    1   35.87    0.00   15.22    0.00    0.00    1.09    0.00    0.00    0.00   47.83

07時03分50秒  CPU    %usr   %nice    %sys %iowait    %irq   %soft  %steal  %guest  %gnice   %idle
07時03分51秒    0   36.96    0.00   29.35    0.00    0.00    6.52    0.00    0.00    0.00   27.17
07時03分51秒    1   34.07    0.00   15.38    0.00    0.00    2.20    0.00    0.00    0.00   48.35

07時03分51秒  CPU    %usr   %nice    %sys %iowait    %irq   %soft  %steal  %guest  %gnice   %idle
07時03分52秒    0   36.56    0.00   30.11    0.00    0.00    7.53    0.00    0.00    0.00   25.81
07時03分52秒    1   31.87    0.00   18.68    0.00    0.00    2.20    0.00    0.00    0.00   47.25

07時03分52秒  CPU    %usr   %nice    %sys %iowait    %irq   %soft  %steal  %guest  %gnice   %idle
07時03分53秒    0   38.04    0.00   29.35    0.00    0.00    6.52    0.00    0.00    0.00   26.09
07時03分53秒    1   35.11    0.00   15.96    0.00    0.00    2.13    0.00    0.00    0.00   46.81

07時03分53秒  CPU    %usr   %nice    %sys %iowait    %irq   %soft  %steal  %guest  %gnice   %idle
07時03分54秒    0   38.04    0.00   25.00    0.00    0.00    6.52    0.00    0.00    0.00   30.43
07時03分54秒    1   28.57    0.00   16.48    0.00    0.00    2.20    0.00    0.00    0.00   52.75

07時03分54秒  CPU    %usr   %nice    %sys %iowait    %irq   %soft  %steal  %guest  %gnice   %idle
07時03分55秒    0   35.11    0.00   28.72    0.00    0.00    6.38    0.00    0.00    0.00   29.79
07時03分55秒    1   34.04    0.00   14.89    0.00    0.00    2.13    0.00    0.00    0.00   48.94

07時03分55秒  CPU    %usr   %nice    %sys %iowait    %irq   %soft  %steal  %guest  %gnice   %idle
07時03分56秒    0   35.16    0.00   30.77    0.00    0.00    7.69    0.00    0.00    0.00   26.37
07時03分56秒    1   31.11    0.00   18.89    0.00    0.00    2.22    0.00    0.00    0.00   47.78

07時03分56秒  CPU    %usr   %nice    %sys %iowait    %irq   %soft  %steal  %guest  %gnice   %idle
07時03分57秒    0   41.11    0.00   24.44    0.00    0.00    6.67    0.00    0.00    0.00   27.78
07時03分57秒    1   32.61    0.00   16.30    0.00    0.00    2.17    0.00    0.00    0.00   48.91

07時03分57秒  CPU    %usr   %nice    %sys %iowait    %irq   %soft  %steal  %guest  %gnice   %idle
07時03分58秒    0   41.30    0.00   22.83    0.00    0.00    6.52    0.00    0.00    0.00   29.35
07時03分58秒    1   33.70    0.00   15.22    0.00    0.00    2.17    0.00    0.00    0.00   48.91

07時03分58秒  CPU    %usr   %nice    %sys %iowait    %irq   %soft  %steal  %guest  %gnice   %idle
07時03分59秒    0   40.00    0.00   24.44    0.00    0.00    6.67    0.00    0.00    0.00   28.89
07時03分59秒    1   32.97    0.00   15.38    0.00    0.00    2.20    0.00    0.00    0.00   49.45

07時03分59秒  CPU    %usr   %nice    %sys %iowait    %irq   %soft  %steal  %guest  %gnice   %idle
07時04分00秒    0   34.41    0.00   27.96    0.00    0.00    6.45    0.00    0.00    0.00   31.18
07時04分00秒    1   27.78    0.00   16.67    0.00    0.00    2.22    0.00    0.00    0.00   53.33

07時04分00秒  CPU    %usr   %nice    %sys %iowait    %irq   %soft  %steal  %guest  %gnice   %idle
07時04分01秒    0   37.23    0.00   27.66    0.00    1.06    7.45    0.00    0.00    0.00   26.60
07時04分01秒    1   37.63    0.00   13.98    0.00    0.00    1.08    0.00    0.00    0.00   47.31

07時04分01秒  CPU    %usr   %nice    %sys %iowait    %irq   %soft  %steal  %guest  %gnice   %idle
07時04分02秒    0   38.89    0.00   27.78    0.00    0.00    6.67    0.00    0.00    0.00   26.67
07時04分02秒    1   32.97    0.00   16.48    0.00    0.00    2.20    0.00    0.00    0.00   48.35

07時04分02秒  CPU    %usr   %nice    %sys %iowait    %irq   %soft  %steal  %guest  %gnice   %idle
07時04分03秒    0   35.48    0.00   31.18    0.00    0.00    7.53    0.00    0.00    0.00   25.81
07時04分03秒    1   33.70    0.00   16.30    0.00    0.00    2.17    0.00    0.00    0.00   47.83

07時04分03秒  CPU    %usr   %nice    %sys %iowait    %irq   %soft  %steal  %guest  %gnice   %idle
07時04分04秒    0   34.83    0.00   28.09    0.00    0.00    6.74    0.00    0.00    0.00   30.34
07時04分04秒    1   32.61    0.00   15.22    0.00    0.00    2.17    0.00    0.00    0.00   50.00

07時04分04秒  CPU    %usr   %nice    %sys %iowait    %irq   %soft  %steal  %guest  %gnice   %idle
07時04分05秒    0   39.13    0.00   27.17    0.00    0.00    6.52    0.00    0.00    0.00   27.17
07時04分05秒    1   31.11    0.00   17.78    0.00    0.00    2.22    0.00    0.00    0.00   48.89

07時04分05秒  CPU    %usr   %nice    %sys %iowait    %irq   %soft  %steal  %guest  %gnice   %idle
07時04分06秒    0   41.05    0.00   23.16    0.00    0.00    6.32    0.00    0.00    0.00   29.47
07時04分06秒    1   32.26    0.00   15.05    0.00    0.00    2.15    0.00    0.00    0.00   50.54

07時04分06秒  CPU    %usr   %nice    %sys %iowait    %irq   %soft  %steal  %guest  %gnice   %idle
07時04分07秒    0   40.22    0.00   23.91    0.00    0.00    6.52    0.00    0.00    0.00   29.35
07時04分07秒    1   30.77    0.00   17.58    0.00    0.00    2.20    0.00    0.00    0.00   49.45

07時04分07秒  CPU    %usr   %nice    %sys %iowait    %irq   %soft  %steal  %guest  %gnice   %idle
07時04分08秒    0   35.87    0.00   26.09    0.00    0.00    6.52    0.00    0.00    0.00   31.52
07時04分08秒    1   31.18    0.00   15.05    0.00    0.00    2.15    0.00    0.00    0.00   51.61

07時04分08秒  CPU    %usr   %nice    %sys %iowait    %irq   %soft  %steal  %guest  %gnice   %idle
07時04分09秒    0   39.56    0.00   24.18    0.00    0.00    7.69    0.00    0.00    0.00   28.57
07時04分09秒    1   34.41    0.00   12.90    0.00    1.08    2.15    0.00    0.00    0.00   49.46

07時04分09秒  CPU    %usr   %nice    %sys %iowait    %irq   %soft  %steal  %guest  %gnice   %idle
07時04分10秒    0   40.86    0.00   23.66    0.00    0.00    6.45    0.00    0.00    0.00   29.03
07時04分10秒    1   34.83    0.00   13.48    0.00    0.00    1.12    0.00    0.00    0.00   50.56

07時04分10秒  CPU    %usr   %nice    %sys %iowait    %irq   %soft  %steal  %guest  %gnice   %idle
07時04分11秒    0   41.49    0.00   25.53    0.00    0.00    6.38    0.00    0.00    0.00   26.60
07時04分11秒    1   34.41    0.00   16.13    0.00    0.00    2.15    0.00    0.00    0.00   47.31

07時04分11秒  CPU    %usr   %nice    %sys %iowait    %irq   %soft  %steal  %guest  %gnice   %idle
07時04分12秒    0   36.96    0.00   26.09    0.00    0.00    6.52    0.00    0.00    0.00   30.43
07時04分12秒    1   34.78    0.00   11.96    0.00    0.00    2.17    0.00    0.00    0.00   51.09

07時04分12秒  CPU    %usr   %nice    %sys %iowait    %irq   %soft  %steal  %guest  %gnice   %idle
07時04分13秒    0   37.78    0.00   26.67    0.00    0.00    6.67    0.00    0.00    0.00   28.89
07時04分13秒    1   30.43    0.00   17.39    0.00    0.00    2.17    0.00    0.00    0.00   50.00

07時04分13秒  CPU    %usr   %nice    %sys %iowait    %irq   %soft  %steal  %guest  %gnice   %idle
07時04分14秒    0   37.23    0.00   27.66    0.00    0.00    7.45    0.00    0.00    0.00   27.66
07時04分14秒    1   34.78    0.00   15.22    0.00    0.00    2.17    0.00    0.00    0.00   47.83

07時04分14秒  CPU    %usr   %nice    %sys %iowait    %irq   %soft  %steal  %guest  %gnice   %idle
07時04分15秒    0   36.26    0.00   30.77    0.00    0.00    6.59    0.00    0.00    0.00   26.37
07時04分15秒    1   35.87    0.00   14.13    0.00    0.00    2.17    0.00    0.00    0.00   47.83

07時04分15秒  CPU    %usr   %nice    %sys %iowait    %irq   %soft  %steal  %guest  %gnice   %idle
07時04分16秒    0   42.86    0.00   21.98    0.00    0.00    6.59    0.00    0.00    0.00   28.57
07時04分16秒    1   31.52    0.00   17.39    0.00    0.00    2.17    0.00    0.00    0.00   48.91

07時04分16秒  CPU    %usr   %nice    %sys %iowait    %irq   %soft  %steal  %guest  %gnice   %idle
07時04分17秒    0   45.26    0.00   20.00    0.00    0.00    7.37    0.00    0.00    0.00   27.37
07時04分17秒    1   32.26    0.00   17.20    0.00    0.00    2.15    0.00    0.00    0.00   48.39

07時04分17秒  CPU    %usr   %nice    %sys %iowait    %irq   %soft  %steal  %guest  %gnice   %idle
07時04分18秒    0   41.11    0.00   25.56    0.00    0.00    6.67    0.00    0.00    0.00   26.67
07時04分18秒    1   32.22    0.00   17.78    0.00    0.00    2.22    0.00    0.00    0.00   47.78

07時04分18秒  CPU    %usr   %nice    %sys %iowait    %irq   %soft  %steal  %guest  %gnice   %idle
07時04分19秒    0   37.63    0.00   27.96    0.00    0.00    6.45    0.00    0.00    0.00   27.96
07時04分19秒    1   30.43    0.00   18.48    0.00    0.00    2.17    0.00    0.00    0.00   48.91

07時04分19秒  CPU    %usr   %nice    %sys %iowait    %irq   %soft  %steal  %guest  %gnice   %idle
07時04分20秒    0   34.41    0.00   30.11    0.00    1.08    7.53    0.00    0.00    0.00   26.88
07時04分20秒    1   34.78    0.00   14.13    0.00    1.09    2.17    0.00    0.00    0.00   47.83

07時04分20秒  CPU    %usr   %nice    %sys %iowait    %irq   %soft  %steal  %guest  %gnice   %idle
07時04分21秒    0   43.01    0.00   22.58    0.00    0.00    6.45    0.00    0.00    0.00   27.96
07時04分21秒    1   32.97    0.00   16.48    0.00    0.00    1.10    0.00    0.00    0.00   49.45

07時04分21秒  CPU    %usr   %nice    %sys %iowait    %irq   %soft  %steal  %guest  %gnice   %idle
07時04分22秒    0   41.11    0.00   23.33    0.00    0.00    6.67    0.00    0.00    0.00   28.89
07時04分22秒    1   29.67    0.00   18.68    0.00    0.00    2.20    0.00    0.00    0.00   49.45

07時04分22秒  CPU    %usr   %nice    %sys %iowait    %irq   %soft  %steal  %guest  %gnice   %idle
07時04分23秒    0   39.78    0.00   25.81    0.00    0.00    6.45    0.00    0.00    0.00   27.96
07時04分23秒    1   31.18    0.00   18.28    0.00    0.00    2.15    0.00    0.00    0.00   48.39

07時04分23秒  CPU    %usr   %nice    %sys %iowait    %irq   %soft  %steal  %guest  %gnice   %idle
07時04分24秒    0   39.36    0.00   25.53    0.00    0.00    7.45    0.00    0.00    0.00   27.66
07時04分24秒    1   31.11    0.00   16.67    0.00    0.00    2.22    0.00    0.00    0.00   50.00

07時04分24秒  CPU    %usr   %nice    %sys %iowait    %irq   %soft  %steal  %guest  %gnice   %idle
07時04分25秒    0   43.01    0.00   23.66    0.00    0.00    6.45    0.00    0.00    0.00   26.88
07時04分25秒    1   35.87    0.00   14.13    0.00    0.00    2.17    0.00    0.00    0.00   47.83

07時04分25秒  CPU    %usr   %nice    %sys %iowait    %irq   %soft  %steal  %guest  %gnice   %idle
07時04分26秒    0   38.04    0.00   28.26    0.00    0.00    6.52    0.00    0.00    0.00   27.17
07時04分26秒    1   31.52    0.00   17.39    0.00    0.00    2.17    0.00    0.00    0.00   48.91

07時04分26秒  CPU    %usr   %nice    %sys %iowait    %irq   %soft  %steal  %guest  %gnice   %idle
07時04分27秒    0   36.17    0.00   29.79    0.00    0.00    7.45    0.00    0.00    0.00   26.60
07時04分27秒    1   35.48    0.00   13.98    0.00    0.00    2.15    0.00    0.00    0.00   48.39

07時04分27秒  CPU    %usr   %nice    %sys %iowait    %irq   %soft  %steal  %guest  %gnice   %idle
07時04分28秒    0   39.56    0.00   25.27    0.00    0.00    6.59    0.00    0.00    0.00   28.57
07時04分28秒    1   33.33    0.00   15.56    0.00    0.00    2.22    0.00    0.00    0.00   48.89

07時04分28秒  CPU    %usr   %nice    %sys %iowait    %irq   %soft  %steal  %guest  %gnice   %idle
07時04分29秒    0   36.17    0.00   31.91    0.00    0.00    6.38    0.00    0.00    0.00   25.53
07時04分29秒    1   27.66    0.00   23.40    0.00    0.00    2.13    0.00    0.00    0.00   46.81

07時04分29秒  CPU    %usr   %nice    %sys %iowait    %irq   %soft  %steal  %guest  %gnice   %idle
07時04分30秒    0   38.46    0.00   26.37    0.00    0.00    7.69    0.00    0.00    0.00   27.47
07時04分30秒    1   28.89    0.00   18.89    0.00    0.00    2.22    0.00    0.00    0.00   50.00

07時04分30秒  CPU    %usr   %nice    %sys %iowait    %irq   %soft  %steal  %guest  %gnice   %idle
07時04分31秒    0   42.86    0.00   23.08    0.00    0.00    6.59    0.00    0.00    0.00   27.47
07時04分31秒    1   32.97    0.00   16.48    0.00    0.00    2.20    0.00    0.00    0.00   48.35

07時04分31秒  CPU    %usr   %nice    %sys %iowait    %irq   %soft  %steal  %guest  %gnice   %idle
07時04分32秒    0   34.41    0.00   32.26    0.00    0.00    7.53    0.00    0.00    0.00   25.81
07時04分32秒    1   34.41    0.00   16.13    0.00    0.00    2.15    0.00    0.00    0.00   47.31

07時04分32秒  CPU    %usr   %nice    %sys %iowait    %irq   %soft  %steal  %guest  %gnice   %idle
07時04分33秒    0   35.87    0.00   30.43    0.00    0.00    6.52    0.00    0.00    0.00   27.17
07時04分33秒    1   31.11    0.00   17.78    0.00    0.00    2.22    0.00    0.00    0.00   48.89

07時04分33秒  CPU    %usr   %nice    %sys %iowait    %irq   %soft  %steal  %guest  %gnice   %idle
07時04分34秒    0   30.85    0.00   35.11    0.00    0.00    6.38    0.00    0.00    0.00   27.66
07時04分34秒    1   37.36    0.00   13.19    0.00    0.00    1.10    0.00    0.00    0.00   48.35

07時04分34秒  CPU    %usr   %nice    %sys %iowait    %irq   %soft  %steal  %guest  %gnice   %idle
07時04分35秒    0   39.13    0.00   28.26    0.00    0.00    7.61    0.00    0.00    0.00   25.00
07時04分35秒    1   37.23    0.00   15.96    0.00    0.00    2.13    0.00    0.00    0.00   44.68

07時04分35秒  CPU    %usr   %nice    %sys %iowait    %irq   %soft  %steal  %guest  %gnice   %idle
07時04分36秒    0   36.67    0.00   27.78    0.00    0.00    6.67    0.00    0.00    0.00   28.89
07時04分36秒    1   36.26    0.00   13.19    0.00    0.00    2.20    0.00    0.00    0.00   48.35

07時04分36秒  CPU    %usr   %nice    %sys %iowait    %irq   %soft  %steal  %guest  %gnice   %idle
07時04分37秒    0   38.04    0.00   28.26    0.00    0.00    6.52    0.00    0.00    0.00   27.17
07時04分37秒    1   34.41    0.00   15.05    0.00    0.00    2.15    0.00    0.00    0.00   48.39

07時04分37秒  CPU    %usr   %nice    %sys %iowait    %irq   %soft  %steal  %guest  %gnice   %idle
07時04分38秒    0   37.89    0.00   27.37    0.00    1.05    7.37    0.00    0.00    0.00   26.32
07時04分38秒    1   36.56    0.00   13.98    0.00    0.00    2.15    0.00    0.00    0.00   47.31

07時04分38秒  CPU    %usr   %nice    %sys %iowait    %irq   %soft  %steal  %guest  %gnice   %idle
07時04分39秒    0   37.89    0.00   28.42    0.00    0.00    6.32    0.00    0.00    0.00   27.37
07時04分39秒    1   35.87    0.00   11.96    0.00    0.00    2.17    0.00    0.00    0.00   50.00

07時04分39秒  CPU    %usr   %nice    %sys %iowait    %irq   %soft  %steal  %guest  %gnice   %idle
07時04分40秒    0   38.46    0.00   25.27    0.00    0.00    6.59    0.00    0.00    0.00   29.67
07時04分40秒    1   32.61    0.00   15.22    0.00    1.09    2.17    0.00    0.00    0.00   48.91

07時04分40秒  CPU    %usr   %nice    %sys %iowait    %irq   %soft  %steal  %guest  %gnice   %idle
07時04分41秒    0   33.70    0.00   31.52    0.00    0.00    6.52    0.00    0.00    0.00   28.26
07時04分41秒    1   33.70    0.00   15.22    0.00    0.00    2.17    0.00    0.00    0.00   48.91

07時04分41秒  CPU    %usr   %nice    %sys %iowait    %irq   %soft  %steal  %guest  %gnice   %idle
07時04分42秒    0   45.74    0.00   23.40    0.00    0.00    7.45    0.00    0.00    0.00   23.40
07時04分42秒    1   35.87    0.00   14.13    0.00    0.00    2.17    0.00    0.00    0.00   47.83

07時04分42秒  CPU    %usr   %nice    %sys %iowait    %irq   %soft  %steal  %guest  %gnice   %idle
07時04分43秒    0   35.48    0.00   32.26    0.00    0.00    6.45    0.00    0.00    0.00   25.81
07時04分43秒    1   35.48    0.00   15.05    0.00    0.00    2.15    0.00    0.00    0.00   47.31

07時04分43秒  CPU    %usr   %nice    %sys %iowait    %irq   %soft  %steal  %guest  %gnice   %idle
07時04分44秒    0   35.16    0.00   30.77    0.00    0.00    6.59    0.00    0.00    0.00   27.47
07時04分44秒    1   30.43    0.00   18.48    0.00    0.00    2.17    0.00    0.00    0.00   48.91

07時04分44秒  CPU    %usr   %nice    %sys %iowait    %irq   %soft  %steal  %guest  %gnice   %idle
07時04分45秒    0   34.41    0.00   32.26    0.00    0.00    7.53    0.00    0.00    0.00   25.81
07時04分45秒    1   35.87    0.00   14.13    0.00    0.00    2.17    0.00    0.00    0.00   47.83

07時04分45秒  CPU    %usr   %nice    %sys %iowait    %irq   %soft  %steal  %guest  %gnice   %idle
07時04分46秒    0   35.48    0.00   31.18    0.00    0.00    6.45    0.00    0.00    0.00   26.88
07時04分46秒    1   34.07    0.00   16.48    0.00    0.00    2.20    0.00    0.00    0.00   47.25

07時04分46秒  CPU    %usr   %nice    %sys %iowait    %irq   %soft  %steal  %guest  %gnice   %idle
07時04分47秒    0   43.01    0.00   24.73    0.00    0.00    7.53    0.00    0.00    0.00   24.73
07時04分47秒    1   31.87    0.00   19.78    0.00    0.00    1.10    0.00    0.00    0.00   47.25

07時04分47秒  CPU    %usr   %nice    %sys %iowait    %irq   %soft  %steal  %guest  %gnice   %idle
07時04分48秒    0   43.01    0.00   23.66    0.00    0.00    6.45    0.00    0.00    0.00   26.88
07時04分48秒    1   31.87    0.00   17.58    0.00    0.00    2.20    0.00    0.00    0.00   48.35

07時04分48秒  CPU    %usr   %nice    %sys %iowait    %irq   %soft  %steal  %guest  %gnice   %idle
07時04分49秒    0   39.13    0.00   27.17    0.00    0.00    7.61    0.00    0.00    0.00   26.09
07時04分49秒    1   31.52    0.00   19.57    0.00    0.00    2.17    0.00    0.00    0.00   46.74

07時04分49秒  CPU    %usr   %nice    %sys %iowait    %irq   %soft  %steal  %guest  %gnice   %idle
07時04分50秒    0   34.07    0.00   28.57    0.00    0.00    6.59    0.00    0.00    0.00   30.77
07時04分50秒    1   30.43    0.00   15.22    0.00    0.00    2.17    0.00    0.00    0.00   52.17

07時04分50秒  CPU    %usr   %nice    %sys %iowait    %irq   %soft  %steal  %guest  %gnice   %idle
07時04分51秒    0   35.16    0.00   29.67    0.00    0.00    6.59    0.00    0.00    0.00   28.57
07時04分51秒    1   35.16    0.00   13.19    0.00    0.00    2.20    0.00    0.00    0.00   49.45

07時04分51秒  CPU    %usr   %nice    %sys %iowait    %irq   %soft  %steal  %guest  %gnice   %idle
07時04分52秒    0   32.26    0.00   31.18    0.00    0.00    6.45    0.00    0.00    0.00   30.11
07時04分52秒    1   30.11    0.00   17.20    0.00    0.00    2.15    0.00    0.00    0.00   50.54

07時04分52秒  CPU    %usr   %nice    %sys %iowait    %irq   %soft  %steal  %guest  %gnice   %idle
07時04分53秒    0   33.33    0.00   28.89    0.00    0.00    6.67    0.00    0.00    0.00   31.11
07時04分53秒    1   31.11    0.00   15.56    0.00    0.00    2.22    0.00    0.00    0.00   51.11

07時04分53秒  CPU    %usr   %nice    %sys %iowait    %irq   %soft  %steal  %guest  %gnice   %idle
07時04分54秒    0   39.78    0.00   24.73    0.00    0.00    6.45    0.00    0.00    0.00   29.03
07時04分54秒    1   34.41    0.00   13.98    0.00    0.00    2.15    0.00    0.00    0.00   49.46

07時04分54秒  CPU    %usr   %nice    %sys %iowait    %irq   %soft  %steal  %guest  %gnice   %idle
07時04分55秒    0   39.13    0.00   27.17    0.00    0.00    7.61    0.00    0.00    0.00   26.09
07時04分55秒    1   32.61    0.00   17.39    0.00    0.00    2.17    0.00    0.00    0.00   47.83

07時04分55秒  CPU    %usr   %nice    %sys %iowait    %irq   %soft  %steal  %guest  %gnice   %idle
07時04分56秒    0   40.66    0.00   25.27    0.00    0.00    6.59    0.00    0.00    0.00   27.47
07時04分56秒    1   34.78    0.00   14.13    0.00    0.00    2.17    0.00    0.00    0.00   48.91

07時04分56秒  CPU    %usr   %nice    %sys %iowait    %irq   %soft  %steal  %guest  %gnice   %idle
07時04分57秒    0   39.13    0.00   26.09    0.00    1.09    6.52    0.00    0.00    0.00   27.17
07時04分57秒    1   35.56    0.00   14.44    0.00    0.00    2.22    0.00    0.00    0.00   47.78

07時04分57秒  CPU    %usr   %nice    %sys %iowait    %irq   %soft  %steal  %guest  %gnice   %idle
07時04分58秒    0   40.43    0.00   24.47    0.00    0.00    7.45    0.00    0.00    0.00   27.66
07時04分58秒    1   34.41    0.00   13.98    0.00    0.00    1.08    0.00    0.00    0.00   50.54

07時04分58秒  CPU    %usr   %nice    %sys %iowait    %irq   %soft  %steal  %guest  %gnice   %idle
07時04分59秒    0   36.17    0.00   30.85    0.00    0.00    6.38    0.00    0.00    0.00   26.60
07時04分59秒    1   33.33    0.00   16.67    0.00    0.00    2.22    0.00    0.00    0.00   47.78

07時04分59秒  CPU    %usr   %nice    %sys %iowait    %irq   %soft  %steal  %guest  %gnice   %idle
07時05分00秒    0   40.66    0.00   26.37    0.00    0.00    6.59    0.00    0.00    0.00   26.37
07時05分00秒    1   33.70    0.00   16.30    0.00    0.00    2.17    0.00    0.00    0.00   47.83

07時05分00秒  CPU    %usr   %nice    %sys %iowait    %irq   %soft  %steal  %guest  %gnice   %idle
07時05分01秒    0   31.91    0.00   32.98    0.00    0.00    7.45    0.00    0.00    0.00   27.66
07時05分01秒    1   31.52    0.00   17.39    0.00    0.00    2.17    0.00    0.00    0.00   48.91

07時05分01秒  CPU    %usr   %nice    %sys %iowait    %irq   %soft  %steal  %guest  %gnice   %idle
07時05分02秒    0   43.96    0.00   23.08    0.00    0.00    6.59    0.00    0.00    0.00   26.37
07時05分02秒    1   32.97    0.00   16.48    0.00    0.00    2.20    0.00    0.00    0.00   48.35

07時05分02秒  CPU    %usr   %nice    %sys %iowait    %irq   %soft  %steal  %guest  %gnice   %idle
07時05分03秒    0   36.96    0.00   28.26    0.00    0.00    6.52    0.00    0.00    0.00   28.26
07時05分03秒    1   33.33    0.00   14.44    0.00    0.00    2.22    0.00    0.00    0.00   50.00

07時05分03秒  CPU    %usr   %nice    %sys %iowait    %irq   %soft  %steal  %guest  %gnice   %idle
07時05分04秒    0   37.89    0.00   28.42    0.00    0.00    7.37    0.00    0.00    0.00   26.32
07時05分04秒    1   31.52    0.00   18.48    0.00    0.00    2.17    0.00    0.00    0.00   47.83

07時05分04秒  CPU    %usr   %nice    %sys %iowait    %irq   %soft  %steal  %guest  %gnice   %idle
07時05分05秒    0   39.36    0.00   25.53    0.00    0.00    6.38    0.00    0.00    0.00   28.72
07時05分05秒    1   35.11    0.00   12.77    0.00    0.00    2.13    0.00    0.00    0.00   50.00

07時05分05秒  CPU    %usr   %nice    %sys %iowait    %irq   %soft  %steal  %guest  %gnice   %idle
07時05分06秒    0   38.89    0.00   26.67    0.00    0.00    6.67    0.00    0.00    0.00   27.78
07時05分06秒    1   35.48    0.00   13.98    0.00    0.00    2.15    0.00    0.00    0.00   48.39

07時05分06秒  CPU    %usr   %nice    %sys %iowait    %irq   %soft  %steal  %guest  %gnice   %idle
07時05分07秒    0   35.87    0.00   28.26    0.00    0.00    6.52    0.00    0.00    0.00   29.35
07時05分07秒    1   28.72    0.00   19.15    0.00    1.06    2.13    0.00    0.00    0.00   48.94

07時05分07秒  CPU    %usr   %nice    %sys %iowait    %irq   %soft  %steal  %guest  %gnice   %idle
07時05分08秒    0   43.01    0.00   23.66    0.00    0.00    7.53    0.00    0.00    0.00   25.81
07時05分08秒    1   30.43    0.00   20.65    0.00    0.00    2.17    0.00    0.00    0.00   46.74

07時05分08秒  CPU    %usr   %nice    %sys %iowait    %irq   %soft  %steal  %guest  %gnice   %idle
07時05分09秒    0   38.04    0.00   29.35    0.00    0.00    6.52    0.00    0.00    0.00   26.09
07時05分09秒    1   34.07    0.00   15.38    0.00    0.00    2.20    0.00    0.00    0.00   48.35

07時05分09秒  CPU    %usr   %nice    %sys %iowait    %irq   %soft  %steal  %guest  %gnice   %idle
07時05分10秒    0   38.95    0.00   29.47    0.00    0.00    7.37    0.00    0.00    0.00   24.21
07時05分10秒    1   37.78    0.00   16.67    0.00    0.00    2.22    0.00    0.00    0.00   43.33

07時05分10秒  CPU    %usr   %nice    %sys %iowait    %irq   %soft  %steal  %guest  %gnice   %idle
07時05分11秒    0   33.70    0.00   31.52    0.00    0.00    6.52    0.00    0.00    0.00   28.26
07時05分11秒    1   36.26    0.00   12.09    0.00    0.00    3.30    0.00    0.00    0.00   48.35

07時05分11秒  CPU    %usr   %nice    %sys %iowait    %irq   %soft  %steal  %guest  %gnice   %idle
07時05分12秒    0   35.87    0.00   31.52    0.00    0.00    6.52    0.00    0.00    0.00   26.09
07時05分12秒    1   30.43    0.00   21.74    0.00    0.00    2.17    0.00    0.00    0.00   45.65

07時05分12秒  CPU    %usr   %nice    %sys %iowait    %irq   %soft  %steal  %guest  %gnice   %idle
07時05分13秒    0   38.04    0.00   26.09    0.00    0.00    7.61    0.00    0.00    0.00   28.26
07時05分13秒    1   30.77    0.00   18.68    0.00    0.00    3.30    0.00    0.00    0.00   47.25

07時05分13秒  CPU    %usr   %nice    %sys %iowait    %irq   %soft  %steal  %guest  %gnice   %idle
07時05分14秒    0   38.46    0.00   28.57    0.00    0.00    6.59    0.00    0.00    0.00   26.37
07時05分14秒    1   35.16    0.00   15.38    0.00    0.00    2.20    0.00    0.00    0.00   47.25

07時05分14秒  CPU    %usr   %nice    %sys %iowait    %irq   %soft  %steal  %guest  %gnice   %idle
07時05分15秒    0   41.30    0.00   27.17    0.00    0.00    6.52    0.00    0.00    0.00   25.00
07時05分15秒    1   32.61    0.00   17.39    0.00    0.00    2.17    0.00    0.00    0.00   47.83

07時05分15秒  CPU    %usr   %nice    %sys %iowait    %irq   %soft  %steal  %guest  %gnice   %idle
07時05分16秒    0   36.84    0.00   27.37    0.00    1.05    7.37    0.00    0.00    0.00   27.37
07時05分16秒    1   35.48    0.00   13.98    0.00    0.00    2.15    0.00    0.00    0.00   48.39

07時05分16秒  CPU    %usr   %nice    %sys %iowait    %irq   %soft  %steal  %guest  %gnice   %idle
07時05分17秒    0   38.04    0.00   28.26    0.00    0.00    6.52    0.00    0.00    0.00   27.17
07時05分17秒    1   30.77    0.00   17.58    0.00    0.00    2.20    0.00    0.00    0.00   49.45

07時05分17秒  CPU    %usr   %nice    %sys %iowait    %irq   %soft  %steal  %guest  %gnice   %idle
07時05分18秒    0   41.49    0.00   25.53    0.00    0.00    6.38    0.00    0.00    0.00   26.60
07時05分18秒    1   31.87    0.00   16.48    0.00    0.00    2.20    0.00    0.00    0.00   49.45

07時05分18秒  CPU    %usr   %nice    %sys %iowait    %irq   %soft  %steal  %guest  %gnice   %idle
07時05分19秒    0   35.11    0.00   30.85    0.00    0.00    7.45    0.00    0.00    0.00   26.60
07時05分19秒    1   27.47    0.00   23.08    0.00    0.00    2.20    0.00    0.00    0.00   47.25

07時05分19秒  CPU    %usr   %nice    %sys %iowait    %irq   %soft  %steal  %guest  %gnice   %idle
07時05分20秒    0   35.87    0.00   30.43    0.00    0.00    6.52    0.00    0.00    0.00   27.17
07時05分20秒    1   33.33    0.00   15.56    0.00    0.00    2.22    0.00    0.00    0.00   48.89

07時05分20秒  CPU    %usr   %nice    %sys %iowait    %irq   %soft  %steal  %guest  %gnice   %idle
07時05分21秒    0   39.13    0.00   27.17    0.00    0.00    6.52    0.00    0.00    0.00   27.17
07時05分21秒    1   33.33    0.00   16.13    0.00    0.00    2.15    0.00    0.00    0.00   48.39

07時05分21秒  CPU    %usr   %nice    %sys %iowait    %irq   %soft  %steal  %guest  %gnice   %idle
07時05分22秒    0   37.78    0.00   27.78    0.00    0.00    7.78    0.00    0.00    0.00   26.67
07時05分22秒    1   34.83    0.00   14.61    0.00    0.00    2.25    0.00    0.00    0.00   48.31

07時05分22秒  CPU    %usr   %nice    %sys %iowait    %irq   %soft  %steal  %guest  %gnice   %idle
07時05分23秒    0   41.30    0.00   25.00    0.00    0.00    6.52    0.00    0.00    0.00   27.17
07時05分23秒    1   31.11    0.00   16.67    0.00    0.00    2.22    0.00    0.00    0.00   50.00

07時05分23秒  CPU    %usr   %nice    %sys %iowait    %irq   %soft  %steal  %guest  %gnice   %idle
07時05分24秒    0   38.71    0.00   29.03    0.00    0.00    6.45    0.00    0.00    0.00   25.81
07時05分24秒    1   38.71    0.00   12.90    0.00    0.00    2.15    0.00    0.00    0.00   46.24

07時05分24秒  CPU    %usr   %nice    %sys %iowait    %irq   %soft  %steal  %guest  %gnice   %idle
07時05分25秒    0   41.49    0.00   23.40    0.00    0.00    7.45    0.00    0.00    0.00   27.66
07時05分25秒    1   33.70    0.00   15.22    0.00    0.00    2.17    0.00    0.00    0.00   48.91

07時05分25秒  CPU    %usr   %nice    %sys %iowait    %irq   %soft  %steal  %guest  %gnice   %idle
07時05分26秒    0   40.45    0.00   24.72    0.00    0.00    6.74    0.00    0.00    0.00   28.09
07時05分26秒    1   34.07    0.00   15.38    0.00    0.00    2.20    0.00    0.00    0.00   48.35

07時05分26秒  CPU    %usr   %nice    %sys %iowait    %irq   %soft  %steal  %guest  %gnice   %idle
07時05分27秒    0   40.86    0.00   26.88    0.00    0.00    6.45    0.00    0.00    0.00   25.81
07時05分27秒    1   32.95    0.00   15.91    0.00    0.00    1.14    0.00    0.00    0.00   50.00

07時05分27秒  CPU    %usr   %nice    %sys %iowait    %irq   %soft  %steal  %guest  %gnice   %idle
07時05分28秒    0   38.04    0.00   27.17    0.00    0.00    7.61    0.00    0.00    0.00   27.17
07時05分28秒    1   36.96    0.00   13.04    0.00    0.00    2.17    0.00    0.00    0.00   47.83

07時05分28秒  CPU    %usr   %nice    %sys %iowait    %irq   %soft  %steal  %guest  %gnice   %idle
07時05分29秒    0   38.04    0.00   28.26    0.00    0.00    6.52    0.00    0.00    0.00   27.17
07時05分29秒    1   32.61    0.00   16.30    0.00    0.00    2.17    0.00    0.00    0.00   48.91

07時05分29秒  CPU    %usr   %nice    %sys %iowait    %irq   %soft  %steal  %guest  %gnice   %idle
07時05分30秒    0   40.86    0.00   26.88    0.00    0.00    6.45    0.00    0.00    0.00   25.81
07時05分30秒    1   30.00    0.00   18.89    0.00    0.00    2.22    0.00    0.00    0.00   48.89

07時05分30秒  CPU    %usr   %nice    %sys %iowait    %irq   %soft  %steal  %guest  %gnice   %idle
07時05分31秒    0   41.49    0.00   24.47    0.00    0.00    7.45    0.00    0.00    0.00   26.60
07時05分31秒    1   32.26    0.00   18.28    0.00    0.00    2.15    0.00    0.00    0.00   47.31

07時05分31秒  CPU    %usr   %nice    %sys %iowait    %irq   %soft  %steal  %guest  %gnice   %idle
07時05分32秒    0   38.89    0.00   28.89    0.00    0.00    6.67    0.00    0.00    0.00   25.56
07時05分32秒    1   35.48    0.00   16.13    0.00    0.00    2.15    0.00    0.00    0.00   46.24

07時05分32秒  CPU    %usr   %nice    %sys %iowait    %irq   %soft  %steal  %guest  %gnice   %idle
07時05分33秒    0   34.78    0.00   28.26    0.00    0.00    6.52    0.00    0.00    0.00   30.43
07時05分33秒    1   31.91    0.00   14.89    0.00    1.06    2.13    0.00    0.00    0.00   50.00

07時05分33秒  CPU    %usr   %nice    %sys %iowait    %irq   %soft  %steal  %guest  %gnice   %idle
07時05分34秒    0   36.96    0.00   28.26    0.00    0.00    7.61    0.00    0.00    0.00   27.17
07時05分34秒    1   34.07    0.00   15.38    0.00    0.00    2.20    0.00    0.00    0.00   48.35

07時05分34秒  CPU    %usr   %nice    %sys %iowait    %irq   %soft  %steal  %guest  %gnice   %idle
07時05分35秒    0   36.56    0.00   27.96    0.00    1.08    6.45    0.00    0.00    0.00   27.96
07時05分35秒    1   31.87    0.00   16.48    0.00    0.00    2.20    0.00    0.00    0.00   49.45

07時05分35秒  CPU    %usr   %nice    %sys %iowait    %irq   %soft  %steal  %guest  %gnice   %idle
07時05分36秒    0   40.22    0.00   27.17    0.00    0.00    6.52    0.00    0.00    0.00   26.09
07時05分36秒    1   30.11    0.00   19.35    0.00    0.00    2.15    0.00    0.00    0.00   48.39

07時05分36秒  CPU    %usr   %nice    %sys %iowait    %irq   %soft  %steal  %guest  %gnice   %idle
07時05分37秒    0   34.78    0.00   30.43    0.00    0.00    7.61    0.00    0.00    0.00   27.17
07時05分37秒    1   37.36    0.00   12.09    0.00    0.00    2.20    0.00    0.00    0.00   48.35

07時05分37秒  CPU    %usr   %nice    %sys %iowait    %irq   %soft  %steal  %guest  %gnice   %idle
07時05分38秒    0   39.78    0.00   25.81    0.00    0.00    6.45    0.00    0.00    0.00   27.96
07時05分38秒    1   34.41    0.00   15.05    0.00    0.00    2.15    0.00    0.00    0.00   48.39

07時05分38秒  CPU    %usr   %nice    %sys %iowait    %irq   %soft  %steal  %guest  %gnice   %idle
07時05分39秒    0   37.36    0.00   28.57    0.00    0.00    6.59    0.00    0.00    0.00   27.47
07時05分39秒    1   32.22    0.00   16.67    0.00    0.00    2.22    0.00    0.00    0.00   48.89

07時05分39秒  CPU    %usr   %nice    %sys %iowait    %irq   %soft  %steal  %guest  %gnice   %idle
07時05分40秒    0   35.79    0.00   30.53    0.00    0.00    7.37    0.00    0.00    0.00   26.32
07時05分40秒    1   34.78    0.00   16.30    0.00    0.00    1.09    0.00    0.00    0.00   47.83

07時05分40秒  CPU    %usr   %nice    %sys %iowait    %irq   %soft  %steal  %guest  %gnice   %idle
07時05分41秒    0   41.11    0.00   26.67    0.00    0.00    6.67    0.00    0.00    0.00   25.56
07時05分41秒    1   32.97    0.00   16.48    0.00    0.00    2.20    0.00    0.00    0.00   48.35

平均時間：  CPU    %usr   %nice    %sys %iowait    %irq   %soft  %steal  %guest  %gnice   %idle
平均時間：    0   38.23    0.00   27.49    0.00    0.06    6.84    0.00    0.00    0.00   27.39
平均時間：    1   33.32    0.00   16.00    0.00    0.05    2.12    0.00    0.00    0.00   48.51
