Linux 5.6.15-arch1-1 (archlinux) 	西元2020年06月29日 	_x86_64_	(12 CPU)

06時55分49秒  CPU    %usr   %nice    %sys %iowait    %irq   %soft  %steal  %guest  %gnice   %idle
06時55分50秒    0   38.30    0.00   28.72    0.00    0.00    6.38    0.00    0.00    0.00   26.60
06時55分50秒    1   35.16    0.00   14.29    0.00    0.00    2.20    0.00    0.00    0.00   48.35

06時55分50秒  CPU    %usr   %nice    %sys %iowait    %irq   %soft  %steal  %guest  %gnice   %idle
06時55分51秒    0   38.95    0.00   27.37    0.00    1.05    7.37    0.00    0.00    0.00   25.26
06時55分51秒    1   33.33    0.00   18.28    0.00    0.00    2.15    0.00    0.00    0.00   46.24

06時55分51秒  CPU    %usr   %nice    %sys %iowait    %irq   %soft  %steal  %guest  %gnice   %idle
06時55分52秒    0   36.17    0.00   31.91    0.00    0.00    6.38    0.00    0.00    0.00   25.53
06時55分52秒    1   35.87    0.00   15.22    0.00    0.00    2.17    0.00    0.00    0.00   46.74

06時55分52秒  CPU    %usr   %nice    %sys %iowait    %irq   %soft  %steal  %guest  %gnice   %idle
06時55分53秒    0   34.41    0.00   31.18    0.00    0.00    6.45    0.00    0.00    0.00   27.96
06時55分53秒    1   34.41    0.00   16.13    0.00    0.00    2.15    0.00    0.00    0.00   47.31

06時55分53秒  CPU    %usr   %nice    %sys %iowait    %irq   %soft  %steal  %guest  %gnice   %idle
06時55分54秒    0   36.56    0.00   27.96    0.00    0.00    6.45    0.00    0.00    0.00   29.03
06時55分54秒    1   32.22    0.00   15.56    0.00    0.00    1.11    0.00    0.00    0.00   51.11

06時55分54秒  CPU    %usr   %nice    %sys %iowait    %irq   %soft  %steal  %guest  %gnice   %idle
06時55分55秒    0   35.96    0.00   26.97    0.00    0.00    6.74    0.00    0.00    0.00   30.34
06時55分55秒    1   31.87    0.00   16.48    0.00    0.00    2.20    0.00    0.00    0.00   49.45

06時55分55秒  CPU    %usr   %nice    %sys %iowait    %irq   %soft  %steal  %guest  %gnice   %idle
06時55分56秒    0   36.56    0.00   27.96    0.00    0.00    6.45    0.00    0.00    0.00   29.03
06時55分56秒    1   33.70    0.00   14.13    0.00    0.00    2.17    0.00    0.00    0.00   50.00

06時55分56秒  CPU    %usr   %nice    %sys %iowait    %irq   %soft  %steal  %guest  %gnice   %idle
06時55分57秒    0   32.97    0.00   30.77    0.00    0.00    6.59    0.00    0.00    0.00   29.67
06時55分57秒    1   31.11    0.00   16.67    0.00    0.00    2.22    0.00    0.00    0.00   50.00

06時55分57秒  CPU    %usr   %nice    %sys %iowait    %irq   %soft  %steal  %guest  %gnice   %idle
06時55分58秒    0   39.13    0.00   27.17    0.00    0.00    6.52    0.00    0.00    0.00   27.17
06時55分58秒    1   34.78    0.00   15.22    0.00    0.00    2.17    0.00    0.00    0.00   47.83

06時55分58秒  CPU    %usr   %nice    %sys %iowait    %irq   %soft  %steal  %guest  %gnice   %idle
06時55分59秒    0   40.86    0.00   25.81    0.00    0.00    7.53    0.00    0.00    0.00   25.81
06時55分59秒    1   35.48    0.00   16.13    0.00    0.00    2.15    0.00    0.00    0.00   46.24

06時55分59秒  CPU    %usr   %nice    %sys %iowait    %irq   %soft  %steal  %guest  %gnice   %idle
06時56分00秒    0   40.66    0.00   25.27    0.00    0.00    6.59    0.00    0.00    0.00   27.47
06時56分00秒    1   34.44    0.00   14.44    0.00    0.00    2.22    0.00    0.00    0.00   48.89

06時56分00秒  CPU    %usr   %nice    %sys %iowait    %irq   %soft  %steal  %guest  %gnice   %idle
06時56分01秒    0   37.78    0.00   26.67    0.00    0.00    6.67    0.00    0.00    0.00   28.89
06時56分01秒    1   34.78    0.00   14.13    0.00    0.00    1.09    0.00    0.00    0.00   50.00

06時56分01秒  CPU    %usr   %nice    %sys %iowait    %irq   %soft  %steal  %guest  %gnice   %idle
06時56分02秒    0   34.07    0.00   28.57    0.00    0.00    6.59    0.00    0.00    0.00   30.77
06時56分02秒    1   30.77    0.00   16.48    0.00    0.00    2.20    0.00    0.00    0.00   50.55

06時56分02秒  CPU    %usr   %nice    %sys %iowait    %irq   %soft  %steal  %guest  %gnice   %idle
06時56分03秒    0   36.56    0.00   25.81    0.00    0.00    6.45    0.00    0.00    0.00   31.18
06時56分03秒    1   30.77    0.00   15.38    0.00    0.00    2.20    0.00    0.00    0.00   51.65

06時56分03秒  CPU    %usr   %nice    %sys %iowait    %irq   %soft  %steal  %guest  %gnice   %idle
06時56分04秒    0   36.56    0.00   27.96    0.00    0.00    6.45    0.00    0.00    0.00   29.03
06時56分04秒    1   32.22    0.00   15.56    0.00    0.00    2.22    0.00    0.00    0.00   50.00

06時56分04秒  CPU    %usr   %nice    %sys %iowait    %irq   %soft  %steal  %guest  %gnice   %idle
06時56分05秒    0   36.26    0.00   29.67    0.00    0.00    6.59    0.00    0.00    0.00   27.47
06時56分05秒    1   33.70    0.00   16.30    0.00    0.00    2.17    0.00    0.00    0.00   47.83

06時56分05秒  CPU    %usr   %nice    %sys %iowait    %irq   %soft  %steal  %guest  %gnice   %idle
06時56分06秒    0   35.16    0.00   28.57    0.00    0.00    6.59    0.00    0.00    0.00   29.67
06時56分06秒    1   34.78    0.00   14.13    0.00    0.00    2.17    0.00    0.00    0.00   48.91

06時56分06秒  CPU    %usr   %nice    %sys %iowait    %irq   %soft  %steal  %guest  %gnice   %idle
06時56分07秒    0   36.56    0.00   30.11    0.00    0.00    6.45    0.00    0.00    0.00   26.88
06時56分07秒    1   34.07    0.00   15.38    0.00    0.00    1.10    0.00    0.00    0.00   49.45

06時56分07秒  CPU    %usr   %nice    %sys %iowait    %irq   %soft  %steal  %guest  %gnice   %idle
06時56分08秒    0   38.89    0.00   23.33    0.00    0.00    6.67    0.00    0.00    0.00   31.11
06時56分08秒    1   32.22    0.00   14.44    0.00    0.00    2.22    0.00    0.00    0.00   51.11

06時56分08秒  CPU    %usr   %nice    %sys %iowait    %irq   %soft  %steal  %guest  %gnice   %idle
06時56分09秒    0   35.48    0.00   27.96    0.00    0.00    6.45    0.00    0.00    0.00   30.11
06時56分09秒    1   30.43    0.00   17.39    0.00    0.00    2.17    0.00    0.00    0.00   50.00

06時56分09秒  CPU    %usr   %nice    %sys %iowait    %irq   %soft  %steal  %guest  %gnice   %idle
06時56分10秒    0   34.78    0.00   29.35    0.00    1.09    6.52    0.00    0.00    0.00   28.26
06時56分10秒    1   29.67    0.00   18.68    0.00    0.00    2.20    0.00    0.00    0.00   49.45

06時56分10秒  CPU    %usr   %nice    %sys %iowait    %irq   %soft  %steal  %guest  %gnice   %idle
06時56分11秒    0   38.30    0.00   27.66    0.00    0.00    7.45    0.00    0.00    0.00   26.60
06時56分11秒    1   32.61    0.00   17.39    0.00    0.00    2.17    0.00    0.00    0.00   47.83

06時56分11秒  CPU    %usr   %nice    %sys %iowait    %irq   %soft  %steal  %guest  %gnice   %idle
06時56分12秒    0   40.45    0.00   22.47    0.00    0.00    6.74    0.00    0.00    0.00   30.34
06時56分12秒    1   33.70    0.00   14.13    0.00    0.00    2.17    0.00    0.00    0.00   50.00

06時56分12秒  CPU    %usr   %nice    %sys %iowait    %irq   %soft  %steal  %guest  %gnice   %idle
06時56分13秒    0   36.17    0.00   28.72    0.00    0.00    5.32    0.00    0.00    0.00   29.79
06時56分13秒    1   31.11    0.00   15.56    0.00    0.00    1.11    0.00    0.00    0.00   52.22

06時56分13秒  CPU    %usr   %nice    %sys %iowait    %irq   %soft  %steal  %guest  %gnice   %idle
06時56分14秒    0   31.18    0.00   31.18    0.00    0.00    6.45    0.00    0.00    0.00   31.18
06時56分14秒    1   29.67    0.00   16.48    0.00    1.10    2.20    0.00    0.00    0.00   50.55

06時56分14秒  CPU    %usr   %nice    %sys %iowait    %irq   %soft  %steal  %guest  %gnice   %idle
06時56分15秒    0   37.36    0.00   26.37    0.00    0.00    6.59    0.00    0.00    0.00   29.67
06時56分15秒    1   36.56    0.00   11.83    0.00    0.00    2.15    0.00    0.00    0.00   49.46

06時56分15秒  CPU    %usr   %nice    %sys %iowait    %irq   %soft  %steal  %guest  %gnice   %idle
06時56分16秒    0   36.96    0.00   27.17    0.00    0.00    6.52    0.00    0.00    0.00   29.35
06時56分16秒    1   34.78    0.00   14.13    0.00    0.00    2.17    0.00    0.00    0.00   48.91

06時56分16秒  CPU    %usr   %nice    %sys %iowait    %irq   %soft  %steal  %guest  %gnice   %idle
06時56分17秒    0   40.86    0.00   23.66    0.00    0.00    7.53    0.00    0.00    0.00   27.96
06時56分17秒    1   33.33    0.00   16.13    0.00    0.00    2.15    0.00    0.00    0.00   48.39

06時56分17秒  CPU    %usr   %nice    %sys %iowait    %irq   %soft  %steal  %guest  %gnice   %idle
06時56分18秒    0   35.16    0.00   27.47    0.00    0.00    5.49    0.00    0.00    0.00   31.87
06時56分18秒    1   31.87    0.00   13.19    0.00    0.00    2.20    0.00    0.00    0.00   52.75

06時56分18秒  CPU    %usr   %nice    %sys %iowait    %irq   %soft  %steal  %guest  %gnice   %idle
06時56分19秒    0   37.36    0.00   26.37    0.00    0.00    7.69    0.00    0.00    0.00   28.57
06時56分19秒    1   33.33    0.00   17.78    0.00    0.00    1.11    0.00    0.00    0.00   47.78

06時56分19秒  CPU    %usr   %nice    %sys %iowait    %irq   %soft  %steal  %guest  %gnice   %idle
06時56分20秒    0   36.26    0.00   27.47    0.00    0.00    5.49    0.00    0.00    0.00   30.77
06時56分20秒    1   30.11    0.00   16.13    0.00    1.08    2.15    0.00    0.00    0.00   50.54

06時56分20秒  CPU    %usr   %nice    %sys %iowait    %irq   %soft  %steal  %guest  %gnice   %idle
06時56分21秒    0   37.89    0.00   27.37    0.00    0.00    7.37    0.00    0.00    0.00   27.37
06時56分21秒    1   31.87    0.00   16.48    0.00    0.00    2.20    0.00    0.00    0.00   49.45

06時56分21秒  CPU    %usr   %nice    %sys %iowait    %irq   %soft  %steal  %guest  %gnice   %idle
06時56分22秒    0   34.78    0.00   29.35    0.00    0.00    6.52    0.00    0.00    0.00   29.35
06時56分22秒    1   32.22    0.00   14.44    0.00    0.00    2.22    0.00    0.00    0.00   51.11

06時56分22秒  CPU    %usr   %nice    %sys %iowait    %irq   %soft  %steal  %guest  %gnice   %idle
06時56分23秒    0   40.86    0.00   23.66    0.00    0.00    6.45    0.00    0.00    0.00   29.03
06時56分23秒    1   31.52    0.00   16.30    0.00    0.00    2.17    0.00    0.00    0.00   50.00

06時56分23秒  CPU    %usr   %nice    %sys %iowait    %irq   %soft  %steal  %guest  %gnice   %idle
06時56分24秒    0   33.71    0.00   32.58    0.00    0.00    6.74    0.00    0.00    0.00   26.97
06時56分24秒    1   35.48    0.00   16.13    0.00    0.00    2.15    0.00    0.00    0.00   46.24

06時56分24秒  CPU    %usr   %nice    %sys %iowait    %irq   %soft  %steal  %guest  %gnice   %idle
06時56分25秒    0   34.41    0.00   30.11    0.00    0.00    6.45    0.00    0.00    0.00   29.03
06時56分25秒    1   32.22    0.00   15.56    0.00    0.00    1.11    0.00    0.00    0.00   51.11

06時56分25秒  CPU    %usr   %nice    %sys %iowait    %irq   %soft  %steal  %guest  %gnice   %idle
06時56分26秒    0   38.04    0.00   27.17    0.00    0.00    6.52    0.00    0.00    0.00   28.26
06時56分26秒    1   35.87    0.00   15.22    0.00    0.00    2.17    0.00    0.00    0.00   46.74

06時56分26秒  CPU    %usr   %nice    %sys %iowait    %irq   %soft  %steal  %guest  %gnice   %idle
06時56分27秒    0   35.87    0.00   29.35    0.00    0.00    6.52    0.00    0.00    0.00   28.26
06時56分27秒    1   32.22    0.00   17.78    0.00    0.00    2.22    0.00    0.00    0.00   47.78

06時56分27秒  CPU    %usr   %nice    %sys %iowait    %irq   %soft  %steal  %guest  %gnice   %idle
06時56分28秒    0   40.86    0.00   25.81    0.00    0.00    6.45    0.00    0.00    0.00   26.88
06時56分28秒    1   30.77    0.00   18.68    0.00    0.00    2.20    0.00    0.00    0.00   48.35

06時56分28秒  CPU    %usr   %nice    %sys %iowait    %irq   %soft  %steal  %guest  %gnice   %idle
06時56分29秒    0   36.56    0.00   29.03    0.00    1.08    7.53    0.00    0.00    0.00   25.81
06時56分29秒    1   31.52    0.00   18.48    0.00    0.00    2.17    0.00    0.00    0.00   47.83

06時56分29秒  CPU    %usr   %nice    %sys %iowait    %irq   %soft  %steal  %guest  %gnice   %idle
06時56分30秒    0   32.97    0.00   28.57    0.00    0.00    6.59    0.00    0.00    0.00   31.87
06時56分30秒    1   29.35    0.00   17.39    0.00    0.00    2.17    0.00    0.00    0.00   51.09

06時56分30秒  CPU    %usr   %nice    %sys %iowait    %irq   %soft  %steal  %guest  %gnice   %idle
06時56分31秒    0   38.04    0.00   28.26    0.00    0.00    6.52    0.00    0.00    0.00   27.17
06時56分31秒    1   33.33    0.00   16.13    0.00    0.00    2.15    0.00    0.00    0.00   48.39

06時56分31秒  CPU    %usr   %nice    %sys %iowait    %irq   %soft  %steal  %guest  %gnice   %idle
06時56分32秒    0   35.11    0.00   28.72    0.00    0.00    6.38    0.00    0.00    0.00   29.79
06時56分32秒    1   30.68    0.00   14.77    0.00    0.00    2.27    0.00    0.00    0.00   52.27

06時56分32秒  CPU    %usr   %nice    %sys %iowait    %irq   %soft  %steal  %guest  %gnice   %idle
06時56分33秒    0   36.96    0.00   29.35    0.00    0.00    6.52    0.00    0.00    0.00   27.17
06時56分33秒    1   33.33    0.00   16.67    0.00    0.00    1.11    0.00    0.00    0.00   48.89

06時56分33秒  CPU    %usr   %nice    %sys %iowait    %irq   %soft  %steal  %guest  %gnice   %idle
06時56分34秒    0   33.70    0.00   32.61    0.00    0.00    6.52    0.00    0.00    0.00   27.17
06時56分34秒    1   33.70    0.00   15.22    0.00    0.00    2.17    0.00    0.00    0.00   48.91

06時56分34秒  CPU    %usr   %nice    %sys %iowait    %irq   %soft  %steal  %guest  %gnice   %idle
06時56分35秒    0   39.56    0.00   24.18    0.00    0.00    6.59    0.00    0.00    0.00   29.67
06時56分35秒    1   30.43    0.00   18.48    0.00    0.00    2.17    0.00    0.00    0.00   48.91

06時56分35秒  CPU    %usr   %nice    %sys %iowait    %irq   %soft  %steal  %guest  %gnice   %idle
06時56分36秒    0   38.04    0.00   26.09    0.00    0.00    6.52    0.00    0.00    0.00   29.35
06時56分36秒    1   32.61    0.00   16.30    0.00    0.00    2.17    0.00    0.00    0.00   48.91

06時56分36秒  CPU    %usr   %nice    %sys %iowait    %irq   %soft  %steal  %guest  %gnice   %idle
06時56分37秒    0   36.96    0.00   28.26    0.00    0.00    6.52    0.00    0.00    0.00   28.26
06時56分37秒    1   31.52    0.00   17.39    0.00    0.00    2.17    0.00    0.00    0.00   48.91

06時56分37秒  CPU    %usr   %nice    %sys %iowait    %irq   %soft  %steal  %guest  %gnice   %idle
06時56分38秒    0   37.78    0.00   25.56    0.00    0.00    6.67    0.00    0.00    0.00   30.00
06時56分38秒    1   34.78    0.00   13.04    0.00    0.00    2.17    0.00    0.00    0.00   50.00

06時56分38秒  CPU    %usr   %nice    %sys %iowait    %irq   %soft  %steal  %guest  %gnice   %idle
06時56分39秒    0   41.67    0.00   27.08    0.00    0.00    7.29    0.00    0.00    0.00   23.96
06時56分39秒    1   35.96    0.00   17.98    0.00    0.00    2.25    0.00    0.00    0.00   43.82

06時56分39秒  CPU    %usr   %nice    %sys %iowait    %irq   %soft  %steal  %guest  %gnice   %idle
06時56分40秒    0   39.56    0.00   25.27    0.00    0.00    6.59    0.00    0.00    0.00   28.57
06時56分40秒    1   30.77    0.00   18.68    0.00    0.00    1.10    0.00    0.00    0.00   49.45

06時56分40秒  CPU    %usr   %nice    %sys %iowait    %irq   %soft  %steal  %guest  %gnice   %idle
06時56分41秒    0   34.41    0.00   29.03    0.00    0.00    6.45    0.00    0.00    0.00   30.11
06時56分41秒    1   32.26    0.00   15.05    0.00    0.00    2.15    0.00    0.00    0.00   50.54

06時56分41秒  CPU    %usr   %nice    %sys %iowait    %irq   %soft  %steal  %guest  %gnice   %idle
06時56分42秒    0   40.66    0.00   23.08    0.00    0.00    6.59    0.00    0.00    0.00   29.67
06時56分42秒    1   31.87    0.00   16.48    0.00    0.00    2.20    0.00    0.00    0.00   49.45

06時56分42秒  CPU    %usr   %nice    %sys %iowait    %irq   %soft  %steal  %guest  %gnice   %idle
06時56分43秒    0   36.67    0.00   27.78    0.00    0.00    6.67    0.00    0.00    0.00   28.89
06時56分43秒    1   33.70    0.00   15.22    0.00    0.00    2.17    0.00    0.00    0.00   48.91

06時56分43秒  CPU    %usr   %nice    %sys %iowait    %irq   %soft  %steal  %guest  %gnice   %idle
06時56分44秒    0   34.78    0.00   27.17    0.00    0.00    6.52    0.00    0.00    0.00   31.52
06時56分44秒    1   27.78    0.00   17.78    0.00    0.00    2.22    0.00    0.00    0.00   52.22

06時56分44秒  CPU    %usr   %nice    %sys %iowait    %irq   %soft  %steal  %guest  %gnice   %idle
06時56分45秒    0   36.96    0.00   27.17    0.00    0.00    6.52    0.00    0.00    0.00   29.35
06時56分45秒    1   34.78    0.00   13.04    0.00    1.09    2.17    0.00    0.00    0.00   48.91

06時56分45秒  CPU    %usr   %nice    %sys %iowait    %irq   %soft  %steal  %guest  %gnice   %idle
06時56分46秒    0   37.63    0.00   27.96    0.00    0.00    6.45    0.00    0.00    0.00   27.96
06時56分46秒    1   32.61    0.00   16.30    0.00    0.00    1.09    0.00    0.00    0.00   50.00

06時56分46秒  CPU    %usr   %nice    %sys %iowait    %irq   %soft  %steal  %guest  %gnice   %idle
06時56分47秒    0   36.26    0.00   26.37    0.00    1.10    6.59    0.00    0.00    0.00   29.67
06時56分47秒    1   32.97    0.00   14.29    0.00    0.00    2.20    0.00    0.00    0.00   50.55

06時56分47秒  CPU    %usr   %nice    %sys %iowait    %irq   %soft  %steal  %guest  %gnice   %idle
06時56分48秒    0   38.30    0.00   27.66    0.00    0.00    6.38    0.00    0.00    0.00   27.66
06時56分48秒    1   32.97    0.00   16.48    0.00    0.00    2.20    0.00    0.00    0.00   48.35

06時56分48秒  CPU    %usr   %nice    %sys %iowait    %irq   %soft  %steal  %guest  %gnice   %idle
06時56分49秒    0   39.78    0.00   27.96    0.00    0.00    6.45    0.00    0.00    0.00   25.81
06時56分49秒    1   32.26    0.00   18.28    0.00    0.00    2.15    0.00    0.00    0.00   47.31

06時56分49秒  CPU    %usr   %nice    %sys %iowait    %irq   %soft  %steal  %guest  %gnice   %idle
06時56分50秒    0   39.36    0.00   25.53    0.00    0.00    7.45    0.00    0.00    0.00   27.66
06時56分50秒    1   35.87    0.00   13.04    0.00    0.00    2.17    0.00    0.00    0.00   48.91

06時56分50秒  CPU    %usr   %nice    %sys %iowait    %irq   %soft  %steal  %guest  %gnice   %idle
06時56分51秒    0   38.30    0.00   28.72    0.00    0.00    6.38    0.00    0.00    0.00   26.60
06時56分51秒    1   33.70    0.00   15.22    0.00    0.00    2.17    0.00    0.00    0.00   48.91

06時56分51秒  CPU    %usr   %nice    %sys %iowait    %irq   %soft  %steal  %guest  %gnice   %idle
06時56分52秒    0   38.71    0.00   24.73    0.00    0.00    6.45    0.00    0.00    0.00   30.11
06時56分52秒    1   30.77    0.00   16.48    0.00    0.00    1.10    0.00    0.00    0.00   51.65

06時56分52秒  CPU    %usr   %nice    %sys %iowait    %irq   %soft  %steal  %guest  %gnice   %idle
06時56分53秒    0   37.36    0.00   27.47    0.00    0.00    6.59    0.00    0.00    0.00   28.57
06時56分53秒    1   32.22    0.00   16.67    0.00    0.00    2.22    0.00    0.00    0.00   48.89

06時56分53秒  CPU    %usr   %nice    %sys %iowait    %irq   %soft  %steal  %guest  %gnice   %idle
06時56分54秒    0   32.58    0.00   29.21    0.00    0.00    6.74    0.00    0.00    0.00   31.46
06時56分54秒    1   33.33    0.00   12.22    0.00    0.00    2.22    0.00    0.00    0.00   52.22

06時56分54秒  CPU    %usr   %nice    %sys %iowait    %irq   %soft  %steal  %guest  %gnice   %idle
06時56分55秒    0   37.23    0.00   29.79    0.00    0.00    6.38    0.00    0.00    0.00   26.60
06時56分55秒    1   32.61    0.00   16.30    0.00    0.00    2.17    0.00    0.00    0.00   48.91

06時56分55秒  CPU    %usr   %nice    %sys %iowait    %irq   %soft  %steal  %guest  %gnice   %idle
06時56分56秒    0   40.00    0.00   25.56    0.00    0.00    6.67    0.00    0.00    0.00   27.78
06時56分56秒    1   34.78    0.00   14.13    0.00    0.00    2.17    0.00    0.00    0.00   48.91

06時56分56秒  CPU    %usr   %nice    %sys %iowait    %irq   %soft  %steal  %guest  %gnice   %idle
06時56分57秒    0   35.79    0.00   30.53    0.00    0.00    6.32    0.00    0.00    0.00   27.37
06時56分57秒    1   34.41    0.00   15.05    0.00    0.00    2.15    0.00    0.00    0.00   48.39

06時56分57秒  CPU    %usr   %nice    %sys %iowait    %irq   %soft  %steal  %guest  %gnice   %idle
06時56分58秒    0   39.13    0.00   26.09    0.00    0.00    6.52    0.00    0.00    0.00   28.26
06時56分58秒    1   32.97    0.00   16.48    0.00    0.00    1.10    0.00    0.00    0.00   49.45

06時56分58秒  CPU    %usr   %nice    %sys %iowait    %irq   %soft  %steal  %guest  %gnice   %idle
06時56分59秒    0   35.48    0.00   30.11    0.00    0.00    7.53    0.00    0.00    0.00   26.88
06時56分59秒    1   31.11    0.00   16.67    0.00    0.00    2.22    0.00    0.00    0.00   50.00

06時56分59秒  CPU    %usr   %nice    %sys %iowait    %irq   %soft  %steal  %guest  %gnice   %idle
06時57分00秒    0   34.41    0.00   30.11    0.00    0.00    6.45    0.00    0.00    0.00   29.03
06時57分00秒    1   32.61    0.00   15.22    0.00    0.00    2.17    0.00    0.00    0.00   50.00

06時57分00秒  CPU    %usr   %nice    %sys %iowait    %irq   %soft  %steal  %guest  %gnice   %idle
06時57分01秒    0   39.13    0.00   29.35    0.00    0.00    6.52    0.00    0.00    0.00   25.00
06時57分01秒    1   37.36    0.00   13.19    0.00    0.00    2.20    0.00    0.00    0.00   47.25

06時57分01秒  CPU    %usr   %nice    %sys %iowait    %irq   %soft  %steal  %guest  %gnice   %idle
06時57分02秒    0   40.22    0.00   26.09    0.00    0.00    6.52    0.00    0.00    0.00   27.17
06時57分02秒    1   34.07    0.00   14.29    0.00    0.00    2.20    0.00    0.00    0.00   49.45

06時57分02秒  CPU    %usr   %nice    %sys %iowait    %irq   %soft  %steal  %guest  %gnice   %idle
06時57分03秒    0   41.94    0.00   22.58    0.00    0.00    6.45    0.00    0.00    0.00   29.03
06時57分03秒    1   33.33    0.00   15.56    0.00    0.00    2.22    0.00    0.00    0.00   48.89

06時57分03秒  CPU    %usr   %nice    %sys %iowait    %irq   %soft  %steal  %guest  %gnice   %idle
06時57分04秒    0   33.33    0.00   30.00    0.00    0.00    6.67    0.00    0.00    0.00   30.00
06時57分04秒    1   30.77    0.00   16.48    0.00    0.00    2.20    0.00    0.00    0.00   50.55

06時57分04秒  CPU    %usr   %nice    %sys %iowait    %irq   %soft  %steal  %guest  %gnice   %idle
06時57分05秒    0   36.17    0.00   28.72    0.00    0.00    6.38    0.00    0.00    0.00   28.72
06時57分05秒    1   34.44    0.00   13.33    0.00    0.00    1.11    0.00    0.00    0.00   51.11

06時57分05秒  CPU    %usr   %nice    %sys %iowait    %irq   %soft  %steal  %guest  %gnice   %idle
06時57分06秒    0   39.78    0.00   24.73    0.00    1.08    6.45    0.00    0.00    0.00   27.96
06時57分06秒    1   27.47    0.00   20.88    0.00    0.00    2.20    0.00    0.00    0.00   49.45

06時57分06秒  CPU    %usr   %nice    %sys %iowait    %irq   %soft  %steal  %guest  %gnice   %idle
06時57分07秒    0   35.87    0.00   29.35    0.00    0.00    7.61    0.00    0.00    0.00   27.17
06時57分07秒    1   32.26    0.00   18.28    0.00    0.00    2.15    0.00    0.00    0.00   47.31

06時57分07秒  CPU    %usr   %nice    %sys %iowait    %irq   %soft  %steal  %guest  %gnice   %idle
06時57分08秒    0   35.87    0.00   30.43    0.00    0.00    6.52    0.00    0.00    0.00   27.17
06時57分08秒    1   32.97    0.00   16.48    0.00    0.00    2.20    0.00    0.00    0.00   48.35

06時57分08秒  CPU    %usr   %nice    %sys %iowait    %irq   %soft  %steal  %guest  %gnice   %idle
06時57分09秒    0   32.61    0.00   31.52    0.00    0.00    6.52    0.00    0.00    0.00   29.35
06時57分09秒    1   33.33    0.00   15.05    0.00    0.00    2.15    0.00    0.00    0.00   49.46

06時57分09秒  CPU    %usr   %nice    %sys %iowait    %irq   %soft  %steal  %guest  %gnice   %idle
06時57分10秒    0   35.16    0.00   29.67    0.00    0.00    6.59    0.00    0.00    0.00   28.57
06時57分10秒    1   34.78    0.00   14.13    0.00    0.00    2.17    0.00    0.00    0.00   48.91

06時57分10秒  CPU    %usr   %nice    %sys %iowait    %irq   %soft  %steal  %guest  %gnice   %idle
06時57分11秒    0   39.33    0.00   23.60    0.00    0.00    6.74    0.00    0.00    0.00   30.34
06時57分11秒    1   30.77    0.00   16.48    0.00    0.00    1.10    0.00    0.00    0.00   51.65

06時57分11秒  CPU    %usr   %nice    %sys %iowait    %irq   %soft  %steal  %guest  %gnice   %idle
06時57分12秒    0   36.96    0.00   29.35    0.00    0.00    6.52    0.00    0.00    0.00   27.17
06時57分12秒    1   32.26    0.00   16.13    0.00    1.08    2.15    0.00    0.00    0.00   48.39

06時57分12秒  CPU    %usr   %nice    %sys %iowait    %irq   %soft  %steal  %guest  %gnice   %idle
06時57分13秒    0   36.26    0.00   27.47    0.00    0.00    6.59    0.00    0.00    0.00   29.67
06時57分13秒    1   34.44    0.00   13.33    0.00    0.00    2.22    0.00    0.00    0.00   50.00

06時57分13秒  CPU    %usr   %nice    %sys %iowait    %irq   %soft  %steal  %guest  %gnice   %idle
06時57分14秒    0   39.78    0.00   25.81    0.00    0.00    6.45    0.00    0.00    0.00   27.96
06時57分14秒    1   28.26    0.00   19.57    0.00    0.00    2.17    0.00    0.00    0.00   50.00

06時57分14秒  CPU    %usr   %nice    %sys %iowait    %irq   %soft  %steal  %guest  %gnice   %idle
06時57分15秒    0   38.30    0.00   26.60    0.00    0.00    7.45    0.00    0.00    0.00   27.66
06時57分15秒    1   38.04    0.00   13.04    0.00    0.00    2.17    0.00    0.00    0.00   46.74

06時57分15秒  CPU    %usr   %nice    %sys %iowait    %irq   %soft  %steal  %guest  %gnice   %idle
06時57分16秒    0   38.04    0.00   27.17    0.00    0.00    6.52    0.00    0.00    0.00   28.26
06時57分16秒    1   34.44    0.00   13.33    0.00    0.00    2.22    0.00    0.00    0.00   50.00

06時57分16秒  CPU    %usr   %nice    %sys %iowait    %irq   %soft  %steal  %guest  %gnice   %idle
06時57分17秒    0   40.00    0.00   22.22    0.00    0.00    6.67    0.00    0.00    0.00   31.11
06時57分17秒    1   33.33    0.00   14.44    0.00    0.00    1.11    0.00    0.00    0.00   51.11

06時57分17秒  CPU    %usr   %nice    %sys %iowait    %irq   %soft  %steal  %guest  %gnice   %idle
06時57分18秒    0   35.87    0.00   30.43    0.00    0.00    6.52    0.00    0.00    0.00   27.17
06時57分18秒    1   30.77    0.00   17.58    0.00    0.00    2.20    0.00    0.00    0.00   49.45

06時57分18秒  CPU    %usr   %nice    %sys %iowait    %irq   %soft  %steal  %guest  %gnice   %idle
06時57分19秒    0   36.17    0.00   30.85    0.00    0.00    6.38    0.00    0.00    0.00   26.60
06時57分19秒    1   27.47    0.00   21.98    0.00    0.00    2.20    0.00    0.00    0.00   48.35

06時57分19秒  CPU    %usr   %nice    %sys %iowait    %irq   %soft  %steal  %guest  %gnice   %idle
06時57分20秒    0   38.04    0.00   27.17    0.00    0.00    6.52    0.00    0.00    0.00   28.26
06時57分20秒    1   30.00    0.00   18.89    0.00    0.00    2.22    0.00    0.00    0.00   48.89

06時57分20秒  CPU    %usr   %nice    %sys %iowait    %irq   %soft  %steal  %guest  %gnice   %idle
06時57分21秒    0   31.52    0.00   30.43    0.00    0.00    6.52    0.00    0.00    0.00   31.52
06時57分21秒    1   32.26    0.00   15.05    0.00    0.00    2.15    0.00    0.00    0.00   50.54

06時57分21秒  CPU    %usr   %nice    %sys %iowait    %irq   %soft  %steal  %guest  %gnice   %idle
06時57分22秒    0   39.56    0.00   27.47    0.00    0.00    6.59    0.00    0.00    0.00   26.37
06時57分22秒    1   32.61    0.00   16.30    0.00    0.00    2.17    0.00    0.00    0.00   48.91

06時57分22秒  CPU    %usr   %nice    %sys %iowait    %irq   %soft  %steal  %guest  %gnice   %idle
06時57分23秒    0   33.68    0.00   30.53    0.00    0.00    6.32    0.00    0.00    0.00   29.47
06時57分23秒    1   31.11    0.00   15.56    0.00    0.00    1.11    0.00    0.00    0.00   52.22

06時57分23秒  CPU    %usr   %nice    %sys %iowait    %irq   %soft  %steal  %guest  %gnice   %idle
06時57分24秒    0   37.50    0.00   27.08    0.00    1.04    7.29    0.00    0.00    0.00   27.08
06時57分24秒    1   34.78    0.00   14.13    0.00    0.00    2.17    0.00    0.00    0.00   48.91

06時57分24秒  CPU    %usr   %nice    %sys %iowait    %irq   %soft  %steal  %guest  %gnice   %idle
06時57分25秒    0   41.76    0.00   26.37    0.00    0.00    6.59    0.00    0.00    0.00   25.27
06時57分25秒    1   32.97    0.00   16.48    0.00    0.00    2.20    0.00    0.00    0.00   48.35

06時57分25秒  CPU    %usr   %nice    %sys %iowait    %irq   %soft  %steal  %guest  %gnice   %idle
06時57分26秒    0   40.86    0.00   25.81    0.00    0.00    6.45    0.00    0.00    0.00   26.88
06時57分26秒    1   33.70    0.00   16.30    0.00    0.00    2.17    0.00    0.00    0.00   47.83

06時57分26秒  CPU    %usr   %nice    %sys %iowait    %irq   %soft  %steal  %guest  %gnice   %idle
06時57分27秒    0   37.78    0.00   24.44    0.00    0.00    6.67    0.00    0.00    0.00   31.11
06時57分27秒    1   28.26    0.00   17.39    0.00    0.00    2.17    0.00    0.00    0.00   52.17

06時57分27秒  CPU    %usr   %nice    %sys %iowait    %irq   %soft  %steal  %guest  %gnice   %idle
06時57分28秒    0   37.63    0.00   27.96    0.00    0.00    6.45    0.00    0.00    0.00   27.96
06時57分28秒    1   30.00    0.00   17.78    0.00    0.00    2.22    0.00    0.00    0.00   50.00

06時57分28秒  CPU    %usr   %nice    %sys %iowait    %irq   %soft  %steal  %guest  %gnice   %idle
06時57分29秒    0   35.16    0.00   28.57    0.00    0.00    6.59    0.00    0.00    0.00   29.67
06時57分29秒    1   37.63    0.00   11.83    0.00    0.00    1.08    0.00    0.00    0.00   49.46

06時57分29秒  CPU    %usr   %nice    %sys %iowait    %irq   %soft  %steal  %guest  %gnice   %idle
06時57分30秒    0   37.36    0.00   28.57    0.00    0.00    6.59    0.00    0.00    0.00   27.47
06時57分30秒    1   33.33    0.00   15.56    0.00    0.00    2.22    0.00    0.00    0.00   48.89

06時57分30秒  CPU    %usr   %nice    %sys %iowait    %irq   %soft  %steal  %guest  %gnice   %idle
06時57分31秒    0   34.41    0.00   29.03    0.00    0.00    6.45    0.00    0.00    0.00   30.11
06時57分31秒    1   31.52    0.00   16.30    0.00    0.00    2.17    0.00    0.00    0.00   50.00

06時57分31秒  CPU    %usr   %nice    %sys %iowait    %irq   %soft  %steal  %guest  %gnice   %idle
06時57分32秒    0   41.05    0.00   24.21    0.00    0.00    7.37    0.00    0.00    0.00   27.37
06時57分32秒    1   35.16    0.00   13.19    0.00    0.00    2.20    0.00    0.00    0.00   49.45

06時57分32秒  CPU    %usr   %nice    %sys %iowait    %irq   %soft  %steal  %guest  %gnice   %idle
06時57分33秒    0   37.63    0.00   27.96    0.00    0.00    6.45    0.00    0.00    0.00   27.96
06時57分33秒    1   34.41    0.00   13.98    0.00    0.00    2.15    0.00    0.00    0.00   49.46

06時57分33秒  CPU    %usr   %nice    %sys %iowait    %irq   %soft  %steal  %guest  %gnice   %idle
06時57分34秒    0   37.36    0.00   28.57    0.00    0.00    6.59    0.00    0.00    0.00   27.47
06時57分34秒    1   34.78    0.00   15.22    0.00    0.00    2.17    0.00    0.00    0.00   47.83

06時57分34秒  CPU    %usr   %nice    %sys %iowait    %irq   %soft  %steal  %guest  %gnice   %idle
06時57分35秒    0   39.13    0.00   26.09    0.00    0.00    6.52    0.00    0.00    0.00   28.26
06時57分35秒    1   31.11    0.00   16.67    0.00    0.00    1.11    0.00    0.00    0.00   51.11

06時57分35秒  CPU    %usr   %nice    %sys %iowait    %irq   %soft  %steal  %guest  %gnice   %idle
06時57分36秒    0   44.09    0.00   22.58    0.00    0.00    6.45    0.00    0.00    0.00   26.88
06時57分36秒    1   29.03    0.00   21.51    0.00    0.00    2.15    0.00    0.00    0.00   47.31

06時57分36秒  CPU    %usr   %nice    %sys %iowait    %irq   %soft  %steal  %guest  %gnice   %idle
06時57分37秒    0   35.16    0.00   30.77    0.00    0.00    6.59    0.00    0.00    0.00   27.47
06時57分37秒    1   30.43    0.00   18.48    0.00    0.00    2.17    0.00    0.00    0.00   48.91

06時57分37秒  CPU    %usr   %nice    %sys %iowait    %irq   %soft  %steal  %guest  %gnice   %idle
06時57分38秒    0   39.56    0.00   25.27    0.00    0.00    6.59    0.00    0.00    0.00   28.57
06時57分38秒    1   33.33    0.00   15.05    0.00    1.08    2.15    0.00    0.00    0.00   48.39

06時57分38秒  CPU    %usr   %nice    %sys %iowait    %irq   %soft  %steal  %guest  %gnice   %idle
06時57分39秒    0   40.62    0.00   25.00    0.00    0.00    7.29    0.00    0.00    0.00   27.08
06時57分39秒    1   35.56    0.00   12.22    0.00    0.00    2.22    0.00    0.00    0.00   50.00

06時57分39秒  CPU    %usr   %nice    %sys %iowait    %irq   %soft  %steal  %guest  %gnice   %idle
06時57分40秒    0   32.61    0.00   30.43    0.00    0.00    6.52    0.00    0.00    0.00   30.43
06時57分40秒    1   31.18    0.00   16.13    0.00    0.00    2.15    0.00    0.00    0.00   50.54

06時57分40秒  CPU    %usr   %nice    %sys %iowait    %irq   %soft  %steal  %guest  %gnice   %idle
06時57分41秒    0   40.00    0.00   28.42    0.00    0.00    6.32    0.00    0.00    0.00   25.26
06時57分41秒    1   32.58    0.00   16.85    0.00    0.00    1.12    0.00    0.00    0.00   49.44

06時57分41秒  CPU    %usr   %nice    %sys %iowait    %irq   %soft  %steal  %guest  %gnice   %idle
06時57分42秒    0   36.56    0.00   29.03    0.00    0.00    6.45    0.00    0.00    0.00   27.96
06時57分42秒    1   36.26    0.00   12.09    0.00    0.00    2.20    0.00    0.00    0.00   49.45

06時57分42秒  CPU    %usr   %nice    %sys %iowait    %irq   %soft  %steal  %guest  %gnice   %idle
06時57分43秒    0   36.96    0.00   28.26    0.00    1.09    6.52    0.00    0.00    0.00   27.17
06時57分43秒    1   36.96    0.00   11.96    0.00    0.00    2.17    0.00    0.00    0.00   48.91

06時57分43秒  CPU    %usr   %nice    %sys %iowait    %irq   %soft  %steal  %guest  %gnice   %idle
06時57分44秒    0   38.46    0.00   27.47    0.00    0.00    6.59    0.00    0.00    0.00   27.47
06時57分44秒    1   34.41    0.00   16.13    0.00    0.00    2.15    0.00    0.00    0.00   47.31

06時57分44秒  CPU    %usr   %nice    %sys %iowait    %irq   %soft  %steal  %guest  %gnice   %idle
06時57分45秒    0   36.56    0.00   27.96    0.00    0.00    7.53    0.00    0.00    0.00   27.96
06時57分45秒    1   32.26    0.00   18.28    0.00    0.00    2.15    0.00    0.00    0.00   47.31

06時57分45秒  CPU    %usr   %nice    %sys %iowait    %irq   %soft  %steal  %guest  %gnice   %idle
06時57分46秒    0   38.04    0.00   27.17    0.00    0.00    6.52    0.00    0.00    0.00   28.26
06時57分46秒    1   33.33    0.00   15.05    0.00    0.00    2.15    0.00    0.00    0.00   49.46

06時57分46秒  CPU    %usr   %nice    %sys %iowait    %irq   %soft  %steal  %guest  %gnice   %idle
06時57分47秒    0   36.26    0.00   28.57    0.00    0.00    6.59    0.00    0.00    0.00   28.57
06時57分47秒    1   31.46    0.00   16.85    0.00    0.00    2.25    0.00    0.00    0.00   49.44

06時57分47秒  CPU    %usr   %nice    %sys %iowait    %irq   %soft  %steal  %guest  %gnice   %idle
06時57分48秒    0   37.36    0.00   28.57    0.00    0.00    6.59    0.00    0.00    0.00   27.47
06時57分48秒    1   32.97    0.00   16.48    0.00    0.00    1.10    0.00    0.00    0.00   49.45

06時57分48秒  CPU    %usr   %nice    %sys %iowait    %irq   %soft  %steal  %guest  %gnice   %idle
06時57分49秒    0   38.46    0.00   26.37    0.00    0.00    6.59    0.00    0.00    0.00   28.57
06時57分49秒    1   32.97    0.00   16.48    0.00    0.00    2.20    0.00    0.00    0.00   48.35

平均時間：  CPU    %usr   %nice    %sys %iowait    %irq   %soft  %steal  %guest  %gnice   %idle
平均時間：    0   37.27    0.00   27.67    0.00    0.06    6.62    0.00    0.00    0.00   28.37
平均時間：    1   32.80    0.00   15.85    0.00    0.05    2.01    0.00    0.00    0.00   49.28
