Linux 5.6.15-arch1-1 (archlinux) 	西元2020年06月29日 	_x86_64_	(12 CPU)

07時01分04秒  CPU    %usr   %nice    %sys %iowait    %irq   %soft  %steal  %guest  %gnice   %idle
07時01分05秒    0   38.71    0.00   30.11    0.00    0.00    6.45    0.00    0.00    0.00   24.73
07時01分05秒    1   32.22    0.00   17.78    0.00    0.00    1.11    0.00    0.00    0.00   48.89

07時01分05秒  CPU    %usr   %nice    %sys %iowait    %irq   %soft  %steal  %guest  %gnice   %idle
07時01分06秒    0   39.78    0.00   26.88    0.00    0.00    7.53    0.00    0.00    0.00   25.81
07時01分06秒    1   32.97    0.00   16.48    0.00    0.00    2.20    0.00    0.00    0.00   48.35

07時01分06秒  CPU    %usr   %nice    %sys %iowait    %irq   %soft  %steal  %guest  %gnice   %idle
07時01分07秒    0   41.94    0.00   24.73    0.00    0.00    6.45    0.00    0.00    0.00   26.88
07時01分07秒    1   33.33    0.00   14.44    0.00    0.00    2.22    0.00    0.00    0.00   50.00

07時01分07秒  CPU    %usr   %nice    %sys %iowait    %irq   %soft  %steal  %guest  %gnice   %idle
07時01分08秒    0   38.30    0.00   28.72    0.00    0.00    6.38    0.00    0.00    0.00   26.60
07時01分08秒    1   33.33    0.00   15.05    0.00    0.00    2.15    0.00    0.00    0.00   49.46

07時01分08秒  CPU    %usr   %nice    %sys %iowait    %irq   %soft  %steal  %guest  %gnice   %idle
07時01分09秒    0   35.87    0.00   30.43    0.00    0.00    6.52    0.00    0.00    0.00   27.17
07時01分09秒    1   33.33    0.00   16.67    0.00    0.00    1.11    0.00    0.00    0.00   48.89

07時01分09秒  CPU    %usr   %nice    %sys %iowait    %irq   %soft  %steal  %guest  %gnice   %idle
07時01分10秒    0   37.23    0.00   28.72    0.00    1.06    6.38    0.00    0.00    0.00   26.60
07時01分10秒    1   29.67    0.00   18.68    0.00    0.00    2.20    0.00    0.00    0.00   49.45

07時01分10秒  CPU    %usr   %nice    %sys %iowait    %irq   %soft  %steal  %guest  %gnice   %idle
07時01分11秒    0   37.89    0.00   30.53    0.00    0.00    6.32    0.00    0.00    0.00   25.26
07時01分11秒    1   34.41    0.00   16.13    0.00    0.00    2.15    0.00    0.00    0.00   47.31

07時01分11秒  CPU    %usr   %nice    %sys %iowait    %irq   %soft  %steal  %guest  %gnice   %idle
07時01分12秒    0   37.63    0.00   31.18    0.00    0.00    7.53    0.00    0.00    0.00   23.66
07時01分12秒    1   36.67    0.00   16.67    0.00    0.00    2.22    0.00    0.00    0.00   44.44

07時01分12秒  CPU    %usr   %nice    %sys %iowait    %irq   %soft  %steal  %guest  %gnice   %idle
07時01分13秒    0   35.11    0.00   32.98    0.00    0.00    6.38    0.00    0.00    0.00   25.53
07時01分13秒    1   35.16    0.00   15.38    0.00    0.00    3.30    0.00    0.00    0.00   46.15

07時01分13秒  CPU    %usr   %nice    %sys %iowait    %irq   %soft  %steal  %guest  %gnice   %idle
07時01分14秒    0   37.63    0.00   31.18    0.00    0.00    6.45    0.00    0.00    0.00   24.73
07時01分14秒    1   34.07    0.00   16.48    0.00    0.00    2.20    0.00    0.00    0.00   47.25

07時01分14秒  CPU    %usr   %nice    %sys %iowait    %irq   %soft  %steal  %guest  %gnice   %idle
07時01分15秒    0   35.48    0.00   30.11    0.00    0.00    7.53    0.00    0.00    0.00   26.88
07時01分15秒    1   29.03    0.00   21.51    0.00    0.00    3.23    0.00    0.00    0.00   46.24

07時01分15秒  CPU    %usr   %nice    %sys %iowait    %irq   %soft  %steal  %guest  %gnice   %idle
07時01分16秒    0   41.05    0.00   29.47    0.00    0.00    6.32    0.00    0.00    0.00   23.16
07時01分16秒    1   34.44    0.00   16.67    0.00    0.00    2.22    0.00    0.00    0.00   46.67

07時01分16秒  CPU    %usr   %nice    %sys %iowait    %irq   %soft  %steal  %guest  %gnice   %idle
07時01分17秒    0   37.63    0.00   29.03    0.00    0.00    6.45    0.00    0.00    0.00   26.88
07時01分17秒    1   30.00    0.00   16.67    0.00    0.00    2.22    0.00    0.00    0.00   51.11

07時01分17秒  CPU    %usr   %nice    %sys %iowait    %irq   %soft  %steal  %guest  %gnice   %idle
07時01分18秒    0   34.78    0.00   29.35    0.00    0.00    6.52    0.00    0.00    0.00   29.35
07時01分18秒    1   32.61    0.00   14.13    0.00    0.00    2.17    0.00    0.00    0.00   51.09

07時01分18秒  CPU    %usr   %nice    %sys %iowait    %irq   %soft  %steal  %guest  %gnice   %idle
07時01分19秒    0   37.23    0.00   29.79    0.00    0.00    6.38    0.00    0.00    0.00   26.60
07時01分19秒    1   31.82    0.00   15.91    0.00    0.00    1.14    0.00    0.00    0.00   51.14

07時01分19秒  CPU    %usr   %nice    %sys %iowait    %irq   %soft  %steal  %guest  %gnice   %idle
07時01分20秒    0   37.36    0.00   27.47    0.00    0.00    6.59    0.00    0.00    0.00   28.57
07時01分20秒    1   31.87    0.00   16.48    0.00    0.00    2.20    0.00    0.00    0.00   49.45

07時01分20秒  CPU    %usr   %nice    %sys %iowait    %irq   %soft  %steal  %guest  %gnice   %idle
07時01分21秒    0   38.46    0.00   28.57    0.00    0.00    6.59    0.00    0.00    0.00   26.37
07時01分21秒    1   30.11    0.00   19.35    0.00    0.00    2.15    0.00    0.00    0.00   48.39

07時01分21秒  CPU    %usr   %nice    %sys %iowait    %irq   %soft  %steal  %guest  %gnice   %idle
07時01分22秒    0   36.84    0.00   29.47    0.00    0.00    7.37    0.00    0.00    0.00   26.32
07時01分22秒    1   30.43    0.00   18.48    0.00    1.09    2.17    0.00    0.00    0.00   47.83

07時01分22秒  CPU    %usr   %nice    %sys %iowait    %irq   %soft  %steal  %guest  %gnice   %idle
07時01分23秒    0   42.39    0.00   25.00    0.00    0.00    6.52    0.00    0.00    0.00   26.09
07時01分23秒    1   31.87    0.00   17.58    0.00    0.00    1.10    0.00    0.00    0.00   49.45

07時01分23秒  CPU    %usr   %nice    %sys %iowait    %irq   %soft  %steal  %guest  %gnice   %idle
07時01分24秒    0   38.71    0.00   29.03    0.00    0.00    6.45    0.00    0.00    0.00   25.81
07時01分24秒    1   31.87    0.00   17.58    0.00    0.00    2.20    0.00    0.00    0.00   48.35

07時01分24秒  CPU    %usr   %nice    %sys %iowait    %irq   %soft  %steal  %guest  %gnice   %idle
07時01分25秒    0   34.78    0.00   30.43    0.00    0.00    6.52    0.00    0.00    0.00   28.26
07時01分25秒    1   33.33    0.00   13.33    0.00    0.00    2.22    0.00    0.00    0.00   51.11

07時01分25秒  CPU    %usr   %nice    %sys %iowait    %irq   %soft  %steal  %guest  %gnice   %idle
07時01分26秒    0   37.63    0.00   27.96    0.00    0.00    6.45    0.00    0.00    0.00   27.96
07時01分26秒    1   34.04    0.00   14.89    0.00    0.00    2.13    0.00    0.00    0.00   48.94

07時01分26秒  CPU    %usr   %nice    %sys %iowait    %irq   %soft  %steal  %guest  %gnice   %idle
07時01分27秒    0   41.49    0.00   28.72    0.00    0.00    6.38    0.00    0.00    0.00   23.40
07時01分27秒    1   34.07    0.00   16.48    0.00    0.00    2.20    0.00    0.00    0.00   47.25

07時01分27秒  CPU    %usr   %nice    %sys %iowait    %irq   %soft  %steal  %guest  %gnice   %idle
07時01分28秒    0   37.23    0.00   30.85    0.00    0.00    7.45    0.00    0.00    0.00   24.47
07時01分28秒    1   32.97    0.00   17.58    0.00    0.00    1.10    0.00    0.00    0.00   48.35

07時01分28秒  CPU    %usr   %nice    %sys %iowait    %irq   %soft  %steal  %guest  %gnice   %idle
07時01分29秒    0   38.95    0.00   28.42    0.00    1.05    6.32    0.00    0.00    0.00   25.26
07時01分29秒    1   36.26    0.00   14.29    0.00    0.00    2.20    0.00    0.00    0.00   47.25

07時01分29秒  CPU    %usr   %nice    %sys %iowait    %irq   %soft  %steal  %guest  %gnice   %idle
07時01分30秒    0   36.56    0.00   31.18    0.00    0.00    6.45    0.00    0.00    0.00   25.81
07時01分30秒    1   36.56    0.00   12.90    0.00    0.00    2.15    0.00    0.00    0.00   48.39

07時01分30秒  CPU    %usr   %nice    %sys %iowait    %irq   %soft  %steal  %guest  %gnice   %idle
07時01分31秒    0   39.78    0.00   26.88    0.00    0.00    6.45    0.00    0.00    0.00   26.88
07時01分31秒    1   31.87    0.00   19.78    0.00    0.00    2.20    0.00    0.00    0.00   46.15

07時01分31秒  CPU    %usr   %nice    %sys %iowait    %irq   %soft  %steal  %guest  %gnice   %idle
07時01分32秒    0   36.56    0.00   31.18    0.00    0.00    7.53    0.00    0.00    0.00   24.73
07時01分32秒    1   34.44    0.00   15.56    0.00    0.00    2.22    0.00    0.00    0.00   47.78

07時01分32秒  CPU    %usr   %nice    %sys %iowait    %irq   %soft  %steal  %guest  %gnice   %idle
07時01分33秒    0   38.20    0.00   30.34    0.00    0.00    6.74    0.00    0.00    0.00   24.72
07時01分33秒    1   32.95    0.00   17.05    0.00    0.00    1.14    0.00    0.00    0.00   48.86

07時01分33秒  CPU    %usr   %nice    %sys %iowait    %irq   %soft  %steal  %guest  %gnice   %idle
07時01分34秒    0   38.04    0.00   27.17    0.00    0.00    6.52    0.00    0.00    0.00   28.26
07時01分34秒    1   30.77    0.00   16.48    0.00    0.00    2.20    0.00    0.00    0.00   50.55

07時01分34秒  CPU    %usr   %nice    %sys %iowait    %irq   %soft  %steal  %guest  %gnice   %idle
07時01分35秒    0   39.36    0.00   27.66    0.00    0.00    6.38    0.00    0.00    0.00   26.60
07時01分35秒    1   33.70    0.00   15.22    0.00    0.00    2.17    0.00    0.00    0.00   48.91

07時01分35秒  CPU    %usr   %nice    %sys %iowait    %irq   %soft  %steal  %guest  %gnice   %idle
07時01分36秒    0   38.04    0.00   29.35    0.00    0.00    6.52    0.00    0.00    0.00   26.09
07時01分36秒    1   31.87    0.00   17.58    0.00    0.00    2.20    0.00    0.00    0.00   48.35

07時01分36秒  CPU    %usr   %nice    %sys %iowait    %irq   %soft  %steal  %guest  %gnice   %idle
07時01分37秒    0   35.11    0.00   30.85    0.00    0.00    7.45    0.00    0.00    0.00   26.60
07時01分37秒    1   30.00    0.00   18.89    0.00    0.00    1.11    0.00    0.00    0.00   50.00

07時01分37秒  CPU    %usr   %nice    %sys %iowait    %irq   %soft  %steal  %guest  %gnice   %idle
07時01分38秒    0   36.56    0.00   30.11    0.00    0.00    6.45    0.00    0.00    0.00   26.88
07時01分38秒    1   33.70    0.00   14.13    0.00    0.00    2.17    0.00    0.00    0.00   50.00

07時01分38秒  CPU    %usr   %nice    %sys %iowait    %irq   %soft  %steal  %guest  %gnice   %idle
07時01分39秒    0   31.18    0.00   33.33    0.00    0.00    6.45    0.00    0.00    0.00   29.03
07時01分39秒    1   31.87    0.00   15.38    0.00    0.00    2.20    0.00    0.00    0.00   50.55

07時01分39秒  CPU    %usr   %nice    %sys %iowait    %irq   %soft  %steal  %guest  %gnice   %idle
07時01分40秒    0   38.71    0.00   27.96    0.00    0.00    6.45    0.00    0.00    0.00   26.88
07時01分40秒    1   34.78    0.00   14.13    0.00    0.00    2.17    0.00    0.00    0.00   48.91

07時01分40秒  CPU    %usr   %nice    %sys %iowait    %irq   %soft  %steal  %guest  %gnice   %idle
07時01分41秒    0   31.18    0.00   36.56    0.00    0.00    6.45    0.00    0.00    0.00   25.81
07時01分41秒    1   30.34    0.00   17.98    0.00    0.00    2.25    0.00    0.00    0.00   49.44

07時01分41秒  CPU    %usr   %nice    %sys %iowait    %irq   %soft  %steal  %guest  %gnice   %idle
07時01分42秒    0   39.13    0.00   27.17    0.00    0.00    6.52    0.00    0.00    0.00   27.17
07時01分42秒    1   32.97    0.00   15.38    0.00    0.00    1.10    0.00    0.00    0.00   50.55

07時01分42秒  CPU    %usr   %nice    %sys %iowait    %irq   %soft  %steal  %guest  %gnice   %idle
07時01分43秒    0   32.98    0.00   30.85    0.00    0.00    6.38    0.00    0.00    0.00   29.79
07時01分43秒    1   31.52    0.00   15.22    0.00    0.00    2.17    0.00    0.00    0.00   51.09

07時01分43秒  CPU    %usr   %nice    %sys %iowait    %irq   %soft  %steal  %guest  %gnice   %idle
07時01分44秒    0   36.56    0.00   31.18    0.00    0.00    6.45    0.00    0.00    0.00   25.81
07時01分44秒    1   32.97    0.00   16.48    0.00    0.00    2.20    0.00    0.00    0.00   48.35

07時01分44秒  CPU    %usr   %nice    %sys %iowait    %irq   %soft  %steal  %guest  %gnice   %idle
07時01分45秒    0   38.30    0.00   28.72    0.00    0.00    7.45    0.00    0.00    0.00   25.53
07時01分45秒    1   31.52    0.00   17.39    0.00    0.00    2.17    0.00    0.00    0.00   48.91

07時01分45秒  CPU    %usr   %nice    %sys %iowait    %irq   %soft  %steal  %guest  %gnice   %idle
07時01分46秒    0   40.66    0.00   26.37    0.00    0.00    6.59    0.00    0.00    0.00   26.37
07時01分46秒    1   35.87    0.00   16.30    0.00    0.00    1.09    0.00    0.00    0.00   46.74

07時01分46秒  CPU    %usr   %nice    %sys %iowait    %irq   %soft  %steal  %guest  %gnice   %idle
07時01分47秒    0   38.71    0.00   25.81    0.00    0.00    6.45    0.00    0.00    0.00   29.03
07時01分47秒    1   28.89    0.00   16.67    0.00    0.00    2.22    0.00    0.00    0.00   52.22

07時01分47秒  CPU    %usr   %nice    %sys %iowait    %irq   %soft  %steal  %guest  %gnice   %idle
07時01分48秒    0   39.36    0.00   25.53    0.00    1.06    6.38    0.00    0.00    0.00   27.66
07時01分48秒    1   29.67    0.00   17.58    0.00    0.00    2.20    0.00    0.00    0.00   50.55

07時01分48秒  CPU    %usr   %nice    %sys %iowait    %irq   %soft  %steal  %guest  %gnice   %idle
07時01分49秒    0   39.13    0.00   29.35    0.00    0.00    6.52    0.00    0.00    0.00   25.00
07時01分49秒    1   32.61    0.00   16.30    0.00    1.09    2.17    0.00    0.00    0.00   47.83

07時01分49秒  CPU    %usr   %nice    %sys %iowait    %irq   %soft  %steal  %guest  %gnice   %idle
07時01分50秒    0   40.86    0.00   27.96    0.00    0.00    6.45    0.00    0.00    0.00   24.73
07時01分50秒    1   33.33    0.00   17.78    0.00    0.00    1.11    0.00    0.00    0.00   47.78

07時01分50秒  CPU    %usr   %nice    %sys %iowait    %irq   %soft  %steal  %guest  %gnice   %idle
07時01分51秒    0   36.56    0.00   29.03    0.00    0.00    6.45    0.00    0.00    0.00   27.96
07時01分51秒    1   31.18    0.00   16.13    0.00    0.00    2.15    0.00    0.00    0.00   50.54

07時01分51秒  CPU    %usr   %nice    %sys %iowait    %irq   %soft  %steal  %guest  %gnice   %idle
07時01分52秒    0   38.04    0.00   29.35    0.00    0.00    7.61    0.00    0.00    0.00   25.00
07時01分52秒    1   31.87    0.00   17.58    0.00    0.00    2.20    0.00    0.00    0.00   48.35

07時01分52秒  CPU    %usr   %nice    %sys %iowait    %irq   %soft  %steal  %guest  %gnice   %idle
07時01分53秒    0   39.36    0.00   29.79    0.00    0.00    6.38    0.00    0.00    0.00   24.47
07時01分53秒    1   32.97    0.00   16.48    0.00    0.00    2.20    0.00    0.00    0.00   48.35

07時01分53秒  CPU    %usr   %nice    %sys %iowait    %irq   %soft  %steal  %guest  %gnice   %idle
07時01分54秒    0   38.95    0.00   29.47    0.00    0.00    6.32    0.00    0.00    0.00   25.26
07時01分54秒    1   33.33    0.00   15.56    0.00    0.00    1.11    0.00    0.00    0.00   50.00

07時01分54秒  CPU    %usr   %nice    %sys %iowait    %irq   %soft  %steal  %guest  %gnice   %idle
07時01分55秒    0   39.13    0.00   26.09    0.00    0.00    6.52    0.00    0.00    0.00   28.26
07時01分55秒    1   33.33    0.00   15.05    0.00    0.00    2.15    0.00    0.00    0.00   49.46

07時01分55秒  CPU    %usr   %nice    %sys %iowait    %irq   %soft  %steal  %guest  %gnice   %idle
07時01分56秒    0   39.78    0.00   29.03    0.00    0.00    7.53    0.00    0.00    0.00   23.66
07時01分56秒    1   37.78    0.00   13.33    0.00    0.00    2.22    0.00    0.00    0.00   46.67

07時01分56秒  CPU    %usr   %nice    %sys %iowait    %irq   %soft  %steal  %guest  %gnice   %idle
07時01分57秒    0   39.13    0.00   31.52    0.00    0.00    6.52    0.00    0.00    0.00   22.83
07時01分57秒    1   30.43    0.00   21.74    0.00    0.00    2.17    0.00    0.00    0.00   45.65

07時01分57秒  CPU    %usr   %nice    %sys %iowait    %irq   %soft  %steal  %guest  %gnice   %idle
07時01分58秒    0   38.71    0.00   30.11    0.00    0.00    7.53    0.00    0.00    0.00   23.66
07時01分58秒    1   34.78    0.00   15.22    0.00    0.00    2.17    0.00    0.00    0.00   47.83

07時01分58秒  CPU    %usr   %nice    %sys %iowait    %irq   %soft  %steal  %guest  %gnice   %idle
07時01分59秒    0   41.49    0.00   26.60    0.00    0.00    6.38    0.00    0.00    0.00   25.53
07時01分59秒    1   31.11    0.00   17.78    0.00    0.00    1.11    0.00    0.00    0.00   50.00

07時01分59秒  CPU    %usr   %nice    %sys %iowait    %irq   %soft  %steal  %guest  %gnice   %idle
07時02分00秒    0   43.62    0.00   25.53    0.00    0.00    6.38    0.00    0.00    0.00   24.47
07時02分00秒    1   34.07    0.00   15.38    0.00    0.00    2.20    0.00    0.00    0.00   48.35

07時02分00秒  CPU    %usr   %nice    %sys %iowait    %irq   %soft  %steal  %guest  %gnice   %idle
07時02分01秒    0   39.13    0.00   27.17    0.00    0.00    6.52    0.00    0.00    0.00   27.17
07時02分01秒    1   30.77    0.00   17.58    0.00    0.00    2.20    0.00    0.00    0.00   49.45

07時02分01秒  CPU    %usr   %nice    %sys %iowait    %irq   %soft  %steal  %guest  %gnice   %idle
07時02分02秒    0   34.78    0.00   30.43    0.00    0.00    6.52    0.00    0.00    0.00   28.26
07時02分02秒    1   30.77    0.00   15.38    0.00    0.00    2.20    0.00    0.00    0.00   51.65

07時02分02秒  CPU    %usr   %nice    %sys %iowait    %irq   %soft  %steal  %guest  %gnice   %idle
07時02分03秒    0   35.48    0.00   32.26    0.00    0.00    7.53    0.00    0.00    0.00   24.73
07時02分03秒    1   31.87    0.00   17.58    0.00    0.00    2.20    0.00    0.00    0.00   48.35

07時02分03秒  CPU    %usr   %nice    %sys %iowait    %irq   %soft  %steal  %guest  %gnice   %idle
07時02分04秒    0   37.23    0.00   29.79    0.00    0.00    6.38    0.00    0.00    0.00   26.60
07時02分04秒    1   39.56    0.00   10.99    0.00    0.00    1.10    0.00    0.00    0.00   48.35

07時02分04秒  CPU    %usr   %nice    %sys %iowait    %irq   %soft  %steal  %guest  %gnice   %idle
07時02分05秒    0   37.63    0.00   29.03    0.00    0.00    6.45    0.00    0.00    0.00   26.88
07時02分05秒    1   35.96    0.00   10.11    0.00    0.00    2.25    0.00    0.00    0.00   51.69

07時02分05秒  CPU    %usr   %nice    %sys %iowait    %irq   %soft  %steal  %guest  %gnice   %idle
07時02分06秒    0   37.89    0.00   29.47    0.00    1.05    6.32    0.00    0.00    0.00   25.26
07時02分06秒    1   30.00    0.00   17.78    0.00    0.00    2.22    0.00    0.00    0.00   50.00

07時02分06秒  CPU    %usr   %nice    %sys %iowait    %irq   %soft  %steal  %guest  %gnice   %idle
07時02分07秒    0   38.04    0.00   29.35    0.00    0.00    6.52    0.00    0.00    0.00   26.09
07時02分07秒    1   31.11    0.00   16.67    0.00    0.00    2.22    0.00    0.00    0.00   50.00

07時02分07秒  CPU    %usr   %nice    %sys %iowait    %irq   %soft  %steal  %guest  %gnice   %idle
07時02分08秒    0   40.00    0.00   28.42    0.00    0.00    7.37    0.00    0.00    0.00   24.21
07時02分08秒    1   34.78    0.00   16.30    0.00    0.00    1.09    0.00    0.00    0.00   47.83

07時02分08秒  CPU    %usr   %nice    %sys %iowait    %irq   %soft  %steal  %guest  %gnice   %idle
07時02分09秒    0   37.63    0.00   30.11    0.00    0.00    6.45    0.00    0.00    0.00   25.81
07時02分09秒    1   30.43    0.00   18.48    0.00    0.00    2.17    0.00    0.00    0.00   48.91

07時02分09秒  CPU    %usr   %nice    %sys %iowait    %irq   %soft  %steal  %guest  %gnice   %idle
07時02分10秒    0   36.56    0.00   29.03    0.00    0.00    6.45    0.00    0.00    0.00   27.96
07時02分10秒    1   31.11    0.00   15.56    0.00    0.00    2.22    0.00    0.00    0.00   51.11

07時02分10秒  CPU    %usr   %nice    %sys %iowait    %irq   %soft  %steal  %guest  %gnice   %idle
07時02分11秒    0   37.23    0.00   31.91    0.00    0.00    6.38    0.00    0.00    0.00   24.47
07時02分11秒    1   30.34    0.00   17.98    0.00    0.00    2.25    0.00    0.00    0.00   49.44

07時02分11秒  CPU    %usr   %nice    %sys %iowait    %irq   %soft  %steal  %guest  %gnice   %idle
07時02分12秒    0   36.56    0.00   30.11    0.00    0.00    6.45    0.00    0.00    0.00   26.88
07時02分12秒    1   32.22    0.00   16.67    0.00    0.00    1.11    0.00    0.00    0.00   50.00

07時02分12秒  CPU    %usr   %nice    %sys %iowait    %irq   %soft  %steal  %guest  %gnice   %idle
07時02分13秒    0   44.21    0.00   23.16    0.00    0.00    7.37    0.00    0.00    0.00   25.26
07時02分13秒    1   34.41    0.00   16.13    0.00    0.00    2.15    0.00    0.00    0.00   47.31

07時02分13秒  CPU    %usr   %nice    %sys %iowait    %irq   %soft  %steal  %guest  %gnice   %idle
07時02分14秒    0   35.11    0.00   32.98    0.00    0.00    6.38    0.00    0.00    0.00   25.53
07時02分14秒    1   34.44    0.00   13.33    0.00    0.00    2.22    0.00    0.00    0.00   50.00

07時02分14秒  CPU    %usr   %nice    %sys %iowait    %irq   %soft  %steal  %guest  %gnice   %idle
07時02分15秒    0   42.55    0.00   26.60    0.00    0.00    6.38    0.00    0.00    0.00   24.47
07時02分15秒    1   33.70    0.00   16.30    0.00    0.00    2.17    0.00    0.00    0.00   47.83

07時02分15秒  CPU    %usr   %nice    %sys %iowait    %irq   %soft  %steal  %guest  %gnice   %idle
07時02分16秒    0   42.11    0.00   27.37    0.00    0.00    7.37    0.00    0.00    0.00   23.16
07時02分16秒    1   34.78    0.00   14.13    0.00    1.09    2.17    0.00    0.00    0.00   47.83

07時02分16秒  CPU    %usr   %nice    %sys %iowait    %irq   %soft  %steal  %guest  %gnice   %idle
07時02分17秒    0   34.78    0.00   31.52    0.00    0.00    6.52    0.00    0.00    0.00   27.17
07時02分17秒    1   32.61    0.00   16.30    0.00    0.00    1.09    0.00    0.00    0.00   50.00

07時02分17秒  CPU    %usr   %nice    %sys %iowait    %irq   %soft  %steal  %guest  %gnice   %idle
07時02分18秒    0   40.43    0.00   27.66    0.00    0.00    6.38    0.00    0.00    0.00   25.53
07時02分18秒    1   35.56    0.00   13.33    0.00    0.00    2.22    0.00    0.00    0.00   48.89

07時02分18秒  CPU    %usr   %nice    %sys %iowait    %irq   %soft  %steal  %guest  %gnice   %idle
07時02分19秒    0   40.86    0.00   29.03    0.00    0.00    6.45    0.00    0.00    0.00   23.66
07時02分19秒    1   35.87    0.00   15.22    0.00    0.00    2.17    0.00    0.00    0.00   46.74

07時02分19秒  CPU    %usr   %nice    %sys %iowait    %irq   %soft  %steal  %guest  %gnice   %idle
07時02分20秒    0   38.30    0.00   28.72    0.00    0.00    6.38    0.00    0.00    0.00   26.60
07時02分20秒    1   34.07    0.00   14.29    0.00    0.00    2.20    0.00    0.00    0.00   49.45

07時02分20秒  CPU    %usr   %nice    %sys %iowait    %irq   %soft  %steal  %guest  %gnice   %idle
07時02分21秒    0   36.67    0.00   26.67    0.00    0.00    7.78    0.00    0.00    0.00   28.89
07時02分21秒    1   32.58    0.00   14.61    0.00    0.00    1.12    0.00    0.00    0.00   51.69

07時02分21秒  CPU    %usr   %nice    %sys %iowait    %irq   %soft  %steal  %guest  %gnice   %idle
07時02分22秒    0   37.89    0.00   32.63    0.00    0.00    6.32    0.00    0.00    0.00   23.16
07時02分22秒    1   35.48    0.00   16.13    0.00    1.08    2.15    0.00    0.00    0.00   45.16

07時02分22秒  CPU    %usr   %nice    %sys %iowait    %irq   %soft  %steal  %guest  %gnice   %idle
07時02分23秒    0   39.13    0.00   30.43    0.00    0.00    6.52    0.00    0.00    0.00   23.91
07時02分23秒    1   31.52    0.00   19.57    0.00    0.00    2.17    0.00    0.00    0.00   46.74

07時02分23秒  CPU    %usr   %nice    %sys %iowait    %irq   %soft  %steal  %guest  %gnice   %idle
07時02分24秒    0   36.17    0.00   30.85    0.00    0.00    7.45    0.00    0.00    0.00   25.53
07時02分24秒    1   29.67    0.00   18.68    0.00    0.00    2.20    0.00    0.00    0.00   49.45

07時02分24秒  CPU    %usr   %nice    %sys %iowait    %irq   %soft  %steal  %guest  %gnice   %idle
07時02分25秒    0   36.84    0.00   31.58    0.00    1.05    6.32    0.00    0.00    0.00   24.21
07時02分25秒    1   34.44    0.00   14.44    0.00    0.00    2.22    0.00    0.00    0.00   48.89

07時02分25秒  CPU    %usr   %nice    %sys %iowait    %irq   %soft  %steal  %guest  %gnice   %idle
07時02分26秒    0   36.96    0.00   31.52    0.00    0.00    6.52    0.00    0.00    0.00   25.00
07時02分26秒    1   31.87    0.00   19.78    0.00    0.00    1.10    0.00    0.00    0.00   47.25

07時02分26秒  CPU    %usr   %nice    %sys %iowait    %irq   %soft  %steal  %guest  %gnice   %idle
07時02分27秒    0   38.71    0.00   29.03    0.00    0.00    6.45    0.00    0.00    0.00   25.81
07時02分27秒    1   34.41    0.00   15.05    0.00    0.00    2.15    0.00    0.00    0.00   48.39

07時02分27秒  CPU    %usr   %nice    %sys %iowait    %irq   %soft  %steal  %guest  %gnice   %idle
07時02分28秒    0   37.63    0.00   31.18    0.00    0.00    7.53    0.00    0.00    0.00   23.66
07時02分28秒    1   35.16    0.00   14.29    0.00    0.00    2.20    0.00    0.00    0.00   48.35

07時02分28秒  CPU    %usr   %nice    %sys %iowait    %irq   %soft  %steal  %guest  %gnice   %idle
07時02分29秒    0   41.05    0.00   28.42    0.00    0.00    6.32    0.00    0.00    0.00   24.21
07時02分29秒    1   34.44    0.00   20.00    0.00    0.00    2.22    0.00    0.00    0.00   43.33

07時02分29秒  CPU    %usr   %nice    %sys %iowait    %irq   %soft  %steal  %guest  %gnice   %idle
07時02分30秒    0   41.76    0.00   25.27    0.00    0.00    6.59    0.00    0.00    0.00   26.37
07時02分30秒    1   31.46    0.00   17.98    0.00    0.00    2.25    0.00    0.00    0.00   48.31

07時02分30秒  CPU    %usr   %nice    %sys %iowait    %irq   %soft  %steal  %guest  %gnice   %idle
07時02分31秒    0   36.17    0.00   30.85    0.00    0.00    7.45    0.00    0.00    0.00   25.53
07時02分31秒    1   31.87    0.00   18.68    0.00    0.00    1.10    0.00    0.00    0.00   48.35

07時02分31秒  CPU    %usr   %nice    %sys %iowait    %irq   %soft  %steal  %guest  %gnice   %idle
07時02分32秒    0   39.78    0.00   26.88    0.00    0.00    6.45    0.00    0.00    0.00   26.88
07時02分32秒    1   33.33    0.00   15.56    0.00    0.00    2.22    0.00    0.00    0.00   48.89

07時02分32秒  CPU    %usr   %nice    %sys %iowait    %irq   %soft  %steal  %guest  %gnice   %idle
07時02分33秒    0   40.86    0.00   27.96    0.00    0.00    6.45    0.00    0.00    0.00   24.73
07時02分33秒    1   31.11    0.00   22.22    0.00    0.00    2.22    0.00    0.00    0.00   44.44

07時02分33秒  CPU    %usr   %nice    %sys %iowait    %irq   %soft  %steal  %guest  %gnice   %idle
07時02分34秒    0   38.30    0.00   30.85    0.00    0.00    7.45    0.00    0.00    0.00   23.40
07時02分34秒    1   30.34    0.00   25.84    0.00    0.00    2.25    0.00    0.00    0.00   41.57

07時02分34秒  CPU    %usr   %nice    %sys %iowait    %irq   %soft  %steal  %guest  %gnice   %idle
07時02分35秒    0   35.56    0.00   30.00    0.00    0.00    6.67    0.00    0.00    0.00   27.78
07時02分35秒    1   33.71    0.00   14.61    0.00    0.00    2.25    0.00    0.00    0.00   49.44

07時02分35秒  CPU    %usr   %nice    %sys %iowait    %irq   %soft  %steal  %guest  %gnice   %idle
07時02分36秒    0   31.52    0.00   33.70    0.00    0.00    6.52    0.00    0.00    0.00   28.26
07時02分36秒    1   31.11    0.00   15.56    0.00    0.00    2.22    0.00    0.00    0.00   51.11

07時02分36秒  CPU    %usr   %nice    %sys %iowait    %irq   %soft  %steal  %guest  %gnice   %idle
07時02分37秒    0   36.84    0.00   30.53    0.00    0.00    6.32    0.00    0.00    0.00   26.32
07時02分37秒    1   32.22    0.00   15.56    0.00    0.00    1.11    0.00    0.00    0.00   51.11

07時02分37秒  CPU    %usr   %nice    %sys %iowait    %irq   %soft  %steal  %guest  %gnice   %idle
07時02分38秒    0   39.56    0.00   27.47    0.00    0.00    6.59    0.00    0.00    0.00   26.37
07時02分38秒    1   36.26    0.00   13.19    0.00    0.00    2.20    0.00    0.00    0.00   48.35

07時02分38秒  CPU    %usr   %nice    %sys %iowait    %irq   %soft  %steal  %guest  %gnice   %idle
07時02分39秒    0   35.79    0.00   33.68    0.00    0.00    6.32    0.00    0.00    0.00   24.21
07時02分39秒    1   35.16    0.00   14.29    0.00    0.00    2.20    0.00    0.00    0.00   48.35

07時02分39秒  CPU    %usr   %nice    %sys %iowait    %irq   %soft  %steal  %guest  %gnice   %idle
07時02分40秒    0   35.48    0.00   30.11    0.00    0.00    7.53    0.00    0.00    0.00   26.88
07時02分40秒    1   32.61    0.00   16.30    0.00    0.00    2.17    0.00    0.00    0.00   48.91

07時02分40秒  CPU    %usr   %nice    %sys %iowait    %irq   %soft  %steal  %guest  %gnice   %idle
07時02分41秒    0   35.87    0.00   31.52    0.00    0.00    6.52    0.00    0.00    0.00   26.09
07時02分41秒    1   35.48    0.00   15.05    0.00    0.00    2.15    0.00    0.00    0.00   47.31

07時02分41秒  CPU    %usr   %nice    %sys %iowait    %irq   %soft  %steal  %guest  %gnice   %idle
07時02分42秒    0   38.71    0.00   27.96    0.00    0.00    6.45    0.00    0.00    0.00   26.88
07時02分42秒    1   26.97    0.00   25.84    0.00    0.00    1.12    0.00    0.00    0.00   46.07

07時02分42秒  CPU    %usr   %nice    %sys %iowait    %irq   %soft  %steal  %guest  %gnice   %idle
07時02分43秒    0   37.89    0.00   29.47    0.00    1.05    6.32    0.00    0.00    0.00   25.26
07時02分43秒    1   35.23    0.00   18.18    0.00    0.00    2.27    0.00    0.00    0.00   44.32

07時02分43秒  CPU    %usr   %nice    %sys %iowait    %irq   %soft  %steal  %guest  %gnice   %idle
07時02分44秒    0   38.71    0.00   31.18    0.00    0.00    7.53    0.00    0.00    0.00   22.58
07時02分44秒    1   30.00    0.00   25.56    0.00    0.00    2.22    0.00    0.00    0.00   42.22

07時02分44秒  CPU    %usr   %nice    %sys %iowait    %irq   %soft  %steal  %guest  %gnice   %idle
07時02分45秒    0   39.36    0.00   29.79    0.00    0.00    6.38    0.00    0.00    0.00   24.47
07時02分45秒    1   28.89    0.00   24.44    0.00    0.00    2.22    0.00    0.00    0.00   44.44

07時02分45秒  CPU    %usr   %nice    %sys %iowait    %irq   %soft  %steal  %guest  %gnice   %idle
07時02分46秒    0   38.30    0.00   27.66    0.00    0.00    6.38    0.00    0.00    0.00   27.66
07時02分46秒    1   33.70    0.00   14.13    0.00    0.00    2.17    0.00    0.00    0.00   50.00

07時02分46秒  CPU    %usr   %nice    %sys %iowait    %irq   %soft  %steal  %guest  %gnice   %idle
07時02分47秒    0   37.23    0.00   31.91    0.00    0.00    7.45    0.00    0.00    0.00   23.40
07時02分47秒    1   32.61    0.00   18.48    0.00    0.00    2.17    0.00    0.00    0.00   46.74

07時02分47秒  CPU    %usr   %nice    %sys %iowait    %irq   %soft  %steal  %guest  %gnice   %idle
07時02分48秒    0   38.20    0.00   28.09    0.00    0.00    6.74    0.00    0.00    0.00   26.97
07時02分48秒    1   31.87    0.00   17.58    0.00    0.00    1.10    0.00    0.00    0.00   49.45

07時02分48秒  CPU    %usr   %nice    %sys %iowait    %irq   %soft  %steal  %guest  %gnice   %idle
07時02分49秒    0   40.22    0.00   28.26    0.00    0.00    6.52    0.00    0.00    0.00   25.00
07時02分49秒    1   37.63    0.00   11.83    0.00    1.08    2.15    0.00    0.00    0.00   47.31

07時02分49秒  CPU    %usr   %nice    %sys %iowait    %irq   %soft  %steal  %guest  %gnice   %idle
07時02分50秒    0   35.48    0.00   31.18    0.00    0.00    6.45    0.00    0.00    0.00   26.88
07時02分50秒    1   35.16    0.00   14.29    0.00    0.00    2.20    0.00    0.00    0.00   48.35

07時02分50秒  CPU    %usr   %nice    %sys %iowait    %irq   %soft  %steal  %guest  %gnice   %idle
07時02分51秒    0   41.49    0.00   23.40    0.00    0.00    7.45    0.00    0.00    0.00   27.66
07時02分51秒    1   31.46    0.00   14.61    0.00    0.00    2.25    0.00    0.00    0.00   51.69

07時02分51秒  CPU    %usr   %nice    %sys %iowait    %irq   %soft  %steal  %guest  %gnice   %idle
07時02分52秒    0   36.84    0.00   31.58    0.00    0.00    6.32    0.00    0.00    0.00   25.26
07時02分52秒    1   30.11    0.00   19.35    0.00    0.00    2.15    0.00    0.00    0.00   48.39

07時02分52秒  CPU    %usr   %nice    %sys %iowait    %irq   %soft  %steal  %guest  %gnice   %idle
07時02分53秒    0   45.16    0.00   23.66    0.00    0.00    6.45    0.00    0.00    0.00   24.73
07時02分53秒    1   33.33    0.00   16.67    0.00    0.00    1.11    0.00    0.00    0.00   48.89

07時02分53秒  CPU    %usr   %nice    %sys %iowait    %irq   %soft  %steal  %guest  %gnice   %idle
07時02分54秒    0   38.46    0.00   27.47    0.00    0.00    6.59    0.00    0.00    0.00   27.47
07時02分54秒    1   32.97    0.00   15.38    0.00    0.00    2.20    0.00    0.00    0.00   49.45

07時02分54秒  CPU    %usr   %nice    %sys %iowait    %irq   %soft  %steal  %guest  %gnice   %idle
07時02分55秒    0   41.49    0.00   28.72    0.00    0.00    7.45    0.00    0.00    0.00   22.34
07時02分55秒    1   35.16    0.00   15.38    0.00    0.00    2.20    0.00    0.00    0.00   47.25

07時02分55秒  CPU    %usr   %nice    %sys %iowait    %irq   %soft  %steal  %guest  %gnice   %idle
07時02分56秒    0   42.86    0.00   27.47    0.00    0.00    6.59    0.00    0.00    0.00   23.08
07時02分56秒    1   34.44    0.00   16.67    0.00    0.00    2.22    0.00    0.00    0.00   46.67

07時02分56秒  CPU    %usr   %nice    %sys %iowait    %irq   %soft  %steal  %guest  %gnice   %idle
07時02分57秒    0   40.00    0.00   28.42    0.00    0.00    7.37    0.00    0.00    0.00   24.21
07時02分57秒    1   32.61    0.00   17.39    0.00    0.00    2.17    0.00    0.00    0.00   47.83

07時02分57秒  CPU    %usr   %nice    %sys %iowait    %irq   %soft  %steal  %guest  %gnice   %idle
07時02分58秒    0   40.22    0.00   27.17    0.00    0.00    6.52    0.00    0.00    0.00   26.09
07時02分58秒    1   31.87    0.00   20.88    0.00    0.00    1.10    0.00    0.00    0.00   46.15

07時02分58秒  CPU    %usr   %nice    %sys %iowait    %irq   %soft  %steal  %guest  %gnice   %idle
07時02分59秒    0   40.66    0.00   27.47    0.00    0.00    6.59    0.00    0.00    0.00   25.27
07時02分59秒    1   35.63    0.00   16.09    0.00    0.00    2.30    0.00    0.00    0.00   45.98

07時02分59秒  CPU    %usr   %nice    %sys %iowait    %irq   %soft  %steal  %guest  %gnice   %idle
07時03分00秒    0   41.94    0.00   25.81    0.00    0.00    6.45    0.00    0.00    0.00   25.81
07時03分00秒    1   34.83    0.00   17.98    0.00    0.00    2.25    0.00    0.00    0.00   44.94

07時03分00秒  CPU    %usr   %nice    %sys %iowait    %irq   %soft  %steal  %guest  %gnice   %idle
07時03分01秒    0   36.84    0.00   31.58    0.00    0.00    7.37    0.00    0.00    0.00   24.21
07時03分01秒    1   32.97    0.00   21.98    0.00    0.00    2.20    0.00    0.00    0.00   42.86

07時03分01秒  CPU    %usr   %nice    %sys %iowait    %irq   %soft  %steal  %guest  %gnice   %idle
07時03分02秒    0   37.63    0.00   27.96    0.00    1.08    6.45    0.00    0.00    0.00   26.88
07時03分02秒    1   34.44    0.00   18.89    0.00    0.00    2.22    0.00    0.00    0.00   44.44

07時03分02秒  CPU    %usr   %nice    %sys %iowait    %irq   %soft  %steal  %guest  %gnice   %idle
07時03分03秒    0   37.23    0.00   30.85    0.00    0.00    6.38    0.00    0.00    0.00   25.53
07時03分03秒    1   35.56    0.00   14.44    0.00    0.00    2.22    0.00    0.00    0.00   47.78

07時03分03秒  CPU    %usr   %nice    %sys %iowait    %irq   %soft  %steal  %guest  %gnice   %idle
07時03分04秒    0   41.49    0.00   25.53    0.00    0.00    7.45    0.00    0.00    0.00   25.53
07時03分04秒    1   29.67    0.00   19.78    0.00    0.00    2.20    0.00    0.00    0.00   48.35

平均時間：  CPU    %usr   %nice    %sys %iowait    %irq   %soft  %steal  %guest  %gnice   %idle
平均時間：    0   38.26    0.00   29.16    0.00    0.06    6.69    0.00    0.00    0.00   25.82
平均時間：    1   32.91    0.00   16.72    0.00    0.05    2.00    0.00    0.00    0.00   48.33
