Linux 5.6.15-arch1-1 (archlinux) 	西元2020年06月29日 	_x86_64_	(12 CPU)

07時06分18秒  CPU    %usr   %nice    %sys %iowait    %irq   %soft  %steal  %guest  %gnice   %idle
07時06分19秒    0   45.26    0.00   32.63    0.00    0.00    7.37    0.00    0.00    0.00   14.74
07時06分19秒    1   32.61    0.00   16.30    0.00    0.00    2.17    0.00    0.00    0.00   48.91

07時06分19秒  CPU    %usr   %nice    %sys %iowait    %irq   %soft  %steal  %guest  %gnice   %idle
07時06分20秒    0   46.88    0.00   33.33    0.00    0.00    6.25    0.00    0.00    0.00   13.54
07時06分20秒    1   31.52    0.00   18.48    0.00    1.09    2.17    0.00    0.00    0.00   46.74

07時06分20秒  CPU    %usr   %nice    %sys %iowait    %irq   %soft  %steal  %guest  %gnice   %idle
07時06分21秒    0   44.33    0.00   36.08    0.00    0.00    7.22    0.00    0.00    0.00   12.37
07時06分21秒    1   36.96    0.00   15.22    0.00    0.00    1.09    0.00    0.00    0.00   46.74

07時06分21秒  CPU    %usr   %nice    %sys %iowait    %irq   %soft  %steal  %guest  %gnice   %idle
07時06分22秒    0   47.42    0.00   35.05    0.00    0.00    6.19    0.00    0.00    0.00   11.34
07時06分22秒    1   32.97    0.00   17.58    0.00    0.00    2.20    0.00    0.00    0.00   47.25

07時06分22秒  CPU    %usr   %nice    %sys %iowait    %irq   %soft  %steal  %guest  %gnice   %idle
07時06分23秒    0   50.52    0.00   29.90    0.00    0.00    7.22    0.00    0.00    0.00   12.37
07時06分23秒    1   32.61    0.00   18.48    0.00    0.00    2.17    0.00    0.00    0.00   46.74

07時06分23秒  CPU    %usr   %nice    %sys %iowait    %irq   %soft  %steal  %guest  %gnice   %idle
07時06分24秒    0   49.47    0.00   30.53    0.00    0.00    6.32    0.00    0.00    0.00   13.68
07時06分24秒    1   33.70    0.00   15.22    0.00    0.00    2.17    0.00    0.00    0.00   48.91

07時06分24秒  CPU    %usr   %nice    %sys %iowait    %irq   %soft  %steal  %guest  %gnice   %idle
07時06分25秒    0   46.39    0.00   31.96    0.00    0.00    6.19    0.00    0.00    0.00   15.46
07時06分25秒    1   32.97    0.00   16.48    0.00    0.00    2.20    0.00    0.00    0.00   48.35

07時06分25秒  CPU    %usr   %nice    %sys %iowait    %irq   %soft  %steal  %guest  %gnice   %idle
07時06分26秒    0   45.45    0.00   35.35    0.00    0.00    7.07    0.00    0.00    0.00   12.12
07時06分26秒    1   35.87    0.00   15.22    0.00    0.00    2.17    0.00    0.00    0.00   46.74

07時06分26秒  CPU    %usr   %nice    %sys %iowait    %irq   %soft  %steal  %guest  %gnice   %idle
07時06分27秒    0   54.74    0.00   27.37    0.00    0.00    6.32    0.00    0.00    0.00   11.58
07時06分27秒    1   38.71    0.00   13.98    0.00    0.00    1.08    0.00    0.00    0.00   46.24

07時06分27秒  CPU    %usr   %nice    %sys %iowait    %irq   %soft  %steal  %guest  %gnice   %idle
07時06分28秒    0   45.92    0.00   33.67    0.00    0.00    7.14    0.00    0.00    0.00   13.27
07時06分28秒    1   33.33    0.00   15.56    0.00    0.00    2.22    0.00    0.00    0.00   48.89

07時06分28秒  CPU    %usr   %nice    %sys %iowait    %irq   %soft  %steal  %guest  %gnice   %idle
07時06分29秒    0   44.79    0.00   33.33    0.00    0.00    6.25    0.00    0.00    0.00   15.62
07時06分29秒    1   32.61    0.00   15.22    0.00    1.09    2.17    0.00    0.00    0.00   48.91

07時06分29秒  CPU    %usr   %nice    %sys %iowait    %irq   %soft  %steal  %guest  %gnice   %idle
07時06分30秒    0   43.16    0.00   36.84    0.00    0.00    6.32    0.00    0.00    0.00   13.68
07時06分30秒    1   36.96    0.00   14.13    0.00    0.00    2.17    0.00    0.00    0.00   46.74

07時06分30秒  CPU    %usr   %nice    %sys %iowait    %irq   %soft  %steal  %guest  %gnice   %idle
07時06分31秒    0   46.39    0.00   30.93    0.00    1.03    7.22    0.00    0.00    0.00   14.43
07時06分31秒    1   32.97    0.00   16.48    0.00    0.00    1.10    0.00    0.00    0.00   49.45

07時06分31秒  CPU    %usr   %nice    %sys %iowait    %irq   %soft  %steal  %guest  %gnice   %idle
07時06分32秒    0   47.42    0.00   34.02    0.00    0.00    6.19    0.00    0.00    0.00   12.37
07時06分32秒    1   32.97    0.00   17.58    0.00    0.00    2.20    0.00    0.00    0.00   47.25

07時06分32秒  CPU    %usr   %nice    %sys %iowait    %irq   %soft  %steal  %guest  %gnice   %idle
07時06分33秒    0   50.00    0.00   28.12    0.00    0.00    7.29    0.00    0.00    0.00   14.58
07時06分33秒    1   30.77    0.00   18.68    0.00    0.00    2.20    0.00    0.00    0.00   48.35

07時06分33秒  CPU    %usr   %nice    %sys %iowait    %irq   %soft  %steal  %guest  %gnice   %idle
07時06分34秒    0   49.49    0.00   31.31    0.00    0.00    6.06    0.00    0.00    0.00   13.13
07時06分34秒    1   34.41    0.00   17.20    0.00    0.00    2.15    0.00    0.00    0.00   46.24

07時06分34秒  CPU    %usr   %nice    %sys %iowait    %irq   %soft  %steal  %guest  %gnice   %idle
07時06分35秒    0   44.44    0.00   37.37    0.00    0.00    7.07    0.00    0.00    0.00   11.11
07時06分35秒    1   35.16    0.00   15.38    0.00    0.00    2.20    0.00    0.00    0.00   47.25

07時06分35秒  CPU    %usr   %nice    %sys %iowait    %irq   %soft  %steal  %guest  %gnice   %idle
07時06分36秒    0   52.04    0.00   31.63    0.00    0.00    6.12    0.00    0.00    0.00   10.20
07時06分36秒    1   35.48    0.00   17.20    0.00    0.00    2.15    0.00    0.00    0.00   45.16

07時06分36秒  CPU    %usr   %nice    %sys %iowait    %irq   %soft  %steal  %guest  %gnice   %idle
07時06分37秒    0   48.94    0.00   32.98    0.00    0.00    7.45    0.00    0.00    0.00   10.64
07時06分37秒    1   32.22    0.00   17.78    0.00    0.00    2.22    0.00    0.00    0.00   47.78

07時06分37秒  CPU    %usr   %nice    %sys %iowait    %irq   %soft  %steal  %guest  %gnice   %idle
07時06分38秒    0   42.71    0.00   38.54    0.00    0.00    6.25    0.00    0.00    0.00   12.50
07時06分38秒    1   32.22    0.00   17.78    0.00    0.00    1.11    0.00    0.00    0.00   48.89

07時06分38秒  CPU    %usr   %nice    %sys %iowait    %irq   %soft  %steal  %guest  %gnice   %idle
07時06分39秒    0   41.24    0.00   37.11    0.00    0.00    7.22    0.00    0.00    0.00   14.43
07時06分39秒    1   32.22    0.00   16.67    0.00    0.00    2.22    0.00    0.00    0.00   48.89

07時06分39秒  CPU    %usr   %nice    %sys %iowait    %irq   %soft  %steal  %guest  %gnice   %idle
07時06分40秒    0   50.54    0.00   30.11    0.00    0.00    6.45    0.00    0.00    0.00   12.90
07時06分40秒    1   28.89    0.00   20.00    0.00    0.00    2.22    0.00    0.00    0.00   48.89

07時06分40秒  CPU    %usr   %nice    %sys %iowait    %irq   %soft  %steal  %guest  %gnice   %idle
07時06分41秒    0   50.53    0.00   29.47    0.00    0.00    6.32    0.00    0.00    0.00   13.68
07時06分41秒    1   31.87    0.00   17.58    0.00    0.00    2.20    0.00    0.00    0.00   48.35

07時06分41秒  CPU    %usr   %nice    %sys %iowait    %irq   %soft  %steal  %guest  %gnice   %idle
07時06分42秒    0   50.00    0.00   29.59    0.00    0.00    7.14    0.00    0.00    0.00   13.27
07時06分42秒    1   37.36    0.00   13.19    0.00    0.00    1.10    0.00    0.00    0.00   48.35

07時06分42秒  CPU    %usr   %nice    %sys %iowait    %irq   %soft  %steal  %guest  %gnice   %idle
07時06分43秒    0   46.32    0.00   34.74    0.00    0.00    6.32    0.00    0.00    0.00   12.63
07時06分43秒    1   32.97    0.00   17.58    0.00    0.00    2.20    0.00    0.00    0.00   47.25

07時06分43秒  CPU    %usr   %nice    %sys %iowait    %irq   %soft  %steal  %guest  %gnice   %idle
07時06分44秒    0   51.52    0.00   30.30    0.00    0.00    7.07    0.00    0.00    0.00   11.11
07時06分44秒    1   36.17    0.00   17.02    0.00    0.00    2.13    0.00    0.00    0.00   44.68

07時06分44秒  CPU    %usr   %nice    %sys %iowait    %irq   %soft  %steal  %guest  %gnice   %idle
07時06分45秒    0   47.42    0.00   32.99    0.00    0.00    6.19    0.00    0.00    0.00   13.40
07時06分45秒    1   36.56    0.00   13.98    0.00    0.00    2.15    0.00    0.00    0.00   47.31

07時06分45秒  CPU    %usr   %nice    %sys %iowait    %irq   %soft  %steal  %guest  %gnice   %idle
07時06分46秒    0   47.96    0.00   34.69    0.00    0.00    7.14    0.00    0.00    0.00   10.20
07時06分46秒    1   36.26    0.00   17.58    0.00    0.00    2.20    0.00    0.00    0.00   43.96

07時06分46秒  CPU    %usr   %nice    %sys %iowait    %irq   %soft  %steal  %guest  %gnice   %idle
07時06分47秒    0   54.08    0.00   28.57    0.00    0.00    7.14    0.00    0.00    0.00   10.20
07時06分47秒    1   36.26    0.00   15.38    0.00    0.00    2.20    0.00    0.00    0.00   46.15

07時06分47秒  CPU    %usr   %nice    %sys %iowait    %irq   %soft  %steal  %guest  %gnice   %idle
07時06分48秒    0   44.21    0.00   34.74    0.00    1.05    6.32    0.00    0.00    0.00   13.68
07時06分48秒    1   31.11    0.00   17.78    0.00    0.00    1.11    0.00    0.00    0.00   50.00

07時06分48秒  CPU    %usr   %nice    %sys %iowait    %irq   %soft  %steal  %guest  %gnice   %idle
07時06分49秒    0   48.98    0.00   30.61    0.00    0.00    7.14    0.00    0.00    0.00   13.27
07時06分49秒    1   32.22    0.00   16.67    0.00    0.00    2.22    0.00    0.00    0.00   48.89

07時06分49秒  CPU    %usr   %nice    %sys %iowait    %irq   %soft  %steal  %guest  %gnice   %idle
07時06分50秒    0   48.96    0.00   33.33    0.00    0.00    6.25    0.00    0.00    0.00   11.46
07時06分50秒    1   36.26    0.00   15.38    0.00    0.00    2.20    0.00    0.00    0.00   46.15

07時06分50秒  CPU    %usr   %nice    %sys %iowait    %irq   %soft  %steal  %guest  %gnice   %idle
07時06分51秒    0   49.48    0.00   29.90    0.00    0.00    7.22    0.00    0.00    0.00   13.40
07時06分51秒    1   31.87    0.00   16.48    0.00    0.00    2.20    0.00    0.00    0.00   49.45

07時06分51秒  CPU    %usr   %nice    %sys %iowait    %irq   %soft  %steal  %guest  %gnice   %idle
07時06分52秒    0   51.55    0.00   29.90    0.00    0.00    6.19    0.00    0.00    0.00   12.37
07時06分52秒    1   32.97    0.00   17.58    0.00    0.00    2.20    0.00    0.00    0.00   47.25

07時06分52秒  CPU    %usr   %nice    %sys %iowait    %irq   %soft  %steal  %guest  %gnice   %idle
07時06分53秒    0   52.58    0.00   28.87    0.00    0.00    7.22    0.00    0.00    0.00   11.34
07時06分53秒    1   34.07    0.00   18.68    0.00    0.00    1.10    0.00    0.00    0.00   46.15

07時06分53秒  CPU    %usr   %nice    %sys %iowait    %irq   %soft  %steal  %guest  %gnice   %idle
07時06分54秒    0   47.42    0.00   34.02    0.00    0.00    6.19    0.00    0.00    0.00   12.37
07時06分54秒    1   35.16    0.00   15.38    0.00    0.00    2.20    0.00    0.00    0.00   47.25

07時06分54秒  CPU    %usr   %nice    %sys %iowait    %irq   %soft  %steal  %guest  %gnice   %idle
07時06分55秒    0   45.74    0.00   35.11    0.00    0.00    7.45    0.00    0.00    0.00   11.70
07時06分55秒    1   34.41    0.00   16.13    0.00    1.08    2.15    0.00    0.00    0.00   46.24

07時06分55秒  CPU    %usr   %nice    %sys %iowait    %irq   %soft  %steal  %guest  %gnice   %idle
07時06分56秒    0   46.88    0.00   34.38    0.00    0.00    6.25    0.00    0.00    0.00   12.50
07時06分56秒    1   30.43    0.00   19.57    0.00    0.00    2.17    0.00    0.00    0.00   47.83

07時06分56秒  CPU    %usr   %nice    %sys %iowait    %irq   %soft  %steal  %guest  %gnice   %idle
07時06分57秒    0   47.37    0.00   32.63    0.00    0.00    7.37    0.00    0.00    0.00   12.63
07時06分57秒    1   33.70    0.00   17.39    0.00    0.00    2.17    0.00    0.00    0.00   46.74

07時06分57秒  CPU    %usr   %nice    %sys %iowait    %irq   %soft  %steal  %guest  %gnice   %idle
07時06分58秒    0   45.83    0.00   35.42    0.00    0.00    6.25    0.00    0.00    0.00   12.50
07時06分58秒    1   30.00    0.00   20.00    0.00    0.00    2.22    0.00    0.00    0.00   47.78

07時06分58秒  CPU    %usr   %nice    %sys %iowait    %irq   %soft  %steal  %guest  %gnice   %idle
07時06分59秒    0   48.96    0.00   30.21    0.00    0.00    7.29    0.00    0.00    0.00   13.54
07時06分59秒    1   33.33    0.00   16.67    0.00    0.00    1.11    0.00    0.00    0.00   48.89

07時06分59秒  CPU    %usr   %nice    %sys %iowait    %irq   %soft  %steal  %guest  %gnice   %idle
07時07分00秒    0   50.00    0.00   29.17    0.00    0.00    6.25    0.00    0.00    0.00   14.58
07時07分00秒    1   33.70    0.00   15.22    0.00    0.00    2.17    0.00    0.00    0.00   48.91

07時07分00秒  CPU    %usr   %nice    %sys %iowait    %irq   %soft  %steal  %guest  %gnice   %idle
07時07分01秒    0   48.39    0.00   31.18    0.00    0.00    6.45    0.00    0.00    0.00   13.98
07時07分01秒    1   33.33    0.00   16.67    0.00    0.00    2.22    0.00    0.00    0.00   47.78

07時07分01秒  CPU    %usr   %nice    %sys %iowait    %irq   %soft  %steal  %guest  %gnice   %idle
07時07分02秒    0   48.98    0.00   29.59    0.00    0.00    7.14    0.00    0.00    0.00   14.29
07時07分02秒    1   34.07    0.00   14.29    0.00    0.00    2.20    0.00    0.00    0.00   49.45

07時07分02秒  CPU    %usr   %nice    %sys %iowait    %irq   %soft  %steal  %guest  %gnice   %idle
07時07分03秒    0   51.06    0.00   28.72    0.00    0.00    6.38    0.00    0.00    0.00   13.83
07時07分03秒    1   31.87    0.00   18.68    0.00    0.00    2.20    0.00    0.00    0.00   47.25

07時07分03秒  CPU    %usr   %nice    %sys %iowait    %irq   %soft  %steal  %guest  %gnice   %idle
07時07分04秒    0   45.16    0.00   34.41    0.00    0.00    7.53    0.00    0.00    0.00   12.90
07時07分04秒    1   35.16    0.00   15.38    0.00    0.00    1.10    0.00    0.00    0.00   48.35

07時07分04秒  CPU    %usr   %nice    %sys %iowait    %irq   %soft  %steal  %guest  %gnice   %idle
07時07分05秒    0   43.88    0.00   37.76    0.00    0.00    6.12    0.00    0.00    0.00   12.24
07時07分05秒    1   34.78    0.00   17.39    0.00    0.00    2.17    0.00    0.00    0.00   45.65

07時07分05秒  CPU    %usr   %nice    %sys %iowait    %irq   %soft  %steal  %guest  %gnice   %idle
07時07分06秒    0   44.44    0.00   36.36    0.00    1.01    7.07    0.00    0.00    0.00   11.11
07時07分06秒    1   35.48    0.00   18.28    0.00    0.00    2.15    0.00    0.00    0.00   44.09

07時07分06秒  CPU    %usr   %nice    %sys %iowait    %irq   %soft  %steal  %guest  %gnice   %idle
07時07分07秒    0   47.92    0.00   33.33    0.00    0.00    6.25    0.00    0.00    0.00   12.50
07時07分07秒    1   34.07    0.00   16.48    0.00    0.00    2.20    0.00    0.00    0.00   47.25

07時07分07秒  CPU    %usr   %nice    %sys %iowait    %irq   %soft  %steal  %guest  %gnice   %idle
07時07分08秒    0   46.94    0.00   30.61    0.00    0.00    7.14    0.00    0.00    0.00   15.31
07時07分08秒    1   30.43    0.00   17.39    0.00    0.00    2.17    0.00    0.00    0.00   50.00

07時07分08秒  CPU    %usr   %nice    %sys %iowait    %irq   %soft  %steal  %guest  %gnice   %idle
07時07分09秒    0   43.30    0.00   35.05    0.00    0.00    6.19    0.00    0.00    0.00   15.46
07時07分09秒    1   30.68    0.00   18.18    0.00    0.00    1.14    0.00    0.00    0.00   50.00

07時07分09秒  CPU    %usr   %nice    %sys %iowait    %irq   %soft  %steal  %guest  %gnice   %idle
07時07分10秒    0   52.58    0.00   26.80    0.00    0.00    7.22    0.00    0.00    0.00   13.40
07時07分10秒    1   34.78    0.00   15.22    0.00    0.00    2.17    0.00    0.00    0.00   47.83

07時07分10秒  CPU    %usr   %nice    %sys %iowait    %irq   %soft  %steal  %guest  %gnice   %idle
07時07分11秒    0   45.83    0.00   34.38    0.00    0.00    6.25    0.00    0.00    0.00   13.54
07時07分11秒    1   35.48    0.00   15.05    0.00    0.00    2.15    0.00    0.00    0.00   47.31

07時07分11秒  CPU    %usr   %nice    %sys %iowait    %irq   %soft  %steal  %guest  %gnice   %idle
07時07分12秒    0   47.92    0.00   32.29    0.00    0.00    6.25    0.00    0.00    0.00   13.54
07時07分12秒    1   34.83    0.00   14.61    0.00    0.00    2.25    0.00    0.00    0.00   48.31

07時07分12秒  CPU    %usr   %nice    %sys %iowait    %irq   %soft  %steal  %guest  %gnice   %idle
07時07分13秒    0   49.47    0.00   32.63    0.00    0.00    7.37    0.00    0.00    0.00   10.53
07時07分13秒    1   32.61    0.00   19.57    0.00    0.00    2.17    0.00    0.00    0.00   45.65

07時07分13秒  CPU    %usr   %nice    %sys %iowait    %irq   %soft  %steal  %guest  %gnice   %idle
07時07分14秒    0   49.47    0.00   26.32    0.00    0.00    6.32    0.00    0.00    0.00   17.89
07時07分14秒    1   28.89    0.00   18.89    0.00    0.00    1.11    0.00    0.00    0.00   51.11

07時07分14秒  CPU    %usr   %nice    %sys %iowait    %irq   %soft  %steal  %guest  %gnice   %idle
07時07分15秒    0   50.00    0.00   32.65    0.00    0.00    7.14    0.00    0.00    0.00   10.20
07時07分15秒    1   32.97    0.00   18.68    0.00    0.00    2.20    0.00    0.00    0.00   46.15

07時07分15秒  CPU    %usr   %nice    %sys %iowait    %irq   %soft  %steal  %guest  %gnice   %idle
07時07分16秒    0   48.42    0.00   30.53    0.00    0.00    6.32    0.00    0.00    0.00   14.74
07時07分16秒    1   35.11    0.00   14.89    0.00    0.00    2.13    0.00    0.00    0.00   47.87

07時07分16秒  CPU    %usr   %nice    %sys %iowait    %irq   %soft  %steal  %guest  %gnice   %idle
07時07分17秒    0   48.98    0.00   30.61    0.00    0.00    7.14    0.00    0.00    0.00   13.27
07時07分17秒    1   30.77    0.00   18.68    0.00    0.00    2.20    0.00    0.00    0.00   48.35

07時07分17秒  CPU    %usr   %nice    %sys %iowait    %irq   %soft  %steal  %guest  %gnice   %idle
07時07分18秒    0   45.83    0.00   34.38    0.00    0.00    6.25    0.00    0.00    0.00   13.54
07時07分18秒    1   37.36    0.00   13.19    0.00    0.00    2.20    0.00    0.00    0.00   47.25

07時07分18秒  CPU    %usr   %nice    %sys %iowait    %irq   %soft  %steal  %guest  %gnice   %idle
07時07分19秒    0   46.88    0.00   33.33    0.00    0.00    7.29    0.00    0.00    0.00   12.50
07時07分19秒    1   32.22    0.00   18.89    0.00    0.00    1.11    0.00    0.00    0.00   47.78

07時07分19秒  CPU    %usr   %nice    %sys %iowait    %irq   %soft  %steal  %guest  %gnice   %idle
07時07分20秒    0   47.37    0.00   31.58    0.00    0.00    6.32    0.00    0.00    0.00   14.74
07時07分20秒    1   32.97    0.00   15.38    0.00    0.00    2.20    0.00    0.00    0.00   49.45

07時07分20秒  CPU    %usr   %nice    %sys %iowait    %irq   %soft  %steal  %guest  %gnice   %idle
07時07分21秒    0   52.58    0.00   28.87    0.00    0.00    7.22    0.00    0.00    0.00   11.34
07時07分21秒    1   34.41    0.00   17.20    0.00    1.08    2.15    0.00    0.00    0.00   45.16

07時07分21秒  CPU    %usr   %nice    %sys %iowait    %irq   %soft  %steal  %guest  %gnice   %idle
07時07分22秒    0   45.83    0.00   35.42    0.00    0.00    6.25    0.00    0.00    0.00   12.50
07時07分22秒    1   32.98    0.00   18.09    0.00    0.00    2.13    0.00    0.00    0.00   46.81

07時07分22秒  CPU    %usr   %nice    %sys %iowait    %irq   %soft  %steal  %guest  %gnice   %idle
07時07分23秒    0   46.39    0.00   35.05    0.00    0.00    7.22    0.00    0.00    0.00   11.34
07時07分23秒    1   29.67    0.00   21.98    0.00    0.00    2.20    0.00    0.00    0.00   46.15

07時07分23秒  CPU    %usr   %nice    %sys %iowait    %irq   %soft  %steal  %guest  %gnice   %idle
07時07分24秒    0   45.36    0.00   34.02    0.00    1.03    7.22    0.00    0.00    0.00   12.37
07時07分24秒    1   36.26    0.00   13.19    0.00    0.00    2.20    0.00    0.00    0.00   48.35

07時07分24秒  CPU    %usr   %nice    %sys %iowait    %irq   %soft  %steal  %guest  %gnice   %idle
07時07分25秒    0   44.79    0.00   34.38    0.00    0.00    6.25    0.00    0.00    0.00   14.58
07時07分25秒    1   29.21    0.00   20.22    0.00    0.00    1.12    0.00    0.00    0.00   49.44

07時07分25秒  CPU    %usr   %nice    %sys %iowait    %irq   %soft  %steal  %guest  %gnice   %idle
07時07分26秒    0   48.96    0.00   33.33    0.00    0.00    6.25    0.00    0.00    0.00   11.46
07時07分26秒    1   37.36    0.00   14.29    0.00    0.00    2.20    0.00    0.00    0.00   46.15

07時07分26秒  CPU    %usr   %nice    %sys %iowait    %irq   %soft  %steal  %guest  %gnice   %idle
07時07分27秒    0   44.79    0.00   34.38    0.00    0.00    7.29    0.00    0.00    0.00   13.54
07時07分27秒    1   35.87    0.00   14.13    0.00    0.00    2.17    0.00    0.00    0.00   47.83

07時07分27秒  CPU    %usr   %nice    %sys %iowait    %irq   %soft  %steal  %guest  %gnice   %idle
07時07分28秒    0   44.79    0.00   33.33    0.00    0.00    6.25    0.00    0.00    0.00   15.62
07時07分28秒    1   33.33    0.00   15.56    0.00    0.00    2.22    0.00    0.00    0.00   48.89

07時07分28秒  CPU    %usr   %nice    %sys %iowait    %irq   %soft  %steal  %guest  %gnice   %idle
07時07分29秒    0   46.32    0.00   34.74    0.00    0.00    7.37    0.00    0.00    0.00   11.58
07時07分29秒    1   34.41    0.00   16.13    0.00    0.00    2.15    0.00    0.00    0.00   47.31

07時07分29秒  CPU    %usr   %nice    %sys %iowait    %irq   %soft  %steal  %guest  %gnice   %idle
07時07分30秒    0   49.47    0.00   31.58    0.00    0.00    6.32    0.00    0.00    0.00   12.63
07時07分30秒    1   33.33    0.00   16.67    0.00    0.00    1.11    0.00    0.00    0.00   48.89

07時07分30秒  CPU    %usr   %nice    %sys %iowait    %irq   %soft  %steal  %guest  %gnice   %idle
07時07分31秒    0   47.37    0.00   30.53    0.00    0.00    6.32    0.00    0.00    0.00   15.79
07時07分31秒    1   33.33    0.00   13.33    0.00    0.00    2.22    0.00    0.00    0.00   51.11

07時07分31秒  CPU    %usr   %nice    %sys %iowait    %irq   %soft  %steal  %guest  %gnice   %idle
07時07分32秒    0   44.90    0.00   34.69    0.00    0.00    7.14    0.00    0.00    0.00   13.27
07時07分32秒    1   36.56    0.00   13.98    0.00    0.00    2.15    0.00    0.00    0.00   47.31

07時07分32秒  CPU    %usr   %nice    %sys %iowait    %irq   %soft  %steal  %guest  %gnice   %idle
07時07分33秒    0   51.58    0.00   28.42    0.00    0.00    6.32    0.00    0.00    0.00   13.68
07時07分33秒    1   31.82    0.00   17.05    0.00    0.00    2.27    0.00    0.00    0.00   48.86

07時07分33秒  CPU    %usr   %nice    %sys %iowait    %irq   %soft  %steal  %guest  %gnice   %idle
07時07分34秒    0   43.88    0.00   34.69    0.00    0.00    7.14    0.00    0.00    0.00   14.29
07時07分34秒    1   40.00    0.00   12.22    0.00    0.00    1.11    0.00    0.00    0.00   46.67

07時07分34秒  CPU    %usr   %nice    %sys %iowait    %irq   %soft  %steal  %guest  %gnice   %idle
07時07分35秒    0   50.53    0.00   32.63    0.00    0.00    6.32    0.00    0.00    0.00   10.53
07時07分35秒    1   29.67    0.00   21.98    0.00    0.00    2.20    0.00    0.00    0.00   46.15

07時07分35秒  CPU    %usr   %nice    %sys %iowait    %irq   %soft  %steal  %guest  %gnice   %idle
07時07分36秒    0   44.21    0.00   32.63    0.00    0.00    7.37    0.00    0.00    0.00   15.79
07時07分36秒    1   32.22    0.00   15.56    0.00    0.00    2.22    0.00    0.00    0.00   50.00

07時07分36秒  CPU    %usr   %nice    %sys %iowait    %irq   %soft  %steal  %guest  %gnice   %idle
07時07分37秒    0   46.32    0.00   31.58    0.00    0.00    6.32    0.00    0.00    0.00   15.79
07時07分37秒    1   28.26    0.00   19.57    0.00    0.00    2.17    0.00    0.00    0.00   50.00

07時07分37秒  CPU    %usr   %nice    %sys %iowait    %irq   %soft  %steal  %guest  %gnice   %idle
07時07分38秒    0   45.74    0.00   34.04    0.00    0.00    6.38    0.00    0.00    0.00   13.83
07時07分38秒    1   35.56    0.00   14.44    0.00    0.00    2.22    0.00    0.00    0.00   47.78

07時07分38秒  CPU    %usr   %nice    %sys %iowait    %irq   %soft  %steal  %guest  %gnice   %idle
07時07分39秒    0   51.55    0.00   27.84    0.00    0.00    7.22    0.00    0.00    0.00   13.40
07時07分39秒    1   31.87    0.00   17.58    0.00    0.00    1.10    0.00    0.00    0.00   49.45

07時07分39秒  CPU    %usr   %nice    %sys %iowait    %irq   %soft  %steal  %guest  %gnice   %idle
07時07分40秒    0   47.92    0.00   30.21    0.00    0.00    6.25    0.00    0.00    0.00   15.62
07時07分40秒    1   32.22    0.00   15.56    0.00    0.00    2.22    0.00    0.00    0.00   50.00

07時07分40秒  CPU    %usr   %nice    %sys %iowait    %irq   %soft  %steal  %guest  %gnice   %idle
07時07分41秒    0   48.42    0.00   30.53    0.00    0.00    7.37    0.00    0.00    0.00   13.68
07時07分41秒    1   31.87    0.00   17.58    0.00    0.00    2.20    0.00    0.00    0.00   48.35

07時07分41秒  CPU    %usr   %nice    %sys %iowait    %irq   %soft  %steal  %guest  %gnice   %idle
07時07分42秒    0   50.00    0.00   29.35    0.00    0.00    6.52    0.00    0.00    0.00   14.13
07時07分42秒    1   31.52    0.00   17.39    0.00    0.00    2.17    0.00    0.00    0.00   48.91

07時07分42秒  CPU    %usr   %nice    %sys %iowait    %irq   %soft  %steal  %guest  %gnice   %idle
07時07分43秒    0   46.88    0.00   30.21    0.00    1.04    6.25    0.00    0.00    0.00   15.62
07時07分43秒    1   34.83    0.00   13.48    0.00    0.00    2.25    0.00    0.00    0.00   49.44

07時07分43秒  CPU    %usr   %nice    %sys %iowait    %irq   %soft  %steal  %guest  %gnice   %idle
07時07分44秒    0   47.92    0.00   30.21    0.00    0.00    7.29    0.00    0.00    0.00   14.58
07時07分44秒    1   33.70    0.00   15.22    0.00    0.00    1.09    0.00    0.00    0.00   50.00

07時07分44秒  CPU    %usr   %nice    %sys %iowait    %irq   %soft  %steal  %guest  %gnice   %idle
07時07分45秒    0   47.96    0.00   33.67    0.00    0.00    6.12    0.00    0.00    0.00   12.24
07時07分45秒    1   33.33    0.00   17.78    0.00    0.00    2.22    0.00    0.00    0.00   46.67

07時07分45秒  CPU    %usr   %nice    %sys %iowait    %irq   %soft  %steal  %guest  %gnice   %idle
07時07分46秒    0   50.52    0.00   30.93    0.00    0.00    7.22    0.00    0.00    0.00   11.34
07時07分46秒    1   32.26    0.00   18.28    0.00    0.00    2.15    0.00    0.00    0.00   47.31

07時07分46秒  CPU    %usr   %nice    %sys %iowait    %irq   %soft  %steal  %guest  %gnice   %idle
07時07分47秒    0   46.24    0.00   30.11    0.00    0.00    6.45    0.00    0.00    0.00   17.20
07時07分47秒    1   32.97    0.00   14.29    0.00    1.10    2.20    0.00    0.00    0.00   49.45

07時07分47秒  CPU    %usr   %nice    %sys %iowait    %irq   %soft  %steal  %guest  %gnice   %idle
07時07分48秒    0   47.92    0.00   29.17    0.00    0.00    7.29    0.00    0.00    0.00   15.62
07時07分48秒    1   32.26    0.00   18.28    0.00    0.00    1.08    0.00    0.00    0.00   48.39

07時07分48秒  CPU    %usr   %nice    %sys %iowait    %irq   %soft  %steal  %guest  %gnice   %idle
07時07分49秒    0   46.81    0.00   32.98    0.00    0.00    6.38    0.00    0.00    0.00   13.83
07時07分49秒    1   31.87    0.00   17.58    0.00    0.00    2.20    0.00    0.00    0.00   48.35

07時07分49秒  CPU    %usr   %nice    %sys %iowait    %irq   %soft  %steal  %guest  %gnice   %idle
07時07分50秒    0   52.13    0.00   26.60    0.00    0.00    7.45    0.00    0.00    0.00   13.83
07時07分50秒    1   35.48    0.00   15.05    0.00    0.00    2.15    0.00    0.00    0.00   47.31

07時07分50秒  CPU    %usr   %nice    %sys %iowait    %irq   %soft  %steal  %guest  %gnice   %idle
07時07分51秒    0   50.00    0.00   31.91    0.00    0.00    6.38    0.00    0.00    0.00   11.70
07時07分51秒    1   32.22    0.00   17.78    0.00    0.00    2.22    0.00    0.00    0.00   47.78

07時07分51秒  CPU    %usr   %nice    %sys %iowait    %irq   %soft  %steal  %guest  %gnice   %idle
07時07分52秒    0   47.92    0.00   32.29    0.00    0.00    7.29    0.00    0.00    0.00   12.50
07時07分52秒    1   32.61    0.00   18.48    0.00    0.00    2.17    0.00    0.00    0.00   46.74

07時07分52秒  CPU    %usr   %nice    %sys %iowait    %irq   %soft  %steal  %guest  %gnice   %idle
07時07分53秒    0   45.92    0.00   37.76    0.00    0.00    6.12    0.00    0.00    0.00   10.20
07時07分53秒    1   37.78    0.00   14.44    0.00    0.00    1.11    0.00    0.00    0.00   46.67

07時07分53秒  CPU    %usr   %nice    %sys %iowait    %irq   %soft  %steal  %guest  %gnice   %idle
07時07分54秒    0   45.36    0.00   34.02    0.00    0.00    7.22    0.00    0.00    0.00   13.40
07時07分54秒    1   29.67    0.00   18.68    0.00    0.00    2.20    0.00    0.00    0.00   49.45

07時07分54秒  CPU    %usr   %nice    %sys %iowait    %irq   %soft  %steal  %guest  %gnice   %idle
07時07分55秒    0   50.00    0.00   30.21    0.00    0.00    6.25    0.00    0.00    0.00   13.54
07時07分55秒    1   30.77    0.00   20.88    0.00    0.00    2.20    0.00    0.00    0.00   46.15

07時07分55秒  CPU    %usr   %nice    %sys %iowait    %irq   %soft  %steal  %guest  %gnice   %idle
07時07分56秒    0   43.30    0.00   38.14    0.00    0.00    7.22    0.00    0.00    0.00   11.34
07時07分56秒    1   32.26    0.00   19.35    0.00    0.00    2.15    0.00    0.00    0.00   46.24

07時07分56秒  CPU    %usr   %nice    %sys %iowait    %irq   %soft  %steal  %guest  %gnice   %idle
07時07分57秒    0   47.42    0.00   31.96    0.00    0.00    6.19    0.00    0.00    0.00   14.43
07時07分57秒    1   31.52    0.00   17.39    0.00    0.00    2.17    0.00    0.00    0.00   48.91

07時07分57秒  CPU    %usr   %nice    %sys %iowait    %irq   %soft  %steal  %guest  %gnice   %idle
07時07分58秒    0   45.92    0.00   32.65    0.00    0.00    7.14    0.00    0.00    0.00   14.29
07時07分58秒    1   35.16    0.00   14.29    0.00    0.00    1.10    0.00    0.00    0.00   49.45

07時07分58秒  CPU    %usr   %nice    %sys %iowait    %irq   %soft  %steal  %guest  %gnice   %idle
07時07分59秒    0   44.21    0.00   36.84    0.00    0.00    6.32    0.00    0.00    0.00   12.63
07時07分59秒    1   38.04    0.00   14.13    0.00    0.00    2.17    0.00    0.00    0.00   45.65

07時07分59秒  CPU    %usr   %nice    %sys %iowait    %irq   %soft  %steal  %guest  %gnice   %idle
07時08分00秒    0   46.00    0.00   33.00    0.00    1.00    7.00    0.00    0.00    0.00   13.00
07時08分00秒    1   31.52    0.00   17.39    0.00    0.00    2.17    0.00    0.00    0.00   48.91

07時08分00秒  CPU    %usr   %nice    %sys %iowait    %irq   %soft  %steal  %guest  %gnice   %idle
07時08分01秒    0   48.45    0.00   30.93    0.00    0.00    6.19    0.00    0.00    0.00   14.43
07時08分01秒    1   33.70    0.00   16.30    0.00    0.00    2.17    0.00    0.00    0.00   47.83

07時08分01秒  CPU    %usr   %nice    %sys %iowait    %irq   %soft  %steal  %guest  %gnice   %idle
07時08分02秒    0   50.53    0.00   26.32    0.00    0.00    6.32    0.00    0.00    0.00   16.84
07時08分02秒    1   31.87    0.00   15.38    0.00    0.00    2.20    0.00    0.00    0.00   50.55

07時08分02秒  CPU    %usr   %nice    %sys %iowait    %irq   %soft  %steal  %guest  %gnice   %idle
07時08分03秒    0   47.96    0.00   31.63    0.00    0.00    7.14    0.00    0.00    0.00   13.27
07時08分03秒    1   35.56    0.00   15.56    0.00    0.00    1.11    0.00    0.00    0.00   47.78

07時08分03秒  CPU    %usr   %nice    %sys %iowait    %irq   %soft  %steal  %guest  %gnice   %idle
07時08分04秒    0   44.33    0.00   35.05    0.00    0.00    6.19    0.00    0.00    0.00   14.43
07時08分04秒    1   34.78    0.00   14.13    0.00    0.00    2.17    0.00    0.00    0.00   48.91

07時08分04秒  CPU    %usr   %nice    %sys %iowait    %irq   %soft  %steal  %guest  %gnice   %idle
07時08分05秒    0   46.81    0.00   30.85    0.00    0.00    7.45    0.00    0.00    0.00   14.89
07時08分05秒    1   33.33    0.00   16.67    0.00    0.00    2.22    0.00    0.00    0.00   47.78

07時08分05秒  CPU    %usr   %nice    %sys %iowait    %irq   %soft  %steal  %guest  %gnice   %idle
07時08分06秒    0   46.88    0.00   34.38    0.00    0.00    6.25    0.00    0.00    0.00   12.50
07時08分06秒    1   37.63    0.00   12.90    0.00    0.00    2.15    0.00    0.00    0.00   47.31

07時08分06秒  CPU    %usr   %nice    %sys %iowait    %irq   %soft  %steal  %guest  %gnice   %idle
07時08分07秒    0   43.30    0.00   35.05    0.00    0.00    6.19    0.00    0.00    0.00   15.46
07時08分07秒    1   32.61    0.00   17.39    0.00    0.00    2.17    0.00    0.00    0.00   47.83

07時08分07秒  CPU    %usr   %nice    %sys %iowait    %irq   %soft  %steal  %guest  %gnice   %idle
07時08分08秒    0   46.39    0.00   31.96    0.00    0.00    7.22    0.00    0.00    0.00   14.43
07時08分08秒    1   30.00    0.00   18.89    0.00    0.00    1.11    0.00    0.00    0.00   50.00

07時08分08秒  CPU    %usr   %nice    %sys %iowait    %irq   %soft  %steal  %guest  %gnice   %idle
07時08分09秒    0   47.92    0.00   32.29    0.00    0.00    6.25    0.00    0.00    0.00   13.54
07時08分09秒    1   32.97    0.00   16.48    0.00    0.00    2.20    0.00    0.00    0.00   48.35

07時08分09秒  CPU    %usr   %nice    %sys %iowait    %irq   %soft  %steal  %guest  %gnice   %idle
07時08分10秒    0   50.53    0.00   27.37    0.00    0.00    7.37    0.00    0.00    0.00   14.74
07時08分10秒    1   28.57    0.00   19.78    0.00    0.00    2.20    0.00    0.00    0.00   49.45

07時08分10秒  CPU    %usr   %nice    %sys %iowait    %irq   %soft  %steal  %guest  %gnice   %idle
07時08分11秒    0   51.58    0.00   28.42    0.00    0.00    6.32    0.00    0.00    0.00   13.68
07時08分11秒    1   36.26    0.00   13.19    0.00    0.00    2.20    0.00    0.00    0.00   48.35

07時08分11秒  CPU    %usr   %nice    %sys %iowait    %irq   %soft  %steal  %guest  %gnice   %idle
07時08分12秒    0   47.42    0.00   34.02    0.00    0.00    7.22    0.00    0.00    0.00   11.34
07時08分12秒    1   33.70    0.00   17.39    0.00    0.00    2.17    0.00    0.00    0.00   46.74

07時08分12秒  CPU    %usr   %nice    %sys %iowait    %irq   %soft  %steal  %guest  %gnice   %idle
07時08分13秒    0   46.32    0.00   34.74    0.00    0.00    6.32    0.00    0.00    0.00   12.63
07時08分13秒    1   33.33    0.00   16.67    0.00    1.11    1.11    0.00    0.00    0.00   47.78

07時08分13秒  CPU    %usr   %nice    %sys %iowait    %irq   %soft  %steal  %guest  %gnice   %idle
07時08分14秒    0   50.52    0.00   31.96    0.00    0.00    7.22    0.00    0.00    0.00   10.31
07時08分14秒    1   35.16    0.00   15.38    0.00    0.00    2.20    0.00    0.00    0.00   47.25

07時08分14秒  CPU    %usr   %nice    %sys %iowait    %irq   %soft  %steal  %guest  %gnice   %idle
07時08分15秒    0   48.42    0.00   30.53    0.00    0.00    6.32    0.00    0.00    0.00   14.74
07時08分15秒    1   32.97    0.00   16.48    0.00    0.00    2.20    0.00    0.00    0.00   48.35

07時08分15秒  CPU    %usr   %nice    %sys %iowait    %irq   %soft  %steal  %guest  %gnice   %idle
07時08分16秒    0   49.47    0.00   29.47    0.00    0.00    7.37    0.00    0.00    0.00   13.68
07時08分16秒    1   29.67    0.00   18.68    0.00    0.00    2.20    0.00    0.00    0.00   49.45

07時08分16秒  CPU    %usr   %nice    %sys %iowait    %irq   %soft  %steal  %guest  %gnice   %idle
07時08分17秒    0   46.88    0.00   35.42    0.00    0.00    6.25    0.00    0.00    0.00   11.46
07時08分17秒    1   35.16    0.00   15.38    0.00    0.00    2.20    0.00    0.00    0.00   47.25

07時08分17秒  CPU    %usr   %nice    %sys %iowait    %irq   %soft  %steal  %guest  %gnice   %idle
07時08分18秒    0   46.32    0.00   30.53    0.00    1.05    7.37    0.00    0.00    0.00   14.74
07時08分18秒    1   35.56    0.00   14.44    0.00    0.00    1.11    0.00    0.00    0.00   48.89

平均時間：  CPU    %usr   %nice    %sys %iowait    %irq   %soft  %steal  %guest  %gnice   %idle
平均時間：    0   47.66    0.00   32.30    0.00    0.06    6.72    0.00    0.00    0.00   13.25
平均時間：    1   33.47    0.00   16.63    0.00    0.05    1.97    0.00    0.00    0.00   47.88
