Linux 5.6.15-arch1-1 (archlinux) 	西元2020年06月29日 	_x86_64_	(12 CPU)

04時37分06秒  CPU    %usr   %nice    %sys %iowait    %irq   %soft  %steal  %guest  %gnice   %idle
04時37分07秒    0   41.05    0.00   26.32    0.00    0.00    7.37    0.00    0.00    0.00   25.26
04時37分07秒    1   33.70    0.00   17.39    0.00    0.00    1.09    0.00    0.00    0.00   47.83

04時37分07秒  CPU    %usr   %nice    %sys %iowait    %irq   %soft  %steal  %guest  %gnice   %idle
04時37分08秒    0   36.26    0.00   27.47    0.00    0.00    6.59    0.00    0.00    0.00   29.67
04時37分08秒    1   35.87    0.00   11.96    0.00    0.00    2.17    0.00    0.00    0.00   50.00

04時37分08秒  CPU    %usr   %nice    %sys %iowait    %irq   %soft  %steal  %guest  %gnice   %idle
04時37分09秒    0   38.71    0.00   27.96    0.00    0.00    6.45    0.00    0.00    0.00   26.88
04時37分09秒    1   32.97    0.00   16.48    0.00    0.00    2.20    0.00    0.00    0.00   48.35

04時37分09秒  CPU    %usr   %nice    %sys %iowait    %irq   %soft  %steal  %guest  %gnice   %idle
04時37分10秒    0   38.95    0.00   28.42    0.00    1.05    6.32    0.00    0.00    0.00   25.26
04時37分10秒    1   34.78    0.00   16.30    0.00    0.00    2.17    0.00    0.00    0.00   46.74

04時37分10秒  CPU    %usr   %nice    %sys %iowait    %irq   %soft  %steal  %guest  %gnice   %idle
04時37分11秒    0   40.22    0.00   25.00    0.00    0.00    7.61    0.00    0.00    0.00   27.17
04時37分11秒    1   34.41    0.00   16.13    0.00    0.00    2.15    0.00    0.00    0.00   47.31

04時37分11秒  CPU    %usr   %nice    %sys %iowait    %irq   %soft  %steal  %guest  %gnice   %idle
04時37分12秒    0   37.08    0.00   30.34    0.00    0.00    6.74    0.00    0.00    0.00   25.84
04時37分12秒    1   34.78    0.00   16.30    0.00    0.00    1.09    0.00    0.00    0.00   47.83

04時37分12秒  CPU    %usr   %nice    %sys %iowait    %irq   %soft  %steal  %guest  %gnice   %idle
04時37分13秒    0   42.22    0.00   23.33    0.00    0.00    6.67    0.00    0.00    0.00   27.78
04時37分13秒    1   34.41    0.00   17.20    0.00    0.00    2.15    0.00    0.00    0.00   46.24

04時37分13秒  CPU    %usr   %nice    %sys %iowait    %irq   %soft  %steal  %guest  %gnice   %idle
04時37分14秒    0   39.13    0.00   27.17    0.00    0.00    6.52    0.00    0.00    0.00   27.17
04時37分14秒    1   31.18    0.00   18.28    0.00    0.00    2.15    0.00    0.00    0.00   48.39

04時37分14秒  CPU    %usr   %nice    %sys %iowait    %irq   %soft  %steal  %guest  %gnice   %idle
04時37分15秒    0   36.17    0.00   28.72    0.00    0.00    7.45    0.00    0.00    0.00   27.66
04時37分15秒    1   36.26    0.00   12.09    0.00    0.00    2.20    0.00    0.00    0.00   49.45

04時37分15秒  CPU    %usr   %nice    %sys %iowait    %irq   %soft  %steal  %guest  %gnice   %idle
04時37分16秒    0   39.36    0.00   26.60    0.00    0.00    6.38    0.00    0.00    0.00   27.66
04時37分16秒    1   30.00    0.00   18.89    0.00    0.00    1.11    0.00    0.00    0.00   50.00

04時37分16秒  CPU    %usr   %nice    %sys %iowait    %irq   %soft  %steal  %guest  %gnice   %idle
04時37分17秒    0   36.26    0.00   29.67    0.00    0.00    6.59    0.00    0.00    0.00   27.47
04時37分17秒    1   31.52    0.00   17.39    0.00    0.00    2.17    0.00    0.00    0.00   48.91

04時37分17秒  CPU    %usr   %nice    %sys %iowait    %irq   %soft  %steal  %guest  %gnice   %idle
04時37分18秒    0   36.67    0.00   26.67    0.00    0.00    6.67    0.00    0.00    0.00   30.00
04時37分18秒    1   34.07    0.00   14.29    0.00    0.00    2.20    0.00    0.00    0.00   49.45

04時37分18秒  CPU    %usr   %nice    %sys %iowait    %irq   %soft  %steal  %guest  %gnice   %idle
04時37分19秒    0   38.04    0.00   29.35    0.00    0.00    6.52    0.00    0.00    0.00   26.09
04時37分19秒    1   32.97    0.00   16.48    0.00    0.00    2.20    0.00    0.00    0.00   48.35

04時37分19秒  CPU    %usr   %nice    %sys %iowait    %irq   %soft  %steal  %guest  %gnice   %idle
04時37分20秒    0   37.36    0.00   27.47    0.00    0.00    6.59    0.00    0.00    0.00   28.57
04時37分20秒    1   34.78    0.00   14.13    0.00    0.00    2.17    0.00    0.00    0.00   48.91

04時37分20秒  CPU    %usr   %nice    %sys %iowait    %irq   %soft  %steal  %guest  %gnice   %idle
04時37分21秒    0   40.00    0.00   27.37    0.00    0.00    7.37    0.00    0.00    0.00   25.26
04時37分21秒    1   32.61    0.00   16.30    0.00    1.09    1.09    0.00    0.00    0.00   48.91

04時37分21秒  CPU    %usr   %nice    %sys %iowait    %irq   %soft  %steal  %guest  %gnice   %idle
04時37分22秒    0   33.70    0.00   33.70    0.00    0.00    6.52    0.00    0.00    0.00   26.09
04時37分22秒    1   32.97    0.00   16.48    0.00    0.00    2.20    0.00    0.00    0.00   48.35

04時37分22秒  CPU    %usr   %nice    %sys %iowait    %irq   %soft  %steal  %guest  %gnice   %idle
04時37分23秒    0   35.48    0.00   29.03    0.00    0.00    6.45    0.00    0.00    0.00   29.03
04時37分23秒    1   30.43    0.00   17.39    0.00    0.00    2.17    0.00    0.00    0.00   50.00

04時37分23秒  CPU    %usr   %nice    %sys %iowait    %irq   %soft  %steal  %guest  %gnice   %idle
04時37分24秒    0   40.86    0.00   24.73    0.00    0.00    6.45    0.00    0.00    0.00   27.96
04時37分24秒    1   35.87    0.00   14.13    0.00    0.00    2.17    0.00    0.00    0.00   47.83

04時37分24秒  CPU    %usr   %nice    %sys %iowait    %irq   %soft  %steal  %guest  %gnice   %idle
04時37分25秒    0   37.36    0.00   30.77    0.00    0.00    6.59    0.00    0.00    0.00   25.27
04時37分25秒    1   34.44    0.00   17.78    0.00    0.00    1.11    0.00    0.00    0.00   46.67

04時37分25秒  CPU    %usr   %nice    %sys %iowait    %irq   %soft  %steal  %guest  %gnice   %idle
04時37分26秒    0   40.86    0.00   25.81    0.00    0.00    7.53    0.00    0.00    0.00   25.81
04時37分26秒    1   35.87    0.00   14.13    0.00    0.00    2.17    0.00    0.00    0.00   47.83

04時37分26秒  CPU    %usr   %nice    %sys %iowait    %irq   %soft  %steal  %guest  %gnice   %idle
04時37分27秒    0   32.61    0.00   32.61    0.00    0.00    6.52    0.00    0.00    0.00   28.26
04時37分27秒    1   34.78    0.00   14.13    0.00    0.00    2.17    0.00    0.00    0.00   48.91

04時37分27秒  CPU    %usr   %nice    %sys %iowait    %irq   %soft  %steal  %guest  %gnice   %idle
04時37分28秒    0   36.17    0.00   29.79    0.00    1.06    6.38    0.00    0.00    0.00   26.60
04時37分28秒    1   31.52    0.00   17.39    0.00    0.00    2.17    0.00    0.00    0.00   48.91

04時37分28秒  CPU    %usr   %nice    %sys %iowait    %irq   %soft  %steal  %guest  %gnice   %idle
04時37分29秒    0   35.87    0.00   28.26    0.00    0.00    6.52    0.00    0.00    0.00   29.35
04時37分29秒    1   31.11    0.00   16.67    0.00    0.00    2.22    0.00    0.00    0.00   50.00

04時37分29秒  CPU    %usr   %nice    %sys %iowait    %irq   %soft  %steal  %guest  %gnice   %idle
04時37分30秒    0   38.46    0.00   28.57    0.00    0.00    6.59    0.00    0.00    0.00   26.37
04時37分30秒    1   31.11    0.00   20.00    0.00    0.00    1.11    0.00    0.00    0.00   47.78

04時37分30秒  CPU    %usr   %nice    %sys %iowait    %irq   %soft  %steal  %guest  %gnice   %idle
04時37分31秒    0   35.16    0.00   30.77    0.00    0.00    7.69    0.00    0.00    0.00   26.37
04時37分31秒    1   32.26    0.00   18.28    0.00    0.00    2.15    0.00    0.00    0.00   47.31

04時37分31秒  CPU    %usr   %nice    %sys %iowait    %irq   %soft  %steal  %guest  %gnice   %idle
04時37分32秒    0   39.56    0.00   27.47    0.00    0.00    6.59    0.00    0.00    0.00   26.37
04時37分32秒    1   31.52    0.00   19.57    0.00    0.00    2.17    0.00    0.00    0.00   46.74

04時37分32秒  CPU    %usr   %nice    %sys %iowait    %irq   %soft  %steal  %guest  %gnice   %idle
04時37分33秒    0   35.48    0.00   29.03    0.00    0.00    6.45    0.00    0.00    0.00   29.03
04時37分33秒    1   37.63    0.00   12.90    0.00    0.00    2.15    0.00    0.00    0.00   47.31

04時37分33秒  CPU    %usr   %nice    %sys %iowait    %irq   %soft  %steal  %guest  %gnice   %idle
04時37分34秒    0   37.36    0.00   30.77    0.00    0.00    7.69    0.00    0.00    0.00   24.18
04時37分34秒    1   35.87    0.00   15.22    0.00    0.00    2.17    0.00    0.00    0.00   46.74

04時37分34秒  CPU    %usr   %nice    %sys %iowait    %irq   %soft  %steal  %guest  %gnice   %idle
04時37分35秒    0   40.66    0.00   26.37    0.00    0.00    6.59    0.00    0.00    0.00   26.37
04時37分35秒    1   30.34    0.00   20.22    0.00    0.00    1.12    0.00    0.00    0.00   48.31

04時37分35秒  CPU    %usr   %nice    %sys %iowait    %irq   %soft  %steal  %guest  %gnice   %idle
04時37分36秒    0   36.26    0.00   28.57    0.00    0.00    6.59    0.00    0.00    0.00   28.57
04時37分36秒    1   35.87    0.00   13.04    0.00    0.00    2.17    0.00    0.00    0.00   48.91

04時37分36秒  CPU    %usr   %nice    %sys %iowait    %irq   %soft  %steal  %guest  %gnice   %idle
04時37分37秒    0   34.74    0.00   32.63    0.00    0.00    6.32    0.00    0.00    0.00   26.32
04時37分37秒    1   36.56    0.00   15.05    0.00    0.00    2.15    0.00    0.00    0.00   46.24

04時37分37秒  CPU    %usr   %nice    %sys %iowait    %irq   %soft  %steal  %guest  %gnice   %idle
04時37分38秒    0   35.87    0.00   30.43    0.00    0.00    6.52    0.00    0.00    0.00   27.17
04時37分38秒    1   32.61    0.00   16.30    0.00    0.00    2.17    0.00    0.00    0.00   48.91

04時37分38秒  CPU    %usr   %nice    %sys %iowait    %irq   %soft  %steal  %guest  %gnice   %idle
04時37分39秒    0   36.17    0.00   29.79    0.00    0.00    7.45    0.00    0.00    0.00   26.60
04時37分39秒    1   31.87    0.00   18.68    0.00    0.00    1.10    0.00    0.00    0.00   48.35

04時37分39秒  CPU    %usr   %nice    %sys %iowait    %irq   %soft  %steal  %guest  %gnice   %idle
04時37分40秒    0   35.48    0.00   29.03    0.00    0.00    6.45    0.00    0.00    0.00   29.03
04時37分40秒    1   32.22    0.00   15.56    0.00    0.00    2.22    0.00    0.00    0.00   50.00

04時37分40秒  CPU    %usr   %nice    %sys %iowait    %irq   %soft  %steal  %guest  %gnice   %idle
04時37分41秒    0   36.26    0.00   29.67    0.00    0.00    6.59    0.00    0.00    0.00   27.47
04時37分41秒    1   34.07    0.00   15.38    0.00    0.00    2.20    0.00    0.00    0.00   48.35

04時37分41秒  CPU    %usr   %nice    %sys %iowait    %irq   %soft  %steal  %guest  %gnice   %idle
04時37分42秒    0   37.36    0.00   27.47    0.00    0.00    6.59    0.00    0.00    0.00   28.57
04時37分42秒    1   33.70    0.00   14.13    0.00    0.00    2.17    0.00    0.00    0.00   50.00

04時37分42秒  CPU    %usr   %nice    %sys %iowait    %irq   %soft  %steal  %guest  %gnice   %idle
04時37分43秒    0   37.23    0.00   29.79    0.00    0.00    6.38    0.00    0.00    0.00   26.60
04時37分43秒    1   39.33    0.00   11.24    0.00    0.00    1.12    0.00    0.00    0.00   48.31

04時37分43秒  CPU    %usr   %nice    %sys %iowait    %irq   %soft  %steal  %guest  %gnice   %idle
04時37分44秒    0   41.94    0.00   25.81    0.00    0.00    7.53    0.00    0.00    0.00   24.73
04時37分44秒    1   33.33    0.00   17.20    0.00    0.00    2.15    0.00    0.00    0.00   47.31

04時37分44秒  CPU    %usr   %nice    %sys %iowait    %irq   %soft  %steal  %guest  %gnice   %idle
04時37分45秒    0   38.30    0.00   28.72    0.00    0.00    6.38    0.00    0.00    0.00   26.60
04時37分45秒    1   30.00    0.00   18.89    0.00    0.00    2.22    0.00    0.00    0.00   48.89

04時37分45秒  CPU    %usr   %nice    %sys %iowait    %irq   %soft  %steal  %guest  %gnice   %idle
04時37分46秒    0   42.39    0.00   26.09    0.00    0.00    6.52    0.00    0.00    0.00   25.00
04時37分46秒    1   34.78    0.00   16.30    0.00    0.00    2.17    0.00    0.00    0.00   46.74

04時37分46秒  CPU    %usr   %nice    %sys %iowait    %irq   %soft  %steal  %guest  %gnice   %idle
04時37分47秒    0   39.13    0.00   25.00    0.00    1.09    6.52    0.00    0.00    0.00   28.26
04時37分47秒    1   38.71    0.00   10.75    0.00    1.08    2.15    0.00    0.00    0.00   47.31

04時37分47秒  CPU    %usr   %nice    %sys %iowait    %irq   %soft  %steal  %guest  %gnice   %idle
04時37分48秒    0   40.66    0.00   24.18    0.00    0.00    6.59    0.00    0.00    0.00   28.57
04時37分48秒    1   28.57    0.00   19.78    0.00    0.00    1.10    0.00    0.00    0.00   50.55

04時37分48秒  CPU    %usr   %nice    %sys %iowait    %irq   %soft  %steal  %guest  %gnice   %idle
04時37分49秒    0   38.30    0.00   29.79    0.00    0.00    7.45    0.00    0.00    0.00   24.47
04時37分49秒    1   31.52    0.00   19.57    0.00    0.00    2.17    0.00    0.00    0.00   46.74

04時37分49秒  CPU    %usr   %nice    %sys %iowait    %irq   %soft  %steal  %guest  %gnice   %idle
04時37分50秒    0   37.36    0.00   29.67    0.00    0.00    6.59    0.00    0.00    0.00   26.37
04時37分50秒    1   34.78    0.00   16.30    0.00    0.00    2.17    0.00    0.00    0.00   46.74

04時37分50秒  CPU    %usr   %nice    %sys %iowait    %irq   %soft  %steal  %guest  %gnice   %idle
04時37分51秒    0   36.56    0.00   29.03    0.00    0.00    6.45    0.00    0.00    0.00   27.96
04時37分51秒    1   34.78    0.00   14.13    0.00    0.00    2.17    0.00    0.00    0.00   48.91

04時37分51秒  CPU    %usr   %nice    %sys %iowait    %irq   %soft  %steal  %guest  %gnice   %idle
04時37分52秒    0   32.61    0.00   32.61    0.00    0.00    6.52    0.00    0.00    0.00   28.26
04時37分52秒    1   34.78    0.00   14.13    0.00    0.00    2.17    0.00    0.00    0.00   48.91

04時37分52秒  CPU    %usr   %nice    %sys %iowait    %irq   %soft  %steal  %guest  %gnice   %idle
04時37分53秒    0   38.04    0.00   27.17    0.00    0.00    7.61    0.00    0.00    0.00   27.17
04時37分53秒    1   32.22    0.00   17.78    0.00    0.00    1.11    0.00    0.00    0.00   48.89

04時37分53秒  CPU    %usr   %nice    %sys %iowait    %irq   %soft  %steal  %guest  %gnice   %idle
04時37分54秒    0   41.11    0.00   28.89    0.00    0.00    6.67    0.00    0.00    0.00   23.33
04時37分54秒    1   34.41    0.00   18.28    0.00    0.00    2.15    0.00    0.00    0.00   45.16

04時37分54秒  CPU    %usr   %nice    %sys %iowait    %irq   %soft  %steal  %guest  %gnice   %idle
04時37分55秒    0   41.49    0.00   25.53    0.00    0.00    6.38    0.00    0.00    0.00   26.60
04時37分55秒    1   32.22    0.00   15.56    0.00    0.00    2.22    0.00    0.00    0.00   50.00

04時37分55秒  CPU    %usr   %nice    %sys %iowait    %irq   %soft  %steal  %guest  %gnice   %idle
04時37分56秒    0   35.48    0.00   30.11    0.00    0.00    6.45    0.00    0.00    0.00   27.96
04時37分56秒    1   34.41    0.00   13.98    0.00    0.00    2.15    0.00    0.00    0.00   49.46

04時37分56秒  CPU    %usr   %nice    %sys %iowait    %irq   %soft  %steal  %guest  %gnice   %idle
04時37分57秒    0   40.22    0.00   25.00    0.00    0.00    7.61    0.00    0.00    0.00   27.17
04時37分57秒    1   35.56    0.00   14.44    0.00    0.00    1.11    0.00    0.00    0.00   48.89

04時37分57秒  CPU    %usr   %nice    %sys %iowait    %irq   %soft  %steal  %guest  %gnice   %idle
04時37分58秒    0   40.43    0.00   25.53    0.00    0.00    6.38    0.00    0.00    0.00   27.66
04時37分58秒    1   32.97    0.00   16.48    0.00    0.00    2.20    0.00    0.00    0.00   48.35

04時37分58秒  CPU    %usr   %nice    %sys %iowait    %irq   %soft  %steal  %guest  %gnice   %idle
04時37分59秒    0   40.86    0.00   25.81    0.00    0.00    6.45    0.00    0.00    0.00   26.88
04時37分59秒    1   35.87    0.00   13.04    0.00    0.00    2.17    0.00    0.00    0.00   48.91

04時37分59秒  CPU    %usr   %nice    %sys %iowait    %irq   %soft  %steal  %guest  %gnice   %idle
04時38分00秒    0   39.13    0.00   26.09    0.00    0.00    6.52    0.00    0.00    0.00   28.26
04時38分00秒    1   29.67    0.00   18.68    0.00    0.00    2.20    0.00    0.00    0.00   49.45

04時38分00秒  CPU    %usr   %nice    %sys %iowait    %irq   %soft  %steal  %guest  %gnice   %idle
04時38分01秒    0   36.96    0.00   28.26    0.00    0.00    6.52    0.00    0.00    0.00   28.26
04時38分01秒    1   30.11    0.00   18.28    0.00    0.00    2.15    0.00    0.00    0.00   49.46

04時38分01秒  CPU    %usr   %nice    %sys %iowait    %irq   %soft  %steal  %guest  %gnice   %idle
04時38分02秒    0   40.43    0.00   25.53    0.00    0.00    6.38    0.00    0.00    0.00   27.66
04時38分02秒    1   34.78    0.00   15.22    0.00    0.00    1.09    0.00    0.00    0.00   48.91

04時38分02秒  CPU    %usr   %nice    %sys %iowait    %irq   %soft  %steal  %guest  %gnice   %idle
04時38分03秒    0   39.13    0.00   28.26    0.00    0.00    6.52    0.00    0.00    0.00   26.09
04時38分03秒    1   32.97    0.00   17.58    0.00    0.00    2.20    0.00    0.00    0.00   47.25

04時38分03秒  CPU    %usr   %nice    %sys %iowait    %irq   %soft  %steal  %guest  %gnice   %idle
04時38分04秒    0   34.41    0.00   31.18    0.00    0.00    7.53    0.00    0.00    0.00   26.88
04時38分04秒    1   29.35    0.00   19.57    0.00    0.00    2.17    0.00    0.00    0.00   48.91

04時38分04秒  CPU    %usr   %nice    %sys %iowait    %irq   %soft  %steal  %guest  %gnice   %idle
04時38分05秒    0   39.78    0.00   26.88    0.00    0.00    6.45    0.00    0.00    0.00   26.88
04時38分05秒    1   33.70    0.00   16.30    0.00    0.00    2.17    0.00    0.00    0.00   47.83

04時38分05秒  CPU    %usr   %nice    %sys %iowait    %irq   %soft  %steal  %guest  %gnice   %idle
04時38分06秒    0   31.11    0.00   34.44    0.00    1.11    6.67    0.00    0.00    0.00   26.67
04時38分06秒    1   36.26    0.00   13.19    0.00    0.00    2.20    0.00    0.00    0.00   48.35

04時38分06秒  CPU    %usr   %nice    %sys %iowait    %irq   %soft  %steal  %guest  %gnice   %idle
04時38分07秒    0   41.30    0.00   22.83    0.00    0.00    6.52    0.00    0.00    0.00   29.35
04時38分07秒    1   35.16    0.00   13.19    0.00    0.00    1.10    0.00    0.00    0.00   50.55

04時38分07秒  CPU    %usr   %nice    %sys %iowait    %irq   %soft  %steal  %guest  %gnice   %idle
04時38分08秒    0   37.78    0.00   27.78    0.00    0.00    6.67    0.00    0.00    0.00   27.78
04時38分08秒    1   32.61    0.00   17.39    0.00    0.00    2.17    0.00    0.00    0.00   47.83

04時38分08秒  CPU    %usr   %nice    %sys %iowait    %irq   %soft  %steal  %guest  %gnice   %idle
04時38分09秒    0   40.22    0.00   26.09    0.00    0.00    6.52    0.00    0.00    0.00   27.17
04時38分09秒    1   31.87    0.00   17.58    0.00    0.00    2.20    0.00    0.00    0.00   48.35

04時38分09秒  CPU    %usr   %nice    %sys %iowait    %irq   %soft  %steal  %guest  %gnice   %idle
04時38分10秒    0   43.62    0.00   24.47    0.00    0.00    7.45    0.00    0.00    0.00   24.47
04時38分10秒    1   31.18    0.00   19.35    0.00    0.00    2.15    0.00    0.00    0.00   47.31

04時38分10秒  CPU    %usr   %nice    %sys %iowait    %irq   %soft  %steal  %guest  %gnice   %idle
04時38分11秒    0   39.13    0.00   27.17    0.00    0.00    6.52    0.00    0.00    0.00   27.17
04時38分11秒    1   34.78    0.00   16.30    0.00    0.00    1.09    0.00    0.00    0.00   47.83

04時38分11秒  CPU    %usr   %nice    %sys %iowait    %irq   %soft  %steal  %guest  %gnice   %idle
04時38分12秒    0   39.13    0.00   28.26    0.00    0.00    6.52    0.00    0.00    0.00   26.09
04時38分12秒    1   35.56    0.00   13.33    0.00    0.00    2.22    0.00    0.00    0.00   48.89

04時38分12秒  CPU    %usr   %nice    %sys %iowait    %irq   %soft  %steal  %guest  %gnice   %idle
04時38分13秒    0   38.54    0.00   28.12    0.00    0.00    7.29    0.00    0.00    0.00   26.04
04時38分13秒    1   34.41    0.00   15.05    0.00    1.08    2.15    0.00    0.00    0.00   47.31

04時38分13秒  CPU    %usr   %nice    %sys %iowait    %irq   %soft  %steal  %guest  %gnice   %idle
04時38分14秒    0   35.56    0.00   27.78    0.00    0.00    6.67    0.00    0.00    0.00   30.00
04時38分14秒    1   30.77    0.00   16.48    0.00    0.00    2.20    0.00    0.00    0.00   50.55

04時38分14秒  CPU    %usr   %nice    %sys %iowait    %irq   %soft  %steal  %guest  %gnice   %idle
04時38分15秒    0   36.17    0.00   28.72    0.00    0.00    6.38    0.00    0.00    0.00   28.72
04時38分15秒    1   30.77    0.00   17.58    0.00    0.00    2.20    0.00    0.00    0.00   49.45

04時38分15秒  CPU    %usr   %nice    %sys %iowait    %irq   %soft  %steal  %guest  %gnice   %idle
04時38分16秒    0   38.30    0.00   28.72    0.00    0.00    6.38    0.00    0.00    0.00   26.60
04時38分16秒    1   34.44    0.00   15.56    0.00    0.00    1.11    0.00    0.00    0.00   48.89

04時38分16秒  CPU    %usr   %nice    %sys %iowait    %irq   %soft  %steal  %guest  %gnice   %idle
04時38分17秒    0   38.04    0.00   29.35    0.00    0.00    6.52    0.00    0.00    0.00   26.09
04時38分17秒    1   35.16    0.00   15.38    0.00    0.00    2.20    0.00    0.00    0.00   47.25

04時38分17秒  CPU    %usr   %nice    %sys %iowait    %irq   %soft  %steal  %guest  %gnice   %idle
04時38分18秒    0   36.56    0.00   26.88    0.00    0.00    6.45    0.00    0.00    0.00   30.11
04時38分18秒    1   32.61    0.00   15.22    0.00    0.00    2.17    0.00    0.00    0.00   50.00

04時38分18秒  CPU    %usr   %nice    %sys %iowait    %irq   %soft  %steal  %guest  %gnice   %idle
04時38分19秒    0   38.95    0.00   29.47    0.00    0.00    7.37    0.00    0.00    0.00   24.21
04時38分19秒    1   32.97    0.00   16.48    0.00    1.10    2.20    0.00    0.00    0.00   47.25

04時38分19秒  CPU    %usr   %nice    %sys %iowait    %irq   %soft  %steal  %guest  %gnice   %idle
04時38分20秒    0   36.26    0.00   27.47    0.00    0.00    6.59    0.00    0.00    0.00   29.67
04時38分20秒    1   33.70    0.00   15.22    0.00    0.00    2.17    0.00    0.00    0.00   48.91

04時38分20秒  CPU    %usr   %nice    %sys %iowait    %irq   %soft  %steal  %guest  %gnice   %idle
04時38分21秒    0   40.22    0.00   28.26    0.00    0.00    6.52    0.00    0.00    0.00   25.00
04時38分21秒    1   33.33    0.00   17.78    0.00    0.00    1.11    0.00    0.00    0.00   47.78

04時38分21秒  CPU    %usr   %nice    %sys %iowait    %irq   %soft  %steal  %guest  %gnice   %idle
04時38分22秒    0   33.33    0.00   29.03    0.00    0.00    6.45    0.00    0.00    0.00   31.18
04時38分22秒    1   32.61    0.00   14.13    0.00    0.00    2.17    0.00    0.00    0.00   51.09

04時38分22秒  CPU    %usr   %nice    %sys %iowait    %irq   %soft  %steal  %guest  %gnice   %idle
04時38分23秒    0   39.56    0.00   28.57    0.00    0.00    6.59    0.00    0.00    0.00   25.27
04時38分23秒    1   38.04    0.00   14.13    0.00    0.00    2.17    0.00    0.00    0.00   45.65

04時38分23秒  CPU    %usr   %nice    %sys %iowait    %irq   %soft  %steal  %guest  %gnice   %idle
04時38分24秒    0   33.33    0.00   31.11    0.00    0.00    6.67    0.00    0.00    0.00   28.89
04時38分24秒    1   33.70    0.00   15.22    0.00    0.00    2.17    0.00    0.00    0.00   48.91

04時38分24秒  CPU    %usr   %nice    %sys %iowait    %irq   %soft  %steal  %guest  %gnice   %idle
04時38分25秒    0   32.29    0.00   32.29    0.00    1.04    7.29    0.00    0.00    0.00   27.08
04時38分25秒    1   36.56    0.00   12.90    0.00    0.00    2.15    0.00    0.00    0.00   48.39

04時38分25秒  CPU    %usr   %nice    %sys %iowait    %irq   %soft  %steal  %guest  %gnice   %idle
04時38分26秒    0   40.22    0.00   25.00    0.00    0.00    6.52    0.00    0.00    0.00   28.26
04時38分26秒    1   31.82    0.00   15.91    0.00    0.00    1.14    0.00    0.00    0.00   51.14

04時38分26秒  CPU    %usr   %nice    %sys %iowait    %irq   %soft  %steal  %guest  %gnice   %idle
04時38分27秒    0   37.63    0.00   29.03    0.00    0.00    6.45    0.00    0.00    0.00   26.88
04時38分27秒    1   31.52    0.00   18.48    0.00    0.00    2.17    0.00    0.00    0.00   47.83

04時38分27秒  CPU    %usr   %nice    %sys %iowait    %irq   %soft  %steal  %guest  %gnice   %idle
04時38分28秒    0   38.30    0.00   26.60    0.00    0.00    6.38    0.00    0.00    0.00   28.72
04時38分28秒    1   31.52    0.00   17.39    0.00    0.00    2.17    0.00    0.00    0.00   48.91

04時38分28秒  CPU    %usr   %nice    %sys %iowait    %irq   %soft  %steal  %guest  %gnice   %idle
04時38分29秒    0   36.96    0.00   30.43    0.00    0.00    6.52    0.00    0.00    0.00   26.09
04時38分29秒    1   32.22    0.00   17.78    0.00    0.00    2.22    0.00    0.00    0.00   47.78

04時38分29秒  CPU    %usr   %nice    %sys %iowait    %irq   %soft  %steal  %guest  %gnice   %idle
04時38分30秒    0   40.43    0.00   26.60    0.00    0.00    7.45    0.00    0.00    0.00   25.53
04時38分30秒    1   29.35    0.00   21.74    0.00    0.00    2.17    0.00    0.00    0.00   46.74

04時38分30秒  CPU    %usr   %nice    %sys %iowait    %irq   %soft  %steal  %guest  %gnice   %idle
04時38分31秒    0   38.46    0.00   27.47    0.00    0.00    6.59    0.00    0.00    0.00   27.47
04時38分31秒    1   33.71    0.00   17.98    0.00    0.00    2.25    0.00    0.00    0.00   46.07

04時38分31秒  CPU    %usr   %nice    %sys %iowait    %irq   %soft  %steal  %guest  %gnice   %idle
04時38分32秒    0   41.76    0.00   25.27    0.00    0.00    6.59    0.00    0.00    0.00   26.37
04時38分32秒    1   36.67    0.00   13.33    0.00    0.00    1.11    0.00    0.00    0.00   48.89

04時38分32秒  CPU    %usr   %nice    %sys %iowait    %irq   %soft  %steal  %guest  %gnice   %idle
04時38分33秒    0   36.26    0.00   27.47    0.00    0.00    6.59    0.00    0.00    0.00   29.67
04時38分33秒    1   34.04    0.00   15.96    0.00    0.00    2.13    0.00    0.00    0.00   47.87

04時38分33秒  CPU    %usr   %nice    %sys %iowait    %irq   %soft  %steal  %guest  %gnice   %idle
04時38分34秒    0   40.43    0.00   26.60    0.00    0.00    7.45    0.00    0.00    0.00   25.53
04時38分34秒    1   33.33    0.00   16.67    0.00    0.00    2.22    0.00    0.00    0.00   47.78

04時38分34秒  CPU    %usr   %nice    %sys %iowait    %irq   %soft  %steal  %guest  %gnice   %idle
04時38分35秒    0   40.66    0.00   23.08    0.00    0.00    5.49    0.00    0.00    0.00   30.77
04時38分35秒    1   35.48    0.00   12.90    0.00    0.00    2.15    0.00    0.00    0.00   49.46

04時38分35秒  CPU    %usr   %nice    %sys %iowait    %irq   %soft  %steal  %guest  %gnice   %idle
04時38分36秒    0   37.36    0.00   28.57    0.00    0.00    7.69    0.00    0.00    0.00   26.37
04時38分36秒    1   33.33    0.00   16.67    0.00    0.00    1.11    0.00    0.00    0.00   48.89

04時38分36秒  CPU    %usr   %nice    %sys %iowait    %irq   %soft  %steal  %guest  %gnice   %idle
04時38分37秒    0   37.36    0.00   27.47    0.00    0.00    6.59    0.00    0.00    0.00   28.57
04時38分37秒    1   32.97    0.00   15.38    0.00    0.00    2.20    0.00    0.00    0.00   49.45

04時38分37秒  CPU    %usr   %nice    %sys %iowait    %irq   %soft  %steal  %guest  %gnice   %idle
04時38分38秒    0   34.83    0.00   30.34    0.00    0.00    6.74    0.00    0.00    0.00   28.09
04時38分38秒    1   34.04    0.00   17.02    0.00    0.00    2.13    0.00    0.00    0.00   46.81

04時38分38秒  CPU    %usr   %nice    %sys %iowait    %irq   %soft  %steal  %guest  %gnice   %idle
04時38分39秒    0   40.86    0.00   26.88    0.00    0.00    6.45    0.00    0.00    0.00   25.81
04時38分39秒    1   31.87    0.00   18.68    0.00    0.00    2.20    0.00    0.00    0.00   47.25

04時38分39秒  CPU    %usr   %nice    %sys %iowait    %irq   %soft  %steal  %guest  %gnice   %idle
04時38分40秒    0   37.89    0.00   26.32    0.00    0.00    7.37    0.00    0.00    0.00   28.42
04時38分40秒    1   32.97    0.00   15.38    0.00    0.00    2.20    0.00    0.00    0.00   49.45

04時38分40秒  CPU    %usr   %nice    %sys %iowait    %irq   %soft  %steal  %guest  %gnice   %idle
04時38分41秒    0   36.96    0.00   27.17    0.00    0.00    6.52    0.00    0.00    0.00   29.35
04時38分41秒    1   29.35    0.00   18.48    0.00    0.00    1.09    0.00    0.00    0.00   51.09

04時38分41秒  CPU    %usr   %nice    %sys %iowait    %irq   %soft  %steal  %guest  %gnice   %idle
04時38分42秒    0   36.96    0.00   30.43    0.00    0.00    6.52    0.00    0.00    0.00   26.09
04時38分42秒    1   32.97    0.00   17.58    0.00    0.00    2.20    0.00    0.00    0.00   47.25

04時38分42秒  CPU    %usr   %nice    %sys %iowait    %irq   %soft  %steal  %guest  %gnice   %idle
04時38分43秒    0   36.56    0.00   26.88    0.00    1.08    6.45    0.00    0.00    0.00   29.03
04時38分43秒    1   34.44    0.00   13.33    0.00    0.00    2.22    0.00    0.00    0.00   50.00

04時38分43秒  CPU    %usr   %nice    %sys %iowait    %irq   %soft  %steal  %guest  %gnice   %idle
04時38分44秒    0   37.63    0.00   29.03    0.00    0.00    6.45    0.00    0.00    0.00   26.88
04時38分44秒    1   34.04    0.00   14.89    0.00    1.06    2.13    0.00    0.00    0.00   47.87

04時38分44秒  CPU    %usr   %nice    %sys %iowait    %irq   %soft  %steal  %guest  %gnice   %idle
04時38分45秒    0   34.44    0.00   31.11    0.00    0.00    6.67    0.00    0.00    0.00   27.78
04時38分45秒    1   33.33    0.00   15.56    0.00    0.00    2.22    0.00    0.00    0.00   48.89

04時38分45秒  CPU    %usr   %nice    %sys %iowait    %irq   %soft  %steal  %guest  %gnice   %idle
04時38分46秒    0   38.71    0.00   26.88    0.00    0.00    7.53    0.00    0.00    0.00   26.88
04時38分46秒    1   32.97    0.00   17.58    0.00    0.00    1.10    0.00    0.00    0.00   48.35

04時38分46秒  CPU    %usr   %nice    %sys %iowait    %irq   %soft  %steal  %guest  %gnice   %idle
04時38分47秒    0   39.56    0.00   26.37    0.00    0.00    6.59    0.00    0.00    0.00   27.47
04時38分47秒    1   30.77    0.00   17.58    0.00    0.00    2.20    0.00    0.00    0.00   49.45

04時38分47秒  CPU    %usr   %nice    %sys %iowait    %irq   %soft  %steal  %guest  %gnice   %idle
04時38分48秒    0   34.04    0.00   30.85    0.00    0.00    6.38    0.00    0.00    0.00   28.72
04時38分48秒    1   32.61    0.00   16.30    0.00    0.00    2.17    0.00    0.00    0.00   48.91

04時38分48秒  CPU    %usr   %nice    %sys %iowait    %irq   %soft  %steal  %guest  %gnice   %idle
04時38分49秒    0   38.04    0.00   28.26    0.00    0.00    6.52    0.00    0.00    0.00   27.17
04時38分49秒    1   33.70    0.00   16.30    0.00    0.00    2.17    0.00    0.00    0.00   47.83

04時38分49秒  CPU    %usr   %nice    %sys %iowait    %irq   %soft  %steal  %guest  %gnice   %idle
04時38分50秒    0   38.46    0.00   27.47    0.00    0.00    6.59    0.00    0.00    0.00   27.47
04時38分50秒    1   35.56    0.00   14.44    0.00    0.00    1.11    0.00    0.00    0.00   48.89

04時38分50秒  CPU    %usr   %nice    %sys %iowait    %irq   %soft  %steal  %guest  %gnice   %idle
04時38分51秒    0   38.71    0.00   27.96    0.00    0.00    6.45    0.00    0.00    0.00   26.88
04時38分51秒    1   32.98    0.00   17.02    0.00    0.00    2.13    0.00    0.00    0.00   47.87

04時38分51秒  CPU    %usr   %nice    %sys %iowait    %irq   %soft  %steal  %guest  %gnice   %idle
04時38分52秒    0   35.87    0.00   30.43    0.00    0.00    7.61    0.00    0.00    0.00   26.09
04時38分52秒    1   30.77    0.00   19.78    0.00    0.00    2.20    0.00    0.00    0.00   47.25

04時38分52秒  CPU    %usr   %nice    %sys %iowait    %irq   %soft  %steal  %guest  %gnice   %idle
04時38分53秒    0   40.86    0.00   29.03    0.00    0.00    6.45    0.00    0.00    0.00   23.66
04時38分53秒    1   32.97    0.00   17.58    0.00    0.00    2.20    0.00    0.00    0.00   47.25

04時38分53秒  CPU    %usr   %nice    %sys %iowait    %irq   %soft  %steal  %guest  %gnice   %idle
04時38分54秒    0   45.65    0.00   20.65    0.00    0.00    6.52    0.00    0.00    0.00   27.17
04時38分54秒    1   35.48    0.00   13.98    0.00    0.00    2.15    0.00    0.00    0.00   48.39

04時38分54秒  CPU    %usr   %nice    %sys %iowait    %irq   %soft  %steal  %guest  %gnice   %idle
04時38分55秒    0   36.96    0.00   29.35    0.00    0.00    7.61    0.00    0.00    0.00   26.09
04時38分55秒    1   35.16    0.00   15.38    0.00    0.00    2.20    0.00    0.00    0.00   47.25

04時38分55秒  CPU    %usr   %nice    %sys %iowait    %irq   %soft  %steal  %guest  %gnice   %idle
04時38分56秒    0   35.16    0.00   29.67    0.00    0.00    6.59    0.00    0.00    0.00   28.57
04時38分56秒    1   31.11    0.00   17.78    0.00    0.00    1.11    0.00    0.00    0.00   50.00

04時38分56秒  CPU    %usr   %nice    %sys %iowait    %irq   %soft  %steal  %guest  %gnice   %idle
04時38分57秒    0   38.71    0.00   27.96    0.00    0.00    6.45    0.00    0.00    0.00   26.88
04時38分57秒    1   34.41    0.00   17.20    0.00    0.00    2.15    0.00    0.00    0.00   46.24

04時38分57秒  CPU    %usr   %nice    %sys %iowait    %irq   %soft  %steal  %guest  %gnice   %idle
04時38分58秒    0   41.30    0.00   23.91    0.00    0.00    6.52    0.00    0.00    0.00   28.26
04時38分58秒    1   33.33    0.00   14.44    0.00    0.00    2.22    0.00    0.00    0.00   50.00

04時38分58秒  CPU    %usr   %nice    %sys %iowait    %irq   %soft  %steal  %guest  %gnice   %idle
04時38分59秒    0   42.71    0.00   25.00    0.00    0.00    6.25    0.00    0.00    0.00   26.04
04時38分59秒    1   31.87    0.00   23.08    0.00    0.00    2.20    0.00    0.00    0.00   42.86

04時38分59秒  CPU    %usr   %nice    %sys %iowait    %irq   %soft  %steal  %guest  %gnice   %idle
04時39分00秒    0   41.49    0.00   25.53    0.00    0.00    7.45    0.00    0.00    0.00   25.53
04時39分00秒    1   34.09    0.00   19.32    0.00    0.00    2.27    0.00    0.00    0.00   44.32

04時39分00秒  CPU    %usr   %nice    %sys %iowait    %irq   %soft  %steal  %guest  %gnice   %idle
04時39分01秒    0   37.78    0.00   27.78    0.00    0.00    6.67    0.00    0.00    0.00   27.78
04時39分01秒    1   32.97    0.00   16.48    0.00    0.00    2.20    0.00    0.00    0.00   48.35

04時39分01秒  CPU    %usr   %nice    %sys %iowait    %irq   %soft  %steal  %guest  %gnice   %idle
04時39分02秒    0   35.11    0.00   25.53    0.00    1.06    6.38    0.00    0.00    0.00   31.91
04時39分02秒    1   33.33    0.00   13.33    0.00    0.00    1.11    0.00    0.00    0.00   52.22

04時39分02秒  CPU    %usr   %nice    %sys %iowait    %irq   %soft  %steal  %guest  %gnice   %idle
04時39分03秒    0   38.71    0.00   30.11    0.00    0.00    6.45    0.00    0.00    0.00   24.73
04時39分03秒    1   33.70    0.00   17.39    0.00    0.00    2.17    0.00    0.00    0.00   46.74

04時39分03秒  CPU    %usr   %nice    %sys %iowait    %irq   %soft  %steal  %guest  %gnice   %idle
04時39分04秒    0   34.83    0.00   29.21    0.00    0.00    6.74    0.00    0.00    0.00   29.21
04時39分04秒    1   32.26    0.00   17.20    0.00    0.00    2.15    0.00    0.00    0.00   48.39

04時39分04秒  CPU    %usr   %nice    %sys %iowait    %irq   %soft  %steal  %guest  %gnice   %idle
04時39分05秒    0   36.96    0.00   31.52    0.00    0.00    6.52    0.00    0.00    0.00   25.00
04時39分05秒    1   34.07    0.00   17.58    0.00    0.00    2.20    0.00    0.00    0.00   46.15

04時39分05秒  CPU    %usr   %nice    %sys %iowait    %irq   %soft  %steal  %guest  %gnice   %idle
04時39分06秒    0   36.96    0.00   27.17    0.00    0.00    7.61    0.00    0.00    0.00   28.26
04時39分06秒    1   34.41    0.00   16.13    0.00    0.00    2.15    0.00    0.00    0.00   47.31

平均時間：  CPU    %usr   %nice    %sys %iowait    %irq   %soft  %steal  %guest  %gnice   %idle
平均時間：    0   38.00    0.00   28.01    0.00    0.06    6.72    0.00    0.00    0.00   27.20
平均時間：    1   33.42    0.00   16.28    0.00    0.05    1.96    0.00    0.00    0.00   48.30
