Linux 5.6.15-arch1-1 (archlinux) 	西元2020年06月29日 	_x86_64_	(12 CPU)

04時42分20秒  CPU    %usr   %nice    %sys %iowait    %irq   %soft  %steal  %guest  %gnice   %idle
04時42分21秒    0   40.66    0.00   26.37    0.00    0.00    6.59    0.00    0.00    0.00   26.37
04時42分21秒    1   30.43    0.00   21.74    0.00    0.00    2.17    0.00    0.00    0.00   45.65

04時42分21秒  CPU    %usr   %nice    %sys %iowait    %irq   %soft  %steal  %guest  %gnice   %idle
04時42分22秒    0   32.97    0.00   30.77    0.00    0.00    6.59    0.00    0.00    0.00   29.67
04時42分22秒    1   34.41    0.00   15.05    0.00    0.00    2.15    0.00    0.00    0.00   48.39

04時42分22秒  CPU    %usr   %nice    %sys %iowait    %irq   %soft  %steal  %guest  %gnice   %idle
04時42分23秒    0   39.13    0.00   26.09    0.00    0.00    6.52    0.00    0.00    0.00   28.26
04時42分23秒    1   36.96    0.00   13.04    0.00    0.00    1.09    0.00    0.00    0.00   48.91

04時42分23秒  CPU    %usr   %nice    %sys %iowait    %irq   %soft  %steal  %guest  %gnice   %idle
04時42分24秒    0   36.56    0.00   30.11    0.00    0.00    6.45    0.00    0.00    0.00   26.88
04時42分24秒    1   34.41    0.00   15.05    0.00    1.08    2.15    0.00    0.00    0.00   47.31

04時42分24秒  CPU    %usr   %nice    %sys %iowait    %irq   %soft  %steal  %guest  %gnice   %idle
04時42分25秒    0   37.36    0.00   28.57    0.00    0.00    6.59    0.00    0.00    0.00   27.47
04時42分25秒    1   32.26    0.00   18.28    0.00    0.00    2.15    0.00    0.00    0.00   47.31

04時42分25秒  CPU    %usr   %nice    %sys %iowait    %irq   %soft  %steal  %guest  %gnice   %idle
04時42分26秒    0   39.78    0.00   26.88    0.00    0.00    6.45    0.00    0.00    0.00   26.88
04時42分26秒    1   31.87    0.00   18.68    0.00    0.00    2.20    0.00    0.00    0.00   47.25

04時42分26秒  CPU    %usr   %nice    %sys %iowait    %irq   %soft  %steal  %guest  %gnice   %idle
04時42分27秒    0   35.16    0.00   31.87    0.00    0.00    6.59    0.00    0.00    0.00   26.37
04時42分27秒    1   39.56    0.00   13.19    0.00    0.00    1.10    0.00    0.00    0.00   46.15

04時42分27秒  CPU    %usr   %nice    %sys %iowait    %irq   %soft  %steal  %guest  %gnice   %idle
04時42分28秒    0   35.87    0.00   29.35    0.00    0.00    6.52    0.00    0.00    0.00   28.26
04時42分28秒    1   35.48    0.00   15.05    0.00    0.00    3.23    0.00    0.00    0.00   46.24

04時42分28秒  CPU    %usr   %nice    %sys %iowait    %irq   %soft  %steal  %guest  %gnice   %idle
04時42分29秒    0   35.56    0.00   27.78    0.00    1.11    6.67    0.00    0.00    0.00   28.89
04時42分29秒    1   30.77    0.00   19.78    0.00    0.00    2.20    0.00    0.00    0.00   47.25

04時42分29秒  CPU    %usr   %nice    %sys %iowait    %irq   %soft  %steal  %guest  %gnice   %idle
04時42分30秒    0   38.04    0.00   28.26    0.00    0.00    6.52    0.00    0.00    0.00   27.17
04時42分30秒    1   29.67    0.00   20.88    0.00    0.00    3.30    0.00    0.00    0.00   46.15

04時42分30秒  CPU    %usr   %nice    %sys %iowait    %irq   %soft  %steal  %guest  %gnice   %idle
04時42分31秒    0   43.16    0.00   24.21    0.00    0.00    6.32    0.00    0.00    0.00   26.32
04時42分31秒    1   34.44    0.00   18.89    0.00    0.00    2.22    0.00    0.00    0.00   44.44

04時42分31秒  CPU    %usr   %nice    %sys %iowait    %irq   %soft  %steal  %guest  %gnice   %idle
04時42分32秒    0   35.16    0.00   30.77    0.00    0.00    6.59    0.00    0.00    0.00   27.47
04時42分32秒    1   32.98    0.00   17.02    0.00    0.00    2.13    0.00    0.00    0.00   47.87

04時42分32秒  CPU    %usr   %nice    %sys %iowait    %irq   %soft  %steal  %guest  %gnice   %idle
04時42分33秒    0   34.41    0.00   31.18    0.00    0.00    6.45    0.00    0.00    0.00   27.96
04時42分33秒    1   32.97    0.00   18.68    0.00    0.00    2.20    0.00    0.00    0.00   46.15

04時42分33秒  CPU    %usr   %nice    %sys %iowait    %irq   %soft  %steal  %guest  %gnice   %idle
04時42分34秒    0   38.20    0.00   24.72    0.00    0.00    6.74    0.00    0.00    0.00   30.34
04時42分34秒    1   35.96    0.00   12.36    0.00    0.00    1.12    0.00    0.00    0.00   50.56

04時42分34秒  CPU    %usr   %nice    %sys %iowait    %irq   %soft  %steal  %guest  %gnice   %idle
04時42分35秒    0   37.23    0.00   28.72    0.00    0.00    6.38    0.00    0.00    0.00   27.66
04時42分35秒    1   32.98    0.00   17.02    0.00    0.00    2.13    0.00    0.00    0.00   47.87

04時42分35秒  CPU    %usr   %nice    %sys %iowait    %irq   %soft  %steal  %guest  %gnice   %idle
04時42分36秒    0   40.86    0.00   25.81    0.00    0.00    6.45    0.00    0.00    0.00   26.88
04時42分36秒    1   35.56    0.00   13.33    0.00    0.00    2.22    0.00    0.00    0.00   48.89

04時42分36秒  CPU    %usr   %nice    %sys %iowait    %irq   %soft  %steal  %guest  %gnice   %idle
04時42分37秒    0   36.96    0.00   29.35    0.00    0.00    6.52    0.00    0.00    0.00   27.17
04時42分37秒    1   33.33    0.00   18.28    0.00    0.00    2.15    0.00    0.00    0.00   46.24

04時42分37秒  CPU    %usr   %nice    %sys %iowait    %irq   %soft  %steal  %guest  %gnice   %idle
04時42分38秒    0   36.96    0.00   28.26    0.00    0.00    6.52    0.00    0.00    0.00   28.26
04時42分38秒    1   31.11    0.00   16.67    0.00    0.00    1.11    0.00    0.00    0.00   51.11

04時42分38秒  CPU    %usr   %nice    %sys %iowait    %irq   %soft  %steal  %guest  %gnice   %idle
04時42分39秒    0   37.63    0.00   26.88    0.00    0.00    6.45    0.00    0.00    0.00   29.03
04時42分39秒    1   32.61    0.00   16.30    0.00    0.00    2.17    0.00    0.00    0.00   48.91

04時42分39秒  CPU    %usr   %nice    %sys %iowait    %irq   %soft  %steal  %guest  %gnice   %idle
04時42分40秒    0   34.78    0.00   28.26    0.00    0.00    6.52    0.00    0.00    0.00   30.43
04時42分40秒    1   29.67    0.00   17.58    0.00    0.00    2.20    0.00    0.00    0.00   50.55

04時42分40秒  CPU    %usr   %nice    %sys %iowait    %irq   %soft  %steal  %guest  %gnice   %idle
04時42分41秒    0   38.46    0.00   27.47    0.00    0.00    6.59    0.00    0.00    0.00   27.47
04時42分41秒    1   36.67    0.00   13.33    0.00    0.00    1.11    0.00    0.00    0.00   48.89

04時42分41秒  CPU    %usr   %nice    %sys %iowait    %irq   %soft  %steal  %guest  %gnice   %idle
04時42分42秒    0   36.17    0.00   29.79    0.00    0.00    6.38    0.00    0.00    0.00   27.66
04時42分42秒    1   32.97    0.00   15.38    0.00    0.00    2.20    0.00    0.00    0.00   49.45

04時42分42秒  CPU    %usr   %nice    %sys %iowait    %irq   %soft  %steal  %guest  %gnice   %idle
04時42分43秒    0   38.89    0.00   23.33    0.00    0.00    6.67    0.00    0.00    0.00   31.11
04時42分43秒    1   29.67    0.00   17.58    0.00    0.00    2.20    0.00    0.00    0.00   50.55

04時42分43秒  CPU    %usr   %nice    %sys %iowait    %irq   %soft  %steal  %guest  %gnice   %idle
04時42分44秒    0   34.04    0.00   30.85    0.00    0.00    6.38    0.00    0.00    0.00   28.72
04時42分44秒    1   33.33    0.00   15.05    0.00    0.00    2.15    0.00    0.00    0.00   49.46

04時42分44秒  CPU    %usr   %nice    %sys %iowait    %irq   %soft  %steal  %guest  %gnice   %idle
04時42分45秒    0   40.22    0.00   26.09    0.00    0.00    6.52    0.00    0.00    0.00   27.17
04時42分45秒    1   38.89    0.00   12.22    0.00    0.00    1.11    0.00    0.00    0.00   47.78

04時42分45秒  CPU    %usr   %nice    %sys %iowait    %irq   %soft  %steal  %guest  %gnice   %idle
04時42分46秒    0   36.26    0.00   29.67    0.00    0.00    6.59    0.00    0.00    0.00   27.47
04時42分46秒    1   34.07    0.00   15.38    0.00    0.00    2.20    0.00    0.00    0.00   48.35

04時42分46秒  CPU    %usr   %nice    %sys %iowait    %irq   %soft  %steal  %guest  %gnice   %idle
04時42分47秒    0   41.30    0.00   26.09    0.00    0.00    6.52    0.00    0.00    0.00   26.09
04時42分47秒    1   32.97    0.00   17.58    0.00    0.00    2.20    0.00    0.00    0.00   47.25

04時42分47秒  CPU    %usr   %nice    %sys %iowait    %irq   %soft  %steal  %guest  %gnice   %idle
04時42分48秒    0   34.44    0.00   30.00    0.00    1.11    6.67    0.00    0.00    0.00   27.78
04時42分48秒    1   36.26    0.00   13.19    0.00    0.00    2.20    0.00    0.00    0.00   48.35

04時42分48秒  CPU    %usr   %nice    %sys %iowait    %irq   %soft  %steal  %guest  %gnice   %idle
04時42分49秒    0   36.26    0.00   28.57    0.00    0.00    6.59    0.00    0.00    0.00   28.57
04時42分49秒    1   33.71    0.00   16.85    0.00    0.00    1.12    0.00    0.00    0.00   48.31

04時42分49秒  CPU    %usr   %nice    %sys %iowait    %irq   %soft  %steal  %guest  %gnice   %idle
04時42分50秒    0   39.56    0.00   25.27    0.00    0.00    6.59    0.00    0.00    0.00   28.57
04時42分50秒    1   34.74    0.00   15.79    0.00    1.05    2.11    0.00    0.00    0.00   46.32

04時42分50秒  CPU    %usr   %nice    %sys %iowait    %irq   %soft  %steal  %guest  %gnice   %idle
04時42分51秒    0   37.63    0.00   26.88    0.00    0.00    6.45    0.00    0.00    0.00   29.03
04時42分51秒    1   32.97    0.00   15.38    0.00    0.00    2.20    0.00    0.00    0.00   49.45

04時42分51秒  CPU    %usr   %nice    %sys %iowait    %irq   %soft  %steal  %guest  %gnice   %idle
04時42分52秒    0   34.78    0.00   30.43    0.00    0.00    6.52    0.00    0.00    0.00   28.26
04時42分52秒    1   36.56    0.00   13.98    0.00    0.00    2.15    0.00    0.00    0.00   47.31

04時42分52秒  CPU    %usr   %nice    %sys %iowait    %irq   %soft  %steal  %guest  %gnice   %idle
04時42分53秒    0   35.16    0.00   28.57    0.00    0.00    6.59    0.00    0.00    0.00   29.67
04時42分53秒    1   31.11    0.00   16.67    0.00    0.00    1.11    0.00    0.00    0.00   51.11

04時42分53秒  CPU    %usr   %nice    %sys %iowait    %irq   %soft  %steal  %guest  %gnice   %idle
04時42分54秒    0   39.56    0.00   24.18    0.00    0.00    6.59    0.00    0.00    0.00   29.67
04時42分54秒    1   32.26    0.00   17.20    0.00    0.00    2.15    0.00    0.00    0.00   48.39

04時42分54秒  CPU    %usr   %nice    %sys %iowait    %irq   %soft  %steal  %guest  %gnice   %idle
04時42分55秒    0   37.63    0.00   29.03    0.00    0.00    6.45    0.00    0.00    0.00   26.88
04時42分55秒    1   34.07    0.00   20.88    0.00    0.00    2.20    0.00    0.00    0.00   42.86

04時42分55秒  CPU    %usr   %nice    %sys %iowait    %irq   %soft  %steal  %guest  %gnice   %idle
04時42分56秒    0   37.78    0.00   27.78    0.00    0.00    6.67    0.00    0.00    0.00   27.78
04時42分56秒    1   35.96    0.00   17.98    0.00    0.00    2.25    0.00    0.00    0.00   43.82

04時42分56秒  CPU    %usr   %nice    %sys %iowait    %irq   %soft  %steal  %guest  %gnice   %idle
04時42分57秒    0   36.56    0.00   30.11    0.00    0.00    7.53    0.00    0.00    0.00   25.81
04時42分57秒    1   32.58    0.00   21.35    0.00    0.00    2.25    0.00    0.00    0.00   43.82

04時42分57秒  CPU    %usr   %nice    %sys %iowait    %irq   %soft  %steal  %guest  %gnice   %idle
04時42分58秒    0   41.76    0.00   25.27    0.00    0.00    6.59    0.00    0.00    0.00   26.37
04時42分58秒    1   29.55    0.00   23.86    0.00    0.00    3.41    0.00    0.00    0.00   43.18

04時42分58秒  CPU    %usr   %nice    %sys %iowait    %irq   %soft  %steal  %guest  %gnice   %idle
04時42分59秒    0   36.96    0.00   28.26    0.00    0.00    6.52    0.00    0.00    0.00   28.26
04時42分59秒    1   32.97    0.00   16.48    0.00    0.00    1.10    0.00    0.00    0.00   49.45

04時42分59秒  CPU    %usr   %nice    %sys %iowait    %irq   %soft  %steal  %guest  %gnice   %idle
04時43分00秒    0   34.41    0.00   31.18    0.00    0.00    6.45    0.00    0.00    0.00   27.96
04時43分00秒    1   35.87    0.00   14.13    0.00    0.00    2.17    0.00    0.00    0.00   47.83

04時43分00秒  CPU    %usr   %nice    %sys %iowait    %irq   %soft  %steal  %guest  %gnice   %idle
04時43分01秒    0   39.78    0.00   26.88    0.00    0.00    6.45    0.00    0.00    0.00   26.88
04時43分01秒    1   32.61    0.00   16.30    0.00    0.00    2.17    0.00    0.00    0.00   48.91

04時43分01秒  CPU    %usr   %nice    %sys %iowait    %irq   %soft  %steal  %guest  %gnice   %idle
04時43分02秒    0   35.87    0.00   29.35    0.00    0.00    6.52    0.00    0.00    0.00   28.26
04時43分02秒    1   35.87    0.00   15.22    0.00    0.00    1.09    0.00    0.00    0.00   47.83

04時43分02秒  CPU    %usr   %nice    %sys %iowait    %irq   %soft  %steal  %guest  %gnice   %idle
04時43分03秒    0   36.96    0.00   28.26    0.00    0.00    6.52    0.00    0.00    0.00   28.26
04時43分03秒    1   34.44    0.00   13.33    0.00    0.00    2.22    0.00    0.00    0.00   50.00

04時43分03秒  CPU    %usr   %nice    %sys %iowait    %irq   %soft  %steal  %guest  %gnice   %idle
04時43分04秒    0   39.36    0.00   25.53    0.00    0.00    6.38    0.00    0.00    0.00   28.72
04時43分04秒    1   32.61    0.00   16.30    0.00    0.00    2.17    0.00    0.00    0.00   48.91

04時43分04秒  CPU    %usr   %nice    %sys %iowait    %irq   %soft  %steal  %guest  %gnice   %idle
04時43分05秒    0   40.00    0.00   27.78    0.00    0.00    6.67    0.00    0.00    0.00   25.56
04時43分05秒    1   36.17    0.00   13.83    0.00    0.00    2.13    0.00    0.00    0.00   47.87

04時43分05秒  CPU    %usr   %nice    %sys %iowait    %irq   %soft  %steal  %guest  %gnice   %idle
04時43分06秒    0   38.46    0.00   28.57    0.00    0.00    6.59    0.00    0.00    0.00   26.37
04時43分06秒    1   32.97    0.00   19.78    0.00    0.00    1.10    0.00    0.00    0.00   46.15

04時43分06秒  CPU    %usr   %nice    %sys %iowait    %irq   %soft  %steal  %guest  %gnice   %idle
04時43分07秒    0   34.78    0.00   30.43    0.00    1.09    6.52    0.00    0.00    0.00   27.17
04時43分07秒    1   31.87    0.00   17.58    0.00    0.00    2.20    0.00    0.00    0.00   48.35

04時43分07秒  CPU    %usr   %nice    %sys %iowait    %irq   %soft  %steal  %guest  %gnice   %idle
04時43分08秒    0   33.70    0.00   29.35    0.00    0.00    6.52    0.00    0.00    0.00   30.43
04時43分08秒    1   33.33    0.00   15.05    0.00    0.00    2.15    0.00    0.00    0.00   49.46

04時43分08秒  CPU    %usr   %nice    %sys %iowait    %irq   %soft  %steal  %guest  %gnice   %idle
04時43分09秒    0   37.36    0.00   27.47    0.00    0.00    6.59    0.00    0.00    0.00   28.57
04時43分09秒    1   36.96    0.00   15.22    0.00    0.00    2.17    0.00    0.00    0.00   45.65

04時43分09秒  CPU    %usr   %nice    %sys %iowait    %irq   %soft  %steal  %guest  %gnice   %idle
04時43分10秒    0   38.04    0.00   28.26    0.00    0.00    6.52    0.00    0.00    0.00   27.17
04時43分10秒    1   34.83    0.00   13.48    0.00    0.00    1.12    0.00    0.00    0.00   50.56

04時43分10秒  CPU    %usr   %nice    %sys %iowait    %irq   %soft  %steal  %guest  %gnice   %idle
04時43分11秒    0   38.04    0.00   28.26    0.00    0.00    6.52    0.00    0.00    0.00   27.17
04時43分11秒    1   35.11    0.00   17.02    0.00    0.00    2.13    0.00    0.00    0.00   45.74

04時43分11秒  CPU    %usr   %nice    %sys %iowait    %irq   %soft  %steal  %guest  %gnice   %idle
04時43分12秒    0   40.22    0.00   26.09    0.00    0.00    6.52    0.00    0.00    0.00   27.17
04時43分12秒    1   34.78    0.00   14.13    0.00    0.00    2.17    0.00    0.00    0.00   48.91

04時43分12秒  CPU    %usr   %nice    %sys %iowait    %irq   %soft  %steal  %guest  %gnice   %idle
04時43分13秒    0   37.78    0.00   26.67    0.00    0.00    6.67    0.00    0.00    0.00   28.89
04時43分13秒    1   34.41    0.00   16.13    0.00    0.00    2.15    0.00    0.00    0.00   47.31

04時43分13秒  CPU    %usr   %nice    %sys %iowait    %irq   %soft  %steal  %guest  %gnice   %idle
04時43分14秒    0   43.96    0.00   23.08    0.00    0.00    6.59    0.00    0.00    0.00   26.37
04時43分14秒    1   32.22    0.00   17.78    0.00    0.00    1.11    0.00    0.00    0.00   48.89

04時43分14秒  CPU    %usr   %nice    %sys %iowait    %irq   %soft  %steal  %guest  %gnice   %idle
04時43分15秒    0   38.71    0.00   29.03    0.00    0.00    6.45    0.00    0.00    0.00   25.81
04時43分15秒    1   32.26    0.00   18.28    0.00    1.08    2.15    0.00    0.00    0.00   46.24

04時43分15秒  CPU    %usr   %nice    %sys %iowait    %irq   %soft  %steal  %guest  %gnice   %idle
04時43分16秒    0   37.36    0.00   26.37    0.00    0.00    6.59    0.00    0.00    0.00   29.67
04時43分16秒    1   32.95    0.00   13.64    0.00    0.00    2.27    0.00    0.00    0.00   51.14

04時43分16秒  CPU    %usr   %nice    %sys %iowait    %irq   %soft  %steal  %guest  %gnice   %idle
04時43分17秒    0   32.22    0.00   32.22    0.00    0.00    6.67    0.00    0.00    0.00   28.89
04時43分17秒    1   38.95    0.00   11.58    0.00    0.00    2.11    0.00    0.00    0.00   47.37

04時43分17秒  CPU    %usr   %nice    %sys %iowait    %irq   %soft  %steal  %guest  %gnice   %idle
04時43分18秒    0   40.45    0.00   25.84    0.00    0.00    6.74    0.00    0.00    0.00   26.97
04時43分18秒    1   33.33    0.00   16.67    0.00    0.00    1.11    0.00    0.00    0.00   48.89

04時43分18秒  CPU    %usr   %nice    %sys %iowait    %irq   %soft  %steal  %guest  %gnice   %idle
04時43分19秒    0   33.33    0.00   32.26    0.00    0.00    7.53    0.00    0.00    0.00   26.88
04時43分19秒    1   35.16    0.00   14.29    0.00    0.00    2.20    0.00    0.00    0.00   48.35

04時43分19秒  CPU    %usr   %nice    %sys %iowait    %irq   %soft  %steal  %guest  %gnice   %idle
04時43分20秒    0   41.30    0.00   23.91    0.00    0.00    6.52    0.00    0.00    0.00   28.26
04時43分20秒    1   31.87    0.00   16.48    0.00    0.00    2.20    0.00    0.00    0.00   49.45

04時43分20秒  CPU    %usr   %nice    %sys %iowait    %irq   %soft  %steal  %guest  %gnice   %idle
04時43分21秒    0   35.16    0.00   29.67    0.00    0.00    5.49    0.00    0.00    0.00   29.67
04時43分21秒    1   29.35    0.00   18.48    0.00    0.00    2.17    0.00    0.00    0.00   50.00

04時43分21秒  CPU    %usr   %nice    %sys %iowait    %irq   %soft  %steal  %guest  %gnice   %idle
04時43分22秒    0   40.43    0.00   25.53    0.00    0.00    7.45    0.00    0.00    0.00   26.60
04時43分22秒    1   34.44    0.00   16.67    0.00    0.00    1.11    0.00    0.00    0.00   47.78

04時43分22秒  CPU    %usr   %nice    %sys %iowait    %irq   %soft  %steal  %guest  %gnice   %idle
04時43分23秒    0   35.48    0.00   31.18    0.00    0.00    6.45    0.00    0.00    0.00   26.88
04時43分23秒    1   35.87    0.00   14.13    0.00    0.00    2.17    0.00    0.00    0.00   47.83

04時43分23秒  CPU    %usr   %nice    %sys %iowait    %irq   %soft  %steal  %guest  %gnice   %idle
04時43分24秒    0   39.13    0.00   29.35    0.00    0.00    6.52    0.00    0.00    0.00   25.00
04時43分24秒    1   36.56    0.00   15.05    0.00    0.00    2.15    0.00    0.00    0.00   46.24

04時43分24秒  CPU    %usr   %nice    %sys %iowait    %irq   %soft  %steal  %guest  %gnice   %idle
04時43分25秒    0   35.48    0.00   29.03    0.00    0.00    6.45    0.00    0.00    0.00   29.03
04時43分25秒    1   33.70    0.00   16.30    0.00    0.00    2.17    0.00    0.00    0.00   47.83

04時43分25秒  CPU    %usr   %nice    %sys %iowait    %irq   %soft  %steal  %guest  %gnice   %idle
04時43分26秒    0   37.36    0.00   25.27    0.00    1.10    6.59    0.00    0.00    0.00   29.67
04時43分26秒    1   33.33    0.00   15.56    0.00    0.00    1.11    0.00    0.00    0.00   50.00

04時43分26秒  CPU    %usr   %nice    %sys %iowait    %irq   %soft  %steal  %guest  %gnice   %idle
04時43分27秒    0   37.36    0.00   28.57    0.00    0.00    6.59    0.00    0.00    0.00   27.47
04時43分27秒    1   35.87    0.00   15.22    0.00    0.00    2.17    0.00    0.00    0.00   46.74

04時43分27秒  CPU    %usr   %nice    %sys %iowait    %irq   %soft  %steal  %guest  %gnice   %idle
04時43分28秒    0   41.30    0.00   25.00    0.00    0.00    6.52    0.00    0.00    0.00   27.17
04時43分28秒    1   30.77    0.00   18.68    0.00    0.00    2.20    0.00    0.00    0.00   48.35

04時43分28秒  CPU    %usr   %nice    %sys %iowait    %irq   %soft  %steal  %guest  %gnice   %idle
04時43分29秒    0   36.96    0.00   28.26    0.00    0.00    6.52    0.00    0.00    0.00   28.26
04時43分29秒    1   35.87    0.00   14.13    0.00    0.00    1.09    0.00    0.00    0.00   48.91

04時43分29秒  CPU    %usr   %nice    %sys %iowait    %irq   %soft  %steal  %guest  %gnice   %idle
04時43分30秒    0   37.36    0.00   27.47    0.00    0.00    6.59    0.00    0.00    0.00   28.57
04時43分30秒    1   32.61    0.00   16.30    0.00    0.00    2.17    0.00    0.00    0.00   48.91

04時43分30秒  CPU    %usr   %nice    %sys %iowait    %irq   %soft  %steal  %guest  %gnice   %idle
04時43分31秒    0   39.56    0.00   24.18    0.00    0.00    6.59    0.00    0.00    0.00   29.67
04時43分31秒    1   31.52    0.00   16.30    0.00    0.00    2.17    0.00    0.00    0.00   50.00

04時43分31秒  CPU    %usr   %nice    %sys %iowait    %irq   %soft  %steal  %guest  %gnice   %idle
04時43分32秒    0   36.26    0.00   28.57    0.00    0.00    6.59    0.00    0.00    0.00   28.57
04時43分32秒    1   36.56    0.00   12.90    0.00    0.00    2.15    0.00    0.00    0.00   48.39

04時43分32秒  CPU    %usr   %nice    %sys %iowait    %irq   %soft  %steal  %guest  %gnice   %idle
04時43分33秒    0   40.22    0.00   25.00    0.00    0.00    6.52    0.00    0.00    0.00   28.26
04時43分33秒    1   35.56    0.00   14.44    0.00    0.00    1.11    0.00    0.00    0.00   48.89

04時43分33秒  CPU    %usr   %nice    %sys %iowait    %irq   %soft  %steal  %guest  %gnice   %idle
04時43分34秒    0   37.89    0.00   28.42    0.00    0.00    6.32    0.00    0.00    0.00   27.37
04時43分34秒    1   32.61    0.00   16.30    0.00    0.00    2.17    0.00    0.00    0.00   48.91

04時43分34秒  CPU    %usr   %nice    %sys %iowait    %irq   %soft  %steal  %guest  %gnice   %idle
04時43分35秒    0   39.13    0.00   25.00    0.00    0.00    6.52    0.00    0.00    0.00   29.35
04時43分35秒    1   34.07    0.00   14.29    0.00    0.00    2.20    0.00    0.00    0.00   49.45

04時43分35秒  CPU    %usr   %nice    %sys %iowait    %irq   %soft  %steal  %guest  %gnice   %idle
04時43分36秒    0   36.67    0.00   25.56    0.00    0.00    6.67    0.00    0.00    0.00   31.11
04時43分36秒    1   30.11    0.00   18.28    0.00    0.00    2.15    0.00    0.00    0.00   49.46

04時43分36秒  CPU    %usr   %nice    %sys %iowait    %irq   %soft  %steal  %guest  %gnice   %idle
04時43分37秒    0   40.86    0.00   26.88    0.00    0.00    6.45    0.00    0.00    0.00   25.81
04時43分37秒    1   36.26    0.00   16.48    0.00    0.00    1.10    0.00    0.00    0.00   46.15

04時43分37秒  CPU    %usr   %nice    %sys %iowait    %irq   %soft  %steal  %guest  %gnice   %idle
04時43分38秒    0   37.36    0.00   27.47    0.00    0.00    6.59    0.00    0.00    0.00   28.57
04時43分38秒    1   32.97    0.00   16.48    0.00    0.00    2.20    0.00    0.00    0.00   48.35

04時43分38秒  CPU    %usr   %nice    %sys %iowait    %irq   %soft  %steal  %guest  %gnice   %idle
04時43分39秒    0   40.66    0.00   25.27    0.00    0.00    6.59    0.00    0.00    0.00   27.47
04時43分39秒    1   35.48    0.00   15.05    0.00    0.00    2.15    0.00    0.00    0.00   47.31

04時43分39秒  CPU    %usr   %nice    %sys %iowait    %irq   %soft  %steal  %guest  %gnice   %idle
04時43分40秒    0   36.96    0.00   29.35    0.00    0.00    6.52    0.00    0.00    0.00   27.17
04時43分40秒    1   36.56    0.00   13.98    0.00    0.00    2.15    0.00    0.00    0.00   47.31

04時43分40秒  CPU    %usr   %nice    %sys %iowait    %irq   %soft  %steal  %guest  %gnice   %idle
04時43分41秒    0   31.52    0.00   32.61    0.00    0.00    6.52    0.00    0.00    0.00   29.35
04時43分41秒    1   34.07    0.00   14.29    0.00    1.10    1.10    0.00    0.00    0.00   49.45

04時43分41秒  CPU    %usr   %nice    %sys %iowait    %irq   %soft  %steal  %guest  %gnice   %idle
04時43分42秒    0   38.04    0.00   28.26    0.00    0.00    6.52    0.00    0.00    0.00   27.17
04時43分42秒    1   32.97    0.00   17.58    0.00    0.00    2.20    0.00    0.00    0.00   47.25

04時43分42秒  CPU    %usr   %nice    %sys %iowait    %irq   %soft  %steal  %guest  %gnice   %idle
04時43分43秒    0   39.13    0.00   27.17    0.00    0.00    6.52    0.00    0.00    0.00   27.17
04時43分43秒    1   35.48    0.00   15.05    0.00    0.00    2.15    0.00    0.00    0.00   47.31

04時43分43秒  CPU    %usr   %nice    %sys %iowait    %irq   %soft  %steal  %guest  %gnice   %idle
04時43分44秒    0   39.78    0.00   24.73    0.00    0.00    6.45    0.00    0.00    0.00   29.03
04時43分44秒    1   29.55    0.00   18.18    0.00    0.00    1.14    0.00    0.00    0.00   51.14

04時43分44秒  CPU    %usr   %nice    %sys %iowait    %irq   %soft  %steal  %guest  %gnice   %idle
04時43分45秒    0   37.78    0.00   28.89    0.00    0.00    6.67    0.00    0.00    0.00   26.67
04時43分45秒    1   36.17    0.00   15.96    0.00    0.00    2.13    0.00    0.00    0.00   45.74

04時43分45秒  CPU    %usr   %nice    %sys %iowait    %irq   %soft  %steal  %guest  %gnice   %idle
04時43分46秒    0   32.61    0.00   29.35    0.00    1.09    6.52    0.00    0.00    0.00   30.43
04時43分46秒    1   31.87    0.00   15.38    0.00    0.00    2.20    0.00    0.00    0.00   50.55

04時43分46秒  CPU    %usr   %nice    %sys %iowait    %irq   %soft  %steal  %guest  %gnice   %idle
04時43分47秒    0   37.63    0.00   27.96    0.00    0.00    6.45    0.00    0.00    0.00   27.96
04時43分47秒    1   36.67    0.00   12.22    0.00    0.00    2.22    0.00    0.00    0.00   48.89

04時43分47秒  CPU    %usr   %nice    %sys %iowait    %irq   %soft  %steal  %guest  %gnice   %idle
04時43分48秒    0   38.46    0.00   29.67    0.00    0.00    6.59    0.00    0.00    0.00   25.27
04時43分48秒    1   37.63    0.00   13.98    0.00    0.00    2.15    0.00    0.00    0.00   46.24

04時43分48秒  CPU    %usr   %nice    %sys %iowait    %irq   %soft  %steal  %guest  %gnice   %idle
04時43分49秒    0   37.23    0.00   28.72    0.00    0.00    6.38    0.00    0.00    0.00   27.66
04時43分49秒    1   39.33    0.00   10.11    0.00    0.00    1.12    0.00    0.00    0.00   49.44

04時43分49秒  CPU    %usr   %nice    %sys %iowait    %irq   %soft  %steal  %guest  %gnice   %idle
04時43分50秒    0   38.46    0.00   24.18    0.00    0.00    6.59    0.00    0.00    0.00   30.77
04時43分50秒    1   30.77    0.00   16.48    0.00    0.00    2.20    0.00    0.00    0.00   50.55

04時43分50秒  CPU    %usr   %nice    %sys %iowait    %irq   %soft  %steal  %guest  %gnice   %idle
04時43分51秒    0   35.56    0.00   31.11    0.00    0.00    6.67    0.00    0.00    0.00   26.67
04時43分51秒    1   32.61    0.00   17.39    0.00    0.00    2.17    0.00    0.00    0.00   47.83

04時43分51秒  CPU    %usr   %nice    %sys %iowait    %irq   %soft  %steal  %guest  %gnice   %idle
04時43分52秒    0   39.13    0.00   28.26    0.00    0.00    6.52    0.00    0.00    0.00   26.09
04時43分52秒    1   37.36    0.00   14.29    0.00    0.00    2.20    0.00    0.00    0.00   46.15

04時43分52秒  CPU    %usr   %nice    %sys %iowait    %irq   %soft  %steal  %guest  %gnice   %idle
04時43分53秒    0   36.56    0.00   31.18    0.00    0.00    6.45    0.00    0.00    0.00   25.81
04時43分53秒    1   35.87    0.00   16.30    0.00    0.00    1.09    0.00    0.00    0.00   46.74

04時43分53秒  CPU    %usr   %nice    %sys %iowait    %irq   %soft  %steal  %guest  %gnice   %idle
04時43分54秒    0   43.48    0.00   23.91    0.00    0.00    6.52    0.00    0.00    0.00   26.09
04時43分54秒    1   37.36    0.00   13.19    0.00    0.00    2.20    0.00    0.00    0.00   47.25

04時43分54秒  CPU    %usr   %nice    %sys %iowait    %irq   %soft  %steal  %guest  %gnice   %idle
04時43分55秒    0   36.46    0.00   29.17    0.00    0.00    6.25    0.00    0.00    0.00   28.12
04時43分55秒    1   34.07    0.00   14.29    0.00    0.00    2.20    0.00    0.00    0.00   49.45

04時43分55秒  CPU    %usr   %nice    %sys %iowait    %irq   %soft  %steal  %guest  %gnice   %idle
04時43分56秒    0   36.56    0.00   30.11    0.00    0.00    6.45    0.00    0.00    0.00   26.88
04時43分56秒    1   34.78    0.00   15.22    0.00    0.00    1.09    0.00    0.00    0.00   48.91

04時43分56秒  CPU    %usr   %nice    %sys %iowait    %irq   %soft  %steal  %guest  %gnice   %idle
04時43分57秒    0   36.96    0.00   30.43    0.00    0.00    7.61    0.00    0.00    0.00   25.00
04時43分57秒    1   35.87    0.00   15.22    0.00    0.00    2.17    0.00    0.00    0.00   46.74

04時43分57秒  CPU    %usr   %nice    %sys %iowait    %irq   %soft  %steal  %guest  %gnice   %idle
04時43分58秒    0   39.33    0.00   26.97    0.00    0.00    6.74    0.00    0.00    0.00   26.97
04時43分58秒    1   33.70    0.00   17.39    0.00    0.00    2.17    0.00    0.00    0.00   46.74

04時43分58秒  CPU    %usr   %nice    %sys %iowait    %irq   %soft  %steal  %guest  %gnice   %idle
04時43分59秒    0   33.33    0.00   30.00    0.00    0.00    6.67    0.00    0.00    0.00   30.00
04時43分59秒    1   32.97    0.00   15.38    0.00    0.00    2.20    0.00    0.00    0.00   49.45

04時43分59秒  CPU    %usr   %nice    %sys %iowait    %irq   %soft  %steal  %guest  %gnice   %idle
04時44分00秒    0   43.62    0.00   23.40    0.00    0.00    6.38    0.00    0.00    0.00   26.60
04時44分00秒    1   33.70    0.00   15.22    0.00    0.00    2.17    0.00    0.00    0.00   48.91

04時44分00秒  CPU    %usr   %nice    %sys %iowait    %irq   %soft  %steal  %guest  %gnice   %idle
04時44分01秒    0   42.11    0.00   27.37    0.00    0.00    6.32    0.00    0.00    0.00   24.21
04時44分01秒    1   34.44    0.00   16.67    0.00    0.00    1.11    0.00    0.00    0.00   47.78

04時44分01秒  CPU    %usr   %nice    %sys %iowait    %irq   %soft  %steal  %guest  %gnice   %idle
04時44分02秒    0   39.78    0.00   27.96    0.00    0.00    6.45    0.00    0.00    0.00   25.81
04時44分02秒    1   35.48    0.00   15.05    0.00    0.00    2.15    0.00    0.00    0.00   47.31

04時44分02秒  CPU    %usr   %nice    %sys %iowait    %irq   %soft  %steal  %guest  %gnice   %idle
04時44分03秒    0   38.46    0.00   25.27    0.00    0.00    6.59    0.00    0.00    0.00   29.67
04時44分03秒    1   32.61    0.00   16.30    0.00    0.00    2.17    0.00    0.00    0.00   48.91

04時44分03秒  CPU    %usr   %nice    %sys %iowait    %irq   %soft  %steal  %guest  %gnice   %idle
04時44分04秒    0   38.04    0.00   28.26    0.00    0.00    6.52    0.00    0.00    0.00   27.17
04時44分04秒    1   35.16    0.00   14.29    0.00    0.00    2.20    0.00    0.00    0.00   48.35

04時44分04秒  CPU    %usr   %nice    %sys %iowait    %irq   %soft  %steal  %guest  %gnice   %idle
04時44分05秒    0   40.43    0.00   26.60    0.00    1.06    6.38    0.00    0.00    0.00   25.53
04時44分05秒    1   34.07    0.00   16.48    0.00    0.00    1.10    0.00    0.00    0.00   48.35

04時44分05秒  CPU    %usr   %nice    %sys %iowait    %irq   %soft  %steal  %guest  %gnice   %idle
04時44分06秒    0   39.56    0.00   26.37    0.00    0.00    6.59    0.00    0.00    0.00   27.47
04時44分06秒    1   36.56    0.00   13.98    0.00    0.00    2.15    0.00    0.00    0.00   47.31

04時44分06秒  CPU    %usr   %nice    %sys %iowait    %irq   %soft  %steal  %guest  %gnice   %idle
04時44分07秒    0   36.67    0.00   27.78    0.00    0.00    6.67    0.00    0.00    0.00   28.89
04時44分07秒    1   28.57    0.00   19.78    0.00    1.10    2.20    0.00    0.00    0.00   48.35

04時44分07秒  CPU    %usr   %nice    %sys %iowait    %irq   %soft  %steal  %guest  %gnice   %idle
04時44分08秒    0   38.04    0.00   27.17    0.00    0.00    6.52    0.00    0.00    0.00   28.26
04時44分08秒    1   34.78    0.00   14.13    0.00    0.00    2.17    0.00    0.00    0.00   48.91

04時44分08秒  CPU    %usr   %nice    %sys %iowait    %irq   %soft  %steal  %guest  %gnice   %idle
04時44分09秒    0   41.94    0.00   26.88    0.00    0.00    6.45    0.00    0.00    0.00   24.73
04時44分09秒    1   32.22    0.00   18.89    0.00    0.00    1.11    0.00    0.00    0.00   47.78

04時44分09秒  CPU    %usr   %nice    %sys %iowait    %irq   %soft  %steal  %guest  %gnice   %idle
04時44分10秒    0   35.16    0.00   30.77    0.00    0.00    6.59    0.00    0.00    0.00   27.47
04時44分10秒    1   31.52    0.00   17.39    0.00    0.00    2.17    0.00    0.00    0.00   48.91

04時44分10秒  CPU    %usr   %nice    %sys %iowait    %irq   %soft  %steal  %guest  %gnice   %idle
04時44分11秒    0   37.89    0.00   30.53    0.00    0.00    6.32    0.00    0.00    0.00   25.26
04時44分11秒    1   34.41    0.00   17.20    0.00    0.00    2.15    0.00    0.00    0.00   46.24

04時44分11秒  CPU    %usr   %nice    %sys %iowait    %irq   %soft  %steal  %guest  %gnice   %idle
04時44分12秒    0   35.48    0.00   29.03    0.00    0.00    6.45    0.00    0.00    0.00   29.03
04時44分12秒    1   28.57    0.00   19.78    0.00    0.00    2.20    0.00    0.00    0.00   49.45

04時44分12秒  CPU    %usr   %nice    %sys %iowait    %irq   %soft  %steal  %guest  %gnice   %idle
04時44分13秒    0   37.63    0.00   27.96    0.00    0.00    6.45    0.00    0.00    0.00   27.96
04時44分13秒    1   34.44    0.00   15.56    0.00    0.00    1.11    0.00    0.00    0.00   48.89

04時44分13秒  CPU    %usr   %nice    %sys %iowait    %irq   %soft  %steal  %guest  %gnice   %idle
04時44分14秒    0   31.46    0.00   33.71    0.00    0.00    6.74    0.00    0.00    0.00   28.09
04時44分14秒    1   32.97    0.00   15.38    0.00    0.00    2.20    0.00    0.00    0.00   49.45

04時44分14秒  CPU    %usr   %nice    %sys %iowait    %irq   %soft  %steal  %guest  %gnice   %idle
04時44分15秒    0   35.16    0.00   29.67    0.00    0.00    6.59    0.00    0.00    0.00   28.57
04時44分15秒    1   32.97    0.00   16.48    0.00    0.00    2.20    0.00    0.00    0.00   48.35

04時44分15秒  CPU    %usr   %nice    %sys %iowait    %irq   %soft  %steal  %guest  %gnice   %idle
04時44分16秒    0   40.00    0.00   24.44    0.00    0.00    6.67    0.00    0.00    0.00   28.89
04時44分16秒    1   30.85    0.00   19.15    0.00    0.00    2.13    0.00    0.00    0.00   47.87

04時44分16秒  CPU    %usr   %nice    %sys %iowait    %irq   %soft  %steal  %guest  %gnice   %idle
04時44分17秒    0   39.78    0.00   24.73    0.00    0.00    6.45    0.00    0.00    0.00   29.03
04時44分17秒    1   30.34    0.00   17.98    0.00    0.00    1.12    0.00    0.00    0.00   50.56

04時44分17秒  CPU    %usr   %nice    %sys %iowait    %irq   %soft  %steal  %guest  %gnice   %idle
04時44分18秒    0   36.96    0.00   29.35    0.00    0.00    6.52    0.00    0.00    0.00   27.17
04時44分18秒    1   32.22    0.00   16.67    0.00    1.11    2.22    0.00    0.00    0.00   47.78

04時44分18秒  CPU    %usr   %nice    %sys %iowait    %irq   %soft  %steal  %guest  %gnice   %idle
04時44分19秒    0   35.56    0.00   27.78    0.00    0.00    6.67    0.00    0.00    0.00   30.00
04時44分19秒    1   35.87    0.00   11.96    0.00    0.00    2.17    0.00    0.00    0.00   50.00

04時44分19秒  CPU    %usr   %nice    %sys %iowait    %irq   %soft  %steal  %guest  %gnice   %idle
04時44分20秒    0   41.30    0.00   23.91    0.00    0.00    6.52    0.00    0.00    0.00   28.26
04時44分20秒    1   34.44    0.00   15.56    0.00    0.00    1.11    0.00    0.00    0.00   48.89

平均時間：  CPU    %usr   %nice    %sys %iowait    %irq   %soft  %steal  %guest  %gnice   %idle
平均時間：    0   37.73    0.00   27.88    0.00    0.05    6.56    0.00    0.00    0.00   27.78
平均時間：    1   33.86    0.00   16.05    0.00    0.05    1.94    0.00    0.00    0.00   48.10
