Linux 5.6.15-arch1-1 (archlinux) 	西元2020年06月29日 	_x86_64_	(12 CPU)

04時47分34秒  CPU    %usr   %nice    %sys %iowait    %irq   %soft  %steal  %guest  %gnice   %idle
04時47分35秒    0   36.67    0.00   30.00    0.00    0.00    5.56    0.00    0.00    0.00   27.78
04時47分35秒    1   34.44    0.00   14.44    0.00    0.00    2.22    0.00    0.00    0.00   48.89

04時47分35秒  CPU    %usr   %nice    %sys %iowait    %irq   %soft  %steal  %guest  %gnice   %idle
04時47分36秒    0   36.17    0.00   27.66    0.00    0.00    6.38    0.00    0.00    0.00   29.79
04時47分36秒    1   34.07    0.00   13.19    0.00    0.00    2.20    0.00    0.00    0.00   50.55

04時47分36秒  CPU    %usr   %nice    %sys %iowait    %irq   %soft  %steal  %guest  %gnice   %idle
04時47分37秒    0   37.08    0.00   28.09    0.00    0.00    5.62    0.00    0.00    0.00   29.21
04時47分37秒    1   34.41    0.00   16.13    0.00    0.00    2.15    0.00    0.00    0.00   47.31

04時47分37秒  CPU    %usr   %nice    %sys %iowait    %irq   %soft  %steal  %guest  %gnice   %idle
04時47分38秒    0   34.41    0.00   30.11    0.00    1.08    6.45    0.00    0.00    0.00   27.96
04時47分38秒    1   32.26    0.00   18.28    0.00    0.00    2.15    0.00    0.00    0.00   47.31

04時47分38秒  CPU    %usr   %nice    %sys %iowait    %irq   %soft  %steal  %guest  %gnice   %idle
04時47分39秒    0   38.30    0.00   27.66    0.00    0.00    6.38    0.00    0.00    0.00   27.66
04時47分39秒    1   31.87    0.00   15.38    0.00    0.00    2.20    0.00    0.00    0.00   50.55

04時47分39秒  CPU    %usr   %nice    %sys %iowait    %irq   %soft  %steal  %guest  %gnice   %idle
04時47分40秒    0   37.36    0.00   28.57    0.00    0.00    6.59    0.00    0.00    0.00   27.47
04時47分40秒    1   31.18    0.00   18.28    0.00    0.00    2.15    0.00    0.00    0.00   48.39

04時47分40秒  CPU    %usr   %nice    %sys %iowait    %irq   %soft  %steal  %guest  %gnice   %idle
04時47分41秒    0   35.16    0.00   29.67    0.00    0.00    7.69    0.00    0.00    0.00   27.47
04時47分41秒    1   37.36    0.00   13.19    0.00    0.00    2.20    0.00    0.00    0.00   47.25

04時47分41秒  CPU    %usr   %nice    %sys %iowait    %irq   %soft  %steal  %guest  %gnice   %idle
04時47分42秒    0   38.46    0.00   26.37    0.00    0.00    6.59    0.00    0.00    0.00   28.57
04時47分42秒    1   32.97    0.00   15.38    0.00    0.00    1.10    0.00    0.00    0.00   50.55

04時47分42秒  CPU    %usr   %nice    %sys %iowait    %irq   %soft  %steal  %guest  %gnice   %idle
04時47分43秒    0   36.26    0.00   27.47    0.00    0.00    6.59    0.00    0.00    0.00   29.67
04時47分43秒    1   34.41    0.00   16.13    0.00    0.00    2.15    0.00    0.00    0.00   47.31

04時47分43秒  CPU    %usr   %nice    %sys %iowait    %irq   %soft  %steal  %guest  %gnice   %idle
04時47分44秒    0   34.44    0.00   30.00    0.00    0.00    6.67    0.00    0.00    0.00   28.89
04時47分44秒    1   32.97    0.00   14.29    0.00    0.00    2.20    0.00    0.00    0.00   50.55

04時47分44秒  CPU    %usr   %nice    %sys %iowait    %irq   %soft  %steal  %guest  %gnice   %idle
04時47分45秒    0   35.11    0.00   29.79    0.00    0.00    6.38    0.00    0.00    0.00   28.72
04時47分45秒    1   34.41    0.00   15.05    0.00    0.00    2.15    0.00    0.00    0.00   48.39

04時47分45秒  CPU    %usr   %nice    %sys %iowait    %irq   %soft  %steal  %guest  %gnice   %idle
04時47分46秒    0   35.87    0.00   28.26    0.00    0.00    6.52    0.00    0.00    0.00   29.35
04時47分46秒    1   32.61    0.00   16.30    0.00    0.00    2.17    0.00    0.00    0.00   48.91

04時47分46秒  CPU    %usr   %nice    %sys %iowait    %irq   %soft  %steal  %guest  %gnice   %idle
04時47分47秒    0   36.17    0.00   30.85    0.00    0.00    6.38    0.00    0.00    0.00   26.60
04時47分47秒    1   34.07    0.00   15.38    0.00    0.00    2.20    0.00    0.00    0.00   48.35

04時47分47秒  CPU    %usr   %nice    %sys %iowait    %irq   %soft  %steal  %guest  %gnice   %idle
04時47分48秒    0   32.97    0.00   29.67    0.00    0.00    7.69    0.00    0.00    0.00   29.67
04時47分48秒    1   29.03    0.00   19.35    0.00    0.00    2.15    0.00    0.00    0.00   49.46

04時47分48秒  CPU    %usr   %nice    %sys %iowait    %irq   %soft  %steal  %guest  %gnice   %idle
04時47分49秒    0   41.76    0.00   24.18    0.00    0.00    6.59    0.00    0.00    0.00   27.47
04時47分49秒    1   35.16    0.00   15.38    0.00    0.00    2.20    0.00    0.00    0.00   47.25

04時47分49秒  CPU    %usr   %nice    %sys %iowait    %irq   %soft  %steal  %guest  %gnice   %idle
04時47分50秒    0   35.48    0.00   26.88    0.00    0.00    6.45    0.00    0.00    0.00   31.18
04時47分50秒    1   32.61    0.00   14.13    0.00    0.00    2.17    0.00    0.00    0.00   51.09

04時47分50秒  CPU    %usr   %nice    %sys %iowait    %irq   %soft  %steal  %guest  %gnice   %idle
04時47分51秒    0   39.33    0.00   24.72    0.00    0.00    6.74    0.00    0.00    0.00   29.21
04時47分51秒    1   28.26    0.00   23.91    0.00    0.00    2.17    0.00    0.00    0.00   45.65

04時47分51秒  CPU    %usr   %nice    %sys %iowait    %irq   %soft  %steal  %guest  %gnice   %idle
04時47分52秒    0   31.52    0.00   30.43    0.00    0.00    6.52    0.00    0.00    0.00   31.52
04時47分52秒    1   35.23    0.00   12.50    0.00    0.00    1.14    0.00    0.00    0.00   51.14

04時47分52秒  CPU    %usr   %nice    %sys %iowait    %irq   %soft  %steal  %guest  %gnice   %idle
04時47分53秒    0   38.46    0.00   28.57    0.00    0.00    6.59    0.00    0.00    0.00   26.37
04時47分53秒    1   34.04    0.00   17.02    0.00    1.06    2.13    0.00    0.00    0.00   45.74

04時47分53秒  CPU    %usr   %nice    %sys %iowait    %irq   %soft  %steal  %guest  %gnice   %idle
04時47分54秒    0   32.22    0.00   31.11    0.00    0.00    6.67    0.00    0.00    0.00   30.00
04時47分54秒    1   31.87    0.00   16.48    0.00    0.00    2.20    0.00    0.00    0.00   49.45

04時47分54秒  CPU    %usr   %nice    %sys %iowait    %irq   %soft  %steal  %guest  %gnice   %idle
04時47分55秒    0   36.17    0.00   28.72    0.00    0.00    7.45    0.00    0.00    0.00   27.66
04時47分55秒    1   34.41    0.00   15.05    0.00    0.00    2.15    0.00    0.00    0.00   48.39

04時47分55秒  CPU    %usr   %nice    %sys %iowait    %irq   %soft  %steal  %guest  %gnice   %idle
04時47分56秒    0   38.46    0.00   25.27    0.00    0.00    6.59    0.00    0.00    0.00   29.67
04時47分56秒    1   28.89    0.00   18.89    0.00    0.00    2.22    0.00    0.00    0.00   50.00

04時47分56秒  CPU    %usr   %nice    %sys %iowait    %irq   %soft  %steal  %guest  %gnice   %idle
04時47分57秒    0   35.96    0.00   23.60    0.00    1.12    6.74    0.00    0.00    0.00   32.58
04時47分57秒    1   32.97    0.00   13.19    0.00    0.00    2.20    0.00    0.00    0.00   51.65

04時47分57秒  CPU    %usr   %nice    %sys %iowait    %irq   %soft  %steal  %guest  %gnice   %idle
04時47分58秒    0   39.78    0.00   23.66    0.00    0.00    6.45    0.00    0.00    0.00   30.11
04時47分58秒    1   32.98    0.00   14.89    0.00    0.00    2.13    0.00    0.00    0.00   50.00

04時47分58秒  CPU    %usr   %nice    %sys %iowait    %irq   %soft  %steal  %guest  %gnice   %idle
04時47分59秒    0   44.57    0.00   20.65    0.00    0.00    6.52    0.00    0.00    0.00   28.26
04時47分59秒    1   34.07    0.00   15.38    0.00    0.00    1.10    0.00    0.00    0.00   49.45

04時47分59秒  CPU    %usr   %nice    %sys %iowait    %irq   %soft  %steal  %guest  %gnice   %idle
04時48分00秒    0   35.16    0.00   30.77    0.00    0.00    6.59    0.00    0.00    0.00   27.47
04時48分00秒    1   36.56    0.00   13.98    0.00    0.00    2.15    0.00    0.00    0.00   47.31

04時48分00秒  CPU    %usr   %nice    %sys %iowait    %irq   %soft  %steal  %guest  %gnice   %idle
04時48分01秒    0   31.11    0.00   33.33    0.00    0.00    6.67    0.00    0.00    0.00   28.89
04時48分01秒    1   34.83    0.00   13.48    0.00    0.00    2.25    0.00    0.00    0.00   49.44

04時48分01秒  CPU    %usr   %nice    %sys %iowait    %irq   %soft  %steal  %guest  %gnice   %idle
04時48分02秒    0   38.46    0.00   25.27    0.00    0.00    6.59    0.00    0.00    0.00   29.67
04時48分02秒    1   33.33    0.00   15.05    0.00    0.00    2.15    0.00    0.00    0.00   49.46

04時48分02秒  CPU    %usr   %nice    %sys %iowait    %irq   %soft  %steal  %guest  %gnice   %idle
04時48分03秒    0   41.30    0.00   23.91    0.00    0.00    7.61    0.00    0.00    0.00   27.17
04時48分03秒    1   35.87    0.00   14.13    0.00    0.00    2.17    0.00    0.00    0.00   47.83

04時48分03秒  CPU    %usr   %nice    %sys %iowait    %irq   %soft  %steal  %guest  %gnice   %idle
04時48分04秒    0   39.13    0.00   27.17    0.00    0.00    6.52    0.00    0.00    0.00   27.17
04時48分04秒    1   35.11    0.00   15.96    0.00    0.00    2.13    0.00    0.00    0.00   46.81

04時48分04秒  CPU    %usr   %nice    %sys %iowait    %irq   %soft  %steal  %guest  %gnice   %idle
04時48分05秒    0   38.04    0.00   26.09    0.00    0.00    6.52    0.00    0.00    0.00   29.35
04時48分05秒    1   31.52    0.00   16.30    0.00    0.00    2.17    0.00    0.00    0.00   50.00

04時48分05秒  CPU    %usr   %nice    %sys %iowait    %irq   %soft  %steal  %guest  %gnice   %idle
04時48分06秒    0   34.78    0.00   29.35    0.00    0.00    6.52    0.00    0.00    0.00   29.35
04時48分06秒    1   32.22    0.00   15.56    0.00    0.00    2.22    0.00    0.00    0.00   50.00

04時48分06秒  CPU    %usr   %nice    %sys %iowait    %irq   %soft  %steal  %guest  %gnice   %idle
04時48分07秒    0   36.17    0.00   27.66    0.00    0.00    6.38    0.00    0.00    0.00   29.79
04時48分07秒    1   35.87    0.00   11.96    0.00    0.00    2.17    0.00    0.00    0.00   50.00

04時48分07秒  CPU    %usr   %nice    %sys %iowait    %irq   %soft  %steal  %guest  %gnice   %idle
04時48分08秒    0   39.78    0.00   26.88    0.00    0.00    6.45    0.00    0.00    0.00   26.88
04時48分08秒    1   35.87    0.00   14.13    0.00    0.00    1.09    0.00    0.00    0.00   48.91

04時48分08秒  CPU    %usr   %nice    %sys %iowait    %irq   %soft  %steal  %guest  %gnice   %idle
04時48分09秒    0   39.78    0.00   25.81    0.00    0.00    7.53    0.00    0.00    0.00   26.88
04時48分09秒    1   36.26    0.00   14.29    0.00    0.00    2.20    0.00    0.00    0.00   47.25

04時48分09秒  CPU    %usr   %nice    %sys %iowait    %irq   %soft  %steal  %guest  %gnice   %idle
04時48分10秒    0   38.46    0.00   26.37    0.00    0.00    6.59    0.00    0.00    0.00   28.57
04時48分10秒    1   31.52    0.00   16.30    0.00    0.00    2.17    0.00    0.00    0.00   50.00

04時48分10秒  CPU    %usr   %nice    %sys %iowait    %irq   %soft  %steal  %guest  %gnice   %idle
04時48分11秒    0   43.96    0.00   23.08    0.00    0.00    6.59    0.00    0.00    0.00   26.37
04時48分11秒    1   34.41    0.00   15.05    0.00    0.00    2.15    0.00    0.00    0.00   48.39

04時48分11秒  CPU    %usr   %nice    %sys %iowait    %irq   %soft  %steal  %guest  %gnice   %idle
04時48分12秒    0   39.13    0.00   26.09    0.00    0.00    6.52    0.00    0.00    0.00   28.26
04時48分12秒    1   34.07    0.00   14.29    0.00    0.00    2.20    0.00    0.00    0.00   49.45

04時48分12秒  CPU    %usr   %nice    %sys %iowait    %irq   %soft  %steal  %guest  %gnice   %idle
04時48分13秒    0   39.13    0.00   27.17    0.00    0.00    6.52    0.00    0.00    0.00   27.17
04時48分13秒    1   34.78    0.00   15.22    0.00    0.00    2.17    0.00    0.00    0.00   47.83

04時48分13秒  CPU    %usr   %nice    %sys %iowait    %irq   %soft  %steal  %guest  %gnice   %idle
04時48分14秒    0   36.56    0.00   27.96    0.00    0.00    6.45    0.00    0.00    0.00   29.03
04時48分14秒    1   32.97    0.00   15.38    0.00    0.00    2.20    0.00    0.00    0.00   49.45

04時48分14秒  CPU    %usr   %nice    %sys %iowait    %irq   %soft  %steal  %guest  %gnice   %idle
04時48分15秒    0   38.04    0.00   26.09    0.00    0.00    7.61    0.00    0.00    0.00   28.26
04時48分15秒    1   32.26    0.00   17.20    0.00    0.00    2.15    0.00    0.00    0.00   48.39

04時48分15秒  CPU    %usr   %nice    %sys %iowait    %irq   %soft  %steal  %guest  %gnice   %idle
04時48分16秒    0   36.96    0.00   26.09    0.00    1.09    6.52    0.00    0.00    0.00   29.35
04時48分16秒    1   31.52    0.00   16.30    0.00    0.00    2.17    0.00    0.00    0.00   50.00

04時48分16秒  CPU    %usr   %nice    %sys %iowait    %irq   %soft  %steal  %guest  %gnice   %idle
04時48分17秒    0   38.46    0.00   26.37    0.00    0.00    6.59    0.00    0.00    0.00   28.57
04時48分17秒    1   36.67    0.00   12.22    0.00    0.00    1.11    0.00    0.00    0.00   50.00

04時48分17秒  CPU    %usr   %nice    %sys %iowait    %irq   %soft  %steal  %guest  %gnice   %idle
04時48分18秒    0   41.30    0.00   23.91    0.00    0.00    6.52    0.00    0.00    0.00   28.26
04時48分18秒    1   34.78    0.00   13.04    0.00    1.09    2.17    0.00    0.00    0.00   48.91

04時48分18秒  CPU    %usr   %nice    %sys %iowait    %irq   %soft  %steal  %guest  %gnice   %idle
04時48分19秒    0   40.43    0.00   27.66    0.00    0.00    6.38    0.00    0.00    0.00   25.53
04時48分19秒    1   39.36    0.00   13.83    0.00    0.00    2.13    0.00    0.00    0.00   44.68

04時48分19秒  CPU    %usr   %nice    %sys %iowait    %irq   %soft  %steal  %guest  %gnice   %idle
04時48分20秒    0   40.00    0.00   24.21    0.00    0.00    7.37    0.00    0.00    0.00   28.42
04時48分20秒    1   32.61    0.00   16.30    0.00    0.00    2.17    0.00    0.00    0.00   48.91

04時48分20秒  CPU    %usr   %nice    %sys %iowait    %irq   %soft  %steal  %guest  %gnice   %idle
04時48分21秒    0   37.36    0.00   28.57    0.00    0.00    6.59    0.00    0.00    0.00   27.47
04時48分21秒    1   36.67    0.00   12.22    0.00    0.00    2.22    0.00    0.00    0.00   48.89

04時48分21秒  CPU    %usr   %nice    %sys %iowait    %irq   %soft  %steal  %guest  %gnice   %idle
04時48分22秒    0   34.04    0.00   29.79    0.00    0.00    6.38    0.00    0.00    0.00   29.79
04時48分22秒    1   33.33    0.00   15.05    0.00    0.00    2.15    0.00    0.00    0.00   49.46

04時48分22秒  CPU    %usr   %nice    %sys %iowait    %irq   %soft  %steal  %guest  %gnice   %idle
04時48分23秒    0   38.89    0.00   24.44    0.00    0.00    6.67    0.00    0.00    0.00   30.00
04時48分23秒    1   33.33    0.00   16.13    0.00    0.00    2.15    0.00    0.00    0.00   48.39

04時48分23秒  CPU    %usr   %nice    %sys %iowait    %irq   %soft  %steal  %guest  %gnice   %idle
04時48分24秒    0   36.26    0.00   29.67    0.00    0.00    6.59    0.00    0.00    0.00   27.47
04時48分24秒    1   34.44    0.00   14.44    0.00    0.00    2.22    0.00    0.00    0.00   48.89

04時48分24秒  CPU    %usr   %nice    %sys %iowait    %irq   %soft  %steal  %guest  %gnice   %idle
04時48分25秒    0   36.56    0.00   29.03    0.00    0.00    7.53    0.00    0.00    0.00   26.88
04時48分25秒    1   34.78    0.00   14.13    0.00    1.09    2.17    0.00    0.00    0.00   47.83

04時48分25秒  CPU    %usr   %nice    %sys %iowait    %irq   %soft  %steal  %guest  %gnice   %idle
04時48分26秒    0   36.96    0.00   26.09    0.00    0.00    6.52    0.00    0.00    0.00   30.43
04時48分26秒    1   29.67    0.00   17.58    0.00    0.00    2.20    0.00    0.00    0.00   50.55

04時48分26秒  CPU    %usr   %nice    %sys %iowait    %irq   %soft  %steal  %guest  %gnice   %idle
04時48分27秒    0   38.46    0.00   27.47    0.00    0.00    6.59    0.00    0.00    0.00   27.47
04時48分27秒    1   33.33    0.00   17.20    0.00    0.00    2.15    0.00    0.00    0.00   47.31

04時48分27秒  CPU    %usr   %nice    %sys %iowait    %irq   %soft  %steal  %guest  %gnice   %idle
04時48分28秒    0   38.04    0.00   26.09    0.00    0.00    6.52    0.00    0.00    0.00   29.35
04時48分28秒    1   35.16    0.00   14.29    0.00    0.00    2.20    0.00    0.00    0.00   48.35

04時48分28秒  CPU    %usr   %nice    %sys %iowait    %irq   %soft  %steal  %guest  %gnice   %idle
04時48分29秒    0   37.36    0.00   26.37    0.00    0.00    6.59    0.00    0.00    0.00   29.67
04時48分29秒    1   29.67    0.00   18.68    0.00    0.00    1.10    0.00    0.00    0.00   50.55

04時48分29秒  CPU    %usr   %nice    %sys %iowait    %irq   %soft  %steal  %guest  %gnice   %idle
04時48分30秒    0   35.87    0.00   30.43    0.00    0.00    6.52    0.00    0.00    0.00   27.17
04時48分30秒    1   35.48    0.00   16.13    0.00    0.00    2.15    0.00    0.00    0.00   46.24

04時48分30秒  CPU    %usr   %nice    %sys %iowait    %irq   %soft  %steal  %guest  %gnice   %idle
04時48分31秒    0   41.94    0.00   22.58    0.00    0.00    7.53    0.00    0.00    0.00   27.96
04時48分31秒    1   31.87    0.00   16.48    0.00    0.00    2.20    0.00    0.00    0.00   49.45

04時48分31秒  CPU    %usr   %nice    %sys %iowait    %irq   %soft  %steal  %guest  %gnice   %idle
04時48分32秒    0   40.43    0.00   26.60    0.00    0.00    6.38    0.00    0.00    0.00   26.60
04時48分32秒    1   31.46    0.00   20.22    0.00    0.00    2.25    0.00    0.00    0.00   46.07

04時48分32秒  CPU    %usr   %nice    %sys %iowait    %irq   %soft  %steal  %guest  %gnice   %idle
04時48分33秒    0   36.96    0.00   29.35    0.00    0.00    6.52    0.00    0.00    0.00   27.17
04時48分33秒    1   37.36    0.00   14.29    0.00    0.00    2.20    0.00    0.00    0.00   46.15

04時48分33秒  CPU    %usr   %nice    %sys %iowait    %irq   %soft  %steal  %guest  %gnice   %idle
04時48分34秒    0   36.26    0.00   27.47    0.00    0.00    6.59    0.00    0.00    0.00   29.67
04時48分34秒    1   25.81    0.00   22.58    0.00    0.00    2.15    0.00    0.00    0.00   49.46

04時48分34秒  CPU    %usr   %nice    %sys %iowait    %irq   %soft  %steal  %guest  %gnice   %idle
04時48分35秒    0   35.48    0.00   27.96    0.00    1.08    7.53    0.00    0.00    0.00   27.96
04時48分35秒    1   33.33    0.00   17.20    0.00    0.00    2.15    0.00    0.00    0.00   47.31

04時48分35秒  CPU    %usr   %nice    %sys %iowait    %irq   %soft  %steal  %guest  %gnice   %idle
04時48分36秒    0   33.33    0.00   31.18    0.00    0.00    6.45    0.00    0.00    0.00   29.03
04時48分36秒    1   29.67    0.00   18.68    0.00    0.00    2.20    0.00    0.00    0.00   49.45

04時48分36秒  CPU    %usr   %nice    %sys %iowait    %irq   %soft  %steal  %guest  %gnice   %idle
04時48分37秒    0   36.96    0.00   26.09    0.00    0.00    6.52    0.00    0.00    0.00   30.43
04時48分37秒    1   32.61    0.00   15.22    0.00    0.00    2.17    0.00    0.00    0.00   50.00

04時48分37秒  CPU    %usr   %nice    %sys %iowait    %irq   %soft  %steal  %guest  %gnice   %idle
04時48分38秒    0   33.33    0.00   28.89    0.00    0.00    6.67    0.00    0.00    0.00   31.11
04時48分38秒    1   31.52    0.00   16.30    0.00    0.00    2.17    0.00    0.00    0.00   50.00

04時48分38秒  CPU    %usr   %nice    %sys %iowait    %irq   %soft  %steal  %guest  %gnice   %idle
04時48分39秒    0   38.04    0.00   26.09    0.00    0.00    6.52    0.00    0.00    0.00   29.35
04時48分39秒    1   31.87    0.00   18.68    0.00    0.00    1.10    0.00    0.00    0.00   48.35

04時48分39秒  CPU    %usr   %nice    %sys %iowait    %irq   %soft  %steal  %guest  %gnice   %idle
04時48分40秒    0   36.67    0.00   26.67    0.00    0.00    6.67    0.00    0.00    0.00   30.00
04時48分40秒    1   32.97    0.00   15.38    0.00    0.00    2.20    0.00    0.00    0.00   49.45

04時48分40秒  CPU    %usr   %nice    %sys %iowait    %irq   %soft  %steal  %guest  %gnice   %idle
04時48分41秒    0   36.67    0.00   28.89    0.00    0.00    6.67    0.00    0.00    0.00   27.78
04時48分41秒    1   33.70    0.00   16.30    0.00    0.00    2.17    0.00    0.00    0.00   47.83

04時48分41秒  CPU    %usr   %nice    %sys %iowait    %irq   %soft  %steal  %guest  %gnice   %idle
04時48分42秒    0   37.63    0.00   23.66    0.00    0.00    6.45    0.00    0.00    0.00   32.26
04時48分42秒    1   35.87    0.00   10.87    0.00    0.00    2.17    0.00    0.00    0.00   51.09

04時48分42秒  CPU    %usr   %nice    %sys %iowait    %irq   %soft  %steal  %guest  %gnice   %idle
04時48分43秒    0   37.23    0.00   27.66    0.00    0.00    6.38    0.00    0.00    0.00   28.72
04時48分43秒    1   35.48    0.00   15.05    0.00    0.00    2.15    0.00    0.00    0.00   47.31

04時48分43秒  CPU    %usr   %nice    %sys %iowait    %irq   %soft  %steal  %guest  %gnice   %idle
04時48分44秒    0   36.67    0.00   26.67    0.00    0.00    6.67    0.00    0.00    0.00   30.00
04時48分44秒    1   32.97    0.00   14.29    0.00    0.00    2.20    0.00    0.00    0.00   50.55

04時48分44秒  CPU    %usr   %nice    %sys %iowait    %irq   %soft  %steal  %guest  %gnice   %idle
04時48分45秒    0   37.63    0.00   27.96    0.00    0.00    6.45    0.00    0.00    0.00   27.96
04時48分45秒    1   35.87    0.00   13.04    0.00    0.00    2.17    0.00    0.00    0.00   48.91

04時48分45秒  CPU    %usr   %nice    %sys %iowait    %irq   %soft  %steal  %guest  %gnice   %idle
04時48分46秒    0   37.36    0.00   26.37    0.00    0.00    7.69    0.00    0.00    0.00   28.57
04時48分46秒    1   33.33    0.00   14.44    0.00    0.00    2.22    0.00    0.00    0.00   50.00

04時48分46秒  CPU    %usr   %nice    %sys %iowait    %irq   %soft  %steal  %guest  %gnice   %idle
04時48分47秒    0   37.50    0.00   25.00    0.00    0.00    6.82    0.00    0.00    0.00   30.68
04時48分47秒    1   35.96    0.00   11.24    0.00    0.00    1.12    0.00    0.00    0.00   51.69

04時48分47秒  CPU    %usr   %nice    %sys %iowait    %irq   %soft  %steal  %guest  %gnice   %idle
04時48分48秒    0   41.30    0.00   22.83    0.00    0.00    6.52    0.00    0.00    0.00   29.35
04時48分48秒    1   33.33    0.00   16.13    0.00    0.00    2.15    0.00    0.00    0.00   48.39

04時48分48秒  CPU    %usr   %nice    %sys %iowait    %irq   %soft  %steal  %guest  %gnice   %idle
04時48分49秒    0   35.63    0.00   27.59    0.00    0.00    6.90    0.00    0.00    0.00   29.89
04時48分49秒    1   35.87    0.00   13.04    0.00    0.00    2.17    0.00    0.00    0.00   48.91

04時48分49秒  CPU    %usr   %nice    %sys %iowait    %irq   %soft  %steal  %guest  %gnice   %idle
04時48分50秒    0   36.17    0.00   31.91    0.00    0.00    6.38    0.00    0.00    0.00   25.53
04時48分50秒    1   32.97    0.00   17.58    0.00    0.00    2.20    0.00    0.00    0.00   47.25

04時48分50秒  CPU    %usr   %nice    %sys %iowait    %irq   %soft  %steal  %guest  %gnice   %idle
04時48分51秒    0   36.96    0.00   27.17    0.00    0.00    7.61    0.00    0.00    0.00   28.26
04時48分51秒    1   33.33    0.00   13.98    0.00    1.08    2.15    0.00    0.00    0.00   49.46

04時48分51秒  CPU    %usr   %nice    %sys %iowait    %irq   %soft  %steal  %guest  %gnice   %idle
04時48分52秒    0   37.08    0.00   24.72    0.00    0.00    6.74    0.00    0.00    0.00   31.46
04時48分52秒    1   30.00    0.00   16.67    0.00    0.00    2.22    0.00    0.00    0.00   51.11

04時48分52秒  CPU    %usr   %nice    %sys %iowait    %irq   %soft  %steal  %guest  %gnice   %idle
04時48分53秒    0   36.96    0.00   29.35    0.00    0.00    6.52    0.00    0.00    0.00   27.17
04時48分53秒    1   35.87    0.00   15.22    0.00    0.00    2.17    0.00    0.00    0.00   46.74

04時48分53秒  CPU    %usr   %nice    %sys %iowait    %irq   %soft  %steal  %guest  %gnice   %idle
04時48分54秒    0   32.98    0.00   29.79    0.00    1.06    6.38    0.00    0.00    0.00   29.79
04時48分54秒    1   36.96    0.00   10.87    0.00    0.00    2.17    0.00    0.00    0.00   50.00

04時48分54秒  CPU    %usr   %nice    %sys %iowait    %irq   %soft  %steal  %guest  %gnice   %idle
04時48分55秒    0   39.13    0.00   25.00    0.00    0.00    6.52    0.00    0.00    0.00   29.35
04時48分55秒    1   34.78    0.00   14.13    0.00    0.00    2.17    0.00    0.00    0.00   48.91

04時48分55秒  CPU    %usr   %nice    %sys %iowait    %irq   %soft  %steal  %guest  %gnice   %idle
04時48分56秒    0   38.89    0.00   24.44    0.00    0.00    6.67    0.00    0.00    0.00   30.00
04時48分56秒    1   31.11    0.00   16.67    0.00    0.00    1.11    0.00    0.00    0.00   51.11

04時48分56秒  CPU    %usr   %nice    %sys %iowait    %irq   %soft  %steal  %guest  %gnice   %idle
04時48分57秒    0   43.01    0.00   24.73    0.00    0.00    6.45    0.00    0.00    0.00   25.81
04時48分57秒    1   37.36    0.00   12.09    0.00    0.00    2.20    0.00    0.00    0.00   48.35

04時48分57秒  CPU    %usr   %nice    %sys %iowait    %irq   %soft  %steal  %guest  %gnice   %idle
04時48分58秒    0   34.07    0.00   27.47    0.00    0.00    6.59    0.00    0.00    0.00   31.87
04時48分58秒    1   34.78    0.00   11.96    0.00    0.00    2.17    0.00    0.00    0.00   51.09

04時48分58秒  CPU    %usr   %nice    %sys %iowait    %irq   %soft  %steal  %guest  %gnice   %idle
04時48分59秒    0   38.30    0.00   28.72    0.00    0.00    6.38    0.00    0.00    0.00   26.60
04時48分59秒    1   36.26    0.00   12.09    0.00    0.00    2.20    0.00    0.00    0.00   49.45

04時48分59秒  CPU    %usr   %nice    %sys %iowait    %irq   %soft  %steal  %guest  %gnice   %idle
04時49分00秒    0   35.48    0.00   26.88    0.00    0.00    7.53    0.00    0.00    0.00   30.11
04時49分00秒    1   30.43    0.00   17.39    0.00    0.00    2.17    0.00    0.00    0.00   50.00

04時49分00秒  CPU    %usr   %nice    %sys %iowait    %irq   %soft  %steal  %guest  %gnice   %idle
04時49分01秒    0   40.22    0.00   28.26    0.00    0.00    6.52    0.00    0.00    0.00   25.00
04時49分01秒    1   38.46    0.00   13.19    0.00    0.00    2.20    0.00    0.00    0.00   46.15

04時49分01秒  CPU    %usr   %nice    %sys %iowait    %irq   %soft  %steal  %guest  %gnice   %idle
04時49分02秒    0   37.36    0.00   27.47    0.00    0.00    6.59    0.00    0.00    0.00   28.57
04時49分02秒    1   32.26    0.00   17.20    0.00    0.00    2.15    0.00    0.00    0.00   48.39

04時49分02秒  CPU    %usr   %nice    %sys %iowait    %irq   %soft  %steal  %guest  %gnice   %idle
04時49分03秒    0   35.87    0.00   29.35    0.00    0.00    6.52    0.00    0.00    0.00   28.26
04時49分03秒    1   32.97    0.00   15.38    0.00    0.00    2.20    0.00    0.00    0.00   49.45

04時49分03秒  CPU    %usr   %nice    %sys %iowait    %irq   %soft  %steal  %guest  %gnice   %idle
04時49分04秒    0   35.87    0.00   28.26    0.00    0.00    6.52    0.00    0.00    0.00   29.35
04時49分04秒    1   31.52    0.00   17.39    0.00    0.00    1.09    0.00    0.00    0.00   50.00

04時49分04秒  CPU    %usr   %nice    %sys %iowait    %irq   %soft  %steal  %guest  %gnice   %idle
04時49分05秒    0   36.96    0.00   26.09    0.00    0.00    7.61    0.00    0.00    0.00   29.35
04時49分05秒    1   32.97    0.00   15.38    0.00    0.00    2.20    0.00    0.00    0.00   49.45

04時49分05秒  CPU    %usr   %nice    %sys %iowait    %irq   %soft  %steal  %guest  %gnice   %idle
04時49分06秒    0   40.43    0.00   24.47    0.00    0.00    6.38    0.00    0.00    0.00   28.72
04時49分06秒    1   34.78    0.00   14.13    0.00    0.00    2.17    0.00    0.00    0.00   48.91

04時49分06秒  CPU    %usr   %nice    %sys %iowait    %irq   %soft  %steal  %guest  %gnice   %idle
04時49分07秒    0   33.70    0.00   30.43    0.00    0.00    6.52    0.00    0.00    0.00   29.35
04時49分07秒    1   34.07    0.00   13.19    0.00    0.00    2.20    0.00    0.00    0.00   50.55

04時49分07秒  CPU    %usr   %nice    %sys %iowait    %irq   %soft  %steal  %guest  %gnice   %idle
04時49分08秒    0   39.13    0.00   25.00    0.00    0.00    6.52    0.00    0.00    0.00   29.35
04時49分08秒    1   32.22    0.00   15.56    0.00    0.00    2.22    0.00    0.00    0.00   50.00

04時49分08秒  CPU    %usr   %nice    %sys %iowait    %irq   %soft  %steal  %guest  %gnice   %idle
04時49分09秒    0   39.13    0.00   27.17    0.00    0.00    6.52    0.00    0.00    0.00   27.17
04時49分09秒    1   35.16    0.00   14.29    0.00    0.00    2.20    0.00    0.00    0.00   48.35

04時49分09秒  CPU    %usr   %nice    %sys %iowait    %irq   %soft  %steal  %guest  %gnice   %idle
04時49分10秒    0   40.00    0.00   24.44    0.00    0.00    6.67    0.00    0.00    0.00   28.89
04時49分10秒    1   32.61    0.00   17.39    0.00    0.00    2.17    0.00    0.00    0.00   47.83

04時49分10秒  CPU    %usr   %nice    %sys %iowait    %irq   %soft  %steal  %guest  %gnice   %idle
04時49分11秒    0   36.56    0.00   26.88    0.00    0.00    7.53    0.00    0.00    0.00   29.03
04時49分11秒    1   29.67    0.00   19.78    0.00    0.00    1.10    0.00    0.00    0.00   49.45

04時49分11秒  CPU    %usr   %nice    %sys %iowait    %irq   %soft  %steal  %guest  %gnice   %idle
04時49分12秒    0   36.26    0.00   28.57    0.00    0.00    6.59    0.00    0.00    0.00   28.57
04時49分12秒    1   34.78    0.00   13.04    0.00    0.00    2.17    0.00    0.00    0.00   50.00

04時49分12秒  CPU    %usr   %nice    %sys %iowait    %irq   %soft  %steal  %guest  %gnice   %idle
04時49分13秒    0   36.17    0.00   29.79    0.00    1.06    6.38    0.00    0.00    0.00   26.60
04時49分13秒    1   30.43    0.00   20.65    0.00    0.00    2.17    0.00    0.00    0.00   46.74

04時49分13秒  CPU    %usr   %nice    %sys %iowait    %irq   %soft  %steal  %guest  %gnice   %idle
04時49分14秒    0   39.56    0.00   25.27    0.00    0.00    6.59    0.00    0.00    0.00   28.57
04時49分14秒    1   29.79    0.00   19.15    0.00    0.00    2.13    0.00    0.00    0.00   48.94

04時49分14秒  CPU    %usr   %nice    %sys %iowait    %irq   %soft  %steal  %guest  %gnice   %idle
04時49分15秒    0   40.22    0.00   26.09    0.00    0.00    6.52    0.00    0.00    0.00   27.17
04時49分15秒    1   36.26    0.00   13.19    0.00    0.00    2.20    0.00    0.00    0.00   48.35

04時49分15秒  CPU    %usr   %nice    %sys %iowait    %irq   %soft  %steal  %guest  %gnice   %idle
04時49分16秒    0   39.78    0.00   24.73    0.00    0.00    7.53    0.00    0.00    0.00   27.96
04時49分16秒    1   32.61    0.00   16.30    0.00    0.00    2.17    0.00    0.00    0.00   48.91

04時49分16秒  CPU    %usr   %nice    %sys %iowait    %irq   %soft  %steal  %guest  %gnice   %idle
04時49分17秒    0   40.66    0.00   24.18    0.00    0.00    6.59    0.00    0.00    0.00   28.57
04時49分17秒    1   36.26    0.00   13.19    0.00    0.00    2.20    0.00    0.00    0.00   48.35

04時49分17秒  CPU    %usr   %nice    %sys %iowait    %irq   %soft  %steal  %guest  %gnice   %idle
04時49分18秒    0   39.13    0.00   26.09    0.00    0.00    6.52    0.00    0.00    0.00   28.26
04時49分18秒    1   33.70    0.00   16.30    0.00    1.09    2.17    0.00    0.00    0.00   46.74

04時49分18秒  CPU    %usr   %nice    %sys %iowait    %irq   %soft  %steal  %guest  %gnice   %idle
04時49分19秒    0   35.16    0.00   27.47    0.00    0.00    6.59    0.00    0.00    0.00   30.77
04時49分19秒    1   33.33    0.00   15.05    0.00    0.00    2.15    0.00    0.00    0.00   49.46

04時49分19秒  CPU    %usr   %nice    %sys %iowait    %irq   %soft  %steal  %guest  %gnice   %idle
04時49分20秒    0   31.46    0.00   30.34    0.00    0.00    6.74    0.00    0.00    0.00   31.46
04時49分20秒    1   34.44    0.00   13.33    0.00    0.00    2.22    0.00    0.00    0.00   50.00

04時49分20秒  CPU    %usr   %nice    %sys %iowait    %irq   %soft  %steal  %guest  %gnice   %idle
04時49分21秒    0   40.00    0.00   24.44    0.00    0.00    7.78    0.00    0.00    0.00   27.78
04時49分21秒    1   32.26    0.00   19.35    0.00    0.00    1.08    0.00    0.00    0.00   47.31

04時49分21秒  CPU    %usr   %nice    %sys %iowait    %irq   %soft  %steal  %guest  %gnice   %idle
04時49分22秒    0   40.86    0.00   24.73    0.00    0.00    6.45    0.00    0.00    0.00   27.96
04時49分22秒    1   31.11    0.00   17.78    0.00    0.00    2.22    0.00    0.00    0.00   48.89

04時49分22秒  CPU    %usr   %nice    %sys %iowait    %irq   %soft  %steal  %guest  %gnice   %idle
04時49分23秒    0   36.96    0.00   30.43    0.00    0.00    6.52    0.00    0.00    0.00   26.09
04時49分23秒    1   33.33    0.00   17.20    0.00    0.00    2.15    0.00    0.00    0.00   47.31

04時49分23秒  CPU    %usr   %nice    %sys %iowait    %irq   %soft  %steal  %guest  %gnice   %idle
04時49分24秒    0   35.96    0.00   26.97    0.00    0.00    6.74    0.00    0.00    0.00   30.34
04時49分24秒    1   34.78    0.00   14.13    0.00    0.00    2.17    0.00    0.00    0.00   48.91

04時49分24秒  CPU    %usr   %nice    %sys %iowait    %irq   %soft  %steal  %guest  %gnice   %idle
04時49分25秒    0   38.04    0.00   27.17    0.00    0.00    6.52    0.00    0.00    0.00   28.26
04時49分25秒    1   31.52    0.00   17.39    0.00    0.00    2.17    0.00    0.00    0.00   48.91

04時49分25秒  CPU    %usr   %nice    %sys %iowait    %irq   %soft  %steal  %guest  %gnice   %idle
04時49分26秒    0   40.66    0.00   24.18    0.00    0.00    7.69    0.00    0.00    0.00   27.47
04時49分26秒    1   32.61    0.00   17.39    0.00    0.00    2.17    0.00    0.00    0.00   47.83

04時49分26秒  CPU    %usr   %nice    %sys %iowait    %irq   %soft  %steal  %guest  %gnice   %idle
04時49分27秒    0   35.79    0.00   27.37    0.00    0.00    6.32    0.00    0.00    0.00   30.53
04時49分27秒    1   34.07    0.00   13.19    0.00    0.00    2.20    0.00    0.00    0.00   50.55

04時49分27秒  CPU    %usr   %nice    %sys %iowait    %irq   %soft  %steal  %guest  %gnice   %idle
04時49分28秒    0   38.04    0.00   28.26    0.00    0.00    6.52    0.00    0.00    0.00   27.17
04時49分28秒    1   34.78    0.00   15.22    0.00    0.00    2.17    0.00    0.00    0.00   47.83

04時49分28秒  CPU    %usr   %nice    %sys %iowait    %irq   %soft  %steal  %guest  %gnice   %idle
04時49分29秒    0   37.08    0.00   28.09    0.00    0.00    6.74    0.00    0.00    0.00   28.09
04時49分29秒    1   31.52    0.00   18.48    0.00    0.00    2.17    0.00    0.00    0.00   47.83

04時49分29秒  CPU    %usr   %nice    %sys %iowait    %irq   %soft  %steal  %guest  %gnice   %idle
04時49分30秒    0   35.87    0.00   28.26    0.00    0.00    6.52    0.00    0.00    0.00   29.35
04時49分30秒    1   32.61    0.00   16.30    0.00    0.00    2.17    0.00    0.00    0.00   48.91

04時49分30秒  CPU    %usr   %nice    %sys %iowait    %irq   %soft  %steal  %guest  %gnice   %idle
04時49分31秒    0   40.22    0.00   26.09    0.00    0.00    7.61    0.00    0.00    0.00   26.09
04時49分31秒    1   35.48    0.00   16.13    0.00    0.00    2.15    0.00    0.00    0.00   46.24

04時49分31秒  CPU    %usr   %nice    %sys %iowait    %irq   %soft  %steal  %guest  %gnice   %idle
04時49分32秒    0   37.89    0.00   27.37    0.00    0.00    6.32    0.00    0.00    0.00   28.42
04時49分32秒    1   33.33    0.00   15.56    0.00    0.00    1.11    0.00    0.00    0.00   50.00

04時49分32秒  CPU    %usr   %nice    %sys %iowait    %irq   %soft  %steal  %guest  %gnice   %idle
04時49分33秒    0   35.16    0.00   28.57    0.00    1.10    6.59    0.00    0.00    0.00   28.57
04時49分33秒    1   32.61    0.00   15.22    0.00    0.00    2.17    0.00    0.00    0.00   50.00

04時49分33秒  CPU    %usr   %nice    %sys %iowait    %irq   %soft  %steal  %guest  %gnice   %idle
04時49分34秒    0   35.79    0.00   30.53    0.00    0.00    6.32    0.00    0.00    0.00   27.37
04時49分34秒    1   33.70    0.00   16.30    0.00    0.00    2.17    0.00    0.00    0.00   47.83

平均時間：  CPU    %usr   %nice    %sys %iowait    %irq   %soft  %steal  %guest  %gnice   %idle
平均時間：    0   37.44    0.00   27.20    0.00    0.06    6.69    0.00    0.00    0.00   28.61
平均時間：    1   33.51    0.00   15.54    0.00    0.05    2.06    0.00    0.00    0.00   48.84
