Linux 5.6.15-arch1-1 (archlinux) 	西元2020年06月29日 	_x86_64_	(12 CPU)

04時44分57秒  CPU    %usr   %nice    %sys %iowait    %irq   %soft  %steal  %guest  %gnice   %idle
04時44分58秒    0   39.13    0.00   29.35    0.00    0.00    6.52    0.00    0.00    0.00   25.00
04時44分58秒    1   34.07    0.00   15.38    0.00    0.00    2.20    0.00    0.00    0.00   48.35

04時44分58秒  CPU    %usr   %nice    %sys %iowait    %irq   %soft  %steal  %guest  %gnice   %idle
04時44分59秒    0   38.95    0.00   29.47    0.00    0.00    7.37    0.00    0.00    0.00   24.21
04時44分59秒    1   34.07    0.00   14.29    0.00    0.00    2.20    0.00    0.00    0.00   49.45

04時44分59秒  CPU    %usr   %nice    %sys %iowait    %irq   %soft  %steal  %guest  %gnice   %idle
04時45分00秒    0   39.36    0.00   28.72    0.00    0.00    6.38    0.00    0.00    0.00   25.53
04時45分00秒    1   34.78    0.00   13.04    0.00    0.00    2.17    0.00    0.00    0.00   50.00

04時45分00秒  CPU    %usr   %nice    %sys %iowait    %irq   %soft  %steal  %guest  %gnice   %idle
04時45分01秒    0   36.96    0.00   28.26    0.00    0.00    6.52    0.00    0.00    0.00   28.26
04時45分01秒    1   32.22    0.00   13.33    0.00    0.00    2.22    0.00    0.00    0.00   52.22

04時45分01秒  CPU    %usr   %nice    %sys %iowait    %irq   %soft  %steal  %guest  %gnice   %idle
04時45分02秒    0   38.71    0.00   29.03    0.00    0.00    7.53    0.00    0.00    0.00   24.73
04時45分02秒    1   35.23    0.00   13.64    0.00    0.00    1.14    0.00    0.00    0.00   50.00

04時45分02秒  CPU    %usr   %nice    %sys %iowait    %irq   %soft  %steal  %guest  %gnice   %idle
04時45分03秒    0   37.36    0.00   28.57    0.00    0.00    6.59    0.00    0.00    0.00   27.47
04時45分03秒    1   31.52    0.00   17.39    0.00    0.00    2.17    0.00    0.00    0.00   48.91

04時45分03秒  CPU    %usr   %nice    %sys %iowait    %irq   %soft  %steal  %guest  %gnice   %idle
04時45分04秒    0   38.95    0.00   29.47    0.00    1.05    6.32    0.00    0.00    0.00   24.21
04時45分04秒    1   30.77    0.00   17.58    0.00    0.00    2.20    0.00    0.00    0.00   49.45

04時45分04秒  CPU    %usr   %nice    %sys %iowait    %irq   %soft  %steal  %guest  %gnice   %idle
04時45分05秒    0   40.00    0.00   27.78    0.00    0.00    7.78    0.00    0.00    0.00   24.44
04時45分05秒    1   33.70    0.00   16.30    0.00    0.00    2.17    0.00    0.00    0.00   47.83

04時45分05秒  CPU    %usr   %nice    %sys %iowait    %irq   %soft  %steal  %guest  %gnice   %idle
04時45分06秒    0   36.84    0.00   30.53    0.00    0.00    6.32    0.00    0.00    0.00   26.32
04時45分06秒    1   35.16    0.00   12.09    0.00    0.00    2.20    0.00    0.00    0.00   50.55

04時45分06秒  CPU    %usr   %nice    %sys %iowait    %irq   %soft  %steal  %guest  %gnice   %idle
04時45分07秒    0   36.17    0.00   31.91    0.00    0.00    6.38    0.00    0.00    0.00   25.53
04時45分07秒    1   35.16    0.00   13.19    0.00    0.00    2.20    0.00    0.00    0.00   49.45

04時45分07秒  CPU    %usr   %nice    %sys %iowait    %irq   %soft  %steal  %guest  %gnice   %idle
04時45分08秒    0   40.86    0.00   26.88    0.00    0.00    7.53    0.00    0.00    0.00   24.73
04時45分08秒    1   34.04    0.00   15.96    0.00    1.06    2.13    0.00    0.00    0.00   46.81

04時45分08秒  CPU    %usr   %nice    %sys %iowait    %irq   %soft  %steal  %guest  %gnice   %idle
04時45分09秒    0   41.94    0.00   25.81    0.00    0.00    6.45    0.00    0.00    0.00   25.81
04時45分09秒    1   34.44    0.00   14.44    0.00    0.00    1.11    0.00    0.00    0.00   50.00

04時45分09秒  CPU    %usr   %nice    %sys %iowait    %irq   %soft  %steal  %guest  %gnice   %idle
04時45分10秒    0   38.89    0.00   27.78    0.00    0.00    6.67    0.00    0.00    0.00   26.67
04時45分10秒    1   35.56    0.00   12.22    0.00    0.00    2.22    0.00    0.00    0.00   50.00

04時45分10秒  CPU    %usr   %nice    %sys %iowait    %irq   %soft  %steal  %guest  %gnice   %idle
04時45分11秒    0   38.30    0.00   28.72    0.00    0.00    7.45    0.00    0.00    0.00   25.53
04時45分11秒    1   33.71    0.00   13.48    0.00    0.00    2.25    0.00    0.00    0.00   50.56

04時45分11秒  CPU    %usr   %nice    %sys %iowait    %irq   %soft  %steal  %guest  %gnice   %idle
04時45分12秒    0   39.13    0.00   29.35    0.00    0.00    6.52    0.00    0.00    0.00   25.00
04時45分12秒    1   32.61    0.00   16.30    0.00    0.00    2.17    0.00    0.00    0.00   48.91

04時45分12秒  CPU    %usr   %nice    %sys %iowait    %irq   %soft  %steal  %guest  %gnice   %idle
04時45分13秒    0   36.17    0.00   32.98    0.00    0.00    6.38    0.00    0.00    0.00   24.47
04時45分13秒    1   34.44    0.00   15.56    0.00    0.00    2.22    0.00    0.00    0.00   47.78

04時45分13秒  CPU    %usr   %nice    %sys %iowait    %irq   %soft  %steal  %guest  %gnice   %idle
04時45分14秒    0   35.79    0.00   32.63    0.00    0.00    7.37    0.00    0.00    0.00   24.21
04時45分14秒    1   31.87    0.00   17.58    0.00    0.00    2.20    0.00    0.00    0.00   48.35

04時45分14秒  CPU    %usr   %nice    %sys %iowait    %irq   %soft  %steal  %guest  %gnice   %idle
04時45分15秒    0   41.94    0.00   27.96    0.00    0.00    6.45    0.00    0.00    0.00   23.66
04時45分15秒    1   30.85    0.00   20.21    0.00    0.00    2.13    0.00    0.00    0.00   46.81

04時45分15秒  CPU    %usr   %nice    %sys %iowait    %irq   %soft  %steal  %guest  %gnice   %idle
04時45分16秒    0   36.96    0.00   27.17    0.00    0.00    7.61    0.00    0.00    0.00   28.26
04時45分16秒    1   30.34    0.00   16.85    0.00    0.00    1.12    0.00    0.00    0.00   51.69

04時45分16秒  CPU    %usr   %nice    %sys %iowait    %irq   %soft  %steal  %guest  %gnice   %idle
04時45分17秒    0   37.63    0.00   30.11    0.00    0.00    6.45    0.00    0.00    0.00   25.81
04時45分17秒    1   33.70    0.00   15.22    0.00    0.00    2.17    0.00    0.00    0.00   48.91

04時45分17秒  CPU    %usr   %nice    %sys %iowait    %irq   %soft  %steal  %guest  %gnice   %idle
04時45分18秒    0   37.89    0.00   29.47    0.00    0.00    6.32    0.00    0.00    0.00   26.32
04時45分18秒    1   31.87    0.00   15.38    0.00    0.00    2.20    0.00    0.00    0.00   50.55

04時45分18秒  CPU    %usr   %nice    %sys %iowait    %irq   %soft  %steal  %guest  %gnice   %idle
04時45分19秒    0   39.78    0.00   27.96    0.00    0.00    6.45    0.00    0.00    0.00   25.81
04時45分19秒    1   38.04    0.00   11.96    0.00    0.00    2.17    0.00    0.00    0.00   47.83

04時45分19秒  CPU    %usr   %nice    %sys %iowait    %irq   %soft  %steal  %guest  %gnice   %idle
04時45分20秒    0   39.13    0.00   25.00    0.00    0.00    7.61    0.00    0.00    0.00   28.26
04時45分20秒    1   32.97    0.00   14.29    0.00    0.00    2.20    0.00    0.00    0.00   50.55

04時45分20秒  CPU    %usr   %nice    %sys %iowait    %irq   %soft  %steal  %guest  %gnice   %idle
04時45分21秒    0   37.23    0.00   28.72    0.00    0.00    6.38    0.00    0.00    0.00   27.66
04時45分21秒    1   33.71    0.00   15.73    0.00    0.00    2.25    0.00    0.00    0.00   48.31

04時45分21秒  CPU    %usr   %nice    %sys %iowait    %irq   %soft  %steal  %guest  %gnice   %idle
04時45分22秒    0   44.79    0.00   25.00    0.00    1.04    6.25    0.00    0.00    0.00   22.92
04時45分22秒    1   34.44    0.00   21.11    0.00    0.00    2.22    0.00    0.00    0.00   42.22

04時45分22秒  CPU    %usr   %nice    %sys %iowait    %irq   %soft  %steal  %guest  %gnice   %idle
04時45分23秒    0   40.43    0.00   27.66    0.00    0.00    7.45    0.00    0.00    0.00   24.47
04時45分23秒    1   33.70    0.00   17.39    0.00    0.00    2.17    0.00    0.00    0.00   46.74

04時45分23秒  CPU    %usr   %nice    %sys %iowait    %irq   %soft  %steal  %guest  %gnice   %idle
04時45分24秒    0   35.48    0.00   32.26    0.00    0.00    6.45    0.00    0.00    0.00   25.81
04時45分24秒    1   34.83    0.00   17.98    0.00    0.00    2.25    0.00    0.00    0.00   44.94

04時45分24秒  CPU    %usr   %nice    %sys %iowait    %irq   %soft  %steal  %guest  %gnice   %idle
04時45分25秒    0   39.36    0.00   26.60    0.00    0.00    6.38    0.00    0.00    0.00   27.66
04時45分25秒    1   34.07    0.00   14.29    0.00    0.00    2.20    0.00    0.00    0.00   49.45

04時45分25秒  CPU    %usr   %nice    %sys %iowait    %irq   %soft  %steal  %guest  %gnice   %idle
04時45分26秒    0   38.95    0.00   26.32    0.00    0.00    7.37    0.00    0.00    0.00   27.37
04時45分26秒    1   31.87    0.00   15.38    0.00    0.00    1.10    0.00    0.00    0.00   51.65

04時45分26秒  CPU    %usr   %nice    %sys %iowait    %irq   %soft  %steal  %guest  %gnice   %idle
04時45分27秒    0   40.86    0.00   25.81    0.00    0.00    6.45    0.00    0.00    0.00   26.88
04時45分27秒    1   35.16    0.00   12.09    0.00    0.00    2.20    0.00    0.00    0.00   50.55

04時45分27秒  CPU    %usr   %nice    %sys %iowait    %irq   %soft  %steal  %guest  %gnice   %idle
04時45分28秒    0   41.30    0.00   25.00    0.00    0.00    6.52    0.00    0.00    0.00   27.17
04時45分28秒    1   31.52    0.00   17.39    0.00    0.00    2.17    0.00    0.00    0.00   48.91

04時45分28秒  CPU    %usr   %nice    %sys %iowait    %irq   %soft  %steal  %guest  %gnice   %idle
04時45分29秒    0   41.76    0.00   25.27    0.00    0.00    6.59    0.00    0.00    0.00   26.37
04時45分29秒    1   31.11    0.00   17.78    0.00    0.00    2.22    0.00    0.00    0.00   48.89

04時45分29秒  CPU    %usr   %nice    %sys %iowait    %irq   %soft  %steal  %guest  %gnice   %idle
04時45分30秒    0   39.36    0.00   27.66    0.00    0.00    7.45    0.00    0.00    0.00   25.53
04時45分30秒    1   35.96    0.00   11.24    0.00    0.00    2.25    0.00    0.00    0.00   50.56

04時45分30秒  CPU    %usr   %nice    %sys %iowait    %irq   %soft  %steal  %guest  %gnice   %idle
04時45分31秒    0   33.68    0.00   33.68    0.00    0.00    6.32    0.00    0.00    0.00   26.32
04時45分31秒    1   32.22    0.00   15.56    0.00    0.00    2.22    0.00    0.00    0.00   50.00

04時45分31秒  CPU    %usr   %nice    %sys %iowait    %irq   %soft  %steal  %guest  %gnice   %idle
04時45分32秒    0   39.36    0.00   27.66    0.00    0.00    6.38    0.00    0.00    0.00   26.60
04時45分32秒    1   34.44    0.00   14.44    0.00    0.00    1.11    0.00    0.00    0.00   50.00

04時45分32秒  CPU    %usr   %nice    %sys %iowait    %irq   %soft  %steal  %guest  %gnice   %idle
04時45分33秒    0   39.36    0.00   27.66    0.00    0.00    7.45    0.00    0.00    0.00   25.53
04時45分33秒    1   34.41    0.00   15.05    0.00    0.00    2.15    0.00    0.00    0.00   48.39

04時45分33秒  CPU    %usr   %nice    %sys %iowait    %irq   %soft  %steal  %guest  %gnice   %idle
04時45分34秒    0   42.11    0.00   27.37    0.00    0.00    6.32    0.00    0.00    0.00   24.21
04時45分34秒    1   32.61    0.00   16.30    0.00    1.09    2.17    0.00    0.00    0.00   47.83

04時45分34秒  CPU    %usr   %nice    %sys %iowait    %irq   %soft  %steal  %guest  %gnice   %idle
04時45分35秒    0   39.78    0.00   29.03    0.00    0.00    6.45    0.00    0.00    0.00   24.73
04時45分35秒    1   35.16    0.00   14.29    0.00    0.00    2.20    0.00    0.00    0.00   48.35

04時45分35秒  CPU    %usr   %nice    %sys %iowait    %irq   %soft  %steal  %guest  %gnice   %idle
04時45分36秒    0   38.95    0.00   26.32    0.00    0.00    7.37    0.00    0.00    0.00   27.37
04時45分36秒    1   35.16    0.00   12.09    0.00    0.00    2.20    0.00    0.00    0.00   50.55

04時45分36秒  CPU    %usr   %nice    %sys %iowait    %irq   %soft  %steal  %guest  %gnice   %idle
04時45分37秒    0   40.43    0.00   26.60    0.00    0.00    6.38    0.00    0.00    0.00   26.60
04時45分37秒    1   33.70    0.00   14.13    0.00    0.00    2.17    0.00    0.00    0.00   50.00

04時45分37秒  CPU    %usr   %nice    %sys %iowait    %irq   %soft  %steal  %guest  %gnice   %idle
04時45分38秒    0   35.87    0.00   31.52    0.00    0.00    6.52    0.00    0.00    0.00   26.09
04時45分38秒    1   31.87    0.00   16.48    0.00    0.00    2.20    0.00    0.00    0.00   49.45

04時45分38秒  CPU    %usr   %nice    %sys %iowait    %irq   %soft  %steal  %guest  %gnice   %idle
04時45分39秒    0   36.96    0.00   30.43    0.00    0.00    6.52    0.00    0.00    0.00   26.09
04時45分39秒    1   36.26    0.00   13.19    0.00    0.00    1.10    0.00    0.00    0.00   49.45

04時45分39秒  CPU    %usr   %nice    %sys %iowait    %irq   %soft  %steal  %guest  %gnice   %idle
04時45分40秒    0   34.78    0.00   31.52    0.00    0.00    7.61    0.00    0.00    0.00   26.09
04時45分40秒    1   30.77    0.00   17.58    0.00    0.00    2.20    0.00    0.00    0.00   49.45

04時45分40秒  CPU    %usr   %nice    %sys %iowait    %irq   %soft  %steal  %guest  %gnice   %idle
04時45分41秒    0   41.05    0.00   29.47    0.00    1.05    6.32    0.00    0.00    0.00   22.11
04時45分41秒    1   35.16    0.00   15.38    0.00    0.00    2.20    0.00    0.00    0.00   47.25

04時45分41秒  CPU    %usr   %nice    %sys %iowait    %irq   %soft  %steal  %guest  %gnice   %idle
04時45分42秒    0   36.17    0.00   30.85    0.00    0.00    7.45    0.00    0.00    0.00   25.53
04時45分42秒    1   34.07    0.00   15.38    0.00    0.00    2.20    0.00    0.00    0.00   48.35

04時45分42秒  CPU    %usr   %nice    %sys %iowait    %irq   %soft  %steal  %guest  %gnice   %idle
04時45分43秒    0   40.66    0.00   27.47    0.00    0.00    6.59    0.00    0.00    0.00   25.27
04時45分43秒    1   31.52    0.00   17.39    0.00    0.00    2.17    0.00    0.00    0.00   48.91

04時45分43秒  CPU    %usr   %nice    %sys %iowait    %irq   %soft  %steal  %guest  %gnice   %idle
04時45分44秒    0   36.46    0.00   30.21    0.00    0.00    7.29    0.00    0.00    0.00   26.04
04時45分44秒    1   32.22    0.00   15.56    0.00    0.00    2.22    0.00    0.00    0.00   50.00

04時45分44秒  CPU    %usr   %nice    %sys %iowait    %irq   %soft  %steal  %guest  %gnice   %idle
04時45分45秒    0   40.22    0.00   28.26    0.00    0.00    6.52    0.00    0.00    0.00   25.00
04時45分45秒    1   36.26    0.00   13.19    0.00    0.00    2.20    0.00    0.00    0.00   48.35

04時45分45秒  CPU    %usr   %nice    %sys %iowait    %irq   %soft  %steal  %guest  %gnice   %idle
04時45分46秒    0   34.78    0.00   30.43    0.00    0.00    6.52    0.00    0.00    0.00   28.26
04時45分46秒    1   32.97    0.00   14.29    0.00    0.00    2.20    0.00    0.00    0.00   50.55

04時45分46秒  CPU    %usr   %nice    %sys %iowait    %irq   %soft  %steal  %guest  %gnice   %idle
04時45分47秒    0   39.58    0.00   30.21    0.00    0.00    7.29    0.00    0.00    0.00   22.92
04時45分47秒    1   36.26    0.00   15.38    0.00    0.00    1.10    0.00    0.00    0.00   47.25

04時45分47秒  CPU    %usr   %nice    %sys %iowait    %irq   %soft  %steal  %guest  %gnice   %idle
04時45分48秒    0   41.94    0.00   23.66    0.00    0.00    6.45    0.00    0.00    0.00   27.96
04時45分48秒    1   33.70    0.00   14.13    0.00    0.00    2.17    0.00    0.00    0.00   50.00

04時45分48秒  CPU    %usr   %nice    %sys %iowait    %irq   %soft  %steal  %guest  %gnice   %idle
04時45分49秒    0   39.13    0.00   28.26    0.00    0.00    6.52    0.00    0.00    0.00   26.09
04時45分49秒    1   34.07    0.00   14.29    0.00    0.00    2.20    0.00    0.00    0.00   49.45

04時45分49秒  CPU    %usr   %nice    %sys %iowait    %irq   %soft  %steal  %guest  %gnice   %idle
04時45分50秒    0   39.13    0.00   27.17    0.00    0.00    6.52    0.00    0.00    0.00   27.17
04時45分50秒    1   35.16    0.00   13.19    0.00    0.00    2.20    0.00    0.00    0.00   49.45

04時45分50秒  CPU    %usr   %nice    %sys %iowait    %irq   %soft  %steal  %guest  %gnice   %idle
04時45分51秒    0   37.23    0.00   30.85    0.00    0.00    7.45    0.00    0.00    0.00   24.47
04時45分51秒    1   31.52    0.00   17.39    0.00    0.00    2.17    0.00    0.00    0.00   48.91

04時45分51秒  CPU    %usr   %nice    %sys %iowait    %irq   %soft  %steal  %guest  %gnice   %idle
04時45分52秒    0   37.63    0.00   31.18    0.00    0.00    6.45    0.00    0.00    0.00   24.73
04時45分52秒    1   33.33    0.00   15.56    0.00    0.00    2.22    0.00    0.00    0.00   48.89

04時45分52秒  CPU    %usr   %nice    %sys %iowait    %irq   %soft  %steal  %guest  %gnice   %idle
04時45分53秒    0   38.95    0.00   29.47    0.00    0.00    7.37    0.00    0.00    0.00   24.21
04時45分53秒    1   30.43    0.00   18.48    0.00    0.00    2.17    0.00    0.00    0.00   48.91

04時45分53秒  CPU    %usr   %nice    %sys %iowait    %irq   %soft  %steal  %guest  %gnice   %idle
04時45分54秒    0   41.94    0.00   24.73    0.00    0.00    6.45    0.00    0.00    0.00   26.88
04時45分54秒    1   31.11    0.00   17.78    0.00    0.00    1.11    0.00    0.00    0.00   50.00

04時45分54秒  CPU    %usr   %nice    %sys %iowait    %irq   %soft  %steal  %guest  %gnice   %idle
04時45分55秒    0   40.43    0.00   28.72    0.00    0.00    6.38    0.00    0.00    0.00   24.47
04時45分55秒    1   32.97    0.00   16.48    0.00    0.00    2.20    0.00    0.00    0.00   48.35

04時45分55秒  CPU    %usr   %nice    %sys %iowait    %irq   %soft  %steal  %guest  %gnice   %idle
04時45分56秒    0   38.71    0.00   29.03    0.00    0.00    7.53    0.00    0.00    0.00   24.73
04時45分56秒    1   34.78    0.00   15.22    0.00    0.00    2.17    0.00    0.00    0.00   47.83

04時45分56秒  CPU    %usr   %nice    %sys %iowait    %irq   %soft  %steal  %guest  %gnice   %idle
04時45分57秒    0   38.04    0.00   29.35    0.00    0.00    6.52    0.00    0.00    0.00   26.09
04時45分57秒    1   35.16    0.00   15.38    0.00    0.00    2.20    0.00    0.00    0.00   47.25

04時45分57秒  CPU    %usr   %nice    %sys %iowait    %irq   %soft  %steal  %guest  %gnice   %idle
04時45分58秒    0   40.86    0.00   27.96    0.00    0.00    6.45    0.00    0.00    0.00   24.73
04時45分58秒    1   34.78    0.00   14.13    0.00    0.00    2.17    0.00    0.00    0.00   48.91

04時45分58秒  CPU    %usr   %nice    %sys %iowait    %irq   %soft  %steal  %guest  %gnice   %idle
04時45分59秒    0   41.49    0.00   24.47    0.00    0.00    7.45    0.00    0.00    0.00   26.60
04時45分59秒    1   30.00    0.00   17.78    0.00    0.00    2.22    0.00    0.00    0.00   50.00

04時45分59秒  CPU    %usr   %nice    %sys %iowait    %irq   %soft  %steal  %guest  %gnice   %idle
04時46分00秒    0   40.43    0.00   23.40    0.00    1.06    6.38    0.00    0.00    0.00   28.72
04時46分00秒    1   28.57    0.00   16.48    0.00    1.10    2.20    0.00    0.00    0.00   51.65

04時46分00秒  CPU    %usr   %nice    %sys %iowait    %irq   %soft  %steal  %guest  %gnice   %idle
04時46分01秒    0   36.17    0.00   29.79    0.00    0.00    6.38    0.00    0.00    0.00   27.66
04時46分01秒    1   31.87    0.00   16.48    0.00    0.00    1.10    0.00    0.00    0.00   50.55

04時46分01秒  CPU    %usr   %nice    %sys %iowait    %irq   %soft  %steal  %guest  %gnice   %idle
04時46分02秒    0   38.30    0.00   29.79    0.00    0.00    6.38    0.00    0.00    0.00   25.53
04時46分02秒    1   30.77    0.00   16.48    0.00    0.00    2.20    0.00    0.00    0.00   50.55

04時46分02秒  CPU    %usr   %nice    %sys %iowait    %irq   %soft  %steal  %guest  %gnice   %idle
04時46分03秒    0   40.22    0.00   25.00    0.00    0.00    6.52    0.00    0.00    0.00   28.26
04時46分03秒    1   33.70    0.00   15.22    0.00    0.00    2.17    0.00    0.00    0.00   48.91

04時46分03秒  CPU    %usr   %nice    %sys %iowait    %irq   %soft  %steal  %guest  %gnice   %idle
04時46分04秒    0   39.78    0.00   26.88    0.00    0.00    6.45    0.00    0.00    0.00   26.88
04時46分04秒    1   34.44    0.00   13.33    0.00    0.00    2.22    0.00    0.00    0.00   50.00

04時46分04秒  CPU    %usr   %nice    %sys %iowait    %irq   %soft  %steal  %guest  %gnice   %idle
04時46分05秒    0   40.00    0.00   26.67    0.00    0.00    6.67    0.00    0.00    0.00   26.67
04時46分05秒    1   34.07    0.00   15.38    0.00    0.00    2.20    0.00    0.00    0.00   48.35

04時46分05秒  CPU    %usr   %nice    %sys %iowait    %irq   %soft  %steal  %guest  %gnice   %idle
04時46分06秒    0   35.56    0.00   28.89    0.00    0.00    5.56    0.00    0.00    0.00   30.00
04時46分06秒    1   32.58    0.00   12.36    0.00    0.00    2.25    0.00    0.00    0.00   52.81

04時46分06秒  CPU    %usr   %nice    %sys %iowait    %irq   %soft  %steal  %guest  %gnice   %idle
04時46分07秒    0   43.75    0.00   28.12    0.00    0.00    7.29    0.00    0.00    0.00   20.83
04時46分07秒    1   32.97    0.00   17.58    0.00    0.00    2.20    0.00    0.00    0.00   47.25

04時46分07秒  CPU    %usr   %nice    %sys %iowait    %irq   %soft  %steal  %guest  %gnice   %idle
04時46分08秒    0   39.13    0.00   28.26    0.00    0.00    6.52    0.00    0.00    0.00   26.09
04時46分08秒    1   31.52    0.00   16.30    0.00    0.00    2.17    0.00    0.00    0.00   50.00

04時46分08秒  CPU    %usr   %nice    %sys %iowait    %irq   %soft  %steal  %guest  %gnice   %idle
04時46分09秒    0   38.71    0.00   27.96    0.00    0.00    6.45    0.00    0.00    0.00   26.88
04時46分09秒    1   36.67    0.00   12.22    0.00    0.00    1.11    0.00    0.00    0.00   50.00

04時46分09秒  CPU    %usr   %nice    %sys %iowait    %irq   %soft  %steal  %guest  %gnice   %idle
04時46分10秒    0   30.85    0.00   35.11    0.00    0.00    6.38    0.00    0.00    0.00   27.66
04時46分10秒    1   29.67    0.00   18.68    0.00    0.00    2.20    0.00    0.00    0.00   49.45

04時46分10秒  CPU    %usr   %nice    %sys %iowait    %irq   %soft  %steal  %guest  %gnice   %idle
04時46分11秒    0   37.36    0.00   29.67    0.00    0.00    7.69    0.00    0.00    0.00   25.27
04時46分11秒    1   35.16    0.00   14.29    0.00    0.00    2.20    0.00    0.00    0.00   48.35

04時46分11秒  CPU    %usr   %nice    %sys %iowait    %irq   %soft  %steal  %guest  %gnice   %idle
04時46分12秒    0   43.01    0.00   24.73    0.00    0.00    6.45    0.00    0.00    0.00   25.81
04時46分12秒    1   32.97    0.00   16.48    0.00    0.00    2.20    0.00    0.00    0.00   48.35

04時46分12秒  CPU    %usr   %nice    %sys %iowait    %irq   %soft  %steal  %guest  %gnice   %idle
04時46分13秒    0   36.96    0.00   30.43    0.00    0.00    6.52    0.00    0.00    0.00   26.09
04時46分13秒    1   31.11    0.00   15.56    0.00    0.00    2.22    0.00    0.00    0.00   51.11

04時46分13秒  CPU    %usr   %nice    %sys %iowait    %irq   %soft  %steal  %guest  %gnice   %idle
04時46分14秒    0   37.50    0.00   32.29    0.00    0.00    7.29    0.00    0.00    0.00   22.92
04時46分14秒    1   35.48    0.00   15.05    0.00    0.00    2.15    0.00    0.00    0.00   47.31

04時46分14秒  CPU    %usr   %nice    %sys %iowait    %irq   %soft  %steal  %guest  %gnice   %idle
04時46分15秒    0   39.78    0.00   29.03    0.00    0.00    6.45    0.00    0.00    0.00   24.73
04時46分15秒    1   31.46    0.00   15.73    0.00    0.00    2.25    0.00    0.00    0.00   50.56

04時46分15秒  CPU    %usr   %nice    %sys %iowait    %irq   %soft  %steal  %guest  %gnice   %idle
04時46分16秒    0   36.56    0.00   30.11    0.00    0.00    6.45    0.00    0.00    0.00   26.88
04時46分16秒    1   31.46    0.00   16.85    0.00    0.00    1.12    0.00    0.00    0.00   50.56

04時46分16秒  CPU    %usr   %nice    %sys %iowait    %irq   %soft  %steal  %guest  %gnice   %idle
04時46分17秒    0   35.11    0.00   31.91    0.00    0.00    7.45    0.00    0.00    0.00   25.53
04時46分17秒    1   36.26    0.00   10.99    0.00    0.00    2.20    0.00    0.00    0.00   50.55

04時46分17秒  CPU    %usr   %nice    %sys %iowait    %irq   %soft  %steal  %guest  %gnice   %idle
04時46分18秒    0   45.74    0.00   21.28    0.00    0.00    6.38    0.00    0.00    0.00   26.60
04時46分18秒    1   30.68    0.00   19.32    0.00    1.14    2.27    0.00    0.00    0.00   46.59

04時46分18秒  CPU    %usr   %nice    %sys %iowait    %irq   %soft  %steal  %guest  %gnice   %idle
04時46分19秒    0   32.99    0.00   34.02    0.00    1.03    7.22    0.00    0.00    0.00   24.74
04時46分19秒    1   34.83    0.00   15.73    0.00    0.00    3.37    0.00    0.00    0.00   46.07

04時46分19秒  CPU    %usr   %nice    %sys %iowait    %irq   %soft  %steal  %guest  %gnice   %idle
04時46分20秒    0   37.78    0.00   31.11    0.00    0.00    6.67    0.00    0.00    0.00   24.44
04時46分20秒    1   34.07    0.00   18.68    0.00    0.00    2.20    0.00    0.00    0.00   45.05

04時46分20秒  CPU    %usr   %nice    %sys %iowait    %irq   %soft  %steal  %guest  %gnice   %idle
04時46分21秒    0   40.62    0.00   29.17    0.00    0.00    7.29    0.00    0.00    0.00   22.92
04時46分21秒    1   29.89    0.00   21.84    0.00    0.00    2.30    0.00    0.00    0.00   45.98

04時46分21秒  CPU    %usr   %nice    %sys %iowait    %irq   %soft  %steal  %guest  %gnice   %idle
04時46分22秒    0   39.36    0.00   28.72    0.00    0.00    6.38    0.00    0.00    0.00   25.53
04時46分22秒    1   31.82    0.00   21.59    0.00    0.00    2.27    0.00    0.00    0.00   44.32

04時46分22秒  CPU    %usr   %nice    %sys %iowait    %irq   %soft  %steal  %guest  %gnice   %idle
04時46分23秒    0   41.05    0.00   27.37    0.00    0.00    6.32    0.00    0.00    0.00   25.26
04時46分23秒    1   30.00    0.00   23.33    0.00    0.00    2.22    0.00    0.00    0.00   44.44

04時46分23秒  CPU    %usr   %nice    %sys %iowait    %irq   %soft  %steal  %guest  %gnice   %idle
04時46分24秒    0   40.43    0.00   26.60    0.00    0.00    7.45    0.00    0.00    0.00   25.53
04時46分24秒    1   33.33    0.00   18.89    0.00    0.00    3.33    0.00    0.00    0.00   44.44

04時46分24秒  CPU    %usr   %nice    %sys %iowait    %irq   %soft  %steal  %guest  %gnice   %idle
04時46分25秒    0   33.33    0.00   34.41    0.00    0.00    6.45    0.00    0.00    0.00   25.81
04時46分25秒    1   35.56    0.00   15.56    0.00    0.00    2.22    0.00    0.00    0.00   46.67

04時46分25秒  CPU    %usr   %nice    %sys %iowait    %irq   %soft  %steal  %guest  %gnice   %idle
04時46分26秒    0   40.86    0.00   26.88    0.00    0.00    7.53    0.00    0.00    0.00   24.73
04時46分26秒    1   35.63    0.00   17.24    0.00    0.00    2.30    0.00    0.00    0.00   44.83

04時46分26秒  CPU    %usr   %nice    %sys %iowait    %irq   %soft  %steal  %guest  %gnice   %idle
04時46分27秒    0   41.49    0.00   27.66    0.00    0.00    6.38    0.00    0.00    0.00   24.47
04時46分27秒    1   36.96    0.00   18.48    0.00    0.00    2.17    0.00    0.00    0.00   42.39

04時46分27秒  CPU    %usr   %nice    %sys %iowait    %irq   %soft  %steal  %guest  %gnice   %idle
04時46分28秒    0   38.95    0.00   29.47    0.00    0.00    7.37    0.00    0.00    0.00   24.21
04時46分28秒    1   36.67    0.00   16.67    0.00    0.00    2.22    0.00    0.00    0.00   44.44

04時46分28秒  CPU    %usr   %nice    %sys %iowait    %irq   %soft  %steal  %guest  %gnice   %idle
04時46分29秒    0   37.23    0.00   30.85    0.00    0.00    6.38    0.00    0.00    0.00   25.53
04時46分29秒    1   32.18    0.00   19.54    0.00    0.00    2.30    0.00    0.00    0.00   45.98

04時46分29秒  CPU    %usr   %nice    %sys %iowait    %irq   %soft  %steal  %guest  %gnice   %idle
04時46分30秒    0   38.04    0.00   27.17    0.00    0.00    6.52    0.00    0.00    0.00   28.26
04時46分30秒    1   27.78    0.00   22.22    0.00    0.00    2.22    0.00    0.00    0.00   47.78

04時46分30秒  CPU    %usr   %nice    %sys %iowait    %irq   %soft  %steal  %guest  %gnice   %idle
04時46分31秒    0   42.11    0.00   26.32    0.00    0.00    7.37    0.00    0.00    0.00   24.21
04時46分31秒    1   32.61    0.00   16.30    0.00    0.00    2.17    0.00    0.00    0.00   48.91

04時46分31秒  CPU    %usr   %nice    %sys %iowait    %irq   %soft  %steal  %guest  %gnice   %idle
04時46分32秒    0   34.44    0.00   30.00    0.00    0.00    6.67    0.00    0.00    0.00   28.89
04時46分32秒    1   28.09    0.00   21.35    0.00    1.12    2.25    0.00    0.00    0.00   47.19

04時46分32秒  CPU    %usr   %nice    %sys %iowait    %irq   %soft  %steal  %guest  %gnice   %idle
04時46分33秒    0   34.41    0.00   32.26    0.00    0.00    7.53    0.00    0.00    0.00   25.81
04時46分33秒    1   30.43    0.00   20.65    0.00    0.00    3.26    0.00    0.00    0.00   45.65

04時46分33秒  CPU    %usr   %nice    %sys %iowait    %irq   %soft  %steal  %guest  %gnice   %idle
04時46分34秒    0   41.49    0.00   28.72    0.00    0.00    6.38    0.00    0.00    0.00   23.40
04時46分34秒    1   36.26    0.00   19.78    0.00    0.00    2.20    0.00    0.00    0.00   41.76

04時46分34秒  CPU    %usr   %nice    %sys %iowait    %irq   %soft  %steal  %guest  %gnice   %idle
04時46分35秒    0   38.04    0.00   29.35    0.00    0.00    7.61    0.00    0.00    0.00   25.00
04時46分35秒    1   32.58    0.00   20.22    0.00    0.00    2.25    0.00    0.00    0.00   44.94

04時46分35秒  CPU    %usr   %nice    %sys %iowait    %irq   %soft  %steal  %guest  %gnice   %idle
04時46分36秒    0   41.30    0.00   27.17    0.00    0.00    6.52    0.00    0.00    0.00   25.00
04時46分36秒    1   34.83    0.00   19.10    0.00    0.00    2.25    0.00    0.00    0.00   43.82

04時46分36秒  CPU    %usr   %nice    %sys %iowait    %irq   %soft  %steal  %guest  %gnice   %idle
04時46分37秒    0   36.84    0.00   31.58    0.00    0.00    7.37    0.00    0.00    0.00   24.21
04時46分37秒    1   38.04    0.00   14.13    0.00    0.00    2.17    0.00    0.00    0.00   45.65

04時46分37秒  CPU    %usr   %nice    %sys %iowait    %irq   %soft  %steal  %guest  %gnice   %idle
04時46分38秒    0   38.71    0.00   29.03    0.00    1.08    6.45    0.00    0.00    0.00   24.73
04時46分38秒    1   34.07    0.00   14.29    0.00    0.00    2.20    0.00    0.00    0.00   49.45

04時46分38秒  CPU    %usr   %nice    %sys %iowait    %irq   %soft  %steal  %guest  %gnice   %idle
04時46分39秒    0   38.30    0.00   28.72    0.00    0.00    6.38    0.00    0.00    0.00   26.60
04時46分39秒    1   35.56    0.00   13.33    0.00    0.00    2.22    0.00    0.00    0.00   48.89

04時46分39秒  CPU    %usr   %nice    %sys %iowait    %irq   %soft  %steal  %guest  %gnice   %idle
04時46分40秒    0   37.50    0.00   28.12    0.00    0.00    6.25    0.00    0.00    0.00   28.12
04時46分40秒    1   32.58    0.00   15.73    0.00    0.00    1.12    0.00    0.00    0.00   50.56

04時46分40秒  CPU    %usr   %nice    %sys %iowait    %irq   %soft  %steal  %guest  %gnice   %idle
04時46分41秒    0   37.63    0.00   27.96    0.00    0.00    7.53    0.00    0.00    0.00   26.88
04時46分41秒    1   38.46    0.00   14.29    0.00    0.00    3.30    0.00    0.00    0.00   43.96

04時46分41秒  CPU    %usr   %nice    %sys %iowait    %irq   %soft  %steal  %guest  %gnice   %idle
04時46分42秒    0   37.23    0.00   32.98    0.00    0.00    6.38    0.00    0.00    0.00   23.40
04時46分42秒    1   35.56    0.00   17.78    0.00    0.00    2.22    0.00    0.00    0.00   44.44

04時46分42秒  CPU    %usr   %nice    %sys %iowait    %irq   %soft  %steal  %guest  %gnice   %idle
04時46分43秒    0   36.96    0.00   31.52    0.00    0.00    7.61    0.00    0.00    0.00   23.91
04時46分43秒    1   35.96    0.00   16.85    0.00    0.00    2.25    0.00    0.00    0.00   44.94

04時46分43秒  CPU    %usr   %nice    %sys %iowait    %irq   %soft  %steal  %guest  %gnice   %idle
04時46分44秒    0   38.46    0.00   29.67    0.00    0.00    6.59    0.00    0.00    0.00   25.27
04時46分44秒    1   35.96    0.00   16.85    0.00    0.00    2.25    0.00    0.00    0.00   44.94

04時46分44秒  CPU    %usr   %nice    %sys %iowait    %irq   %soft  %steal  %guest  %gnice   %idle
04時46分45秒    0   37.63    0.00   30.11    0.00    0.00    7.53    0.00    0.00    0.00   24.73
04時46分45秒    1   28.09    0.00   23.60    0.00    0.00    2.25    0.00    0.00    0.00   46.07

04時46分45秒  CPU    %usr   %nice    %sys %iowait    %irq   %soft  %steal  %guest  %gnice   %idle
04時46分46秒    0   36.17    0.00   30.85    0.00    0.00    6.38    0.00    0.00    0.00   26.60
04時46分46秒    1   32.97    0.00   15.38    0.00    0.00    2.20    0.00    0.00    0.00   49.45

04時46分46秒  CPU    %usr   %nice    %sys %iowait    %irq   %soft  %steal  %guest  %gnice   %idle
04時46分47秒    0   41.94    0.00   26.88    0.00    0.00    7.53    0.00    0.00    0.00   23.66
04時46分47秒    1   35.87    0.00   14.13    0.00    0.00    2.17    0.00    0.00    0.00   47.83

04時46分47秒  CPU    %usr   %nice    %sys %iowait    %irq   %soft  %steal  %guest  %gnice   %idle
04時46分48秒    0   36.96    0.00   28.26    0.00    0.00    6.52    0.00    0.00    0.00   28.26
04時46分48秒    1   31.52    0.00   16.30    0.00    0.00    2.17    0.00    0.00    0.00   50.00

04時46分48秒  CPU    %usr   %nice    %sys %iowait    %irq   %soft  %steal  %guest  %gnice   %idle
04時46分49秒    0   35.79    0.00   31.58    0.00    0.00    6.32    0.00    0.00    0.00   26.32
04時46分49秒    1   32.58    0.00   14.61    0.00    0.00    2.25    0.00    0.00    0.00   50.56

04時46分49秒  CPU    %usr   %nice    %sys %iowait    %irq   %soft  %steal  %guest  %gnice   %idle
04時46分50秒    0   44.68    0.00   20.21    0.00    0.00    6.38    0.00    0.00    0.00   28.72
04時46分50秒    1   31.11    0.00   15.56    0.00    0.00    1.11    0.00    0.00    0.00   52.22

04時46分50秒  CPU    %usr   %nice    %sys %iowait    %irq   %soft  %steal  %guest  %gnice   %idle
04時46分51秒    0   43.62    0.00   22.34    0.00    0.00    6.38    0.00    0.00    0.00   27.66
04時46分51秒    1   31.11    0.00   20.00    0.00    0.00    2.22    0.00    0.00    0.00   46.67

04時46分51秒  CPU    %usr   %nice    %sys %iowait    %irq   %soft  %steal  %guest  %gnice   %idle
04時46分52秒    0   35.16    0.00   32.97    0.00    0.00    7.69    0.00    0.00    0.00   24.18
04時46分52秒    1   32.97    0.00   16.48    0.00    0.00    2.20    0.00    0.00    0.00   48.35

04時46分52秒  CPU    %usr   %nice    %sys %iowait    %irq   %soft  %steal  %guest  %gnice   %idle
04時46分53秒    0   39.36    0.00   29.79    0.00    0.00    6.38    0.00    0.00    0.00   24.47
04時46分53秒    1   39.13    0.00   11.96    0.00    0.00    2.17    0.00    0.00    0.00   46.74

04時46分53秒  CPU    %usr   %nice    %sys %iowait    %irq   %soft  %steal  %guest  %gnice   %idle
04時46分54秒    0   34.78    0.00   30.43    0.00    0.00    7.61    0.00    0.00    0.00   27.17
04時46分54秒    1   33.70    0.00   14.13    0.00    0.00    2.17    0.00    0.00    0.00   50.00

04時46分54秒  CPU    %usr   %nice    %sys %iowait    %irq   %soft  %steal  %guest  %gnice   %idle
04時46分55秒    0   40.86    0.00   24.73    0.00    0.00    6.45    0.00    0.00    0.00   27.96
04時46分55秒    1   32.97    0.00   14.29    0.00    0.00    2.20    0.00    0.00    0.00   50.55

04時46分55秒  CPU    %usr   %nice    %sys %iowait    %irq   %soft  %steal  %guest  %gnice   %idle
04時46分56秒    0   36.67    0.00   30.00    0.00    0.00    6.67    0.00    0.00    0.00   26.67
04時46分56秒    1   33.33    0.00   14.44    0.00    0.00    2.22    0.00    0.00    0.00   50.00

04時46分56秒  CPU    %usr   %nice    %sys %iowait    %irq   %soft  %steal  %guest  %gnice   %idle
04時46分57秒    0   37.89    0.00   25.26    0.00    1.05    6.32    0.00    0.00    0.00   29.47
04時46分57秒    1   32.97    0.00   13.19    0.00    0.00    2.20    0.00    0.00    0.00   51.65

平均時間：  CPU    %usr   %nice    %sys %iowait    %irq   %soft  %steal  %guest  %gnice   %idle
平均時間：    0   38.70    0.00   28.66    0.00    0.06    6.78    0.00    0.00    0.00   25.80
平均時間：    1   33.41    0.00   16.00    0.00    0.05    2.12    0.00    0.00    0.00   48.42
