Linux 5.6.15-arch1-1 (archlinux) 	西元2020年06月29日 	_x86_64_	(12 CPU)

04時39分43秒  CPU    %usr   %nice    %sys %iowait    %irq   %soft  %steal  %guest  %gnice   %idle
04時39分44秒    0   42.11    0.00   24.21    0.00    0.00    7.37    0.00    0.00    0.00   26.32
04時39分44秒    1   35.48    0.00   13.98    0.00    0.00    2.15    0.00    0.00    0.00   48.39

04時39分44秒  CPU    %usr   %nice    %sys %iowait    %irq   %soft  %steal  %guest  %gnice   %idle
04時39分45秒    0   38.46    0.00   28.57    0.00    0.00    6.59    0.00    0.00    0.00   26.37
04時39分45秒    1   35.87    0.00   14.13    0.00    0.00    2.17    0.00    0.00    0.00   47.83

04時39分45秒  CPU    %usr   %nice    %sys %iowait    %irq   %soft  %steal  %guest  %gnice   %idle
04時39分46秒    0   40.86    0.00   27.96    0.00    0.00    7.53    0.00    0.00    0.00   23.66
04時39分46秒    1   32.98    0.00   18.09    0.00    0.00    2.13    0.00    0.00    0.00   46.81

04時39分46秒  CPU    %usr   %nice    %sys %iowait    %irq   %soft  %steal  %guest  %gnice   %idle
04時39分47秒    0   40.00    0.00   25.56    0.00    0.00    6.67    0.00    0.00    0.00   27.78
04時39分47秒    1   33.33    0.00   14.44    0.00    0.00    2.22    0.00    0.00    0.00   50.00

04時39分47秒  CPU    %usr   %nice    %sys %iowait    %irq   %soft  %steal  %guest  %gnice   %idle
04時39分48秒    0   35.48    0.00   31.18    0.00    0.00    6.45    0.00    0.00    0.00   26.88
04時39分48秒    1   37.63    0.00   11.83    0.00    0.00    2.15    0.00    0.00    0.00   48.39

04時39分48秒  CPU    %usr   %nice    %sys %iowait    %irq   %soft  %steal  %guest  %gnice   %idle
04時39分49秒    0   40.00    0.00   29.47    0.00    0.00    7.37    0.00    0.00    0.00   23.16
04時39分49秒    1   37.78    0.00   13.33    0.00    0.00    1.11    0.00    0.00    0.00   47.78

04時39分49秒  CPU    %usr   %nice    %sys %iowait    %irq   %soft  %steal  %guest  %gnice   %idle
04時39分50秒    0   35.48    0.00   31.18    0.00    0.00    6.45    0.00    0.00    0.00   26.88
04時39分50秒    1   29.03    0.00   19.35    0.00    0.00    2.15    0.00    0.00    0.00   49.46

04時39分50秒  CPU    %usr   %nice    %sys %iowait    %irq   %soft  %steal  %guest  %gnice   %idle
04時39分51秒    0   38.71    0.00   29.03    0.00    0.00    7.53    0.00    0.00    0.00   24.73
04時39分51秒    1   32.97    0.00   16.48    0.00    0.00    2.20    0.00    0.00    0.00   48.35

04時39分51秒  CPU    %usr   %nice    %sys %iowait    %irq   %soft  %steal  %guest  %gnice   %idle
04時39分52秒    0   38.04    0.00   32.61    0.00    0.00    6.52    0.00    0.00    0.00   22.83
04時39分52秒    1   34.07    0.00   17.58    0.00    0.00    2.20    0.00    0.00    0.00   46.15

04時39分52秒  CPU    %usr   %nice    %sys %iowait    %irq   %soft  %steal  %guest  %gnice   %idle
04時39分53秒    0   36.56    0.00   29.03    0.00    0.00    7.53    0.00    0.00    0.00   26.88
04時39分53秒    1   28.26    0.00   21.74    0.00    0.00    2.17    0.00    0.00    0.00   47.83

04時39分53秒  CPU    %usr   %nice    %sys %iowait    %irq   %soft  %steal  %guest  %gnice   %idle
04時39分54秒    0   38.71    0.00   27.96    0.00    0.00    6.45    0.00    0.00    0.00   26.88
04時39分54秒    1   35.16    0.00   13.19    0.00    0.00    2.20    0.00    0.00    0.00   49.45

04時39分54秒  CPU    %usr   %nice    %sys %iowait    %irq   %soft  %steal  %guest  %gnice   %idle
04時39分55秒    0   37.08    0.00   25.84    0.00    0.00    6.74    0.00    0.00    0.00   30.34
04時39分55秒    1   31.11    0.00   16.67    0.00    0.00    1.11    0.00    0.00    0.00   51.11

04時39分55秒  CPU    %usr   %nice    %sys %iowait    %irq   %soft  %steal  %guest  %gnice   %idle
04時39分56秒    0   41.11    0.00   26.67    0.00    0.00    7.78    0.00    0.00    0.00   24.44
04時39分56秒    1   39.13    0.00   11.96    0.00    0.00    2.17    0.00    0.00    0.00   46.74

04時39分56秒  CPU    %usr   %nice    %sys %iowait    %irq   %soft  %steal  %guest  %gnice   %idle
04時39分57秒    0   35.87    0.00   29.35    0.00    0.00    6.52    0.00    0.00    0.00   28.26
04時39分57秒    1   34.07    0.00   14.29    0.00    0.00    2.20    0.00    0.00    0.00   49.45

04時39分57秒  CPU    %usr   %nice    %sys %iowait    %irq   %soft  %steal  %guest  %gnice   %idle
04時39分58秒    0   38.71    0.00   29.03    0.00    0.00    7.53    0.00    0.00    0.00   24.73
04時39分58秒    1   30.43    0.00   19.57    0.00    0.00    2.17    0.00    0.00    0.00   47.83

04時39分58秒  CPU    %usr   %nice    %sys %iowait    %irq   %soft  %steal  %guest  %gnice   %idle
04時39分59秒    0   44.09    0.00   24.73    0.00    1.08    6.45    0.00    0.00    0.00   23.66
04時39分59秒    1   32.22    0.00   17.78    0.00    0.00    2.22    0.00    0.00    0.00   47.78

04時39分59秒  CPU    %usr   %nice    %sys %iowait    %irq   %soft  %steal  %guest  %gnice   %idle
04時40分00秒    0   40.86    0.00   24.73    0.00    0.00    7.53    0.00    0.00    0.00   26.88
04時40分00秒    1   30.77    0.00   17.58    0.00    0.00    2.20    0.00    0.00    0.00   49.45

04時40分00秒  CPU    %usr   %nice    %sys %iowait    %irq   %soft  %steal  %guest  %gnice   %idle
04時40分01秒    0   34.07    0.00   31.87    0.00    0.00    6.59    0.00    0.00    0.00   27.47
04時40分01秒    1   30.77    0.00   18.68    0.00    0.00    2.20    0.00    0.00    0.00   48.35

04時40分01秒  CPU    %usr   %nice    %sys %iowait    %irq   %soft  %steal  %guest  %gnice   %idle
04時40分02秒    0   38.71    0.00   29.03    0.00    0.00    6.45    0.00    0.00    0.00   25.81
04時40分02秒    1   32.22    0.00   16.67    0.00    0.00    1.11    0.00    0.00    0.00   50.00

04時40分02秒  CPU    %usr   %nice    %sys %iowait    %irq   %soft  %steal  %guest  %gnice   %idle
04時40分03秒    0   39.13    0.00   31.52    0.00    0.00    7.61    0.00    0.00    0.00   21.74
04時40分03秒    1   32.97    0.00   18.68    0.00    1.10    2.20    0.00    0.00    0.00   45.05

04時40分03秒  CPU    %usr   %nice    %sys %iowait    %irq   %soft  %steal  %guest  %gnice   %idle
04時40分04秒    0   38.46    0.00   28.57    0.00    0.00    7.69    0.00    0.00    0.00   25.27
04時40分04秒    1   35.87    0.00   14.13    0.00    0.00    2.17    0.00    0.00    0.00   47.83

04時40分04秒  CPU    %usr   %nice    %sys %iowait    %irq   %soft  %steal  %guest  %gnice   %idle
04時40分05秒    0   39.33    0.00   24.72    0.00    0.00    6.74    0.00    0.00    0.00   29.21
04時40分05秒    1   32.97    0.00   14.29    0.00    0.00    2.20    0.00    0.00    0.00   50.55

04時40分05秒  CPU    %usr   %nice    %sys %iowait    %irq   %soft  %steal  %guest  %gnice   %idle
04時40分06秒    0   39.13    0.00   25.00    0.00    0.00    6.52    0.00    0.00    0.00   29.35
04時40分06秒    1   34.44    0.00   17.78    0.00    0.00    2.22    0.00    0.00    0.00   45.56

04時40分06秒  CPU    %usr   %nice    %sys %iowait    %irq   %soft  %steal  %guest  %gnice   %idle
04時40分07秒    0   39.36    0.00   27.66    0.00    0.00    7.45    0.00    0.00    0.00   25.53
04時40分07秒    1   32.61    0.00   16.30    0.00    0.00    2.17    0.00    0.00    0.00   48.91

04時40分07秒  CPU    %usr   %nice    %sys %iowait    %irq   %soft  %steal  %guest  %gnice   %idle
04時40分08秒    0   35.11    0.00   29.79    0.00    0.00    6.38    0.00    0.00    0.00   28.72
04時40分08秒    1   31.11    0.00   16.67    0.00    0.00    1.11    0.00    0.00    0.00   51.11

04時40分08秒  CPU    %usr   %nice    %sys %iowait    %irq   %soft  %steal  %guest  %gnice   %idle
04時40分09秒    0   37.36    0.00   30.77    0.00    0.00    6.59    0.00    0.00    0.00   25.27
04時40分09秒    1   30.77    0.00   18.68    0.00    0.00    2.20    0.00    0.00    0.00   48.35

04時40分09秒  CPU    %usr   %nice    %sys %iowait    %irq   %soft  %steal  %guest  %gnice   %idle
04時40分10秒    0   39.36    0.00   27.66    0.00    0.00    7.45    0.00    0.00    0.00   25.53
04時40分10秒    1   31.52    0.00   17.39    0.00    0.00    2.17    0.00    0.00    0.00   48.91

04時40分10秒  CPU    %usr   %nice    %sys %iowait    %irq   %soft  %steal  %guest  %gnice   %idle
04時40分11秒    0   38.04    0.00   30.43    0.00    0.00    6.52    0.00    0.00    0.00   25.00
04時40分11秒    1   32.61    0.00   17.39    0.00    0.00    2.17    0.00    0.00    0.00   47.83

04時40分11秒  CPU    %usr   %nice    %sys %iowait    %irq   %soft  %steal  %guest  %gnice   %idle
04時40分12秒    0   36.17    0.00   30.85    0.00    0.00    6.38    0.00    0.00    0.00   26.60
04時40分12秒    1   30.77    0.00   17.58    0.00    0.00    2.20    0.00    0.00    0.00   49.45

04時40分12秒  CPU    %usr   %nice    %sys %iowait    %irq   %soft  %steal  %guest  %gnice   %idle
04時40分13秒    0   39.36    0.00   26.60    0.00    0.00    7.45    0.00    0.00    0.00   26.60
04時40分13秒    1   31.87    0.00   15.38    0.00    0.00    2.20    0.00    0.00    0.00   50.55

04時40分13秒  CPU    %usr   %nice    %sys %iowait    %irq   %soft  %steal  %guest  %gnice   %idle
04時40分14秒    0   38.04    0.00   29.35    0.00    0.00    6.52    0.00    0.00    0.00   26.09
04時40分14秒    1   35.48    0.00   15.05    0.00    0.00    1.08    0.00    0.00    0.00   48.39

04時40分14秒  CPU    %usr   %nice    %sys %iowait    %irq   %soft  %steal  %guest  %gnice   %idle
04時40分15秒    0   38.89    0.00   26.67    0.00    0.00    7.78    0.00    0.00    0.00   26.67
04時40分15秒    1   31.87    0.00   18.68    0.00    0.00    2.20    0.00    0.00    0.00   47.25

04時40分15秒  CPU    %usr   %nice    %sys %iowait    %irq   %soft  %steal  %guest  %gnice   %idle
04時40分16秒    0   38.89    0.00   27.78    0.00    0.00    6.67    0.00    0.00    0.00   26.67
04時40分16秒    1   31.91    0.00   18.09    0.00    0.00    2.13    0.00    0.00    0.00   47.87

04時40分16秒  CPU    %usr   %nice    %sys %iowait    %irq   %soft  %steal  %guest  %gnice   %idle
04時40分17秒    0   35.48    0.00   31.18    0.00    1.08    6.45    0.00    0.00    0.00   25.81
04時40分17秒    1   34.78    0.00   15.22    0.00    0.00    2.17    0.00    0.00    0.00   47.83

04時40分17秒  CPU    %usr   %nice    %sys %iowait    %irq   %soft  %steal  %guest  %gnice   %idle
04時40分18秒    0   40.86    0.00   24.73    0.00    0.00    7.53    0.00    0.00    0.00   26.88
04時40分18秒    1   31.52    0.00   16.30    0.00    1.09    2.17    0.00    0.00    0.00   48.91

04時40分18秒  CPU    %usr   %nice    %sys %iowait    %irq   %soft  %steal  %guest  %gnice   %idle
04時40分19秒    0   35.87    0.00   26.09    0.00    0.00    6.52    0.00    0.00    0.00   31.52
04時40分19秒    1   30.77    0.00   15.38    0.00    0.00    1.10    0.00    0.00    0.00   52.75

04時40分19秒  CPU    %usr   %nice    %sys %iowait    %irq   %soft  %steal  %guest  %gnice   %idle
04時40分20秒    0   37.63    0.00   31.18    0.00    0.00    6.45    0.00    0.00    0.00   24.73
04時40分20秒    1   38.20    0.00   16.85    0.00    0.00    2.25    0.00    0.00    0.00   42.70

04時40分20秒  CPU    %usr   %nice    %sys %iowait    %irq   %soft  %steal  %guest  %gnice   %idle
04時40分21秒    0   39.36    0.00   27.66    0.00    0.00    7.45    0.00    0.00    0.00   25.53
04時40分21秒    1   30.43    0.00   20.65    0.00    0.00    2.17    0.00    0.00    0.00   46.74

04時40分21秒  CPU    %usr   %nice    %sys %iowait    %irq   %soft  %steal  %guest  %gnice   %idle
04時40分22秒    0   37.08    0.00   28.09    0.00    0.00    6.74    0.00    0.00    0.00   28.09
04時40分22秒    1   33.33    0.00   14.44    0.00    0.00    2.22    0.00    0.00    0.00   50.00

04時40分22秒  CPU    %usr   %nice    %sys %iowait    %irq   %soft  %steal  %guest  %gnice   %idle
04時40分23秒    0   42.11    0.00   27.37    0.00    0.00    7.37    0.00    0.00    0.00   23.16
04時40分23秒    1   35.48    0.00   16.13    0.00    0.00    2.15    0.00    0.00    0.00   46.24

04時40分23秒  CPU    %usr   %nice    %sys %iowait    %irq   %soft  %steal  %guest  %gnice   %idle
04時40分24秒    0   37.36    0.00   29.67    0.00    0.00    6.59    0.00    0.00    0.00   26.37
04時40分24秒    1   35.16    0.00   14.29    0.00    0.00    2.20    0.00    0.00    0.00   48.35

04時40分24秒  CPU    %usr   %nice    %sys %iowait    %irq   %soft  %steal  %guest  %gnice   %idle
04時40分25秒    0   37.63    0.00   27.96    0.00    0.00    7.53    0.00    0.00    0.00   26.88
04時40分25秒    1   34.07    0.00   15.38    0.00    0.00    2.20    0.00    0.00    0.00   48.35

04時40分25秒  CPU    %usr   %nice    %sys %iowait    %irq   %soft  %steal  %guest  %gnice   %idle
04時40分26秒    0   43.16    0.00   24.21    0.00    0.00    6.32    0.00    0.00    0.00   26.32
04時40分26秒    1   35.56    0.00   16.67    0.00    0.00    2.22    0.00    0.00    0.00   45.56

04時40分26秒  CPU    %usr   %nice    %sys %iowait    %irq   %soft  %steal  %guest  %gnice   %idle
04時40分27秒    0   37.23    0.00   30.85    0.00    0.00    6.38    0.00    0.00    0.00   25.53
04時40分27秒    1   34.44    0.00   18.89    0.00    0.00    2.22    0.00    0.00    0.00   44.44

04時40分27秒  CPU    %usr   %nice    %sys %iowait    %irq   %soft  %steal  %guest  %gnice   %idle
04時40分28秒    0   41.30    0.00   22.83    0.00    0.00    7.61    0.00    0.00    0.00   28.26
04時40分28秒    1   32.22    0.00   16.67    0.00    0.00    1.11    0.00    0.00    0.00   50.00

04時40分28秒  CPU    %usr   %nice    %sys %iowait    %irq   %soft  %steal  %guest  %gnice   %idle
04時40分29秒    0   35.87    0.00   29.35    0.00    0.00    6.52    0.00    0.00    0.00   28.26
04時40分29秒    1   31.52    0.00   16.30    0.00    0.00    2.17    0.00    0.00    0.00   50.00

04時40分29秒  CPU    %usr   %nice    %sys %iowait    %irq   %soft  %steal  %guest  %gnice   %idle
04時40分30秒    0   41.30    0.00   27.17    0.00    0.00    6.52    0.00    0.00    0.00   25.00
04時40分30秒    1   32.22    0.00   18.89    0.00    0.00    2.22    0.00    0.00    0.00   46.67

04時40分30秒  CPU    %usr   %nice    %sys %iowait    %irq   %soft  %steal  %guest  %gnice   %idle
04時40分31秒    0   38.95    0.00   26.32    0.00    0.00    7.37    0.00    0.00    0.00   27.37
04時40分31秒    1   30.77    0.00   16.48    0.00    0.00    2.20    0.00    0.00    0.00   50.55

04時40分31秒  CPU    %usr   %nice    %sys %iowait    %irq   %soft  %steal  %guest  %gnice   %idle
04時40分32秒    0   37.63    0.00   31.18    0.00    0.00    6.45    0.00    0.00    0.00   24.73
04時40分32秒    1   34.44    0.00   15.56    0.00    0.00    2.22    0.00    0.00    0.00   47.78

04時40分32秒  CPU    %usr   %nice    %sys %iowait    %irq   %soft  %steal  %guest  %gnice   %idle
04時40分33秒    0   42.55    0.00   26.60    0.00    0.00    7.45    0.00    0.00    0.00   23.40
04時40分33秒    1   32.61    0.00   18.48    0.00    0.00    1.09    0.00    0.00    0.00   47.83

04時40分33秒  CPU    %usr   %nice    %sys %iowait    %irq   %soft  %steal  %guest  %gnice   %idle
04時40分34秒    0   35.87    0.00   29.35    0.00    0.00    6.52    0.00    0.00    0.00   28.26
04時40分34秒    1   33.70    0.00   14.13    0.00    1.09    2.17    0.00    0.00    0.00   48.91

04時40分34秒  CPU    %usr   %nice    %sys %iowait    %irq   %soft  %steal  %guest  %gnice   %idle
04時40分35秒    0   39.78    0.00   24.73    0.00    0.00    6.45    0.00    0.00    0.00   29.03
04時40分35秒    1   34.78    0.00   13.04    0.00    0.00    2.17    0.00    0.00    0.00   50.00

04時40分35秒  CPU    %usr   %nice    %sys %iowait    %irq   %soft  %steal  %guest  %gnice   %idle
04時40分36秒    0   28.57    0.00   32.97    0.00    1.10    6.59    0.00    0.00    0.00   30.77
04時40分36秒    1   26.09    0.00   20.65    0.00    0.00    2.17    0.00    0.00    0.00   51.09

04時40分36秒  CPU    %usr   %nice    %sys %iowait    %irq   %soft  %steal  %guest  %gnice   %idle
04時40分37秒    0   41.11    0.00   24.44    0.00    0.00    6.67    0.00    0.00    0.00   27.78
04時40分37秒    1   33.70    0.00   15.22    0.00    0.00    2.17    0.00    0.00    0.00   48.91

04時40分37秒  CPU    %usr   %nice    %sys %iowait    %irq   %soft  %steal  %guest  %gnice   %idle
04時40分38秒    0   39.36    0.00   28.72    0.00    0.00    7.45    0.00    0.00    0.00   24.47
04時40分38秒    1   34.44    0.00   15.56    0.00    0.00    2.22    0.00    0.00    0.00   47.78

04時40分38秒  CPU    %usr   %nice    %sys %iowait    %irq   %soft  %steal  %guest  %gnice   %idle
04時40分39秒    0   37.36    0.00   28.57    0.00    0.00    6.59    0.00    0.00    0.00   27.47
04時40分39秒    1   33.33    0.00   15.56    0.00    0.00    1.11    0.00    0.00    0.00   50.00

04時40分39秒  CPU    %usr   %nice    %sys %iowait    %irq   %soft  %steal  %guest  %gnice   %idle
04時40分40秒    0   35.48    0.00   30.11    0.00    0.00    7.53    0.00    0.00    0.00   26.88
04時40分40秒    1   32.97    0.00   15.38    0.00    0.00    2.20    0.00    0.00    0.00   49.45

04時40分40秒  CPU    %usr   %nice    %sys %iowait    %irq   %soft  %steal  %guest  %gnice   %idle
04時40分41秒    0   38.46    0.00   29.67    0.00    0.00    6.59    0.00    0.00    0.00   25.27
04時40分41秒    1   30.77    0.00   18.68    0.00    0.00    2.20    0.00    0.00    0.00   48.35

04時40分41秒  CPU    %usr   %nice    %sys %iowait    %irq   %soft  %steal  %guest  %gnice   %idle
04時40分42秒    0   36.96    0.00   29.35    0.00    0.00    6.52    0.00    0.00    0.00   27.17
04時40分42秒    1   31.87    0.00   16.48    0.00    0.00    2.20    0.00    0.00    0.00   49.45

04時40分42秒  CPU    %usr   %nice    %sys %iowait    %irq   %soft  %steal  %guest  %gnice   %idle
04時40分43秒    0   36.96    0.00   30.43    0.00    0.00    7.61    0.00    0.00    0.00   25.00
04時40分43秒    1   34.41    0.00   16.13    0.00    0.00    2.15    0.00    0.00    0.00   47.31

04時40分43秒  CPU    %usr   %nice    %sys %iowait    %irq   %soft  %steal  %guest  %gnice   %idle
04時40分44秒    0   39.56    0.00   26.37    0.00    0.00    6.59    0.00    0.00    0.00   27.47
04時40分44秒    1   35.16    0.00   14.29    0.00    0.00    1.10    0.00    0.00    0.00   49.45

04時40分44秒  CPU    %usr   %nice    %sys %iowait    %irq   %soft  %steal  %guest  %gnice   %idle
04時40分45秒    0   38.71    0.00   29.03    0.00    0.00    7.53    0.00    0.00    0.00   24.73
04時40分45秒    1   33.33    0.00   16.67    0.00    0.00    2.22    0.00    0.00    0.00   47.78

04時40分45秒  CPU    %usr   %nice    %sys %iowait    %irq   %soft  %steal  %guest  %gnice   %idle
04時40分46秒    0   37.36    0.00   29.67    0.00    0.00    6.59    0.00    0.00    0.00   26.37
04時40分46秒    1   32.98    0.00   18.09    0.00    0.00    2.13    0.00    0.00    0.00   46.81

04時40分46秒  CPU    %usr   %nice    %sys %iowait    %irq   %soft  %steal  %guest  %gnice   %idle
04時40分47秒    0   39.36    0.00   28.72    0.00    0.00    7.45    0.00    0.00    0.00   24.47
04時40分47秒    1   34.78    0.00   15.22    0.00    0.00    2.17    0.00    0.00    0.00   47.83

04時40分47秒  CPU    %usr   %nice    %sys %iowait    %irq   %soft  %steal  %guest  %gnice   %idle
04時40分48秒    0   39.13    0.00   27.17    0.00    0.00    6.52    0.00    0.00    0.00   27.17
04時40分48秒    1   34.41    0.00   15.05    0.00    0.00    2.15    0.00    0.00    0.00   48.39

04時40分48秒  CPU    %usr   %nice    %sys %iowait    %irq   %soft  %steal  %guest  %gnice   %idle
04時40分49秒    0   39.78    0.00   25.81    0.00    0.00    6.45    0.00    0.00    0.00   27.96
04時40分49秒    1   30.77    0.00   16.48    0.00    0.00    2.20    0.00    0.00    0.00   50.55

04時40分49秒  CPU    %usr   %nice    %sys %iowait    %irq   %soft  %steal  %guest  %gnice   %idle
04時40分50秒    0   34.41    0.00   31.18    0.00    0.00    7.53    0.00    0.00    0.00   26.88
04時40分50秒    1   37.08    0.00   11.24    0.00    0.00    1.12    0.00    0.00    0.00   50.56

04時40分50秒  CPU    %usr   %nice    %sys %iowait    %irq   %soft  %steal  %guest  %gnice   %idle
04時40分51秒    0   39.36    0.00   26.60    0.00    0.00    6.38    0.00    0.00    0.00   27.66
04時40分51秒    1   32.61    0.00   16.30    0.00    0.00    2.17    0.00    0.00    0.00   48.91

04時40分51秒  CPU    %usr   %nice    %sys %iowait    %irq   %soft  %steal  %guest  %gnice   %idle
04時40分52秒    0   39.56    0.00   25.27    0.00    0.00    6.59    0.00    0.00    0.00   28.57
04時40分52秒    1   30.34    0.00   15.73    0.00    0.00    2.25    0.00    0.00    0.00   51.69

04時40分52秒  CPU    %usr   %nice    %sys %iowait    %irq   %soft  %steal  %guest  %gnice   %idle
04時40分53秒    0   35.79    0.00   30.53    0.00    0.00    7.37    0.00    0.00    0.00   26.32
04時40分53秒    1   33.33    0.00   16.67    0.00    0.00    2.22    0.00    0.00    0.00   47.78

04時40分53秒  CPU    %usr   %nice    %sys %iowait    %irq   %soft  %steal  %guest  %gnice   %idle
04時40分54秒    0   39.58    0.00   31.25    0.00    1.04    6.25    0.00    0.00    0.00   21.88
04時40分54秒    1   36.96    0.00   18.48    0.00    0.00    2.17    0.00    0.00    0.00   42.39

04時40分54秒  CPU    %usr   %nice    %sys %iowait    %irq   %soft  %steal  %guest  %gnice   %idle
04時40分55秒    0   35.79    0.00   30.53    0.00    0.00    7.37    0.00    0.00    0.00   26.32
04時40分55秒    1   31.03    0.00   19.54    0.00    0.00    2.30    0.00    0.00    0.00   47.13

04時40分55秒  CPU    %usr   %nice    %sys %iowait    %irq   %soft  %steal  %guest  %gnice   %idle
04時40分56秒    0   37.50    0.00   26.14    0.00    0.00    6.82    0.00    0.00    0.00   29.55
04時40分56秒    1   35.16    0.00   12.09    0.00    0.00    2.20    0.00    0.00    0.00   50.55

04時40分56秒  CPU    %usr   %nice    %sys %iowait    %irq   %soft  %steal  %guest  %gnice   %idle
04時40分57秒    0   41.30    0.00   26.09    0.00    0.00    6.52    0.00    0.00    0.00   26.09
04時40分57秒    1   35.56    0.00   14.44    0.00    0.00    1.11    0.00    0.00    0.00   48.89

04時40分57秒  CPU    %usr   %nice    %sys %iowait    %irq   %soft  %steal  %guest  %gnice   %idle
04時40分58秒    0   42.27    0.00   26.80    0.00    0.00    7.22    0.00    0.00    0.00   23.71
04時40分58秒    1   34.78    0.00   15.22    0.00    0.00    2.17    0.00    0.00    0.00   47.83

04時40分58秒  CPU    %usr   %nice    %sys %iowait    %irq   %soft  %steal  %guest  %gnice   %idle
04時40分59秒    0   40.66    0.00   26.37    0.00    0.00    6.59    0.00    0.00    0.00   26.37
04時40分59秒    1   32.61    0.00   17.39    0.00    0.00    2.17    0.00    0.00    0.00   47.83

04時40分59秒  CPU    %usr   %nice    %sys %iowait    %irq   %soft  %steal  %guest  %gnice   %idle
04時41分00秒    0   38.30    0.00   26.60    0.00    0.00    6.38    0.00    0.00    0.00   28.72
04時41分00秒    1   34.78    0.00   11.96    0.00    1.09    2.17    0.00    0.00    0.00   50.00

04時41分00秒  CPU    %usr   %nice    %sys %iowait    %irq   %soft  %steal  %guest  %gnice   %idle
04時41分01秒    0   43.48    0.00   25.00    0.00    0.00    7.61    0.00    0.00    0.00   23.91
04時41分01秒    1   35.16    0.00   20.88    0.00    0.00    2.20    0.00    0.00    0.00   41.76

04時41分01秒  CPU    %usr   %nice    %sys %iowait    %irq   %soft  %steal  %guest  %gnice   %idle
04時41分02秒    0   35.48    0.00   33.33    0.00    0.00    7.53    0.00    0.00    0.00   23.66
04時41分02秒    1   33.71    0.00   21.35    0.00    0.00    2.25    0.00    0.00    0.00   42.70

04時41分02秒  CPU    %usr   %nice    %sys %iowait    %irq   %soft  %steal  %guest  %gnice   %idle
04時41分03秒    0   39.13    0.00   29.35    0.00    0.00    6.52    0.00    0.00    0.00   25.00
04時41分03秒    1   33.70    0.00   19.57    0.00    0.00    2.17    0.00    0.00    0.00   44.57

04時41分03秒  CPU    %usr   %nice    %sys %iowait    %irq   %soft  %steal  %guest  %gnice   %idle
04時41分04秒    0   36.26    0.00   31.87    0.00    0.00    7.69    0.00    0.00    0.00   24.18
04時41分04秒    1   34.44    0.00   15.56    0.00    0.00    2.22    0.00    0.00    0.00   47.78

04時41分04秒  CPU    %usr   %nice    %sys %iowait    %irq   %soft  %steal  %guest  %gnice   %idle
04時41分05秒    0   36.96    0.00   30.43    0.00    0.00    6.52    0.00    0.00    0.00   26.09
04時41分05秒    1   34.78    0.00   16.30    0.00    0.00    2.17    0.00    0.00    0.00   46.74

04時41分05秒  CPU    %usr   %nice    %sys %iowait    %irq   %soft  %steal  %guest  %gnice   %idle
04時41分06秒    0   38.30    0.00   30.85    0.00    0.00    7.45    0.00    0.00    0.00   23.40
04時41分06秒    1   32.58    0.00   21.35    0.00    0.00    2.25    0.00    0.00    0.00   43.82

04時41分06秒  CPU    %usr   %nice    %sys %iowait    %irq   %soft  %steal  %guest  %gnice   %idle
04時41分07秒    0   38.71    0.00   29.03    0.00    0.00    6.45    0.00    0.00    0.00   25.81
04時41分07秒    1   36.67    0.00   17.78    0.00    0.00    2.22    0.00    0.00    0.00   43.33

04時41分07秒  CPU    %usr   %nice    %sys %iowait    %irq   %soft  %steal  %guest  %gnice   %idle
04時41分08秒    0   35.79    0.00   31.58    0.00    0.00    7.37    0.00    0.00    0.00   25.26
04時41分08秒    1   34.78    0.00   16.30    0.00    0.00    1.09    0.00    0.00    0.00   47.83

04時41分08秒  CPU    %usr   %nice    %sys %iowait    %irq   %soft  %steal  %guest  %gnice   %idle
04時41分09秒    0   36.96    0.00   29.35    0.00    0.00    6.52    0.00    0.00    0.00   27.17
04時41分09秒    1   31.87    0.00   16.48    0.00    0.00    2.20    0.00    0.00    0.00   49.45

04時41分09秒  CPU    %usr   %nice    %sys %iowait    %irq   %soft  %steal  %guest  %gnice   %idle
04時41分10秒    0   37.63    0.00   29.03    0.00    0.00    7.53    0.00    0.00    0.00   25.81
04時41分10秒    1   28.57    0.00   19.78    0.00    0.00    2.20    0.00    0.00    0.00   49.45

04時41分10秒  CPU    %usr   %nice    %sys %iowait    %irq   %soft  %steal  %guest  %gnice   %idle
04時41分11秒    0   34.78    0.00   34.78    0.00    0.00    6.52    0.00    0.00    0.00   23.91
04時41分11秒    1   35.56    0.00   15.56    0.00    0.00    2.22    0.00    0.00    0.00   46.67

04時41分11秒  CPU    %usr   %nice    %sys %iowait    %irq   %soft  %steal  %guest  %gnice   %idle
04時41分12秒    0   36.17    0.00   29.79    0.00    1.06    6.38    0.00    0.00    0.00   26.60
04時41分12秒    1   27.96    0.00   20.43    0.00    0.00    2.15    0.00    0.00    0.00   49.46

04時41分12秒  CPU    %usr   %nice    %sys %iowait    %irq   %soft  %steal  %guest  %gnice   %idle
04時41分13秒    0   35.48    0.00   31.18    0.00    0.00    7.53    0.00    0.00    0.00   25.81
04時41分13秒    1   34.78    0.00   14.13    0.00    0.00    2.17    0.00    0.00    0.00   48.91

04時41分13秒  CPU    %usr   %nice    %sys %iowait    %irq   %soft  %steal  %guest  %gnice   %idle
04時41分14秒    0   40.86    0.00   27.96    0.00    0.00    6.45    0.00    0.00    0.00   24.73
04時41分14秒    1   36.26    0.00   14.29    0.00    0.00    1.10    0.00    0.00    0.00   48.35

04時41分14秒  CPU    %usr   %nice    %sys %iowait    %irq   %soft  %steal  %guest  %gnice   %idle
04時41分15秒    0   36.56    0.00   30.11    0.00    0.00    7.53    0.00    0.00    0.00   25.81
04時41分15秒    1   36.67    0.00   12.22    0.00    0.00    2.22    0.00    0.00    0.00   48.89

04時41分15秒  CPU    %usr   %nice    %sys %iowait    %irq   %soft  %steal  %guest  %gnice   %idle
04時41分16秒    0   38.89    0.00   25.56    0.00    0.00    6.67    0.00    0.00    0.00   28.89
04時41分16秒    1   34.78    0.00   13.04    0.00    0.00    2.17    0.00    0.00    0.00   50.00

04時41分16秒  CPU    %usr   %nice    %sys %iowait    %irq   %soft  %steal  %guest  %gnice   %idle
04時41分17秒    0   41.94    0.00   25.81    0.00    0.00    7.53    0.00    0.00    0.00   24.73
04時41分17秒    1   29.03    0.00   21.51    0.00    0.00    2.15    0.00    0.00    0.00   47.31

04時41分17秒  CPU    %usr   %nice    %sys %iowait    %irq   %soft  %steal  %guest  %gnice   %idle
04時41分18秒    0   37.63    0.00   31.18    0.00    0.00    6.45    0.00    0.00    0.00   24.73
04時41分18秒    1   36.56    0.00   13.98    0.00    0.00    2.15    0.00    0.00    0.00   47.31

04時41分18秒  CPU    %usr   %nice    %sys %iowait    %irq   %soft  %steal  %guest  %gnice   %idle
04時41分19秒    0   38.46    0.00   26.37    0.00    0.00    6.59    0.00    0.00    0.00   28.57
04時41分19秒    1   30.43    0.00   16.30    0.00    0.00    2.17    0.00    0.00    0.00   51.09

04時41分19秒  CPU    %usr   %nice    %sys %iowait    %irq   %soft  %steal  %guest  %gnice   %idle
04時41分20秒    0   34.78    0.00   30.43    0.00    0.00    7.61    0.00    0.00    0.00   27.17
04時41分20秒    1   34.44    0.00   15.56    0.00    0.00    1.11    0.00    0.00    0.00   48.89

04時41分20秒  CPU    %usr   %nice    %sys %iowait    %irq   %soft  %steal  %guest  %gnice   %idle
04時41分21秒    0   35.87    0.00   32.61    0.00    0.00    6.52    0.00    0.00    0.00   25.00
04時41分21秒    1   32.26    0.00   17.20    0.00    0.00    2.15    0.00    0.00    0.00   48.39

04時41分21秒  CPU    %usr   %nice    %sys %iowait    %irq   %soft  %steal  %guest  %gnice   %idle
04時41分22秒    0   35.16    0.00   30.77    0.00    0.00    6.59    0.00    0.00    0.00   27.47
04時41分22秒    1   32.26    0.00   17.20    0.00    0.00    2.15    0.00    0.00    0.00   48.39

04時41分22秒  CPU    %usr   %nice    %sys %iowait    %irq   %soft  %steal  %guest  %gnice   %idle
04時41分23秒    0   36.96    0.00   27.17    0.00    0.00    7.61    0.00    0.00    0.00   28.26
04時41分23秒    1   32.22    0.00   14.44    0.00    0.00    2.22    0.00    0.00    0.00   51.11

04時41分23秒  CPU    %usr   %nice    %sys %iowait    %irq   %soft  %steal  %guest  %gnice   %idle
04時41分24秒    0   35.48    0.00   32.26    0.00    0.00    6.45    0.00    0.00    0.00   25.81
04時41分24秒    1   36.96    0.00   14.13    0.00    0.00    2.17    0.00    0.00    0.00   46.74

04時41分24秒  CPU    %usr   %nice    %sys %iowait    %irq   %soft  %steal  %guest  %gnice   %idle
04時41分25秒    0   37.63    0.00   27.96    0.00    0.00    6.45    0.00    0.00    0.00   27.96
04時41分25秒    1   29.21    0.00   16.85    0.00    0.00    1.12    0.00    0.00    0.00   52.81

04時41分25秒  CPU    %usr   %nice    %sys %iowait    %irq   %soft  %steal  %guest  %gnice   %idle
04時41分26秒    0   38.54    0.00   28.12    0.00    0.00    7.29    0.00    0.00    0.00   26.04
04時41分26秒    1   31.52    0.00   17.39    0.00    1.09    2.17    0.00    0.00    0.00   47.83

04時41分26秒  CPU    %usr   %nice    %sys %iowait    %irq   %soft  %steal  %guest  %gnice   %idle
04時41分27秒    0   40.22    0.00   27.17    0.00    0.00    6.52    0.00    0.00    0.00   26.09
04時41分27秒    1   33.33    0.00   16.13    0.00    0.00    2.15    0.00    0.00    0.00   48.39

04時41分27秒  CPU    %usr   %nice    %sys %iowait    %irq   %soft  %steal  %guest  %gnice   %idle
04時41分28秒    0   38.30    0.00   28.72    0.00    0.00    7.45    0.00    0.00    0.00   25.53
04時41分28秒    1   35.16    0.00   15.38    0.00    0.00    2.20    0.00    0.00    0.00   47.25

04時41分28秒  CPU    %usr   %nice    %sys %iowait    %irq   %soft  %steal  %guest  %gnice   %idle
04時41分29秒    0   38.04    0.00   28.26    0.00    0.00    6.52    0.00    0.00    0.00   27.17
04時41分29秒    1   30.43    0.00   18.48    0.00    0.00    2.17    0.00    0.00    0.00   48.91

04時41分29秒  CPU    %usr   %nice    %sys %iowait    %irq   %soft  %steal  %guest  %gnice   %idle
04時41分30秒    0   37.36    0.00   28.57    0.00    0.00    6.59    0.00    0.00    0.00   27.47
04時41分30秒    1   30.43    0.00   18.48    0.00    0.00    2.17    0.00    0.00    0.00   48.91

04時41分30秒  CPU    %usr   %nice    %sys %iowait    %irq   %soft  %steal  %guest  %gnice   %idle
04時41分31秒    0   38.30    0.00   27.66    0.00    1.06    7.45    0.00    0.00    0.00   25.53
04時41分31秒    1   33.33    0.00   15.56    0.00    0.00    1.11    0.00    0.00    0.00   50.00

04時41分31秒  CPU    %usr   %nice    %sys %iowait    %irq   %soft  %steal  %guest  %gnice   %idle
04時41分32秒    0   37.63    0.00   29.03    0.00    0.00    6.45    0.00    0.00    0.00   26.88
04時41分32秒    1   35.16    0.00   14.29    0.00    0.00    2.20    0.00    0.00    0.00   48.35

04時41分32秒  CPU    %usr   %nice    %sys %iowait    %irq   %soft  %steal  %guest  %gnice   %idle
04時41分33秒    0   38.46    0.00   29.67    0.00    0.00    6.59    0.00    0.00    0.00   25.27
04時41分33秒    1   30.43    0.00   19.57    0.00    0.00    2.17    0.00    0.00    0.00   47.83

04時41分33秒  CPU    %usr   %nice    %sys %iowait    %irq   %soft  %steal  %guest  %gnice   %idle
04時41分34秒    0   38.95    0.00   28.42    0.00    0.00    7.37    0.00    0.00    0.00   25.26
04時41分34秒    1   33.33    0.00   15.56    0.00    0.00    2.22    0.00    0.00    0.00   48.89

04時41分34秒  CPU    %usr   %nice    %sys %iowait    %irq   %soft  %steal  %guest  %gnice   %idle
04時41分35秒    0   36.96    0.00   32.61    0.00    0.00    6.52    0.00    0.00    0.00   23.91
04時41分35秒    1   32.61    0.00   18.48    0.00    0.00    2.17    0.00    0.00    0.00   46.74

04時41分35秒  CPU    %usr   %nice    %sys %iowait    %irq   %soft  %steal  %guest  %gnice   %idle
04時41分36秒    0   37.89    0.00   27.37    0.00    0.00    7.37    0.00    0.00    0.00   27.37
04時41分36秒    1   30.43    0.00   17.39    0.00    0.00    2.17    0.00    0.00    0.00   50.00

04時41分36秒  CPU    %usr   %nice    %sys %iowait    %irq   %soft  %steal  %guest  %gnice   %idle
04時41分37秒    0   43.33    0.00   24.44    0.00    0.00    6.67    0.00    0.00    0.00   25.56
04時41分37秒    1   37.36    0.00   14.29    0.00    0.00    1.10    0.00    0.00    0.00   47.25

04時41分37秒  CPU    %usr   %nice    %sys %iowait    %irq   %soft  %steal  %guest  %gnice   %idle
04時41分38秒    0   34.41    0.00   32.26    0.00    0.00    7.53    0.00    0.00    0.00   25.81
04時41分38秒    1   32.61    0.00   17.39    0.00    0.00    2.17    0.00    0.00    0.00   47.83

04時41分38秒  CPU    %usr   %nice    %sys %iowait    %irq   %soft  %steal  %guest  %gnice   %idle
04時41分39秒    0   43.33    0.00   23.33    0.00    0.00    6.67    0.00    0.00    0.00   26.67
04時41分39秒    1   33.70    0.00   15.22    0.00    0.00    2.17    0.00    0.00    0.00   48.91

04時41分39秒  CPU    %usr   %nice    %sys %iowait    %irq   %soft  %steal  %guest  %gnice   %idle
04時41分40秒    0   36.96    0.00   30.43    0.00    0.00    6.52    0.00    0.00    0.00   26.09
04時41分40秒    1   34.07    0.00   16.48    0.00    0.00    2.20    0.00    0.00    0.00   47.25

04時41分40秒  CPU    %usr   %nice    %sys %iowait    %irq   %soft  %steal  %guest  %gnice   %idle
04時41分41秒    0   38.46    0.00   27.47    0.00    0.00    7.69    0.00    0.00    0.00   26.37
04時41分41秒    1   31.87    0.00   17.58    0.00    0.00    2.20    0.00    0.00    0.00   48.35

04時41分41秒  CPU    %usr   %nice    %sys %iowait    %irq   %soft  %steal  %guest  %gnice   %idle
04時41分42秒    0   41.49    0.00   26.60    0.00    0.00    6.38    0.00    0.00    0.00   25.53
04時41分42秒    1   34.41    0.00   16.13    0.00    0.00    2.15    0.00    0.00    0.00   47.31

04時41分42秒  CPU    %usr   %nice    %sys %iowait    %irq   %soft  %steal  %guest  %gnice   %idle
04時41分43秒    0   37.36    0.00   28.57    0.00    0.00    7.69    0.00    0.00    0.00   26.37
04時41分43秒    1   30.43    0.00   18.48    0.00    0.00    2.17    0.00    0.00    0.00   48.91

平均時間：  CPU    %usr   %nice    %sys %iowait    %irq   %soft  %steal  %guest  %gnice   %idle
平均時間：    0   38.28    0.00   28.53    0.00    0.05    6.93    0.00    0.00    0.00   26.21
平均時間：    1   33.21    0.00   16.47    0.00    0.05    2.03    0.00    0.00    0.00   48.25
