Linux 5.6.15-arch1-1 (archlinux) 	西元2020年06月29日 	_x86_64_	(12 CPU)

04時55分25秒  CPU    %usr   %nice    %sys %iowait    %irq   %soft  %steal  %guest  %gnice   %idle
04時55分26秒    0   37.23    0.00   30.85    0.00    0.00    6.38    0.00    0.00    0.00   25.53
04時55分26秒    1   35.16    0.00   15.38    0.00    0.00    1.10    0.00    0.00    0.00   48.35

04時55分26秒  CPU    %usr   %nice    %sys %iowait    %irq   %soft  %steal  %guest  %gnice   %idle
04時55分27秒    0   37.78    0.00   27.78    0.00    0.00    6.67    0.00    0.00    0.00   27.78
04時55分27秒    1   35.16    0.00   14.29    0.00    0.00    2.20    0.00    0.00    0.00   48.35

04時55分27秒  CPU    %usr   %nice    %sys %iowait    %irq   %soft  %steal  %guest  %gnice   %idle
04時55分28秒    0   39.13    0.00   27.17    0.00    0.00    6.52    0.00    0.00    0.00   27.17
04時55分28秒    1   32.97    0.00   15.38    0.00    0.00    2.20    0.00    0.00    0.00   49.45

04時55分28秒  CPU    %usr   %nice    %sys %iowait    %irq   %soft  %steal  %guest  %gnice   %idle
04時55分29秒    0   40.86    0.00   27.96    0.00    0.00    6.45    0.00    0.00    0.00   24.73
04時55分29秒    1   31.52    0.00   18.48    0.00    0.00    2.17    0.00    0.00    0.00   47.83

04時55分29秒  CPU    %usr   %nice    %sys %iowait    %irq   %soft  %steal  %guest  %gnice   %idle
04時55分30秒    0   41.30    0.00   25.00    0.00    0.00    6.52    0.00    0.00    0.00   27.17
04時55分30秒    1   34.44    0.00   13.33    0.00    0.00    1.11    0.00    0.00    0.00   51.11

04時55分30秒  CPU    %usr   %nice    %sys %iowait    %irq   %soft  %steal  %guest  %gnice   %idle
04時55分31秒    0   39.78    0.00   26.88    0.00    0.00    7.53    0.00    0.00    0.00   25.81
04時55分31秒    1   33.70    0.00   16.30    0.00    0.00    2.17    0.00    0.00    0.00   47.83

04時55分31秒  CPU    %usr   %nice    %sys %iowait    %irq   %soft  %steal  %guest  %gnice   %idle
04時55分32秒    0   37.50    0.00   27.27    0.00    0.00    6.82    0.00    0.00    0.00   28.41
04時55分32秒    1   35.87    0.00   13.04    0.00    0.00    2.17    0.00    0.00    0.00   48.91

04時55分32秒  CPU    %usr   %nice    %sys %iowait    %irq   %soft  %steal  %guest  %gnice   %idle
04時55分33秒    0   41.30    0.00   27.17    0.00    0.00    6.52    0.00    0.00    0.00   25.00
04時55分33秒    1   30.43    0.00   20.65    0.00    0.00    2.17    0.00    0.00    0.00   46.74

04時55分33秒  CPU    %usr   %nice    %sys %iowait    %irq   %soft  %steal  %guest  %gnice   %idle
04時55分34秒    0   34.41    0.00   30.11    0.00    0.00    6.45    0.00    0.00    0.00   29.03
04時55分34秒    1   29.03    0.00   18.28    0.00    0.00    2.15    0.00    0.00    0.00   50.54

04時55分34秒  CPU    %usr   %nice    %sys %iowait    %irq   %soft  %steal  %guest  %gnice   %idle
04時55分35秒    0   38.71    0.00   27.96    0.00    0.00    6.45    0.00    0.00    0.00   26.88
04時55分35秒    1   35.56    0.00   13.33    0.00    0.00    1.11    0.00    0.00    0.00   50.00

04時55分35秒  CPU    %usr   %nice    %sys %iowait    %irq   %soft  %steal  %guest  %gnice   %idle
04時55分36秒    0   39.13    0.00   26.09    0.00    0.00    6.52    0.00    0.00    0.00   28.26
04時55分36秒    1   35.48    0.00   13.98    0.00    0.00    2.15    0.00    0.00    0.00   48.39

04時55分36秒  CPU    %usr   %nice    %sys %iowait    %irq   %soft  %steal  %guest  %gnice   %idle
04時55分37秒    0   34.07    0.00   30.77    0.00    0.00    6.59    0.00    0.00    0.00   28.57
04時55分37秒    1   35.56    0.00   13.33    0.00    0.00    2.22    0.00    0.00    0.00   48.89

04時55分37秒  CPU    %usr   %nice    %sys %iowait    %irq   %soft  %steal  %guest  %gnice   %idle
04時55分38秒    0   36.26    0.00   27.47    0.00    0.00    6.59    0.00    0.00    0.00   29.67
04時55分38秒    1   32.97    0.00   17.58    0.00    0.00    2.20    0.00    0.00    0.00   47.25

04時55分38秒  CPU    %usr   %nice    %sys %iowait    %irq   %soft  %steal  %guest  %gnice   %idle
04時55分39秒    0   36.84    0.00   29.47    0.00    1.05    6.32    0.00    0.00    0.00   26.32
04時55分39秒    1   32.22    0.00   17.78    0.00    0.00    1.11    0.00    0.00    0.00   48.89

04時55分39秒  CPU    %usr   %nice    %sys %iowait    %irq   %soft  %steal  %guest  %gnice   %idle
04時55分40秒    0   41.30    0.00   26.09    0.00    0.00    6.52    0.00    0.00    0.00   26.09
04時55分40秒    1   34.07    0.00   14.29    0.00    0.00    2.20    0.00    0.00    0.00   49.45

04時55分40秒  CPU    %usr   %nice    %sys %iowait    %irq   %soft  %steal  %guest  %gnice   %idle
04時55分41秒    0   41.49    0.00   27.66    0.00    0.00    7.45    0.00    0.00    0.00   23.40
04時55分41秒    1   33.33    0.00   19.35    0.00    0.00    2.15    0.00    0.00    0.00   45.16

04時55分41秒  CPU    %usr   %nice    %sys %iowait    %irq   %soft  %steal  %guest  %gnice   %idle
04時55分42秒    0   39.13    0.00   28.26    0.00    0.00    6.52    0.00    0.00    0.00   26.09
04時55分42秒    1   32.97    0.00   16.48    0.00    0.00    2.20    0.00    0.00    0.00   48.35

04時55分42秒  CPU    %usr   %nice    %sys %iowait    %irq   %soft  %steal  %guest  %gnice   %idle
04時55分43秒    0   35.87    0.00   29.35    0.00    0.00    6.52    0.00    0.00    0.00   28.26
04時55分43秒    1   31.91    0.00   17.02    0.00    0.00    2.13    0.00    0.00    0.00   48.94

04時55分43秒  CPU    %usr   %nice    %sys %iowait    %irq   %soft  %steal  %guest  %gnice   %idle
04時55分44秒    0   36.84    0.00   30.53    0.00    0.00    6.32    0.00    0.00    0.00   26.32
04時55分44秒    1   34.44    0.00   15.56    0.00    0.00    1.11    0.00    0.00    0.00   48.89

04時55分44秒  CPU    %usr   %nice    %sys %iowait    %irq   %soft  %steal  %guest  %gnice   %idle
04時55分45秒    0   41.30    0.00   26.09    0.00    0.00    6.52    0.00    0.00    0.00   26.09
04時55分45秒    1   32.61    0.00   17.39    0.00    0.00    2.17    0.00    0.00    0.00   47.83

04時55分45秒  CPU    %usr   %nice    %sys %iowait    %irq   %soft  %steal  %guest  %gnice   %idle
04時55分46秒    0   36.26    0.00   28.57    0.00    0.00    6.59    0.00    0.00    0.00   28.57
04時55分46秒    1   33.33    0.00   15.05    0.00    1.08    2.15    0.00    0.00    0.00   48.39

04時55分46秒  CPU    %usr   %nice    %sys %iowait    %irq   %soft  %steal  %guest  %gnice   %idle
04時55分47秒    0   41.30    0.00   26.09    0.00    0.00    6.52    0.00    0.00    0.00   26.09
04時55分47秒    1   34.41    0.00   16.13    0.00    0.00    2.15    0.00    0.00    0.00   47.31

04時55分47秒  CPU    %usr   %nice    %sys %iowait    %irq   %soft  %steal  %guest  %gnice   %idle
04時55分48秒    0   35.87    0.00   30.43    0.00    0.00    7.61    0.00    0.00    0.00   26.09
04時55分48秒    1   35.16    0.00   15.38    0.00    0.00    2.20    0.00    0.00    0.00   47.25

04時55分48秒  CPU    %usr   %nice    %sys %iowait    %irq   %soft  %steal  %guest  %gnice   %idle
04時55分49秒    0   36.17    0.00   29.79    0.00    0.00    6.38    0.00    0.00    0.00   27.66
04時55分49秒    1   31.46    0.00   16.85    0.00    0.00    1.12    0.00    0.00    0.00   50.56

04時55分49秒  CPU    %usr   %nice    %sys %iowait    %irq   %soft  %steal  %guest  %gnice   %idle
04時55分50秒    0   35.23    0.00   28.41    0.00    0.00    6.82    0.00    0.00    0.00   29.55
04時55分50秒    1   33.70    0.00   15.22    0.00    0.00    2.17    0.00    0.00    0.00   48.91

04時55分50秒  CPU    %usr   %nice    %sys %iowait    %irq   %soft  %steal  %guest  %gnice   %idle
04時55分51秒    0   38.30    0.00   28.72    0.00    0.00    6.38    0.00    0.00    0.00   26.60
04時55分51秒    1   35.87    0.00   13.04    0.00    0.00    2.17    0.00    0.00    0.00   48.91

04時55分51秒  CPU    %usr   %nice    %sys %iowait    %irq   %soft  %steal  %guest  %gnice   %idle
04時55分52秒    0   39.56    0.00   26.37    0.00    0.00    6.59    0.00    0.00    0.00   27.47
04時55分52秒    1   31.91    0.00   19.15    0.00    0.00    2.13    0.00    0.00    0.00   46.81

04時55分52秒  CPU    %usr   %nice    %sys %iowait    %irq   %soft  %steal  %guest  %gnice   %idle
04時55分53秒    0   37.36    0.00   28.57    0.00    0.00    6.59    0.00    0.00    0.00   27.47
04時55分53秒    1   32.22    0.00   15.56    0.00    0.00    1.11    0.00    0.00    0.00   51.11

04時55分53秒  CPU    %usr   %nice    %sys %iowait    %irq   %soft  %steal  %guest  %gnice   %idle
04時55分54秒    0   35.96    0.00   26.97    0.00    0.00    6.74    0.00    0.00    0.00   30.34
04時55分54秒    1   32.26    0.00   16.13    0.00    0.00    2.15    0.00    0.00    0.00   49.46

04時55分54秒  CPU    %usr   %nice    %sys %iowait    %irq   %soft  %steal  %guest  %gnice   %idle
04時55分55秒    0   39.36    0.00   27.66    0.00    0.00    6.38    0.00    0.00    0.00   26.60
04時55分55秒    1   33.33    0.00   14.44    0.00    0.00    2.22    0.00    0.00    0.00   50.00

04時55分55秒  CPU    %usr   %nice    %sys %iowait    %irq   %soft  %steal  %guest  %gnice   %idle
04時55分56秒    0   40.86    0.00   24.73    0.00    0.00    6.45    0.00    0.00    0.00   27.96
04時55分56秒    1   32.61    0.00   16.30    0.00    0.00    2.17    0.00    0.00    0.00   48.91

04時55分56秒  CPU    %usr   %nice    %sys %iowait    %irq   %soft  %steal  %guest  %gnice   %idle
04時55分57秒    0   38.54    0.00   29.17    0.00    1.04    7.29    0.00    0.00    0.00   23.96
04時55分57秒    1   35.16    0.00   16.48    0.00    0.00    1.10    0.00    0.00    0.00   47.25

04時55分57秒  CPU    %usr   %nice    %sys %iowait    %irq   %soft  %steal  %guest  %gnice   %idle
04時55分58秒    0   39.78    0.00   27.96    0.00    0.00    6.45    0.00    0.00    0.00   25.81
04時55分58秒    1   33.33    0.00   16.13    0.00    0.00    2.15    0.00    0.00    0.00   48.39

04時55分58秒  CPU    %usr   %nice    %sys %iowait    %irq   %soft  %steal  %guest  %gnice   %idle
04時55分59秒    0   38.46    0.00   27.47    0.00    0.00    6.59    0.00    0.00    0.00   27.47
04時55分59秒    1   33.70    0.00   15.22    0.00    0.00    2.17    0.00    0.00    0.00   48.91

04時55分59秒  CPU    %usr   %nice    %sys %iowait    %irq   %soft  %steal  %guest  %gnice   %idle
04時56分00秒    0   39.78    0.00   25.81    0.00    0.00    6.45    0.00    0.00    0.00   27.96
04時56分00秒    1   34.44    0.00   14.44    0.00    0.00    2.22    0.00    0.00    0.00   48.89

04時56分00秒  CPU    %usr   %nice    %sys %iowait    %irq   %soft  %steal  %guest  %gnice   %idle
04時56分01秒    0   39.56    0.00   28.57    0.00    0.00    6.59    0.00    0.00    0.00   25.27
04時56分01秒    1   34.44    0.00   15.56    0.00    0.00    1.11    0.00    0.00    0.00   48.89

04時56分01秒  CPU    %usr   %nice    %sys %iowait    %irq   %soft  %steal  %guest  %gnice   %idle
04時56分02秒    0   39.36    0.00   27.66    0.00    0.00    6.38    0.00    0.00    0.00   26.60
04時56分02秒    1   32.26    0.00   17.20    0.00    0.00    2.15    0.00    0.00    0.00   48.39

04時56分02秒  CPU    %usr   %nice    %sys %iowait    %irq   %soft  %steal  %guest  %gnice   %idle
04時56分03秒    0   38.04    0.00   29.35    0.00    0.00    6.52    0.00    0.00    0.00   26.09
04時56分03秒    1   31.11    0.00   18.89    0.00    0.00    2.22    0.00    0.00    0.00   47.78

04時56分03秒  CPU    %usr   %nice    %sys %iowait    %irq   %soft  %steal  %guest  %gnice   %idle
04時56分04秒    0   36.17    0.00   28.72    0.00    0.00    7.45    0.00    0.00    0.00   27.66
04時56分04秒    1   30.77    0.00   16.48    0.00    0.00    2.20    0.00    0.00    0.00   50.55

04時56分04秒  CPU    %usr   %nice    %sys %iowait    %irq   %soft  %steal  %guest  %gnice   %idle
04時56分05秒    0   36.17    0.00   31.91    0.00    0.00    6.38    0.00    0.00    0.00   25.53
04時56分05秒    1   32.61    0.00   18.48    0.00    0.00    2.17    0.00    0.00    0.00   46.74

04時56分05秒  CPU    %usr   %nice    %sys %iowait    %irq   %soft  %steal  %guest  %gnice   %idle
04時56分06秒    0   29.67    0.00   37.36    0.00    0.00    6.59    0.00    0.00    0.00   26.37
04時56分06秒    1   32.97    0.00   17.58    0.00    0.00    1.10    0.00    0.00    0.00   48.35

04時56分06秒  CPU    %usr   %nice    %sys %iowait    %irq   %soft  %steal  %guest  %gnice   %idle
04時56分07秒    0   43.01    0.00   23.66    1.08    0.00    6.45    0.00    0.00    0.00   25.81
04時56分07秒    1   34.07    0.00   13.19    0.00    0.00    2.20    0.00    0.00    0.00   50.55

04時56分07秒  CPU    %usr   %nice    %sys %iowait    %irq   %soft  %steal  %guest  %gnice   %idle
04時56分08秒    0   44.21    0.00   22.11    0.00    0.00    6.32    0.00    0.00    0.00   27.37
04時56分08秒    1   38.30    0.00   12.77    0.00    0.00    2.13    0.00    0.00    0.00   46.81

04時56分08秒  CPU    %usr   %nice    %sys %iowait    %irq   %soft  %steal  %guest  %gnice   %idle
04時56分09秒    0   39.56    0.00   27.47    0.00    0.00    6.59    0.00    0.00    0.00   26.37
04時56分09秒    1   31.87    0.00   16.48    0.00    0.00    2.20    0.00    0.00    0.00   49.45

04時56分09秒  CPU    %usr   %nice    %sys %iowait    %irq   %soft  %steal  %guest  %gnice   %idle
04時56分10秒    0   36.26    0.00   29.67    0.00    0.00    6.59    0.00    0.00    0.00   27.47
04時56分10秒    1   31.52    0.00   18.48    0.00    0.00    1.09    0.00    0.00    0.00   48.91

04時56分10秒  CPU    %usr   %nice    %sys %iowait    %irq   %soft  %steal  %guest  %gnice   %idle
04時56分11秒    0   38.71    0.00   25.81    0.00    0.00    7.53    0.00    0.00    0.00   27.96
04時56分11秒    1   35.16    0.00   13.19    0.00    0.00    2.20    0.00    0.00    0.00   49.45

04時56分11秒  CPU    %usr   %nice    %sys %iowait    %irq   %soft  %steal  %guest  %gnice   %idle
04時56分12秒    0   37.23    0.00   27.66    0.00    0.00    6.38    0.00    0.00    0.00   28.72
04時56分12秒    1   35.87    0.00   10.87    0.00    1.09    2.17    0.00    0.00    0.00   50.00

04時56分12秒  CPU    %usr   %nice    %sys %iowait    %irq   %soft  %steal  %guest  %gnice   %idle
04時56分13秒    0   41.30    0.00   28.26    0.00    0.00    6.52    0.00    0.00    0.00   23.91
04時56分13秒    1   37.63    0.00   15.05    0.00    0.00    2.15    0.00    0.00    0.00   45.16

04時56分13秒  CPU    %usr   %nice    %sys %iowait    %irq   %soft  %steal  %guest  %gnice   %idle
04時56分14秒    0   39.13    0.00   26.09    0.00    0.00    6.52    0.00    0.00    0.00   28.26
04時56分14秒    1   32.61    0.00   16.30    0.00    0.00    2.17    0.00    0.00    0.00   48.91

04時56分14秒  CPU    %usr   %nice    %sys %iowait    %irq   %soft  %steal  %guest  %gnice   %idle
04時56分15秒    0   39.36    0.00   26.60    0.00    0.00    6.38    0.00    0.00    0.00   27.66
04時56分15秒    1   32.61    0.00   16.30    0.00    0.00    1.09    0.00    0.00    0.00   50.00

04時56分15秒  CPU    %usr   %nice    %sys %iowait    %irq   %soft  %steal  %guest  %gnice   %idle
04時56分16秒    0   40.43    0.00   28.72    0.00    1.06    6.38    0.00    0.00    0.00   23.40
04時56分16秒    1   32.97    0.00   17.58    0.00    0.00    2.20    0.00    0.00    0.00   47.25

04時56分16秒  CPU    %usr   %nice    %sys %iowait    %irq   %soft  %steal  %guest  %gnice   %idle
04時56分17秒    0   45.74    0.00   22.34    0.00    0.00    6.38    0.00    0.00    0.00   25.53
04時56分17秒    1   36.96    0.00   14.13    0.00    0.00    2.17    0.00    0.00    0.00   46.74

04時56分17秒  CPU    %usr   %nice    %sys %iowait    %irq   %soft  %steal  %guest  %gnice   %idle
04時56分18秒    0   38.30    0.00   27.66    0.00    0.00    7.45    0.00    0.00    0.00   26.60
04時56分18秒    1   32.61    0.00   17.39    0.00    1.09    2.17    0.00    0.00    0.00   46.74

04時56分18秒  CPU    %usr   %nice    %sys %iowait    %irq   %soft  %steal  %guest  %gnice   %idle
04時56分19秒    0   37.78    0.00   25.56    0.00    0.00    6.67    0.00    0.00    0.00   30.00
04時56分19秒    1   28.57    0.00   18.68    0.00    0.00    1.10    0.00    0.00    0.00   51.65

04時56分19秒  CPU    %usr   %nice    %sys %iowait    %irq   %soft  %steal  %guest  %gnice   %idle
04時56分20秒    0   36.96    0.00   30.43    0.00    0.00    6.52    0.00    0.00    0.00   26.09
04時56分20秒    1   35.16    0.00   14.29    0.00    0.00    2.20    0.00    0.00    0.00   48.35

04時56分20秒  CPU    %usr   %nice    %sys %iowait    %irq   %soft  %steal  %guest  %gnice   %idle
04時56分21秒    0   42.39    0.00   22.83    0.00    0.00    6.52    0.00    0.00    0.00   28.26
04時56分21秒    1   34.78    0.00   13.04    0.00    0.00    2.17    0.00    0.00    0.00   50.00

04時56分21秒  CPU    %usr   %nice    %sys %iowait    %irq   %soft  %steal  %guest  %gnice   %idle
04時56分22秒    0   40.22    0.00   26.09    0.00    0.00    6.52    0.00    0.00    0.00   27.17
04時56分22秒    1   29.35    0.00   19.57    0.00    0.00    2.17    0.00    0.00    0.00   48.91

04時56分22秒  CPU    %usr   %nice    %sys %iowait    %irq   %soft  %steal  %guest  %gnice   %idle
04時56分23秒    0   37.23    0.00   30.85    0.00    0.00    6.38    0.00    0.00    0.00   25.53
04時56分23秒    1   32.97    0.00   16.48    0.00    0.00    1.10    0.00    0.00    0.00   49.45

04時56分23秒  CPU    %usr   %nice    %sys %iowait    %irq   %soft  %steal  %guest  %gnice   %idle
04時56分24秒    0   40.66    0.00   27.47    0.00    0.00    6.59    0.00    0.00    0.00   25.27
04時56分24秒    1   36.96    0.00   14.13    0.00    0.00    2.17    0.00    0.00    0.00   46.74

04時56分24秒  CPU    %usr   %nice    %sys %iowait    %irq   %soft  %steal  %guest  %gnice   %idle
04時56分25秒    0   39.36    0.00   27.66    0.00    0.00    6.38    0.00    0.00    0.00   26.60
04時56分25秒    1   30.43    0.00   18.48    0.00    0.00    2.17    0.00    0.00    0.00   48.91

04時56分25秒  CPU    %usr   %nice    %sys %iowait    %irq   %soft  %steal  %guest  %gnice   %idle
04時56分26秒    0   38.71    0.00   27.96    0.00    0.00    6.45    0.00    0.00    0.00   26.88
04時56分26秒    1   30.11    0.00   19.35    0.00    0.00    2.15    0.00    0.00    0.00   48.39

04時56分26秒  CPU    %usr   %nice    %sys %iowait    %irq   %soft  %steal  %guest  %gnice   %idle
04時56分27秒    0   39.78    0.00   25.81    0.00    0.00    6.45    0.00    0.00    0.00   27.96
04時56分27秒    1   32.58    0.00   15.73    0.00    0.00    1.12    0.00    0.00    0.00   50.56

04時56分27秒  CPU    %usr   %nice    %sys %iowait    %irq   %soft  %steal  %guest  %gnice   %idle
04時56分28秒    0   39.78    0.00   25.81    0.00    0.00    7.53    0.00    0.00    0.00   26.88
04時56分28秒    1   33.33    0.00   16.13    0.00    0.00    2.15    0.00    0.00    0.00   48.39

04時56分28秒  CPU    %usr   %nice    %sys %iowait    %irq   %soft  %steal  %guest  %gnice   %idle
04時56分29秒    0   43.96    0.00   21.98    0.00    0.00    6.59    0.00    0.00    0.00   27.47
04時56分29秒    1   33.70    0.00   15.22    0.00    0.00    2.17    0.00    0.00    0.00   48.91

04時56分29秒  CPU    %usr   %nice    %sys %iowait    %irq   %soft  %steal  %guest  %gnice   %idle
04時56分30秒    0   37.78    0.00   28.89    0.00    0.00    6.67    0.00    0.00    0.00   26.67
04時56分30秒    1   31.52    0.00   19.57    0.00    0.00    2.17    0.00    0.00    0.00   46.74

04時56分30秒  CPU    %usr   %nice    %sys %iowait    %irq   %soft  %steal  %guest  %gnice   %idle
04時56分31秒    0   36.56    0.00   31.18    0.00    0.00    6.45    0.00    0.00    0.00   25.81
04時56分31秒    1   36.26    0.00   13.19    0.00    0.00    2.20    0.00    0.00    0.00   48.35

04時56分31秒  CPU    %usr   %nice    %sys %iowait    %irq   %soft  %steal  %guest  %gnice   %idle
04時56分32秒    0   36.26    0.00   28.57    0.00    0.00    6.59    0.00    0.00    0.00   28.57
04時56分32秒    1   32.61    0.00   16.30    0.00    0.00    1.09    0.00    0.00    0.00   50.00

04時56分32秒  CPU    %usr   %nice    %sys %iowait    %irq   %soft  %steal  %guest  %gnice   %idle
04時56分33秒    0   39.78    0.00   29.03    0.00    0.00    6.45    0.00    0.00    0.00   24.73
04時56分33秒    1   30.43    0.00   18.48    0.00    0.00    2.17    0.00    0.00    0.00   48.91

04時56分33秒  CPU    %usr   %nice    %sys %iowait    %irq   %soft  %steal  %guest  %gnice   %idle
04時56分34秒    0   40.62    0.00   26.04    0.00    0.00    7.29    0.00    0.00    0.00   26.04
04時56分34秒    1   33.33    0.00   16.67    0.00    0.00    2.22    0.00    0.00    0.00   47.78

04時56分34秒  CPU    %usr   %nice    %sys %iowait    %irq   %soft  %steal  %guest  %gnice   %idle
04時56分35秒    0   37.63    0.00   27.96    0.00    1.08    6.45    0.00    0.00    0.00   26.88
04時56分35秒    1   34.78    0.00   13.04    0.00    0.00    2.17    0.00    0.00    0.00   50.00

04時56分35秒  CPU    %usr   %nice    %sys %iowait    %irq   %soft  %steal  %guest  %gnice   %idle
04時56分36秒    0   40.22    0.00   29.35    0.00    0.00    6.52    0.00    0.00    0.00   23.91
04時56分36秒    1   34.07    0.00   18.68    0.00    0.00    1.10    0.00    0.00    0.00   46.15

04時56分36秒  CPU    %usr   %nice    %sys %iowait    %irq   %soft  %steal  %guest  %gnice   %idle
04時56分37秒    0   40.00    0.00   26.67    0.00    0.00    6.67    0.00    0.00    0.00   26.67
04時56分37秒    1   33.33    0.00   15.56    0.00    0.00    2.22    0.00    0.00    0.00   48.89

04時56分37秒  CPU    %usr   %nice    %sys %iowait    %irq   %soft  %steal  %guest  %gnice   %idle
04時56分38秒    0   36.56    0.00   29.03    0.00    0.00    6.45    0.00    0.00    0.00   27.96
04時56分38秒    1   29.03    0.00   19.35    0.00    0.00    2.15    0.00    0.00    0.00   49.46

04時56分38秒  CPU    %usr   %nice    %sys %iowait    %irq   %soft  %steal  %guest  %gnice   %idle
04時56分39秒    0   37.89    0.00   29.47    0.00    0.00    7.37    0.00    0.00    0.00   25.26
04時56分39秒    1   35.56    0.00   18.89    0.00    0.00    2.22    0.00    0.00    0.00   43.33

04時56分39秒  CPU    %usr   %nice    %sys %iowait    %irq   %soft  %steal  %guest  %gnice   %idle
04時56分40秒    0   33.33    0.00   33.33    0.00    0.00    6.67    0.00    0.00    0.00   26.67
04時56分40秒    1   34.44    0.00   16.67    0.00    0.00    2.22    0.00    0.00    0.00   46.67

04時56分40秒  CPU    %usr   %nice    %sys %iowait    %irq   %soft  %steal  %guest  %gnice   %idle
04時56分41秒    0   33.70    0.00   31.52    0.00    0.00    6.52    0.00    0.00    0.00   28.26
04時56分41秒    1   35.87    0.00   13.04    0.00    0.00    2.17    0.00    0.00    0.00   48.91

04時56分41秒  CPU    %usr   %nice    %sys %iowait    %irq   %soft  %steal  %guest  %gnice   %idle
04時56分42秒    0   37.36    0.00   27.47    0.00    0.00    6.59    0.00    0.00    0.00   28.57
04時56分42秒    1   33.70    0.00   15.22    0.00    0.00    2.17    0.00    0.00    0.00   48.91

04時56分42秒  CPU    %usr   %nice    %sys %iowait    %irq   %soft  %steal  %guest  %gnice   %idle
04時56分43秒    0   40.00    0.00   27.78    0.00    0.00    6.67    0.00    0.00    0.00   25.56
04時56分43秒    1   34.78    0.00   17.39    0.00    0.00    1.09    0.00    0.00    0.00   46.74

04時56分43秒  CPU    %usr   %nice    %sys %iowait    %irq   %soft  %steal  %guest  %gnice   %idle
04時56分44秒    0   42.55    0.00   25.53    0.00    0.00    6.38    0.00    0.00    0.00   25.53
04時56分44秒    1   33.33    0.00   16.13    0.00    1.08    2.15    0.00    0.00    0.00   47.31

04時56分44秒  CPU    %usr   %nice    %sys %iowait    %irq   %soft  %steal  %guest  %gnice   %idle
04時56分45秒    0   36.96    0.00   27.17    0.00    0.00    6.52    0.00    0.00    0.00   29.35
04時56分45秒    1   29.67    0.00   17.58    0.00    0.00    2.20    0.00    0.00    0.00   50.55

04時56分45秒  CPU    %usr   %nice    %sys %iowait    %irq   %soft  %steal  %guest  %gnice   %idle
04時56分46秒    0   39.13    0.00   27.17    0.00    0.00    6.52    0.00    0.00    0.00   27.17
04時56分46秒    1   36.56    0.00   12.90    0.00    0.00    2.15    0.00    0.00    0.00   48.39

04時56分46秒  CPU    %usr   %nice    %sys %iowait    %irq   %soft  %steal  %guest  %gnice   %idle
04時56分47秒    0   39.13    0.00   27.17    0.00    0.00    6.52    0.00    0.00    0.00   27.17
04時56分47秒    1   32.61    0.00   16.30    0.00    0.00    1.09    0.00    0.00    0.00   50.00

04時56分47秒  CPU    %usr   %nice    %sys %iowait    %irq   %soft  %steal  %guest  %gnice   %idle
04時56分48秒    0   39.13    0.00   25.00    0.00    0.00    6.52    0.00    0.00    0.00   29.35
04時56分48秒    1   31.52    0.00   17.39    0.00    0.00    2.17    0.00    0.00    0.00   48.91

04時56分48秒  CPU    %usr   %nice    %sys %iowait    %irq   %soft  %steal  %guest  %gnice   %idle
04時56分49秒    0   39.78    0.00   25.81    0.00    0.00    6.45    0.00    0.00    0.00   27.96
04時56分49秒    1   30.77    0.00   16.48    0.00    0.00    2.20    0.00    0.00    0.00   50.55

04時56分49秒  CPU    %usr   %nice    %sys %iowait    %irq   %soft  %steal  %guest  %gnice   %idle
04時56分50秒    0   35.48    0.00   30.11    0.00    0.00    7.53    0.00    0.00    0.00   26.88
04時56分50秒    1   35.16    0.00   14.29    0.00    0.00    2.20    0.00    0.00    0.00   48.35

04時56分50秒  CPU    %usr   %nice    %sys %iowait    %irq   %soft  %steal  %guest  %gnice   %idle
04時56分51秒    0   38.04    0.00   29.35    0.00    0.00    6.52    0.00    0.00    0.00   26.09
04時56分51秒    1   32.61    0.00   17.39    0.00    0.00    1.09    0.00    0.00    0.00   48.91

04時56分51秒  CPU    %usr   %nice    %sys %iowait    %irq   %soft  %steal  %guest  %gnice   %idle
04時56分52秒    0   39.13    0.00   26.09    0.00    0.00    6.52    0.00    0.00    0.00   28.26
04時56分52秒    1   32.61    0.00   15.22    0.00    0.00    2.17    0.00    0.00    0.00   50.00

04時56分52秒  CPU    %usr   %nice    %sys %iowait    %irq   %soft  %steal  %guest  %gnice   %idle
04時56分53秒    0   41.94    0.00   24.73    0.00    0.00    6.45    0.00    0.00    0.00   26.88
04時56分53秒    1   30.77    0.00   17.58    0.00    0.00    2.20    0.00    0.00    0.00   49.45

04時56分53秒  CPU    %usr   %nice    %sys %iowait    %irq   %soft  %steal  %guest  %gnice   %idle
04時56分54秒    0   41.05    0.00   23.16    0.00    1.05    6.32    0.00    0.00    0.00   28.42
04時56分54秒    1   31.46    0.00   15.73    0.00    0.00    2.25    0.00    0.00    0.00   50.56

04時56分54秒  CPU    %usr   %nice    %sys %iowait    %irq   %soft  %steal  %guest  %gnice   %idle
04時56分55秒    0   37.63    0.00   31.18    0.00    0.00    6.45    0.00    0.00    0.00   24.73
04時56分55秒    1   38.95    0.00   14.74    0.00    0.00    2.11    0.00    0.00    0.00   44.21

04時56分55秒  CPU    %usr   %nice    %sys %iowait    %irq   %soft  %steal  %guest  %gnice   %idle
04時56分56秒    0   36.56    0.00   29.03    0.00    0.00    6.45    0.00    0.00    0.00   27.96
04時56分56秒    1   30.00    0.00   18.89    0.00    0.00    1.11    0.00    0.00    0.00   50.00

04時56分56秒  CPU    %usr   %nice    %sys %iowait    %irq   %soft  %steal  %guest  %gnice   %idle
04時56分57秒    0   37.36    0.00   27.47    0.00    0.00    6.59    0.00    0.00    0.00   28.57
04時56分57秒    1   33.33    0.00   15.05    0.00    0.00    2.15    0.00    0.00    0.00   49.46

04時56分57秒  CPU    %usr   %nice    %sys %iowait    %irq   %soft  %steal  %guest  %gnice   %idle
04時56分58秒    0   38.71    0.00   29.03    0.00    0.00    6.45    0.00    0.00    0.00   25.81
04時56分58秒    1   37.36    0.00   13.19    0.00    0.00    2.20    0.00    0.00    0.00   47.25

04時56分58秒  CPU    %usr   %nice    %sys %iowait    %irq   %soft  %steal  %guest  %gnice   %idle
04時56分59秒    0   37.23    0.00   29.79    0.00    0.00    7.45    0.00    0.00    0.00   25.53
04時56分59秒    1   34.78    0.00   14.13    0.00    0.00    2.17    0.00    0.00    0.00   48.91

04時56分59秒  CPU    %usr   %nice    %sys %iowait    %irq   %soft  %steal  %guest  %gnice   %idle
04時57分00秒    0   41.11    0.00   25.56    0.00    0.00    6.67    0.00    0.00    0.00   26.67
04時57分00秒    1   36.96    0.00   14.13    0.00    0.00    1.09    0.00    0.00    0.00   47.83

04時57分00秒  CPU    %usr   %nice    %sys %iowait    %irq   %soft  %steal  %guest  %gnice   %idle
04時57分01秒    0   38.04    0.00   29.35    0.00    0.00    6.52    0.00    0.00    0.00   26.09
04時57分01秒    1   30.77    0.00   18.68    0.00    0.00    2.20    0.00    0.00    0.00   48.35

04時57分01秒  CPU    %usr   %nice    %sys %iowait    %irq   %soft  %steal  %guest  %gnice   %idle
04時57分02秒    0   37.36    0.00   24.18    0.00    0.00    6.59    0.00    0.00    0.00   31.87
04時57分02秒    1   28.89    0.00   16.67    0.00    0.00    2.22    0.00    0.00    0.00   52.22

04時57分02秒  CPU    %usr   %nice    %sys %iowait    %irq   %soft  %steal  %guest  %gnice   %idle
04時57分03秒    0   40.00    0.00   25.56    0.00    0.00    6.67    0.00    0.00    0.00   27.78
04時57分03秒    1   35.48    0.00   13.98    0.00    0.00    2.15    0.00    0.00    0.00   48.39

04時57分03秒  CPU    %usr   %nice    %sys %iowait    %irq   %soft  %steal  %guest  %gnice   %idle
04時57分04秒    0   35.48    0.00   30.11    0.00    0.00    6.45    0.00    0.00    0.00   27.96
04時57分04秒    1   31.87    0.00   16.48    0.00    0.00    1.10    0.00    0.00    0.00   50.55

04時57分04秒  CPU    %usr   %nice    %sys %iowait    %irq   %soft  %steal  %guest  %gnice   %idle
04時57分05秒    0   35.87    0.00   29.35    0.00    0.00    6.52    0.00    0.00    0.00   28.26
04時57分05秒    1   33.70    0.00   15.22    0.00    0.00    2.17    0.00    0.00    0.00   48.91

04時57分05秒  CPU    %usr   %nice    %sys %iowait    %irq   %soft  %steal  %guest  %gnice   %idle
04時57分06秒    0   37.08    0.00   30.34    0.00    0.00    6.74    0.00    0.00    0.00   25.84
04時57分06秒    1   31.18    0.00   19.35    0.00    0.00    2.15    0.00    0.00    0.00   47.31

04時57分06秒  CPU    %usr   %nice    %sys %iowait    %irq   %soft  %steal  %guest  %gnice   %idle
04時57分07秒    0   39.13    0.00   28.26    0.00    0.00    6.52    0.00    0.00    0.00   26.09
04時57分07秒    1   37.36    0.00   13.19    0.00    0.00    2.20    0.00    0.00    0.00   47.25

04時57分07秒  CPU    %usr   %nice    %sys %iowait    %irq   %soft  %steal  %guest  %gnice   %idle
04時57分08秒    0   34.78    0.00   29.35    0.00    0.00    6.52    0.00    0.00    0.00   29.35
04時57分08秒    1   33.33    0.00   14.44    0.00    0.00    1.11    0.00    0.00    0.00   51.11

04時57分08秒  CPU    %usr   %nice    %sys %iowait    %irq   %soft  %steal  %guest  %gnice   %idle
04時57分09秒    0   41.30    0.00   27.17    0.00    0.00    6.52    0.00    0.00    0.00   25.00
04時57分09秒    1   32.97    0.00   17.58    0.00    0.00    2.20    0.00    0.00    0.00   47.25

04時57分09秒  CPU    %usr   %nice    %sys %iowait    %irq   %soft  %steal  %guest  %gnice   %idle
04時57分10秒    0   35.48    0.00   29.03    0.00    0.00    7.53    0.00    0.00    0.00   27.96
04時57分10秒    1   32.98    0.00   15.96    0.00    1.06    2.13    0.00    0.00    0.00   47.87

04時57分10秒  CPU    %usr   %nice    %sys %iowait    %irq   %soft  %steal  %guest  %gnice   %idle
04時57分11秒    0   39.13    0.00   27.17    0.00    0.00    6.52    0.00    0.00    0.00   27.17
04時57分11秒    1   31.87    0.00   15.38    0.00    0.00    2.20    0.00    0.00    0.00   50.55

04時57分11秒  CPU    %usr   %nice    %sys %iowait    %irq   %soft  %steal  %guest  %gnice   %idle
04時57分12秒    0   38.04    0.00   27.17    0.00    0.00    6.52    0.00    0.00    0.00   28.26
04時57分12秒    1   35.48    0.00   15.05    0.00    0.00    1.08    0.00    0.00    0.00   48.39

04時57分12秒  CPU    %usr   %nice    %sys %iowait    %irq   %soft  %steal  %guest  %gnice   %idle
04時57分13秒    0   34.41    0.00   32.26    0.00    1.08    6.45    0.00    0.00    0.00   25.81
04時57分13秒    1   34.07    0.00   14.29    0.00    0.00    2.20    0.00    0.00    0.00   49.45

04時57分13秒  CPU    %usr   %nice    %sys %iowait    %irq   %soft  %steal  %guest  %gnice   %idle
04時57分14秒    0   35.16    0.00   32.97    0.00    0.00    6.59    0.00    0.00    0.00   25.27
04時57分14秒    1   30.43    0.00   19.57    0.00    0.00    2.17    0.00    0.00    0.00   47.83

04時57分14秒  CPU    %usr   %nice    %sys %iowait    %irq   %soft  %steal  %guest  %gnice   %idle
04時57分15秒    0   38.46    0.00   27.47    0.00    0.00    6.59    0.00    0.00    0.00   27.47
04時57分15秒    1   33.70    0.00   16.30    0.00    0.00    2.17    0.00    0.00    0.00   47.83

04時57分15秒  CPU    %usr   %nice    %sys %iowait    %irq   %soft  %steal  %guest  %gnice   %idle
04時57分16秒    0   39.78    0.00   26.88    0.00    0.00    6.45    0.00    0.00    0.00   26.88
04時57分16秒    1   34.78    0.00   14.13    0.00    0.00    2.17    0.00    0.00    0.00   48.91

04時57分16秒  CPU    %usr   %nice    %sys %iowait    %irq   %soft  %steal  %guest  %gnice   %idle
04時57分17秒    0   38.04    0.00   28.26    0.00    0.00    6.52    0.00    0.00    0.00   27.17
04時57分17秒    1   31.11    0.00   17.78    0.00    0.00    1.11    0.00    0.00    0.00   50.00

04時57分17秒  CPU    %usr   %nice    %sys %iowait    %irq   %soft  %steal  %guest  %gnice   %idle
04時57分18秒    0   39.78    0.00   26.88    0.00    0.00    6.45    0.00    0.00    0.00   26.88
04時57分18秒    1   35.48    0.00   15.05    0.00    0.00    2.15    0.00    0.00    0.00   47.31

04時57分18秒  CPU    %usr   %nice    %sys %iowait    %irq   %soft  %steal  %guest  %gnice   %idle
04時57分19秒    0   36.84    0.00   30.53    0.00    0.00    7.37    0.00    0.00    0.00   25.26
04時57分19秒    1   37.63    0.00   12.90    0.00    0.00    2.15    0.00    0.00    0.00   47.31

04時57分19秒  CPU    %usr   %nice    %sys %iowait    %irq   %soft  %steal  %guest  %gnice   %idle
04時57分20秒    0   43.96    0.00   23.08    0.00    0.00    6.59    0.00    0.00    0.00   26.37
04時57分20秒    1   30.43    0.00   19.57    0.00    0.00    2.17    0.00    0.00    0.00   47.83

04時57分20秒  CPU    %usr   %nice    %sys %iowait    %irq   %soft  %steal  %guest  %gnice   %idle
04時57分21秒    0   39.56    0.00   29.67    0.00    0.00    6.59    0.00    0.00    0.00   24.18
04時57分21秒    1   36.26    0.00   16.48    0.00    0.00    1.10    0.00    0.00    0.00   46.15

04時57分21秒  CPU    %usr   %nice    %sys %iowait    %irq   %soft  %steal  %guest  %gnice   %idle
04時57分22秒    0   35.87    0.00   30.43    0.00    0.00    6.52    0.00    0.00    0.00   27.17
04時57分22秒    1   32.26    0.00   17.20    0.00    0.00    2.15    0.00    0.00    0.00   48.39

04時57分22秒  CPU    %usr   %nice    %sys %iowait    %irq   %soft  %steal  %guest  %gnice   %idle
04時57分23秒    0   36.96    0.00   30.43    0.00    0.00    6.52    0.00    0.00    0.00   26.09
04時57分23秒    1   33.70    0.00   16.30    0.00    0.00    2.17    0.00    0.00    0.00   47.83

04時57分23秒  CPU    %usr   %nice    %sys %iowait    %irq   %soft  %steal  %guest  %gnice   %idle
04時57分24秒    0   34.07    0.00   30.77    0.00    0.00    6.59    0.00    0.00    0.00   28.57
04時57分24秒    1   31.87    0.00   16.48    0.00    0.00    2.20    0.00    0.00    0.00   49.45

04時57分24秒  CPU    %usr   %nice    %sys %iowait    %irq   %soft  %steal  %guest  %gnice   %idle
04時57分25秒    0   37.63    0.00   30.11    0.00    0.00    7.53    0.00    0.00    0.00   24.73
04時57分25秒    1   35.87    0.00   14.13    0.00    0.00    2.17    0.00    0.00    0.00   47.83

平均時間：  CPU    %usr   %nice    %sys %iowait    %irq   %soft  %steal  %guest  %gnice   %idle
平均時間：    0   38.45    0.00   27.96    0.01    0.05    6.64    0.00    0.00    0.00   26.89
平均時間：    1   33.41    0.00   16.04    0.00    0.05    1.94    0.00    0.00    0.00   48.57
