Linux 5.6.15-arch1-1 (archlinux) 	西元2020年06月29日 	_x86_64_	(12 CPU)

04時31分52秒  CPU    %usr   %nice    %sys %iowait    %irq   %soft  %steal  %guest  %gnice   %idle
04時31分53秒    0   35.11    0.00   29.79    0.00    0.00    7.45    0.00    0.00    0.00   27.66
04時31分53秒    1   35.87    0.00   14.13    0.00    0.00    2.17    0.00    0.00    0.00   47.83

04時31分53秒  CPU    %usr   %nice    %sys %iowait    %irq   %soft  %steal  %guest  %gnice   %idle
04時31分54秒    0   41.76    0.00   21.98    0.00    0.00    6.59    0.00    0.00    0.00   29.67
04時31分54秒    1   29.35    0.00   19.57    0.00    0.00    2.17    0.00    0.00    0.00   48.91

04時31分54秒  CPU    %usr   %nice    %sys %iowait    %irq   %soft  %steal  %guest  %gnice   %idle
04時31分55秒    0   36.26    0.00   27.47    0.00    0.00    6.59    0.00    0.00    0.00   29.67
04時31分55秒    1   33.33    0.00   15.05    0.00    0.00    2.15    0.00    0.00    0.00   49.46

04時31分55秒  CPU    %usr   %nice    %sys %iowait    %irq   %soft  %steal  %guest  %gnice   %idle
04時31分56秒    0   35.48    0.00   29.03    0.00    0.00    6.45    0.00    0.00    0.00   29.03
04時31分56秒    1   31.11    0.00   17.78    0.00    0.00    1.11    0.00    0.00    0.00   50.00

04時31分56秒  CPU    %usr   %nice    %sys %iowait    %irq   %soft  %steal  %guest  %gnice   %idle
04時31分57秒    0   36.96    0.00   26.09    0.00    0.00    7.61    0.00    0.00    0.00   29.35
04時31分57秒    1   34.41    0.00   13.98    0.00    0.00    2.15    0.00    0.00    0.00   49.46

04時31分57秒  CPU    %usr   %nice    %sys %iowait    %irq   %soft  %steal  %guest  %gnice   %idle
04時31分58秒    0   33.33    0.00   30.00    0.00    0.00    6.67    0.00    0.00    0.00   30.00
04時31分58秒    1   36.96    0.00   11.96    0.00    0.00    2.17    0.00    0.00    0.00   48.91

04時31分58秒  CPU    %usr   %nice    %sys %iowait    %irq   %soft  %steal  %guest  %gnice   %idle
04時31分59秒    0   38.46    0.00   26.37    0.00    0.00    6.59    0.00    0.00    0.00   28.57
04時31分59秒    1   30.85    0.00   19.15    0.00    0.00    2.13    0.00    0.00    0.00   47.87

04時31分59秒  CPU    %usr   %nice    %sys %iowait    %irq   %soft  %steal  %guest  %gnice   %idle
04時32分00秒    0   38.46    0.00   26.37    0.00    0.00    6.59    0.00    0.00    0.00   28.57
04時32分00秒    1   34.07    0.00   15.38    0.00    0.00    1.10    0.00    0.00    0.00   49.45

04時32分00秒  CPU    %usr   %nice    %sys %iowait    %irq   %soft  %steal  %guest  %gnice   %idle
04時32分01秒    0   36.17    0.00   27.66    0.00    0.00    7.45    0.00    0.00    0.00   28.72
04時32分01秒    1   33.33    0.00   16.13    0.00    0.00    2.15    0.00    0.00    0.00   48.39

04時32分01秒  CPU    %usr   %nice    %sys %iowait    %irq   %soft  %steal  %guest  %gnice   %idle
04時32分02秒    0   36.56    0.00   31.18    0.00    0.00    6.45    0.00    0.00    0.00   25.81
04時32分02秒    1   32.61    0.00   17.39    0.00    0.00    2.17    0.00    0.00    0.00   47.83

04時32分02秒  CPU    %usr   %nice    %sys %iowait    %irq   %soft  %steal  %guest  %gnice   %idle
04時32分03秒    0   36.96    0.00   26.09    0.00    0.00    6.52    0.00    0.00    0.00   30.43
04時32分03秒    1   32.26    0.00   16.13    0.00    0.00    2.15    0.00    0.00    0.00   49.46

04時32分03秒  CPU    %usr   %nice    %sys %iowait    %irq   %soft  %steal  %guest  %gnice   %idle
04時32分04秒    0   34.41    0.00   26.88    0.00    1.08    6.45    0.00    0.00    0.00   31.18
04時32分04秒    1   33.71    0.00   12.36    0.00    0.00    1.12    0.00    0.00    0.00   52.81

04時32分04秒  CPU    %usr   %nice    %sys %iowait    %irq   %soft  %steal  %guest  %gnice   %idle
04時32分05秒    0   36.96    0.00   27.17    0.00    0.00    7.61    0.00    0.00    0.00   28.26
04時32分05秒    1   36.56    0.00   12.90    0.00    0.00    2.15    0.00    0.00    0.00   48.39

04時32分05秒  CPU    %usr   %nice    %sys %iowait    %irq   %soft  %steal  %guest  %gnice   %idle
04時32分06秒    0   35.87    0.00   27.17    0.00    0.00    6.52    0.00    0.00    0.00   30.43
04時32分06秒    1   31.52    0.00   16.30    0.00    0.00    2.17    0.00    0.00    0.00   50.00

04時32分06秒  CPU    %usr   %nice    %sys %iowait    %irq   %soft  %steal  %guest  %gnice   %idle
04時32分07秒    0   35.48    0.00   30.11    0.00    0.00    6.45    0.00    0.00    0.00   27.96
04時32分07秒    1   32.26    0.00   18.28    0.00    0.00    2.15    0.00    0.00    0.00   47.31

04時32分07秒  CPU    %usr   %nice    %sys %iowait    %irq   %soft  %steal  %guest  %gnice   %idle
04時32分08秒    0   36.96    0.00   27.17    0.00    0.00    7.61    0.00    0.00    0.00   28.26
04時32分08秒    1   32.97    0.00   16.48    0.00    0.00    1.10    0.00    0.00    0.00   49.45

04時32分08秒  CPU    %usr   %nice    %sys %iowait    %irq   %soft  %steal  %guest  %gnice   %idle
04時32分09秒    0   38.64    0.00   25.00    0.00    0.00    6.82    0.00    0.00    0.00   29.55
04時32分09秒    1   31.18    0.00   18.28    0.00    0.00    2.15    0.00    0.00    0.00   48.39

04時32分09秒  CPU    %usr   %nice    %sys %iowait    %irq   %soft  %steal  %guest  %gnice   %idle
04時32分10秒    0   33.70    0.00   30.43    0.00    0.00    6.52    0.00    0.00    0.00   29.35
04時32分10秒    1   30.43    0.00   18.48    0.00    0.00    2.17    0.00    0.00    0.00   48.91

04時32分10秒  CPU    %usr   %nice    %sys %iowait    %irq   %soft  %steal  %guest  %gnice   %idle
04時32分11秒    0   40.66    0.00   25.27    0.00    0.00    7.69    0.00    0.00    0.00   26.37
04時32分11秒    1   35.87    0.00   15.22    0.00    0.00    2.17    0.00    0.00    0.00   46.74

04時32分11秒  CPU    %usr   %nice    %sys %iowait    %irq   %soft  %steal  %guest  %gnice   %idle
04時32分12秒    0   36.67    0.00   25.56    0.00    0.00    6.67    0.00    0.00    0.00   31.11
04時32分12秒    1   32.61    0.00   16.30    0.00    0.00    1.09    0.00    0.00    0.00   50.00

04時32分12秒  CPU    %usr   %nice    %sys %iowait    %irq   %soft  %steal  %guest  %gnice   %idle
04時32分13秒    0   34.41    0.00   31.18    0.00    0.00    6.45    0.00    0.00    0.00   27.96
04時32分13秒    1   32.97    0.00   16.48    0.00    0.00    2.20    0.00    0.00    0.00   48.35

04時32分13秒  CPU    %usr   %nice    %sys %iowait    %irq   %soft  %steal  %guest  %gnice   %idle
04時32分14秒    0   36.67    0.00   25.56    0.00    0.00    7.78    0.00    0.00    0.00   30.00
04時32分14秒    1   35.48    0.00   13.98    0.00    0.00    2.15    0.00    0.00    0.00   48.39

04時32分14秒  CPU    %usr   %nice    %sys %iowait    %irq   %soft  %steal  %guest  %gnice   %idle
04時32分15秒    0   37.63    0.00   26.88    0.00    0.00    6.45    0.00    0.00    0.00   29.03
04時32分15秒    1   33.70    0.00   16.30    0.00    0.00    2.17    0.00    0.00    0.00   47.83

04時32分15秒  CPU    %usr   %nice    %sys %iowait    %irq   %soft  %steal  %guest  %gnice   %idle
04時32分16秒    0   40.66    0.00   25.27    0.00    0.00    6.59    0.00    0.00    0.00   27.47
04時32分16秒    1   34.83    0.00   16.85    0.00    0.00    2.25    0.00    0.00    0.00   46.07

04時32分16秒  CPU    %usr   %nice    %sys %iowait    %irq   %soft  %steal  %guest  %gnice   %idle
04時32分17秒    0   36.56    0.00   30.11    0.00    0.00    7.53    0.00    0.00    0.00   25.81
04時32分17秒    1   33.70    0.00   19.57    0.00    1.09    2.17    0.00    0.00    0.00   43.48

04時32分17秒  CPU    %usr   %nice    %sys %iowait    %irq   %soft  %steal  %guest  %gnice   %idle
04時32分18秒    0   41.30    0.00   25.00    0.00    0.00    6.52    0.00    0.00    0.00   27.17
04時32分18秒    1   37.78    0.00   15.56    0.00    0.00    2.22    0.00    0.00    0.00   44.44

04時32分18秒  CPU    %usr   %nice    %sys %iowait    %irq   %soft  %steal  %guest  %gnice   %idle
04時32分19秒    0   37.36    0.00   28.57    0.00    0.00    7.69    0.00    0.00    0.00   26.37
04時32分19秒    1   36.36    0.00   15.91    0.00    0.00    2.27    0.00    0.00    0.00   45.45

04時32分19秒  CPU    %usr   %nice    %sys %iowait    %irq   %soft  %steal  %guest  %gnice   %idle
04時32分20秒    0   36.56    0.00   27.96    0.00    0.00    6.45    0.00    0.00    0.00   29.03
04時32分20秒    1   34.44    0.00   15.56    0.00    0.00    3.33    0.00    0.00    0.00   46.67

04時32分20秒  CPU    %usr   %nice    %sys %iowait    %irq   %soft  %steal  %guest  %gnice   %idle
04時32分21秒    0   35.11    0.00   30.85    0.00    0.00    7.45    0.00    0.00    0.00   26.60
04時32分21秒    1   35.87    0.00   19.57    0.00    0.00    2.17    0.00    0.00    0.00   42.39

04時32分21秒  CPU    %usr   %nice    %sys %iowait    %irq   %soft  %steal  %guest  %gnice   %idle
04時32分22秒    0   35.56    0.00   27.78    0.00    0.00    6.67    0.00    0.00    0.00   30.00
04時32分22秒    1   35.79    0.00   13.68    0.00    1.05    1.05    0.00    0.00    0.00   48.42

04時32分22秒  CPU    %usr   %nice    %sys %iowait    %irq   %soft  %steal  %guest  %gnice   %idle
04時32分23秒    0   41.30    0.00   22.83    0.00    1.09    7.61    0.00    0.00    0.00   27.17
04時32分23秒    1   35.56    0.00   14.44    0.00    0.00    2.22    0.00    0.00    0.00   47.78

04時32分23秒  CPU    %usr   %nice    %sys %iowait    %irq   %soft  %steal  %guest  %gnice   %idle
04時32分24秒    0   37.08    0.00   26.97    0.00    0.00    6.74    0.00    0.00    0.00   29.21
04時32分24秒    1   33.70    0.00   15.22    0.00    0.00    2.17    0.00    0.00    0.00   48.91

04時32分24秒  CPU    %usr   %nice    %sys %iowait    %irq   %soft  %steal  %guest  %gnice   %idle
04時32分25秒    0   36.96    0.00   29.35    0.00    0.00    6.52    0.00    0.00    0.00   27.17
04時32分25秒    1   33.70    0.00   16.30    0.00    0.00    2.17    0.00    0.00    0.00   47.83

04時32分25秒  CPU    %usr   %nice    %sys %iowait    %irq   %soft  %steal  %guest  %gnice   %idle
04時32分26秒    0   34.78    0.00   29.35    0.00    0.00    7.61    0.00    0.00    0.00   28.26
04時32分26秒    1   35.16    0.00   13.19    0.00    0.00    1.10    0.00    0.00    0.00   50.55

04時32分26秒  CPU    %usr   %nice    %sys %iowait    %irq   %soft  %steal  %guest  %gnice   %idle
04時32分27秒    0   39.13    0.00   25.00    0.00    0.00    6.52    0.00    0.00    0.00   29.35
04時32分27秒    1   33.33    0.00   17.20    0.00    0.00    2.15    0.00    0.00    0.00   47.31

04時32分27秒  CPU    %usr   %nice    %sys %iowait    %irq   %soft  %steal  %guest  %gnice   %idle
04時32分28秒    0   41.76    0.00   24.18    0.00    0.00    7.69    0.00    0.00    0.00   26.37
04時32分28秒    1   33.70    0.00   16.30    0.00    0.00    2.17    0.00    0.00    0.00   47.83

04時32分28秒  CPU    %usr   %nice    %sys %iowait    %irq   %soft  %steal  %guest  %gnice   %idle
04時32分29秒    0   37.08    0.00   26.97    0.00    0.00    6.74    0.00    0.00    0.00   29.21
04時32分29秒    1   32.97    0.00   15.38    0.00    0.00    2.20    0.00    0.00    0.00   49.45

04時32分29秒  CPU    %usr   %nice    %sys %iowait    %irq   %soft  %steal  %guest  %gnice   %idle
04時32分30秒    0   38.71    0.00   26.88    0.00    0.00    6.45    0.00    0.00    0.00   27.96
04時32分30秒    1   33.33    0.00   18.28    0.00    0.00    1.08    0.00    0.00    0.00   47.31

04時32分30秒  CPU    %usr   %nice    %sys %iowait    %irq   %soft  %steal  %guest  %gnice   %idle
04時32分31秒    0   35.87    0.00   28.26    0.00    0.00    7.61    0.00    0.00    0.00   28.26
04時32分31秒    1   35.16    0.00   13.19    0.00    0.00    2.20    0.00    0.00    0.00   49.45

04時32分31秒  CPU    %usr   %nice    %sys %iowait    %irq   %soft  %steal  %guest  %gnice   %idle
04時32分32秒    0   37.78    0.00   30.00    0.00    0.00    6.67    0.00    0.00    0.00   25.56
04時32分32秒    1   34.04    0.00   18.09    0.00    0.00    2.13    0.00    0.00    0.00   45.74

04時32分32秒  CPU    %usr   %nice    %sys %iowait    %irq   %soft  %steal  %guest  %gnice   %idle
04時32分33秒    0   34.74    0.00   30.53    0.00    0.00    7.37    0.00    0.00    0.00   27.37
04時32分33秒    1   37.36    0.00   12.09    0.00    0.00    2.20    0.00    0.00    0.00   48.35

04時32分33秒  CPU    %usr   %nice    %sys %iowait    %irq   %soft  %steal  %guest  %gnice   %idle
04時32分34秒    0   40.00    0.00   25.56    0.00    0.00    6.67    0.00    0.00    0.00   27.78
04時32分34秒    1   36.26    0.00   13.19    0.00    0.00    2.20    0.00    0.00    0.00   48.35

04時32分34秒  CPU    %usr   %nice    %sys %iowait    %irq   %soft  %steal  %guest  %gnice   %idle
04時32分35秒    0   34.78    0.00   30.43    0.00    0.00    6.52    0.00    0.00    0.00   28.26
04時32分35秒    1   34.78    0.00   15.22    0.00    0.00    1.09    0.00    0.00    0.00   48.91

04時32分35秒  CPU    %usr   %nice    %sys %iowait    %irq   %soft  %steal  %guest  %gnice   %idle
04時32分36秒    0   36.56    0.00   27.96    0.00    0.00    7.53    0.00    0.00    0.00   27.96
04時32分36秒    1   32.97    0.00   15.38    0.00    0.00    2.20    0.00    0.00    0.00   49.45

04時32分36秒  CPU    %usr   %nice    %sys %iowait    %irq   %soft  %steal  %guest  %gnice   %idle
04時32分37秒    0   36.96    0.00   27.17    0.00    0.00    6.52    0.00    0.00    0.00   29.35
04時32分37秒    1   34.41    0.00   13.98    0.00    0.00    2.15    0.00    0.00    0.00   49.46

04時32分37秒  CPU    %usr   %nice    %sys %iowait    %irq   %soft  %steal  %guest  %gnice   %idle
04時32分38秒    0   39.13    0.00   25.00    0.00    0.00    6.52    0.00    0.00    0.00   29.35
04時32分38秒    1   33.71    0.00   13.48    0.00    0.00    2.25    0.00    0.00    0.00   50.56

04時32分38秒  CPU    %usr   %nice    %sys %iowait    %irq   %soft  %steal  %guest  %gnice   %idle
04時32分39秒    0   36.26    0.00   26.37    0.00    0.00    6.59    0.00    0.00    0.00   30.77
04時32分39秒    1   34.07    0.00   13.19    0.00    0.00    2.20    0.00    0.00    0.00   50.55

04時32分39秒  CPU    %usr   %nice    %sys %iowait    %irq   %soft  %steal  %guest  %gnice   %idle
04時32分40秒    0   39.56    0.00   25.27    0.00    0.00    7.69    0.00    0.00    0.00   27.47
04時32分40秒    1   36.26    0.00   14.29    0.00    0.00    1.10    0.00    0.00    0.00   48.35

04時32分40秒  CPU    %usr   %nice    %sys %iowait    %irq   %soft  %steal  %guest  %gnice   %idle
04時32分41秒    0   33.33    0.00   31.18    0.00    0.00    6.45    0.00    0.00    0.00   29.03
04時32分41秒    1   34.07    0.00   14.29    0.00    0.00    2.20    0.00    0.00    0.00   49.45

04時32分41秒  CPU    %usr   %nice    %sys %iowait    %irq   %soft  %steal  %guest  %gnice   %idle
04時32分42秒    0   34.44    0.00   30.00    0.00    1.11    6.67    0.00    0.00    0.00   27.78
04時32分42秒    1   30.77    0.00   18.68    0.00    0.00    2.20    0.00    0.00    0.00   48.35

04時32分42秒  CPU    %usr   %nice    %sys %iowait    %irq   %soft  %steal  %guest  %gnice   %idle
04時32分43秒    0   37.23    0.00   27.66    0.00    0.00    7.45    0.00    0.00    0.00   27.66
04時32分43秒    1   32.61    0.00   16.30    0.00    0.00    2.17    0.00    0.00    0.00   48.91

04時32分43秒  CPU    %usr   %nice    %sys %iowait    %irq   %soft  %steal  %guest  %gnice   %idle
04時32分44秒    0   37.63    0.00   29.03    0.00    0.00    6.45    0.00    0.00    0.00   26.88
04時32分44秒    1   35.87    0.00   15.22    0.00    0.00    1.09    0.00    0.00    0.00   47.83

04時32分44秒  CPU    %usr   %nice    %sys %iowait    %irq   %soft  %steal  %guest  %gnice   %idle
04時32分45秒    0   35.48    0.00   29.03    0.00    0.00    7.53    0.00    0.00    0.00   27.96
04時32分45秒    1   35.16    0.00   14.29    0.00    0.00    2.20    0.00    0.00    0.00   48.35

04時32分45秒  CPU    %usr   %nice    %sys %iowait    %irq   %soft  %steal  %guest  %gnice   %idle
04時32分46秒    0   43.48    0.00   22.83    0.00    0.00    6.52    0.00    0.00    0.00   27.17
04時32分46秒    1   35.48    0.00   15.05    0.00    0.00    2.15    0.00    0.00    0.00   47.31

04時32分46秒  CPU    %usr   %nice    %sys %iowait    %irq   %soft  %steal  %guest  %gnice   %idle
04時32分47秒    0   37.23    0.00   29.79    0.00    0.00    6.38    0.00    0.00    0.00   26.60
04時32分47秒    1   32.61    0.00   16.30    0.00    1.09    2.17    0.00    0.00    0.00   47.83

04時32分47秒  CPU    %usr   %nice    %sys %iowait    %irq   %soft  %steal  %guest  %gnice   %idle
04時32分48秒    0   43.96    0.00   19.78    0.00    0.00    7.69    0.00    0.00    0.00   28.57
04時32分48秒    1   35.48    0.00   13.98    0.00    0.00    1.08    0.00    0.00    0.00   49.46

04時32分48秒  CPU    %usr   %nice    %sys %iowait    %irq   %soft  %steal  %guest  %gnice   %idle
04時32分49秒    0   34.44    0.00   28.89    0.00    0.00    6.67    0.00    0.00    0.00   30.00
04時32分49秒    1   31.87    0.00   16.48    0.00    0.00    2.20    0.00    0.00    0.00   49.45

04時32分49秒  CPU    %usr   %nice    %sys %iowait    %irq   %soft  %steal  %guest  %gnice   %idle
04時32分50秒    0   35.96    0.00   29.21    0.00    0.00    6.74    0.00    0.00    0.00   28.09
04時32分50秒    1   36.26    0.00   13.19    0.00    0.00    2.20    0.00    0.00    0.00   48.35

04時32分50秒  CPU    %usr   %nice    %sys %iowait    %irq   %soft  %steal  %guest  %gnice   %idle
04時32分51秒    0   34.78    0.00   28.26    0.00    0.00    7.61    0.00    0.00    0.00   29.35
04時32分51秒    1   30.43    0.00   18.48    0.00    0.00    2.17    0.00    0.00    0.00   48.91

04時32分51秒  CPU    %usr   %nice    %sys %iowait    %irq   %soft  %steal  %guest  %gnice   %idle
04時32分52秒    0   38.20    0.00   26.97    0.00    0.00    6.74    0.00    0.00    0.00   28.09
04時32分52秒    1   35.48    0.00   15.05    0.00    0.00    2.15    0.00    0.00    0.00   47.31

04時32分52秒  CPU    %usr   %nice    %sys %iowait    %irq   %soft  %steal  %guest  %gnice   %idle
04時32分53秒    0   41.76    0.00   23.08    0.00    0.00    6.59    0.00    0.00    0.00   28.57
04時32分53秒    1   35.56    0.00   13.33    0.00    0.00    1.11    0.00    0.00    0.00   50.00

04時32分53秒  CPU    %usr   %nice    %sys %iowait    %irq   %soft  %steal  %guest  %gnice   %idle
04時32分54秒    0   35.87    0.00   23.91    0.00    0.00    7.61    0.00    0.00    0.00   32.61
04時32分54秒    1   34.07    0.00   12.09    0.00    0.00    2.20    0.00    0.00    0.00   51.65

04時32分54秒  CPU    %usr   %nice    %sys %iowait    %irq   %soft  %steal  %guest  %gnice   %idle
04時32分55秒    0   37.78    0.00   23.33    0.00    0.00    6.67    0.00    0.00    0.00   32.22
04時32分55秒    1   34.41    0.00   12.90    0.00    0.00    2.15    0.00    0.00    0.00   50.54

04時32分55秒  CPU    %usr   %nice    %sys %iowait    %irq   %soft  %steal  %guest  %gnice   %idle
04時32分56秒    0   35.16    0.00   31.87    0.00    0.00    6.59    0.00    0.00    0.00   26.37
04時32分56秒    1   35.87    0.00   15.22    0.00    0.00    1.09    0.00    0.00    0.00   47.83

04時32分56秒  CPU    %usr   %nice    %sys %iowait    %irq   %soft  %steal  %guest  %gnice   %idle
04時32分57秒    0   31.11    0.00   27.78    0.00    0.00    6.67    0.00    0.00    0.00   34.44
04時32分57秒    1   30.43    0.00   16.30    0.00    0.00    2.17    0.00    0.00    0.00   51.09

04時32分57秒  CPU    %usr   %nice    %sys %iowait    %irq   %soft  %steal  %guest  %gnice   %idle
04時32分58秒    0   36.56    0.00   30.11    0.00    0.00    6.45    0.00    0.00    0.00   26.88
04時32分58秒    1   35.16    0.00   14.29    0.00    0.00    2.20    0.00    0.00    0.00   48.35

04時32分58秒  CPU    %usr   %nice    %sys %iowait    %irq   %soft  %steal  %guest  %gnice   %idle
04時32分59秒    0   39.13    0.00   26.09    0.00    0.00    7.61    0.00    0.00    0.00   27.17
04時32分59秒    1   34.78    0.00   15.22    0.00    0.00    2.17    0.00    0.00    0.00   47.83

04時32分59秒  CPU    %usr   %nice    %sys %iowait    %irq   %soft  %steal  %guest  %gnice   %idle
04時33分00秒    0   37.36    0.00   27.47    0.00    0.00    6.59    0.00    0.00    0.00   28.57
04時33分00秒    1   35.56    0.00   13.33    0.00    0.00    1.11    0.00    0.00    0.00   50.00

04時33分00秒  CPU    %usr   %nice    %sys %iowait    %irq   %soft  %steal  %guest  %gnice   %idle
04時33分01秒    0   39.78    0.00   24.73    0.00    1.08    7.53    0.00    0.00    0.00   26.88
04時33分01秒    1   37.63    0.00   12.90    0.00    0.00    2.15    0.00    0.00    0.00   47.31

04時33分01秒  CPU    %usr   %nice    %sys %iowait    %irq   %soft  %steal  %guest  %gnice   %idle
04時33分02秒    0   38.71    0.00   26.88    0.00    0.00    6.45    0.00    0.00    0.00   27.96
04時33分02秒    1   30.85    0.00   18.09    0.00    0.00    2.13    0.00    0.00    0.00   48.94

04時33分02秒  CPU    %usr   %nice    %sys %iowait    %irq   %soft  %steal  %guest  %gnice   %idle
04時33分03秒    0   36.17    0.00   28.72    0.00    0.00    6.38    0.00    0.00    0.00   28.72
04時33分03秒    1   34.07    0.00   15.38    0.00    0.00    2.20    0.00    0.00    0.00   48.35

04時33分03秒  CPU    %usr   %nice    %sys %iowait    %irq   %soft  %steal  %guest  %gnice   %idle
04時33分04秒    0   37.63    0.00   26.88    0.00    0.00    7.53    0.00    0.00    0.00   27.96
04時33分04秒    1   31.11    0.00   17.78    0.00    0.00    1.11    0.00    0.00    0.00   50.00

04時33分04秒  CPU    %usr   %nice    %sys %iowait    %irq   %soft  %steal  %guest  %gnice   %idle
04時33分05秒    0   38.89    0.00   28.89    0.00    0.00    6.67    0.00    0.00    0.00   25.56
04時33分05秒    1   34.78    0.00   16.30    0.00    0.00    2.17    0.00    0.00    0.00   46.74

04時33分05秒  CPU    %usr   %nice    %sys %iowait    %irq   %soft  %steal  %guest  %gnice   %idle
04時33分06秒    0   38.71    0.00   27.96    0.00    0.00    7.53    0.00    0.00    0.00   25.81
04時33分06秒    1   36.17    0.00   14.89    0.00    0.00    2.13    0.00    0.00    0.00   46.81

04時33分06秒  CPU    %usr   %nice    %sys %iowait    %irq   %soft  %steal  %guest  %gnice   %idle
04時33分07秒    0   37.78    0.00   26.67    0.00    0.00    6.67    0.00    0.00    0.00   28.89
04時33分07秒    1   37.36    0.00   10.99    0.00    0.00    2.20    0.00    0.00    0.00   49.45

04時33分07秒  CPU    %usr   %nice    %sys %iowait    %irq   %soft  %steal  %guest  %gnice   %idle
04時33分08秒    0   38.04    0.00   25.00    0.00    0.00    6.52    0.00    0.00    0.00   30.43
04時33分08秒    1   33.71    0.00   13.48    0.00    0.00    1.12    0.00    0.00    0.00   51.69

04時33分08秒  CPU    %usr   %nice    %sys %iowait    %irq   %soft  %steal  %guest  %gnice   %idle
04時33分09秒    0   36.26    0.00   28.57    0.00    0.00    7.69    0.00    0.00    0.00   27.47
04時33分09秒    1   34.78    0.00   15.22    0.00    0.00    2.17    0.00    0.00    0.00   47.83

04時33分09秒  CPU    %usr   %nice    %sys %iowait    %irq   %soft  %steal  %guest  %gnice   %idle
04時33分10秒    0   36.96    0.00   28.26    0.00    0.00    6.52    0.00    0.00    0.00   28.26
04時33分10秒    1   30.77    0.00   18.68    0.00    0.00    2.20    0.00    0.00    0.00   48.35

04時33分10秒  CPU    %usr   %nice    %sys %iowait    %irq   %soft  %steal  %guest  %gnice   %idle
04時33分11秒    0   38.04    0.00   26.09    0.00    0.00    6.52    0.00    0.00    0.00   29.35
04時33分11秒    1   33.33    0.00   14.44    0.00    0.00    2.22    0.00    0.00    0.00   50.00

04時33分11秒  CPU    %usr   %nice    %sys %iowait    %irq   %soft  %steal  %guest  %gnice   %idle
04時33分12秒    0   37.08    0.00   26.97    0.00    0.00    7.87    0.00    0.00    0.00   28.09
04時33分12秒    1   30.43    0.00   18.48    0.00    0.00    2.17    0.00    0.00    0.00   48.91

04時33分12秒  CPU    %usr   %nice    %sys %iowait    %irq   %soft  %steal  %guest  %gnice   %idle
04時33分13秒    0   40.22    0.00   27.17    0.00    0.00    6.52    0.00    0.00    0.00   26.09
04時33分13秒    1   34.78    0.00   15.22    0.00    1.09    1.09    0.00    0.00    0.00   47.83

04時33分13秒  CPU    %usr   %nice    %sys %iowait    %irq   %soft  %steal  %guest  %gnice   %idle
04時33分14秒    0   38.71    0.00   26.88    0.00    0.00    6.45    0.00    0.00    0.00   27.96
04時33分14秒    1   29.35    0.00   17.39    0.00    0.00    2.17    0.00    0.00    0.00   51.09

04時33分14秒  CPU    %usr   %nice    %sys %iowait    %irq   %soft  %steal  %guest  %gnice   %idle
04時33分15秒    0   39.78    0.00   25.81    0.00    0.00    7.53    0.00    0.00    0.00   26.88
04時33分15秒    1   34.44    0.00   15.56    0.00    0.00    2.22    0.00    0.00    0.00   47.78

04時33分15秒  CPU    %usr   %nice    %sys %iowait    %irq   %soft  %steal  %guest  %gnice   %idle
04時33分16秒    0   36.17    0.00   28.72    0.00    0.00    6.38    0.00    0.00    0.00   28.72
04時33分16秒    1   33.33    0.00   15.05    0.00    0.00    2.15    0.00    0.00    0.00   49.46

04時33分16秒  CPU    %usr   %nice    %sys %iowait    %irq   %soft  %steal  %guest  %gnice   %idle
04時33分17秒    0   33.70    0.00   30.43    0.00    0.00    6.52    0.00    0.00    0.00   29.35
04時33分17秒    1   30.43    0.00   18.48    0.00    0.00    1.09    0.00    0.00    0.00   50.00

04時33分17秒  CPU    %usr   %nice    %sys %iowait    %irq   %soft  %steal  %guest  %gnice   %idle
04時33分18秒    0   39.36    0.00   25.53    0.00    0.00    7.45    0.00    0.00    0.00   27.66
04時33分18秒    1   34.78    0.00   15.22    0.00    0.00    2.17    0.00    0.00    0.00   47.83

04時33分18秒  CPU    %usr   %nice    %sys %iowait    %irq   %soft  %steal  %guest  %gnice   %idle
04時33分19秒    0   35.48    0.00   29.03    0.00    1.08    6.45    0.00    0.00    0.00   27.96
04時33分19秒    1   29.35    0.00   19.57    0.00    0.00    2.17    0.00    0.00    0.00   48.91

04時33分19秒  CPU    %usr   %nice    %sys %iowait    %irq   %soft  %steal  %guest  %gnice   %idle
04時33分20秒    0   39.13    0.00   23.91    0.00    0.00    6.52    0.00    0.00    0.00   30.43
04時33分20秒    1   30.43    0.00   17.39    0.00    0.00    2.17    0.00    0.00    0.00   50.00

04時33分20秒  CPU    %usr   %nice    %sys %iowait    %irq   %soft  %steal  %guest  %gnice   %idle
04時33分21秒    0   40.22    0.00   23.91    0.00    0.00    6.52    0.00    0.00    0.00   29.35
04時33分21秒    1   37.36    0.00   13.19    0.00    0.00    1.10    0.00    0.00    0.00   48.35

04時33分21秒  CPU    %usr   %nice    %sys %iowait    %irq   %soft  %steal  %guest  %gnice   %idle
04時33分22秒    0   37.36    0.00   27.47    0.00    0.00    7.69    0.00    0.00    0.00   27.47
04時33分22秒    1   32.26    0.00   17.20    0.00    0.00    2.15    0.00    0.00    0.00   48.39

04時33分22秒  CPU    %usr   %nice    %sys %iowait    %irq   %soft  %steal  %guest  %gnice   %idle
04時33分23秒    0   37.36    0.00   29.67    0.00    0.00    6.59    0.00    0.00    0.00   26.37
04時33分23秒    1   38.71    0.00   12.90    0.00    0.00    2.15    0.00    0.00    0.00   46.24

04時33分23秒  CPU    %usr   %nice    %sys %iowait    %irq   %soft  %steal  %guest  %gnice   %idle
04時33分24秒    0   40.43    0.00   25.53    0.00    0.00    6.38    0.00    0.00    0.00   27.66
04時33分24秒    1   31.87    0.00   16.48    0.00    0.00    2.20    0.00    0.00    0.00   49.45

04時33分24秒  CPU    %usr   %nice    %sys %iowait    %irq   %soft  %steal  %guest  %gnice   %idle
04時33分25秒    0   39.78    0.00   25.81    0.00    0.00    7.53    0.00    0.00    0.00   26.88
04時33分25秒    1   36.67    0.00   14.44    0.00    0.00    1.11    0.00    0.00    0.00   47.78

04時33分25秒  CPU    %usr   %nice    %sys %iowait    %irq   %soft  %steal  %guest  %gnice   %idle
04時33分26秒    0   43.48    0.00   21.74    0.00    0.00    6.52    0.00    0.00    0.00   28.26
04時33分26秒    1   31.52    0.00   16.30    0.00    0.00    2.17    0.00    0.00    0.00   50.00

04時33分26秒  CPU    %usr   %nice    %sys %iowait    %irq   %soft  %steal  %guest  %gnice   %idle
04時33分27秒    0   39.13    0.00   26.09    0.00    0.00    7.61    0.00    0.00    0.00   27.17
04時33分27秒    1   31.87    0.00   17.58    0.00    0.00    2.20    0.00    0.00    0.00   48.35

04時33分27秒  CPU    %usr   %nice    %sys %iowait    %irq   %soft  %steal  %guest  %gnice   %idle
04時33分28秒    0   33.33    0.00   32.26    0.00    0.00    6.45    0.00    0.00    0.00   27.96
04時33分28秒    1   33.33    0.00   17.20    0.00    0.00    2.15    0.00    0.00    0.00   47.31

04時33分28秒  CPU    %usr   %nice    %sys %iowait    %irq   %soft  %steal  %guest  %gnice   %idle
04時33分29秒    0   35.87    0.00   31.52    0.00    0.00    6.52    0.00    0.00    0.00   26.09
04時33分29秒    1   35.56    0.00   13.33    0.00    0.00    1.11    0.00    0.00    0.00   50.00

04時33分29秒  CPU    %usr   %nice    %sys %iowait    %irq   %soft  %steal  %guest  %gnice   %idle
04時33分30秒    0   36.67    0.00   28.89    0.00    0.00    7.78    0.00    0.00    0.00   26.67
04時33分30秒    1   35.87    0.00   14.13    0.00    0.00    2.17    0.00    0.00    0.00   47.83

04時33分30秒  CPU    %usr   %nice    %sys %iowait    %irq   %soft  %steal  %guest  %gnice   %idle
04時33分31秒    0   35.56    0.00   28.89    0.00    0.00    6.67    0.00    0.00    0.00   28.89
04時33分31秒    1   31.52    0.00   17.39    0.00    0.00    2.17    0.00    0.00    0.00   48.91

04時33分31秒  CPU    %usr   %nice    %sys %iowait    %irq   %soft  %steal  %guest  %gnice   %idle
04時33分32秒    0   38.46    0.00   25.27    0.00    0.00    6.59    0.00    0.00    0.00   29.67
04時33分32秒    1   35.16    0.00   13.19    0.00    0.00    2.20    0.00    0.00    0.00   49.45

04時33分32秒  CPU    %usr   %nice    %sys %iowait    %irq   %soft  %steal  %guest  %gnice   %idle
04時33分33秒    0   34.07    0.00   29.67    0.00    0.00    7.69    0.00    0.00    0.00   28.57
04時33分33秒    1   35.16    0.00   14.29    0.00    0.00    1.10    0.00    0.00    0.00   49.45

04時33分33秒  CPU    %usr   %nice    %sys %iowait    %irq   %soft  %steal  %guest  %gnice   %idle
04時33分34秒    0   44.09    0.00   22.58    0.00    0.00    6.45    0.00    0.00    0.00   26.88
04時33分34秒    1   36.56    0.00   11.83    0.00    0.00    2.15    0.00    0.00    0.00   49.46

04時33分34秒  CPU    %usr   %nice    %sys %iowait    %irq   %soft  %steal  %guest  %gnice   %idle
04時33分35秒    0   37.63    0.00   26.88    0.00    0.00    6.45    0.00    0.00    0.00   29.03
04時33分35秒    1   34.41    0.00   13.98    0.00    0.00    2.15    0.00    0.00    0.00   49.46

04時33分35秒  CPU    %usr   %nice    %sys %iowait    %irq   %soft  %steal  %guest  %gnice   %idle
04時33分36秒    0   30.43    0.00   33.70    0.00    0.00    7.61    0.00    0.00    0.00   28.26
04時33分36秒    1   32.97    0.00   15.38    0.00    0.00    2.20    0.00    0.00    0.00   49.45

04時33分36秒  CPU    %usr   %nice    %sys %iowait    %irq   %soft  %steal  %guest  %gnice   %idle
04時33分37秒    0   32.61    0.00   30.43    0.00    1.09    6.52    0.00    0.00    0.00   29.35
04時33分37秒    1   36.96    0.00   11.96    0.00    0.00    1.09    0.00    0.00    0.00   50.00

04時33分37秒  CPU    %usr   %nice    %sys %iowait    %irq   %soft  %steal  %guest  %gnice   %idle
04時33分38秒    0   38.71    0.00   26.88    0.00    0.00    6.45    0.00    0.00    0.00   27.96
04時33分38秒    1   35.16    0.00   13.19    0.00    0.00    2.20    0.00    0.00    0.00   49.45

04時33分38秒  CPU    %usr   %nice    %sys %iowait    %irq   %soft  %steal  %guest  %gnice   %idle
04時33分39秒    0   38.46    0.00   27.47    0.00    0.00    6.59    0.00    0.00    0.00   27.47
04時33分39秒    1   29.35    0.00   19.57    0.00    1.09    2.17    0.00    0.00    0.00   47.83

04時33分39秒  CPU    %usr   %nice    %sys %iowait    %irq   %soft  %steal  %guest  %gnice   %idle
04時33分40秒    0   38.46    0.00   24.18    0.00    0.00    7.69    0.00    0.00    0.00   29.67
04時33分40秒    1   31.91    0.00   17.02    0.00    0.00    2.13    0.00    0.00    0.00   48.94

04時33分40秒  CPU    %usr   %nice    %sys %iowait    %irq   %soft  %steal  %guest  %gnice   %idle
04時33分41秒    0   43.01    0.00   22.58    0.00    0.00    6.45    0.00    0.00    0.00   27.96
04時33分41秒    1   32.58    0.00   15.73    0.00    0.00    1.12    0.00    0.00    0.00   50.56

04時33分41秒  CPU    %usr   %nice    %sys %iowait    %irq   %soft  %steal  %guest  %gnice   %idle
04時33分42秒    0   32.61    0.00   31.52    0.00    0.00    6.52    0.00    0.00    0.00   29.35
04時33分42秒    1   32.61    0.00   15.22    0.00    0.00    2.17    0.00    0.00    0.00   50.00

04時33分42秒  CPU    %usr   %nice    %sys %iowait    %irq   %soft  %steal  %guest  %gnice   %idle
04時33分43秒    0   39.13    0.00   25.00    0.00    0.00    6.52    0.00    0.00    0.00   29.35
04時33分43秒    1   31.11    0.00   15.56    0.00    0.00    2.22    0.00    0.00    0.00   51.11

04時33分43秒  CPU    %usr   %nice    %sys %iowait    %irq   %soft  %steal  %guest  %gnice   %idle
04時33分44秒    0   34.74    0.00   30.53    0.00    0.00    7.37    0.00    0.00    0.00   27.37
04時33分44秒    1   33.70    0.00   16.30    0.00    0.00    2.17    0.00    0.00    0.00   47.83

04時33分44秒  CPU    %usr   %nice    %sys %iowait    %irq   %soft  %steal  %guest  %gnice   %idle
04時33分45秒    0   38.46    0.00   27.47    0.00    0.00    6.59    0.00    0.00    0.00   27.47
04時33分45秒    1   31.11    0.00   17.78    0.00    0.00    1.11    0.00    0.00    0.00   50.00

04時33分45秒  CPU    %usr   %nice    %sys %iowait    %irq   %soft  %steal  %guest  %gnice   %idle
04時33分46秒    0   36.26    0.00   26.37    0.00    0.00    6.59    0.00    0.00    0.00   30.77
04時33分46秒    1   33.70    0.00   14.13    0.00    0.00    2.17    0.00    0.00    0.00   50.00

04時33分46秒  CPU    %usr   %nice    %sys %iowait    %irq   %soft  %steal  %guest  %gnice   %idle
04時33分47秒    0   39.78    0.00   27.96    0.00    0.00    7.53    0.00    0.00    0.00   24.73
04時33分47秒    1   36.96    0.00   14.13    0.00    0.00    2.17    0.00    0.00    0.00   46.74

04時33分47秒  CPU    %usr   %nice    %sys %iowait    %irq   %soft  %steal  %guest  %gnice   %idle
04時33分48秒    0   32.61    0.00   30.43    0.00    0.00    6.52    0.00    0.00    0.00   30.43
04時33分48秒    1   32.97    0.00   14.29    0.00    0.00    2.20    0.00    0.00    0.00   50.55

04時33分48秒  CPU    %usr   %nice    %sys %iowait    %irq   %soft  %steal  %guest  %gnice   %idle
04時33分49秒    0   37.63    0.00   27.96    0.00    0.00    6.45    0.00    0.00    0.00   27.96
04時33分49秒    1   32.97    0.00   16.48    0.00    0.00    1.10    0.00    0.00    0.00   49.45

04時33分49秒  CPU    %usr   %nice    %sys %iowait    %irq   %soft  %steal  %guest  %gnice   %idle
04時33分50秒    0   36.84    0.00   29.47    0.00    0.00    7.37    0.00    0.00    0.00   26.32
04時33分50秒    1   33.33    0.00   16.13    0.00    0.00    2.15    0.00    0.00    0.00   48.39

04時33分50秒  CPU    %usr   %nice    %sys %iowait    %irq   %soft  %steal  %guest  %gnice   %idle
04時33分51秒    0   38.04    0.00   26.09    0.00    0.00    6.52    0.00    0.00    0.00   29.35
04時33分51秒    1   35.56    0.00   12.22    0.00    0.00    2.22    0.00    0.00    0.00   50.00

04時33分51秒  CPU    %usr   %nice    %sys %iowait    %irq   %soft  %steal  %guest  %gnice   %idle
04時33分52秒    0   39.56    0.00   25.27    0.00    0.00    6.59    0.00    0.00    0.00   28.57
04時33分52秒    1   33.70    0.00   15.22    0.00    0.00    2.17    0.00    0.00    0.00   48.91

平均時間：  CPU    %usr   %nice    %sys %iowait    %irq   %soft  %steal  %guest  %gnice   %idle
平均時間：    0   37.36    0.00   27.37    0.00    0.05    6.89    0.00    0.00    0.00   28.33
平均時間：    1   33.84    0.00   15.48    0.00    0.05    1.95    0.00    0.00    0.00   48.69
