Linux 5.6.15-arch1-1 (archlinux) 	西元2020年06月29日 	_x86_64_	(12 CPU)

04時34分29秒  CPU    %usr   %nice    %sys %iowait    %irq   %soft  %steal  %guest  %gnice   %idle
04時34分30秒    0   34.83    0.00   30.34    0.00    0.00    6.74    0.00    0.00    0.00   28.09
04時34分30秒    1   33.33    0.00   16.13    0.00    0.00    2.15    0.00    0.00    0.00   48.39

04時34分30秒  CPU    %usr   %nice    %sys %iowait    %irq   %soft  %steal  %guest  %gnice   %idle
04時34分31秒    0   36.26    0.00   27.47    0.00    0.00    5.49    0.00    0.00    0.00   30.77
04時34分31秒    1   35.56    0.00   13.33    0.00    0.00    2.22    0.00    0.00    0.00   48.89

04時34分31秒  CPU    %usr   %nice    %sys %iowait    %irq   %soft  %steal  %guest  %gnice   %idle
04時34分32秒    0   37.63    0.00   27.96    0.00    0.00    6.45    0.00    0.00    0.00   27.96
04時34分32秒    1   33.33    0.00   16.13    0.00    0.00    2.15    0.00    0.00    0.00   48.39

04時34分32秒  CPU    %usr   %nice    %sys %iowait    %irq   %soft  %steal  %guest  %gnice   %idle
04時34分33秒    0   38.04    0.00   28.26    0.00    0.00    5.43    0.00    0.00    0.00   28.26
04時34分33秒    1   36.67    0.00   14.44    0.00    0.00    1.11    0.00    0.00    0.00   47.78

04時34分33秒  CPU    %usr   %nice    %sys %iowait    %irq   %soft  %steal  %guest  %gnice   %idle
04時34分34秒    0   40.00    0.00   23.33    0.00    0.00    6.67    0.00    0.00    0.00   30.00
04時34分34秒    1   30.77    0.00   15.38    0.00    0.00    2.20    0.00    0.00    0.00   51.65

04時34分34秒  CPU    %usr   %nice    %sys %iowait    %irq   %soft  %steal  %guest  %gnice   %idle
04時34分35秒    0   40.43    0.00   25.53    0.00    0.00    6.38    0.00    0.00    0.00   27.66
04時34分35秒    1   35.56    0.00   15.56    0.00    0.00    2.22    0.00    0.00    0.00   46.67

04時34分35秒  CPU    %usr   %nice    %sys %iowait    %irq   %soft  %steal  %guest  %gnice   %idle
04時34分36秒    0   36.17    0.00   30.85    0.00    1.06    7.45    0.00    0.00    0.00   24.47
04時34分36秒    1   31.91    0.00   18.09    0.00    0.00    2.13    0.00    0.00    0.00   47.87

04時34分36秒  CPU    %usr   %nice    %sys %iowait    %irq   %soft  %steal  %guest  %gnice   %idle
04時34分37秒    0   38.71    0.00   25.81    0.00    0.00    6.45    0.00    0.00    0.00   29.03
04時34分37秒    1   31.87    0.00   17.58    0.00    1.10    1.10    0.00    0.00    0.00   48.35

04時34分37秒  CPU    %usr   %nice    %sys %iowait    %irq   %soft  %steal  %guest  %gnice   %idle
04時34分38秒    0   36.26    0.00   31.87    0.00    0.00    6.59    0.00    0.00    0.00   25.27
04時34分38秒    1   31.87    0.00   17.58    0.00    0.00    2.20    0.00    0.00    0.00   48.35

04時34分38秒  CPU    %usr   %nice    %sys %iowait    %irq   %soft  %steal  %guest  %gnice   %idle
04時34分39秒    0   39.36    0.00   25.53    0.00    0.00    6.38    0.00    0.00    0.00   28.72
04時34分39秒    1   34.78    0.00   16.30    0.00    0.00    2.17    0.00    0.00    0.00   46.74

04時34分39秒  CPU    %usr   %nice    %sys %iowait    %irq   %soft  %steal  %guest  %gnice   %idle
04時34分40秒    0   40.86    0.00   26.88    0.00    0.00    7.53    0.00    0.00    0.00   24.73
04時34分40秒    1   32.61    0.00   17.39    0.00    0.00    2.17    0.00    0.00    0.00   47.83

04時34分40秒  CPU    %usr   %nice    %sys %iowait    %irq   %soft  %steal  %guest  %gnice   %idle
04時34分41秒    0   38.46    0.00   28.57    0.00    0.00    6.59    0.00    0.00    0.00   26.37
04時34分41秒    1   37.78    0.00   13.33    0.00    0.00    1.11    0.00    0.00    0.00   47.78

04時34分41秒  CPU    %usr   %nice    %sys %iowait    %irq   %soft  %steal  %guest  %gnice   %idle
04時34分42秒    0   37.78    0.00   27.78    0.00    0.00    5.56    0.00    0.00    0.00   28.89
04時34分42秒    1   30.43    0.00   18.48    0.00    0.00    2.17    0.00    0.00    0.00   48.91

04時34分42秒  CPU    %usr   %nice    %sys %iowait    %irq   %soft  %steal  %guest  %gnice   %idle
04時34分43秒    0   38.04    0.00   26.09    0.00    0.00    6.52    0.00    0.00    0.00   29.35
04時34分43秒    1   32.97    0.00   15.38    0.00    0.00    2.20    0.00    0.00    0.00   49.45

04時34分43秒  CPU    %usr   %nice    %sys %iowait    %irq   %soft  %steal  %guest  %gnice   %idle
04時34分44秒    0   38.46    0.00   27.47    0.00    0.00    5.49    0.00    0.00    0.00   28.57
04時34分44秒    1   30.43    0.00   18.48    0.00    0.00    2.17    0.00    0.00    0.00   48.91

04時34分44秒  CPU    %usr   %nice    %sys %iowait    %irq   %soft  %steal  %guest  %gnice   %idle
04時34分45秒    0   39.78    0.00   26.88    0.00    0.00    6.45    0.00    0.00    0.00   26.88
04時34分45秒    1   35.16    0.00   15.38    0.00    0.00    1.10    0.00    0.00    0.00   48.35

04時34分45秒  CPU    %usr   %nice    %sys %iowait    %irq   %soft  %steal  %guest  %gnice   %idle
04時34分46秒    0   37.23    0.00   26.60    0.00    0.00    6.38    0.00    0.00    0.00   29.79
04時34分46秒    1   28.26    0.00   18.48    0.00    0.00    2.17    0.00    0.00    0.00   51.09

04時34分46秒  CPU    %usr   %nice    %sys %iowait    %irq   %soft  %steal  %guest  %gnice   %idle
04時34分47秒    0   36.17    0.00   29.79    0.00    0.00    6.38    0.00    0.00    0.00   27.66
04時34分47秒    1   31.52    0.00   17.39    0.00    0.00    2.17    0.00    0.00    0.00   48.91

04時34分47秒  CPU    %usr   %nice    %sys %iowait    %irq   %soft  %steal  %guest  %gnice   %idle
04時34分48秒    0   38.30    0.00   28.72    0.00    0.00    6.38    0.00    0.00    0.00   26.60
04時34分48秒    1   33.70    0.00   15.22    0.00    0.00    2.17    0.00    0.00    0.00   48.91

04時34分48秒  CPU    %usr   %nice    %sys %iowait    %irq   %soft  %steal  %guest  %gnice   %idle
04時34分49秒    0   40.22    0.00   25.00    0.00    0.00    6.52    0.00    0.00    0.00   28.26
04時34分49秒    1   34.78    0.00   15.22    0.00    0.00    1.09    0.00    0.00    0.00   48.91

04時34分49秒  CPU    %usr   %nice    %sys %iowait    %irq   %soft  %steal  %guest  %gnice   %idle
04時34分50秒    0   34.38    0.00   32.29    0.00    0.00    7.29    0.00    0.00    0.00   26.04
04時34分50秒    1   32.97    0.00   16.48    0.00    0.00    2.20    0.00    0.00    0.00   48.35

04時34分50秒  CPU    %usr   %nice    %sys %iowait    %irq   %soft  %steal  %guest  %gnice   %idle
04時34分51秒    0   42.70    0.00   25.84    0.00    0.00    6.74    0.00    0.00    0.00   24.72
04時34分51秒    1   35.87    0.00   14.13    0.00    0.00    2.17    0.00    0.00    0.00   47.83

04時34分51秒  CPU    %usr   %nice    %sys %iowait    %irq   %soft  %steal  %guest  %gnice   %idle
04時34分52秒    0   37.36    0.00   28.57    0.00    0.00    6.59    0.00    0.00    0.00   27.47
04時34分52秒    1   34.83    0.00   13.48    0.00    0.00    2.25    0.00    0.00    0.00   49.44

04時34分52秒  CPU    %usr   %nice    %sys %iowait    %irq   %soft  %steal  %guest  %gnice   %idle
04時34分53秒    0   34.44    0.00   27.78    0.00    0.00    6.67    0.00    0.00    0.00   31.11
04時34分53秒    1   34.07    0.00   13.19    0.00    0.00    1.10    0.00    0.00    0.00   51.65

04時34分53秒  CPU    %usr   %nice    %sys %iowait    %irq   %soft  %steal  %guest  %gnice   %idle
04時34分54秒    0   39.36    0.00   29.79    0.00    0.00    6.38    0.00    0.00    0.00   24.47
04時34分54秒    1   34.07    0.00   15.38    0.00    0.00    2.20    0.00    0.00    0.00   48.35

04時34分54秒  CPU    %usr   %nice    %sys %iowait    %irq   %soft  %steal  %guest  %gnice   %idle
04時34分55秒    0   38.54    0.00   27.08    0.00    1.04    7.29    0.00    0.00    0.00   26.04
04時34分55秒    1   35.16    0.00   14.29    0.00    0.00    2.20    0.00    0.00    0.00   48.35

04時34分55秒  CPU    %usr   %nice    %sys %iowait    %irq   %soft  %steal  %guest  %gnice   %idle
04時34分56秒    0   36.56    0.00   30.11    0.00    0.00    6.45    0.00    0.00    0.00   26.88
04時34分56秒    1   35.87    0.00   15.22    0.00    0.00    1.09    0.00    0.00    0.00   47.83

04時34分56秒  CPU    %usr   %nice    %sys %iowait    %irq   %soft  %steal  %guest  %gnice   %idle
04時34分57秒    0   36.67    0.00   27.78    0.00    0.00    6.67    0.00    0.00    0.00   28.89
04時34分57秒    1   32.61    0.00   19.57    0.00    0.00    2.17    0.00    0.00    0.00   45.65

04時34分57秒  CPU    %usr   %nice    %sys %iowait    %irq   %soft  %steal  %guest  %gnice   %idle
04時34分58秒    0   35.87    0.00   30.43    0.00    0.00    6.52    0.00    0.00    0.00   27.17
04時34分58秒    1   31.52    0.00   16.30    0.00    0.00    2.17    0.00    0.00    0.00   50.00

04時34分58秒  CPU    %usr   %nice    %sys %iowait    %irq   %soft  %steal  %guest  %gnice   %idle
04時34分59秒    0   38.20    0.00   23.60    0.00    0.00    6.74    0.00    0.00    0.00   31.46
04時34分59秒    1   35.48    0.00   15.05    0.00    0.00    2.15    0.00    0.00    0.00   47.31

04時34分59秒  CPU    %usr   %nice    %sys %iowait    %irq   %soft  %steal  %guest  %gnice   %idle
04時35分00秒    0   37.23    0.00   30.85    0.00    0.00    7.45    0.00    0.00    0.00   24.47
04時35分00秒    1   30.34    0.00   17.98    0.00    0.00    1.12    0.00    0.00    0.00   50.56

04時35分00秒  CPU    %usr   %nice    %sys %iowait    %irq   %soft  %steal  %guest  %gnice   %idle
04時35分01秒    0   35.87    0.00   30.43    0.00    0.00    6.52    0.00    0.00    0.00   27.17
04時35分01秒    1   36.96    0.00   13.04    0.00    0.00    2.17    0.00    0.00    0.00   47.83

04時35分01秒  CPU    %usr   %nice    %sys %iowait    %irq   %soft  %steal  %guest  %gnice   %idle
04時35分02秒    0   39.78    0.00   25.81    0.00    0.00    6.45    0.00    0.00    0.00   27.96
04時35分02秒    1   30.77    0.00   16.48    0.00    0.00    2.20    0.00    0.00    0.00   50.55

04時35分02秒  CPU    %usr   %nice    %sys %iowait    %irq   %soft  %steal  %guest  %gnice   %idle
04時35分03秒    0   42.39    0.00   23.91    0.00    0.00    6.52    0.00    0.00    0.00   27.17
04時35分03秒    1   37.63    0.00   12.90    0.00    0.00    2.15    0.00    0.00    0.00   47.31

04時35分03秒  CPU    %usr   %nice    %sys %iowait    %irq   %soft  %steal  %guest  %gnice   %idle
04時35分04秒    0   36.56    0.00   29.03    0.00    0.00    7.53    0.00    0.00    0.00   26.88
04時35分04秒    1   32.97    0.00   15.38    0.00    1.10    1.10    0.00    0.00    0.00   49.45

04時35分04秒  CPU    %usr   %nice    %sys %iowait    %irq   %soft  %steal  %guest  %gnice   %idle
04時35分05秒    0   36.96    0.00   30.43    0.00    0.00    6.52    0.00    0.00    0.00   26.09
04時35分05秒    1   32.61    0.00   17.39    0.00    0.00    2.17    0.00    0.00    0.00   47.83

04時35分05秒  CPU    %usr   %nice    %sys %iowait    %irq   %soft  %steal  %guest  %gnice   %idle
04時35分06秒    0   42.39    0.00   25.00    0.00    0.00    6.52    0.00    0.00    0.00   26.09
04時35分06秒    1   33.70    0.00   16.30    0.00    0.00    2.17    0.00    0.00    0.00   47.83

04時35分06秒  CPU    %usr   %nice    %sys %iowait    %irq   %soft  %steal  %guest  %gnice   %idle
04時35分07秒    0   35.48    0.00   29.03    0.00    0.00    6.45    0.00    0.00    0.00   29.03
04時35分07秒    1   31.18    0.00   17.20    0.00    0.00    2.15    0.00    0.00    0.00   49.46

04時35分07秒  CPU    %usr   %nice    %sys %iowait    %irq   %soft  %steal  %guest  %gnice   %idle
04時35分08秒    0   38.30    0.00   28.72    0.00    0.00    7.45    0.00    0.00    0.00   25.53
04時35分08秒    1   34.07    0.00   16.48    0.00    0.00    1.10    0.00    0.00    0.00   48.35

04時35分08秒  CPU    %usr   %nice    %sys %iowait    %irq   %soft  %steal  %guest  %gnice   %idle
04時35分09秒    0   39.36    0.00   27.66    0.00    0.00    6.38    0.00    0.00    0.00   26.60
04時35分09秒    1   37.36    0.00   10.99    0.00    0.00    2.20    0.00    0.00    0.00   49.45

04時35分09秒  CPU    %usr   %nice    %sys %iowait    %irq   %soft  %steal  %guest  %gnice   %idle
04時35分10秒    0   42.39    0.00   25.00    0.00    0.00    6.52    0.00    0.00    0.00   26.09
04時35分10秒    1   31.52    0.00   17.39    0.00    0.00    2.17    0.00    0.00    0.00   48.91

04時35分10秒  CPU    %usr   %nice    %sys %iowait    %irq   %soft  %steal  %guest  %gnice   %idle
04時35分11秒    0   37.08    0.00   26.97    0.00    0.00    6.74    0.00    0.00    0.00   29.21
04時35分11秒    1   30.77    0.00   17.58    0.00    0.00    2.20    0.00    0.00    0.00   49.45

04時35分11秒  CPU    %usr   %nice    %sys %iowait    %irq   %soft  %steal  %guest  %gnice   %idle
04時35分12秒    0   40.22    0.00   25.00    0.00    0.00    6.52    0.00    0.00    0.00   28.26
04時35分12秒    1   33.33    0.00   14.44    0.00    0.00    1.11    0.00    0.00    0.00   51.11

04時35分12秒  CPU    %usr   %nice    %sys %iowait    %irq   %soft  %steal  %guest  %gnice   %idle
04時35分13秒    0   38.54    0.00   28.12    0.00    0.00    7.29    0.00    0.00    0.00   26.04
04時35分13秒    1   34.78    0.00   14.13    0.00    0.00    2.17    0.00    0.00    0.00   48.91

04時35分13秒  CPU    %usr   %nice    %sys %iowait    %irq   %soft  %steal  %guest  %gnice   %idle
04時35分14秒    0   37.63    0.00   27.96    0.00    1.08    6.45    0.00    0.00    0.00   26.88
04時35分14秒    1   35.16    0.00   14.29    0.00    0.00    2.20    0.00    0.00    0.00   48.35

04時35分14秒  CPU    %usr   %nice    %sys %iowait    %irq   %soft  %steal  %guest  %gnice   %idle
04時35分15秒    0   43.01    0.00   24.73    0.00    0.00    6.45    0.00    0.00    0.00   25.81
04時35分15秒    1   32.97    0.00   16.48    0.00    0.00    2.20    0.00    0.00    0.00   48.35

04時35分15秒  CPU    %usr   %nice    %sys %iowait    %irq   %soft  %steal  %guest  %gnice   %idle
04時35分16秒    0   36.56    0.00   30.11    0.00    0.00    6.45    0.00    0.00    0.00   26.88
04時35分16秒    1   34.78    0.00   15.22    0.00    0.00    1.09    0.00    0.00    0.00   48.91

04時35分16秒  CPU    %usr   %nice    %sys %iowait    %irq   %soft  %steal  %guest  %gnice   %idle
04時35分17秒    0   34.78    0.00   30.43    0.00    0.00    7.61    0.00    0.00    0.00   27.17
04時35分17秒    1   34.78    0.00   14.13    0.00    0.00    2.17    0.00    0.00    0.00   48.91

04時35分17秒  CPU    %usr   %nice    %sys %iowait    %irq   %soft  %steal  %guest  %gnice   %idle
04時35分18秒    0   40.66    0.00   25.27    0.00    0.00    6.59    0.00    0.00    0.00   27.47
04時35分18秒    1   35.48    0.00   15.05    0.00    0.00    2.15    0.00    0.00    0.00   47.31

04時35分18秒  CPU    %usr   %nice    %sys %iowait    %irq   %soft  %steal  %guest  %gnice   %idle
04時35分19秒    0   40.22    0.00   27.17    0.00    0.00    6.52    0.00    0.00    0.00   26.09
04時35分19秒    1   31.91    0.00   19.15    0.00    0.00    2.13    0.00    0.00    0.00   46.81

04時35分19秒  CPU    %usr   %nice    %sys %iowait    %irq   %soft  %steal  %guest  %gnice   %idle
04時35分20秒    0   41.94    0.00   24.73    0.00    0.00    6.45    0.00    0.00    0.00   26.88
04時35分20秒    1   33.33    0.00   16.67    0.00    0.00    1.11    0.00    0.00    0.00   48.89

04時35分20秒  CPU    %usr   %nice    %sys %iowait    %irq   %soft  %steal  %guest  %gnice   %idle
04時35分21秒    0   39.13    0.00   26.09    0.00    0.00    7.61    0.00    0.00    0.00   27.17
04時35分21秒    1   33.70    0.00   15.22    0.00    0.00    2.17    0.00    0.00    0.00   48.91

04時35分21秒  CPU    %usr   %nice    %sys %iowait    %irq   %soft  %steal  %guest  %gnice   %idle
04時35分22秒    0   35.48    0.00   29.03    0.00    0.00    6.45    0.00    0.00    0.00   29.03
04時35分22秒    1   31.11    0.00   16.67    0.00    0.00    2.22    0.00    0.00    0.00   50.00

04時35分22秒  CPU    %usr   %nice    %sys %iowait    %irq   %soft  %steal  %guest  %gnice   %idle
04時35分23秒    0   38.04    0.00   29.35    0.00    0.00    6.52    0.00    0.00    0.00   26.09
04時35分23秒    1   32.97    0.00   16.48    0.00    0.00    2.20    0.00    0.00    0.00   48.35

04時35分23秒  CPU    %usr   %nice    %sys %iowait    %irq   %soft  %steal  %guest  %gnice   %idle
04時35分24秒    0   40.66    0.00   25.27    0.00    0.00    6.59    0.00    0.00    0.00   27.47
04時35分24秒    1   29.67    0.00   20.88    0.00    0.00    1.10    0.00    0.00    0.00   48.35

04時35分24秒  CPU    %usr   %nice    %sys %iowait    %irq   %soft  %steal  %guest  %gnice   %idle
04時35分25秒    0   36.96    0.00   29.35    0.00    0.00    7.61    0.00    0.00    0.00   26.09
04時35分25秒    1   31.52    0.00   18.48    0.00    0.00    2.17    0.00    0.00    0.00   47.83

04時35分25秒  CPU    %usr   %nice    %sys %iowait    %irq   %soft  %steal  %guest  %gnice   %idle
04時35分26秒    0   35.48    0.00   30.11    0.00    0.00    6.45    0.00    0.00    0.00   27.96
04時35分26秒    1   38.04    0.00   11.96    0.00    0.00    2.17    0.00    0.00    0.00   47.83

04時35分26秒  CPU    %usr   %nice    %sys %iowait    %irq   %soft  %steal  %guest  %gnice   %idle
04時35分27秒    0   38.46    0.00   29.67    0.00    0.00    6.59    0.00    0.00    0.00   25.27
04時35分27秒    1   34.41    0.00   16.13    0.00    0.00    2.15    0.00    0.00    0.00   47.31

04時35分27秒  CPU    %usr   %nice    %sys %iowait    %irq   %soft  %steal  %guest  %gnice   %idle
04時35分28秒    0   36.17    0.00   30.85    0.00    0.00    7.45    0.00    0.00    0.00   25.53
04時35分28秒    1   34.78    0.00   16.30    0.00    0.00    2.17    0.00    0.00    0.00   46.74

04時35分28秒  CPU    %usr   %nice    %sys %iowait    %irq   %soft  %steal  %guest  %gnice   %idle
04時35分29秒    0   36.96    0.00   29.35    0.00    0.00    6.52    0.00    0.00    0.00   27.17
04時35分29秒    1   33.70    0.00   14.13    0.00    1.09    1.09    0.00    0.00    0.00   50.00

04時35分29秒  CPU    %usr   %nice    %sys %iowait    %irq   %soft  %steal  %guest  %gnice   %idle
04時35分30秒    0   37.36    0.00   28.57    0.00    0.00    6.59    0.00    0.00    0.00   27.47
04時35分30秒    1   32.61    0.00   17.39    0.00    0.00    2.17    0.00    0.00    0.00   47.83

04時35分30秒  CPU    %usr   %nice    %sys %iowait    %irq   %soft  %steal  %guest  %gnice   %idle
04時35分31秒    0   38.04    0.00   28.26    0.00    0.00    6.52    0.00    0.00    0.00   27.17
04時35分31秒    1   34.78    0.00   15.22    0.00    0.00    2.17    0.00    0.00    0.00   47.83

04時35分31秒  CPU    %usr   %nice    %sys %iowait    %irq   %soft  %steal  %guest  %gnice   %idle
04時35分32秒    0   34.78    0.00   30.43    0.00    0.00    7.61    0.00    0.00    0.00   27.17
04時35分32秒    1   30.00    0.00   20.00    0.00    0.00    2.22    0.00    0.00    0.00   47.78

04時35分32秒  CPU    %usr   %nice    %sys %iowait    %irq   %soft  %steal  %guest  %gnice   %idle
04時35分33秒    0   36.84    0.00   26.32    0.00    1.05    6.32    0.00    0.00    0.00   29.47
04時35分33秒    1   35.16    0.00   15.38    0.00    0.00    1.10    0.00    0.00    0.00   48.35

04時35分33秒  CPU    %usr   %nice    %sys %iowait    %irq   %soft  %steal  %guest  %gnice   %idle
04時35分34秒    0   42.55    0.00   26.60    0.00    0.00    6.38    0.00    0.00    0.00   24.47
04時35分34秒    1   33.33    0.00   16.13    0.00    0.00    2.15    0.00    0.00    0.00   48.39

04時35分34秒  CPU    %usr   %nice    %sys %iowait    %irq   %soft  %steal  %guest  %gnice   %idle
04時35分35秒    0   38.46    0.00   23.08    0.00    0.00    6.59    0.00    0.00    0.00   31.87
04時35分35秒    1   29.03    0.00   20.43    0.00    0.00    2.15    0.00    0.00    0.00   48.39

04時35分35秒  CPU    %usr   %nice    %sys %iowait    %irq   %soft  %steal  %guest  %gnice   %idle
04時35分36秒    0   36.96    0.00   28.26    0.00    0.00    6.52    0.00    0.00    0.00   28.26
04時35分36秒    1   32.58    0.00   14.61    0.00    0.00    1.12    0.00    0.00    0.00   51.69

04時35分36秒  CPU    %usr   %nice    %sys %iowait    %irq   %soft  %steal  %guest  %gnice   %idle
04時35分37秒    0   41.94    0.00   24.73    0.00    0.00    6.45    0.00    0.00    0.00   26.88
04時35分37秒    1   34.78    0.00   14.13    0.00    0.00    2.17    0.00    0.00    0.00   48.91

04時35分37秒  CPU    %usr   %nice    %sys %iowait    %irq   %soft  %steal  %guest  %gnice   %idle
04時35分38秒    0   35.87    0.00   30.43    0.00    0.00    6.52    0.00    0.00    0.00   27.17
04時35分38秒    1   36.17    0.00   13.83    0.00    0.00    2.13    0.00    0.00    0.00   47.87

04時35分38秒  CPU    %usr   %nice    %sys %iowait    %irq   %soft  %steal  %guest  %gnice   %idle
04時35分39秒    0   37.63    0.00   29.03    0.00    0.00    7.53    0.00    0.00    0.00   25.81
04時35分39秒    1   34.07    0.00   16.48    0.00    0.00    2.20    0.00    0.00    0.00   47.25

04時35分39秒  CPU    %usr   %nice    %sys %iowait    %irq   %soft  %steal  %guest  %gnice   %idle
04時35分40秒    0   35.56    0.00   27.78    0.00    0.00    6.67    0.00    0.00    0.00   30.00
04時35分40秒    1   33.71    0.00   13.48    0.00    0.00    1.12    0.00    0.00    0.00   51.69

04時35分40秒  CPU    %usr   %nice    %sys %iowait    %irq   %soft  %steal  %guest  %gnice   %idle
04時35分41秒    0   33.33    0.00   33.33    0.00    0.00    6.45    0.00    0.00    0.00   26.88
04時35分41秒    1   38.30    0.00   10.64    0.00    0.00    2.13    0.00    0.00    0.00   48.94

04時35分41秒  CPU    %usr   %nice    %sys %iowait    %irq   %soft  %steal  %guest  %gnice   %idle
04時35分42秒    0   38.04    0.00   30.43    0.00    0.00    6.52    0.00    0.00    0.00   25.00
04時35分42秒    1   36.26    0.00   14.29    0.00    0.00    2.20    0.00    0.00    0.00   47.25

04時35分42秒  CPU    %usr   %nice    %sys %iowait    %irq   %soft  %steal  %guest  %gnice   %idle
04時35分43秒    0   39.36    0.00   25.53    0.00    0.00    7.45    0.00    0.00    0.00   27.66
04時35分43秒    1   36.96    0.00   11.96    0.00    0.00    2.17    0.00    0.00    0.00   48.91

04時35分43秒  CPU    %usr   %nice    %sys %iowait    %irq   %soft  %steal  %guest  %gnice   %idle
04時35分44秒    0   35.16    0.00   30.77    0.00    0.00    6.59    0.00    0.00    0.00   27.47
04時35分44秒    1   32.61    0.00   17.39    0.00    0.00    1.09    0.00    0.00    0.00   48.91

04時35分44秒  CPU    %usr   %nice    %sys %iowait    %irq   %soft  %steal  %guest  %gnice   %idle
04時35分45秒    0   36.96    0.00   26.09    0.00    0.00    6.52    0.00    0.00    0.00   30.43
04時35分45秒    1   34.07    0.00   16.48    0.00    0.00    2.20    0.00    0.00    0.00   47.25

04時35分45秒  CPU    %usr   %nice    %sys %iowait    %irq   %soft  %steal  %guest  %gnice   %idle
04時35分46秒    0   40.43    0.00   27.66    0.00    0.00    6.38    0.00    0.00    0.00   25.53
04時35分46秒    1   36.26    0.00   12.09    0.00    0.00    2.20    0.00    0.00    0.00   49.45

04時35分46秒  CPU    %usr   %nice    %sys %iowait    %irq   %soft  %steal  %guest  %gnice   %idle
04時35分47秒    0   35.63    0.00   27.59    0.00    0.00    6.90    0.00    0.00    0.00   29.89
04時35分47秒    1   32.61    0.00   17.39    0.00    0.00    1.09    0.00    0.00    0.00   48.91

04時35分47秒  CPU    %usr   %nice    %sys %iowait    %irq   %soft  %steal  %guest  %gnice   %idle
04時35分48秒    0   36.26    0.00   27.47    0.00    0.00    6.59    0.00    0.00    0.00   29.67
04時35分48秒    1   31.52    0.00   17.39    0.00    0.00    2.17    0.00    0.00    0.00   48.91

04時35分48秒  CPU    %usr   %nice    %sys %iowait    %irq   %soft  %steal  %guest  %gnice   %idle
04時35分49秒    0   37.23    0.00   29.79    0.00    0.00    7.45    0.00    0.00    0.00   25.53
04時35分49秒    1   34.41    0.00   16.13    0.00    0.00    2.15    0.00    0.00    0.00   47.31

04時35分49秒  CPU    %usr   %nice    %sys %iowait    %irq   %soft  %steal  %guest  %gnice   %idle
04時35分50秒    0   36.96    0.00   28.26    0.00    0.00    6.52    0.00    0.00    0.00   28.26
04時35分50秒    1   32.61    0.00   16.30    0.00    0.00    2.17    0.00    0.00    0.00   48.91

04時35分50秒  CPU    %usr   %nice    %sys %iowait    %irq   %soft  %steal  %guest  %gnice   %idle
04時35分51秒    0   37.23    0.00   30.85    0.00    0.00    6.38    0.00    0.00    0.00   25.53
04時35分51秒    1   36.56    0.00   16.13    0.00    0.00    2.15    0.00    0.00    0.00   45.16

04時35分51秒  CPU    %usr   %nice    %sys %iowait    %irq   %soft  %steal  %guest  %gnice   %idle
04時35分52秒    0   36.56    0.00   29.03    0.00    1.08    7.53    0.00    0.00    0.00   25.81
04時35分52秒    1   32.22    0.00   17.78    0.00    0.00    1.11    0.00    0.00    0.00   48.89

04時35分52秒  CPU    %usr   %nice    %sys %iowait    %irq   %soft  %steal  %guest  %gnice   %idle
04時35分53秒    0   38.04    0.00   28.26    0.00    0.00    6.52    0.00    0.00    0.00   27.17
04時35分53秒    1   35.48    0.00   15.05    0.00    0.00    2.15    0.00    0.00    0.00   47.31

04時35分53秒  CPU    %usr   %nice    %sys %iowait    %irq   %soft  %steal  %guest  %gnice   %idle
04時35分54秒    0   36.26    0.00   28.57    0.00    0.00    6.59    0.00    0.00    0.00   28.57
04時35分54秒    1   34.07    0.00   14.29    0.00    0.00    2.20    0.00    0.00    0.00   49.45

04時35分54秒  CPU    %usr   %nice    %sys %iowait    %irq   %soft  %steal  %guest  %gnice   %idle
04時35分55秒    0   34.41    0.00   32.26    0.00    0.00    6.45    0.00    0.00    0.00   26.88
04時35分55秒    1   35.56    0.00   15.56    0.00    0.00    2.22    0.00    0.00    0.00   46.67

04時35分55秒  CPU    %usr   %nice    %sys %iowait    %irq   %soft  %steal  %guest  %gnice   %idle
04時35分56秒    0   39.56    0.00   27.47    0.00    0.00    7.69    0.00    0.00    0.00   25.27
04時35分56秒    1   35.16    0.00   17.58    0.00    1.10    1.10    0.00    0.00    0.00   45.05

04時35分56秒  CPU    %usr   %nice    %sys %iowait    %irq   %soft  %steal  %guest  %gnice   %idle
04時35分57秒    0   38.14    0.00   30.93    0.00    0.00    6.19    0.00    0.00    0.00   24.74
04時35分57秒    1   32.61    0.00   17.39    0.00    0.00    2.17    0.00    0.00    0.00   47.83

04時35分57秒  CPU    %usr   %nice    %sys %iowait    %irq   %soft  %steal  %guest  %gnice   %idle
04時35分58秒    0   33.71    0.00   31.46    0.00    0.00    6.74    0.00    0.00    0.00   28.09
04時35分58秒    1   32.61    0.00   16.30    0.00    0.00    2.17    0.00    0.00    0.00   48.91

04時35分58秒  CPU    %usr   %nice    %sys %iowait    %irq   %soft  %steal  %guest  %gnice   %idle
04時35分59秒    0   41.11    0.00   24.44    0.00    0.00    6.67    0.00    0.00    0.00   27.78
04時35分59秒    1   35.48    0.00   13.98    0.00    0.00    2.15    0.00    0.00    0.00   48.39

04時35分59秒  CPU    %usr   %nice    %sys %iowait    %irq   %soft  %steal  %guest  %gnice   %idle
04時36分00秒    0   37.36    0.00   27.47    0.00    0.00    6.59    0.00    0.00    0.00   28.57
04時36分00秒    1   31.11    0.00   17.78    0.00    0.00    1.11    0.00    0.00    0.00   50.00

04時36分00秒  CPU    %usr   %nice    %sys %iowait    %irq   %soft  %steal  %guest  %gnice   %idle
04時36分01秒    0   43.33    0.00   21.11    0.00    0.00    7.78    0.00    0.00    0.00   27.78
04時36分01秒    1   33.71    0.00   13.48    0.00    0.00    2.25    0.00    0.00    0.00   50.56

04時36分01秒  CPU    %usr   %nice    %sys %iowait    %irq   %soft  %steal  %guest  %gnice   %idle
04時36分02秒    0   35.87    0.00   30.43    0.00    0.00    6.52    0.00    0.00    0.00   27.17
04時36分02秒    1   31.52    0.00   18.48    0.00    0.00    2.17    0.00    0.00    0.00   47.83

04時36分02秒  CPU    %usr   %nice    %sys %iowait    %irq   %soft  %steal  %guest  %gnice   %idle
04時36分03秒    0   41.76    0.00   25.27    0.00    0.00    6.59    0.00    0.00    0.00   26.37
04時36分03秒    1   33.33    0.00   17.20    0.00    0.00    2.15    0.00    0.00    0.00   47.31

04時36分03秒  CPU    %usr   %nice    %sys %iowait    %irq   %soft  %steal  %guest  %gnice   %idle
04時36分04秒    0   36.96    0.00   29.35    0.00    0.00    7.61    0.00    0.00    0.00   26.09
04時36分04秒    1   34.41    0.00   16.13    0.00    0.00    2.15    0.00    0.00    0.00   47.31

04時36分04秒  CPU    %usr   %nice    %sys %iowait    %irq   %soft  %steal  %guest  %gnice   %idle
04時36分05秒    0   38.20    0.00   28.09    0.00    0.00    6.74    0.00    0.00    0.00   26.97
04時36分05秒    1   33.33    0.00   17.78    0.00    0.00    1.11    0.00    0.00    0.00   47.78

04時36分05秒  CPU    %usr   %nice    %sys %iowait    %irq   %soft  %steal  %guest  %gnice   %idle
04時36分06秒    0   40.43    0.00   25.53    0.00    0.00    6.38    0.00    0.00    0.00   27.66
04時36分06秒    1   32.97    0.00   16.48    0.00    0.00    2.20    0.00    0.00    0.00   48.35

04時36分06秒  CPU    %usr   %nice    %sys %iowait    %irq   %soft  %steal  %guest  %gnice   %idle
04時36分07秒    0   44.57    0.00   23.91    0.00    0.00    6.52    0.00    0.00    0.00   25.00
04時36分07秒    1   35.16    0.00   14.29    0.00    0.00    2.20    0.00    0.00    0.00   48.35

04時36分07秒  CPU    %usr   %nice    %sys %iowait    %irq   %soft  %steal  %guest  %gnice   %idle
04時36分08秒    0   42.70    0.00   22.47    0.00    0.00    6.74    0.00    0.00    0.00   28.09
04時36分08秒    1   35.48    0.00   13.98    0.00    0.00    2.15    0.00    0.00    0.00   48.39

04時36分08秒  CPU    %usr   %nice    %sys %iowait    %irq   %soft  %steal  %guest  %gnice   %idle
04時36分09秒    0   31.91    0.00   32.98    0.00    0.00    7.45    0.00    0.00    0.00   27.66
04時36分09秒    1   34.07    0.00   16.48    0.00    0.00    1.10    0.00    0.00    0.00   48.35

04時36分09秒  CPU    %usr   %nice    %sys %iowait    %irq   %soft  %steal  %guest  %gnice   %idle
04時36分10秒    0   39.13    0.00   28.26    0.00    0.00    6.52    0.00    0.00    0.00   26.09
04時36分10秒    1   32.97    0.00   15.38    0.00    0.00    2.20    0.00    0.00    0.00   49.45

04時36分10秒  CPU    %usr   %nice    %sys %iowait    %irq   %soft  %steal  %guest  %gnice   %idle
04時36分11秒    0   37.63    0.00   27.96    0.00    1.08    6.45    0.00    0.00    0.00   26.88
04時36分11秒    1   34.07    0.00   15.38    0.00    0.00    2.20    0.00    0.00    0.00   48.35

04時36分11秒  CPU    %usr   %nice    %sys %iowait    %irq   %soft  %steal  %guest  %gnice   %idle
04時36分12秒    0   39.36    0.00   27.66    0.00    0.00    7.45    0.00    0.00    0.00   25.53
04時36分12秒    1   34.07    0.00   15.38    0.00    0.00    2.20    0.00    0.00    0.00   48.35

04時36分12秒  CPU    %usr   %nice    %sys %iowait    %irq   %soft  %steal  %guest  %gnice   %idle
04時36分13秒    0   42.22    0.00   23.33    0.00    0.00    6.67    0.00    0.00    0.00   27.78
04時36分13秒    1   34.83    0.00   15.73    0.00    0.00    1.12    0.00    0.00    0.00   48.31

04時36分13秒  CPU    %usr   %nice    %sys %iowait    %irq   %soft  %steal  %guest  %gnice   %idle
04時36分14秒    0   38.95    0.00   29.47    0.00    0.00    6.32    0.00    0.00    0.00   25.26
04時36分14秒    1   32.61    0.00   17.39    0.00    0.00    2.17    0.00    0.00    0.00   47.83

04時36分14秒  CPU    %usr   %nice    %sys %iowait    %irq   %soft  %steal  %guest  %gnice   %idle
04時36分15秒    0   34.09    0.00   32.95    0.00    0.00    6.82    0.00    0.00    0.00   26.14
04時36分15秒    1   32.97    0.00   17.58    0.00    0.00    2.20    0.00    0.00    0.00   47.25

04時36分15秒  CPU    %usr   %nice    %sys %iowait    %irq   %soft  %steal  %guest  %gnice   %idle
04時36分16秒    0   34.78    0.00   28.26    0.00    0.00    7.61    0.00    0.00    0.00   29.35
04時36分16秒    1   34.07    0.00   14.29    0.00    0.00    2.20    0.00    0.00    0.00   49.45

04時36分16秒  CPU    %usr   %nice    %sys %iowait    %irq   %soft  %steal  %guest  %gnice   %idle
04時36分17秒    0   35.48    0.00   30.11    1.08    0.00    6.45    0.00    0.00    0.00   26.88
04時36分17秒    1   32.97    0.00   16.48    0.00    0.00    1.10    0.00    0.00    0.00   49.45

04時36分17秒  CPU    %usr   %nice    %sys %iowait    %irq   %soft  %steal  %guest  %gnice   %idle
04時36分18秒    0   38.04    0.00   26.09    0.00    0.00    6.52    0.00    0.00    0.00   29.35
04時36分18秒    1   30.77    0.00   16.48    0.00    1.10    2.20    0.00    0.00    0.00   49.45

04時36分18秒  CPU    %usr   %nice    %sys %iowait    %irq   %soft  %steal  %guest  %gnice   %idle
04時36分19秒    0   37.78    0.00   26.67    0.00    0.00    6.67    0.00    0.00    0.00   28.89
04時36分19秒    1   36.56    0.00   13.98    0.00    0.00    2.15    0.00    0.00    0.00   47.31

04時36分19秒  CPU    %usr   %nice    %sys %iowait    %irq   %soft  %steal  %guest  %gnice   %idle
04時36分20秒    0   37.36    0.00   31.87    0.00    0.00    6.59    0.00    0.00    0.00   24.18
04時36分20秒    1   34.41    0.00   17.20    0.00    0.00    2.15    0.00    0.00    0.00   46.24

04時36分20秒  CPU    %usr   %nice    %sys %iowait    %irq   %soft  %steal  %guest  %gnice   %idle
04時36分21秒    0   36.17    0.00   29.79    0.00    0.00    7.45    0.00    0.00    0.00   26.60
04時36分21秒    1   35.96    0.00   12.36    0.00    0.00    1.12    0.00    0.00    0.00   50.56

04時36分21秒  CPU    %usr   %nice    %sys %iowait    %irq   %soft  %steal  %guest  %gnice   %idle
04時36分22秒    0   37.36    0.00   28.57    0.00    0.00    6.59    0.00    0.00    0.00   27.47
04時36分22秒    1   31.87    0.00   17.58    0.00    0.00    2.20    0.00    0.00    0.00   48.35

04時36分22秒  CPU    %usr   %nice    %sys %iowait    %irq   %soft  %steal  %guest  %gnice   %idle
04時36分23秒    0   38.46    0.00   27.47    0.00    0.00    6.59    0.00    0.00    0.00   27.47
04時36分23秒    1   36.96    0.00   13.04    0.00    0.00    2.17    0.00    0.00    0.00   47.83

04時36分23秒  CPU    %usr   %nice    %sys %iowait    %irq   %soft  %steal  %guest  %gnice   %idle
04時36分24秒    0   39.78    0.00   26.88    0.00    0.00    6.45    0.00    0.00    0.00   26.88
04時36分24秒    1   34.41    0.00   16.13    0.00    0.00    2.15    0.00    0.00    0.00   47.31

04時36分24秒  CPU    %usr   %nice    %sys %iowait    %irq   %soft  %steal  %guest  %gnice   %idle
04時36分25秒    0   36.67    0.00   27.78    0.00    0.00    6.67    0.00    0.00    0.00   28.89
04時36分25秒    1   32.22    0.00   16.67    0.00    0.00    1.11    0.00    0.00    0.00   50.00

04時36分25秒  CPU    %usr   %nice    %sys %iowait    %irq   %soft  %steal  %guest  %gnice   %idle
04時36分26秒    0   39.36    0.00   27.66    0.00    0.00    7.45    0.00    0.00    0.00   25.53
04時36分26秒    1   31.87    0.00   17.58    0.00    0.00    2.20    0.00    0.00    0.00   48.35

04時36分26秒  CPU    %usr   %nice    %sys %iowait    %irq   %soft  %steal  %guest  %gnice   %idle
04時36分27秒    0   36.36    0.00   27.27    0.00    0.00    6.82    0.00    0.00    0.00   29.55
04時36分27秒    1   34.41    0.00   15.05    0.00    0.00    2.15    0.00    0.00    0.00   48.39

04時36分27秒  CPU    %usr   %nice    %sys %iowait    %irq   %soft  %steal  %guest  %gnice   %idle
04時36分28秒    0   39.13    0.00   28.26    0.00    0.00    6.52    0.00    0.00    0.00   26.09
04時36分28秒    1   31.52    0.00   18.48    0.00    1.09    2.17    0.00    0.00    0.00   46.74

04時36分28秒  CPU    %usr   %nice    %sys %iowait    %irq   %soft  %steal  %guest  %gnice   %idle
04時36分29秒    0   38.04    0.00   28.26    0.00    0.00    6.52    0.00    0.00    0.00   27.17
04時36分29秒    1   31.52    0.00   17.39    0.00    0.00    2.17    0.00    0.00    0.00   48.91

平均時間：  CPU    %usr   %nice    %sys %iowait    %irq   %soft  %steal  %guest  %gnice   %idle
平均時間：    0   38.01    0.00   27.96    0.01    0.05    6.70    0.00    0.00    0.00   27.26
平均時間：    1   33.67    0.00   15.89    0.00    0.05    1.92    0.00    0.00    0.00   48.47
