Linux 5.6.15-arch1-1 (archlinux) 	西元2020年06月29日 	_x86_64_	(12 CPU)

09時30分15秒  CPU    %usr   %nice    %sys %iowait    %irq   %soft  %steal  %guest  %gnice   %idle
09時30分16秒    0   50.00    0.00   35.42    0.00    0.00    7.29    0.00    0.00    0.00    7.29
09時30分16秒    1   47.83    0.00   17.39    0.00    0.00    2.17    0.00    0.00    0.00   32.61

09時30分16秒  CPU    %usr   %nice    %sys %iowait    %irq   %soft  %steal  %guest  %gnice   %idle
09時30分17秒    0   52.53    0.00   32.32    0.00    0.00    8.08    0.00    0.00    0.00    7.07
09時30分17秒    1   46.32    0.00   18.95    0.00    0.00    3.16    0.00    0.00    0.00   31.58

09時30分17秒  CPU    %usr   %nice    %sys %iowait    %irq   %soft  %steal  %guest  %gnice   %idle
09時30分18秒    0   48.48    0.00   38.38    0.00    0.00    8.08    0.00    0.00    0.00    5.05
09時30分18秒    1   49.46    0.00   17.20    0.00    0.00    2.15    0.00    0.00    0.00   31.18

09時30分18秒  CPU    %usr   %nice    %sys %iowait    %irq   %soft  %steal  %guest  %gnice   %idle
09時30分19秒    0   56.12    0.00   33.67    0.00    0.00    8.16    0.00    0.00    0.00    2.04
09時30分19秒    1   49.47    0.00   17.89    0.00    1.05    2.11    0.00    0.00    0.00   29.47

09時30分19秒  CPU    %usr   %nice    %sys %iowait    %irq   %soft  %steal  %guest  %gnice   %idle
09時30分20秒    0   50.51    0.00   35.35    0.00    0.00    8.08    0.00    0.00    0.00    6.06
09時30分20秒    1   46.24    0.00   20.43    0.00    0.00    2.15    0.00    0.00    0.00   31.18

09時30分20秒  CPU    %usr   %nice    %sys %iowait    %irq   %soft  %steal  %guest  %gnice   %idle
09時30分21秒    0   47.96    0.00   37.76    0.00    0.00    8.16    0.00    0.00    0.00    6.12
09時30分21秒    1   50.53    0.00   14.74    0.00    0.00    3.16    0.00    0.00    0.00   31.58

09時30分21秒  CPU    %usr   %nice    %sys %iowait    %irq   %soft  %steal  %guest  %gnice   %idle
09時30分22秒    0   49.48    0.00   36.08    0.00    0.00    8.25    0.00    0.00    0.00    6.19
09時30分22秒    1   46.74    0.00   19.57    0.00    0.00    2.17    0.00    0.00    0.00   31.52

09時30分22秒  CPU    %usr   %nice    %sys %iowait    %irq   %soft  %steal  %guest  %gnice   %idle
09時30分23秒    0   47.00    0.00   38.00    0.00    0.00    8.00    0.00    0.00    0.00    7.00
09時30分23秒    1   47.31    0.00   18.28    0.00    0.00    2.15    0.00    0.00    0.00   32.26

09時30分23秒  CPU    %usr   %nice    %sys %iowait    %irq   %soft  %steal  %guest  %gnice   %idle
09時30分24秒    0   49.48    0.00   32.99    0.00    0.00    8.25    0.00    0.00    0.00    9.28
09時30分24秒    1   50.00    0.00   32.29    0.00    0.00    2.08    0.00    0.00    0.00   15.62

09時30分24秒  CPU    %usr   %nice    %sys %iowait    %irq   %soft  %steal  %guest  %gnice   %idle
09時30分25秒    0   50.00    0.00   35.71    0.00    0.00    8.16    0.00    0.00    0.00    6.12
09時30分25秒    1   55.56    0.00   43.43    0.00    0.00    1.01    0.00    0.00    0.00    0.00

09時30分25秒  CPU    %usr   %nice    %sys %iowait    %irq   %soft  %steal  %guest  %gnice   %idle
09時30分26秒    0   46.94    0.00   37.76    0.00    0.00    8.16    0.00    0.00    0.00    7.14
09時30分26秒    1   53.54    0.00   41.41    0.00    0.00    1.01    0.00    0.00    0.00    4.04

09時30分26秒  CPU    %usr   %nice    %sys %iowait    %irq   %soft  %steal  %guest  %gnice   %idle
09時30分27秒    0   48.48    0.00   35.35    0.00    1.01    8.08    0.00    0.00    0.00    7.07
09時30分27秒    1   52.04    0.00   38.78    0.00    0.00    2.04    0.00    0.00    0.00    7.14

09時30分27秒  CPU    %usr   %nice    %sys %iowait    %irq   %soft  %steal  %guest  %gnice   %idle
09時30分28秒    0   50.51    0.00   37.37    0.00    0.00    9.09    0.00    0.00    0.00    3.03
09時30分28秒    1   45.16    0.00   22.58    0.00    0.00    3.23    0.00    0.00    0.00   29.03

09時30分28秒  CPU    %usr   %nice    %sys %iowait    %irq   %soft  %steal  %guest  %gnice   %idle
09時30分29秒    0   50.51    0.00   38.38    0.00    0.00    8.08    0.00    0.00    0.00    3.03
09時30分29秒    1   51.04    0.00   17.71    0.00    0.00    3.12    0.00    0.00    0.00   28.12

09時30分29秒  CPU    %usr   %nice    %sys %iowait    %irq   %soft  %steal  %guest  %gnice   %idle
09時30分30秒    0   50.00    0.00   40.00    0.00    0.00    8.00    0.00    0.00    0.00    2.00
09時30分30秒    1   44.94    0.00   21.35    0.00    0.00    2.25    0.00    0.00    0.00   31.46

09時30分30秒  CPU    %usr   %nice    %sys %iowait    %irq   %soft  %steal  %guest  %gnice   %idle
09時30分31秒    0   50.00    0.00   36.73    0.00    0.00    8.16    0.00    0.00    0.00    5.10
09時30分31秒    1   45.26    0.00   21.05    0.00    0.00    3.16    0.00    0.00    0.00   30.53

09時30分31秒  CPU    %usr   %nice    %sys %iowait    %irq   %soft  %steal  %guest  %gnice   %idle
09時30分32秒    0   50.51    0.00   34.34    0.00    0.00    8.08    0.00    0.00    0.00    7.07
09時30分32秒    1   46.24    0.00   20.43    0.00    0.00    2.15    0.00    0.00    0.00   31.18

09時30分32秒  CPU    %usr   %nice    %sys %iowait    %irq   %soft  %steal  %guest  %gnice   %idle
09時30分33秒    0   50.00    0.00   37.76    0.00    0.00    8.16    0.00    0.00    0.00    4.08
09時30分33秒    1   46.81    0.00   18.09    0.00    1.06    2.13    0.00    0.00    0.00   31.91

09時30分33秒  CPU    %usr   %nice    %sys %iowait    %irq   %soft  %steal  %guest  %gnice   %idle
09時30分34秒    0   50.53    0.00   33.68    0.00    0.00    8.42    0.00    0.00    0.00    7.37
09時30分34秒    1   48.45    0.00   17.53    0.00    0.00    3.09    0.00    0.00    0.00   30.93

09時30分34秒  CPU    %usr   %nice    %sys %iowait    %irq   %soft  %steal  %guest  %gnice   %idle
09時30分35秒    0   56.70    0.00   29.90    0.00    0.00    8.25    0.00    0.00    0.00    5.15
09時30分35秒    1   50.54    0.00   17.20    0.00    0.00    2.15    0.00    0.00    0.00   30.11

09時30分35秒  CPU    %usr   %nice    %sys %iowait    %irq   %soft  %steal  %guest  %gnice   %idle
09時30分36秒    0   45.92    0.00   40.82    0.00    0.00    8.16    0.00    0.00    0.00    5.10
09時30分36秒    1   46.24    0.00   20.43    0.00    0.00    2.15    0.00    0.00    0.00   31.18

09時30分36秒  CPU    %usr   %nice    %sys %iowait    %irq   %soft  %steal  %guest  %gnice   %idle
09時30分37秒    0   45.92    0.00   37.76    0.00    0.00    8.16    0.00    0.00    0.00    8.16
09時30分37秒    1   42.11    0.00   22.11    0.00    0.00    3.16    0.00    0.00    0.00   32.63

09時30分37秒  CPU    %usr   %nice    %sys %iowait    %irq   %soft  %steal  %guest  %gnice   %idle
09時30分38秒    0   47.47    0.00   38.38    0.00    0.00    8.08    0.00    0.00    0.00    6.06
09時30分38秒    1   48.91    0.00   18.48    0.00    0.00    2.17    0.00    0.00    0.00   30.43

09時30分38秒  CPU    %usr   %nice    %sys %iowait    %irq   %soft  %steal  %guest  %gnice   %idle
09時30分39秒    0   48.45    0.00   38.14    0.00    0.00    8.25    0.00    0.00    0.00    5.15
09時30分39秒    1   47.87    0.00   19.15    0.00    0.00    2.13    0.00    0.00    0.00   30.85

09時30分39秒  CPU    %usr   %nice    %sys %iowait    %irq   %soft  %steal  %guest  %gnice   %idle
09時30分40秒    0   51.02    0.00   38.78    0.00    0.00    8.16    0.00    0.00    0.00    2.04
09時30分40秒    1   41.94    0.00   24.73    0.00    0.00    2.15    0.00    0.00    0.00   31.18

09時30分40秒  CPU    %usr   %nice    %sys %iowait    %irq   %soft  %steal  %guest  %gnice   %idle
09時30分41秒    0   45.45    0.00   41.41    0.00    0.00    8.08    0.00    0.00    0.00    5.05
09時30分41秒    1   45.74    0.00   19.15    0.00    0.00    3.19    0.00    0.00    0.00   31.91

09時30分41秒  CPU    %usr   %nice    %sys %iowait    %irq   %soft  %steal  %guest  %gnice   %idle
09時30分42秒    0   50.00    0.00   36.73    0.00    0.00    8.16    0.00    0.00    0.00    5.10
09時30分42秒    1   46.24    0.00   21.51    0.00    0.00    2.15    0.00    0.00    0.00   30.11

09時30分42秒  CPU    %usr   %nice    %sys %iowait    %irq   %soft  %steal  %guest  %gnice   %idle
09時30分43秒    0   50.51    0.00   36.36    0.00    0.00    8.08    0.00    0.00    0.00    5.05
09時30分43秒    1   45.74    0.00   21.28    0.00    0.00    2.13    0.00    0.00    0.00   30.85

09時30分43秒  CPU    %usr   %nice    %sys %iowait    %irq   %soft  %steal  %guest  %gnice   %idle
09時30分44秒    0   52.00    0.00   30.00    0.00    1.00    8.00    0.00    0.00    0.00    9.00
09時30分44秒    1   44.21    0.00   20.00    0.00    0.00    3.16    0.00    0.00    0.00   32.63

09時30分44秒  CPU    %usr   %nice    %sys %iowait    %irq   %soft  %steal  %guest  %gnice   %idle
09時30分45秒    0   48.96    0.00   35.42    0.00    0.00    8.33    0.00    0.00    0.00    7.29
09時30分45秒    1   45.16    0.00   20.43    0.00    0.00    2.15    0.00    0.00    0.00   32.26

09時30分45秒  CPU    %usr   %nice    %sys %iowait    %irq   %soft  %steal  %guest  %gnice   %idle
09時30分46秒    0   46.88    0.00   38.54    0.00    0.00    8.33    0.00    0.00    0.00    6.25
09時30分46秒    1   48.42    0.00   18.95    0.00    0.00    2.11    0.00    0.00    0.00   30.53

09時30分46秒  CPU    %usr   %nice    %sys %iowait    %irq   %soft  %steal  %guest  %gnice   %idle
09時30分47秒    0   50.00    0.00   38.00    0.00    0.00    8.00    0.00    0.00    0.00    4.00
09時30分47秒    1   45.74    0.00   21.28    0.00    0.00    2.13    0.00    0.00    0.00   30.85

09時30分47秒  CPU    %usr   %nice    %sys %iowait    %irq   %soft  %steal  %guest  %gnice   %idle
09時30分48秒    0   47.42    0.00   38.14    0.00    0.00    8.25    0.00    0.00    0.00    6.19
09時30分48秒    1   45.26    0.00   21.05    0.00    0.00    3.16    0.00    0.00    0.00   30.53

09時30分48秒  CPU    %usr   %nice    %sys %iowait    %irq   %soft  %steal  %guest  %gnice   %idle
09時30分49秒    0   48.45    0.00   38.14    0.00    0.00    8.25    0.00    0.00    0.00    5.15
09時30分49秒    1   47.37    0.00   22.11    0.00    0.00    2.11    0.00    0.00    0.00   28.42

09時30分49秒  CPU    %usr   %nice    %sys %iowait    %irq   %soft  %steal  %guest  %gnice   %idle
09時30分50秒    0   54.00    0.00   35.00    0.00    0.00    8.00    0.00    0.00    0.00    3.00
09時30分50秒    1   46.81    0.00   22.34    0.00    0.00    2.13    0.00    0.00    0.00   28.72

09時30分50秒  CPU    %usr   %nice    %sys %iowait    %irq   %soft  %steal  %guest  %gnice   %idle
09時30分51秒    0   53.54    0.00   37.37    0.00    0.00    8.08    0.00    0.00    0.00    1.01
09時30分51秒    1   44.68    0.00   23.40    0.00    0.00    3.19    0.00    0.00    0.00   28.72

09時30分51秒  CPU    %usr   %nice    %sys %iowait    %irq   %soft  %steal  %guest  %gnice   %idle
09時30分52秒    0   52.53    0.00   36.36    0.00    0.00    8.08    0.00    0.00    0.00    3.03
09時30分52秒    1   48.94    0.00   19.15    0.00    0.00    2.13    0.00    0.00    0.00   29.79

09時30分52秒  CPU    %usr   %nice    %sys %iowait    %irq   %soft  %steal  %guest  %gnice   %idle
09時30分53秒    0   46.94    0.00   40.82    0.00    0.00    9.18    0.00    0.00    0.00    3.06
09時30分53秒    1   44.09    0.00   20.43    0.00    1.08    2.15    0.00    0.00    0.00   32.26

09時30分53秒  CPU    %usr   %nice    %sys %iowait    %irq   %soft  %steal  %guest  %gnice   %idle
09時30分54秒    0   44.33    0.00   42.27    0.00    0.00    7.22    0.00    0.00    0.00    6.19
09時30分54秒    1   42.55    0.00   24.47    0.00    0.00    3.19    0.00    0.00    0.00   29.79

09時30分54秒  CPU    %usr   %nice    %sys %iowait    %irq   %soft  %steal  %guest  %gnice   %idle
09時30分55秒    0   48.48    0.00   39.39    0.00    0.00    9.09    0.00    0.00    0.00    3.03
09時30分55秒    1   45.74    0.00   22.34    0.00    0.00    2.13    0.00    0.00    0.00   29.79

09時30分55秒  CPU    %usr   %nice    %sys %iowait    %irq   %soft  %steal  %guest  %gnice   %idle
09時30分56秒    0   53.68    0.00   30.53    0.00    0.00    8.42    0.00    0.00    0.00    7.37
09時30分56秒    1   47.87    0.00   18.09    0.00    0.00    2.13    0.00    0.00    0.00   31.91

09時30分56秒  CPU    %usr   %nice    %sys %iowait    %irq   %soft  %steal  %guest  %gnice   %idle
09時30分57秒    0   46.39    0.00   39.18    0.00    0.00    7.22    0.00    0.00    0.00    7.22
09時30分57秒    1   47.37    0.00   20.00    0.00    0.00    2.11    0.00    0.00    0.00   30.53

09時30分57秒  CPU    %usr   %nice    %sys %iowait    %irq   %soft  %steal  %guest  %gnice   %idle
09時30分58秒    0   48.00    0.00   39.00    0.00    0.00    9.00    0.00    0.00    0.00    4.00
09時30分58秒    1   47.37    0.00   20.00    0.00    0.00    3.16    0.00    0.00    0.00   29.47

09時30分58秒  CPU    %usr   %nice    %sys %iowait    %irq   %soft  %steal  %guest  %gnice   %idle
09時30分59秒    0   50.51    0.00   33.33    0.00    0.00    7.07    0.00    0.00    0.00    9.09
09時30分59秒    1   43.62    0.00   20.21    0.00    0.00    2.13    0.00    0.00    0.00   34.04

09時30分59秒  CPU    %usr   %nice    %sys %iowait    %irq   %soft  %steal  %guest  %gnice   %idle
09時31分00秒    0   45.92    0.00   40.82    0.00    1.02    8.16    0.00    0.00    0.00    4.08
09時31分00秒    1   47.31    0.00   19.35    0.00    0.00    2.15    0.00    0.00    0.00   31.18

09時31分00秒  CPU    %usr   %nice    %sys %iowait    %irq   %soft  %steal  %guest  %gnice   %idle
09時31分01秒    0   44.44    0.00   40.40    0.00    0.00    8.08    0.00    0.00    0.00    7.07
09時31分01秒    1   47.37    0.00   17.89    0.00    0.00    3.16    0.00    0.00    0.00   31.58

09時31分01秒  CPU    %usr   %nice    %sys %iowait    %irq   %soft  %steal  %guest  %gnice   %idle
09時31分02秒    0   50.00    0.00   36.73    0.00    0.00    8.16    0.00    0.00    0.00    5.10
09時31分02秒    1   46.81    0.00   21.28    0.00    0.00    2.13    0.00    0.00    0.00   29.79

09時31分02秒  CPU    %usr   %nice    %sys %iowait    %irq   %soft  %steal  %guest  %gnice   %idle
09時31分03秒    0   47.96    0.00   35.71    0.00    0.00    8.16    0.00    0.00    0.00    8.16
09時31分03秒    1   44.21    0.00   23.16    0.00    0.00    2.11    0.00    0.00    0.00   30.53

09時31分03秒  CPU    %usr   %nice    %sys %iowait    %irq   %soft  %steal  %guest  %gnice   %idle
09時31分04秒    0   51.02    0.00   36.73    0.00    0.00    8.16    0.00    0.00    0.00    4.08
09時31分04秒    1   49.48    0.00   17.53    0.00    0.00    3.09    0.00    0.00    0.00   29.90

09時31分04秒  CPU    %usr   %nice    %sys %iowait    %irq   %soft  %steal  %guest  %gnice   %idle
09時31分05秒    0   49.49    0.00   36.36    0.00    0.00    8.08    0.00    0.00    0.00    6.06
09時31分05秒    1   46.81    0.00   22.34    0.00    0.00    2.13    0.00    0.00    0.00   28.72

09時31分05秒  CPU    %usr   %nice    %sys %iowait    %irq   %soft  %steal  %guest  %gnice   %idle
09時31分06秒    0   53.00    0.00   37.00    0.00    0.00    8.00    0.00    0.00    0.00    2.00
09時31分06秒    1   46.24    0.00   22.58    0.00    0.00    2.15    0.00    0.00    0.00   29.03

09時31分06秒  CPU    %usr   %nice    %sys %iowait    %irq   %soft  %steal  %guest  %gnice   %idle
09時31分07秒    0   50.00    0.00   40.00    0.00    0.00    8.00    0.00    0.00    0.00    2.00
09時31分07秒    1   47.37    0.00   22.11    0.00    0.00    2.11    0.00    0.00    0.00   28.42

09時31分07秒  CPU    %usr   %nice    %sys %iowait    %irq   %soft  %steal  %guest  %gnice   %idle
09時31分08秒    0   48.98    0.00   40.82    0.00    0.00    8.16    0.00    0.00    0.00    2.04
09時31分08秒    1   42.55    0.00   25.53    0.00    0.00    3.19    0.00    0.00    0.00   28.72

09時31分08秒  CPU    %usr   %nice    %sys %iowait    %irq   %soft  %steal  %guest  %gnice   %idle
09時31分09秒    0   53.00    0.00   37.00    0.00    0.00    8.00    0.00    0.00    0.00    2.00
09時31分09秒    1   48.42    0.00   21.05    0.00    0.00    2.11    0.00    0.00    0.00   28.42

09時31分09秒  CPU    %usr   %nice    %sys %iowait    %irq   %soft  %steal  %guest  %gnice   %idle
09時31分10秒    0   52.53    0.00   36.36    0.00    0.00    8.08    0.00    0.00    0.00    3.03
09時31分10秒    1   47.31    0.00   22.58    0.00    0.00    2.15    0.00    0.00    0.00   27.96

09時31分10秒  CPU    %usr   %nice    %sys %iowait    %irq   %soft  %steal  %guest  %gnice   %idle
09時31分11秒    0   50.51    0.00   39.39    0.00    0.00    8.08    0.00    0.00    0.00    2.02
09時31分11秒    1   50.55    0.00   19.78    0.00    0.00    3.30    0.00    0.00    0.00   26.37

09時31分11秒  CPU    %usr   %nice    %sys %iowait    %irq   %soft  %steal  %guest  %gnice   %idle
09時31分12秒    0   48.51    0.00   40.59    0.00    0.00    7.92    0.00    0.00    0.00    2.97
09時31分12秒    1   50.00    0.00   20.21    0.00    1.06    2.13    0.00    0.00    0.00   26.60

09時31分12秒  CPU    %usr   %nice    %sys %iowait    %irq   %soft  %steal  %guest  %gnice   %idle
09時31分13秒    0   53.06    0.00   37.76    0.00    0.00    7.14    0.00    0.00    0.00    2.04
09時31分13秒    1   48.91    0.00   21.74    0.00    0.00    2.17    0.00    0.00    0.00   27.17

09時31分13秒  CPU    %usr   %nice    %sys %iowait    %irq   %soft  %steal  %guest  %gnice   %idle
09時31分14秒    0   45.92    0.00   41.84    0.00    0.00    8.16    0.00    0.00    0.00    4.08
09時31分14秒    1   46.24    0.00   24.73    0.00    0.00    3.23    0.00    0.00    0.00   25.81

09時31分14秒  CPU    %usr   %nice    %sys %iowait    %irq   %soft  %steal  %guest  %gnice   %idle
09時31分15秒    0   51.00    0.00   37.00    0.00    0.00    7.00    0.00    0.00    0.00    5.00
09時31分15秒    1   46.81    0.00   23.40    0.00    0.00    2.13    0.00    0.00    0.00   27.66

09時31分15秒  CPU    %usr   %nice    %sys %iowait    %irq   %soft  %steal  %guest  %gnice   %idle
09時31分16秒    0   48.98    0.00   40.82    0.00    0.00    8.16    0.00    0.00    0.00    2.04
09時31分16秒    1   47.83    0.00   21.74    0.00    0.00    3.26    0.00    0.00    0.00   27.17

09時31分16秒  CPU    %usr   %nice    %sys %iowait    %irq   %soft  %steal  %guest  %gnice   %idle
09時31分17秒    0   50.00    0.00   38.00    0.00    1.00    8.00    0.00    0.00    0.00    3.00
09時31分17秒    1   48.39    0.00   21.51    0.00    0.00    2.15    0.00    0.00    0.00   27.96

09時31分17秒  CPU    %usr   %nice    %sys %iowait    %irq   %soft  %steal  %guest  %gnice   %idle
09時31分18秒    0   54.00    0.00   36.00    0.00    0.00    7.00    0.00    0.00    0.00    3.00
09時31分18秒    1   48.89    0.00   23.33    0.00    0.00    2.22    0.00    0.00    0.00   25.56

09時31分18秒  CPU    %usr   %nice    %sys %iowait    %irq   %soft  %steal  %guest  %gnice   %idle
09時31分19秒    0   53.00    0.00   35.00    0.00    0.00    8.00    0.00    0.00    0.00    4.00
09時31分19秒    1   48.94    0.00   22.34    0.00    0.00    3.19    0.00    0.00    0.00   25.53

09時31分19秒  CPU    %usr   %nice    %sys %iowait    %irq   %soft  %steal  %guest  %gnice   %idle
09時31分20秒    0   50.00    0.00   40.00    0.00    0.00    7.00    0.00    0.00    0.00    3.00
09時31分20秒    1   49.45    0.00   20.88    0.00    0.00    2.20    0.00    0.00    0.00   27.47

09時31分20秒  CPU    %usr   %nice    %sys %iowait    %irq   %soft  %steal  %guest  %gnice   %idle
09時31分21秒    0   54.64    0.00   34.02    0.00    0.00    8.25    0.00    0.00    0.00    3.09
09時31分21秒    1   46.74    0.00   23.91    0.00    0.00    2.17    0.00    0.00    0.00   27.17

09時31分21秒  CPU    %usr   %nice    %sys %iowait    %irq   %soft  %steal  %guest  %gnice   %idle
09時31分22秒    0   49.00    0.00   39.00    0.00    0.00    7.00    0.00    0.00    0.00    5.00
09時31分22秒    1   48.94    0.00   22.34    0.00    0.00    3.19    0.00    0.00    0.00   25.53

09時31分22秒  CPU    %usr   %nice    %sys %iowait    %irq   %soft  %steal  %guest  %gnice   %idle
09時31分23秒    0   47.52    0.00   41.58    0.00    0.00    7.92    0.00    0.00    0.00    2.97
09時31分23秒    1   53.26    0.00   17.39    0.00    0.00    2.17    0.00    0.00    0.00   27.17

09時31分23秒  CPU    %usr   %nice    %sys %iowait    %irq   %soft  %steal  %guest  %gnice   %idle
09時31分24秒    0   48.48    0.00   41.41    0.00    0.00    7.07    0.00    0.00    0.00    3.03
09時31分24秒    1   51.55    0.00   37.11    0.00    0.00    1.03    0.00    0.00    0.00   10.31

09時31分24秒  CPU    %usr   %nice    %sys %iowait    %irq   %soft  %steal  %guest  %gnice   %idle
09時31分25秒    0   53.47    0.00   37.62    0.00    0.00    7.92    0.00    0.00    0.00    0.99
09時31分25秒    1   57.43    0.00   41.58    0.00    0.00    0.99    0.00    0.00    0.00    0.00

09時31分25秒  CPU    %usr   %nice    %sys %iowait    %irq   %soft  %steal  %guest  %gnice   %idle
09時31分26秒    0   54.55    0.00   31.31    0.00    0.00    8.08    0.00    0.00    0.00    6.06
09時31分26秒    1   50.53    0.00   30.53    0.00    0.00    2.11    0.00    0.00    0.00   16.84

09時31分26秒  CPU    %usr   %nice    %sys %iowait    %irq   %soft  %steal  %guest  %gnice   %idle
09時31分27秒    0   51.55    0.00   38.14    0.00    0.00    7.22    0.00    0.00    0.00    3.09
09時31分27秒    1   50.00    0.00   21.74    0.00    0.00    2.17    0.00    0.00    0.00   26.09

09時31分27秒  CPU    %usr   %nice    %sys %iowait    %irq   %soft  %steal  %guest  %gnice   %idle
09時31分28秒    0   49.49    0.00   39.39    0.00    0.00    8.08    0.00    0.00    0.00    3.03
09時31分28秒    1   48.39    0.00   21.51    0.00    0.00    2.15    0.00    0.00    0.00   27.96

09時31分28秒  CPU    %usr   %nice    %sys %iowait    %irq   %soft  %steal  %guest  %gnice   %idle
09時31分29秒    0   55.00    0.00   35.00    0.00    0.00    7.00    0.00    0.00    0.00    3.00
09時31分29秒    1   48.94    0.00   23.40    0.00    0.00    3.19    0.00    0.00    0.00   24.47

09時31分29秒  CPU    %usr   %nice    %sys %iowait    %irq   %soft  %steal  %guest  %gnice   %idle
09時31分30秒    0   47.06    0.00   40.20    0.00    0.00    6.86    0.00    0.00    0.00    5.88
09時31分30秒    1   52.69    0.00   19.35    0.00    1.08    2.15    0.00    0.00    0.00   24.73

09時31分30秒  CPU    %usr   %nice    %sys %iowait    %irq   %soft  %steal  %guest  %gnice   %idle
09時31分31秒    0   51.00    0.00   38.00    0.00    0.00    8.00    0.00    0.00    0.00    3.00
09時31分31秒    1   50.54    0.00   22.58    0.00    0.00    2.15    0.00    0.00    0.00   24.73

09時31分31秒  CPU    %usr   %nice    %sys %iowait    %irq   %soft  %steal  %guest  %gnice   %idle
09時31分32秒    0   52.53    0.00   37.37    0.00    0.00    7.07    0.00    0.00    0.00    3.03
09時31分32秒    1   48.94    0.00   22.34    0.00    0.00    3.19    0.00    0.00    0.00   25.53

09時31分32秒  CPU    %usr   %nice    %sys %iowait    %irq   %soft  %steal  %guest  %gnice   %idle
09時31分33秒    0   48.04    0.00   40.20    0.00    0.98    7.84    0.00    0.00    0.00    2.94
09時31分33秒    1   48.35    0.00   21.98    0.00    0.00    2.20    0.00    0.00    0.00   27.47

09時31分33秒  CPU    %usr   %nice    %sys %iowait    %irq   %soft  %steal  %guest  %gnice   %idle
09時31分34秒    0   55.88    0.00   33.33    0.00    0.00    6.86    0.00    0.00    0.00    3.92
09時31分34秒    1   52.13    0.00   22.34    0.00    0.00    3.19    0.00    0.00    0.00   22.34

09時31分34秒  CPU    %usr   %nice    %sys %iowait    %irq   %soft  %steal  %guest  %gnice   %idle
09時31分35秒    0   46.00    0.00   39.00    0.00    0.00    7.00    0.00    0.00    0.00    8.00
09時31分35秒    1   50.00    0.00   21.28    0.00    0.00    2.13    0.00    0.00    0.00   26.60

09時31分35秒  CPU    %usr   %nice    %sys %iowait    %irq   %soft  %steal  %guest  %gnice   %idle
09時31分36秒    0   57.00    0.00   34.00    0.00    0.00    8.00    0.00    0.00    0.00    1.00
09時31分36秒    1   55.10    0.00   40.82    0.00    0.00    1.02    0.00    0.00    0.00    3.06

09時31分36秒  CPU    %usr   %nice    %sys %iowait    %irq   %soft  %steal  %guest  %gnice   %idle
09時31分37秒    0   50.00    0.00   37.00    0.00    0.00    7.00    0.00    0.00    0.00    6.00
09時31分37秒    1   54.74    0.00   29.47    0.00    0.00    1.05    0.00    0.00    0.00   14.74

09時31分37秒  CPU    %usr   %nice    %sys %iowait    %irq   %soft  %steal  %guest  %gnice   %idle
09時31分38秒    0   51.02    0.00   36.73    0.00    0.00    8.16    0.00    0.00    0.00    4.08
09時31分38秒    1   48.42    0.00   23.16    0.00    0.00    3.16    0.00    0.00    0.00   25.26

09時31分38秒  CPU    %usr   %nice    %sys %iowait    %irq   %soft  %steal  %guest  %gnice   %idle
09時31分39秒    0   51.49    0.00   37.62    0.00    0.00    6.93    0.00    0.00    0.00    3.96
09時31分39秒    1   52.75    0.00   19.78    0.00    0.00    2.20    0.00    0.00    0.00   25.27

09時31分39秒  CPU    %usr   %nice    %sys %iowait    %irq   %soft  %steal  %guest  %gnice   %idle
09時31分40秒    0   50.52    0.00   39.18    0.00    0.00    7.22    0.00    0.00    0.00    3.09
09時31分40秒    1   48.89    0.00   21.11    0.00    0.00    3.33    0.00    0.00    0.00   26.67

09時31分40秒  CPU    %usr   %nice    %sys %iowait    %irq   %soft  %steal  %guest  %gnice   %idle
09時31分41秒    0   47.52    0.00   40.59    0.00    0.00    7.92    0.00    0.00    0.00    3.96
09時31分41秒    1   50.00    0.00   20.65    0.00    0.00    2.17    0.00    0.00    0.00   27.17

09時31分41秒  CPU    %usr   %nice    %sys %iowait    %irq   %soft  %steal  %guest  %gnice   %idle
09時31分42秒    0   53.47    0.00   35.64    0.00    0.00    6.93    0.00    0.00    0.00    3.96
09時31分42秒    1   48.91    0.00   22.83    0.00    0.00    2.17    0.00    0.00    0.00   26.09

09時31分42秒  CPU    %usr   %nice    %sys %iowait    %irq   %soft  %steal  %guest  %gnice   %idle
09時31分43秒    0   55.56    0.00   34.34    0.00    0.00    8.08    0.00    0.00    0.00    2.02
09時31分43秒    1   46.24    0.00   22.58    0.00    0.00    3.23    0.00    0.00    0.00   27.96

09時31分43秒  CPU    %usr   %nice    %sys %iowait    %irq   %soft  %steal  %guest  %gnice   %idle
09時31分44秒    0   53.00    0.00   36.00    0.00    0.00    7.00    0.00    0.00    0.00    4.00
09時31分44秒    1   47.25    0.00   24.18    0.00    0.00    2.20    0.00    0.00    0.00   26.37

09時31分44秒  CPU    %usr   %nice    %sys %iowait    %irq   %soft  %steal  %guest  %gnice   %idle
09時31分45秒    0   46.00    0.00   42.00    0.00    0.00    8.00    0.00    0.00    0.00    4.00
09時31分45秒    1   47.78    0.00   23.33    0.00    0.00    2.22    0.00    0.00    0.00   26.67

09時31分45秒  CPU    %usr   %nice    %sys %iowait    %irq   %soft  %steal  %guest  %gnice   %idle
09時31分46秒    0   52.53    0.00   36.36    0.00    0.00    7.07    0.00    0.00    0.00    4.04
09時31分46秒    1   47.83    0.00   21.74    0.00    0.00    3.26    0.00    0.00    0.00   27.17

09時31分46秒  CPU    %usr   %nice    %sys %iowait    %irq   %soft  %steal  %guest  %gnice   %idle
09時31分47秒    0   55.00    0.00   34.00    0.00    0.00    7.00    0.00    0.00    0.00    4.00
09時31分47秒    1   49.45    0.00   21.98    0.00    0.00    2.20    0.00    0.00    0.00   26.37

09時31分47秒  CPU    %usr   %nice    %sys %iowait    %irq   %soft  %steal  %guest  %gnice   %idle
09時31分48秒    0   47.57    0.00   39.81    0.00    0.00    7.77    0.00    0.00    0.00    4.85
09時31分48秒    1   50.00    0.00   21.28    0.00    1.06    2.13    0.00    0.00    0.00   25.53

09時31分48秒  CPU    %usr   %nice    %sys %iowait    %irq   %soft  %steal  %guest  %gnice   %idle
09時31分49秒    0   52.00    0.00   37.00    0.00    0.00    7.00    0.00    0.00    0.00    4.00
09時31分49秒    1   50.00    0.00   20.21    0.00    0.00    3.19    0.00    0.00    0.00   26.60

09時31分49秒  CPU    %usr   %nice    %sys %iowait    %irq   %soft  %steal  %guest  %gnice   %idle
09時31分50秒    0   49.00    0.00   39.00    0.00    1.00    7.00    0.00    0.00    0.00    4.00
09時31分50秒    1   51.65    0.00   23.08    0.00    0.00    2.20    0.00    0.00    0.00   23.08

09時31分50秒  CPU    %usr   %nice    %sys %iowait    %irq   %soft  %steal  %guest  %gnice   %idle
09時31分51秒    0   51.96    0.00   35.29    0.00    0.00    7.84    0.00    0.00    0.00    4.90
09時31分51秒    1   48.42    0.00   23.16    0.00    0.00    3.16    0.00    0.00    0.00   25.26

09時31分51秒  CPU    %usr   %nice    %sys %iowait    %irq   %soft  %steal  %guest  %gnice   %idle
09時31分52秒    0   51.52    0.00   37.37    0.00    0.00    7.07    0.00    0.00    0.00    4.04
09時31分52秒    1   47.83    0.00   23.91    0.00    0.00    2.17    0.00    0.00    0.00   26.09

09時31分52秒  CPU    %usr   %nice    %sys %iowait    %irq   %soft  %steal  %guest  %gnice   %idle
09時31分53秒    0   51.49    0.00   37.62    0.00    0.00    6.93    0.00    0.00    0.00    3.96
09時31分53秒    1   48.91    0.00   20.65    0.00    0.00    2.17    0.00    0.00    0.00   28.26

09時31分53秒  CPU    %usr   %nice    %sys %iowait    %irq   %soft  %steal  %guest  %gnice   %idle
09時31分54秒    0   53.54    0.00   33.33    0.00    0.00    8.08    0.00    0.00    0.00    5.05
09時31分54秒    1   53.76    0.00   19.35    0.00    0.00    3.23    0.00    0.00    0.00   23.66

09時31分54秒  CPU    %usr   %nice    %sys %iowait    %irq   %soft  %steal  %guest  %gnice   %idle
09時31分55秒    0   48.48    0.00   35.35    0.00    0.00    6.06    0.00    0.00    0.00   10.10
09時31分55秒    1   53.19    0.00   29.79    0.00    0.00    2.13    0.00    0.00    0.00   14.89

09時31分55秒  CPU    %usr   %nice    %sys %iowait    %irq   %soft  %steal  %guest  %gnice   %idle
09時31分56秒    0   55.00    0.00   37.00    0.00    0.00    7.00    0.00    0.00    0.00    1.00
09時31分56秒    1   57.58    0.00   42.42    0.00    0.00    0.00    0.00    0.00    0.00    0.00

09時31分56秒  CPU    %usr   %nice    %sys %iowait    %irq   %soft  %steal  %guest  %gnice   %idle
09時31分57秒    0   51.52    0.00   40.40    0.00    0.00    7.07    0.00    0.00    0.00    1.01
09時31分57秒    1   53.47    0.00   45.54    0.00    0.00    0.99    0.00    0.00    0.00    0.00

09時31分57秒  CPU    %usr   %nice    %sys %iowait    %irq   %soft  %steal  %guest  %gnice   %idle
09時31分58秒    0   57.58    0.00   34.34    0.00    0.00    8.08    0.00    0.00    0.00    0.00
09時31分58秒    1   58.00    0.00   41.00    0.00    0.00    1.00    0.00    0.00    0.00    0.00

09時31分58秒  CPU    %usr   %nice    %sys %iowait    %irq   %soft  %steal  %guest  %gnice   %idle
09時31分59秒    0   53.54    0.00   38.38    0.00    0.00    7.07    0.00    0.00    0.00    1.01
09時31分59秒    1   62.00    0.00   38.00    0.00    0.00    0.00    0.00    0.00    0.00    0.00

09時31分59秒  CPU    %usr   %nice    %sys %iowait    %irq   %soft  %steal  %guest  %gnice   %idle
09時32分00秒    0   52.48    0.00   38.61    0.00    0.00    7.92    0.00    0.00    0.00    0.99
09時32分00秒    1   61.00    0.00   38.00    0.00    0.00    1.00    0.00    0.00    0.00    0.00

09時32分00秒  CPU    %usr   %nice    %sys %iowait    %irq   %soft  %steal  %guest  %gnice   %idle
09時32分01秒    0   53.92    0.00   37.25    0.00    0.00    7.84    0.00    0.00    0.00    0.98
09時32分01秒    1   55.56    0.00   44.44    0.00    0.00    0.00    0.00    0.00    0.00    0.00

09時32分01秒  CPU    %usr   %nice    %sys %iowait    %irq   %soft  %steal  %guest  %gnice   %idle
09時32分02秒    0   38.14    0.00   35.05    0.00    0.00    6.19    0.00    0.00    0.00   20.62
09時32分02秒    1   67.35    0.00   25.51    0.00    0.00    2.04    0.00    0.00    0.00    5.10

09時32分02秒  CPU    %usr   %nice    %sys %iowait    %irq   %soft  %steal  %guest  %gnice   %idle
09時32分03秒    0   47.52    0.00   40.59    0.00    0.00    6.93    0.00    0.00    0.00    4.95
09時32分03秒    1   51.06    0.00   23.40    0.00    0.00    2.13    0.00    0.00    0.00   23.40

09時32分03秒  CPU    %usr   %nice    %sys %iowait    %irq   %soft  %steal  %guest  %gnice   %idle
09時32分04秒    0   45.45    0.00   43.43    0.00    0.00    7.07    0.00    0.00    0.00    4.04
09時32分04秒    1   49.46    0.00   22.58    0.00    0.00    3.23    0.00    0.00    0.00   24.73

09時32分04秒  CPU    %usr   %nice    %sys %iowait    %irq   %soft  %steal  %guest  %gnice   %idle
09時32分05秒    0   50.49    0.00   37.86    0.00    0.00    7.77    0.00    0.00    0.00    3.88
09時32分05秒    1   47.25    0.00   23.08    0.00    0.00    2.20    0.00    0.00    0.00   27.47

09時32分05秒  CPU    %usr   %nice    %sys %iowait    %irq   %soft  %steal  %guest  %gnice   %idle
09時32分06秒    0   51.49    0.00   37.62    0.00    0.00    6.93    0.00    0.00    0.00    3.96
09時32分06秒    1   50.54    0.00   20.43    0.00    1.08    3.23    0.00    0.00    0.00   24.73

09時32分06秒  CPU    %usr   %nice    %sys %iowait    %irq   %soft  %steal  %guest  %gnice   %idle
09時32分07秒    0   50.00    0.00   36.27    0.00    0.98    6.86    0.00    0.00    0.00    5.88
09時32分07秒    1   49.45    0.00   24.18    0.00    0.00    2.20    0.00    0.00    0.00   24.18

09時32分07秒  CPU    %usr   %nice    %sys %iowait    %irq   %soft  %steal  %guest  %gnice   %idle
09時32分08秒    0   52.53    0.00   35.35    0.00    0.00    7.07    0.00    0.00    0.00    5.05
09時32分08秒    1   51.61    0.00   19.35    0.00    0.00    3.23    0.00    0.00    0.00   25.81

09時32分08秒  CPU    %usr   %nice    %sys %iowait    %irq   %soft  %steal  %guest  %gnice   %idle
09時32分09秒    0   51.00    0.00   38.00    0.00    0.00    8.00    0.00    0.00    0.00    3.00
09時32分09秒    1   52.17    0.00   23.91    0.00    0.00    2.17    0.00    0.00    0.00   21.74

09時32分09秒  CPU    %usr   %nice    %sys %iowait    %irq   %soft  %steal  %guest  %gnice   %idle
09時32分10秒    0   52.00    0.00   40.00    0.00    0.00    7.00    0.00    0.00    0.00    1.00
09時32分10秒    1   55.00    0.00   44.00    0.00    0.00    1.00    0.00    0.00    0.00    0.00

09時32分10秒  CPU    %usr   %nice    %sys %iowait    %irq   %soft  %steal  %guest  %gnice   %idle
09時32分11秒    0   49.49    0.00   41.41    0.00    0.00    8.08    0.00    0.00    0.00    1.01
09時32分11秒    1   58.59    0.00   40.40    0.00    0.00    1.01    0.00    0.00    0.00    0.00

09時32分11秒  CPU    %usr   %nice    %sys %iowait    %irq   %soft  %steal  %guest  %gnice   %idle
09時32分12秒    0   48.00    0.00   40.00    0.00    0.00    7.00    0.00    0.00    0.00    5.00
09時32分12秒    1   59.00    0.00   38.00    0.00    0.00    1.00    0.00    0.00    0.00    2.00

09時32分12秒  CPU    %usr   %nice    %sys %iowait    %irq   %soft  %steal  %guest  %gnice   %idle
09時32分13秒    0   52.00    0.00   35.00    0.00    0.00    8.00    0.00    0.00    0.00    5.00
09時32分13秒    1   51.65    0.00   21.98    0.00    0.00    3.30    0.00    0.00    0.00   23.08

09時32分13秒  CPU    %usr   %nice    %sys %iowait    %irq   %soft  %steal  %guest  %gnice   %idle
09時32分14秒    0   51.49    0.00   35.64    0.00    0.00    6.93    0.00    0.00    0.00    5.94
09時32分14秒    1   51.09    0.00   22.83    0.00    0.00    3.26    0.00    0.00    0.00   22.83

09時32分14秒  CPU    %usr   %nice    %sys %iowait    %irq   %soft  %steal  %guest  %gnice   %idle
09時32分15秒    0   51.96    0.00   35.29    0.00    0.00    6.86    0.00    0.00    0.00    5.88
09時32分15秒    1   55.43    0.00   16.30    0.00    0.00    3.26    0.00    0.00    0.00   25.00

平均時間：  CPU    %usr   %nice    %sys %iowait    %irq   %soft  %steal  %guest  %gnice   %idle
平均時間：    0   50.36    0.00   37.36    0.00    0.06    7.74    0.00    0.00    0.00    4.48
平均時間：    1   49.48    0.00   24.06    0.00    0.06    2.29    0.00    0.00    0.00   24.11
