Linux 5.6.15-arch1-1 (archlinux) 	西元2020年06月29日 	_x86_64_	(12 CPU)

09時25分01秒  CPU    %usr   %nice    %sys %iowait    %irq   %soft  %steal  %guest  %gnice   %idle
09時25分02秒    0   47.57    0.00   40.78    0.00    0.00    6.80    0.00    0.00    0.00    4.85
09時25分02秒    1   50.00    0.00   22.83    0.00    0.00    2.17    0.00    0.00    0.00   25.00

09時25分02秒  CPU    %usr   %nice    %sys %iowait    %irq   %soft  %steal  %guest  %gnice   %idle
09時25分03秒    0   48.98    0.00   37.76    0.00    0.00    8.16    0.00    0.00    0.00    5.10
09時25分03秒    1   46.32    0.00   25.26    0.00    0.00    3.16    0.00    0.00    0.00   25.26

09時25分03秒  CPU    %usr   %nice    %sys %iowait    %irq   %soft  %steal  %guest  %gnice   %idle
09時25分04秒    0   52.53    0.00   36.36    0.00    0.00    7.07    0.00    0.00    0.00    4.04
09時25分04秒    1   55.79    0.00   30.53    2.11    0.00    1.05    0.00    0.00    0.00   10.53

09時25分04秒  CPU    %usr   %nice    %sys %iowait    %irq   %soft  %steal  %guest  %gnice   %idle
09時25分05秒    0   52.00    0.00   39.00    0.00    0.00    8.00    0.00    0.00    0.00    1.00
09時25分05秒    1   53.00    0.00   46.00    0.00    0.00    1.00    0.00    0.00    0.00    0.00

09時25分05秒  CPU    %usr   %nice    %sys %iowait    %irq   %soft  %steal  %guest  %gnice   %idle
09時25分06秒    0   57.58    0.00   34.34    0.00    0.00    8.08    0.00    0.00    0.00    0.00
09時25分06秒    1   55.00    0.00   44.00    0.00    0.00    1.00    0.00    0.00    0.00    0.00

09時25分06秒  CPU    %usr   %nice    %sys %iowait    %irq   %soft  %steal  %guest  %gnice   %idle
09時25分07秒    0   57.00    0.00   34.00    0.00    0.00    8.00    0.00    0.00    0.00    1.00
09時25分07秒    1   56.00    0.00   43.00    0.00    0.00    1.00    0.00    0.00    0.00    0.00

09時25分07秒  CPU    %usr   %nice    %sys %iowait    %irq   %soft  %steal  %guest  %gnice   %idle
09時25分08秒    0   46.94    0.00   34.69    0.00    0.00    7.14    0.00    0.00    0.00   11.22
09時25分08秒    1   55.67    0.00   31.96    0.00    1.03    2.06    0.00    0.00    0.00    9.28

09時25分08秒  CPU    %usr   %nice    %sys %iowait    %irq   %soft  %steal  %guest  %gnice   %idle
09時25分09秒    0   52.00    0.00   39.00    0.00    0.00    8.00    0.00    0.00    0.00    1.00
09時25分09秒    1   55.56    0.00   41.41    0.00    0.00    1.01    0.00    0.00    0.00    2.02

09時25分09秒  CPU    %usr   %nice    %sys %iowait    %irq   %soft  %steal  %guest  %gnice   %idle
09時25分10秒    0   50.52    0.00   42.27    0.00    0.00    7.22    0.00    0.00    0.00    0.00
09時25分10秒    1   59.18    0.00   40.82    0.00    0.00    0.00    0.00    0.00    0.00    0.00

09時25分10秒  CPU    %usr   %nice    %sys %iowait    %irq   %soft  %steal  %guest  %gnice   %idle
09時25分11秒    0   52.48    0.00   36.63    0.00    0.00    7.92    0.00    0.00    0.00    2.97
09時25分11秒    1   57.43    0.00   41.58    0.00    0.00    0.99    0.00    0.00    0.00    0.00

09時25分11秒  CPU    %usr   %nice    %sys %iowait    %irq   %soft  %steal  %guest  %gnice   %idle
09時25分12秒    0   53.00    0.00   35.00    0.00    0.00    8.00    0.00    0.00    0.00    4.00
09時25分12秒    1   60.61    0.00   38.38    0.00    0.00    1.01    0.00    0.00    0.00    0.00

09時25分12秒  CPU    %usr   %nice    %sys %iowait    %irq   %soft  %steal  %guest  %gnice   %idle
09時25分13秒    0   52.48    0.00   38.61    0.00    0.99    6.93    0.00    0.00    0.00    0.99
09時25分13秒    1   58.00    0.00   41.00    0.00    0.00    1.00    0.00    0.00    0.00    0.00

09時25分13秒  CPU    %usr   %nice    %sys %iowait    %irq   %soft  %steal  %guest  %gnice   %idle
09時25分14秒    0   56.57    0.00   34.34    0.00    0.00    8.08    0.00    0.00    0.00    1.01
09時25分14秒    1   58.42    0.00   40.59    0.00    0.00    0.99    0.00    0.00    0.00    0.00

09時25分14秒  CPU    %usr   %nice    %sys %iowait    %irq   %soft  %steal  %guest  %gnice   %idle
09時25分15秒    0   52.53    0.00   39.39    0.00    0.00    8.08    0.00    0.00    0.00    0.00
09時25分15秒    1   58.59    0.00   40.40    0.00    0.00    1.01    0.00    0.00    0.00    0.00

09時25分15秒  CPU    %usr   %nice    %sys %iowait    %irq   %soft  %steal  %guest  %gnice   %idle
09時25分16秒    0   56.00    0.00   35.00    0.00    0.00    8.00    0.00    0.00    0.00    1.00
09時25分16秒    1   56.00    0.00   44.00    0.00    0.00    0.00    0.00    0.00    0.00    0.00

09時25分16秒  CPU    %usr   %nice    %sys %iowait    %irq   %soft  %steal  %guest  %gnice   %idle
09時25分17秒    0   57.00    0.00   34.00    0.00    0.00    8.00    0.00    0.00    0.00    1.00
09時25分17秒    1   62.00    0.00   37.00    0.00    0.00    1.00    0.00    0.00    0.00    0.00

09時25分17秒  CPU    %usr   %nice    %sys %iowait    %irq   %soft  %steal  %guest  %gnice   %idle
09時25分18秒    0   51.52    0.00   40.40    0.00    0.00    7.07    0.00    0.00    0.00    1.01
09時25分18秒    1   55.00    0.00   44.00    0.00    0.00    1.00    0.00    0.00    0.00    0.00

09時25分18秒  CPU    %usr   %nice    %sys %iowait    %irq   %soft  %steal  %guest  %gnice   %idle
09時25分19秒    0   59.00    0.00   33.00    0.00    0.00    8.00    0.00    0.00    0.00    0.00
09時25分19秒    1   57.00    0.00   42.00    0.00    0.00    1.00    0.00    0.00    0.00    0.00

09時25分19秒  CPU    %usr   %nice    %sys %iowait    %irq   %soft  %steal  %guest  %gnice   %idle
09時25分20秒    0   53.54    0.00   37.37    0.00    0.00    8.08    0.00    0.00    0.00    1.01
09時25分20秒    1   51.49    0.00   47.52    0.00    0.00    0.99    0.00    0.00    0.00    0.00

09時25分20秒  CPU    %usr   %nice    %sys %iowait    %irq   %soft  %steal  %guest  %gnice   %idle
09時25分21秒    0   53.00    0.00   38.00    0.00    0.00    8.00    0.00    0.00    0.00    1.00
09時25分21秒    1   58.59    0.00   41.41    0.00    0.00    0.00    0.00    0.00    0.00    0.00

09時25分21秒  CPU    %usr   %nice    %sys %iowait    %irq   %soft  %steal  %guest  %gnice   %idle
09時25分22秒    0   46.46    0.00   38.38    0.00    0.00    7.07    0.00    0.00    0.00    8.08
09時25分22秒    1   60.00    0.00   35.00    0.00    0.00    2.00    0.00    0.00    0.00    3.00

09時25分22秒  CPU    %usr   %nice    %sys %iowait    %irq   %soft  %steal  %guest  %gnice   %idle
09時25分23秒    0   58.00    0.00   33.00    0.00    0.00    8.00    0.00    0.00    0.00    1.00
09時25分23秒    1   55.00    0.00   44.00    0.00    0.00    1.00    0.00    0.00    0.00    0.00

09時25分23秒  CPU    %usr   %nice    %sys %iowait    %irq   %soft  %steal  %guest  %gnice   %idle
09時25分24秒    0   55.00    0.00   36.00    0.00    0.00    8.00    0.00    0.00    0.00    1.00
09時25分24秒    1   58.00    0.00   41.00    0.00    1.00    0.00    0.00    0.00    0.00    0.00

09時25分24秒  CPU    %usr   %nice    %sys %iowait    %irq   %soft  %steal  %guest  %gnice   %idle
09時25分25秒    0   51.02    0.00   40.82    0.00    0.00    7.14    0.00    0.00    0.00    1.02
09時25分25秒    1   60.00    0.00   39.00    0.00    0.00    1.00    0.00    0.00    0.00    0.00

09時25分25秒  CPU    %usr   %nice    %sys %iowait    %irq   %soft  %steal  %guest  %gnice   %idle
09時25分26秒    0   52.00    0.00   40.00    0.00    0.00    8.00    0.00    0.00    0.00    0.00
09時25分26秒    1   58.42    0.00   40.59    0.00    0.00    0.99    0.00    0.00    0.00    0.00

09時25分26秒  CPU    %usr   %nice    %sys %iowait    %irq   %soft  %steal  %guest  %gnice   %idle
09時25分27秒    0   52.48    0.00   38.61    0.00    0.00    7.92    0.00    0.00    0.00    0.99
09時25分27秒    1   56.57    0.00   42.42    0.00    0.00    1.01    0.00    0.00    0.00    0.00

09時25分27秒  CPU    %usr   %nice    %sys %iowait    %irq   %soft  %steal  %guest  %gnice   %idle
09時25分28秒    0   56.44    0.00   34.65    0.00    0.00    7.92    0.00    0.00    0.00    0.99
09時25分28秒    1   58.00    0.00   41.00    0.00    0.00    1.00    0.00    0.00    0.00    0.00

09時25分28秒  CPU    %usr   %nice    %sys %iowait    %irq   %soft  %steal  %guest  %gnice   %idle
09時25分29秒    0   59.18    0.00   33.67    0.00    0.00    7.14    0.00    0.00    0.00    0.00
09時25分29秒    1   55.00    0.00   45.00    0.00    0.00    0.00    0.00    0.00    0.00    0.00

09時25分29秒  CPU    %usr   %nice    %sys %iowait    %irq   %soft  %steal  %guest  %gnice   %idle
09時25分30秒    0   52.94    0.00   37.25    0.00    0.98    7.84    0.00    0.00    0.00    0.98
09時25分30秒    1   58.00    0.00   41.00    0.00    0.00    1.00    0.00    0.00    0.00    0.00

09時25分30秒  CPU    %usr   %nice    %sys %iowait    %irq   %soft  %steal  %guest  %gnice   %idle
09時25分31秒    0   57.58    0.00   33.33    0.00    0.00    8.08    0.00    0.00    0.00    1.01
09時25分31秒    1   68.00    0.00   30.00    0.00    0.00    1.00    0.00    0.00    0.00    1.00

09時25分31秒  CPU    %usr   %nice    %sys %iowait    %irq   %soft  %steal  %guest  %gnice   %idle
09時25分32秒    0   52.53    0.00   39.39    0.00    0.00    8.08    0.00    0.00    0.00    0.00
09時25分32秒    1   59.00    0.00   40.00    0.00    0.00    1.00    0.00    0.00    0.00    0.00

09時25分32秒  CPU    %usr   %nice    %sys %iowait    %irq   %soft  %steal  %guest  %gnice   %idle
09時25分33秒    0   55.10    0.00   36.73    0.00    0.00    7.14    0.00    0.00    0.00    1.02
09時25分33秒    1   57.00    0.00   42.00    0.00    0.00    1.00    0.00    0.00    0.00    0.00

09時25分33秒  CPU    %usr   %nice    %sys %iowait    %irq   %soft  %steal  %guest  %gnice   %idle
09時25分34秒    0   53.54    0.00   37.37    0.00    0.00    8.08    0.00    0.00    0.00    1.01
09時25分34秒    1   60.61    0.00   39.39    0.00    0.00    0.00    0.00    0.00    0.00    0.00

09時25分34秒  CPU    %usr   %nice    %sys %iowait    %irq   %soft  %steal  %guest  %gnice   %idle
09時25分35秒    0   55.00    0.00   37.00    0.00    0.00    8.00    0.00    0.00    0.00    0.00
09時25分35秒    1   64.00    0.00   35.00    0.00    0.00    1.00    0.00    0.00    0.00    0.00

09時25分35秒  CPU    %usr   %nice    %sys %iowait    %irq   %soft  %steal  %guest  %gnice   %idle
09時25分36秒    0   53.00    0.00   38.00    0.00    0.00    8.00    0.00    0.00    0.00    1.00
09時25分36秒    1   56.44    0.00   42.57    0.00    0.00    0.99    0.00    0.00    0.00    0.00

09時25分36秒  CPU    %usr   %nice    %sys %iowait    %irq   %soft  %steal  %guest  %gnice   %idle
09時25分37秒    0   51.52    0.00   39.39    0.00    0.00    8.08    0.00    0.00    0.00    1.01
09時25分37秒    1   58.76    0.00   38.14    0.00    0.00    1.03    0.00    0.00    0.00    2.06

09時25分37秒  CPU    %usr   %nice    %sys %iowait    %irq   %soft  %steal  %guest  %gnice   %idle
09時25分38秒    0   51.00    0.00   41.00    0.00    0.00    7.00    0.00    0.00    0.00    1.00
09時25分38秒    1   53.00    0.00   46.00    0.00    0.00    1.00    0.00    0.00    0.00    0.00

09時25分38秒  CPU    %usr   %nice    %sys %iowait    %irq   %soft  %steal  %guest  %gnice   %idle
09時25分39秒    0   56.57    0.00   35.35    0.00    0.00    8.08    0.00    0.00    0.00    0.00
09時25分39秒    1   54.00    0.00   45.00    0.00    0.00    1.00    0.00    0.00    0.00    0.00

09時25分39秒  CPU    %usr   %nice    %sys %iowait    %irq   %soft  %steal  %guest  %gnice   %idle
09時25分40秒    0   51.00    0.00   40.00    0.00    0.00    8.00    0.00    0.00    0.00    1.00
09時25分40秒    1   63.00    0.00   36.00    0.00    0.00    1.00    0.00    0.00    0.00    0.00

09時25分40秒  CPU    %usr   %nice    %sys %iowait    %irq   %soft  %steal  %guest  %gnice   %idle
09時25分41秒    0   52.48    0.00   38.61    0.00    0.00    7.92    0.00    0.00    0.00    0.99
09時25分41秒    1   55.45    0.00   43.56    0.00    0.99    0.00    0.00    0.00    0.00    0.00

09時25分41秒  CPU    %usr   %nice    %sys %iowait    %irq   %soft  %steal  %guest  %gnice   %idle
09時25分42秒    0   52.04    0.00   40.82    0.00    0.00    7.14    0.00    0.00    0.00    0.00
09時25分42秒    1   57.00    0.00   42.00    0.00    0.00    1.00    0.00    0.00    0.00    0.00

09時25分42秒  CPU    %usr   %nice    %sys %iowait    %irq   %soft  %steal  %guest  %gnice   %idle
09時25分43秒    0   54.00    0.00   37.00    0.00    0.00    8.00    0.00    0.00    0.00    1.00
09時25分43秒    1   56.00    0.00   43.00    0.00    0.00    1.00    0.00    0.00    0.00    0.00

09時25分43秒  CPU    %usr   %nice    %sys %iowait    %irq   %soft  %steal  %guest  %gnice   %idle
09時25分44秒    0   53.06    0.00   38.78    0.00    0.00    8.16    0.00    0.00    0.00    0.00
09時25分44秒    1   56.00    0.00   43.00    0.00    0.00    1.00    0.00    0.00    0.00    0.00

09時25分44秒  CPU    %usr   %nice    %sys %iowait    %irq   %soft  %steal  %guest  %gnice   %idle
09時25分45秒    0   52.94    0.00   38.24    0.00    0.00    7.84    0.00    0.00    0.00    0.98
09時25分45秒    1   58.00    0.00   41.00    0.00    0.00    1.00    0.00    0.00    0.00    0.00

09時25分45秒  CPU    %usr   %nice    %sys %iowait    %irq   %soft  %steal  %guest  %gnice   %idle
09時25分46秒    0   51.55    0.00   39.18    0.00    0.00    8.25    0.00    0.00    0.00    1.03
09時25分46秒    1   58.59    0.00   41.41    0.00    0.00    0.00    0.00    0.00    0.00    0.00

09時25分46秒  CPU    %usr   %nice    %sys %iowait    %irq   %soft  %steal  %guest  %gnice   %idle
09時25分47秒    0   49.50    0.00   41.58    0.00    0.99    6.93    0.00    0.00    0.00    0.99
09時25分47秒    1   55.45    0.00   43.56    0.00    0.00    0.99    0.00    0.00    0.00    0.00

09時25分47秒  CPU    %usr   %nice    %sys %iowait    %irq   %soft  %steal  %guest  %gnice   %idle
09時25分48秒    0   56.12    0.00   35.71    0.00    0.00    8.16    0.00    0.00    0.00    0.00
09時25分48秒    1   59.60    0.00   39.39    0.00    0.00    1.01    0.00    0.00    0.00    0.00

09時25分48秒  CPU    %usr   %nice    %sys %iowait    %irq   %soft  %steal  %guest  %gnice   %idle
09時25分49秒    0   52.48    0.00   38.61    0.00    0.00    7.92    0.00    0.00    0.00    0.99
09時25分49秒    1   56.00    0.00   43.00    0.00    0.00    1.00    0.00    0.00    0.00    0.00

09時25分49秒  CPU    %usr   %nice    %sys %iowait    %irq   %soft  %steal  %guest  %gnice   %idle
09時25分50秒    0   56.44    0.00   34.65    0.00    0.00    7.92    0.00    0.00    0.00    0.99
09時25分50秒    1   56.44    0.00   42.57    0.00    0.00    0.99    0.00    0.00    0.00    0.00

09時25分50秒  CPU    %usr   %nice    %sys %iowait    %irq   %soft  %steal  %guest  %gnice   %idle
09時25分51秒    0   57.14    0.00   35.71    0.00    0.00    7.14    0.00    0.00    0.00    0.00
09時25分51秒    1   62.00    0.00   38.00    0.00    0.00    0.00    0.00    0.00    0.00    0.00

09時25分51秒  CPU    %usr   %nice    %sys %iowait    %irq   %soft  %steal  %guest  %gnice   %idle
09時25分52秒    0   54.00    0.00   37.00    0.00    0.00    8.00    0.00    0.00    0.00    1.00
09時25分52秒    1   56.57    0.00   41.41    0.00    0.00    1.01    0.00    0.00    0.00    1.01

09時25分52秒  CPU    %usr   %nice    %sys %iowait    %irq   %soft  %steal  %guest  %gnice   %idle
09時25分53秒    0   53.54    0.00   37.37    0.00    0.00    8.08    0.00    0.00    0.00    1.01
09時25分53秒    1   58.00    0.00   41.00    0.00    0.00    1.00    0.00    0.00    0.00    0.00

09時25分53秒  CPU    %usr   %nice    %sys %iowait    %irq   %soft  %steal  %guest  %gnice   %idle
09時25分54秒    0   57.00    0.00   35.00    0.00    0.00    7.00    0.00    0.00    0.00    1.00
09時25分54秒    1   61.00    0.00   38.00    0.00    0.00    1.00    0.00    0.00    0.00    0.00

09時25分54秒  CPU    %usr   %nice    %sys %iowait    %irq   %soft  %steal  %guest  %gnice   %idle
09時25分55秒    0   50.51    0.00   41.41    0.00    0.00    8.08    0.00    0.00    0.00    0.00
09時25分55秒    1   60.00    0.00   39.00    0.00    0.00    1.00    0.00    0.00    0.00    0.00

09時25分55秒  CPU    %usr   %nice    %sys %iowait    %irq   %soft  %steal  %guest  %gnice   %idle
09時25分56秒    0   53.00    0.00   38.00    0.00    0.00    8.00    0.00    0.00    0.00    1.00
09時25分56秒    1   58.42    0.00   40.59    0.00    0.00    0.99    0.00    0.00    0.00    0.00

09時25分56秒  CPU    %usr   %nice    %sys %iowait    %irq   %soft  %steal  %guest  %gnice   %idle
09時25分57秒    0   51.49    0.00   39.60    0.00    0.00    7.92    0.00    0.00    0.00    0.99
09時25分57秒    1   56.57    0.00   43.43    0.00    0.00    0.00    0.00    0.00    0.00    0.00

09時25分57秒  CPU    %usr   %nice    %sys %iowait    %irq   %soft  %steal  %guest  %gnice   %idle
09時25分58秒    0   55.56    0.00   37.37    0.00    0.00    7.07    0.00    0.00    0.00    0.00
09時25分58秒    1   58.42    0.00   39.60    0.00    0.99    0.99    0.00    0.00    0.00    0.00

09時25分58秒  CPU    %usr   %nice    %sys %iowait    %irq   %soft  %steal  %guest  %gnice   %idle
09時25分59秒    0   50.51    0.00   40.40    0.00    0.00    8.08    0.00    0.00    0.00    1.01
09時25分59秒    1   52.00    0.00   47.00    0.00    0.00    1.00    0.00    0.00    0.00    0.00

09時25分59秒  CPU    %usr   %nice    %sys %iowait    %irq   %soft  %steal  %guest  %gnice   %idle
09時26分00秒    0   55.45    0.00   35.64    0.00    0.00    7.92    0.00    0.00    0.00    0.99
09時26分00秒    1   56.00    0.00   43.00    0.00    0.00    1.00    0.00    0.00    0.00    0.00

09時26分00秒  CPU    %usr   %nice    %sys %iowait    %irq   %soft  %steal  %guest  %gnice   %idle
09時26分01秒    0   57.58    0.00   34.34    0.00    0.00    7.07    0.00    0.00    0.00    1.01
09時26分01秒    1   54.55    0.00   43.43    0.00    0.00    1.01    0.00    0.00    0.00    1.01

09時26分01秒  CPU    %usr   %nice    %sys %iowait    %irq   %soft  %steal  %guest  %gnice   %idle
09時26分02秒    0   50.51    0.00   41.41    0.00    0.00    8.08    0.00    0.00    0.00    0.00
09時26分02秒    1   57.00    0.00   42.00    0.00    0.00    1.00    0.00    0.00    0.00    0.00

09時26分02秒  CPU    %usr   %nice    %sys %iowait    %irq   %soft  %steal  %guest  %gnice   %idle
09時26分03秒    0   53.47    0.00   37.62    0.00    0.00    7.92    0.00    0.00    0.00    0.99
09時26分03秒    1   56.57    0.00   43.43    0.00    0.00    0.00    0.00    0.00    0.00    0.00

09時26分03秒  CPU    %usr   %nice    %sys %iowait    %irq   %soft  %steal  %guest  %gnice   %idle
09時26分04秒    0   53.47    0.00   36.63    0.00    0.99    7.92    0.00    0.00    0.00    0.99
09時26分04秒    1   56.00    0.00   42.00    0.00    0.00    1.00    0.00    0.00    0.00    1.00

09時26分04秒  CPU    %usr   %nice    %sys %iowait    %irq   %soft  %steal  %guest  %gnice   %idle
09時26分05秒    0   53.47    0.00   37.62    0.00    0.00    7.92    0.00    0.00    0.00    0.99
09時26分05秒    1   56.00    0.00   43.00    0.00    0.00    1.00    0.00    0.00    0.00    0.00

09時26分05秒  CPU    %usr   %nice    %sys %iowait    %irq   %soft  %steal  %guest  %gnice   %idle
09時26分06秒    0   55.10    0.00   37.76    0.00    0.00    7.14    0.00    0.00    0.00    0.00
09時26分06秒    1   58.00    0.00   41.00    0.00    0.00    1.00    0.00    0.00    0.00    0.00

09時26分06秒  CPU    %usr   %nice    %sys %iowait    %irq   %soft  %steal  %guest  %gnice   %idle
09時26分07秒    0   53.47    0.00   37.62    0.00    0.00    7.92    0.00    0.00    0.00    0.99
09時26分07秒    1   60.40    0.00   38.61    0.00    0.00    0.99    0.00    0.00    0.00    0.00

09時26分07秒  CPU    %usr   %nice    %sys %iowait    %irq   %soft  %steal  %guest  %gnice   %idle
09時26分08秒    0   53.06    0.00   38.78    0.00    0.00    8.16    0.00    0.00    0.00    0.00
09時26分08秒    1   59.00    0.00   40.00    0.00    0.00    1.00    0.00    0.00    0.00    0.00

09時26分08秒  CPU    %usr   %nice    %sys %iowait    %irq   %soft  %steal  %guest  %gnice   %idle
09時26分09秒    0   54.46    0.00   36.63    0.00    0.00    7.92    0.00    0.00    0.00    0.99
09時26分09秒    1   58.16    0.00   41.84    0.00    0.00    0.00    0.00    0.00    0.00    0.00

09時26分09秒  CPU    %usr   %nice    %sys %iowait    %irq   %soft  %steal  %guest  %gnice   %idle
09時26分10秒    0   55.56    0.00   36.36    0.00    0.00    7.07    0.00    0.00    0.00    1.01
09時26分10秒    1   59.41    0.00   39.60    0.00    0.00    0.99    0.00    0.00    0.00    0.00

09時26分10秒  CPU    %usr   %nice    %sys %iowait    %irq   %soft  %steal  %guest  %gnice   %idle
09時26分11秒    0   51.00    0.00   40.00    0.00    0.00    8.00    0.00    0.00    0.00    1.00
09時26分11秒    1   61.00    0.00   38.00    0.00    0.00    1.00    0.00    0.00    0.00    0.00

09時26分11秒  CPU    %usr   %nice    %sys %iowait    %irq   %soft  %steal  %guest  %gnice   %idle
09時26分12秒    0   54.55    0.00   37.37    0.00    0.00    8.08    0.00    0.00    0.00    0.00
09時26分12秒    1   55.00    0.00   44.00    0.00    0.00    1.00    0.00    0.00    0.00    0.00

09時26分12秒  CPU    %usr   %nice    %sys %iowait    %irq   %soft  %steal  %guest  %gnice   %idle
09時26分13秒    0   45.00    0.00   36.00    0.00    0.00    7.00    0.00    0.00    0.00   12.00
09時26分13秒    1   62.50    0.00   22.92    0.00    0.00    2.08    0.00    0.00    0.00   12.50

09時26分13秒  CPU    %usr   %nice    %sys %iowait    %irq   %soft  %steal  %guest  %gnice   %idle
09時26分14秒    0   52.00    0.00   34.00    0.00    0.00    7.00    0.00    0.00    0.00    7.00
09時26分14秒    1   50.55    0.00   21.98    0.00    0.00    2.20    0.00    0.00    0.00   25.27

09時26分14秒  CPU    %usr   %nice    %sys %iowait    %irq   %soft  %steal  %guest  %gnice   %idle
09時26分15秒    0   47.47    0.00   42.42    0.00    0.00    8.08    0.00    0.00    0.00    2.02
09時26分15秒    1   55.00    0.00   39.00    0.00    1.00    1.00    0.00    0.00    0.00    4.00

09時26分15秒  CPU    %usr   %nice    %sys %iowait    %irq   %soft  %steal  %guest  %gnice   %idle
09時26分16秒    0   55.10    0.00   36.73    0.00    0.00    7.14    0.00    0.00    0.00    1.02
09時26分16秒    1   54.46    0.00   44.55    0.00    0.00    0.99    0.00    0.00    0.00    0.00

09時26分16秒  CPU    %usr   %nice    %sys %iowait    %irq   %soft  %steal  %guest  %gnice   %idle
09時26分17秒    0   53.47    0.00   37.62    0.00    0.00    7.92    0.00    0.00    0.00    0.99
09時26分17秒    1   57.14    0.00   40.82    0.00    0.00    1.02    0.00    0.00    0.00    1.02

09時26分17秒  CPU    %usr   %nice    %sys %iowait    %irq   %soft  %steal  %guest  %gnice   %idle
09時26分18秒    0   48.51    0.00   42.57    0.00    0.00    7.92    0.00    0.00    0.00    0.99
09時26分18秒    1   57.00    0.00   42.00    0.00    0.00    1.00    0.00    0.00    0.00    0.00

09時26分18秒  CPU    %usr   %nice    %sys %iowait    %irq   %soft  %steal  %guest  %gnice   %idle
09時26分19秒    0   54.08    0.00   38.78    0.00    0.00    7.14    0.00    0.00    0.00    0.00
09時26分19秒    1   56.57    0.00   42.42    0.00    1.01    0.00    0.00    0.00    0.00    0.00

09時26分19秒  CPU    %usr   %nice    %sys %iowait    %irq   %soft  %steal  %guest  %gnice   %idle
09時26分20秒    0   49.00    0.00   42.00    0.00    0.00    8.00    0.00    0.00    0.00    1.00
09時26分20秒    1   57.00    0.00   42.00    0.00    0.00    1.00    0.00    0.00    0.00    0.00

09時26分20秒  CPU    %usr   %nice    %sys %iowait    %irq   %soft  %steal  %guest  %gnice   %idle
09時26分21秒    0   44.55    0.00   41.58    0.00    0.99    7.92    0.00    0.00    0.00    4.95
09時26分21秒    1   63.00    0.00   36.00    0.00    0.00    1.00    0.00    0.00    0.00    0.00

09時26分21秒  CPU    %usr   %nice    %sys %iowait    %irq   %soft  %steal  %guest  %gnice   %idle
09時26分22秒    0   56.57    0.00   35.35    0.00    0.00    7.07    0.00    0.00    0.00    1.01
09時26分22秒    1   55.00    0.00   44.00    0.00    0.00    1.00    0.00    0.00    0.00    0.00

09時26分22秒  CPU    %usr   %nice    %sys %iowait    %irq   %soft  %steal  %guest  %gnice   %idle
09時26分23秒    0   50.00    0.00   42.00    0.00    0.00    8.00    0.00    0.00    0.00    0.00
09時26分23秒    1   54.46    0.00   44.55    0.00    0.00    0.99    0.00    0.00    0.00    0.00

09時26分23秒  CPU    %usr   %nice    %sys %iowait    %irq   %soft  %steal  %guest  %gnice   %idle
09時26分24秒    0   47.52    0.00   43.56    0.00    0.00    7.92    0.00    0.00    0.00    0.99
09時26分24秒    1   51.00    0.00   48.00    0.00    0.00    1.00    0.00    0.00    0.00    0.00

09時26分24秒  CPU    %usr   %nice    %sys %iowait    %irq   %soft  %steal  %guest  %gnice   %idle
09時26分25秒    0   47.47    0.00   32.32    0.00    0.00    7.07    0.00    0.00    0.00   13.13
09時26分25秒    1   59.18    0.00   31.63    0.00    0.00    2.04    0.00    0.00    0.00    7.14

09時26分25秒  CPU    %usr   %nice    %sys %iowait    %irq   %soft  %steal  %guest  %gnice   %idle
09時26分26秒    0   51.00    0.00   37.00    0.00    0.00    7.00    0.00    0.00    0.00    5.00
09時26分26秒    1   54.17    0.00   27.08    0.00    0.00    3.12    0.00    0.00    0.00   15.62

09時26分26秒  CPU    %usr   %nice    %sys %iowait    %irq   %soft  %steal  %guest  %gnice   %idle
09時26分27秒    0   57.43    0.00   33.66    0.00    0.00    7.92    0.00    0.00    0.00    0.99
09時26分27秒    1   63.00    0.00   36.00    0.00    0.00    1.00    0.00    0.00    0.00    0.00

09時26分27秒  CPU    %usr   %nice    %sys %iowait    %irq   %soft  %steal  %guest  %gnice   %idle
09時26分28秒    0   52.53    0.00   40.40    0.00    0.00    7.07    0.00    0.00    0.00    0.00
09時26分28秒    1   52.53    0.00   46.46    0.00    0.00    0.00    0.00    0.00    0.00    1.01

09時26分28秒  CPU    %usr   %nice    %sys %iowait    %irq   %soft  %steal  %guest  %gnice   %idle
09時26分29秒    0   53.00    0.00   38.00    0.00    0.00    8.00    0.00    0.00    0.00    1.00
09時26分29秒    1   63.00    0.00   36.00    0.00    0.00    1.00    0.00    0.00    0.00    0.00

09時26分29秒  CPU    %usr   %nice    %sys %iowait    %irq   %soft  %steal  %guest  %gnice   %idle
09時26分30秒    0   49.50    0.00   41.58    0.00    0.00    7.92    0.00    0.00    0.00    0.99
09時26分30秒    1   59.00    0.00   40.00    0.00    0.00    1.00    0.00    0.00    0.00    0.00

09時26分30秒  CPU    %usr   %nice    %sys %iowait    %irq   %soft  %steal  %guest  %gnice   %idle
09時26分31秒    0   50.00    0.00   41.84    0.00    0.00    7.14    0.00    0.00    0.00    1.02
09時26分31秒    1   63.00    0.00   36.00    0.00    0.00    1.00    0.00    0.00    0.00    0.00

09時26分31秒  CPU    %usr   %nice    %sys %iowait    %irq   %soft  %steal  %guest  %gnice   %idle
09時26分32秒    0   53.06    0.00   38.78    0.00    0.00    8.16    0.00    0.00    0.00    0.00
09時26分32秒    1   59.41    0.00   39.60    0.00    0.00    0.99    0.00    0.00    0.00    0.00

09時26分32秒  CPU    %usr   %nice    %sys %iowait    %irq   %soft  %steal  %guest  %gnice   %idle
09時26分33秒    0   56.86    0.00   34.31    0.00    0.00    7.84    0.00    0.00    0.00    0.98
09時26分33秒    1   54.55    0.00   44.44    0.00    0.00    1.01    0.00    0.00    0.00    0.00

09時26分33秒  CPU    %usr   %nice    %sys %iowait    %irq   %soft  %steal  %guest  %gnice   %idle
09時26分34秒    0   51.02    0.00   40.82    0.00    0.00    7.14    0.00    0.00    0.00    1.02
09時26分34秒    1   58.42    0.00   40.59    0.00    0.00    0.99    0.00    0.00    0.00    0.00

09時26分34秒  CPU    %usr   %nice    %sys %iowait    %irq   %soft  %steal  %guest  %gnice   %idle
09時26分35秒    0   51.52    0.00   40.40    0.00    0.00    8.08    0.00    0.00    0.00    0.00
09時26分35秒    1   56.44    0.00   41.58    0.00    0.99    0.99    0.00    0.00    0.00    0.00

09時26分35秒  CPU    %usr   %nice    %sys %iowait    %irq   %soft  %steal  %guest  %gnice   %idle
09時26分36秒    0   46.46    0.00   32.32    0.00    0.00    7.07    0.00    0.00    0.00   14.14
09時26分36秒    1   63.27    0.00   31.63    0.00    0.00    1.02    0.00    0.00    0.00    4.08

09時26分36秒  CPU    %usr   %nice    %sys %iowait    %irq   %soft  %steal  %guest  %gnice   %idle
09時26分37秒    0   52.48    0.00   33.66    0.00    0.99    6.93    0.00    0.00    0.00    5.94
09時26分37秒    1   50.00    0.00   23.40    0.00    0.00    4.26    0.00    0.00    0.00   22.34

09時26分37秒  CPU    %usr   %nice    %sys %iowait    %irq   %soft  %steal  %guest  %gnice   %idle
09時26分38秒    0   51.52    0.00   36.36    0.00    0.00    7.07    0.00    0.00    0.00    5.05
09時26分38秒    1   49.45    0.00   23.08    0.00    0.00    2.20    0.00    0.00    0.00   25.27

09時26分38秒  CPU    %usr   %nice    %sys %iowait    %irq   %soft  %steal  %guest  %gnice   %idle
09時26分39秒    0   49.00    0.00   39.00    0.00    0.00    8.00    0.00    0.00    0.00    4.00
09時26分39秒    1   51.65    0.00   21.98    0.00    0.00    2.20    0.00    0.00    0.00   24.18

09時26分39秒  CPU    %usr   %nice    %sys %iowait    %irq   %soft  %steal  %guest  %gnice   %idle
09時26分40秒    0   52.53    0.00   36.36    0.00    0.00    7.07    0.00    0.00    0.00    4.04
09時26分40秒    1   56.12    0.00   32.65    0.00    0.00    2.04    0.00    0.00    0.00    9.18

09時26分40秒  CPU    %usr   %nice    %sys %iowait    %irq   %soft  %steal  %guest  %gnice   %idle
09時26分41秒    0   55.45    0.00   36.63    0.00    0.00    7.92    0.00    0.00    0.00    0.00
09時26分41秒    1   61.00    0.00   38.00    0.00    0.00    1.00    0.00    0.00    0.00    0.00

09時26分41秒  CPU    %usr   %nice    %sys %iowait    %irq   %soft  %steal  %guest  %gnice   %idle
09時26分42秒    0   51.00    0.00   33.00    0.00    0.00    7.00    0.00    0.00    0.00    9.00
09時26分42秒    1   63.64    0.00   32.32    0.00    0.00    1.01    0.00    0.00    0.00    3.03

09時26分42秒  CPU    %usr   %nice    %sys %iowait    %irq   %soft  %steal  %guest  %gnice   %idle
09時26分43秒    0   54.00    0.00   38.00    0.00    0.00    7.00    0.00    0.00    0.00    1.00
09時26分43秒    1   52.53    0.00   46.46    0.00    0.00    1.01    0.00    0.00    0.00    0.00

09時26分43秒  CPU    %usr   %nice    %sys %iowait    %irq   %soft  %steal  %guest  %gnice   %idle
09時26分44秒    0   55.56    0.00   37.37    0.00    0.00    6.06    0.00    0.00    0.00    1.01
09時26分44秒    1   60.40    0.00   38.61    0.00    0.00    0.99    0.00    0.00    0.00    0.00

09時26分44秒  CPU    %usr   %nice    %sys %iowait    %irq   %soft  %steal  %guest  %gnice   %idle
09時26分45秒    0   58.00    0.00   34.00    0.00    0.00    7.00    0.00    0.00    0.00    1.00
09時26分45秒    1   60.00    0.00   39.00    0.00    0.00    1.00    0.00    0.00    0.00    0.00

09時26分45秒  CPU    %usr   %nice    %sys %iowait    %irq   %soft  %steal  %guest  %gnice   %idle
09時26分46秒    0   59.00    0.00   34.00    0.00    0.00    7.00    0.00    0.00    0.00    0.00
09時26分46秒    1   59.60    0.00   40.40    0.00    0.00    0.00    0.00    0.00    0.00    0.00

09時26分46秒  CPU    %usr   %nice    %sys %iowait    %irq   %soft  %steal  %guest  %gnice   %idle
09時26分47秒    0   57.00    0.00   35.00    0.00    0.00    7.00    0.00    0.00    0.00    1.00
09時26分47秒    1   56.00    0.00   43.00    0.00    0.00    1.00    0.00    0.00    0.00    0.00

09時26分47秒  CPU    %usr   %nice    %sys %iowait    %irq   %soft  %steal  %guest  %gnice   %idle
09時26分48秒    0   52.48    0.00   39.60    0.00    0.00    6.93    0.00    0.00    0.00    0.99
09時26分48秒    1   58.42    0.00   40.59    0.00    0.00    0.99    0.00    0.00    0.00    0.00

09時26分48秒  CPU    %usr   %nice    %sys %iowait    %irq   %soft  %steal  %guest  %gnice   %idle
09時26分49秒    0   53.00    0.00   39.00    0.00    0.00    7.00    0.00    0.00    0.00    1.00
09時26分49秒    1   61.62    0.00   37.37    0.00    0.00    1.01    0.00    0.00    0.00    0.00

09時26分49秒  CPU    %usr   %nice    %sys %iowait    %irq   %soft  %steal  %guest  %gnice   %idle
09時26分50秒    0   52.53    0.00   40.40    0.00    0.00    7.07    0.00    0.00    0.00    0.00
09時26分50秒    1   54.46    0.00   44.55    0.00    0.00    0.99    0.00    0.00    0.00    0.00

09時26分50秒  CPU    %usr   %nice    %sys %iowait    %irq   %soft  %steal  %guest  %gnice   %idle
09時26分51秒    0   53.00    0.00   38.00    0.00    0.00    7.00    0.00    0.00    0.00    2.00
09時26分51秒    1   59.00    0.00   41.00    0.00    0.00    0.00    0.00    0.00    0.00    0.00

09時26分51秒  CPU    %usr   %nice    %sys %iowait    %irq   %soft  %steal  %guest  %gnice   %idle
09時26分52秒    0   50.00    0.00   41.00    0.00    0.00    8.00    0.00    0.00    0.00    1.00
09時26分52秒    1   56.00    0.00   42.00    0.00    1.00    1.00    0.00    0.00    0.00    0.00

09時26分52秒  CPU    %usr   %nice    %sys %iowait    %irq   %soft  %steal  %guest  %gnice   %idle
09時26分53秒    0   55.10    0.00   37.76    0.00    0.00    7.14    0.00    0.00    0.00    0.00
09時26分53秒    1   59.00    0.00   40.00    0.00    0.00    1.00    0.00    0.00    0.00    0.00

09時26分53秒  CPU    %usr   %nice    %sys %iowait    %irq   %soft  %steal  %guest  %gnice   %idle
09時26分54秒    0   53.92    0.00   36.27    0.00    0.98    7.84    0.00    0.00    0.00    0.98
09時26分54秒    1   55.00    0.00   44.00    0.00    0.00    1.00    0.00    0.00    0.00    0.00

09時26分54秒  CPU    %usr   %nice    %sys %iowait    %irq   %soft  %steal  %guest  %gnice   %idle
09時26分55秒    0   58.00    0.00   34.00    0.00    0.00    7.00    0.00    0.00    0.00    1.00
09時26分55秒    1   59.60    0.00   40.40    0.00    0.00    0.00    0.00    0.00    0.00    0.00

09時26分55秒  CPU    %usr   %nice    %sys %iowait    %irq   %soft  %steal  %guest  %gnice   %idle
09時26分56秒    0   53.00    0.00   38.00    0.00    0.00    8.00    0.00    0.00    0.00    1.00
09時26分56秒    1   57.43    0.00   41.58    0.00    0.00    0.99    0.00    0.00    0.00    0.00

09時26分56秒  CPU    %usr   %nice    %sys %iowait    %irq   %soft  %steal  %guest  %gnice   %idle
09時26分57秒    0   54.55    0.00   37.37    0.00    0.00    8.08    0.00    0.00    0.00    0.00
09時26分57秒    1   60.00    0.00   39.00    0.00    0.00    1.00    0.00    0.00    0.00    0.00

09時26分57秒  CPU    %usr   %nice    %sys %iowait    %irq   %soft  %steal  %guest  %gnice   %idle
09時26分58秒    0   55.56    0.00   32.32    0.00    0.00    7.07    0.00    0.00    0.00    5.05
09時26分58秒    1   57.00    0.00   42.00    0.00    0.00    1.00    0.00    0.00    0.00    0.00

09時26分58秒  CPU    %usr   %nice    %sys %iowait    %irq   %soft  %steal  %guest  %gnice   %idle
09時26分59秒    0   54.55    0.00   32.32    0.00    0.00    7.07    0.00    0.00    0.00    6.06
09時26分59秒    1   60.61    0.00   37.37    0.00    0.00    1.01    0.00    0.00    0.00    1.01

09時26分59秒  CPU    %usr   %nice    %sys %iowait    %irq   %soft  %steal  %guest  %gnice   %idle
09時27分00秒    0   52.94    0.00   35.29    0.00    0.00    7.84    0.00    0.00    0.00    3.92
09時27分00秒    1   49.44    0.00   22.47    0.00    0.00    2.25    0.00    0.00    0.00   25.84

09時27分00秒  CPU    %usr   %nice    %sys %iowait    %irq   %soft  %steal  %guest  %gnice   %idle
09時27分01秒    0   48.51    0.00   38.61    0.00    0.00    6.93    0.00    0.00    0.00    5.94
09時27分01秒    1   47.87    0.00   23.40    0.00    0.00    3.19    0.00    0.00    0.00   25.53

平均時間：  CPU    %usr   %nice    %sys %iowait    %irq   %soft  %steal  %guest  %gnice   %idle
平均時間：    0   53.02    0.00   37.50    0.00    0.06    7.61    0.00    0.00    0.00    1.81
平均時間：    1   57.26    0.00   39.37    0.02    0.07    1.02    0.00    0.00    0.00    2.27
