Linux 5.6.15-arch1-1 (archlinux) 	西元2020年06月29日 	_x86_64_	(12 CPU)

09時38分06秒  CPU    %usr   %nice    %sys %iowait    %irq   %soft  %steal  %guest  %gnice   %idle
09時38分07秒    0   45.54    0.00   40.59    0.00    0.00    6.93    0.00    0.00    0.00    6.93
09時38分07秒    1   54.64    0.00   30.93    0.00    0.00    2.06    0.00    0.00    0.00   12.37

09時38分07秒  CPU    %usr   %nice    %sys %iowait    %irq   %soft  %steal  %guest  %gnice   %idle
09時38分08秒    0   52.48    0.00   36.63    0.00    0.00    6.93    0.00    0.00    0.00    3.96
09時38分08秒    1   51.65    0.00   21.98    0.00    0.00    2.20    0.00    0.00    0.00   24.18

09時38分08秒  CPU    %usr   %nice    %sys %iowait    %irq   %soft  %steal  %guest  %gnice   %idle
09時38分09秒    0   52.94    0.00   35.29    0.00    0.00    7.84    0.00    0.00    0.00    3.92
09時38分09秒    1   49.46    0.00   23.66    0.00    0.00    3.23    0.00    0.00    0.00   23.66

09時38分09秒  CPU    %usr   %nice    %sys %iowait    %irq   %soft  %steal  %guest  %gnice   %idle
09時38分10秒    0   54.00    0.00   36.00    0.00    0.00    7.00    0.00    0.00    0.00    3.00
09時38分10秒    1   55.67    0.00   35.05    0.00    0.00    1.03    0.00    0.00    0.00    8.25

09時38分10秒  CPU    %usr   %nice    %sys %iowait    %irq   %soft  %steal  %guest  %gnice   %idle
09時38分11秒    0   55.00    0.00   36.00    0.00    0.00    8.00    0.00    0.00    0.00    1.00
09時38分11秒    1   59.41    0.00   38.61    0.00    0.99    0.99    0.00    0.00    0.00    0.00

09時38分11秒  CPU    %usr   %nice    %sys %iowait    %irq   %soft  %steal  %guest  %gnice   %idle
09時38分12秒    0   57.58    0.00   34.34    0.00    0.00    8.08    0.00    0.00    0.00    0.00
09時38分12秒    1   60.00    0.00   39.00    0.00    0.00    1.00    0.00    0.00    0.00    0.00

09時38分12秒  CPU    %usr   %nice    %sys %iowait    %irq   %soft  %steal  %guest  %gnice   %idle
09時38分13秒    0   52.48    0.00   37.62    0.00    0.99    7.92    0.00    0.00    0.00    0.99
09時38分13秒    1   55.00    0.00   43.00    0.00    0.00    1.00    0.00    0.00    0.00    1.00

09時38分13秒  CPU    %usr   %nice    %sys %iowait    %irq   %soft  %steal  %guest  %gnice   %idle
09時38分14秒    0   52.53    0.00   36.36    0.00    0.00    7.07    0.00    0.00    0.00    4.04
09時38分14秒    1   61.62    0.00   38.38    0.00    0.00    0.00    0.00    0.00    0.00    0.00

09時38分14秒  CPU    %usr   %nice    %sys %iowait    %irq   %soft  %steal  %guest  %gnice   %idle
09時38分15秒    0   54.46    0.00   36.63    0.00    0.00    7.92    0.00    0.00    0.00    0.99
09時38分15秒    1   57.00    0.00   42.00    0.00    0.00    1.00    0.00    0.00    0.00    0.00

09時38分15秒  CPU    %usr   %nice    %sys %iowait    %irq   %soft  %steal  %guest  %gnice   %idle
09時38分16秒    0   53.54    0.00   38.38    0.00    0.00    7.07    0.00    0.00    0.00    1.01
09時38分16秒    1   52.48    0.00   46.53    0.00    0.00    0.99    0.00    0.00    0.00    0.00

09時38分16秒  CPU    %usr   %nice    %sys %iowait    %irq   %soft  %steal  %guest  %gnice   %idle
09時38分17秒    0   56.57    0.00   35.35    0.00    0.00    8.08    0.00    0.00    0.00    0.00
09時38分17秒    1   64.65    0.00   34.34    0.00    0.00    1.01    0.00    0.00    0.00    0.00

09時38分17秒  CPU    %usr   %nice    %sys %iowait    %irq   %soft  %steal  %guest  %gnice   %idle
09時38分18秒    0   55.45    0.00   35.64    0.00    0.00    7.92    0.00    0.00    0.00    0.99
09時38分18秒    1   60.40    0.00   38.61    0.00    0.00    0.99    0.00    0.00    0.00    0.00

09時38分18秒  CPU    %usr   %nice    %sys %iowait    %irq   %soft  %steal  %guest  %gnice   %idle
09時38分19秒    0   51.00    0.00   41.00    0.00    0.00    7.00    0.00    0.00    0.00    1.00
09時38分19秒    1   57.00    0.00   42.00    0.00    1.00    0.00    0.00    0.00    0.00    0.00

09時38分19秒  CPU    %usr   %nice    %sys %iowait    %irq   %soft  %steal  %guest  %gnice   %idle
09時38分20秒    0   59.60    0.00   32.32    0.00    0.00    8.08    0.00    0.00    0.00    0.00
09時38分20秒    1   59.00    0.00   41.00    0.00    0.00    0.00    0.00    0.00    0.00    0.00

09時38分20秒  CPU    %usr   %nice    %sys %iowait    %irq   %soft  %steal  %guest  %gnice   %idle
09時38分21秒    0   51.52    0.00   39.39    0.00    0.00    7.07    0.00    0.00    0.00    2.02
09時38分21秒    1   56.57    0.00   43.43    0.00    0.00    0.00    0.00    0.00    0.00    0.00

09時38分21秒  CPU    %usr   %nice    %sys %iowait    %irq   %soft  %steal  %guest  %gnice   %idle
09時38分22秒    0   56.00    0.00   35.00    0.00    0.00    8.00    0.00    0.00    0.00    1.00
09時38分22秒    1   56.00    0.00   44.00    0.00    0.00    0.00    0.00    0.00    0.00    0.00

09時38分22秒  CPU    %usr   %nice    %sys %iowait    %irq   %soft  %steal  %guest  %gnice   %idle
09時38分23秒    0   56.44    0.00   34.65    0.00    0.00    7.92    0.00    0.00    0.00    0.99
09時38分23秒    1   54.00    0.00   46.00    0.00    0.00    0.00    0.00    0.00    0.00    0.00

09時38分23秒  CPU    %usr   %nice    %sys %iowait    %irq   %soft  %steal  %guest  %gnice   %idle
09時38分24秒    0   55.56    0.00   37.37    0.00    0.00    7.07    0.00    0.00    0.00    0.00
09時38分24秒    1   57.00    0.00   42.00    0.00    0.00    1.00    0.00    0.00    0.00    0.00

09時38分24秒  CPU    %usr   %nice    %sys %iowait    %irq   %soft  %steal  %guest  %gnice   %idle
09時38分25秒    0   49.49    0.00   41.41    0.00    0.00    8.08    0.00    0.00    0.00    1.01
09時38分25秒    1   60.00    0.00   40.00    0.00    0.00    0.00    0.00    0.00    0.00    0.00

09時38分25秒  CPU    %usr   %nice    %sys %iowait    %irq   %soft  %steal  %guest  %gnice   %idle
09時38分26秒    0   50.00    0.00   42.00    0.00    0.00    8.00    0.00    0.00    0.00    0.00
09時38分26秒    1   63.00    0.00   37.00    0.00    0.00    0.00    0.00    0.00    0.00    0.00

09時38分26秒  CPU    %usr   %nice    %sys %iowait    %irq   %soft  %steal  %guest  %gnice   %idle
09時38分27秒    0   54.00    0.00   38.00    0.00    0.00    7.00    0.00    0.00    0.00    1.00
09時38分27秒    1   56.00    0.00   43.00    0.00    0.00    1.00    0.00    0.00    0.00    0.00

09時38分27秒  CPU    %usr   %nice    %sys %iowait    %irq   %soft  %steal  %guest  %gnice   %idle
09時38分28秒    0   56.44    0.00   34.65    0.00    0.00    7.92    0.00    0.00    0.00    0.99
09時38分28秒    1   55.00    0.00   45.00    0.00    0.00    0.00    0.00    0.00    0.00    0.00

09時38分28秒  CPU    %usr   %nice    %sys %iowait    %irq   %soft  %steal  %guest  %gnice   %idle
09時38分29秒    0   56.57    0.00   35.35    0.00    0.00    8.08    0.00    0.00    0.00    0.00
09時38分29秒    1   61.00    0.00   39.00    0.00    0.00    0.00    0.00    0.00    0.00    0.00

09時38分29秒  CPU    %usr   %nice    %sys %iowait    %irq   %soft  %steal  %guest  %gnice   %idle
09時38分30秒    0   54.55    0.00   37.37    0.00    0.00    7.07    0.00    0.00    0.00    1.01
09時38分30秒    1   52.53    0.00   47.47    0.00    0.00    0.00    0.00    0.00    0.00    0.00

09時38分30秒  CPU    %usr   %nice    %sys %iowait    %irq   %soft  %steal  %guest  %gnice   %idle
09時38分31秒    0   57.28    0.00   33.01    0.00    0.97    7.77    0.00    0.00    0.00    0.97
09時38分31秒    1   56.44    0.00   42.57    0.00    0.00    0.99    0.00    0.00    0.00    0.00

09時38分31秒  CPU    %usr   %nice    %sys %iowait    %irq   %soft  %steal  %guest  %gnice   %idle
09時38分32秒    0   53.54    0.00   38.38    0.00    0.00    8.08    0.00    0.00    0.00    0.00
09時38分32秒    1   58.82    0.00   40.20    0.00    0.98    0.00    0.00    0.00    0.00    0.00

09時38分32秒  CPU    %usr   %nice    %sys %iowait    %irq   %soft  %steal  %guest  %gnice   %idle
09時38分33秒    0   55.00    0.00   37.00    0.00    0.00    7.00    0.00    0.00    0.00    1.00
09時38分33秒    1   56.57    0.00   43.43    0.00    0.00    0.00    0.00    0.00    0.00    0.00

09時38分33秒  CPU    %usr   %nice    %sys %iowait    %irq   %soft  %steal  %guest  %gnice   %idle
09時38分34秒    0   53.61    0.00   38.14    0.00    0.00    8.25    0.00    0.00    0.00    0.00
09時38分34秒    1   58.00    0.00   42.00    0.00    0.00    0.00    0.00    0.00    0.00    0.00

09時38分34秒  CPU    %usr   %nice    %sys %iowait    %irq   %soft  %steal  %guest  %gnice   %idle
09時38分35秒    0   52.00    0.00   39.00    0.00    0.00    8.00    0.00    0.00    0.00    1.00
09時38分35秒    1   54.00    0.00   46.00    0.00    0.00    0.00    0.00    0.00    0.00    0.00

09時38分35秒  CPU    %usr   %nice    %sys %iowait    %irq   %soft  %steal  %guest  %gnice   %idle
09時38分36秒    0   45.45    0.00   31.31    0.00    0.00    6.06    0.00    0.00    0.00   17.17
09時38分36秒    1   64.00    0.00   36.00    0.00    0.00    0.00    0.00    0.00    0.00    0.00

09時38分36秒  CPU    %usr   %nice    %sys %iowait    %irq   %soft  %steal  %guest  %gnice   %idle
09時38分37秒    0   39.60    0.00   36.63    0.00    0.00    5.94    0.00    0.00    0.00   17.82
09時38分37秒    1   62.77    0.00   19.15    0.00    0.00    4.26    0.00    0.00    0.00   13.83

09時38分37秒  CPU    %usr   %nice    %sys %iowait    %irq   %soft  %steal  %guest  %gnice   %idle
09時38分38秒    0   54.46    0.00   33.66    0.00    0.00    5.94    0.00    0.00    0.00    5.94
09時38分38秒    1   45.74    0.00   28.72    0.00    0.00    3.19    0.00    0.00    0.00   22.34

09時38分38秒  CPU    %usr   %nice    %sys %iowait    %irq   %soft  %steal  %guest  %gnice   %idle
09時38分39秒    0   49.50    0.00   35.64    0.00    0.00    6.93    0.00    0.00    0.00    7.92
09時38分39秒    1   50.54    0.00   23.66    0.00    0.00    3.23    0.00    0.00    0.00   22.58

09時38分39秒  CPU    %usr   %nice    %sys %iowait    %irq   %soft  %steal  %guest  %gnice   %idle
09時38分40秒    0   54.90    0.00   33.33    0.00    0.00    6.86    0.00    0.00    0.00    4.90
09時38分40秒    1   47.31    0.00   22.58    0.00    0.00    3.23    0.00    0.00    0.00   26.88

09時38分40秒  CPU    %usr   %nice    %sys %iowait    %irq   %soft  %steal  %guest  %gnice   %idle
09時38分41秒    0   51.02    0.00   37.76    0.00    0.00    6.12    0.00    0.00    0.00    5.10
09時38分41秒    1   53.76    0.00   19.35    0.00    0.00    2.15    0.00    0.00    0.00   24.73

09時38分41秒  CPU    %usr   %nice    %sys %iowait    %irq   %soft  %steal  %guest  %gnice   %idle
09時38分42秒    0   50.00    0.00   37.00    0.00    0.00    7.00    0.00    0.00    0.00    6.00
09時38分42秒    1   52.17    0.00   20.65    0.00    0.00    3.26    0.00    0.00    0.00   23.91

09時38分42秒  CPU    %usr   %nice    %sys %iowait    %irq   %soft  %steal  %guest  %gnice   %idle
09時38分43秒    0   48.00    0.00   34.00    0.00    0.00    6.00    0.00    0.00    0.00   12.00
09時38分43秒    1   51.09    0.00   23.91    0.00    0.00    2.17    0.00    0.00    0.00   22.83

09時38分43秒  CPU    %usr   %nice    %sys %iowait    %irq   %soft  %steal  %guest  %gnice   %idle
09時38分44秒    0   59.00    0.00   33.00    0.00    0.00    7.00    0.00    0.00    0.00    1.00
09時38分44秒    1   55.56    0.00   39.39    0.00    0.00    1.01    0.00    0.00    0.00    4.04

09時38分44秒  CPU    %usr   %nice    %sys %iowait    %irq   %soft  %steal  %guest  %gnice   %idle
09時38分45秒    0   53.00    0.00   39.00    0.00    0.00    7.00    0.00    0.00    0.00    1.00
09時38分45秒    1   56.00    0.00   43.00    0.00    0.00    1.00    0.00    0.00    0.00    0.00

09時38分45秒  CPU    %usr   %nice    %sys %iowait    %irq   %soft  %steal  %guest  %gnice   %idle
09時38分46秒    0   54.55    0.00   37.37    0.00    0.00    7.07    0.00    0.00    0.00    1.01
09時38分46秒    1   58.00    0.00   40.00    0.00    0.00    1.00    0.00    0.00    0.00    1.00

09時38分46秒  CPU    %usr   %nice    %sys %iowait    %irq   %soft  %steal  %guest  %gnice   %idle
09時38分47秒    0   53.00    0.00   39.00    0.00    0.00    7.00    0.00    0.00    0.00    1.00
09時38分47秒    1   57.00    0.00   42.00    0.00    0.00    1.00    0.00    0.00    0.00    0.00

09時38分47秒  CPU    %usr   %nice    %sys %iowait    %irq   %soft  %steal  %guest  %gnice   %idle
09時38分48秒    0   53.47    0.00   37.62    0.00    0.99    6.93    0.00    0.00    0.00    0.99
09時38分48秒    1   59.60    0.00   40.40    0.00    0.00    0.00    0.00    0.00    0.00    0.00

09時38分48秒  CPU    %usr   %nice    %sys %iowait    %irq   %soft  %steal  %guest  %gnice   %idle
09時38分49秒    0   57.00    0.00   35.00    0.00    0.00    7.00    0.00    0.00    0.00    1.00
09時38分49秒    1   61.39    0.00   36.63    0.00    0.99    0.99    0.00    0.00    0.00    0.00

09時38分49秒  CPU    %usr   %nice    %sys %iowait    %irq   %soft  %steal  %guest  %gnice   %idle
09時38分50秒    0   53.00    0.00   39.00    0.00    0.00    8.00    0.00    0.00    0.00    0.00
09時38分50秒    1   60.00    0.00   39.00    0.00    0.00    1.00    0.00    0.00    0.00    0.00

09時38分50秒  CPU    %usr   %nice    %sys %iowait    %irq   %soft  %steal  %guest  %gnice   %idle
09時38分51秒    0   55.56    0.00   36.36    0.00    0.00    7.07    0.00    0.00    0.00    1.01
09時38分51秒    1   54.00    0.00   45.00    0.00    0.00    1.00    0.00    0.00    0.00    0.00

09時38分51秒  CPU    %usr   %nice    %sys %iowait    %irq   %soft  %steal  %guest  %gnice   %idle
09時38分52秒    0   53.54    0.00   38.38    0.00    0.00    8.08    0.00    0.00    0.00    0.00
09時38分52秒    1   52.00    0.00   47.00    0.00    0.00    1.00    0.00    0.00    0.00    0.00

09時38分52秒  CPU    %usr   %nice    %sys %iowait    %irq   %soft  %steal  %guest  %gnice   %idle
09時38分53秒    0   51.96    0.00   39.22    0.00    0.00    7.84    0.00    0.00    0.00    0.98
09時38分53秒    1   54.55    0.00   45.45    0.00    0.00    0.00    0.00    0.00    0.00    0.00

09時38分53秒  CPU    %usr   %nice    %sys %iowait    %irq   %soft  %steal  %guest  %gnice   %idle
09時38分54秒    0   54.55    0.00   37.37    0.00    0.00    7.07    0.00    0.00    0.00    1.01
09時38分54秒    1   55.45    0.00   43.56    0.00    0.00    0.99    0.00    0.00    0.00    0.00

09時38分54秒  CPU    %usr   %nice    %sys %iowait    %irq   %soft  %steal  %guest  %gnice   %idle
09時38分55秒    0   52.00    0.00   39.00    0.00    0.00    8.00    0.00    0.00    0.00    1.00
09時38分55秒    1   59.00    0.00   40.00    0.00    0.00    1.00    0.00    0.00    0.00    0.00

09時38分55秒  CPU    %usr   %nice    %sys %iowait    %irq   %soft  %steal  %guest  %gnice   %idle
09時38分56秒    0   54.55    0.00   38.38    0.00    0.00    7.07    0.00    0.00    0.00    0.00
09時38分56秒    1   58.59    0.00   40.40    0.00    0.00    1.01    0.00    0.00    0.00    0.00

09時38分56秒  CPU    %usr   %nice    %sys %iowait    %irq   %soft  %steal  %guest  %gnice   %idle
09時38分57秒    0   49.50    0.00   41.58    0.00    0.00    7.92    0.00    0.00    0.00    0.99
09時38分57秒    1   57.00    0.00   43.00    0.00    0.00    0.00    0.00    0.00    0.00    0.00

09時38分57秒  CPU    %usr   %nice    %sys %iowait    %irq   %soft  %steal  %guest  %gnice   %idle
09時38分58秒    0   49.49    0.00   42.42    0.00    0.00    7.07    0.00    0.00    0.00    1.01
09時38分58秒    1   61.00    0.00   38.00    0.00    0.00    1.00    0.00    0.00    0.00    0.00

09時38分58秒  CPU    %usr   %nice    %sys %iowait    %irq   %soft  %steal  %guest  %gnice   %idle
09時38分59秒    0   53.00    0.00   39.00    0.00    0.00    8.00    0.00    0.00    0.00    0.00
09時38分59秒    1   49.00    0.00   50.00    0.00    0.00    1.00    0.00    0.00    0.00    0.00

09時38分59秒  CPU    %usr   %nice    %sys %iowait    %irq   %soft  %steal  %guest  %gnice   %idle
09時39分00秒    0   55.56    0.00   36.36    0.00    0.00    7.07    0.00    0.00    0.00    1.01
09時39分00秒    1   61.00    0.00   38.00    0.00    0.00    1.00    0.00    0.00    0.00    0.00

09時39分00秒  CPU    %usr   %nice    %sys %iowait    %irq   %soft  %steal  %guest  %gnice   %idle
09時39分01秒    0   51.00    0.00   40.00    0.00    0.00    8.00    0.00    0.00    0.00    1.00
09時39分01秒    1   56.00    0.00   40.00    0.00    0.00    1.00    0.00    0.00    0.00    3.00

09時39分01秒  CPU    %usr   %nice    %sys %iowait    %irq   %soft  %steal  %guest  %gnice   %idle
09時39分02秒    0   56.57    0.00   35.35    0.00    0.00    7.07    0.00    0.00    0.00    1.01
09時39分02秒    1   55.00    0.00   45.00    0.00    0.00    0.00    0.00    0.00    0.00    0.00

09時39分02秒  CPU    %usr   %nice    %sys %iowait    %irq   %soft  %steal  %guest  %gnice   %idle
09時39分03秒    0   46.00    0.00   35.00    0.00    0.00    7.00    0.00    0.00    0.00   12.00
09時39分03秒    1   59.18    0.00   25.51    0.00    0.00    2.04    0.00    0.00    0.00   13.27

09時39分03秒  CPU    %usr   %nice    %sys %iowait    %irq   %soft  %steal  %guest  %gnice   %idle
09時39分04秒    0   50.00    0.00   37.00    0.00    0.00    7.00    0.00    0.00    0.00    6.00
09時39分04秒    1   47.31    0.00   23.66    0.00    0.00    3.23    0.00    0.00    0.00   25.81

09時39分04秒  CPU    %usr   %nice    %sys %iowait    %irq   %soft  %steal  %guest  %gnice   %idle
09時39分05秒    0   51.49    0.00   35.64    0.00    0.99    6.93    0.00    0.00    0.00    4.95
09時39分05秒    1   46.15    0.00   27.47    0.00    0.00    2.20    0.00    0.00    0.00   24.18

09時39分05秒  CPU    %usr   %nice    %sys %iowait    %irq   %soft  %steal  %guest  %gnice   %idle
09時39分06秒    0   50.50    0.00   37.62    0.00    0.00    6.93    0.00    0.00    0.00    4.95
09時39分06秒    1   48.39    0.00   23.66    0.00    0.00    3.23    0.00    0.00    0.00   24.73

09時39分06秒  CPU    %usr   %nice    %sys %iowait    %irq   %soft  %steal  %guest  %gnice   %idle
09時39分07秒    0   57.00    0.00   34.00    0.00    0.00    7.00    0.00    0.00    0.00    2.00
09時39分07秒    1   54.08    0.00   34.69    0.00    1.02    1.02    0.00    0.00    0.00    9.18

09時39分07秒  CPU    %usr   %nice    %sys %iowait    %irq   %soft  %steal  %guest  %gnice   %idle
09時39分08秒    0   54.00    0.00   37.00    0.00    0.00    8.00    0.00    0.00    0.00    1.00
09時39分08秒    1   57.43    0.00   41.58    0.00    0.00    0.99    0.00    0.00    0.00    0.00

09時39分08秒  CPU    %usr   %nice    %sys %iowait    %irq   %soft  %steal  %guest  %gnice   %idle
09時39分09秒    0   45.54    0.00   33.66    0.00    0.00    6.93    0.00    0.00    0.00   13.86
09時39分09秒    1   61.22    0.00   33.67    0.00    0.00    1.02    0.00    0.00    0.00    4.08

09時39分09秒  CPU    %usr   %nice    %sys %iowait    %irq   %soft  %steal  %guest  %gnice   %idle
09時39分10秒    0   50.00    0.00   42.00    0.00    0.00    7.00    0.00    0.00    0.00    1.00
09時39分10秒    1   63.00    0.00   36.00    0.00    0.00    1.00    0.00    0.00    0.00    0.00

09時39分10秒  CPU    %usr   %nice    %sys %iowait    %irq   %soft  %steal  %guest  %gnice   %idle
09時39分11秒    0   56.00    0.00   36.00    0.00    0.00    8.00    0.00    0.00    0.00    0.00
09時39分11秒    1   57.00    0.00   42.00    0.00    0.00    1.00    0.00    0.00    0.00    0.00

09時39分11秒  CPU    %usr   %nice    %sys %iowait    %irq   %soft  %steal  %guest  %gnice   %idle
09時39分12秒    0   51.52    0.00   40.40    0.00    0.00    7.07    0.00    0.00    0.00    1.01
09時39分12秒    1   58.42    0.00   39.60    0.00    0.00    0.99    0.00    0.00    0.00    0.99

09時39分12秒  CPU    %usr   %nice    %sys %iowait    %irq   %soft  %steal  %guest  %gnice   %idle
09時39分13秒    0   50.98    0.00   40.20    0.00    0.00    7.84    0.00    0.00    0.00    0.98
09時39分13秒    1   59.00    0.00   40.00    0.00    0.00    1.00    0.00    0.00    0.00    0.00

09時39分13秒  CPU    %usr   %nice    %sys %iowait    %irq   %soft  %steal  %guest  %gnice   %idle
09時39分14秒    0   55.10    0.00   36.73    0.00    0.00    7.14    0.00    0.00    0.00    1.02
09時39分14秒    1   60.20    0.00   39.80    0.00    0.00    0.00    0.00    0.00    0.00    0.00

09時39分14秒  CPU    %usr   %nice    %sys %iowait    %irq   %soft  %steal  %guest  %gnice   %idle
09時39分15秒    0   51.52    0.00   40.40    0.00    0.00    8.08    0.00    0.00    0.00    0.00
09時39分15秒    1   55.45    0.00   43.56    0.00    0.00    0.99    0.00    0.00    0.00    0.00

09時39分15秒  CPU    %usr   %nice    %sys %iowait    %irq   %soft  %steal  %guest  %gnice   %idle
09時39分16秒    0   53.54    0.00   35.35    0.00    0.00    7.07    0.00    0.00    0.00    4.04
09時39分16秒    1   58.00    0.00   41.00    0.00    0.00    1.00    0.00    0.00    0.00    0.00

09時39分16秒  CPU    %usr   %nice    %sys %iowait    %irq   %soft  %steal  %guest  %gnice   %idle
09時39分17秒    0   54.00    0.00   38.00    0.00    0.00    7.00    0.00    0.00    0.00    1.00
09時39分17秒    1   62.00    0.00   37.00    0.00    0.00    1.00    0.00    0.00    0.00    0.00

09時39分17秒  CPU    %usr   %nice    %sys %iowait    %irq   %soft  %steal  %guest  %gnice   %idle
09時39分18秒    0   57.43    0.00   33.66    0.00    0.00    7.92    0.00    0.00    0.00    0.99
09時39分18秒    1   57.58    0.00   42.42    0.00    0.00    0.00    0.00    0.00    0.00    0.00

09時39分18秒  CPU    %usr   %nice    %sys %iowait    %irq   %soft  %steal  %guest  %gnice   %idle
09時39分19秒    0   51.00    0.00   41.00    0.00    0.00    8.00    0.00    0.00    0.00    0.00
09時39分19秒    1   56.00    0.00   43.00    0.00    0.00    1.00    0.00    0.00    0.00    0.00

09時39分19秒  CPU    %usr   %nice    %sys %iowait    %irq   %soft  %steal  %guest  %gnice   %idle
09時39分20秒    0   56.57    0.00   35.35    0.00    0.00    7.07    0.00    0.00    0.00    1.01
09時39分20秒    1   62.00    0.00   37.00    0.00    0.00    1.00    0.00    0.00    0.00    0.00

09時39分20秒  CPU    %usr   %nice    %sys %iowait    %irq   %soft  %steal  %guest  %gnice   %idle
09時39分21秒    0   49.00    0.00   43.00    0.00    0.00    7.00    0.00    0.00    0.00    1.00
09時39分21秒    1   55.00    0.00   43.00    0.00    0.00    1.00    0.00    0.00    0.00    1.00

09時39分21秒  CPU    %usr   %nice    %sys %iowait    %irq   %soft  %steal  %guest  %gnice   %idle
09時39分22秒    0   55.88    0.00   34.31    0.00    0.98    7.84    0.00    0.00    0.00    0.98
09時39分22秒    1   58.42    0.00   40.59    0.00    0.00    0.99    0.00    0.00    0.00    0.00

09時39分22秒  CPU    %usr   %nice    %sys %iowait    %irq   %soft  %steal  %guest  %gnice   %idle
09時39分23秒    0   47.96    0.00   28.57    0.00    0.00    6.12    0.00    0.00    0.00   17.35
09時39分23秒    1   64.58    0.00   27.08    0.00    0.00    1.04    0.00    0.00    0.00    7.29

09時39分23秒  CPU    %usr   %nice    %sys %iowait    %irq   %soft  %steal  %guest  %gnice   %idle
09時39分24秒    0   52.00    0.00   39.00    0.00    0.00    8.00    0.00    0.00    0.00    1.00
09時39分24秒    1   53.54    0.00   38.38    0.00    1.01    1.01    0.00    0.00    0.00    6.06

09時39分24秒  CPU    %usr   %nice    %sys %iowait    %irq   %soft  %steal  %guest  %gnice   %idle
09時39分25秒    0   56.12    0.00   36.73    0.00    0.00    7.14    0.00    0.00    0.00    0.00
09時39分25秒    1   59.41    0.00   39.60    0.00    0.00    0.99    0.00    0.00    0.00    0.00

09時39分25秒  CPU    %usr   %nice    %sys %iowait    %irq   %soft  %steal  %guest  %gnice   %idle
09時39分26秒    0   56.57    0.00   34.34    0.00    0.00    8.08    0.00    0.00    0.00    1.01
09時39分26秒    1   57.00    0.00   42.00    0.00    0.00    1.00    0.00    0.00    0.00    0.00

09時39分26秒  CPU    %usr   %nice    %sys %iowait    %irq   %soft  %steal  %guest  %gnice   %idle
09時39分27秒    0   57.00    0.00   35.00    0.00    0.00    7.00    0.00    0.00    0.00    1.00
09時39分27秒    1   58.59    0.00   40.40    0.00    0.00    1.01    0.00    0.00    0.00    0.00

09時39分27秒  CPU    %usr   %nice    %sys %iowait    %irq   %soft  %steal  %guest  %gnice   %idle
09時39分28秒    0   56.44    0.00   34.65    0.00    0.00    7.92    0.00    0.00    0.00    0.99
09時39分28秒    1   60.00    0.00   40.00    0.00    0.00    0.00    0.00    0.00    0.00    0.00

09時39分28秒  CPU    %usr   %nice    %sys %iowait    %irq   %soft  %steal  %guest  %gnice   %idle
09時39分29秒    0   56.57    0.00   36.36    0.00    0.00    7.07    0.00    0.00    0.00    0.00
09時39分29秒    1   54.00    0.00   45.00    0.00    0.00    1.00    0.00    0.00    0.00    0.00

09時39分29秒  CPU    %usr   %nice    %sys %iowait    %irq   %soft  %steal  %guest  %gnice   %idle
09時39分30秒    0   54.46    0.00   36.63    0.00    0.00    7.92    0.00    0.00    0.00    0.99
09時39分30秒    1   62.00    0.00   37.00    0.00    0.00    1.00    0.00    0.00    0.00    0.00

09時39分30秒  CPU    %usr   %nice    %sys %iowait    %irq   %soft  %steal  %guest  %gnice   %idle
09時39分31秒    0   53.00    0.00   39.00    0.00    0.00    7.00    0.00    0.00    0.00    1.00
09時39分31秒    1   58.00    0.00   40.00    0.00    0.00    1.00    0.00    0.00    0.00    1.00

09時39分31秒  CPU    %usr   %nice    %sys %iowait    %irq   %soft  %steal  %guest  %gnice   %idle
09時39分32秒    0   56.00    0.00   36.00    0.00    0.00    8.00    0.00    0.00    0.00    0.00
09時39分32秒    1   57.43    0.00   41.58    0.00    0.00    0.99    0.00    0.00    0.00    0.00

09時39分32秒  CPU    %usr   %nice    %sys %iowait    %irq   %soft  %steal  %guest  %gnice   %idle
09時39分33秒    0   50.51    0.00   41.41    0.00    0.00    7.07    0.00    0.00    0.00    1.01
09時39分33秒    1   58.59    0.00   40.40    0.00    0.00    1.01    0.00    0.00    0.00    0.00

09時39分33秒  CPU    %usr   %nice    %sys %iowait    %irq   %soft  %steal  %guest  %gnice   %idle
09時39分34秒    0   44.90    0.00   33.67    0.00    0.00    7.14    0.00    0.00    0.00   14.29
09時39分34秒    1   64.65    0.00   30.30    0.00    0.00    1.01    0.00    0.00    0.00    4.04

09時39分34秒  CPU    %usr   %nice    %sys %iowait    %irq   %soft  %steal  %guest  %gnice   %idle
09時39分35秒    0   52.00    0.00   40.00    0.00    0.00    7.00    0.00    0.00    0.00    1.00
09時39分35秒    1   57.58    0.00   39.39    0.00    0.00    1.01    0.00    0.00    0.00    2.02

09時39分35秒  CPU    %usr   %nice    %sys %iowait    %irq   %soft  %steal  %guest  %gnice   %idle
09時39分36秒    0   56.44    0.00   34.65    0.00    0.00    7.92    0.00    0.00    0.00    0.99
09時39分36秒    1   55.45    0.00   43.56    0.00    0.00    0.99    0.00    0.00    0.00    0.00

09時39分36秒  CPU    %usr   %nice    %sys %iowait    %irq   %soft  %steal  %guest  %gnice   %idle
09時39分37秒    0   54.55    0.00   37.37    0.00    0.00    7.07    0.00    0.00    0.00    1.01
09時39分37秒    1   58.16    0.00   41.84    0.00    0.00    0.00    0.00    0.00    0.00    0.00

09時39分37秒  CPU    %usr   %nice    %sys %iowait    %irq   %soft  %steal  %guest  %gnice   %idle
09時39分38秒    0   55.56    0.00   36.36    0.00    0.00    8.08    0.00    0.00    0.00    0.00
09時39分38秒    1   51.49    0.00   47.52    0.00    0.00    0.99    0.00    0.00    0.00    0.00

09時39分38秒  CPU    %usr   %nice    %sys %iowait    %irq   %soft  %steal  %guest  %gnice   %idle
09時39分39秒    0   62.63    0.00   29.29    0.00    0.00    7.07    0.00    0.00    0.00    1.01
09時39分39秒    1   55.00    0.00   44.00    0.00    0.00    1.00    0.00    0.00    0.00    0.00

09時39分39秒  CPU    %usr   %nice    %sys %iowait    %irq   %soft  %steal  %guest  %gnice   %idle
09時39分40秒    0   35.00    0.00   23.00    0.00    1.00    5.00    0.00    0.00    0.00   36.00
09時39分40秒    1   67.35    0.00   27.55    0.00    0.00    2.04    0.00    0.00    0.00    3.06

09時39分40秒  CPU    %usr   %nice    %sys %iowait    %irq   %soft  %steal  %guest  %gnice   %idle
09時39分41秒    0   53.00    0.00   39.00    0.00    0.00    7.00    0.00    0.00    0.00    1.00
09時39分41秒    1   53.00    0.00   40.00    0.00    1.00    1.00    0.00    0.00    0.00    5.00

09時39分41秒  CPU    %usr   %nice    %sys %iowait    %irq   %soft  %steal  %guest  %gnice   %idle
09時39分42秒    0   56.57    0.00   35.35    0.00    0.00    7.07    0.00    0.00    0.00    1.01
09時39分42秒    1   54.55    0.00   44.44    0.00    0.00    1.01    0.00    0.00    0.00    0.00

09時39分42秒  CPU    %usr   %nice    %sys %iowait    %irq   %soft  %steal  %guest  %gnice   %idle
09時39分43秒    0   49.00    0.00   43.00    0.00    0.00    7.00    0.00    0.00    0.00    1.00
09時39分43秒    1   54.46    0.00   44.55    0.00    0.00    0.99    0.00    0.00    0.00    0.00

09時39分43秒  CPU    %usr   %nice    %sys %iowait    %irq   %soft  %steal  %guest  %gnice   %idle
09時39分44秒    0   54.00    0.00   38.00    0.00    0.00    7.00    0.00    0.00    0.00    1.00
09時39分44秒    1   56.57    0.00   42.42    0.00    0.00    1.01    0.00    0.00    0.00    0.00

09時39分44秒  CPU    %usr   %nice    %sys %iowait    %irq   %soft  %steal  %guest  %gnice   %idle
09時39分45秒    0   55.56    0.00   37.37    0.00    0.00    7.07    0.00    0.00    0.00    0.00
09時39分45秒    1   61.00    0.00   39.00    0.00    0.00    0.00    0.00    0.00    0.00    0.00

09時39分45秒  CPU    %usr   %nice    %sys %iowait    %irq   %soft  %steal  %guest  %gnice   %idle
09時39分46秒    0   60.61    0.00   32.32    0.00    0.00    6.06    0.00    0.00    0.00    1.01
09時39分46秒    1   56.00    0.00   43.00    0.00    0.00    1.00    0.00    0.00    0.00    0.00

09時39分46秒  CPU    %usr   %nice    %sys %iowait    %irq   %soft  %steal  %guest  %gnice   %idle
09時39分47秒    0   59.00    0.00   33.00    0.00    0.00    7.00    0.00    0.00    0.00    1.00
09時39分47秒    1   58.00    0.00   41.00    0.00    0.00    1.00    0.00    0.00    0.00    0.00

09時39分47秒  CPU    %usr   %nice    %sys %iowait    %irq   %soft  %steal  %guest  %gnice   %idle
09時39分48秒    0   54.46    0.00   37.62    0.00    0.00    6.93    0.00    0.00    0.00    0.99
09時39分48秒    1   55.56    0.00   43.43    0.00    0.00    1.01    0.00    0.00    0.00    0.00

09時39分48秒  CPU    %usr   %nice    %sys %iowait    %irq   %soft  %steal  %guest  %gnice   %idle
09時39分49秒    0   49.00    0.00   31.00    0.00    0.00    7.00    0.00    0.00    0.00   13.00
09時39分49秒    1   66.00    0.00   33.00    0.00    0.00    1.00    0.00    0.00    0.00    0.00

09時39分49秒  CPU    %usr   %nice    %sys %iowait    %irq   %soft  %steal  %guest  %gnice   %idle
09時39分50秒    0   50.00    0.00   36.00    0.00    0.00    7.00    0.00    0.00    0.00    7.00
09時39分50秒    1   49.45    0.00   20.88    0.00    0.00    2.20    0.00    0.00    0.00   27.47

09時39分50秒  CPU    %usr   %nice    %sys %iowait    %irq   %soft  %steal  %guest  %gnice   %idle
09時39分51秒    0   51.00    0.00   36.00    0.00    0.00    7.00    0.00    0.00    0.00    6.00
09時39分51秒    1   48.35    0.00   25.27    0.00    0.00    3.30    0.00    0.00    0.00   23.08

09時39分51秒  CPU    %usr   %nice    %sys %iowait    %irq   %soft  %steal  %guest  %gnice   %idle
09時39分52秒    0   55.45    0.00   31.68    0.00    0.00    6.93    0.00    0.00    0.00    5.94
09時39分52秒    1   48.35    0.00   23.08    0.00    0.00    2.20    0.00    0.00    0.00   26.37

09時39分52秒  CPU    %usr   %nice    %sys %iowait    %irq   %soft  %steal  %guest  %gnice   %idle
09時39分53秒    0   49.51    0.00   36.89    0.00    0.00    6.80    0.00    0.00    0.00    6.80
09時39分53秒    1   51.06    0.00   23.40    0.00    0.00    3.19    0.00    0.00    0.00   22.34

09時39分53秒  CPU    %usr   %nice    %sys %iowait    %irq   %soft  %steal  %guest  %gnice   %idle
09時39分54秒    0   50.00    0.00   36.00    0.00    0.00    7.00    0.00    0.00    0.00    7.00
09時39分54秒    1   53.85    0.00   19.78    0.00    0.00    2.20    0.00    0.00    0.00   24.18

09時39分54秒  CPU    %usr   %nice    %sys %iowait    %irq   %soft  %steal  %guest  %gnice   %idle
09時39分55秒    0   55.00    0.00   33.00    0.00    0.00    7.00    0.00    0.00    0.00    5.00
09時39分55秒    1   51.06    0.00   21.28    0.00    0.00    3.19    0.00    0.00    0.00   24.47

09時39分55秒  CPU    %usr   %nice    %sys %iowait    %irq   %soft  %steal  %guest  %gnice   %idle
09時39分56秒    0   53.92    0.00   32.35    0.00    0.00    6.86    0.00    0.00    0.00    6.86
09時39分56秒    1   52.13    0.00   21.28    0.00    0.00    2.13    0.00    0.00    0.00   24.47

09時39分56秒  CPU    %usr   %nice    %sys %iowait    %irq   %soft  %steal  %guest  %gnice   %idle
09時39分57秒    0   50.00    0.00   36.00    0.00    1.00    7.00    0.00    0.00    0.00    6.00
09時39分57秒    1   51.65    0.00   19.78    0.00    0.00    2.20    0.00    0.00    0.00   26.37

09時39分57秒  CPU    %usr   %nice    %sys %iowait    %irq   %soft  %steal  %guest  %gnice   %idle
09時39分58秒    0   50.00    0.00   37.76    0.00    0.00    7.14    0.00    0.00    0.00    5.10
09時39分58秒    1   53.19    0.00   19.15    0.00    0.00    3.19    0.00    0.00    0.00   24.47

09時39分58秒  CPU    %usr   %nice    %sys %iowait    %irq   %soft  %steal  %guest  %gnice   %idle
09時39分59秒    0   50.98    0.00   36.27    0.00    0.00    6.86    0.00    0.00    0.00    5.88
09時39分59秒    1   52.63    0.00   21.05    0.00    1.05    2.11    0.00    0.00    0.00   23.16

09時39分59秒  CPU    %usr   %nice    %sys %iowait    %irq   %soft  %steal  %guest  %gnice   %idle
09時40分00秒    0   50.98    0.00   34.31    0.00    0.00    6.86    0.00    0.00    0.00    7.84
09時40分00秒    1   48.91    0.00   25.00    0.00    0.00    3.26    0.00    0.00    0.00   22.83

09時40分00秒  CPU    %usr   %nice    %sys %iowait    %irq   %soft  %steal  %guest  %gnice   %idle
09時40分01秒    0   52.00    0.00   36.00    0.00    0.00    7.00    0.00    0.00    0.00    5.00
09時40分01秒    1   46.74    0.00   25.00    0.00    0.00    2.17    0.00    0.00    0.00   26.09

09時40分01秒  CPU    %usr   %nice    %sys %iowait    %irq   %soft  %steal  %guest  %gnice   %idle
09時40分02秒    0   53.47    0.00   32.67    0.00    0.00    6.93    0.00    0.00    0.00    6.93
09時40分02秒    1   49.46    0.00   23.66    0.00    0.00    3.23    0.00    0.00    0.00   23.66

09時40分02秒  CPU    %usr   %nice    %sys %iowait    %irq   %soft  %steal  %guest  %gnice   %idle
09時40分03秒    0   50.00    0.00   36.27    0.00    0.00    6.86    0.00    0.00    0.00    6.86
09時40分03秒    1   51.09    0.00   22.83    0.00    0.00    2.17    0.00    0.00    0.00   23.91

09時40分03秒  CPU    %usr   %nice    %sys %iowait    %irq   %soft  %steal  %guest  %gnice   %idle
09時40分04秒    0   52.00    0.00   35.00    0.00    0.00    7.00    0.00    0.00    0.00    6.00
09時40分04秒    1   48.35    0.00   21.98    0.00    0.00    3.30    0.00    0.00    0.00   26.37

09時40分04秒  CPU    %usr   %nice    %sys %iowait    %irq   %soft  %steal  %guest  %gnice   %idle
09時40分05秒    0   51.96    0.00   34.31    0.00    0.00    6.86    0.00    0.00    0.00    6.86
09時40分05秒    1   51.61    0.00   21.51    0.00    0.00    2.15    0.00    0.00    0.00   24.73

09時40分05秒  CPU    %usr   %nice    %sys %iowait    %irq   %soft  %steal  %guest  %gnice   %idle
09時40分06秒    0   47.52    0.00   39.60    0.00    0.00    7.92    0.00    0.00    0.00    4.95
09時40分06秒    1   47.83    0.00   23.91    0.00    0.00    3.26    0.00    0.00    0.00   25.00

平均時間：  CPU    %usr   %nice    %sys %iowait    %irq   %soft  %steal  %guest  %gnice   %idle
平均時間：    0   52.90    0.00   36.51    0.00    0.06    7.26    0.00    0.00    0.00    3.28
平均時間：    1   56.10    0.00   36.39    0.00    0.07    1.22    0.00    0.00    0.00    6.22
