Linux 5.6.15-arch1-1 (archlinux) 	西元2020年06月29日 	_x86_64_	(12 CPU)

09時22分24秒  CPU    %usr   %nice    %sys %iowait    %irq   %soft  %steal  %guest  %gnice   %idle
09時22分25秒    0   58.16    0.00   31.63    0.00    0.00    8.16    0.00    0.00    0.00    2.04
09時22分25秒    1   55.00    0.00   44.00    0.00    0.00    1.00    0.00    0.00    0.00    0.00

09時22分25秒  CPU    %usr   %nice    %sys %iowait    %irq   %soft  %steal  %guest  %gnice   %idle
09時22分26秒    0   55.10    0.00   34.69    0.00    0.00    8.16    0.00    0.00    0.00    2.04
09時22分26秒    1   52.00    0.00   47.00    0.00    0.00    1.00    0.00    0.00    0.00    0.00

09時22分26秒  CPU    %usr   %nice    %sys %iowait    %irq   %soft  %steal  %guest  %gnice   %idle
09時22分27秒    0   58.00    0.00   31.00    0.00    0.00    9.00    0.00    0.00    0.00    2.00
09時22分27秒    1   54.00    0.00   45.00    0.00    0.00    1.00    0.00    0.00    0.00    0.00

09時22分27秒  CPU    %usr   %nice    %sys %iowait    %irq   %soft  %steal  %guest  %gnice   %idle
09時22分28秒    0   52.53    0.00   39.39    0.00    0.00    8.08    0.00    0.00    0.00    0.00
09時22分28秒    1   57.00    0.00   42.00    0.00    0.00    1.00    0.00    0.00    0.00    0.00

09時22分28秒  CPU    %usr   %nice    %sys %iowait    %irq   %soft  %steal  %guest  %gnice   %idle
09時22分29秒    0   52.94    0.00   35.29    0.00    0.00    7.84    0.00    0.00    0.00    3.92
09時22分29秒    1   48.98    0.00   31.63    0.00    0.00    2.04    0.00    0.00    0.00   17.35

09時22分29秒  CPU    %usr   %nice    %sys %iowait    %irq   %soft  %steal  %guest  %gnice   %idle
09時22分30秒    0   49.48    0.00   38.14    0.00    0.00    7.22    0.00    0.00    0.00    5.15
09時22分30秒    1   46.74    0.00   22.83    0.00    1.09    2.17    0.00    0.00    0.00   27.17

09時22分30秒  CPU    %usr   %nice    %sys %iowait    %irq   %soft  %steal  %guest  %gnice   %idle
09時22分31秒    0   48.00    0.00   41.00    0.00    0.00    8.00    0.00    0.00    0.00    3.00
09時22分31秒    1   48.91    0.00   22.83    0.00    0.00    3.26    0.00    0.00    0.00   25.00

09時22分31秒  CPU    %usr   %nice    %sys %iowait    %irq   %soft  %steal  %guest  %gnice   %idle
09時22分32秒    0   51.46    0.00   36.89    0.00    0.00    7.77    0.00    0.00    0.00    3.88
09時22分32秒    1   50.00    0.00   32.29    0.00    0.00    2.08    0.00    0.00    0.00   15.62

09時22分32秒  CPU    %usr   %nice    %sys %iowait    %irq   %soft  %steal  %guest  %gnice   %idle
09時22分33秒    0   49.49    0.00   42.42    0.00    0.00    8.08    0.00    0.00    0.00    0.00
09時22分33秒    1   54.55    0.00   44.44    0.00    0.00    1.01    0.00    0.00    0.00    0.00

09時22分33秒  CPU    %usr   %nice    %sys %iowait    %irq   %soft  %steal  %guest  %gnice   %idle
09時22分34秒    0   52.48    0.00   38.61    0.00    0.00    7.92    0.00    0.00    0.00    0.99
09時22分34秒    1   59.60    0.00   40.40    0.00    0.00    0.00    0.00    0.00    0.00    0.00

09時22分34秒  CPU    %usr   %nice    %sys %iowait    %irq   %soft  %steal  %guest  %gnice   %idle
09時22分35秒    0   54.55    0.00   36.36    0.00    0.00    8.08    0.00    0.00    0.00    1.01
09時22分35秒    1   54.46    0.00   44.55    0.00    0.00    0.99    0.00    0.00    0.00    0.00

09時22分35秒  CPU    %usr   %nice    %sys %iowait    %irq   %soft  %steal  %guest  %gnice   %idle
09時22分36秒    0   55.00    0.00   37.00    0.00    0.00    8.00    0.00    0.00    0.00    0.00
09時22分36秒    1   55.00    0.00   44.00    0.00    0.00    1.00    0.00    0.00    0.00    0.00

09時22分36秒  CPU    %usr   %nice    %sys %iowait    %irq   %soft  %steal  %guest  %gnice   %idle
09時22分37秒    0   54.46    0.00   36.63    0.00    0.00    7.92    0.00    0.00    0.00    0.99
09時22分37秒    1   55.56    0.00   43.43    0.00    0.00    1.01    0.00    0.00    0.00    0.00

09時22分37秒  CPU    %usr   %nice    %sys %iowait    %irq   %soft  %steal  %guest  %gnice   %idle
09時22分38秒    0   54.00    0.00   37.00    0.00    0.00    8.00    0.00    0.00    0.00    1.00
09時22分38秒    1   56.44    0.00   40.59    0.00    0.00    0.99    0.00    0.00    0.00    1.98

09時22分38秒  CPU    %usr   %nice    %sys %iowait    %irq   %soft  %steal  %guest  %gnice   %idle
09時22分39秒    0   54.64    0.00   37.11    0.00    0.00    8.25    0.00    0.00    0.00    0.00
09時22分39秒    1   52.00    0.00   47.00    0.00    0.00    1.00    0.00    0.00    0.00    0.00

09時22分39秒  CPU    %usr   %nice    %sys %iowait    %irq   %soft  %steal  %guest  %gnice   %idle
09時22分40秒    0   51.49    0.00   39.60    0.00    0.00    7.92    0.00    0.00    0.00    0.99
09時22分40秒    1   60.00    0.00   39.00    0.00    0.00    1.00    0.00    0.00    0.00    0.00

09時22分40秒  CPU    %usr   %nice    %sys %iowait    %irq   %soft  %steal  %guest  %gnice   %idle
09時22分41秒    0   52.48    0.00   37.62    0.00    0.99    7.92    0.00    0.00    0.00    0.99
09時22分41秒    1   53.00    0.00   46.00    0.00    0.00    1.00    0.00    0.00    0.00    0.00

09時22分41秒  CPU    %usr   %nice    %sys %iowait    %irq   %soft  %steal  %guest  %gnice   %idle
09時22分42秒    0   51.52    0.00   40.40    0.00    0.00    8.08    0.00    0.00    0.00    0.00
09時22分42秒    1   56.00    0.00   43.00    0.00    0.00    1.00    0.00    0.00    0.00    0.00

09時22分42秒  CPU    %usr   %nice    %sys %iowait    %irq   %soft  %steal  %guest  %gnice   %idle
09時22分43秒    0   53.54    0.00   37.37    0.00    0.00    8.08    0.00    0.00    0.00    1.01
09時22分43秒    1   55.00    0.00   44.00    0.00    0.00    1.00    0.00    0.00    0.00    0.00

09時22分43秒  CPU    %usr   %nice    %sys %iowait    %irq   %soft  %steal  %guest  %gnice   %idle
09時22分44秒    0   53.06    0.00   37.76    0.00    0.00    8.16    0.00    0.00    0.00    1.02
09時22分44秒    1   55.67    0.00   41.24    0.00    0.00    1.03    0.00    0.00    0.00    2.06

09時22分44秒  CPU    %usr   %nice    %sys %iowait    %irq   %soft  %steal  %guest  %gnice   %idle
09時22分45秒    0   49.50    0.00   41.58    0.00    0.00    7.92    0.00    0.00    0.00    0.99
09時22分45秒    1   52.48    0.00   46.53    0.00    0.00    0.99    0.00    0.00    0.00    0.00

09時22分45秒  CPU    %usr   %nice    %sys %iowait    %irq   %soft  %steal  %guest  %gnice   %idle
09時22分46秒    0   50.52    0.00   41.24    0.00    0.00    8.25    0.00    0.00    0.00    0.00
09時22分46秒    1   52.00    0.00   47.00    0.00    0.00    1.00    0.00    0.00    0.00    0.00

09時22分46秒  CPU    %usr   %nice    %sys %iowait    %irq   %soft  %steal  %guest  %gnice   %idle
09時22分47秒    0   52.48    0.00   36.63    0.00    0.00    7.92    0.00    0.00    0.00    2.97
09時22分47秒    1   60.00    0.00   37.00    0.00    1.00    0.00    0.00    0.00    0.00    2.00

09時22分47秒  CPU    %usr   %nice    %sys %iowait    %irq   %soft  %steal  %guest  %gnice   %idle
09時22分48秒    0   59.60    0.00   32.32    0.00    0.00    8.08    0.00    0.00    0.00    0.00
09時22分48秒    1   62.00    0.00   37.00    0.00    0.00    1.00    0.00    0.00    0.00    0.00

09時22分48秒  CPU    %usr   %nice    %sys %iowait    %irq   %soft  %steal  %guest  %gnice   %idle
09時22分49秒    0   50.51    0.00   40.40    0.00    0.00    8.08    0.00    0.00    0.00    1.01
09時22分49秒    1   58.00    0.00   41.00    0.00    0.00    1.00    0.00    0.00    0.00    0.00

09時22分49秒  CPU    %usr   %nice    %sys %iowait    %irq   %soft  %steal  %guest  %gnice   %idle
09時22分50秒    0   53.54    0.00   38.38    0.00    0.00    7.07    0.00    0.00    0.00    1.01
09時22分50秒    1   62.00    0.00   36.00    0.00    0.00    1.00    0.00    0.00    0.00    1.00

09時22分50秒  CPU    %usr   %nice    %sys %iowait    %irq   %soft  %steal  %guest  %gnice   %idle
09時22分51秒    0   48.51    0.00   37.62    0.00    0.00    7.92    0.00    0.00    0.00    5.94
09時22分51秒    1   58.76    0.00   34.02    0.00    0.00    1.03    0.00    0.00    0.00    6.19

09時22分51秒  CPU    %usr   %nice    %sys %iowait    %irq   %soft  %steal  %guest  %gnice   %idle
09時22分52秒    0   52.00    0.00   35.00    0.00    0.00    7.00    0.00    0.00    0.00    6.00
09時22分52秒    1   52.13    0.00   21.28    0.00    0.00    3.19    0.00    0.00    0.00   23.40

09時22分52秒  CPU    %usr   %nice    %sys %iowait    %irq   %soft  %steal  %guest  %gnice   %idle
09時22分53秒    0   51.00    0.00   40.00    0.00    0.00    8.00    0.00    0.00    0.00    1.00
09時22分53秒    1   53.00    0.00   45.00    0.00    0.00    1.00    0.00    0.00    0.00    1.00

09時22分53秒  CPU    %usr   %nice    %sys %iowait    %irq   %soft  %steal  %guest  %gnice   %idle
09時22分54秒    0   53.00    0.00   38.00    0.00    0.00    8.00    0.00    0.00    0.00    1.00
09時22分54秒    1   57.58    0.00   41.41    0.00    0.00    1.01    0.00    0.00    0.00    0.00

09時22分54秒  CPU    %usr   %nice    %sys %iowait    %irq   %soft  %steal  %guest  %gnice   %idle
09時22分55秒    0   49.49    0.00   33.33    0.00    0.00    7.07    0.00    0.00    0.00   10.10
09時22分55秒    1   57.00    0.00   38.00    0.00    0.00    1.00    0.00    0.00    0.00    4.00

09時22分55秒  CPU    %usr   %nice    %sys %iowait    %irq   %soft  %steal  %guest  %gnice   %idle
09時22分56秒    0   53.47    0.00   33.66    0.00    0.00    7.92    0.00    0.00    0.00    4.95
09時22分56秒    1   45.16    0.00   25.81    0.00    0.00    3.23    0.00    0.00    0.00   25.81

09時22分56秒  CPU    %usr   %nice    %sys %iowait    %irq   %soft  %steal  %guest  %gnice   %idle
09時22分57秒    0   50.50    0.00   36.63    0.00    0.99    6.93    0.00    0.00    0.00    4.95
09時22分57秒    1   48.91    0.00   25.00    0.00    0.00    2.17    0.00    0.00    0.00   23.91

09時22分57秒  CPU    %usr   %nice    %sys %iowait    %irq   %soft  %steal  %guest  %gnice   %idle
09時22分58秒    0   46.00    0.00   42.00    0.00    0.00    8.00    0.00    0.00    0.00    4.00
09時22分58秒    1   45.65    0.00   26.09    0.00    0.00    3.26    0.00    0.00    0.00   25.00

09時22分58秒  CPU    %usr   %nice    %sys %iowait    %irq   %soft  %steal  %guest  %gnice   %idle
09時22分59秒    0   53.54    0.00   34.34    0.00    0.00    8.08    0.00    0.00    0.00    4.04
09時22分59秒    1   52.75    0.00   21.98    0.00    0.00    2.20    0.00    0.00    0.00   23.08

09時22分59秒  CPU    %usr   %nice    %sys %iowait    %irq   %soft  %steal  %guest  %gnice   %idle
09時23分00秒    0   47.96    0.00   39.80    0.00    0.00    7.14    0.00    0.00    0.00    5.10
09時23分00秒    1   50.54    0.00   23.66    0.00    0.00    2.15    0.00    0.00    0.00   23.66

09時23分00秒  CPU    %usr   %nice    %sys %iowait    %irq   %soft  %steal  %guest  %gnice   %idle
09時23分01秒    0   54.46    0.00   36.63    0.00    0.00    7.92    0.00    0.00    0.00    0.99
09時23分01秒    1   58.00    0.00   41.00    0.00    0.00    1.00    0.00    0.00    0.00    0.00

09時23分01秒  CPU    %usr   %nice    %sys %iowait    %irq   %soft  %steal  %guest  %gnice   %idle
09時23分02秒    0   54.55    0.00   36.36    0.00    0.00    8.08    0.00    0.00    0.00    1.01
09時23分02秒    1   56.00    0.00   43.00    0.00    0.00    1.00    0.00    0.00    0.00    0.00

09時23分02秒  CPU    %usr   %nice    %sys %iowait    %irq   %soft  %steal  %guest  %gnice   %idle
09時23分03秒    0   50.51    0.00   41.41    0.00    0.00    8.08    0.00    0.00    0.00    0.00
09時23分03秒    1   54.46    0.00   43.56    0.00    0.99    0.99    0.00    0.00    0.00    0.00

09時23分03秒  CPU    %usr   %nice    %sys %iowait    %irq   %soft  %steal  %guest  %gnice   %idle
09時23分04秒    0   50.50    0.00   40.59    0.00    0.00    7.92    0.00    0.00    0.00    0.99
09時23分04秒    1   58.00    0.00   41.00    0.00    0.00    1.00    0.00    0.00    0.00    0.00

09時23分04秒  CPU    %usr   %nice    %sys %iowait    %irq   %soft  %steal  %guest  %gnice   %idle
09時23分05秒    0   52.04    0.00   38.78    0.00    0.00    8.16    0.00    0.00    0.00    1.02
09時23分05秒    1   60.00    0.00   38.00    0.00    0.00    1.00    0.00    0.00    0.00    1.00

09時23分05秒  CPU    %usr   %nice    %sys %iowait    %irq   %soft  %steal  %guest  %gnice   %idle
09時23分06秒    0   55.00    0.00   37.00    0.00    0.00    7.00    0.00    0.00    0.00    1.00
09時23分06秒    1   59.00    0.00   40.00    0.00    0.00    1.00    0.00    0.00    0.00    0.00

09時23分06秒  CPU    %usr   %nice    %sys %iowait    %irq   %soft  %steal  %guest  %gnice   %idle
09時23分07秒    0   54.55    0.00   37.37    0.00    0.00    8.08    0.00    0.00    0.00    0.00
09時23分07秒    1   55.00    0.00   44.00    0.00    0.00    1.00    0.00    0.00    0.00    0.00

09時23分07秒  CPU    %usr   %nice    %sys %iowait    %irq   %soft  %steal  %guest  %gnice   %idle
09時23分08秒    0   54.00    0.00   37.00    0.00    0.00    8.00    0.00    0.00    0.00    1.00
09時23分08秒    1   56.57    0.00   42.42    0.00    0.00    1.01    0.00    0.00    0.00    0.00

09時23分08秒  CPU    %usr   %nice    %sys %iowait    %irq   %soft  %steal  %guest  %gnice   %idle
09時23分09秒    0   55.56    0.00   35.35    0.00    0.00    8.08    0.00    0.00    0.00    1.01
09時23分09秒    1   60.00    0.00   39.00    0.00    0.00    1.00    0.00    0.00    0.00    0.00

09時23分09秒  CPU    %usr   %nice    %sys %iowait    %irq   %soft  %steal  %guest  %gnice   %idle
09時23分10秒    0   50.50    0.00   40.59    0.00    0.00    7.92    0.00    0.00    0.00    0.99
09時23分10秒    1   63.00    0.00   36.00    0.00    0.00    1.00    0.00    0.00    0.00    0.00

09時23分10秒  CPU    %usr   %nice    %sys %iowait    %irq   %soft  %steal  %guest  %gnice   %idle
09時23分11秒    0   50.52    0.00   41.24    0.00    0.00    8.25    0.00    0.00    0.00    0.00
09時23分11秒    1   51.00    0.00   48.00    0.00    0.00    1.00    0.00    0.00    0.00    0.00

09時23分11秒  CPU    %usr   %nice    %sys %iowait    %irq   %soft  %steal  %guest  %gnice   %idle
09時23分12秒    0   50.51    0.00   36.36    0.00    0.00    7.07    0.00    0.00    0.00    6.06
09時23分12秒    1   60.00    0.00   39.00    0.00    0.00    1.00    0.00    0.00    0.00    0.00

09時23分12秒  CPU    %usr   %nice    %sys %iowait    %irq   %soft  %steal  %guest  %gnice   %idle
09時23分13秒    0   50.00    0.00   37.25    0.00    0.00    7.84    0.00    0.00    0.00    4.90
09時23分13秒    1   46.74    0.00   28.26    0.00    0.00    3.26    0.00    0.00    0.00   21.74

09時23分13秒  CPU    %usr   %nice    %sys %iowait    %irq   %soft  %steal  %guest  %gnice   %idle
09時23分14秒    0   50.00    0.00   36.00    0.00    1.00    7.00    0.00    0.00    0.00    6.00
09時23分14秒    1   45.65    0.00   27.17    0.00    0.00    3.26    0.00    0.00    0.00   23.91

09時23分14秒  CPU    %usr   %nice    %sys %iowait    %irq   %soft  %steal  %guest  %gnice   %idle
09時23分15秒    0   51.96    0.00   32.35    0.00    0.00    6.86    0.00    0.00    0.00    8.82
09時23分15秒    1   53.26    0.00   22.83    0.00    0.00    3.26    0.00    0.00    0.00   20.65

09時23分15秒  CPU    %usr   %nice    %sys %iowait    %irq   %soft  %steal  %guest  %gnice   %idle
09時23分16秒    0   50.00    0.00   37.25    0.00    0.00    7.84    0.00    0.00    0.00    4.90
09時23分16秒    1   51.09    0.00   19.57    0.00    0.00    3.26    0.00    0.00    0.00   26.09

09時23分16秒  CPU    %usr   %nice    %sys %iowait    %irq   %soft  %steal  %guest  %gnice   %idle
09時23分17秒    0   48.51    0.00   40.59    0.00    0.00    6.93    0.00    0.00    0.00    3.96
09時23分17秒    1   52.69    0.00   19.35    0.00    0.00    3.23    0.00    0.00    0.00   24.73

09時23分17秒  CPU    %usr   %nice    %sys %iowait    %irq   %soft  %steal  %guest  %gnice   %idle
09時23分18秒    0   49.00    0.00   39.00    0.00    0.00    8.00    0.00    0.00    0.00    4.00
09時23分18秒    1   49.45    0.00   23.08    0.00    0.00    2.20    0.00    0.00    0.00   25.27

09時23分18秒  CPU    %usr   %nice    %sys %iowait    %irq   %soft  %steal  %guest  %gnice   %idle
09時23分19秒    0   49.50    0.00   37.62    0.00    0.00    6.93    0.00    0.00    0.00    5.94
09時23分19秒    1   53.76    0.00   20.43    0.00    0.00    3.23    0.00    0.00    0.00   22.58

09時23分19秒  CPU    %usr   %nice    %sys %iowait    %irq   %soft  %steal  %guest  %gnice   %idle
09時23分20秒    0   50.50    0.00   36.63    0.00    0.00    7.92    0.00    0.00    0.00    4.95
09時23分20秒    1   51.65    0.00   20.88    0.00    1.10    2.20    0.00    0.00    0.00   24.18

09時23分20秒  CPU    %usr   %nice    %sys %iowait    %irq   %soft  %steal  %guest  %gnice   %idle
09時23分21秒    0   55.00    0.00   32.00    0.00    0.00    7.00    0.00    0.00    0.00    6.00
09時23分21秒    1   46.81    0.00   26.60    0.00    0.00    3.19    0.00    0.00    0.00   23.40

09時23分21秒  CPU    %usr   %nice    %sys %iowait    %irq   %soft  %steal  %guest  %gnice   %idle
09時23分22秒    0   51.00    0.00   36.00    0.00    0.00    8.00    0.00    0.00    0.00    5.00
09時23分22秒    1   50.55    0.00   21.98    0.00    0.00    2.20    0.00    0.00    0.00   25.27

09時23分22秒  CPU    %usr   %nice    %sys %iowait    %irq   %soft  %steal  %guest  %gnice   %idle
09時23分23秒    0   51.00    0.00   32.00    0.00    0.00    7.00    0.00    0.00    0.00   10.00
09時23分23秒    1   54.84    0.00   19.35    0.00    0.00    3.23    0.00    0.00    0.00   22.58

09時23分23秒  CPU    %usr   %nice    %sys %iowait    %irq   %soft  %steal  %guest  %gnice   %idle
09時23分24秒    0   48.51    0.00   39.60    0.00    0.00    6.93    0.00    0.00    0.00    4.95
09時23分24秒    1   50.00    0.00   22.22    0.00    0.00    2.22    0.00    0.00    0.00   25.56

09時23分24秒  CPU    %usr   %nice    %sys %iowait    %irq   %soft  %steal  %guest  %gnice   %idle
09時23分25秒    0   48.00    0.00   39.00    0.00    0.00    8.00    0.00    0.00    0.00    5.00
09時23分25秒    1   54.74    0.00   29.47    0.00    0.00    2.11    0.00    0.00    0.00   13.68

09時23分25秒  CPU    %usr   %nice    %sys %iowait    %irq   %soft  %steal  %guest  %gnice   %idle
09時23分26秒    0   50.51    0.00   41.41    0.00    0.00    7.07    0.00    0.00    0.00    1.01
09時23分26秒    1   56.44    0.00   42.57    0.00    0.00    0.99    0.00    0.00    0.00    0.00

09時23分26秒  CPU    %usr   %nice    %sys %iowait    %irq   %soft  %steal  %guest  %gnice   %idle
09時23分27秒    0   57.00    0.00   35.00    0.00    0.00    8.00    0.00    0.00    0.00    0.00
09時23分27秒    1   58.00    0.00   41.00    0.00    0.00    1.00    0.00    0.00    0.00    0.00

09時23分27秒  CPU    %usr   %nice    %sys %iowait    %irq   %soft  %steal  %guest  %gnice   %idle
09時23分28秒    0   57.00    0.00   34.00    0.00    0.00    8.00    0.00    0.00    0.00    1.00
09時23分28秒    1   54.55    0.00   44.44    0.00    0.00    1.01    0.00    0.00    0.00    0.00

09時23分28秒  CPU    %usr   %nice    %sys %iowait    %irq   %soft  %steal  %guest  %gnice   %idle
09時23分29秒    0   53.47    0.00   37.62    0.00    0.00    7.92    0.00    0.00    0.00    0.99
09時23分29秒    1   54.46    0.00   44.55    0.00    0.00    0.99    0.00    0.00    0.00    0.00

09時23分29秒  CPU    %usr   %nice    %sys %iowait    %irq   %soft  %steal  %guest  %gnice   %idle
09時23分30秒    0   54.00    0.00   37.00    0.00    0.00    8.00    0.00    0.00    0.00    1.00
09時23分30秒    1   56.12    0.00   43.88    0.00    0.00    0.00    0.00    0.00    0.00    0.00

09時23分30秒  CPU    %usr   %nice    %sys %iowait    %irq   %soft  %steal  %guest  %gnice   %idle
09時23分31秒    0   55.67    0.00   36.08    0.00    1.03    7.22    0.00    0.00    0.00    0.00
09時23分31秒    1   60.40    0.00   38.61    0.00    0.00    0.99    0.00    0.00    0.00    0.00

09時23分31秒  CPU    %usr   %nice    %sys %iowait    %irq   %soft  %steal  %guest  %gnice   %idle
09時23分32秒    0   52.00    0.00   39.00    0.00    0.00    8.00    0.00    0.00    0.00    1.00
09時23分32秒    1   54.55    0.00   44.44    0.00    0.00    1.01    0.00    0.00    0.00    0.00

09時23分32秒  CPU    %usr   %nice    %sys %iowait    %irq   %soft  %steal  %guest  %gnice   %idle
09時23分33秒    0   52.48    0.00   38.61    0.00    0.00    7.92    0.00    0.00    0.00    0.99
09時23分33秒    1   57.43    0.00   41.58    0.00    0.00    0.99    0.00    0.00    0.00    0.00

09時23分33秒  CPU    %usr   %nice    %sys %iowait    %irq   %soft  %steal  %guest  %gnice   %idle
09時23分34秒    0   52.00    0.00   40.00    0.00    0.00    8.00    0.00    0.00    0.00    0.00
09時23分34秒    1   60.00    0.00   39.00    0.00    0.00    1.00    0.00    0.00    0.00    0.00

09時23分34秒  CPU    %usr   %nice    %sys %iowait    %irq   %soft  %steal  %guest  %gnice   %idle
09時23分35秒    0   51.52    0.00   39.39    0.00    0.00    8.08    0.00    0.00    0.00    1.01
09時23分35秒    1   54.00    0.00   45.00    0.00    0.00    1.00    0.00    0.00    0.00    0.00

09時23分35秒  CPU    %usr   %nice    %sys %iowait    %irq   %soft  %steal  %guest  %gnice   %idle
09時23分36秒    0   49.00    0.00   42.00    0.00    0.00    8.00    0.00    0.00    0.00    1.00
09時23分36秒    1   59.60    0.00   40.40    0.00    0.00    0.00    0.00    0.00    0.00    0.00

09時23分36秒  CPU    %usr   %nice    %sys %iowait    %irq   %soft  %steal  %guest  %gnice   %idle
09時23分37秒    0   48.48    0.00   43.43    0.00    0.00    7.07    0.00    0.00    0.00    1.01
09時23分37秒    1   57.43    0.00   40.59    0.00    0.99    0.99    0.00    0.00    0.00    0.00

09時23分37秒  CPU    %usr   %nice    %sys %iowait    %irq   %soft  %steal  %guest  %gnice   %idle
09時23分38秒    0   57.43    0.00   34.65    0.00    0.00    7.92    0.00    0.00    0.00    0.00
09時23分38秒    1   58.00    0.00   41.00    0.00    0.00    1.00    0.00    0.00    0.00    0.00

09時23分38秒  CPU    %usr   %nice    %sys %iowait    %irq   %soft  %steal  %guest  %gnice   %idle
09時23分39秒    0   52.53    0.00   38.38    0.00    0.00    8.08    0.00    0.00    0.00    1.01
09時23分39秒    1   57.00    0.00   42.00    0.00    0.00    1.00    0.00    0.00    0.00    0.00

09時23分39秒  CPU    %usr   %nice    %sys %iowait    %irq   %soft  %steal  %guest  %gnice   %idle
09時23分40秒    0   49.02    0.00   34.31    0.00    0.00    6.86    0.00    0.00    0.00    9.80
09時23分40秒    1   52.13    0.00   28.72    0.00    0.00    2.13    0.00    0.00    0.00   17.02

09時23分40秒  CPU    %usr   %nice    %sys %iowait    %irq   %soft  %steal  %guest  %gnice   %idle
09時23分41秒    0   48.51    0.00   38.61    0.00    0.00    7.92    0.00    0.00    0.00    4.95
09時23分41秒    1   51.09    0.00   21.74    0.00    0.00    2.17    0.00    0.00    0.00   25.00

09時23分41秒  CPU    %usr   %nice    %sys %iowait    %irq   %soft  %steal  %guest  %gnice   %idle
09時23分42秒    0   56.12    0.00   31.63    0.00    0.00    7.14    0.00    0.00    0.00    5.10
09時23分42秒    1   52.13    0.00   20.21    0.00    0.00    3.19    0.00    0.00    0.00   24.47

09時23分42秒  CPU    %usr   %nice    %sys %iowait    %irq   %soft  %steal  %guest  %gnice   %idle
09時23分43秒    0   51.96    0.00   35.29    0.00    0.00    7.84    0.00    0.00    0.00    4.90
09時23分43秒    1   52.69    0.00   20.43    0.00    0.00    2.15    0.00    0.00    0.00   24.73

09時23分43秒  CPU    %usr   %nice    %sys %iowait    %irq   %soft  %steal  %guest  %gnice   %idle
09時23分44秒    0   50.98    0.00   35.29    0.00    0.00    6.86    0.00    0.00    0.00    6.86
09時23分44秒    1   55.43    0.00   16.30    0.00    0.00    3.26    0.00    0.00    0.00   25.00

09時23分44秒  CPU    %usr   %nice    %sys %iowait    %irq   %soft  %steal  %guest  %gnice   %idle
09時23分45秒    0   50.00    0.00   39.00    0.00    0.00    7.00    0.00    0.00    0.00    4.00
09時23分45秒    1   48.94    0.00   25.53    0.00    0.00    2.13    0.00    0.00    0.00   23.40

09時23分45秒  CPU    %usr   %nice    %sys %iowait    %irq   %soft  %steal  %guest  %gnice   %idle
09時23分46秒    0   51.52    0.00   33.33    0.00    0.00    8.08    0.00    0.00    0.00    7.07
09時23分46秒    1   55.91    0.00   18.28    0.00    0.00    3.23    0.00    0.00    0.00   22.58

09時23分46秒  CPU    %usr   %nice    %sys %iowait    %irq   %soft  %steal  %guest  %gnice   %idle
09時23分47秒    0   50.50    0.00   38.61    0.00    0.00    6.93    0.00    0.00    0.00    3.96
09時23分47秒    1   49.45    0.00   21.98    0.00    0.00    2.20    0.00    0.00    0.00   26.37

09時23分47秒  CPU    %usr   %nice    %sys %iowait    %irq   %soft  %steal  %guest  %gnice   %idle
09時23分48秒    0   50.00    0.00   35.29    0.00    0.98    7.84    0.00    0.00    0.00    5.88
09時23分48秒    1   51.58    0.00   24.21    0.00    0.00    3.16    0.00    0.00    0.00   21.05

09時23分48秒  CPU    %usr   %nice    %sys %iowait    %irq   %soft  %steal  %guest  %gnice   %idle
09時23分49秒    0   48.51    0.00   38.61    0.00    0.00    6.93    0.00    0.00    0.00    5.94
09時23分49秒    1   50.54    0.00   21.51    0.00    0.00    2.15    0.00    0.00    0.00   25.81

09時23分49秒  CPU    %usr   %nice    %sys %iowait    %irq   %soft  %steal  %guest  %gnice   %idle
09時23分50秒    0   53.47    0.00   32.67    0.00    0.00    7.92    0.00    0.00    0.00    5.94
09時23分50秒    1   48.39    0.00   23.66    0.00    0.00    3.23    0.00    0.00    0.00   24.73

09時23分50秒  CPU    %usr   %nice    %sys %iowait    %irq   %soft  %steal  %guest  %gnice   %idle
09時23分51秒    0   50.51    0.00   38.38    0.00    0.00    7.07    0.00    0.00    0.00    4.04
09時23分51秒    1   52.69    0.00   19.35    0.00    0.00    3.23    0.00    0.00    0.00   24.73

09時23分51秒  CPU    %usr   %nice    %sys %iowait    %irq   %soft  %steal  %guest  %gnice   %idle
09時23分52秒    0   52.00    0.00   34.00    0.00    0.00    8.00    0.00    0.00    0.00    6.00
09時23分52秒    1   53.26    0.00   18.48    0.00    0.00    2.17    0.00    0.00    0.00   26.09

09時23分52秒  CPU    %usr   %nice    %sys %iowait    %irq   %soft  %steal  %guest  %gnice   %idle
09時23分53秒    0   49.49    0.00   38.38    0.00    0.00    7.07    0.00    0.00    0.00    5.05
09時23分53秒    1   48.91    0.00   20.65    0.00    0.00    3.26    0.00    0.00    0.00   27.17

09時23分53秒  CPU    %usr   %nice    %sys %iowait    %irq   %soft  %steal  %guest  %gnice   %idle
09時23分54秒    0   52.48    0.00   34.65    0.00    0.00    6.93    0.00    0.00    0.00    5.94
09時23分54秒    1   49.46    0.00   23.66    0.00    0.00    2.15    0.00    0.00    0.00   24.73

09時23分54秒  CPU    %usr   %nice    %sys %iowait    %irq   %soft  %steal  %guest  %gnice   %idle
09時23分55秒    0   46.60    0.00   38.83    0.00    0.00    7.77    0.00    0.00    0.00    6.80
09時23分55秒    1   52.69    0.00   16.13    0.00    1.08    3.23    0.00    0.00    0.00   26.88

09時23分55秒  CPU    %usr   %nice    %sys %iowait    %irq   %soft  %steal  %guest  %gnice   %idle
09時23分56秒    0   52.53    0.00   35.35    0.00    0.00    7.07    0.00    0.00    0.00    5.05
09時23分56秒    1   51.61    0.00   19.35    0.00    0.00    2.15    0.00    0.00    0.00   26.88

09時23分56秒  CPU    %usr   %nice    %sys %iowait    %irq   %soft  %steal  %guest  %gnice   %idle
09時23分57秒    0   48.00    0.00   39.00    0.00    0.00    8.00    0.00    0.00    0.00    5.00
09時23分57秒    1   54.35    0.00   18.48    0.00    0.00    3.26    0.00    0.00    0.00   23.91

09時23分57秒  CPU    %usr   %nice    %sys %iowait    %irq   %soft  %steal  %guest  %gnice   %idle
09時23分58秒    0   45.45    0.00   28.28    0.00    0.00    6.06    0.00    0.00    0.00   20.20
09時23分58秒    1   56.38    0.00   21.28    0.00    0.00    2.13    0.00    0.00    0.00   20.21

09時23分58秒  CPU    %usr   %nice    %sys %iowait    %irq   %soft  %steal  %guest  %gnice   %idle
09時23分59秒    0   48.04    0.00   40.20    0.00    0.00    7.84    0.00    0.00    0.00    3.92
09時23分59秒    1   51.58    0.00   32.63    0.00    0.00    2.11    0.00    0.00    0.00   13.68

09時23分59秒  CPU    %usr   %nice    %sys %iowait    %irq   %soft  %steal  %guest  %gnice   %idle
09時24分00秒    0   55.56    0.00   36.36    0.00    0.00    7.07    0.00    0.00    0.00    1.01
09時24分00秒    1   55.00    0.00   44.00    0.00    0.00    1.00    0.00    0.00    0.00    0.00

09時24分00秒  CPU    %usr   %nice    %sys %iowait    %irq   %soft  %steal  %guest  %gnice   %idle
09時24分01秒    0   55.56    0.00   36.36    0.00    0.00    8.08    0.00    0.00    0.00    0.00
09時24分01秒    1   59.60    0.00   40.40    0.00    0.00    0.00    0.00    0.00    0.00    0.00

09時24分01秒  CPU    %usr   %nice    %sys %iowait    %irq   %soft  %steal  %guest  %gnice   %idle
09時24分02秒    0   54.46    0.00   36.63    0.00    0.00    7.92    0.00    0.00    0.00    0.99
09時24分02秒    1   51.49    0.00   47.52    0.00    0.00    0.99    0.00    0.00    0.00    0.00

09時24分02秒  CPU    %usr   %nice    %sys %iowait    %irq   %soft  %steal  %guest  %gnice   %idle
09時24分03秒    0   52.00    0.00   39.00    0.00    0.00    8.00    0.00    0.00    0.00    1.00
09時24分03秒    1   60.00    0.00   39.00    0.00    0.00    1.00    0.00    0.00    0.00    0.00

09時24分03秒  CPU    %usr   %nice    %sys %iowait    %irq   %soft  %steal  %guest  %gnice   %idle
09時24分04秒    0   57.58    0.00   34.34    0.00    0.00    7.07    0.00    0.00    0.00    1.01
09時24分04秒    1   56.57    0.00   41.41    0.00    0.00    1.01    0.00    0.00    0.00    1.01

09時24分04秒  CPU    %usr   %nice    %sys %iowait    %irq   %soft  %steal  %guest  %gnice   %idle
09時24分05秒    0   45.54    0.00   37.62    0.00    0.99    7.92    0.00    0.00    0.00    7.92
09時24分05秒    1   55.67    0.00   36.08    0.00    0.00    2.06    0.00    0.00    0.00    6.19

09時24分05秒  CPU    %usr   %nice    %sys %iowait    %irq   %soft  %steal  %guest  %gnice   %idle
09時24分06秒    0   52.53    0.00   39.39    0.00    0.00    7.07    0.00    0.00    0.00    1.01
09時24分06秒    1   55.56    0.00   38.38    0.00    0.00    1.01    0.00    0.00    0.00    5.05

09時24分06秒  CPU    %usr   %nice    %sys %iowait    %irq   %soft  %steal  %guest  %gnice   %idle
09時24分07秒    0   59.18    0.00   32.65    0.00    0.00    8.16    0.00    0.00    0.00    0.00
09時24分07秒    1   53.00    0.00   46.00    0.00    0.00    1.00    0.00    0.00    0.00    0.00

09時24分07秒  CPU    %usr   %nice    %sys %iowait    %irq   %soft  %steal  %guest  %gnice   %idle
09時24分08秒    0   55.45    0.00   35.64    0.00    0.00    7.92    0.00    0.00    0.00    0.99
09時24分08秒    1   59.60    0.00   40.40    0.00    0.00    0.00    0.00    0.00    0.00    0.00

09時24分08秒  CPU    %usr   %nice    %sys %iowait    %irq   %soft  %steal  %guest  %gnice   %idle
09時24分09秒    0   54.55    0.00   37.37    0.00    0.00    7.07    0.00    0.00    0.00    1.01
09時24分09秒    1   63.00    0.00   36.00    0.00    0.00    1.00    0.00    0.00    0.00    0.00

09時24分09秒  CPU    %usr   %nice    %sys %iowait    %irq   %soft  %steal  %guest  %gnice   %idle
09時24分10秒    0   49.50    0.00   33.66    0.00    0.00    7.92    0.00    0.00    0.00    8.91
09時24分10秒    1   64.29    0.00   30.61    0.00    0.00    2.04    0.00    0.00    0.00    3.06

09時24分10秒  CPU    %usr   %nice    %sys %iowait    %irq   %soft  %steal  %guest  %gnice   %idle
09時24分11秒    0   50.98    0.00   35.29    0.00    0.00    6.86    0.00    0.00    0.00    6.86
09時24分11秒    1   51.61    0.00   22.58    0.00    0.00    3.23    0.00    0.00    0.00   22.58

09時24分11秒  CPU    %usr   %nice    %sys %iowait    %irq   %soft  %steal  %guest  %gnice   %idle
09時24分12秒    0   48.51    0.00   37.62    0.00    0.00    6.93    0.00    0.00    0.00    6.93
09時24分12秒    1   49.46    0.00   23.66    0.00    1.08    4.30    0.00    0.00    0.00   21.51

09時24分12秒  CPU    %usr   %nice    %sys %iowait    %irq   %soft  %steal  %guest  %gnice   %idle
09時24分13秒    0   52.00    0.00   34.00    0.00    0.00    7.00    0.00    0.00    0.00    7.00
09時24分13秒    1   51.65    0.00   23.08    0.00    0.00    2.20    0.00    0.00    0.00   23.08

09時24分13秒  CPU    %usr   %nice    %sys %iowait    %irq   %soft  %steal  %guest  %gnice   %idle
09時24分14秒    0   46.53    0.00   39.60    0.00    0.00    7.92    0.00    0.00    0.00    5.94
09時24分14秒    1   48.91    0.00   22.83    0.00    0.00    3.26    0.00    0.00    0.00   25.00

09時24分14秒  CPU    %usr   %nice    %sys %iowait    %irq   %soft  %steal  %guest  %gnice   %idle
09時24分15秒    0   50.00    0.00   36.00    0.00    0.00    7.00    0.00    0.00    0.00    7.00
09時24分15秒    1   51.65    0.00   21.98    0.00    0.00    2.20    0.00    0.00    0.00   24.18

09時24分15秒  CPU    %usr   %nice    %sys %iowait    %irq   %soft  %steal  %guest  %gnice   %idle
09時24分16秒    0   50.51    0.00   36.36    0.00    0.00    8.08    0.00    0.00    0.00    5.05
09時24分16秒    1   51.61    0.00   20.43    0.00    0.00    3.23    0.00    0.00    0.00   24.73

09時24分16秒  CPU    %usr   %nice    %sys %iowait    %irq   %soft  %steal  %guest  %gnice   %idle
09時24分17秒    0   53.00    0.00   35.00    0.00    0.00    7.00    0.00    0.00    0.00    5.00
09時24分17秒    1   48.89    0.00   22.22    0.00    0.00    2.22    0.00    0.00    0.00   26.67

09時24分17秒  CPU    %usr   %nice    %sys %iowait    %irq   %soft  %steal  %guest  %gnice   %idle
09時24分18秒    0   45.63    0.00   40.78    0.00    0.00    7.77    0.00    0.00    0.00    5.83
09時24分18秒    1   49.45    0.00   23.08    0.00    0.00    3.30    0.00    0.00    0.00   24.18

09時24分18秒  CPU    %usr   %nice    %sys %iowait    %irq   %soft  %steal  %guest  %gnice   %idle
09時24分19秒    0   45.54    0.00   40.59    0.00    0.00    6.93    0.00    0.00    0.00    6.93
09時24分19秒    1   53.76    0.00   19.35    0.00    1.08    2.15    0.00    0.00    0.00   23.66

09時24分19秒  CPU    %usr   %nice    %sys %iowait    %irq   %soft  %steal  %guest  %gnice   %idle
09時24分20秒    0   53.47    0.00   34.65    0.00    0.00    6.93    0.00    0.00    0.00    4.95
09時24分20秒    1   52.13    0.00   20.21    0.00    0.00    3.19    0.00    0.00    0.00   24.47

09時24分20秒  CPU    %usr   %nice    %sys %iowait    %irq   %soft  %steal  %guest  %gnice   %idle
09時24分21秒    0   47.12    0.00   37.50    0.00    0.96    7.69    0.00    0.00    0.00    6.73
09時24分21秒    1   54.44    0.00   21.11    0.00    0.00    2.22    0.00    0.00    0.00   22.22

09時24分21秒  CPU    %usr   %nice    %sys %iowait    %irq   %soft  %steal  %guest  %gnice   %idle
09時24分22秒    0   54.00    0.00   35.00    0.00    0.00    7.00    0.00    0.00    0.00    4.00
09時24分22秒    1   55.43    0.00   15.22    0.00    0.00    3.26    0.00    0.00    0.00   26.09

09時24分22秒  CPU    %usr   %nice    %sys %iowait    %irq   %soft  %steal  %guest  %gnice   %idle
09時24分23秒    0   52.48    0.00   32.67    0.00    0.00    7.92    0.00    0.00    0.00    6.93
09時24分23秒    1   54.84    0.00   19.35    0.00    0.00    2.15    0.00    0.00    0.00   23.66

09時24分23秒  CPU    %usr   %nice    %sys %iowait    %irq   %soft  %steal  %guest  %gnice   %idle
09時24分24秒    0   50.00    0.00   39.00    0.00    0.00    7.00    0.00    0.00    0.00    4.00
09時24分24秒    1   53.19    0.00   17.02    0.00    0.00    3.19    0.00    0.00    0.00   26.60

平均時間：  CPU    %usr   %nice    %sys %iowait    %irq   %soft  %steal  %guest  %gnice   %idle
平均時間：    0   51.74    0.00   37.09    0.00    0.06    7.65    0.00    0.00    0.00    3.47
平均時間：    1   54.25    0.00   32.88    0.00    0.07    1.75    0.00    0.00    0.00   11.04
