Linux 5.6.15-arch1-1 (archlinux) 	西元2020年06月29日 	_x86_64_	(12 CPU)

09時35分29秒  CPU    %usr   %nice    %sys %iowait    %irq   %soft  %steal  %guest  %gnice   %idle
09時35分30秒    0   61.39    0.00   30.69    0.00    0.00    6.93    0.00    0.00    0.00    0.99
09時35分30秒    1   52.00    0.00   47.00    0.00    0.00    1.00    0.00    0.00    0.00    0.00

09時35分30秒  CPU    %usr   %nice    %sys %iowait    %irq   %soft  %steal  %guest  %gnice   %idle
09時35分31秒    0   66.34    0.00   25.74    0.00    0.00    7.92    0.00    0.00    0.00    0.00
09時35分31秒    1   59.41    0.00   39.60    0.00    0.99    0.00    0.00    0.00    0.00    0.00

09時35分31秒  CPU    %usr   %nice    %sys %iowait    %irq   %soft  %steal  %guest  %gnice   %idle
09時35分32秒    0   59.60    0.00   31.31    0.00    0.00    7.07    0.00    0.00    0.00    2.02
09時35分32秒    1   60.20    0.00   38.78    0.00    0.00    1.02    0.00    0.00    0.00    0.00

09時35分32秒  CPU    %usr   %nice    %sys %iowait    %irq   %soft  %steal  %guest  %gnice   %idle
09時35分33秒    0   59.60    0.00   33.33    0.00    0.00    7.07    0.00    0.00    0.00    0.00
09時35分33秒    1   55.00    0.00   44.00    0.00    0.00    1.00    0.00    0.00    0.00    0.00

09時35分33秒  CPU    %usr   %nice    %sys %iowait    %irq   %soft  %steal  %guest  %gnice   %idle
09時35分34秒    0   65.35    0.00   26.73    0.00    0.00    6.93    0.00    0.00    0.00    0.99
09時35分34秒    1   58.00    0.00   41.00    0.00    0.00    1.00    0.00    0.00    0.00    0.00

09時35分34秒  CPU    %usr   %nice    %sys %iowait    %irq   %soft  %steal  %guest  %gnice   %idle
09時35分35秒    0   66.67    0.00   25.25    0.00    0.00    7.07    0.00    0.00    0.00    1.01
09時35分35秒    1   61.00    0.00   37.00    0.00    0.00    1.00    0.00    0.00    0.00    1.00

09時35分35秒  CPU    %usr   %nice    %sys %iowait    %irq   %soft  %steal  %guest  %gnice   %idle
09時35分36秒    0   59.18    0.00   32.65    0.00    0.00    7.14    0.00    0.00    0.00    1.02
09時35分36秒    1   55.00    0.00   44.00    0.00    0.00    1.00    0.00    0.00    0.00    0.00

09時35分36秒  CPU    %usr   %nice    %sys %iowait    %irq   %soft  %steal  %guest  %gnice   %idle
09時35分37秒    0   64.00    0.00   28.00    0.00    0.00    7.00    0.00    0.00    0.00    1.00
09時35分37秒    1   53.47    0.00   45.54    0.00    0.00    0.99    0.00    0.00    0.00    0.00

09時35分37秒  CPU    %usr   %nice    %sys %iowait    %irq   %soft  %steal  %guest  %gnice   %idle
09時35分38秒    0   67.00    0.00   25.00    0.00    1.00    6.00    0.00    0.00    0.00    1.00
09時35分38秒    1   55.00    0.00   43.00    0.00    0.00    1.00    0.00    0.00    0.00    1.00

09時35分38秒  CPU    %usr   %nice    %sys %iowait    %irq   %soft  %steal  %guest  %gnice   %idle
09時35分39秒    0   65.66    0.00   26.26    0.00    0.00    7.07    0.00    0.00    0.00    1.01
09時35分39秒    1   57.58    0.00   41.41    0.00    0.00    1.01    0.00    0.00    0.00    0.00

09時35分39秒  CPU    %usr   %nice    %sys %iowait    %irq   %soft  %steal  %guest  %gnice   %idle
09時35分40秒    0   49.50    0.00   24.75    0.00    0.00    5.94    0.00    0.00    0.00   19.80
09時35分40秒    1   63.00    0.00   36.00    0.00    0.00    1.00    0.00    0.00    0.00    0.00

09時35分40秒  CPU    %usr   %nice    %sys %iowait    %irq   %soft  %steal  %guest  %gnice   %idle
09時35分41秒    0   59.60    0.00   25.25    0.00    0.00    6.06    0.00    0.00    0.00    9.09
09時35分41秒    1   59.18    0.00   38.78    0.00    0.00    1.02    0.00    0.00    0.00    1.02

09時35分41秒  CPU    %usr   %nice    %sys %iowait    %irq   %soft  %steal  %guest  %gnice   %idle
09時35分42秒    0   62.00    0.00   30.00    0.00    0.00    7.00    0.00    0.00    0.00    1.00
09時35分42秒    1   55.00    0.00   44.00    0.00    0.00    1.00    0.00    0.00    0.00    0.00

09時35分42秒  CPU    %usr   %nice    %sys %iowait    %irq   %soft  %steal  %guest  %gnice   %idle
09時35分43秒    0   63.00    0.00   27.00    0.00    0.00    7.00    0.00    0.00    0.00    3.00
09時35分43秒    1   55.45    0.00   41.58    0.00    0.00    0.99    0.00    0.00    0.00    1.98

09時35分43秒  CPU    %usr   %nice    %sys %iowait    %irq   %soft  %steal  %guest  %gnice   %idle
09時35分44秒    0   63.27    0.00   29.59    0.00    0.00    7.14    0.00    0.00    0.00    0.00
09時35分44秒    1   55.10    0.00   44.90    0.00    0.00    0.00    0.00    0.00    0.00    0.00

09時35分44秒  CPU    %usr   %nice    %sys %iowait    %irq   %soft  %steal  %guest  %gnice   %idle
09時35分45秒    0   63.37    0.00   28.71    0.00    0.00    6.93    0.00    0.00    0.00    0.99
09時35分45秒    1   58.42    0.00   40.59    0.00    0.00    0.99    0.00    0.00    0.00    0.00

09時35分45秒  CPU    %usr   %nice    %sys %iowait    %irq   %soft  %steal  %guest  %gnice   %idle
09時35分46秒    0   59.60    0.00   31.31    0.00    0.00    7.07    0.00    0.00    0.00    2.02
09時35分46秒    1   57.00    0.00   42.00    0.00    0.00    1.00    0.00    0.00    0.00    0.00

09時35分46秒  CPU    %usr   %nice    %sys %iowait    %irq   %soft  %steal  %guest  %gnice   %idle
09時35分47秒    0   64.36    0.00   27.72    0.00    0.00    6.93    0.00    0.00    0.00    0.99
09時35分47秒    1   60.61    0.00   39.39    0.00    0.00    0.00    0.00    0.00    0.00    0.00

09時35分47秒  CPU    %usr   %nice    %sys %iowait    %irq   %soft  %steal  %guest  %gnice   %idle
09時35分48秒    0   62.24    0.00   30.61    0.00    0.00    6.12    0.00    0.00    0.00    1.02
09時35分48秒    1   50.50    0.00   47.52    0.00    0.99    0.99    0.00    0.00    0.00    0.00

09時35分48秒  CPU    %usr   %nice    %sys %iowait    %irq   %soft  %steal  %guest  %gnice   %idle
09時35分49秒    0   65.00    0.00   27.00    0.00    0.00    7.00    0.00    0.00    0.00    1.00
09時35分49秒    1   60.00    0.00   39.00    0.00    0.00    1.00    0.00    0.00    0.00    0.00

09時35分49秒  CPU    %usr   %nice    %sys %iowait    %irq   %soft  %steal  %guest  %gnice   %idle
09時35分50秒    0   63.64    0.00   27.27    0.00    0.00    7.07    0.00    0.00    0.00    2.02
09時35分50秒    1   54.00    0.00   45.00    0.00    0.00    0.00    0.00    0.00    0.00    1.00

09時35分50秒  CPU    %usr   %nice    %sys %iowait    %irq   %soft  %steal  %guest  %gnice   %idle
09時35分51秒    0   63.64    0.00   28.28    0.00    0.00    7.07    0.00    0.00    0.00    1.01
09時35分51秒    1   59.60    0.00   39.39    0.00    0.00    1.01    0.00    0.00    0.00    0.00

09時35分51秒  CPU    %usr   %nice    %sys %iowait    %irq   %soft  %steal  %guest  %gnice   %idle
09時35分52秒    0   65.00    0.00   28.00    0.00    0.00    7.00    0.00    0.00    0.00    0.00
09時35分52秒    1   53.47    0.00   45.54    0.00    0.00    0.99    0.00    0.00    0.00    0.00

09時35分52秒  CPU    %usr   %nice    %sys %iowait    %irq   %soft  %steal  %guest  %gnice   %idle
09時35分53秒    0   62.24    0.00   28.57    0.00    0.00    7.14    0.00    0.00    0.00    2.04
09時35分53秒    1   58.00    0.00   41.00    0.00    0.00    1.00    0.00    0.00    0.00    0.00

09時35分53秒  CPU    %usr   %nice    %sys %iowait    %irq   %soft  %steal  %guest  %gnice   %idle
09時35分54秒    0   65.66    0.00   26.26    0.00    0.00    7.07    0.00    0.00    0.00    1.01
09時35分54秒    1   56.57    0.00   43.43    0.00    0.00    0.00    0.00    0.00    0.00    0.00

09時35分54秒  CPU    %usr   %nice    %sys %iowait    %irq   %soft  %steal  %guest  %gnice   %idle
09時35分55秒    0   61.76    0.00   29.41    0.00    0.98    6.86    0.00    0.00    0.00    0.98
09時35分55秒    1   56.44    0.00   42.57    0.00    0.00    0.99    0.00    0.00    0.00    0.00

09時35分55秒  CPU    %usr   %nice    %sys %iowait    %irq   %soft  %steal  %guest  %gnice   %idle
09時35分56秒    0   66.00    0.00   25.00    0.00    0.00    7.00    0.00    0.00    0.00    2.00
09時35分56秒    1   61.62    0.00   37.37    0.00    0.00    1.01    0.00    0.00    0.00    0.00

09時35分56秒  CPU    %usr   %nice    %sys %iowait    %irq   %soft  %steal  %guest  %gnice   %idle
09時35分57秒    0   61.00    0.00   31.00    0.00    0.00    7.00    0.00    0.00    0.00    1.00
09時35分57秒    1   55.56    0.00   44.44    0.00    0.00    0.00    0.00    0.00    0.00    0.00

09時35分57秒  CPU    %usr   %nice    %sys %iowait    %irq   %soft  %steal  %guest  %gnice   %idle
09時35分58秒    0   64.65    0.00   27.27    0.00    0.00    7.07    0.00    0.00    0.00    1.01
09時35分58秒    1   55.00    0.00   44.00    0.00    0.00    1.00    0.00    0.00    0.00    0.00

09時35分58秒  CPU    %usr   %nice    %sys %iowait    %irq   %soft  %steal  %guest  %gnice   %idle
09時35分59秒    0   62.50    0.00   30.21    0.00    0.00    6.25    0.00    0.00    0.00    1.04
09時35分59秒    1   59.41    0.00   38.61    0.00    0.00    0.99    0.00    0.00    0.00    0.99

09時35分59秒  CPU    %usr   %nice    %sys %iowait    %irq   %soft  %steal  %guest  %gnice   %idle
09時36分00秒    0   62.38    0.00   29.70    0.00    0.00    6.93    0.00    0.00    0.00    0.99
09時36分00秒    1   56.00    0.00   44.00    0.00    0.00    0.00    0.00    0.00    0.00    0.00

09時36分00秒  CPU    %usr   %nice    %sys %iowait    %irq   %soft  %steal  %guest  %gnice   %idle
09時36分01秒    0   61.00    0.00   31.00    0.00    0.00    7.00    0.00    0.00    0.00    1.00
09時36分01秒    1   52.53    0.00   46.46    0.00    0.00    1.01    0.00    0.00    0.00    0.00

09時36分01秒  CPU    %usr   %nice    %sys %iowait    %irq   %soft  %steal  %guest  %gnice   %idle
09時36分02秒    0   61.00    0.00   31.00    0.00    0.00    7.00    0.00    0.00    0.00    1.00
09時36分02秒    1   61.39    0.00   37.62    0.00    0.00    0.99    0.00    0.00    0.00    0.00

09時36分02秒  CPU    %usr   %nice    %sys %iowait    %irq   %soft  %steal  %guest  %gnice   %idle
09時36分03秒    0   64.36    0.00   26.73    0.00    0.00    6.93    0.00    0.00    0.00    1.98
09時36分03秒    1   58.59    0.00   40.40    0.00    0.00    1.01    0.00    0.00    0.00    0.00

09時36分03秒  CPU    %usr   %nice    %sys %iowait    %irq   %soft  %steal  %guest  %gnice   %idle
09時36分04秒    0   64.00    0.00   28.00    0.00    0.00    7.00    0.00    0.00    0.00    1.00
09時36分04秒    1   59.00    0.00   41.00    0.00    0.00    0.00    0.00    0.00    0.00    0.00

09時36分04秒  CPU    %usr   %nice    %sys %iowait    %irq   %soft  %steal  %guest  %gnice   %idle
09時36分05秒    0   62.00    0.00   30.00    0.00    0.00    7.00    0.00    0.00    0.00    1.00
09時36分05秒    1   58.42    0.00   39.60    0.00    0.99    0.99    0.00    0.00    0.00    0.00

09時36分05秒  CPU    %usr   %nice    %sys %iowait    %irq   %soft  %steal  %guest  %gnice   %idle
09時36分06秒    0   59.79    0.00   32.99    0.00    0.00    6.19    0.00    0.00    0.00    1.03
09時36分06秒    1   56.00    0.00   43.00    0.00    0.00    1.00    0.00    0.00    0.00    0.00

09時36分06秒  CPU    %usr   %nice    %sys %iowait    %irq   %soft  %steal  %guest  %gnice   %idle
09時36分07秒    0   63.00    0.00   29.00    0.00    0.00    7.00    0.00    0.00    0.00    1.00
09時36分07秒    1   65.00    0.00   35.00    0.00    0.00    0.00    0.00    0.00    0.00    0.00

09時36分07秒  CPU    %usr   %nice    %sys %iowait    %irq   %soft  %steal  %guest  %gnice   %idle
09時36分08秒    0   66.00    0.00   26.00    0.00    0.00    7.00    0.00    0.00    0.00    1.00
09時36分08秒    1   61.00    0.00   38.00    0.00    0.00    1.00    0.00    0.00    0.00    0.00

09時36分08秒  CPU    %usr   %nice    %sys %iowait    %irq   %soft  %steal  %guest  %gnice   %idle
09時36分09秒    0   63.00    0.00   28.00    0.00    0.00    7.00    0.00    0.00    0.00    2.00
09時36分09秒    1   59.41    0.00   39.60    0.00    0.00    0.99    0.00    0.00    0.00    0.00

09時36分09秒  CPU    %usr   %nice    %sys %iowait    %irq   %soft  %steal  %guest  %gnice   %idle
09時36分10秒    0   62.00    0.00   31.00    0.00    0.00    7.00    0.00    0.00    0.00    0.00
09時36分10秒    1   59.60    0.00   40.40    0.00    0.00    0.00    0.00    0.00    0.00    0.00

09時36分10秒  CPU    %usr   %nice    %sys %iowait    %irq   %soft  %steal  %guest  %gnice   %idle
09時36分11秒    0   62.24    0.00   29.59    0.00    0.00    7.14    0.00    0.00    0.00    1.02
09時36分11秒    1   60.61    0.00   38.38    0.00    0.00    1.01    0.00    0.00    0.00    0.00

09時36分11秒  CPU    %usr   %nice    %sys %iowait    %irq   %soft  %steal  %guest  %gnice   %idle
09時36分12秒    0   60.78    0.00   29.41    0.00    0.98    6.86    0.00    0.00    0.00    1.96
09時36分12秒    1   63.37    0.00   35.64    0.00    0.00    0.99    0.00    0.00    0.00    0.00

09時36分12秒  CPU    %usr   %nice    %sys %iowait    %irq   %soft  %steal  %guest  %gnice   %idle
09時36分13秒    0   65.00    0.00   27.00    0.00    0.00    7.00    0.00    0.00    0.00    1.00
09時36分13秒    1   58.00    0.00   41.00    0.00    0.00    1.00    0.00    0.00    0.00    0.00

09時36分13秒  CPU    %usr   %nice    %sys %iowait    %irq   %soft  %steal  %guest  %gnice   %idle
09時36分14秒    0   64.29    0.00   28.57    0.00    0.00    7.14    0.00    0.00    0.00    0.00
09時36分14秒    1   58.59    0.00   41.41    0.00    0.00    0.00    0.00    0.00    0.00    0.00

09時36分14秒  CPU    %usr   %nice    %sys %iowait    %irq   %soft  %steal  %guest  %gnice   %idle
09時36分15秒    0   61.39    0.00   30.69    0.00    0.00    5.94    0.00    0.00    0.00    1.98
09時36分15秒    1   62.38    0.00   36.63    0.00    0.00    0.99    0.00    0.00    0.00    0.00

09時36分15秒  CPU    %usr   %nice    %sys %iowait    %irq   %soft  %steal  %guest  %gnice   %idle
09時36分16秒    0   60.00    0.00   32.00    0.00    0.00    7.00    0.00    0.00    0.00    1.00
09時36分16秒    1   53.00    0.00   46.00    0.00    0.00    1.00    0.00    0.00    0.00    0.00

09時36分16秒  CPU    %usr   %nice    %sys %iowait    %irq   %soft  %steal  %guest  %gnice   %idle
09時36分17秒    0   65.35    0.00   26.73    0.00    0.00    6.93    0.00    0.00    0.00    0.99
09時36分17秒    1   57.58    0.00   42.42    0.00    0.00    0.00    0.00    0.00    0.00    0.00

09時36分17秒  CPU    %usr   %nice    %sys %iowait    %irq   %soft  %steal  %guest  %gnice   %idle
09時36分18秒    0   63.00    0.00   29.00    0.00    0.00    7.00    0.00    0.00    0.00    1.00
09時36分18秒    1   54.46    0.00   44.55    0.00    0.00    0.99    0.00    0.00    0.00    0.00

09時36分18秒  CPU    %usr   %nice    %sys %iowait    %irq   %soft  %steal  %guest  %gnice   %idle
09時36分19秒    0   63.64    0.00   28.28    0.00    0.00    7.07    0.00    0.00    0.00    1.01
09時36分19秒    1   60.61    0.00   37.37    0.00    1.01    1.01    0.00    0.00    0.00    0.00

09時36分19秒  CPU    %usr   %nice    %sys %iowait    %irq   %soft  %steal  %guest  %gnice   %idle
09時36分20秒    0   51.02    0.00   22.45    0.00    0.00    5.10    0.00    0.00    0.00   21.43
09時36分20秒    1   62.77    0.00   20.21    0.00    0.00    2.13    0.00    0.00    0.00   14.89

09時36分20秒  CPU    %usr   %nice    %sys %iowait    %irq   %soft  %steal  %guest  %gnice   %idle
09時36分21秒    0   55.45    0.00   26.73    0.00    0.00    4.95    0.00    0.00    0.00   12.87
09時36分21秒    1   54.74    0.00   22.11    0.00    0.00    3.16    0.00    0.00    0.00   20.00

09時36分21秒  CPU    %usr   %nice    %sys %iowait    %irq   %soft  %steal  %guest  %gnice   %idle
09時36分22秒    0   61.00    0.00   27.00    0.00    0.00    6.00    0.00    0.00    0.00    6.00
09時36分22秒    1   52.58    0.00   39.18    0.00    0.00    1.03    0.00    0.00    0.00    7.22

09時36分22秒  CPU    %usr   %nice    %sys %iowait    %irq   %soft  %steal  %guest  %gnice   %idle
09時36分23秒    0   35.05    0.00   16.49    0.00    0.00    4.12    0.00    0.00    0.00   44.33
09時36分23秒    1   70.71    0.00   27.27    0.00    0.00    2.02    0.00    0.00    0.00    0.00

09時36分23秒  CPU    %usr   %nice    %sys %iowait    %irq   %soft  %steal  %guest  %gnice   %idle
09時36分24秒    0   54.00    0.00   27.00    0.00    0.00    6.00    0.00    0.00    0.00   13.00
09時36分24秒    1   53.19    0.00   27.66    0.00    0.00    2.13    0.00    0.00    0.00   17.02

09時36分24秒  CPU    %usr   %nice    %sys %iowait    %irq   %soft  %steal  %guest  %gnice   %idle
09時36分25秒    0   64.65    0.00   28.28    0.00    0.00    6.06    0.00    0.00    0.00    1.01
09時36分25秒    1   53.92    0.00   44.12    0.00    0.98    0.98    0.00    0.00    0.00    0.00

09時36分25秒  CPU    %usr   %nice    %sys %iowait    %irq   %soft  %steal  %guest  %gnice   %idle
09時36分26秒    0   59.41    0.00   32.67    0.00    0.00    6.93    0.00    0.00    0.00    0.99
09時36分26秒    1   56.00    0.00   43.00    0.00    0.00    1.00    0.00    0.00    0.00    0.00

09時36分26秒  CPU    %usr   %nice    %sys %iowait    %irq   %soft  %steal  %guest  %gnice   %idle
09時36分27秒    0   65.66    0.00   26.26    0.00    0.00    7.07    0.00    0.00    0.00    1.01
09時36分27秒    1   57.00    0.00   43.00    0.00    0.00    0.00    0.00    0.00    0.00    0.00

09時36分27秒  CPU    %usr   %nice    %sys %iowait    %irq   %soft  %steal  %guest  %gnice   %idle
09時36分28秒    0   57.58    0.00   34.34    0.00    0.00    7.07    0.00    0.00    0.00    1.01
09時36分28秒    1   58.59    0.00   40.40    0.00    0.00    1.01    0.00    0.00    0.00    0.00

09時36分28秒  CPU    %usr   %nice    %sys %iowait    %irq   %soft  %steal  %guest  %gnice   %idle
09時36分29秒    0   61.76    0.00   29.41    0.00    0.98    6.86    0.00    0.00    0.00    0.98
09時36分29秒    1   60.40    0.00   38.61    0.00    0.00    0.99    0.00    0.00    0.00    0.00

09時36分29秒  CPU    %usr   %nice    %sys %iowait    %irq   %soft  %steal  %guest  %gnice   %idle
09時36分30秒    0   61.00    0.00   31.00    0.00    0.00    7.00    0.00    0.00    0.00    1.00
09時36分30秒    1   59.60    0.00   40.40    0.00    0.00    0.00    0.00    0.00    0.00    0.00

09時36分30秒  CPU    %usr   %nice    %sys %iowait    %irq   %soft  %steal  %guest  %gnice   %idle
09時36分31秒    0   62.00    0.00   30.00    0.00    0.00    7.00    0.00    0.00    0.00    1.00
09時36分31秒    1   53.00    0.00   45.00    0.00    0.00    1.00    0.00    0.00    0.00    1.00

09時36分31秒  CPU    %usr   %nice    %sys %iowait    %irq   %soft  %steal  %guest  %gnice   %idle
09時36分32秒    0   62.00    0.00   30.00    0.00    0.00    7.00    0.00    0.00    0.00    1.00
09時36分32秒    1   59.00    0.00   40.00    0.00    0.00    1.00    0.00    0.00    0.00    0.00

09時36分32秒  CPU    %usr   %nice    %sys %iowait    %irq   %soft  %steal  %guest  %gnice   %idle
09時36分33秒    0   61.00    0.00   31.00    0.00    0.00    7.00    0.00    0.00    0.00    1.00
09時36分33秒    1   58.59    0.00   41.41    0.00    0.00    0.00    0.00    0.00    0.00    0.00

09時36分33秒  CPU    %usr   %nice    %sys %iowait    %irq   %soft  %steal  %guest  %gnice   %idle
09時36分34秒    0   64.00    0.00   28.00    0.00    0.00    6.00    0.00    0.00    0.00    2.00
09時36分34秒    1   58.59    0.00   40.40    0.00    0.00    1.01    0.00    0.00    0.00    0.00

09時36分34秒  CPU    %usr   %nice    %sys %iowait    %irq   %soft  %steal  %guest  %gnice   %idle
09時36分35秒    0   63.64    0.00   28.28    0.00    0.00    7.07    0.00    0.00    0.00    1.01
09時36分35秒    1   53.47    0.00   45.54    0.00    0.00    0.99    0.00    0.00    0.00    0.00

09時36分35秒  CPU    %usr   %nice    %sys %iowait    %irq   %soft  %steal  %guest  %gnice   %idle
09時36分36秒    0   64.36    0.00   27.72    0.00    0.00    6.93    0.00    0.00    0.00    0.99
09時36分36秒    1   56.00    0.00   43.00    0.00    0.00    1.00    0.00    0.00    0.00    0.00

09時36分36秒  CPU    %usr   %nice    %sys %iowait    %irq   %soft  %steal  %guest  %gnice   %idle
09時36分37秒    0   60.00    0.00   31.00    0.00    0.00    7.00    0.00    0.00    0.00    2.00
09時36分37秒    1   56.57    0.00   42.42    0.00    0.00    0.00    0.00    0.00    0.00    1.01

09時36分37秒  CPU    %usr   %nice    %sys %iowait    %irq   %soft  %steal  %guest  %gnice   %idle
09時36分38秒    0   62.00    0.00   30.00    0.00    0.00    7.00    0.00    0.00    0.00    1.00
09時36分38秒    1   57.43    0.00   41.58    0.00    0.00    0.99    0.00    0.00    0.00    0.00

09時36分38秒  CPU    %usr   %nice    %sys %iowait    %irq   %soft  %steal  %guest  %gnice   %idle
09時36分39秒    0   62.63    0.00   30.30    0.00    0.00    7.07    0.00    0.00    0.00    0.00
09時36分39秒    1   57.00    0.00   42.00    0.00    0.00    1.00    0.00    0.00    0.00    0.00

09時36分39秒  CPU    %usr   %nice    %sys %iowait    %irq   %soft  %steal  %guest  %gnice   %idle
09時36分40秒    0   62.63    0.00   29.29    0.00    0.00    6.06    0.00    0.00    0.00    2.02
09時36分40秒    1   57.58    0.00   42.42    0.00    0.00    0.00    0.00    0.00    0.00    0.00

09時36分40秒  CPU    %usr   %nice    %sys %iowait    %irq   %soft  %steal  %guest  %gnice   %idle
09時36分41秒    0   64.00    0.00   28.00    0.00    0.00    7.00    0.00    0.00    0.00    1.00
09時36分41秒    1   58.42    0.00   40.59    0.00    0.00    0.99    0.00    0.00    0.00    0.00

09時36分41秒  CPU    %usr   %nice    %sys %iowait    %irq   %soft  %steal  %guest  %gnice   %idle
09時36分42秒    0   64.65    0.00   27.27    0.00    0.00    7.07    0.00    0.00    0.00    1.01
09時36分42秒    1   59.60    0.00   39.39    0.00    0.00    1.01    0.00    0.00    0.00    0.00

09時36分42秒  CPU    %usr   %nice    %sys %iowait    %irq   %soft  %steal  %guest  %gnice   %idle
09時36分43秒    0   60.40    0.00   31.68    0.00    0.00    6.93    0.00    0.00    0.00    0.99
09時36分43秒    1   57.43    0.00   41.58    0.00    0.99    0.00    0.00    0.00    0.00    0.00

09時36分43秒  CPU    %usr   %nice    %sys %iowait    %irq   %soft  %steal  %guest  %gnice   %idle
09時36分44秒    0   64.00    0.00   28.00    0.00    0.00    7.00    0.00    0.00    0.00    1.00
09時36分44秒    1   54.00    0.00   45.00    0.00    0.00    1.00    0.00    0.00    0.00    0.00

09時36分44秒  CPU    %usr   %nice    %sys %iowait    %irq   %soft  %steal  %guest  %gnice   %idle
09時36分45秒    0   62.00    0.00   29.00    0.00    1.00    7.00    0.00    0.00    0.00    1.00
09時36分45秒    1   54.46    0.00   44.55    0.00    0.00    0.99    0.00    0.00    0.00    0.00

09時36分45秒  CPU    %usr   %nice    %sys %iowait    %irq   %soft  %steal  %guest  %gnice   %idle
09時36分46秒    0   55.00    0.00   37.00    0.00    0.00    7.00    0.00    0.00    0.00    1.00
09時36分46秒    1   56.12    0.00   43.88    0.00    0.00    0.00    0.00    0.00    0.00    0.00

09時36分46秒  CPU    %usr   %nice    %sys %iowait    %irq   %soft  %steal  %guest  %gnice   %idle
09時36分47秒    0   64.65    0.00   27.27    0.00    0.00    7.07    0.00    0.00    0.00    1.01
09時36分47秒    1   57.43    0.00   41.58    0.00    0.00    0.99    0.00    0.00    0.00    0.00

09時36分47秒  CPU    %usr   %nice    %sys %iowait    %irq   %soft  %steal  %guest  %gnice   %idle
09時36分48秒    0   63.00    0.00   29.00    0.00    0.00    7.00    0.00    0.00    0.00    1.00
09時36分48秒    1   55.00    0.00   44.00    0.00    0.00    1.00    0.00    0.00    0.00    0.00

09時36分48秒  CPU    %usr   %nice    %sys %iowait    %irq   %soft  %steal  %guest  %gnice   %idle
09時36分49秒    0   65.00    0.00   27.00    0.00    0.00    7.00    0.00    0.00    0.00    1.00
09時36分49秒    1   56.57    0.00   43.43    0.00    0.00    0.00    0.00    0.00    0.00    0.00

09時36分49秒  CPU    %usr   %nice    %sys %iowait    %irq   %soft  %steal  %guest  %gnice   %idle
09時36分50秒    0   65.31    0.00   26.53    0.00    0.00    6.12    0.00    0.00    0.00    2.04
09時36分50秒    1   56.44    0.00   42.57    0.00    0.00    0.99    0.00    0.00    0.00    0.00

09時36分50秒  CPU    %usr   %nice    %sys %iowait    %irq   %soft  %steal  %guest  %gnice   %idle
09時36分51秒    0   58.00    0.00   35.00    0.00    0.00    7.00    0.00    0.00    0.00    0.00
09時36分51秒    1   55.00    0.00   44.00    0.00    0.00    1.00    0.00    0.00    0.00    0.00

09時36分51秒  CPU    %usr   %nice    %sys %iowait    %irq   %soft  %steal  %guest  %gnice   %idle
09時36分52秒    0   64.00    0.00   28.00    0.00    0.00    7.00    0.00    0.00    0.00    1.00
09時36分52秒    1   59.60    0.00   40.40    0.00    0.00    0.00    0.00    0.00    0.00    0.00

09時36分52秒  CPU    %usr   %nice    %sys %iowait    %irq   %soft  %steal  %guest  %gnice   %idle
09時36分53秒    0   60.00    0.00   31.00    0.00    0.00    7.00    0.00    0.00    0.00    2.00
09時36分53秒    1   57.00    0.00   41.00    0.00    0.00    1.00    0.00    0.00    0.00    1.00

09時36分53秒  CPU    %usr   %nice    %sys %iowait    %irq   %soft  %steal  %guest  %gnice   %idle
09時36分54秒    0   59.80    0.00   32.35    0.00    0.00    6.86    0.00    0.00    0.00    0.98
09時36分54秒    1   53.47    0.00   45.54    0.00    0.00    0.99    0.00    0.00    0.00    0.00

09時36分54秒  CPU    %usr   %nice    %sys %iowait    %irq   %soft  %steal  %guest  %gnice   %idle
09時36分55秒    0   63.00    0.00   29.00    0.00    0.00    7.00    0.00    0.00    0.00    1.00
09時36分55秒    1   54.55    0.00   45.45    0.00    0.00    0.00    0.00    0.00    0.00    0.00

09時36分55秒  CPU    %usr   %nice    %sys %iowait    %irq   %soft  %steal  %guest  %gnice   %idle
09時36分56秒    0   61.22    0.00   29.59    0.00    0.00    7.14    0.00    0.00    0.00    2.04
09時36分56秒    1   64.00    0.00   35.00    0.00    0.00    1.00    0.00    0.00    0.00    0.00

09時36分56秒  CPU    %usr   %nice    %sys %iowait    %irq   %soft  %steal  %guest  %gnice   %idle
09時36分57秒    0   60.40    0.00   31.68    0.00    0.00    6.93    0.00    0.00    0.00    0.99
09時36分57秒    1   57.00    0.00   42.00    0.00    0.00    1.00    0.00    0.00    0.00    0.00

09時36分57秒  CPU    %usr   %nice    %sys %iowait    %irq   %soft  %steal  %guest  %gnice   %idle
09時36分58秒    0   46.94    0.00   26.53    0.00    0.00    5.10    0.00    0.00    0.00   21.43
09時36分58秒    1   63.64    0.00   35.35    0.00    0.00    1.01    0.00    0.00    0.00    0.00

09時36分58秒  CPU    %usr   %nice    %sys %iowait    %irq   %soft  %steal  %guest  %gnice   %idle
09時36分59秒    0   55.45    0.00   29.70    0.00    0.00    4.95    0.00    0.00    0.00    9.90
09時36分59秒    1   54.26    0.00   21.28    0.00    0.00    3.19    0.00    0.00    0.00   21.28

09時36分59秒  CPU    %usr   %nice    %sys %iowait    %irq   %soft  %steal  %guest  %gnice   %idle
09時37分00秒    0   56.73    0.00   29.81    0.00    0.00    5.77    0.00    0.00    0.00    7.69
09時37分00秒    1   52.63    0.00   31.58    0.00    1.05    1.05    0.00    0.00    0.00   13.68

09時37分00秒  CPU    %usr   %nice    %sys %iowait    %irq   %soft  %steal  %guest  %gnice   %idle
09時37分01秒    0   62.63    0.00   30.30    0.00    0.00    7.07    0.00    0.00    0.00    0.00
09時37分01秒    1   56.00    0.00   43.00    0.00    0.00    1.00    0.00    0.00    0.00    0.00

09時37分01秒  CPU    %usr   %nice    %sys %iowait    %irq   %soft  %steal  %guest  %gnice   %idle
09時37分02秒    0   46.08    0.00   24.51    0.00    0.98    4.90    0.00    0.00    0.00   23.53
09時37分02秒    1   64.00    0.00   34.00    0.00    0.00    2.00    0.00    0.00    0.00    0.00

09時37分02秒  CPU    %usr   %nice    %sys %iowait    %irq   %soft  %steal  %guest  %gnice   %idle
09時37分03秒    0   55.45    0.00   22.77    0.00    0.00    5.94    0.00    0.00    0.00   15.84
09時37分03秒    1   63.04    0.00   20.65    0.00    0.00    2.17    0.00    0.00    0.00   14.13

09時37分03秒  CPU    %usr   %nice    %sys %iowait    %irq   %soft  %steal  %guest  %gnice   %idle
09時37分04秒    0   64.36    0.00   25.74    0.00    0.00    5.94    0.00    0.00    0.00    3.96
09時37分04秒    1   55.10    0.00   36.73    0.00    0.00    2.04    0.00    0.00    0.00    6.12

09時37分04秒  CPU    %usr   %nice    %sys %iowait    %irq   %soft  %steal  %guest  %gnice   %idle
09時37分05秒    0   62.38    0.00   29.70    0.00    0.00    6.93    0.00    0.00    0.00    0.99
09時37分05秒    1   47.47    0.00   51.52    0.00    0.00    1.01    0.00    0.00    0.00    0.00

09時37分05秒  CPU    %usr   %nice    %sys %iowait    %irq   %soft  %steal  %guest  %gnice   %idle
09時37分06秒    0   62.63    0.00   29.29    0.00    0.00    7.07    0.00    0.00    0.00    1.01
09時37分06秒    1   58.42    0.00   40.59    0.00    0.00    0.99    0.00    0.00    0.00    0.00

09時37分06秒  CPU    %usr   %nice    %sys %iowait    %irq   %soft  %steal  %guest  %gnice   %idle
09時37分07秒    0   67.00    0.00   25.00    0.00    0.00    7.00    0.00    0.00    0.00    1.00
09時37分07秒    1   54.55    0.00   45.45    0.00    0.00    0.00    0.00    0.00    0.00    0.00

09時37分07秒  CPU    %usr   %nice    %sys %iowait    %irq   %soft  %steal  %guest  %gnice   %idle
09時37分08秒    0   65.31    0.00   27.55    0.00    0.00    6.12    0.00    0.00    0.00    1.02
09時37分08秒    1   57.00    0.00   42.00    0.00    0.00    1.00    0.00    0.00    0.00    0.00

09時37分08秒  CPU    %usr   %nice    %sys %iowait    %irq   %soft  %steal  %guest  %gnice   %idle
09時37分09秒    0   57.43    0.00   34.65    0.00    0.00    6.93    0.00    0.00    0.00    0.99
09時37分09秒    1   55.00    0.00   44.00    0.00    0.00    1.00    0.00    0.00    0.00    0.00

09時37分09秒  CPU    %usr   %nice    %sys %iowait    %irq   %soft  %steal  %guest  %gnice   %idle
09時37分10秒    0   63.64    0.00   28.28    0.00    0.00    7.07    0.00    0.00    0.00    1.01
09時37分10秒    1   57.00    0.00   42.00    0.00    0.00    1.00    0.00    0.00    0.00    0.00

09時37分10秒  CPU    %usr   %nice    %sys %iowait    %irq   %soft  %steal  %guest  %gnice   %idle
09時37分11秒    0   52.58    0.00   23.71    0.00    0.00    6.19    0.00    0.00    0.00   17.53
09時37分11秒    1   59.00    0.00   40.00    0.00    0.00    1.00    0.00    0.00    0.00    0.00

09時37分11秒  CPU    %usr   %nice    %sys %iowait    %irq   %soft  %steal  %guest  %gnice   %idle
09時37分12秒    0   60.61    0.00   28.28    0.00    0.00    6.06    0.00    0.00    0.00    5.05
09時37分12秒    1   52.53    0.00   42.42    0.00    0.00    1.01    0.00    0.00    0.00    4.04

09時37分12秒  CPU    %usr   %nice    %sys %iowait    %irq   %soft  %steal  %guest  %gnice   %idle
09時37分13秒    0   63.00    0.00   30.00    0.00    0.00    7.00    0.00    0.00    0.00    0.00
09時37分13秒    1   58.00    0.00   41.00    0.00    0.00    1.00    0.00    0.00    0.00    0.00

09時37分13秒  CPU    %usr   %nice    %sys %iowait    %irq   %soft  %steal  %guest  %gnice   %idle
09時37分14秒    0   67.00    0.00   24.00    0.00    0.00    7.00    0.00    0.00    0.00    2.00
09時37分14秒    1   60.00    0.00   39.00    0.00    0.00    1.00    0.00    0.00    0.00    0.00

09時37分14秒  CPU    %usr   %nice    %sys %iowait    %irq   %soft  %steal  %guest  %gnice   %idle
09時37分15秒    0   66.67    0.00   25.25    0.00    0.00    7.07    0.00    0.00    0.00    1.01
09時37分15秒    1   51.00    0.00   48.00    0.00    0.00    1.00    0.00    0.00    0.00    0.00

09時37分15秒  CPU    %usr   %nice    %sys %iowait    %irq   %soft  %steal  %guest  %gnice   %idle
09時37分16秒    0   56.00    0.00   25.00    0.00    0.00    6.00    0.00    0.00    0.00   13.00
09時37分16秒    1   58.00    0.00   41.00    0.00    0.00    1.00    0.00    0.00    0.00    0.00

09時37分16秒  CPU    %usr   %nice    %sys %iowait    %irq   %soft  %steal  %guest  %gnice   %idle
09時37分17秒    0   52.53    0.00   23.23    0.00    0.00    5.05    0.00    0.00    0.00   19.19
09時37分17秒    1   59.00    0.00   29.00    0.00    1.00    2.00    0.00    0.00    0.00    9.00

09時37分17秒  CPU    %usr   %nice    %sys %iowait    %irq   %soft  %steal  %guest  %gnice   %idle
09時37分18秒    0   62.00    0.00   30.00    0.00    0.00    7.00    0.00    0.00    0.00    1.00
09時37分18秒    1   57.14    0.00   42.86    0.00    0.00    0.00    0.00    0.00    0.00    0.00

09時37分18秒  CPU    %usr   %nice    %sys %iowait    %irq   %soft  %steal  %guest  %gnice   %idle
09時37分19秒    0   63.00    0.00   27.00    0.00    1.00    7.00    0.00    0.00    0.00    2.00
09時37分19秒    1   55.56    0.00   43.43    0.00    0.00    1.01    0.00    0.00    0.00    0.00

09時37分19秒  CPU    %usr   %nice    %sys %iowait    %irq   %soft  %steal  %guest  %gnice   %idle
09時37分20秒    0   62.63    0.00   27.27    0.00    0.00    6.06    0.00    0.00    0.00    4.04
09時37分20秒    1   61.00    0.00   38.00    0.00    0.00    1.00    0.00    0.00    0.00    0.00

09時37分20秒  CPU    %usr   %nice    %sys %iowait    %irq   %soft  %steal  %guest  %gnice   %idle
09時37分21秒    0   64.00    0.00   28.00    0.00    0.00    7.00    0.00    0.00    0.00    1.00
09時37分21秒    1   56.44    0.00   42.57    0.00    0.00    0.99    0.00    0.00    0.00    0.00

09時37分21秒  CPU    %usr   %nice    %sys %iowait    %irq   %soft  %steal  %guest  %gnice   %idle
09時37分22秒    0   55.56    0.00   35.35    0.00    0.00    7.07    0.00    0.00    0.00    2.02
09時37分22秒    1   57.58    0.00   42.42    0.00    0.00    0.00    0.00    0.00    0.00    0.00

09時37分22秒  CPU    %usr   %nice    %sys %iowait    %irq   %soft  %steal  %guest  %gnice   %idle
09時37分23秒    0   67.00    0.00   25.00    0.00    0.00    7.00    0.00    0.00    0.00    1.00
09時37分23秒    1   61.00    0.00   38.00    0.00    0.00    1.00    0.00    0.00    0.00    0.00

09時37分23秒  CPU    %usr   %nice    %sys %iowait    %irq   %soft  %steal  %guest  %gnice   %idle
09時37分24秒    0   65.66    0.00   27.27    0.00    0.00    7.07    0.00    0.00    0.00    0.00
09時37分24秒    1   57.00    0.00   42.00    0.00    0.00    1.00    0.00    0.00    0.00    0.00

09時37分24秒  CPU    %usr   %nice    %sys %iowait    %irq   %soft  %steal  %guest  %gnice   %idle
09時37分25秒    0   61.62    0.00   24.24    0.00    0.00    6.06    0.00    0.00    0.00    8.08
09時37分25秒    1   57.00    0.00   42.00    0.00    0.00    0.00    0.00    0.00    0.00    1.00

09時37分25秒  CPU    %usr   %nice    %sys %iowait    %irq   %soft  %steal  %guest  %gnice   %idle
09時37分26秒    0   50.51    0.00   24.24    0.00    0.00    5.05    0.00    0.00    0.00   20.20
09時37分26秒    1   57.45    0.00   25.53    0.00    0.00    3.19    0.00    0.00    0.00   13.83

09時37分26秒  CPU    %usr   %nice    %sys %iowait    %irq   %soft  %steal  %guest  %gnice   %idle
09時37分27秒    0   49.51    0.00   32.04    0.00    0.00    5.83    0.00    0.00    0.00   12.62
09時37分27秒    1   53.76    0.00   24.73    0.00    0.00    2.15    0.00    0.00    0.00   19.35

09時37分27秒  CPU    %usr   %nice    %sys %iowait    %irq   %soft  %steal  %guest  %gnice   %idle
09時37分28秒    0   53.85    0.00   27.88    0.00    0.00    4.81    0.00    0.00    0.00   13.46
09時37分28秒    1   54.84    0.00   23.66    0.00    0.00    3.23    0.00    0.00    0.00   18.28

09時37分28秒  CPU    %usr   %nice    %sys %iowait    %irq   %soft  %steal  %guest  %gnice   %idle
09時37分29秒    0   12.37    0.00   11.34    0.00    0.00    2.06    0.00    0.00    0.00   74.23
09時37分29秒    1   76.77    0.00   19.19    0.00    0.00    2.02    0.00    0.00    0.00    2.02

平均時間：  CPU    %usr   %nice    %sys %iowait    %irq   %soft  %steal  %guest  %gnice   %idle
平均時間：    0   60.80    0.00   28.35    0.00    0.06    6.63    0.00    0.00    0.00    4.17
平均時間：    1   57.50    0.00   39.97    0.00    0.07    0.93    0.00    0.00    0.00    1.53
