Linux 5.6.15-arch1-1 (archlinux) 	西元2020年06月29日 	_x86_64_	(12 CPU)

09時32分52秒  CPU    %usr   %nice    %sys %iowait    %irq   %soft  %steal  %guest  %gnice   %idle
09時32分53秒    0   52.53    0.00   38.38    0.00    0.00    8.08    0.00    0.00    0.00    1.01
09時32分53秒    1   64.36    0.00   34.65    0.00    0.00    0.99    0.00    0.00    0.00    0.00

09時32分53秒  CPU    %usr   %nice    %sys %iowait    %irq   %soft  %steal  %guest  %gnice   %idle
09時32分54秒    0   49.49    0.00   42.42    0.00    0.00    8.08    0.00    0.00    0.00    0.00
09時32分54秒    1   55.00    0.00   44.00    0.00    0.00    1.00    0.00    0.00    0.00    0.00

09時32分54秒  CPU    %usr   %nice    %sys %iowait    %irq   %soft  %steal  %guest  %gnice   %idle
09時32分55秒    0   50.51    0.00   40.40    0.00    0.00    8.08    0.00    0.00    0.00    1.01
09時32分55秒    1   58.00    0.00   41.00    0.00    0.00    1.00    0.00    0.00    0.00    0.00

09時32分55秒  CPU    %usr   %nice    %sys %iowait    %irq   %soft  %steal  %guest  %gnice   %idle
09時32分56秒    0   53.00    0.00   39.00    0.00    0.00    7.00    0.00    0.00    0.00    1.00
09時32分56秒    1   60.61    0.00   38.38    0.00    0.00    1.01    0.00    0.00    0.00    0.00

09時32分56秒  CPU    %usr   %nice    %sys %iowait    %irq   %soft  %steal  %guest  %gnice   %idle
09時32分57秒    0   51.00    0.00   41.00    0.00    0.00    8.00    0.00    0.00    0.00    0.00
09時32分57秒    1   56.00    0.00   43.00    0.00    0.00    1.00    0.00    0.00    0.00    0.00

09時32分57秒  CPU    %usr   %nice    %sys %iowait    %irq   %soft  %steal  %guest  %gnice   %idle
09時32分58秒    0   54.00    0.00   37.00    0.00    0.00    8.00    0.00    0.00    0.00    1.00
09時32分58秒    1   60.40    0.00   38.61    0.00    0.00    0.99    0.00    0.00    0.00    0.00

09時32分58秒  CPU    %usr   %nice    %sys %iowait    %irq   %soft  %steal  %guest  %gnice   %idle
09時32分59秒    0   58.42    0.00   32.67    0.00    0.00    7.92    0.00    0.00    0.00    0.99
09時32分59秒    1   56.00    0.00   43.00    0.00    0.00    1.00    0.00    0.00    0.00    0.00

09時32分59秒  CPU    %usr   %nice    %sys %iowait    %irq   %soft  %steal  %guest  %gnice   %idle
09時33分00秒    0   54.55    0.00   37.37    0.00    0.00    8.08    0.00    0.00    0.00    0.00
09時33分00秒    1   60.00    0.00   39.00    0.00    0.00    1.00    0.00    0.00    0.00    0.00

09時33分00秒  CPU    %usr   %nice    %sys %iowait    %irq   %soft  %steal  %guest  %gnice   %idle
09時33分01秒    0   51.52    0.00   39.39    0.00    1.01    7.07    0.00    0.00    0.00    1.01
09時33分01秒    1   55.00    0.00   44.00    0.00    0.00    1.00    0.00    0.00    0.00    0.00

09時33分01秒  CPU    %usr   %nice    %sys %iowait    %irq   %soft  %steal  %guest  %gnice   %idle
09時33分02秒    0   49.50    0.00   41.58    0.00    0.00    7.92    0.00    0.00    0.00    0.99
09時33分02秒    1   58.00    0.00   41.00    0.00    0.00    1.00    0.00    0.00    0.00    0.00

09時33分02秒  CPU    %usr   %nice    %sys %iowait    %irq   %soft  %steal  %guest  %gnice   %idle
09時33分03秒    0   49.00    0.00   43.00    0.00    0.00    8.00    0.00    0.00    0.00    0.00
09時33分03秒    1   53.54    0.00   45.45    0.00    0.00    1.01    0.00    0.00    0.00    0.00

09時33分03秒  CPU    %usr   %nice    %sys %iowait    %irq   %soft  %steal  %guest  %gnice   %idle
09時33分04秒    0   54.55    0.00   36.36    0.00    0.00    8.08    0.00    0.00    0.00    1.01
09時33分04秒    1   61.00    0.00   38.00    0.00    1.00    0.00    0.00    0.00    0.00    0.00

09時33分04秒  CPU    %usr   %nice    %sys %iowait    %irq   %soft  %steal  %guest  %gnice   %idle
09時33分05秒    0   50.51    0.00   41.41    0.00    0.00    8.08    0.00    0.00    0.00    0.00
09時33分05秒    1   52.00    0.00   47.00    0.00    0.00    1.00    0.00    0.00    0.00    0.00

09時33分05秒  CPU    %usr   %nice    %sys %iowait    %irq   %soft  %steal  %guest  %gnice   %idle
09時33分06秒    0   52.00    0.00   40.00    0.00    0.00    7.00    0.00    0.00    0.00    1.00
09時33分06秒    1   58.00    0.00   41.00    0.00    0.00    1.00    0.00    0.00    0.00    0.00

09時33分06秒  CPU    %usr   %nice    %sys %iowait    %irq   %soft  %steal  %guest  %gnice   %idle
09時33分07秒    0   56.44    0.00   34.65    0.00    0.00    7.92    0.00    0.00    0.00    0.99
09時33分07秒    1   64.36    0.00   34.65    0.00    0.00    0.99    0.00    0.00    0.00    0.00

09時33分07秒  CPU    %usr   %nice    %sys %iowait    %irq   %soft  %steal  %guest  %gnice   %idle
09時33分08秒    0   51.52    0.00   34.34    0.00    0.00    7.07    0.00    0.00    0.00    7.07
09時33分08秒    1   54.64    0.00   32.99    0.00    0.00    2.06    0.00    0.00    0.00   10.31

09時33分08秒  CPU    %usr   %nice    %sys %iowait    %irq   %soft  %steal  %guest  %gnice   %idle
09時33分09秒    0   48.04    0.00   39.22    0.00    0.00    7.84    0.00    0.00    0.00    4.90
09時33分09秒    1   50.00    0.00   21.74    0.00    0.00    3.26    0.00    0.00    0.00   25.00

09時33分09秒  CPU    %usr   %nice    %sys %iowait    %irq   %soft  %steal  %guest  %gnice   %idle
09時33分10秒    0   55.10    0.00   33.67    0.00    0.00    7.14    0.00    0.00    0.00    4.08
09時33分10秒    1   46.15    0.00   27.47    0.00    0.00    2.20    0.00    0.00    0.00   24.18

09時33分10秒  CPU    %usr   %nice    %sys %iowait    %irq   %soft  %steal  %guest  %gnice   %idle
09時33分11秒    0   52.00    0.00   37.00    0.00    0.00    7.00    0.00    0.00    0.00    4.00
09時33分11秒    1   48.39    0.00   21.51    0.00    0.00    3.23    0.00    0.00    0.00   26.88

09時33分11秒  CPU    %usr   %nice    %sys %iowait    %irq   %soft  %steal  %guest  %gnice   %idle
09時33分12秒    0   51.49    0.00   35.64    0.00    0.00    7.92    0.00    0.00    0.00    4.95
09時33分12秒    1   51.61    0.00   21.51    0.00    0.00    3.23    0.00    0.00    0.00   23.66

09時33分12秒  CPU    %usr   %nice    %sys %iowait    %irq   %soft  %steal  %guest  %gnice   %idle
09時33分13秒    0   53.47    0.00   35.64    0.00    0.00    6.93    0.00    0.00    0.00    3.96
09時33分13秒    1   51.61    0.00   22.58    0.00    0.00    2.15    0.00    0.00    0.00   23.66

09時33分13秒  CPU    %usr   %nice    %sys %iowait    %irq   %soft  %steal  %guest  %gnice   %idle
09時33分14秒    0   51.96    0.00   35.29    0.00    0.00    7.84    0.00    0.00    0.00    4.90
09時33分14秒    1   54.84    0.00   19.35    0.00    0.00    3.23    0.00    0.00    0.00   22.58

09時33分14秒  CPU    %usr   %nice    %sys %iowait    %irq   %soft  %steal  %guest  %gnice   %idle
09時33分15秒    0   53.47    0.00   34.65    0.00    0.00    6.93    0.00    0.00    0.00    4.95
09時33分15秒    1   53.33    0.00   17.78    0.00    0.00    2.22    0.00    0.00    0.00   26.67

09時33分15秒  CPU    %usr   %nice    %sys %iowait    %irq   %soft  %steal  %guest  %gnice   %idle
09時33分16秒    0   55.10    0.00   32.65    0.00    0.00    7.14    0.00    0.00    0.00    5.10
09時33分16秒    1   50.00    0.00   22.22    0.00    0.00    3.33    0.00    0.00    0.00   24.44

09時33分16秒  CPU    %usr   %nice    %sys %iowait    %irq   %soft  %steal  %guest  %gnice   %idle
09時33分17秒    0   53.47    0.00   34.65    0.00    0.00    7.92    0.00    0.00    0.00    3.96
09時33分17秒    1   45.65    0.00   26.09    0.00    0.00    2.17    0.00    0.00    0.00   26.09

09時33分17秒  CPU    %usr   %nice    %sys %iowait    %irq   %soft  %steal  %guest  %gnice   %idle
09時33分18秒    0   45.10    0.00   36.27    0.00    0.98    6.86    0.00    0.00    0.00   10.78
09時33分18秒    1   53.76    0.00   23.66    0.00    0.00    3.23    0.00    0.00    0.00   19.35

09時33分18秒  CPU    %usr   %nice    %sys %iowait    %irq   %soft  %steal  %guest  %gnice   %idle
09時33分19秒    0   53.00    0.00   39.00    0.00    0.00    7.00    0.00    0.00    0.00    1.00
09時33分19秒    1   55.56    0.00   43.43    0.00    0.00    1.01    0.00    0.00    0.00    0.00

09時33分19秒  CPU    %usr   %nice    %sys %iowait    %irq   %soft  %steal  %guest  %gnice   %idle
09時33分20秒    0   54.00    0.00   38.00    0.00    0.00    8.00    0.00    0.00    0.00    0.00
09時33分20秒    1   55.45    0.00   43.56    0.00    0.00    0.99    0.00    0.00    0.00    0.00

09時33分20秒  CPU    %usr   %nice    %sys %iowait    %irq   %soft  %steal  %guest  %gnice   %idle
09時33分21秒    0   52.00    0.00   39.00    0.00    0.00    8.00    0.00    0.00    0.00    1.00
09時33分21秒    1   62.24    0.00   37.76    0.00    0.00    0.00    0.00    0.00    0.00    0.00

09時33分21秒  CPU    %usr   %nice    %sys %iowait    %irq   %soft  %steal  %guest  %gnice   %idle
09時33分22秒    0   56.57    0.00   35.35    0.00    0.00    7.07    0.00    0.00    0.00    1.01
09時33分22秒    1   55.45    0.00   42.57    0.00    0.99    0.99    0.00    0.00    0.00    0.00

09時33分22秒  CPU    %usr   %nice    %sys %iowait    %irq   %soft  %steal  %guest  %gnice   %idle
09時33分23秒    0   54.00    0.00   38.00    0.00    0.00    8.00    0.00    0.00    0.00    0.00
09時33分23秒    1   55.45    0.00   43.56    0.00    0.00    0.99    0.00    0.00    0.00    0.00

09時33分23秒  CPU    %usr   %nice    %sys %iowait    %irq   %soft  %steal  %guest  %gnice   %idle
09時33分24秒    0   59.41    0.00   31.68    0.00    0.00    7.92    0.00    0.00    0.00    0.99
09時33分24秒    1   51.52    0.00   47.47    0.00    0.00    1.01    0.00    0.00    0.00    0.00

09時33分24秒  CPU    %usr   %nice    %sys %iowait    %irq   %soft  %steal  %guest  %gnice   %idle
09時33分25秒    0   54.00    0.00   38.00    0.00    0.00    8.00    0.00    0.00    0.00    0.00
09時33分25秒    1   57.43    0.00   41.58    0.00    0.00    0.99    0.00    0.00    0.00    0.00

09時33分25秒  CPU    %usr   %nice    %sys %iowait    %irq   %soft  %steal  %guest  %gnice   %idle
09時33分26秒    0   40.82    0.00   29.59    0.00    0.00    6.12    0.00    0.00    0.00   23.47
09時33分26秒    1   70.00    0.00   28.00    0.00    0.00    2.00    0.00    0.00    0.00    0.00

09時33分26秒  CPU    %usr   %nice    %sys %iowait    %irq   %soft  %steal  %guest  %gnice   %idle
09時33分27秒    0   54.55    0.00   37.37    0.00    0.00    7.07    0.00    0.00    0.00    1.01
09時33分27秒    1   62.00    0.00   37.00    0.00    0.00    1.00    0.00    0.00    0.00    0.00

09時33分27秒  CPU    %usr   %nice    %sys %iowait    %irq   %soft  %steal  %guest  %gnice   %idle
09時33分28秒    0   51.00    0.00   40.00    0.00    0.00    8.00    0.00    0.00    0.00    1.00
09時33分28秒    1   64.00    0.00   35.00    0.00    0.00    1.00    0.00    0.00    0.00    0.00

09時33分28秒  CPU    %usr   %nice    %sys %iowait    %irq   %soft  %steal  %guest  %gnice   %idle
09時33分29秒    0   58.42    0.00   33.66    0.00    0.00    7.92    0.00    0.00    0.00    0.00
09時33分29秒    1   57.00    0.00   42.00    0.00    0.00    1.00    0.00    0.00    0.00    0.00

09時33分29秒  CPU    %usr   %nice    %sys %iowait    %irq   %soft  %steal  %guest  %gnice   %idle
09時33分30秒    0   54.00    0.00   38.00    0.00    0.00    7.00    0.00    0.00    0.00    1.00
09時33分30秒    1   62.00    0.00   37.00    0.00    0.00    1.00    0.00    0.00    0.00    0.00

09時33分30秒  CPU    %usr   %nice    %sys %iowait    %irq   %soft  %steal  %guest  %gnice   %idle
09時33分31秒    0   57.58    0.00   33.33    0.00    0.00    8.08    0.00    0.00    0.00    1.01
09時33分31秒    1   66.00    0.00   33.00    0.00    0.00    1.00    0.00    0.00    0.00    0.00

09時33分31秒  CPU    %usr   %nice    %sys %iowait    %irq   %soft  %steal  %guest  %gnice   %idle
09時33分32秒    0   56.00    0.00   35.00    0.00    0.00    8.00    0.00    0.00    0.00    1.00
09時33分32秒    1   61.62    0.00   37.37    0.00    0.00    1.01    0.00    0.00    0.00    0.00

09時33分32秒  CPU    %usr   %nice    %sys %iowait    %irq   %soft  %steal  %guest  %gnice   %idle
09時33分33秒    0   52.53    0.00   39.39    0.00    0.00    7.07    0.00    0.00    0.00    1.01
09時33分33秒    1   55.45    0.00   43.56    0.00    0.00    0.99    0.00    0.00    0.00    0.00

09時33分33秒  CPU    %usr   %nice    %sys %iowait    %irq   %soft  %steal  %guest  %gnice   %idle
09時33分34秒    0   53.54    0.00   37.37    0.00    0.00    8.08    0.00    0.00    0.00    1.01
09時33分34秒    1   56.00    0.00   43.00    0.00    0.00    1.00    0.00    0.00    0.00    0.00

09時33分34秒  CPU    %usr   %nice    %sys %iowait    %irq   %soft  %steal  %guest  %gnice   %idle
09時33分35秒    0   51.00    0.00   38.00    0.00    0.00    8.00    0.00    0.00    0.00    3.00
09時33分35秒    1   59.60    0.00   39.39    0.00    0.00    1.01    0.00    0.00    0.00    0.00

09時33分35秒  CPU    %usr   %nice    %sys %iowait    %irq   %soft  %steal  %guest  %gnice   %idle
09時33分36秒    0   50.51    0.00   41.41    0.00    1.01    7.07    0.00    0.00    0.00    0.00
09時33分36秒    1   56.00    0.00   43.00    0.00    0.00    1.00    0.00    0.00    0.00    0.00

09時33分36秒  CPU    %usr   %nice    %sys %iowait    %irq   %soft  %steal  %guest  %gnice   %idle
09時33分37秒    0   55.45    0.00   35.64    0.00    0.00    7.92    0.00    0.00    0.00    0.99
09時33分37秒    1   60.00    0.00   39.00    0.00    0.00    1.00    0.00    0.00    0.00    0.00

09時33分37秒  CPU    %usr   %nice    %sys %iowait    %irq   %soft  %steal  %guest  %gnice   %idle
09時33分38秒    0   49.50    0.00   41.58    0.00    0.00    7.92    0.00    0.00    0.00    0.99
09時33分38秒    1   58.00    0.00   41.00    0.00    0.00    1.00    0.00    0.00    0.00    0.00

09時33分38秒  CPU    %usr   %nice    %sys %iowait    %irq   %soft  %steal  %guest  %gnice   %idle
09時33分39秒    0   48.00    0.00   41.00    0.00    0.00    7.00    0.00    0.00    0.00    4.00
09時33分39秒    1   55.79    0.00   22.11    0.00    1.05    2.11    0.00    0.00    0.00   18.95

09時33分39秒  CPU    %usr   %nice    %sys %iowait    %irq   %soft  %steal  %guest  %gnice   %idle
09時33分40秒    0   51.49    0.00   36.63    0.00    0.00    7.92    0.00    0.00    0.00    3.96
09時33分40秒    1   53.26    0.00   18.48    0.00    0.00    3.26    0.00    0.00    0.00   25.00

09時33分40秒  CPU    %usr   %nice    %sys %iowait    %irq   %soft  %steal  %guest  %gnice   %idle
09時33分41秒    0   46.46    0.00   42.42    0.00    0.00    7.07    0.00    0.00    0.00    4.04
09時33分41秒    1   53.85    0.00   21.98    0.00    0.00    2.20    0.00    0.00    0.00   21.98

09時33分41秒  CPU    %usr   %nice    %sys %iowait    %irq   %soft  %steal  %guest  %gnice   %idle
09時33分42秒    0   46.46    0.00   41.41    0.00    0.00    7.07    0.00    0.00    0.00    5.05
09時33分42秒    1   48.91    0.00   23.91    0.00    0.00    3.26    0.00    0.00    0.00   23.91

09時33分42秒  CPU    %usr   %nice    %sys %iowait    %irq   %soft  %steal  %guest  %gnice   %idle
09時33分43秒    0   57.84    0.00   30.39    0.00    0.00    7.84    0.00    0.00    0.00    3.92
09時33分43秒    1   55.91    0.00   17.20    0.00    0.00    2.15    0.00    0.00    0.00   24.73

09時33分43秒  CPU    %usr   %nice    %sys %iowait    %irq   %soft  %steal  %guest  %gnice   %idle
09時33分44秒    0   49.00    0.00   40.00    0.00    0.00    7.00    0.00    0.00    0.00    4.00
09時33分44秒    1   54.26    0.00   28.72    0.00    0.00    2.13    0.00    0.00    0.00   14.89

09時33分44秒  CPU    %usr   %nice    %sys %iowait    %irq   %soft  %steal  %guest  %gnice   %idle
09時33分45秒    0   56.00    0.00   35.00    0.00    0.00    8.00    0.00    0.00    0.00    1.00
09時33分45秒    1   57.43    0.00   41.58    0.00    0.00    0.99    0.00    0.00    0.00    0.00

09時33分45秒  CPU    %usr   %nice    %sys %iowait    %irq   %soft  %steal  %guest  %gnice   %idle
09時33分46秒    0   54.55    0.00   37.37    0.00    0.00    7.07    0.00    0.00    0.00    1.01
09時33分46秒    1   59.00    0.00   40.00    0.00    0.00    1.00    0.00    0.00    0.00    0.00

09時33分46秒  CPU    %usr   %nice    %sys %iowait    %irq   %soft  %steal  %guest  %gnice   %idle
09時33分47秒    0   56.00    0.00   35.00    0.00    0.00    8.00    0.00    0.00    0.00    1.00
09時33分47秒    1   59.60    0.00   38.38    0.00    0.00    1.01    0.00    0.00    0.00    1.01

09時33分47秒  CPU    %usr   %nice    %sys %iowait    %irq   %soft  %steal  %guest  %gnice   %idle
09時33分48秒    0   54.55    0.00   37.37    0.00    0.00    8.08    0.00    0.00    0.00    0.00
09時33分48秒    1   62.00    0.00   37.00    0.00    0.00    1.00    0.00    0.00    0.00    0.00

09時33分48秒  CPU    %usr   %nice    %sys %iowait    %irq   %soft  %steal  %guest  %gnice   %idle
09時33分49秒    0   51.02    0.00   40.82    0.00    0.00    7.14    0.00    0.00    0.00    1.02
09時33分49秒    1   60.00    0.00   39.00    0.00    0.00    1.00    0.00    0.00    0.00    0.00

09時33分49秒  CPU    %usr   %nice    %sys %iowait    %irq   %soft  %steal  %guest  %gnice   %idle
09時33分50秒    0   51.49    0.00   39.60    0.00    0.00    7.92    0.00    0.00    0.00    0.99
09時33分50秒    1   51.52    0.00   48.48    0.00    0.00    0.00    0.00    0.00    0.00    0.00

09時33分50秒  CPU    %usr   %nice    %sys %iowait    %irq   %soft  %steal  %guest  %gnice   %idle
09時33分51秒    0   47.00    0.00   45.00    0.00    0.00    8.00    0.00    0.00    0.00    0.00
09時33分51秒    1   63.37    0.00   35.64    0.00    0.00    0.99    0.00    0.00    0.00    0.00

09時33分51秒  CPU    %usr   %nice    %sys %iowait    %irq   %soft  %steal  %guest  %gnice   %idle
09時33分52秒    0   53.61    0.00   38.14    0.00    0.00    7.22    0.00    0.00    0.00    1.03
09時33分52秒    1   55.00    0.00   44.00    0.00    0.00    1.00    0.00    0.00    0.00    0.00

09時33分52秒  CPU    %usr   %nice    %sys %iowait    %irq   %soft  %steal  %guest  %gnice   %idle
09時33分53秒    0   50.00    0.00   35.29    0.00    0.98    6.86    0.00    0.00    0.00    6.86
09時33分53秒    1   52.69    0.00   25.81    0.00    0.00    2.15    0.00    0.00    0.00   19.35

09時33分53秒  CPU    %usr   %nice    %sys %iowait    %irq   %soft  %steal  %guest  %gnice   %idle
09時33分54秒    0   50.00    0.00   38.24    0.00    0.00    7.84    0.00    0.00    0.00    3.92
09時33分54秒    1   46.74    0.00   27.17    0.00    0.00    3.26    0.00    0.00    0.00   22.83

09時33分54秒  CPU    %usr   %nice    %sys %iowait    %irq   %soft  %steal  %guest  %gnice   %idle
09時33分55秒    0   51.46    0.00   35.92    0.00    0.00    6.80    0.00    0.00    0.00    5.83
09時33分55秒    1   50.54    0.00   22.58    0.00    0.00    2.15    0.00    0.00    0.00   24.73

09時33分55秒  CPU    %usr   %nice    %sys %iowait    %irq   %soft  %steal  %guest  %gnice   %idle
09時33分56秒    0   47.00    0.00   38.00    0.00    0.00    7.00    0.00    0.00    0.00    8.00
09時33分56秒    1   51.61    0.00   21.51    0.00    0.00    3.23    0.00    0.00    0.00   23.66

09時33分56秒  CPU    %usr   %nice    %sys %iowait    %irq   %soft  %steal  %guest  %gnice   %idle
09時33分57秒    0   43.56    0.00   28.71    0.00    0.00    5.94    0.00    0.00    0.00   21.78
09時33分57秒    1   57.29    0.00   22.92    0.00    1.04    3.12    0.00    0.00    0.00   15.62

09時33分57秒  CPU    %usr   %nice    %sys %iowait    %irq   %soft  %steal  %guest  %gnice   %idle
09時33分58秒    0   56.00    0.00   35.00    0.00    0.00    8.00    0.00    0.00    0.00    1.00
09時33分58秒    1   57.58    0.00   37.37    0.00    0.00    1.01    0.00    0.00    0.00    4.04

09時33分58秒  CPU    %usr   %nice    %sys %iowait    %irq   %soft  %steal  %guest  %gnice   %idle
09時33分59秒    0   52.04    0.00   39.80    0.00    0.00    7.14    0.00    0.00    0.00    1.02
09時33分59秒    1   60.00    0.00   39.00    0.00    0.00    1.00    0.00    0.00    0.00    0.00

09時33分59秒  CPU    %usr   %nice    %sys %iowait    %irq   %soft  %steal  %guest  %gnice   %idle
09時34分00秒    0   52.48    0.00   38.61    0.00    0.00    7.92    0.00    0.00    0.00    0.99
09時34分00秒    1   59.60    0.00   40.40    0.00    0.00    0.00    0.00    0.00    0.00    0.00

09時34分00秒  CPU    %usr   %nice    %sys %iowait    %irq   %soft  %steal  %guest  %gnice   %idle
09時34分01秒    0   55.56    0.00   36.36    0.00    0.00    8.08    0.00    0.00    0.00    0.00
09時34分01秒    1   56.00    0.00   43.00    0.00    0.00    1.00    0.00    0.00    0.00    0.00

09時34分01秒  CPU    %usr   %nice    %sys %iowait    %irq   %soft  %steal  %guest  %gnice   %idle
09時34分02秒    0   56.57    0.00   35.35    0.00    0.00    7.07    0.00    0.00    0.00    1.01
09時34分02秒    1   64.36    0.00   34.65    0.00    0.00    0.99    0.00    0.00    0.00    0.00

09時34分02秒  CPU    %usr   %nice    %sys %iowait    %irq   %soft  %steal  %guest  %gnice   %idle
09時34分03秒    0   50.51    0.00   28.28    0.00    0.00    6.06    0.00    0.00    0.00   15.15
09時34分03秒    1   68.04    0.00   24.74    0.00    0.00    2.06    0.00    0.00    0.00    5.15

09時34分03秒  CPU    %usr   %nice    %sys %iowait    %irq   %soft  %steal  %guest  %gnice   %idle
09時34分04秒    0   56.00    0.00   35.00    0.00    0.00    8.00    0.00    0.00    0.00    1.00
09時34分04秒    1   56.44    0.00   42.57    0.00    0.00    0.99    0.00    0.00    0.00    0.00

09時34分04秒  CPU    %usr   %nice    %sys %iowait    %irq   %soft  %steal  %guest  %gnice   %idle
09時34分05秒    0   55.00    0.00   37.00    0.00    0.00    8.00    0.00    0.00    0.00    0.00
09時34分05秒    1   60.00    0.00   39.00    0.00    0.00    1.00    0.00    0.00    0.00    0.00

09時34分05秒  CPU    %usr   %nice    %sys %iowait    %irq   %soft  %steal  %guest  %gnice   %idle
09時34分06秒    0   54.55    0.00   37.37    0.00    0.00    7.07    0.00    0.00    0.00    1.01
09時34分06秒    1   66.67    0.00   33.33    0.00    0.00    0.00    0.00    0.00    0.00    0.00

09時34分06秒  CPU    %usr   %nice    %sys %iowait    %irq   %soft  %steal  %guest  %gnice   %idle
09時34分07秒    0   50.51    0.00   41.41    0.00    0.00    8.08    0.00    0.00    0.00    0.00
09時34分07秒    1   59.00    0.00   40.00    0.00    0.00    1.00    0.00    0.00    0.00    0.00

09時34分07秒  CPU    %usr   %nice    %sys %iowait    %irq   %soft  %steal  %guest  %gnice   %idle
09時34分08秒    0   57.43    0.00   33.66    0.00    0.00    7.92    0.00    0.00    0.00    0.99
09時34分08秒    1   57.43    0.00   41.58    0.00    0.00    0.99    0.00    0.00    0.00    0.00

09時34分08秒  CPU    %usr   %nice    %sys %iowait    %irq   %soft  %steal  %guest  %gnice   %idle
09時34分09秒    0   58.59    0.00   34.34    0.00    0.00    7.07    0.00    0.00    0.00    0.00
09時34分09秒    1   59.00    0.00   40.00    0.00    0.00    1.00    0.00    0.00    0.00    0.00

09時34分09秒  CPU    %usr   %nice    %sys %iowait    %irq   %soft  %steal  %guest  %gnice   %idle
09時34分10秒    0   45.00    0.00   27.00    0.00    0.00    6.00    0.00    0.00    0.00   22.00
09時34分10秒    1   60.20    0.00   31.63    0.00    0.00    2.04    0.00    0.00    0.00    6.12

09時34分10秒  CPU    %usr   %nice    %sys %iowait    %irq   %soft  %steal  %guest  %gnice   %idle
09時34分11秒    0   54.46    0.00   30.69    0.00    0.99    7.92    0.00    0.00    0.00    5.94
09時34分11秒    1   50.00    0.00   25.00    0.00    0.00    2.17    0.00    0.00    0.00   22.83

09時34分11秒  CPU    %usr   %nice    %sys %iowait    %irq   %soft  %steal  %guest  %gnice   %idle
09時34分12秒    0   51.02    0.00   36.73    0.00    0.00    7.14    0.00    0.00    0.00    5.10
09時34分12秒    1   48.39    0.00   22.58    0.00    0.00    3.23    0.00    0.00    0.00   25.81

09時34分12秒  CPU    %usr   %nice    %sys %iowait    %irq   %soft  %steal  %guest  %gnice   %idle
09時34分13秒    0   53.00    0.00   35.00    0.00    0.00    7.00    0.00    0.00    0.00    5.00
09時34分13秒    1   50.55    0.00   20.88    0.00    0.00    2.20    0.00    0.00    0.00   26.37

09時34分13秒  CPU    %usr   %nice    %sys %iowait    %irq   %soft  %steal  %guest  %gnice   %idle
09時34分14秒    0   53.00    0.00   35.00    0.00    0.00    8.00    0.00    0.00    0.00    4.00
09時34分14秒    1   45.74    0.00   25.53    0.00    1.06    3.19    0.00    0.00    0.00   24.47

09時34分14秒  CPU    %usr   %nice    %sys %iowait    %irq   %soft  %steal  %guest  %gnice   %idle
09時34分15秒    0   50.98    0.00   36.27    0.00    0.00    6.86    0.00    0.00    0.00    5.88
09時34分15秒    1   53.26    0.00   20.65    0.00    0.00    3.26    0.00    0.00    0.00   22.83

09時34分15秒  CPU    %usr   %nice    %sys %iowait    %irq   %soft  %steal  %guest  %gnice   %idle
09時34分16秒    0   49.50    0.00   37.62    0.00    0.00    6.93    0.00    0.00    0.00    5.94
09時34分16秒    1   51.09    0.00   21.74    0.00    0.00    2.17    0.00    0.00    0.00   25.00

09時34分16秒  CPU    %usr   %nice    %sys %iowait    %irq   %soft  %steal  %guest  %gnice   %idle
09時34分17秒    0   52.48    0.00   33.66    0.00    0.00    6.93    0.00    0.00    0.00    6.93
09時34分17秒    1   46.24    0.00   25.81    0.00    0.00    3.23    0.00    0.00    0.00   24.73

09時34分17秒  CPU    %usr   %nice    %sys %iowait    %irq   %soft  %steal  %guest  %gnice   %idle
09時34分18秒    0   54.90    0.00   33.33    0.00    0.00    7.84    0.00    0.00    0.00    3.92
09時34分18秒    1   50.00    0.00   22.83    0.00    0.00    2.17    0.00    0.00    0.00   25.00

09時34分18秒  CPU    %usr   %nice    %sys %iowait    %irq   %soft  %steal  %guest  %gnice   %idle
09時34分19秒    0   51.49    0.00   36.63    0.00    0.00    6.93    0.00    0.00    0.00    4.95
09時34分19秒    1   51.61    0.00   22.58    0.00    1.08    3.23    0.00    0.00    0.00   21.51

09時34分19秒  CPU    %usr   %nice    %sys %iowait    %irq   %soft  %steal  %guest  %gnice   %idle
09時34分20秒    0   48.04    0.00   37.25    0.00    0.00    6.86    0.00    0.00    0.00    7.84
09時34分20秒    1   51.06    0.00   22.34    0.00    0.00    2.13    0.00    0.00    0.00   24.47

09時34分20秒  CPU    %usr   %nice    %sys %iowait    %irq   %soft  %steal  %guest  %gnice   %idle
09時34分21秒    0   50.51    0.00   39.39    0.00    0.00    7.07    0.00    0.00    0.00    3.03
09時34分21秒    1   57.14    0.00   32.65    0.00    0.00    2.04    0.00    0.00    0.00    8.16

09時34分21秒  CPU    %usr   %nice    %sys %iowait    %irq   %soft  %steal  %guest  %gnice   %idle
09時34分22秒    0   55.00    0.00   37.00    0.00    0.00    8.00    0.00    0.00    0.00    0.00
09時34分22秒    1   64.00    0.00   35.00    0.00    0.00    1.00    0.00    0.00    0.00    0.00

09時34分22秒  CPU    %usr   %nice    %sys %iowait    %irq   %soft  %steal  %guest  %gnice   %idle
09時34分23秒    0   49.50    0.00   39.60    0.00    0.00    6.93    0.00    0.00    0.00    3.96
09時34分23秒    1   53.19    0.00   29.79    0.00    0.00    2.13    0.00    0.00    0.00   14.89

09時34分23秒  CPU    %usr   %nice    %sys %iowait    %irq   %soft  %steal  %guest  %gnice   %idle
09時34分24秒    0   47.47    0.00   38.38    0.00    0.00    7.07    0.00    0.00    0.00    7.07
09時34分24秒    1   48.94    0.00   23.40    0.00    0.00    3.19    0.00    0.00    0.00   24.47

09時34分24秒  CPU    %usr   %nice    %sys %iowait    %irq   %soft  %steal  %guest  %gnice   %idle
09時34分25秒    0   46.00    0.00   39.00    0.00    0.00    8.00    0.00    0.00    0.00    7.00
09時34分25秒    1   50.00    0.00   23.91    0.00    0.00    2.17    0.00    0.00    0.00   23.91

09時34分25秒  CPU    %usr   %nice    %sys %iowait    %irq   %soft  %steal  %guest  %gnice   %idle
09時34分26秒    0   50.50    0.00   37.62    0.00    0.00    6.93    0.00    0.00    0.00    4.95
09時34分26秒    1   48.39    0.00   25.81    0.00    0.00    3.23    0.00    0.00    0.00   22.58

09時34分26秒  CPU    %usr   %nice    %sys %iowait    %irq   %soft  %steal  %guest  %gnice   %idle
09時34分27秒    0   48.51    0.00   37.62    0.00    0.99    6.93    0.00    0.00    0.00    5.94
09時34分27秒    1   53.26    0.00   21.74    0.00    0.00    2.17    0.00    0.00    0.00   22.83

09時34分27秒  CPU    %usr   %nice    %sys %iowait    %irq   %soft  %steal  %guest  %gnice   %idle
09時34分28秒    0   57.43    0.00   32.67    0.00    0.00    7.92    0.00    0.00    0.00    1.98
09時34分28秒    1   59.18    0.00   29.59    0.00    0.00    2.04    0.00    0.00    0.00    9.18

09時34分28秒  CPU    %usr   %nice    %sys %iowait    %irq   %soft  %steal  %guest  %gnice   %idle
09時34分29秒    0   53.54    0.00   38.38    0.00    0.00    7.07    0.00    0.00    0.00    1.01
09時34分29秒    1   61.39    0.00   37.62    0.00    0.00    0.99    0.00    0.00    0.00    0.00

09時34分29秒  CPU    %usr   %nice    %sys %iowait    %irq   %soft  %steal  %guest  %gnice   %idle
09時34分30秒    0   52.53    0.00   39.39    0.00    0.00    8.08    0.00    0.00    0.00    0.00
09時34分30秒    1   54.00    0.00   45.00    0.00    0.00    1.00    0.00    0.00    0.00    0.00

09時34分30秒  CPU    %usr   %nice    %sys %iowait    %irq   %soft  %steal  %guest  %gnice   %idle
09時34分31秒    0   51.00    0.00   41.00    0.00    0.00    7.00    0.00    0.00    0.00    1.00
09時34分31秒    1   56.57    0.00   43.43    0.00    0.00    0.00    0.00    0.00    0.00    0.00

09時34分31秒  CPU    %usr   %nice    %sys %iowait    %irq   %soft  %steal  %guest  %gnice   %idle
09時34分32秒    0   54.46    0.00   36.63    0.00    0.00    7.92    0.00    0.00    0.00    0.99
09時34分32秒    1   59.00    0.00   40.00    0.00    0.00    1.00    0.00    0.00    0.00    0.00

09時34分32秒  CPU    %usr   %nice    %sys %iowait    %irq   %soft  %steal  %guest  %gnice   %idle
09時34分33秒    0   52.00    0.00   40.00    0.00    0.00    8.00    0.00    0.00    0.00    0.00
09時34分33秒    1   58.00    0.00   41.00    0.00    0.00    1.00    0.00    0.00    0.00    0.00

09時34分33秒  CPU    %usr   %nice    %sys %iowait    %irq   %soft  %steal  %guest  %gnice   %idle
09時34分34秒    0   51.00    0.00   41.00    0.00    0.00    7.00    0.00    0.00    0.00    1.00
09時34分34秒    1   58.00    0.00   41.00    0.00    0.00    1.00    0.00    0.00    0.00    0.00

09時34分34秒  CPU    %usr   %nice    %sys %iowait    %irq   %soft  %steal  %guest  %gnice   %idle
09時34分35秒    0   52.00    0.00   39.00    0.00    0.00    8.00    0.00    0.00    0.00    1.00
09時34分35秒    1   58.00    0.00   41.00    0.00    0.00    1.00    0.00    0.00    0.00    0.00

09時34分35秒  CPU    %usr   %nice    %sys %iowait    %irq   %soft  %steal  %guest  %gnice   %idle
09時34分36秒    0   42.27    0.00   35.05    0.00    0.00    6.19    0.00    0.00    0.00   16.49
09時34分36秒    1   58.16    0.00   29.59    0.00    1.02    2.04    0.00    0.00    0.00    9.18

09時34分36秒  CPU    %usr   %nice    %sys %iowait    %irq   %soft  %steal  %guest  %gnice   %idle
09時34分37秒    0   49.50    0.00   37.62    0.00    0.00    7.92    0.00    0.00    0.00    4.95
09時34分37秒    1   52.22    0.00   21.11    0.00    0.00    2.22    0.00    0.00    0.00   24.44

09時34分37秒  CPU    %usr   %nice    %sys %iowait    %irq   %soft  %steal  %guest  %gnice   %idle
09時34分38秒    0   55.00    0.00   35.00    0.00    0.00    7.00    0.00    0.00    0.00    3.00
09時34分38秒    1   49.47    0.00   31.58    0.00    0.00    2.11    0.00    0.00    0.00   16.84

09時34分38秒  CPU    %usr   %nice    %sys %iowait    %irq   %soft  %steal  %guest  %gnice   %idle
09時34分39秒    0   50.50    0.00   40.59    0.00    0.00    7.92    0.00    0.00    0.00    0.99
09時34分39秒    1   55.00    0.00   44.00    0.00    0.00    1.00    0.00    0.00    0.00    0.00

09時34分39秒  CPU    %usr   %nice    %sys %iowait    %irq   %soft  %steal  %guest  %gnice   %idle
09時34分40秒    0   55.56    0.00   37.37    0.00    0.00    7.07    0.00    0.00    0.00    0.00
09時34分40秒    1   59.60    0.00   39.39    0.00    0.00    1.01    0.00    0.00    0.00    0.00

09時34分40秒  CPU    %usr   %nice    %sys %iowait    %irq   %soft  %steal  %guest  %gnice   %idle
09時34分41秒    0   52.48    0.00   38.61    0.00    0.00    7.92    0.00    0.00    0.00    0.99
09時34分41秒    1   55.45    0.00   43.56    0.00    0.00    0.99    0.00    0.00    0.00    0.00

09時34分41秒  CPU    %usr   %nice    %sys %iowait    %irq   %soft  %steal  %guest  %gnice   %idle
09時34分42秒    0   51.52    0.00   40.40    0.00    0.00    7.07    0.00    0.00    0.00    1.01
09時34分42秒    1   61.62    0.00   38.38    0.00    0.00    0.00    0.00    0.00    0.00    0.00

09時34分42秒  CPU    %usr   %nice    %sys %iowait    %irq   %soft  %steal  %guest  %gnice   %idle
09時34分43秒    0   53.54    0.00   38.38    0.00    0.00    8.08    0.00    0.00    0.00    0.00
09時34分43秒    1   55.00    0.00   44.00    0.00    0.00    1.00    0.00    0.00    0.00    0.00

09時34分43秒  CPU    %usr   %nice    %sys %iowait    %irq   %soft  %steal  %guest  %gnice   %idle
09時34分44秒    0   52.48    0.00   39.60    0.00    0.00    6.93    0.00    0.00    0.00    0.99
09時34分44秒    1   55.00    0.00   44.00    0.00    0.00    1.00    0.00    0.00    0.00    0.00

09時34分44秒  CPU    %usr   %nice    %sys %iowait    %irq   %soft  %steal  %guest  %gnice   %idle
09時34分45秒    0   56.00    0.00   35.00    0.00    1.00    8.00    0.00    0.00    0.00    0.00
09時34分45秒    1   57.00    0.00   42.00    0.00    0.00    1.00    0.00    0.00    0.00    0.00

09時34分45秒  CPU    %usr   %nice    %sys %iowait    %irq   %soft  %steal  %guest  %gnice   %idle
09時34分46秒    0   52.53    0.00   38.38    0.00    0.00    8.08    0.00    0.00    0.00    1.01
09時34分46秒    1   60.40    0.00   38.61    0.00    0.00    0.99    0.00    0.00    0.00    0.00

09時34分46秒  CPU    %usr   %nice    %sys %iowait    %irq   %soft  %steal  %guest  %gnice   %idle
09時34分47秒    0   57.00    0.00   35.00    0.00    0.00    7.00    0.00    0.00    0.00    1.00
09時34分47秒    1   57.00    0.00   42.00    0.00    0.00    1.00    0.00    0.00    0.00    0.00

09時34分47秒  CPU    %usr   %nice    %sys %iowait    %irq   %soft  %steal  %guest  %gnice   %idle
09時34分48秒    0   47.47    0.00   38.38    0.00    0.00    7.07    0.00    0.00    0.00    7.07
09時34分48秒    1   61.62    0.00   38.38    0.00    0.00    0.00    0.00    0.00    0.00    0.00

09時34分48秒  CPU    %usr   %nice    %sys %iowait    %irq   %soft  %steal  %guest  %gnice   %idle
09時34分49秒    0   50.98    0.00   29.41    0.00    0.00    6.86    0.00    0.00    0.00   12.75
09時34分49秒    1   53.76    0.00   22.58    0.00    0.00    3.23    0.00    0.00    0.00   20.43

09時34分49秒  CPU    %usr   %nice    %sys %iowait    %irq   %soft  %steal  %guest  %gnice   %idle
09時34分50秒    0   49.02    0.00   38.24    0.00    0.00    6.86    0.00    0.00    0.00    5.88
09時34分50秒    1   46.74    0.00   26.09    0.00    0.00    3.26    0.00    0.00    0.00   23.91

09時34分50秒  CPU    %usr   %nice    %sys %iowait    %irq   %soft  %steal  %guest  %gnice   %idle
09時34分51秒    0   51.49    0.00   36.63    0.00    0.00    7.92    0.00    0.00    0.00    3.96
09時34分51秒    1   52.17    0.00   22.83    0.00    0.00    2.17    0.00    0.00    0.00   22.83

09時34分51秒  CPU    %usr   %nice    %sys %iowait    %irq   %soft  %steal  %guest  %gnice   %idle
09時34分52秒    0   50.50    0.00   35.64    0.00    0.00    6.93    0.00    0.00    0.00    6.93
09時34分52秒    1   45.65    0.00   27.17    0.00    0.00    3.26    0.00    0.00    0.00   23.91

平均時間：  CPU    %usr   %nice    %sys %iowait    %irq   %soft  %steal  %guest  %gnice   %idle
平均時間：    0   52.16    0.00   37.05    0.00    0.06    7.46    0.00    0.00    0.00    3.27
平均時間：    1   56.12    0.00   34.19    0.00    0.06    1.56    0.00    0.00    0.00    8.07
