Linux 5.6.15-arch1-1 (archlinux) 	西元2020年06月29日 	_x86_64_	(12 CPU)

09時19分47秒  CPU    %usr   %nice    %sys %iowait    %irq   %soft  %steal  %guest  %gnice   %idle
09時19分48秒    0   46.08    0.00   42.16    0.00    0.00    6.86    0.00    0.00    0.00    4.90
09時19分48秒    1   57.58    0.00   29.29    0.00    1.01    2.02    0.00    0.00    0.00   10.10

09時19分48秒  CPU    %usr   %nice    %sys %iowait    %irq   %soft  %steal  %guest  %gnice   %idle
09時19分49秒    0   52.53    0.00   39.39    0.00    0.00    8.08    0.00    0.00    0.00    0.00
09時19分49秒    1   59.00    0.00   40.00    0.00    0.00    1.00    0.00    0.00    0.00    0.00

09時19分49秒  CPU    %usr   %nice    %sys %iowait    %irq   %soft  %steal  %guest  %gnice   %idle
09時19分50秒    0   54.55    0.00   37.37    0.00    0.00    7.07    0.00    0.00    0.00    1.01
09時19分50秒    1   55.00    0.00   44.00    0.00    0.00    1.00    0.00    0.00    0.00    0.00

09時19分50秒  CPU    %usr   %nice    %sys %iowait    %irq   %soft  %steal  %guest  %gnice   %idle
09時19分51秒    0   55.00    0.00   37.00    0.00    0.00    8.00    0.00    0.00    0.00    0.00
09時19分51秒    1   58.59    0.00   41.41    0.00    0.00    0.00    0.00    0.00    0.00    0.00

09時19分51秒  CPU    %usr   %nice    %sys %iowait    %irq   %soft  %steal  %guest  %gnice   %idle
09時19分52秒    0   54.00    0.00   38.00    0.00    0.00    7.00    0.00    0.00    0.00    1.00
09時19分52秒    1   60.00    0.00   39.00    0.00    0.00    1.00    0.00    0.00    0.00    0.00

09時19分52秒  CPU    %usr   %nice    %sys %iowait    %irq   %soft  %steal  %guest  %gnice   %idle
09時19分53秒    0   50.00    0.00   39.00    0.00    0.00    7.00    0.00    0.00    0.00    4.00
09時19分53秒    1   58.00    0.00   41.00    0.00    0.00    1.00    0.00    0.00    0.00    0.00

09時19分53秒  CPU    %usr   %nice    %sys %iowait    %irq   %soft  %steal  %guest  %gnice   %idle
09時19分54秒    0   52.48    0.00   38.61    0.00    0.00    7.92    0.00    0.00    0.00    0.99
09時19分54秒    1   56.44    0.00   42.57    0.00    0.00    0.99    0.00    0.00    0.00    0.00

09時19分54秒  CPU    %usr   %nice    %sys %iowait    %irq   %soft  %steal  %guest  %gnice   %idle
09時19分55秒    0   57.58    0.00   35.35    0.00    0.00    7.07    0.00    0.00    0.00    0.00
09時19分55秒    1   56.00    0.00   43.00    0.00    0.00    1.00    0.00    0.00    0.00    0.00

09時19分55秒  CPU    %usr   %nice    %sys %iowait    %irq   %soft  %steal  %guest  %gnice   %idle
09時19分56秒    0   57.00    0.00   35.00    0.00    0.00    7.00    0.00    0.00    0.00    1.00
09時19分56秒    1   59.18    0.00   40.82    0.00    0.00    0.00    0.00    0.00    0.00    0.00

09時19分56秒  CPU    %usr   %nice    %sys %iowait    %irq   %soft  %steal  %guest  %gnice   %idle
09時19分57秒    0   51.02    0.00   39.80    0.00    0.00    8.16    0.00    0.00    0.00    1.02
09時19分57秒    1   57.43    0.00   41.58    0.00    0.00    0.99    0.00    0.00    0.00    0.00

09時19分57秒  CPU    %usr   %nice    %sys %iowait    %irq   %soft  %steal  %guest  %gnice   %idle
09時19分58秒    0   51.52    0.00   41.41    0.00    0.00    7.07    0.00    0.00    0.00    0.00
09時19分58秒    1   53.00    0.00   46.00    0.00    0.00    1.00    0.00    0.00    0.00    0.00

09時19分58秒  CPU    %usr   %nice    %sys %iowait    %irq   %soft  %steal  %guest  %gnice   %idle
09時19分59秒    0   53.47    0.00   35.64    0.00    0.00    7.92    0.00    0.00    0.00    2.97
09時19分59秒    1   55.00    0.00   44.00    0.00    0.00    1.00    0.00    0.00    0.00    0.00

09時19分59秒  CPU    %usr   %nice    %sys %iowait    %irq   %soft  %steal  %guest  %gnice   %idle
09時20分00秒    0   51.55    0.00   41.24    0.00    0.00    7.22    0.00    0.00    0.00    0.00
09時20分00秒    1   59.00    0.00   40.00    0.00    0.00    1.00    0.00    0.00    0.00    0.00

09時20分00秒  CPU    %usr   %nice    %sys %iowait    %irq   %soft  %steal  %guest  %gnice   %idle
09時20分01秒    0   55.45    0.00   35.64    0.00    0.00    7.92    0.00    0.00    0.00    0.99
09時20分01秒    1   53.00    0.00   46.00    0.00    0.00    1.00    0.00    0.00    0.00    0.00

09時20分01秒  CPU    %usr   %nice    %sys %iowait    %irq   %soft  %steal  %guest  %gnice   %idle
09時20分02秒    0   52.00    0.00   40.00    0.00    0.00    7.00    0.00    0.00    0.00    1.00
09時20分02秒    1   58.00    0.00   41.00    0.00    0.00    1.00    0.00    0.00    0.00    0.00

09時20分02秒  CPU    %usr   %nice    %sys %iowait    %irq   %soft  %steal  %guest  %gnice   %idle
09時20分03秒    0   54.08    0.00   38.78    0.00    0.00    7.14    0.00    0.00    0.00    0.00
09時20分03秒    1   63.00    0.00   37.00    0.00    0.00    0.00    0.00    0.00    0.00    0.00

09時20分03秒  CPU    %usr   %nice    %sys %iowait    %irq   %soft  %steal  %guest  %gnice   %idle
09時20分04秒    0   50.51    0.00   40.40    0.00    0.00    8.08    0.00    0.00    0.00    1.01
09時20分04秒    1   55.56    0.00   43.43    0.00    0.00    1.01    0.00    0.00    0.00    0.00

09時20分04秒  CPU    %usr   %nice    %sys %iowait    %irq   %soft  %steal  %guest  %gnice   %idle
09時20分05秒    0   52.94    0.00   38.24    0.00    0.98    6.86    0.00    0.00    0.00    0.98
09時20分05秒    1   58.82    0.00   39.22    0.00    0.98    0.98    0.00    0.00    0.00    0.00

09時20分05秒  CPU    %usr   %nice    %sys %iowait    %irq   %soft  %steal  %guest  %gnice   %idle
09時20分06秒    0   52.04    0.00   40.82    0.00    0.00    7.14    0.00    0.00    0.00    0.00
09時20分06秒    1   59.60    0.00   39.39    0.00    0.00    1.01    0.00    0.00    0.00    0.00

09時20分06秒  CPU    %usr   %nice    %sys %iowait    %irq   %soft  %steal  %guest  %gnice   %idle
09時20分07秒    0   53.54    0.00   27.27    0.00    0.00    7.07    0.00    0.00    0.00   12.12
09時20分07秒    1   61.62    0.00   30.30    0.00    0.00    2.02    0.00    0.00    0.00    6.06

09時20分07秒  CPU    %usr   %nice    %sys %iowait    %irq   %soft  %steal  %guest  %gnice   %idle
09時20分08秒    0   47.96    0.00   39.80    0.00    0.00    7.14    0.00    0.00    0.00    5.10
09時20分08秒    1   55.91    0.00   19.35    0.00    0.00    3.23    0.00    0.00    0.00   21.51

09時20分08秒  CPU    %usr   %nice    %sys %iowait    %irq   %soft  %steal  %guest  %gnice   %idle
09時20分09秒    0   55.34    0.00   32.04    0.00    0.00    6.80    0.00    0.00    0.00    5.83
09時20分09秒    1   50.55    0.00   20.88    0.00    0.00    3.30    0.00    0.00    0.00   25.27

09時20分09秒  CPU    %usr   %nice    %sys %iowait    %irq   %soft  %steal  %guest  %gnice   %idle
09時20分10秒    0   57.58    0.00   29.29    0.00    0.00    7.07    0.00    0.00    0.00    6.06
09時20分10秒    1   56.00    0.00   37.00    0.00    0.00    2.00    0.00    0.00    0.00    5.00

09時20分10秒  CPU    %usr   %nice    %sys %iowait    %irq   %soft  %steal  %guest  %gnice   %idle
09時20分11秒    0   53.54    0.00   38.38    0.00    0.00    7.07    0.00    0.00    0.00    1.01
09時20分11秒    1   54.00    0.00   45.00    0.00    0.00    1.00    0.00    0.00    0.00    0.00

09時20分11秒  CPU    %usr   %nice    %sys %iowait    %irq   %soft  %steal  %guest  %gnice   %idle
09時20分12秒    0   54.00    0.00   37.00    0.00    0.00    8.00    0.00    0.00    0.00    1.00
09時20分12秒    1   62.63    0.00   37.37    0.00    0.00    0.00    0.00    0.00    0.00    0.00

09時20分12秒  CPU    %usr   %nice    %sys %iowait    %irq   %soft  %steal  %guest  %gnice   %idle
09時20分13秒    0   53.06    0.00   39.80    0.00    0.00    7.14    0.00    0.00    0.00    0.00
09時20分13秒    1   57.00    0.00   42.00    0.00    0.00    1.00    0.00    0.00    0.00    0.00

09時20分13秒  CPU    %usr   %nice    %sys %iowait    %irq   %soft  %steal  %guest  %gnice   %idle
09時20分14秒    0   51.00    0.00   41.00    0.00    0.00    7.00    0.00    0.00    0.00    1.00
09時20分14秒    1   57.00    0.00   42.00    0.00    0.00    1.00    0.00    0.00    0.00    0.00

09時20分14秒  CPU    %usr   %nice    %sys %iowait    %irq   %soft  %steal  %guest  %gnice   %idle
09時20分15秒    0   45.00    0.00   35.00    0.00    0.00    6.00    0.00    0.00    0.00   14.00
09時20分15秒    1   56.84    0.00   24.21    0.00    0.00    2.11    0.00    0.00    0.00   16.84

09時20分15秒  CPU    %usr   %nice    %sys %iowait    %irq   %soft  %steal  %guest  %gnice   %idle
09時20分16秒    0   50.98    0.00   36.27    0.00    0.00    6.86    0.00    0.00    0.00    5.88
09時20分16秒    1   48.39    0.00   24.73    0.00    0.00    2.15    0.00    0.00    0.00   24.73

09時20分16秒  CPU    %usr   %nice    %sys %iowait    %irq   %soft  %steal  %guest  %gnice   %idle
09時20分17秒    0   49.00    0.00   38.00    0.00    0.00    8.00    0.00    0.00    0.00    5.00
09時20分17秒    1   53.26    0.00   18.48    0.00    0.00    3.26    0.00    0.00    0.00   25.00

09時20分17秒  CPU    %usr   %nice    %sys %iowait    %irq   %soft  %steal  %guest  %gnice   %idle
09時20分18秒    0   51.49    0.00   36.63    0.00    0.00    6.93    0.00    0.00    0.00    4.95
09時20分18秒    1   50.55    0.00   21.98    0.00    0.00    2.20    0.00    0.00    0.00   25.27

09時20分18秒  CPU    %usr   %nice    %sys %iowait    %irq   %soft  %steal  %guest  %gnice   %idle
09時20分19秒    0   50.98    0.00   36.27    0.00    0.00    6.86    0.00    0.00    0.00    5.88
09時20分19秒    1   47.37    0.00   26.32    0.00    1.05    2.11    0.00    0.00    0.00   23.16

09時20分19秒  CPU    %usr   %nice    %sys %iowait    %irq   %soft  %steal  %guest  %gnice   %idle
09時20分20秒    0   52.53    0.00   36.36    0.00    0.00    6.06    0.00    0.00    0.00    5.05
09時20分20秒    1   50.55    0.00   23.08    0.00    0.00    3.30    0.00    0.00    0.00   23.08

09時20分20秒  CPU    %usr   %nice    %sys %iowait    %irq   %soft  %steal  %guest  %gnice   %idle
09時20分21秒    0   56.00    0.00   34.00    0.00    0.00    8.00    0.00    0.00    0.00    2.00
09時20分21秒    1   58.59    0.00   37.37    0.00    0.00    1.01    0.00    0.00    0.00    3.03

09時20分21秒  CPU    %usr   %nice    %sys %iowait    %irq   %soft  %steal  %guest  %gnice   %idle
09時20分22秒    0   52.94    0.00   38.24    0.00    0.98    6.86    0.00    0.00    0.00    0.98
09時20分22秒    1   57.00    0.00   42.00    0.00    0.00    1.00    0.00    0.00    0.00    0.00

09時20分22秒  CPU    %usr   %nice    %sys %iowait    %irq   %soft  %steal  %guest  %gnice   %idle
09時20分23秒    0   50.51    0.00   42.42    0.00    0.00    7.07    0.00    0.00    0.00    0.00
09時20分23秒    1   58.00    0.00   40.00    0.00    0.00    0.00    0.00    0.00    0.00    2.00

09時20分23秒  CPU    %usr   %nice    %sys %iowait    %irq   %soft  %steal  %guest  %gnice   %idle
09時20分24秒    0   55.00    0.00   36.00    0.00    0.00    8.00    0.00    0.00    0.00    1.00
09時20分24秒    1   54.46    0.00   44.55    0.00    0.00    0.99    0.00    0.00    0.00    0.00

09時20分24秒  CPU    %usr   %nice    %sys %iowait    %irq   %soft  %steal  %guest  %gnice   %idle
09時20分25秒    0   48.00    0.00   44.00    0.00    0.00    7.00    0.00    0.00    0.00    1.00
09時20分25秒    1   56.57    0.00   42.42    0.00    0.00    1.01    0.00    0.00    0.00    0.00

09時20分25秒  CPU    %usr   %nice    %sys %iowait    %irq   %soft  %steal  %guest  %gnice   %idle
09時20分26秒    0   52.53    0.00   39.39    0.00    0.00    7.07    0.00    0.00    0.00    1.01
09時20分26秒    1   57.00    0.00   38.00    0.00    1.00    1.00    0.00    0.00    0.00    3.00

09時20分26秒  CPU    %usr   %nice    %sys %iowait    %irq   %soft  %steal  %guest  %gnice   %idle
09時20分27秒    0   52.48    0.00   38.61    0.00    0.00    7.92    0.00    0.00    0.00    0.99
09時20分27秒    1   57.00    0.00   42.00    0.00    0.00    1.00    0.00    0.00    0.00    0.00

09時20分27秒  CPU    %usr   %nice    %sys %iowait    %irq   %soft  %steal  %guest  %gnice   %idle
09時20分28秒    0   50.00    0.00   34.69    0.00    0.00    6.12    0.00    0.00    0.00    9.18
09時20分28秒    1   59.60    0.00   39.39    0.00    0.00    1.01    0.00    0.00    0.00    0.00

09時20分28秒  CPU    %usr   %nice    %sys %iowait    %irq   %soft  %steal  %guest  %gnice   %idle
09時20分29秒    0   48.04    0.00   34.31    0.00    0.00    6.86    0.00    0.00    0.00   10.78
09時20分29秒    1   53.19    0.00   28.72    0.00    0.00    2.13    0.00    0.00    0.00   15.96

09時20分29秒  CPU    %usr   %nice    %sys %iowait    %irq   %soft  %steal  %guest  %gnice   %idle
09時20分30秒    0   59.60    0.00   33.33    0.00    0.00    6.06    0.00    0.00    0.00    1.01
09時20分30秒    1   57.58    0.00   41.41    0.00    0.00    1.01    0.00    0.00    0.00    0.00

09時20分30秒  CPU    %usr   %nice    %sys %iowait    %irq   %soft  %steal  %guest  %gnice   %idle
09時20分31秒    0   52.48    0.00   39.60    0.00    0.00    6.93    0.00    0.00    0.00    0.99
09時20分31秒    1   57.00    0.00   43.00    0.00    0.00    0.00    0.00    0.00    0.00    0.00

09時20分31秒  CPU    %usr   %nice    %sys %iowait    %irq   %soft  %steal  %guest  %gnice   %idle
09時20分32秒    0   50.51    0.00   42.42    0.00    0.00    7.07    0.00    0.00    0.00    0.00
09時20分32秒    1   57.00    0.00   42.00    0.00    0.00    1.00    0.00    0.00    0.00    0.00

09時20分32秒  CPU    %usr   %nice    %sys %iowait    %irq   %soft  %steal  %guest  %gnice   %idle
09時20分33秒    0   52.00    0.00   40.00    0.00    0.00    7.00    0.00    0.00    0.00    1.00
09時20分33秒    1   58.00    0.00   41.00    0.00    0.00    1.00    0.00    0.00    0.00    0.00

09時20分33秒  CPU    %usr   %nice    %sys %iowait    %irq   %soft  %steal  %guest  %gnice   %idle
09時20分34秒    0   60.61    0.00   32.32    0.00    0.00    6.06    0.00    0.00    0.00    1.01
09時20分34秒    1   60.40    0.00   37.62    0.00    0.00    0.99    0.00    0.00    0.00    0.99

09時20分34秒  CPU    %usr   %nice    %sys %iowait    %irq   %soft  %steal  %guest  %gnice   %idle
09時20分35秒    0   49.00    0.00   39.00    0.00    0.00    7.00    0.00    0.00    0.00    5.00
09時20分35秒    1   58.00    0.00   41.00    0.00    0.00    1.00    0.00    0.00    0.00    0.00

09時20分35秒  CPU    %usr   %nice    %sys %iowait    %irq   %soft  %steal  %guest  %gnice   %idle
09時20分36秒    0   56.57    0.00   31.31    0.00    0.00    6.06    0.00    0.00    0.00    6.06
09時20分36秒    1   52.17    0.00   21.74    0.00    0.00    2.17    0.00    0.00    0.00   23.91

09時20分36秒  CPU    %usr   %nice    %sys %iowait    %irq   %soft  %steal  %guest  %gnice   %idle
09時20分37秒    0   53.92    0.00   33.33    0.00    0.00    6.86    0.00    0.00    0.00    5.88
09時20分37秒    1   47.87    0.00   26.60    0.00    0.00    2.13    0.00    0.00    0.00   23.40

09時20分37秒  CPU    %usr   %nice    %sys %iowait    %irq   %soft  %steal  %guest  %gnice   %idle
09時20分38秒    0   46.00    0.00   42.00    0.00    0.00    6.00    0.00    0.00    0.00    6.00
09時20分38秒    1   49.45    0.00   23.08    0.00    0.00    3.30    0.00    0.00    0.00   24.18

09時20分38秒  CPU    %usr   %nice    %sys %iowait    %irq   %soft  %steal  %guest  %gnice   %idle
09時20分39秒    0   51.96    0.00   36.27    0.00    0.98    6.86    0.00    0.00    0.00    3.92
09時20分39秒    1   57.29    0.00   33.33    0.00    0.00    1.04    0.00    0.00    0.00    8.33

09時20分39秒  CPU    %usr   %nice    %sys %iowait    %irq   %soft  %steal  %guest  %gnice   %idle
09時20分40秒    0   50.00    0.00   43.75    0.00    0.00    6.25    0.00    0.00    0.00    0.00
09時20分40秒    1   56.44    0.00   42.57    0.00    0.00    0.99    0.00    0.00    0.00    0.00

09時20分40秒  CPU    %usr   %nice    %sys %iowait    %irq   %soft  %steal  %guest  %gnice   %idle
09時20分41秒    0   53.00    0.00   38.00    0.00    0.00    8.00    0.00    0.00    0.00    1.00
09時20分41秒    1   54.00    0.00   45.00    0.00    0.00    1.00    0.00    0.00    0.00    0.00

09時20分41秒  CPU    %usr   %nice    %sys %iowait    %irq   %soft  %steal  %guest  %gnice   %idle
09時20分42秒    0   53.00    0.00   39.00    0.00    0.00    7.00    0.00    0.00    0.00    1.00
09時20分42秒    1   53.54    0.00   46.46    0.00    0.00    0.00    0.00    0.00    0.00    0.00

09時20分42秒  CPU    %usr   %nice    %sys %iowait    %irq   %soft  %steal  %guest  %gnice   %idle
09時20分43秒    0   50.00    0.00   39.00    0.00    0.00    7.00    0.00    0.00    0.00    4.00
09時20分43秒    1   59.41    0.00   38.61    0.00    0.99    0.99    0.00    0.00    0.00    0.00

09時20分43秒  CPU    %usr   %nice    %sys %iowait    %irq   %soft  %steal  %guest  %gnice   %idle
09時20分44秒    0   51.55    0.00   41.24    0.00    0.00    7.22    0.00    0.00    0.00    0.00
09時20分44秒    1   60.00    0.00   39.00    0.00    0.00    1.00    0.00    0.00    0.00    0.00

09時20分44秒  CPU    %usr   %nice    %sys %iowait    %irq   %soft  %steal  %guest  %gnice   %idle
09時20分45秒    0   54.00    0.00   37.00    0.00    0.00    7.00    0.00    0.00    0.00    2.00
09時20分45秒    1   52.00    0.00   46.00    0.00    0.00    1.00    0.00    0.00    0.00    1.00

09時20分45秒  CPU    %usr   %nice    %sys %iowait    %irq   %soft  %steal  %guest  %gnice   %idle
09時20分46秒    0   53.47    0.00   37.62    0.00    0.00    7.92    0.00    0.00    0.00    0.99
09時20分46秒    1   51.00    0.00   48.00    0.00    0.00    1.00    0.00    0.00    0.00    0.00

09時20分46秒  CPU    %usr   %nice    %sys %iowait    %irq   %soft  %steal  %guest  %gnice   %idle
09時20分47秒    0   51.00    0.00   41.00    0.00    0.00    7.00    0.00    0.00    0.00    1.00
09時20分47秒    1   58.00    0.00   41.00    0.00    0.00    1.00    0.00    0.00    0.00    0.00

09時20分47秒  CPU    %usr   %nice    %sys %iowait    %irq   %soft  %steal  %guest  %gnice   %idle
09時20分48秒    0   51.02    0.00   41.84    0.00    0.00    7.14    0.00    0.00    0.00    0.00
09時20分48秒    1   54.00    0.00   45.00    0.00    0.00    1.00    0.00    0.00    0.00    0.00

09時20分48秒  CPU    %usr   %nice    %sys %iowait    %irq   %soft  %steal  %guest  %gnice   %idle
09時20分49秒    0   50.00    0.00   41.00    0.00    0.00    8.00    0.00    0.00    0.00    1.00
09時20分49秒    1   57.00    0.00   43.00    0.00    0.00    0.00    0.00    0.00    0.00    0.00

09時20分49秒  CPU    %usr   %nice    %sys %iowait    %irq   %soft  %steal  %guest  %gnice   %idle
09時20分50秒    0   56.00    0.00   36.00    0.00    0.00    7.00    0.00    0.00    0.00    1.00
09時20分50秒    1   63.00    0.00   36.00    0.00    0.00    1.00    0.00    0.00    0.00    0.00

09時20分50秒  CPU    %usr   %nice    %sys %iowait    %irq   %soft  %steal  %guest  %gnice   %idle
09時20分51秒    0   50.51    0.00   41.41    0.00    0.00    7.07    0.00    0.00    0.00    1.01
09時20分51秒    1   57.00    0.00   42.00    0.00    0.00    1.00    0.00    0.00    0.00    0.00

09時20分51秒  CPU    %usr   %nice    %sys %iowait    %irq   %soft  %steal  %guest  %gnice   %idle
09時20分52秒    0   54.08    0.00   38.78    0.00    0.00    7.14    0.00    0.00    0.00    0.00
09時20分52秒    1   62.00    0.00   37.00    0.00    0.00    1.00    0.00    0.00    0.00    0.00

09時20分52秒  CPU    %usr   %nice    %sys %iowait    %irq   %soft  %steal  %guest  %gnice   %idle
09時20分53秒    0   50.50    0.00   40.59    0.00    0.00    7.92    0.00    0.00    0.00    0.99
09時20分53秒    1   59.18    0.00   38.78    0.00    0.00    1.02    0.00    0.00    0.00    1.02

09時20分53秒  CPU    %usr   %nice    %sys %iowait    %irq   %soft  %steal  %guest  %gnice   %idle
09時20分54秒    0   49.49    0.00   42.42    0.00    0.00    7.07    0.00    0.00    0.00    1.01
09時20分54秒    1   60.40    0.00   38.61    0.00    0.00    0.99    0.00    0.00    0.00    0.00

09時20分54秒  CPU    %usr   %nice    %sys %iowait    %irq   %soft  %steal  %guest  %gnice   %idle
09時20分55秒    0   51.52    0.00   41.41    0.00    0.00    7.07    0.00    0.00    0.00    0.00
09時20分55秒    1   58.00    0.00   41.00    0.00    0.00    1.00    0.00    0.00    0.00    0.00

09時20分55秒  CPU    %usr   %nice    %sys %iowait    %irq   %soft  %steal  %guest  %gnice   %idle
09時20分56秒    0   53.54    0.00   38.38    0.00    0.00    7.07    0.00    0.00    0.00    1.01
09時20分56秒    1   57.58    0.00   42.42    0.00    0.00    0.00    0.00    0.00    0.00    0.00

09時20分56秒  CPU    %usr   %nice    %sys %iowait    %irq   %soft  %steal  %guest  %gnice   %idle
09時20分57秒    0   50.96    0.00   32.69    0.00    0.96    6.73    0.00    0.00    0.00    8.65
09時20分57秒    1   51.06    0.00   28.72    0.00    0.00    3.19    0.00    0.00    0.00   17.02

09時20分57秒  CPU    %usr   %nice    %sys %iowait    %irq   %soft  %steal  %guest  %gnice   %idle
09時20分58秒    0   48.04    0.00   36.27    0.00    0.00    6.86    0.00    0.00    0.00    8.82
09時20分58秒    1   54.26    0.00   20.21    0.00    0.00    3.19    0.00    0.00    0.00   22.34

09時20分58秒  CPU    %usr   %nice    %sys %iowait    %irq   %soft  %steal  %guest  %gnice   %idle
09時20分59秒    0   48.48    0.00   36.36    0.00    0.00    7.07    0.00    0.00    0.00    8.08
09時20分59秒    1   53.26    0.00   20.65    0.00    0.00    3.26    0.00    0.00    0.00   22.83

09時20分59秒  CPU    %usr   %nice    %sys %iowait    %irq   %soft  %steal  %guest  %gnice   %idle
09時21分00秒    0   50.00    0.00   38.00    0.00    0.00    6.00    0.00    0.00    0.00    6.00
09時21分00秒    1   50.54    0.00   22.58    0.00    1.08    3.23    0.00    0.00    0.00   22.58

09時21分00秒  CPU    %usr   %nice    %sys %iowait    %irq   %soft  %steal  %guest  %gnice   %idle
09時21分01秒    0   52.53    0.00   36.36    0.00    0.00    7.07    0.00    0.00    0.00    4.04
09時21分01秒    1   51.61    0.00   21.51    0.00    0.00    3.23    0.00    0.00    0.00   23.66

09時21分01秒  CPU    %usr   %nice    %sys %iowait    %irq   %soft  %steal  %guest  %gnice   %idle
09時21分02秒    0   52.53    0.00   34.34    0.00    0.00    7.07    0.00    0.00    0.00    6.06
09時21分02秒    1   52.17    0.00   19.57    0.00    0.00    2.17    0.00    0.00    0.00   26.09

09時21分02秒  CPU    %usr   %nice    %sys %iowait    %irq   %soft  %steal  %guest  %gnice   %idle
09時21分03秒    0   49.50    0.00   38.61    0.00    0.00    6.93    0.00    0.00    0.00    4.95
09時21分03秒    1   53.26    0.00   20.65    0.00    0.00    2.17    0.00    0.00    0.00   23.91

09時21分03秒  CPU    %usr   %nice    %sys %iowait    %irq   %soft  %steal  %guest  %gnice   %idle
09時21分04秒    0   59.41    0.00   29.70    0.00    0.00    6.93    0.00    0.00    0.00    3.96
09時21分04秒    1   53.26    0.00   18.48    0.00    0.00    3.26    0.00    0.00    0.00   25.00

09時21分04秒  CPU    %usr   %nice    %sys %iowait    %irq   %soft  %steal  %guest  %gnice   %idle
09時21分05秒    0   47.47    0.00   39.39    0.00    0.00    7.07    0.00    0.00    0.00    6.06
09時21分05秒    1   49.45    0.00   25.27    0.00    0.00    2.20    0.00    0.00    0.00   23.08

09時21分05秒  CPU    %usr   %nice    %sys %iowait    %irq   %soft  %steal  %guest  %gnice   %idle
09時21分06秒    0   54.90    0.00   32.35    0.00    0.00    6.86    0.00    0.00    0.00    5.88
09時21分06秒    1   54.35    0.00   19.57    0.00    0.00    3.26    0.00    0.00    0.00   22.83

09時21分06秒  CPU    %usr   %nice    %sys %iowait    %irq   %soft  %steal  %guest  %gnice   %idle
09時21分07秒    0   49.50    0.00   35.64    0.00    0.00    6.93    0.00    0.00    0.00    7.92
09時21分07秒    1   49.46    0.00   23.66    0.00    0.00    2.15    0.00    0.00    0.00   24.73

09時21分07秒  CPU    %usr   %nice    %sys %iowait    %irq   %soft  %steal  %guest  %gnice   %idle
09時21分08秒    0   54.46    0.00   33.66    0.00    0.00    6.93    0.00    0.00    0.00    4.95
09時21分08秒    1   49.45    0.00   25.27    0.00    0.00    2.20    0.00    0.00    0.00   23.08

09時21分08秒  CPU    %usr   %nice    %sys %iowait    %irq   %soft  %steal  %guest  %gnice   %idle
09時21分09秒    0   52.48    0.00   35.64    0.00    0.00    6.93    0.00    0.00    0.00    4.95
09時21分09秒    1   49.46    0.00   21.51    0.00    0.00    3.23    0.00    0.00    0.00   25.81

09時21分09秒  CPU    %usr   %nice    %sys %iowait    %irq   %soft  %steal  %guest  %gnice   %idle
09時21分10秒    0   49.00    0.00   39.00    0.00    0.00    7.00    0.00    0.00    0.00    5.00
09時21分10秒    1   46.67    0.00   24.44    0.00    0.00    2.22    0.00    0.00    0.00   26.67

09時21分10秒  CPU    %usr   %nice    %sys %iowait    %irq   %soft  %steal  %guest  %gnice   %idle
09時21分11秒    0   41.41    0.00   35.35    0.00    0.00    6.06    0.00    0.00    0.00   17.17
09時21分11秒    1   61.46    0.00   26.04    0.00    0.00    2.08    0.00    0.00    0.00   10.42

09時21分11秒  CPU    %usr   %nice    %sys %iowait    %irq   %soft  %steal  %guest  %gnice   %idle
09時21分12秒    0   50.00    0.00   42.00    0.00    0.00    7.00    0.00    0.00    0.00    1.00
09時21分12秒    1   60.00    0.00   39.00    0.00    0.00    1.00    0.00    0.00    0.00    0.00

09時21分12秒  CPU    %usr   %nice    %sys %iowait    %irq   %soft  %steal  %guest  %gnice   %idle
09時21分13秒    0   50.00    0.00   41.18    0.00    0.00    7.84    0.00    0.00    0.00    0.98
09時21分13秒    1   56.00    0.00   44.00    0.00    0.00    0.00    0.00    0.00    0.00    0.00

09時21分13秒  CPU    %usr   %nice    %sys %iowait    %irq   %soft  %steal  %guest  %gnice   %idle
09時21分14秒    0   54.46    0.00   37.62    0.00    0.99    6.93    0.00    0.00    0.00    0.00
09時21分14秒    1   59.60    0.00   39.39    0.00    0.00    1.01    0.00    0.00    0.00    0.00

09時21分14秒  CPU    %usr   %nice    %sys %iowait    %irq   %soft  %steal  %guest  %gnice   %idle
09時21分15秒    0   55.00    0.00   37.00    0.00    0.00    7.00    0.00    0.00    0.00    1.00
09時21分15秒    1   57.43    0.00   41.58    0.00    0.00    0.99    0.00    0.00    0.00    0.00

09時21分15秒  CPU    %usr   %nice    %sys %iowait    %irq   %soft  %steal  %guest  %gnice   %idle
09時21分16秒    0   48.48    0.00   43.43    0.00    0.00    7.07    0.00    0.00    0.00    1.01
09時21分16秒    1   63.64    0.00   35.35    0.00    0.00    1.01    0.00    0.00    0.00    0.00

09時21分16秒  CPU    %usr   %nice    %sys %iowait    %irq   %soft  %steal  %guest  %gnice   %idle
09時21分17秒    0   54.55    0.00   37.37    0.00    0.00    7.07    0.00    0.00    0.00    1.01
09時21分17秒    1   52.53    0.00   47.47    0.00    0.00    0.00    0.00    0.00    0.00    0.00

09時21分17秒  CPU    %usr   %nice    %sys %iowait    %irq   %soft  %steal  %guest  %gnice   %idle
09時21分18秒    0   56.44    0.00   35.64    0.00    0.00    7.92    0.00    0.00    0.00    0.00
09時21分18秒    1   61.76    0.00   36.27    0.00    0.98    0.98    0.00    0.00    0.00    0.00

09時21分18秒  CPU    %usr   %nice    %sys %iowait    %irq   %soft  %steal  %guest  %gnice   %idle
09時21分19秒    0   56.12    0.00   35.71    0.00    0.00    7.14    0.00    0.00    0.00    1.02
09時21分19秒    1   58.59    0.00   39.39    0.00    0.00    1.01    0.00    0.00    0.00    1.01

09時21分19秒  CPU    %usr   %nice    %sys %iowait    %irq   %soft  %steal  %guest  %gnice   %idle
09時21分20秒    0   54.00    0.00   38.00    0.00    0.00    7.00    0.00    0.00    0.00    1.00
09時21分20秒    1   62.38    0.00   36.63    0.00    0.00    0.99    0.00    0.00    0.00    0.00

09時21分20秒  CPU    %usr   %nice    %sys %iowait    %irq   %soft  %steal  %guest  %gnice   %idle
09時21分21秒    0   52.53    0.00   40.40    0.00    0.00    7.07    0.00    0.00    0.00    0.00
09時21分21秒    1   56.00    0.00   43.00    0.00    0.00    1.00    0.00    0.00    0.00    0.00

09時21分21秒  CPU    %usr   %nice    %sys %iowait    %irq   %soft  %steal  %guest  %gnice   %idle
09時21分22秒    0   54.00    0.00   38.00    0.00    0.00    7.00    0.00    0.00    0.00    1.00
09時21分22秒    1   55.56    0.00   42.42    0.00    0.00    0.00    0.00    0.00    0.00    2.02

09時21分22秒  CPU    %usr   %nice    %sys %iowait    %irq   %soft  %steal  %guest  %gnice   %idle
09時21分23秒    0   53.54    0.00   38.38    0.00    0.00    7.07    0.00    0.00    0.00    1.01
09時21分23秒    1   55.00    0.00   44.00    0.00    0.00    1.00    0.00    0.00    0.00    0.00

09時21分23秒  CPU    %usr   %nice    %sys %iowait    %irq   %soft  %steal  %guest  %gnice   %idle
09時21分24秒    0   51.49    0.00   39.60    0.00    0.00    7.92    0.00    0.00    0.00    0.99
09時21分24秒    1   55.56    0.00   43.43    0.00    0.00    1.01    0.00    0.00    0.00    0.00

09時21分24秒  CPU    %usr   %nice    %sys %iowait    %irq   %soft  %steal  %guest  %gnice   %idle
09時21分25秒    0   54.08    0.00   37.76    0.00    0.00    7.14    0.00    0.00    0.00    1.02
09時21分25秒    1   60.40    0.00   38.61    0.00    0.00    0.99    0.00    0.00    0.00    0.00

09時21分25秒  CPU    %usr   %nice    %sys %iowait    %irq   %soft  %steal  %guest  %gnice   %idle
09時21分26秒    0   50.51    0.00   42.42    0.00    0.00    7.07    0.00    0.00    0.00    0.00
09時21分26秒    1   58.59    0.00   41.41    0.00    0.00    0.00    0.00    0.00    0.00    0.00

09時21分26秒  CPU    %usr   %nice    %sys %iowait    %irq   %soft  %steal  %guest  %gnice   %idle
09時21分27秒    0   54.00    0.00   38.00    0.00    0.00    7.00    0.00    0.00    0.00    1.00
09時21分27秒    1   62.00    0.00   37.00    0.00    0.00    1.00    0.00    0.00    0.00    0.00

09時21分27秒  CPU    %usr   %nice    %sys %iowait    %irq   %soft  %steal  %guest  %gnice   %idle
09時21分28秒    0   55.56    0.00   36.36    0.00    0.00    7.07    0.00    0.00    0.00    1.01
09時21分28秒    1   62.38    0.00   36.63    0.00    0.00    0.99    0.00    0.00    0.00    0.00

09時21分28秒  CPU    %usr   %nice    %sys %iowait    %irq   %soft  %steal  %guest  %gnice   %idle
09時21分29秒    0   51.02    0.00   41.84    0.00    0.00    7.14    0.00    0.00    0.00    0.00
09時21分29秒    1   60.00    0.00   39.00    0.00    0.00    1.00    0.00    0.00    0.00    0.00

09時21分29秒  CPU    %usr   %nice    %sys %iowait    %irq   %soft  %steal  %guest  %gnice   %idle
09時21分30秒    0   54.46    0.00   36.63    0.00    0.00    7.92    0.00    0.00    0.00    0.99
09時21分30秒    1   58.00    0.00   41.00    0.00    0.00    1.00    0.00    0.00    0.00    0.00

09時21分30秒  CPU    %usr   %nice    %sys %iowait    %irq   %soft  %steal  %guest  %gnice   %idle
09時21分31秒    0   52.00    0.00   39.00    0.00    1.00    7.00    0.00    0.00    0.00    1.00
09時21分31秒    1   62.63    0.00   35.35    0.00    0.00    0.00    0.00    0.00    0.00    2.02

09時21分31秒  CPU    %usr   %nice    %sys %iowait    %irq   %soft  %steal  %guest  %gnice   %idle
09時21分32秒    0   56.57    0.00   35.35    0.00    0.00    7.07    0.00    0.00    0.00    1.01
09時21分32秒    1   63.00    0.00   36.00    0.00    0.00    1.00    0.00    0.00    0.00    0.00

09時21分32秒  CPU    %usr   %nice    %sys %iowait    %irq   %soft  %steal  %guest  %gnice   %idle
09時21分33秒    0   57.00    0.00   35.00    0.00    0.00    7.00    0.00    0.00    0.00    1.00
09時21分33秒    1   58.00    0.00   41.00    0.00    0.00    1.00    0.00    0.00    0.00    0.00

09時21分33秒  CPU    %usr   %nice    %sys %iowait    %irq   %soft  %steal  %guest  %gnice   %idle
09時21分34秒    0   55.56    0.00   36.36    0.00    0.00    7.07    0.00    0.00    0.00    1.01
09時21分34秒    1   57.00    0.00   41.00    0.00    0.00    1.00    0.00    0.00    0.00    1.00

09時21分34秒  CPU    %usr   %nice    %sys %iowait    %irq   %soft  %steal  %guest  %gnice   %idle
09時21分35秒    0   53.47    0.00   38.61    0.00    0.00    7.92    0.00    0.00    0.00    0.00
09時21分35秒    1   57.00    0.00   42.00    0.00    1.00    0.00    0.00    0.00    0.00    0.00

09時21分35秒  CPU    %usr   %nice    %sys %iowait    %irq   %soft  %steal  %guest  %gnice   %idle
09時21分36秒    0   49.49    0.00   42.42    0.00    0.00    7.07    0.00    0.00    0.00    1.01
09時21分36秒    1   62.00    0.00   37.00    0.00    0.00    1.00    0.00    0.00    0.00    0.00

09時21分36秒  CPU    %usr   %nice    %sys %iowait    %irq   %soft  %steal  %guest  %gnice   %idle
09時21分37秒    0   52.53    0.00   39.39    0.00    0.00    7.07    0.00    0.00    0.00    1.01
09時21分37秒    1   62.00    0.00   37.00    0.00    0.00    1.00    0.00    0.00    0.00    0.00

09時21分37秒  CPU    %usr   %nice    %sys %iowait    %irq   %soft  %steal  %guest  %gnice   %idle
09時21分38秒    0   50.50    0.00   39.60    0.00    0.00    6.93    0.00    0.00    0.00    2.97
09時21分38秒    1   56.57    0.00   42.42    0.00    0.00    1.01    0.00    0.00    0.00    0.00

09時21分38秒  CPU    %usr   %nice    %sys %iowait    %irq   %soft  %steal  %guest  %gnice   %idle
09時21分39秒    0   47.47    0.00   37.37    0.00    0.00    7.07    0.00    0.00    0.00    8.08
09時21分39秒    1   57.58    0.00   38.38    0.00    0.00    1.01    0.00    0.00    0.00    3.03

09時21分39秒  CPU    %usr   %nice    %sys %iowait    %irq   %soft  %steal  %guest  %gnice   %idle
09時21分40秒    0   50.51    0.00   41.41    0.00    0.00    7.07    0.00    0.00    0.00    1.01
09時21分40秒    1   60.00    0.00   39.00    0.00    0.00    1.00    0.00    0.00    0.00    0.00

09時21分40秒  CPU    %usr   %nice    %sys %iowait    %irq   %soft  %steal  %guest  %gnice   %idle
09時21分41秒    0   44.55    0.00   36.63    0.00    0.00    6.93    0.00    0.00    0.00   11.88
09時21分41秒    1   64.00    0.00   34.00    0.00    0.00    1.00    0.00    0.00    0.00    1.00

09時21分41秒  CPU    %usr   %nice    %sys %iowait    %irq   %soft  %steal  %guest  %gnice   %idle
09時21分42秒    0   50.98    0.00   35.29    0.00    0.00    5.88    0.00    0.00    0.00    7.84
09時21分42秒    1   52.17    0.00   23.91    0.00    0.00    3.26    0.00    0.00    0.00   20.65

09時21分42秒  CPU    %usr   %nice    %sys %iowait    %irq   %soft  %steal  %guest  %gnice   %idle
09時21分43秒    0   42.71    0.00   44.79    0.00    0.00    7.29    0.00    0.00    0.00    5.21
09時21分43秒    1   46.81    0.00   23.40    0.00    0.00    3.19    0.00    0.00    0.00   26.60

09時21分43秒  CPU    %usr   %nice    %sys %iowait    %irq   %soft  %steal  %guest  %gnice   %idle
09時21分44秒    0   48.00    0.00   37.00    0.00    0.00    7.00    0.00    0.00    0.00    8.00
09時21分44秒    1   54.84    0.00   20.43    0.00    0.00    2.15    0.00    0.00    0.00   22.58

09時21分44秒  CPU    %usr   %nice    %sys %iowait    %irq   %soft  %steal  %guest  %gnice   %idle
09時21分45秒    0   48.51    0.00   38.61    0.00    0.00    6.93    0.00    0.00    0.00    5.94
09時21分45秒    1   47.87    0.00   24.47    0.00    0.00    3.19    0.00    0.00    0.00   24.47

09時21分45秒  CPU    %usr   %nice    %sys %iowait    %irq   %soft  %steal  %guest  %gnice   %idle
09時21分46秒    0   47.47    0.00   38.38    0.00    0.00    7.07    0.00    0.00    0.00    7.07
09時21分46秒    1   52.22    0.00   17.78    0.00    0.00    2.22    0.00    0.00    0.00   27.78

09時21分46秒  CPU    %usr   %nice    %sys %iowait    %irq   %soft  %steal  %guest  %gnice   %idle
09時21分47秒    0   49.50    0.00   38.61    0.00    0.00    6.93    0.00    0.00    0.00    4.95
09時21分47秒    1   54.26    0.00   21.28    0.00    0.00    2.13    0.00    0.00    0.00   22.34

平均時間：  CPU    %usr   %nice    %sys %iowait    %irq   %soft  %steal  %guest  %gnice   %idle
平均時間：    0   51.99    0.00   37.91    0.00    0.05    7.10    0.00    0.00    0.00    2.95
平均時間：    1   56.40    0.00   35.81    0.00    0.07    1.34    0.00    0.00    0.00    6.39
