Linux 5.6.15-arch1-1 (archlinux) 	西元2020年06月29日 	_x86_64_	(12 CPU)

09時43分21秒  CPU    %usr   %nice    %sys %iowait    %irq   %soft  %steal  %guest  %gnice   %idle
09時43分22秒    0   51.00    0.00   37.00    0.00    0.00    8.00    0.00    0.00    0.00    4.00
09時43分22秒    1   45.26    0.00   21.05    0.00    0.00    2.11    0.00    0.00    0.00   31.58

09時43分22秒  CPU    %usr   %nice    %sys %iowait    %irq   %soft  %steal  %guest  %gnice   %idle
09時43分23秒    0   53.00    0.00   37.00    0.00    0.00    8.00    0.00    0.00    0.00    2.00
09時43分23秒    1   47.87    0.00   20.21    0.00    0.00    3.19    0.00    0.00    0.00   28.72

09時43分23秒  CPU    %usr   %nice    %sys %iowait    %irq   %soft  %steal  %guest  %gnice   %idle
09時43分24秒    0   56.00    0.00   33.00    0.00    0.00    8.00    0.00    0.00    0.00    3.00
09時43分24秒    1   47.87    0.00   21.28    0.00    0.00    2.13    0.00    0.00    0.00   28.72

09時43分24秒  CPU    %usr   %nice    %sys %iowait    %irq   %soft  %steal  %guest  %gnice   %idle
09時43分25秒    0   53.00    0.00   37.00    0.00    0.00    7.00    0.00    0.00    0.00    3.00
09時43分25秒    1   46.32    0.00   26.32    0.00    0.00    2.11    0.00    0.00    0.00   25.26

09時43分25秒  CPU    %usr   %nice    %sys %iowait    %irq   %soft  %steal  %guest  %gnice   %idle
09時43分26秒    0   49.49    0.00   38.38    0.00    0.00    8.08    0.00    0.00    0.00    4.04
09時43分26秒    1   48.39    0.00   23.66    0.00    0.00    3.23    0.00    0.00    0.00   24.73

09時43分26秒  CPU    %usr   %nice    %sys %iowait    %irq   %soft  %steal  %guest  %gnice   %idle
09時43分27秒    0   55.88    0.00   33.33    0.00    0.00    6.86    0.00    0.00    0.00    3.92
09時43分27秒    1   52.13    0.00   21.28    0.00    0.00    2.13    0.00    0.00    0.00   24.47

09時43分27秒  CPU    %usr   %nice    %sys %iowait    %irq   %soft  %steal  %guest  %gnice   %idle
09時43分28秒    0   57.89    0.00   29.47    0.00    0.00    8.42    0.00    0.00    0.00    4.21
09時43分28秒    1   52.13    0.00   20.21    0.00    0.00    3.19    0.00    0.00    0.00   24.47

09時43分28秒  CPU    %usr   %nice    %sys %iowait    %irq   %soft  %steal  %guest  %gnice   %idle
09時43分29秒    0   48.48    0.00   41.41    0.00    0.00    7.07    0.00    0.00    0.00    3.03
09時43分29秒    1   49.45    0.00   24.18    0.00    0.00    2.20    0.00    0.00    0.00   24.18

09時43分29秒  CPU    %usr   %nice    %sys %iowait    %irq   %soft  %steal  %guest  %gnice   %idle
09時43分30秒    0   46.94    0.00   41.84    0.00    0.00    7.14    0.00    0.00    0.00    4.08
09時43分30秒    1   49.45    0.00   21.98    0.00    0.00    2.20    0.00    0.00    0.00   26.37

09時43分30秒  CPU    %usr   %nice    %sys %iowait    %irq   %soft  %steal  %guest  %gnice   %idle
09時43分31秒    0   48.51    0.00   39.60    0.00    0.00    7.92    0.00    0.00    0.00    3.96
09時43分31秒    1   46.24    0.00   25.81    0.00    0.00    3.23    0.00    0.00    0.00   24.73

09時43分31秒  CPU    %usr   %nice    %sys %iowait    %irq   %soft  %steal  %guest  %gnice   %idle
09時43分32秒    0   46.00    0.00   40.00    0.00    1.00    7.00    0.00    0.00    0.00    6.00
09時43分32秒    1   50.54    0.00   22.58    0.00    0.00    2.15    0.00    0.00    0.00   24.73

09時43分32秒  CPU    %usr   %nice    %sys %iowait    %irq   %soft  %steal  %guest  %gnice   %idle
09時43分33秒    0   55.45    0.00   36.63    0.00    0.00    6.93    0.00    0.00    0.00    0.99
09時43分33秒    1   50.00    0.00   41.84    0.00    1.02    1.02    0.00    0.00    0.00    6.12

09時43分33秒  CPU    %usr   %nice    %sys %iowait    %irq   %soft  %steal  %guest  %gnice   %idle
09時43分34秒    0   50.50    0.00   40.59    0.00    0.00    7.92    0.00    0.00    0.00    0.99
09時43分34秒    1   60.00    0.00   39.00    0.00    0.00    1.00    0.00    0.00    0.00    0.00

09時43分34秒  CPU    %usr   %nice    %sys %iowait    %irq   %soft  %steal  %guest  %gnice   %idle
09時43分35秒    0   54.08    0.00   38.78    0.00    0.00    7.14    0.00    0.00    0.00    0.00
09時43分35秒    1   56.44    0.00   42.57    0.00    0.00    0.99    0.00    0.00    0.00    0.00

09時43分35秒  CPU    %usr   %nice    %sys %iowait    %irq   %soft  %steal  %guest  %gnice   %idle
09時43分36秒    0   56.44    0.00   34.65    0.00    0.00    7.92    0.00    0.00    0.00    0.99
09時43分36秒    1   56.57    0.00   43.43    0.00    0.00    0.00    0.00    0.00    0.00    0.00

09時43分36秒  CPU    %usr   %nice    %sys %iowait    %irq   %soft  %steal  %guest  %gnice   %idle
09時43分37秒    0   50.00    0.00   42.00    0.00    0.00    7.00    0.00    0.00    0.00    1.00
09時43分37秒    1   60.00    0.00   39.00    0.00    0.00    1.00    0.00    0.00    0.00    0.00

09時43分37秒  CPU    %usr   %nice    %sys %iowait    %irq   %soft  %steal  %guest  %gnice   %idle
09時43分38秒    0   52.00    0.00   40.00    0.00    0.00    8.00    0.00    0.00    0.00    0.00
09時43分38秒    1   57.58    0.00   42.42    0.00    0.00    0.00    0.00    0.00    0.00    0.00

09時43分38秒  CPU    %usr   %nice    %sys %iowait    %irq   %soft  %steal  %guest  %gnice   %idle
09時43分39秒    0   54.08    0.00   37.76    0.00    0.00    7.14    0.00    0.00    0.00    1.02
09時43分39秒    1   58.42    0.00   41.58    0.00    0.00    0.00    0.00    0.00    0.00    0.00

09時43分39秒  CPU    %usr   %nice    %sys %iowait    %irq   %soft  %steal  %guest  %gnice   %idle
09時43分40秒    0   53.47    0.00   37.62    0.00    0.00    7.92    0.00    0.00    0.00    0.99
09時43分40秒    1   59.00    0.00   40.00    0.00    0.00    1.00    0.00    0.00    0.00    0.00

09時43分40秒  CPU    %usr   %nice    %sys %iowait    %irq   %soft  %steal  %guest  %gnice   %idle
09時43分41秒    0   53.06    0.00   34.69    0.00    0.00    7.14    0.00    0.00    0.00    5.10
09時43分41秒    1   63.00    0.00   37.00    0.00    0.00    0.00    0.00    0.00    0.00    0.00

09時43分41秒  CPU    %usr   %nice    %sys %iowait    %irq   %soft  %steal  %guest  %gnice   %idle
09時43分42秒    0   51.49    0.00   40.59    0.00    0.00    7.92    0.00    0.00    0.00    0.00
09時43分42秒    1   54.55    0.00   44.44    0.00    0.00    1.01    0.00    0.00    0.00    0.00

09時43分42秒  CPU    %usr   %nice    %sys %iowait    %irq   %soft  %steal  %guest  %gnice   %idle
09時43分43秒    0   51.00    0.00   41.00    0.00    0.00    7.00    0.00    0.00    0.00    1.00
09時43分43秒    1   58.42    0.00   40.59    0.00    0.00    0.99    0.00    0.00    0.00    0.00

09時43分43秒  CPU    %usr   %nice    %sys %iowait    %irq   %soft  %steal  %guest  %gnice   %idle
09時43分44秒    0   51.96    0.00   39.22    0.00    0.00    7.84    0.00    0.00    0.00    0.98
09時43分44秒    1   55.00    0.00   42.00    0.00    0.00    1.00    0.00    0.00    0.00    2.00

09時43分44秒  CPU    %usr   %nice    %sys %iowait    %irq   %soft  %steal  %guest  %gnice   %idle
09時43分45秒    0   53.54    0.00   38.38    0.00    0.00    7.07    0.00    0.00    0.00    1.01
09時43分45秒    1   60.00    0.00   39.00    0.00    0.00    1.00    0.00    0.00    0.00    0.00

09時43分45秒  CPU    %usr   %nice    %sys %iowait    %irq   %soft  %steal  %guest  %gnice   %idle
09時43分46秒    0   53.54    0.00   38.38    0.00    0.00    8.08    0.00    0.00    0.00    0.00
09時43分46秒    1   61.00    0.00   38.00    0.00    0.00    1.00    0.00    0.00    0.00    0.00

09時43分46秒  CPU    %usr   %nice    %sys %iowait    %irq   %soft  %steal  %guest  %gnice   %idle
09時43分47秒    0   52.00    0.00   40.00    0.00    0.00    7.00    0.00    0.00    0.00    1.00
09時43分47秒    1   55.00    0.00   44.00    0.00    0.00    1.00    0.00    0.00    0.00    0.00

09時43分47秒  CPU    %usr   %nice    %sys %iowait    %irq   %soft  %steal  %guest  %gnice   %idle
09時43分48秒    0   50.00    0.00   42.00    0.00    0.00    8.00    0.00    0.00    0.00    0.00
09時43分48秒    1   62.00    0.00   37.00    0.00    0.00    1.00    0.00    0.00    0.00    0.00

09時43分48秒  CPU    %usr   %nice    %sys %iowait    %irq   %soft  %steal  %guest  %gnice   %idle
09時43分49秒    0   62.00    0.00   30.00    0.00    0.00    7.00    0.00    0.00    0.00    1.00
09時43分49秒    1   56.00    0.00   43.00    0.00    0.00    1.00    0.00    0.00    0.00    0.00

09時43分49秒  CPU    %usr   %nice    %sys %iowait    %irq   %soft  %steal  %guest  %gnice   %idle
09時43分50秒    0   55.88    0.00   34.31    0.00    0.98    7.84    0.00    0.00    0.00    0.98
09時43分50秒    1   62.00    0.00   36.00    0.00    1.00    1.00    0.00    0.00    0.00    0.00

09時43分50秒  CPU    %usr   %nice    %sys %iowait    %irq   %soft  %steal  %guest  %gnice   %idle
09時43分51秒    0   52.00    0.00   35.00    0.00    0.00    7.00    0.00    0.00    0.00    6.00
09時43分51秒    1   61.62    0.00   34.34    0.00    0.00    1.01    0.00    0.00    0.00    3.03

09時43分51秒  CPU    %usr   %nice    %sys %iowait    %irq   %soft  %steal  %guest  %gnice   %idle
09時43分52秒    0   54.00    0.00   38.00    0.00    0.00    8.00    0.00    0.00    0.00    0.00
09時43分52秒    1   56.00    0.00   43.00    0.00    0.00    1.00    0.00    0.00    0.00    0.00

09時43分52秒  CPU    %usr   %nice    %sys %iowait    %irq   %soft  %steal  %guest  %gnice   %idle
09時43分53秒    0   51.49    0.00   40.59    0.00    0.00    6.93    0.00    0.00    0.00    0.99
09時43分53秒    1   56.00    0.00   43.00    0.00    0.00    1.00    0.00    0.00    0.00    0.00

09時43分53秒  CPU    %usr   %nice    %sys %iowait    %irq   %soft  %steal  %guest  %gnice   %idle
09時43分54秒    0   50.51    0.00   41.41    0.00    0.00    7.07    0.00    0.00    0.00    1.01
09時43分54秒    1   59.60    0.00   38.38    0.00    0.00    1.01    0.00    0.00    0.00    1.01

09時43分54秒  CPU    %usr   %nice    %sys %iowait    %irq   %soft  %steal  %guest  %gnice   %idle
09時43分55秒    0   50.51    0.00   37.37    0.00    0.00    7.07    0.00    0.00    0.00    5.05
09時43分55秒    1   63.00    0.00   36.00    0.00    0.00    1.00    0.00    0.00    0.00    0.00

09時43分55秒  CPU    %usr   %nice    %sys %iowait    %irq   %soft  %steal  %guest  %gnice   %idle
09時43分56秒    0   49.50    0.00   36.63    0.00    0.00    7.92    0.00    0.00    0.00    5.94
09時43分56秒    1   47.87    0.00   25.53    0.00    0.00    3.19    0.00    0.00    0.00   23.40

09時43分56秒  CPU    %usr   %nice    %sys %iowait    %irq   %soft  %steal  %guest  %gnice   %idle
09時43分57秒    0   56.57    0.00   32.32    0.00    0.00    7.07    0.00    0.00    0.00    4.04
09時43分57秒    1   47.87    0.00   25.53    0.00    0.00    3.19    0.00    0.00    0.00   23.40

09時43分57秒  CPU    %usr   %nice    %sys %iowait    %irq   %soft  %steal  %guest  %gnice   %idle
09時43分58秒    0   54.00    0.00   34.00    0.00    0.00    7.00    0.00    0.00    0.00    5.00
09時43分58秒    1   55.21    0.00   37.50    0.00    0.00    1.04    0.00    0.00    0.00    6.25

09時43分58秒  CPU    %usr   %nice    %sys %iowait    %irq   %soft  %steal  %guest  %gnice   %idle
09時43分59秒    0   51.52    0.00   40.40    0.00    0.00    7.07    0.00    0.00    0.00    1.01
09時43分59秒    1   62.38    0.00   36.63    0.00    0.00    0.99    0.00    0.00    0.00    0.00

09時43分59秒  CPU    %usr   %nice    %sys %iowait    %irq   %soft  %steal  %guest  %gnice   %idle
09時44分00秒    0   50.50    0.00   40.59    0.00    0.00    7.92    0.00    0.00    0.00    0.99
09時44分00秒    1   55.56    0.00   43.43    0.00    0.00    1.01    0.00    0.00    0.00    0.00

09時44分00秒  CPU    %usr   %nice    %sys %iowait    %irq   %soft  %steal  %guest  %gnice   %idle
09時44分01秒    0   54.55    0.00   38.38    0.00    0.00    7.07    0.00    0.00    0.00    0.00
09時44分01秒    1   53.47    0.00   45.54    0.00    0.00    0.99    0.00    0.00    0.00    0.00

09時44分01秒  CPU    %usr   %nice    %sys %iowait    %irq   %soft  %steal  %guest  %gnice   %idle
09時44分02秒    0   52.00    0.00   39.00    0.00    0.00    8.00    0.00    0.00    0.00    1.00
09時44分02秒    1   57.00    0.00   42.00    0.00    0.00    1.00    0.00    0.00    0.00    0.00

09時44分02秒  CPU    %usr   %nice    %sys %iowait    %irq   %soft  %steal  %guest  %gnice   %idle
09時44分03秒    0   53.00    0.00   39.00    0.00    0.00    7.00    0.00    0.00    0.00    1.00
09時44分03秒    1   56.00    0.00   43.00    0.00    0.00    1.00    0.00    0.00    0.00    0.00

09時44分03秒  CPU    %usr   %nice    %sys %iowait    %irq   %soft  %steal  %guest  %gnice   %idle
09時44分04秒    0   52.00    0.00   40.00    0.00    0.00    8.00    0.00    0.00    0.00    0.00
09時44分04秒    1   60.61    0.00   38.38    0.00    0.00    1.01    0.00    0.00    0.00    0.00

09時44分04秒  CPU    %usr   %nice    %sys %iowait    %irq   %soft  %steal  %guest  %gnice   %idle
09時44分05秒    0   54.55    0.00   37.37    0.00    0.00    7.07    0.00    0.00    0.00    1.01
09時44分05秒    1   56.00    0.00   44.00    0.00    0.00    0.00    0.00    0.00    0.00    0.00

09時44分05秒  CPU    %usr   %nice    %sys %iowait    %irq   %soft  %steal  %guest  %gnice   %idle
09時44分06秒    0   51.00    0.00   40.00    0.00    0.00    8.00    0.00    0.00    0.00    1.00
09時44分06秒    1   62.00    0.00   37.00    0.00    0.00    1.00    0.00    0.00    0.00    0.00

09時44分06秒  CPU    %usr   %nice    %sys %iowait    %irq   %soft  %steal  %guest  %gnice   %idle
09時44分07秒    0   50.51    0.00   42.42    0.00    0.00    7.07    0.00    0.00    0.00    0.00
09時44分07秒    1   56.00    0.00   43.00    0.00    0.00    1.00    0.00    0.00    0.00    0.00

09時44分07秒  CPU    %usr   %nice    %sys %iowait    %irq   %soft  %steal  %guest  %gnice   %idle
09時44分08秒    0   54.90    0.00   35.29    0.00    0.98    7.84    0.00    0.00    0.00    0.98
09時44分08秒    1   56.44    0.00   41.58    0.00    0.99    0.99    0.00    0.00    0.00    0.00

09時44分08秒  CPU    %usr   %nice    %sys %iowait    %irq   %soft  %steal  %guest  %gnice   %idle
09時44分09秒    0   55.56    0.00   37.37    0.00    0.00    7.07    0.00    0.00    0.00    0.00
09時44分09秒    1   63.00    0.00   36.00    0.00    0.00    1.00    0.00    0.00    0.00    0.00

09時44分09秒  CPU    %usr   %nice    %sys %iowait    %irq   %soft  %steal  %guest  %gnice   %idle
09時44分10秒    0   54.46    0.00   36.63    0.00    0.00    7.92    0.00    0.00    0.00    0.99
09時44分10秒    1   57.58    0.00   41.41    0.00    0.00    1.01    0.00    0.00    0.00    0.00

09時44分10秒  CPU    %usr   %nice    %sys %iowait    %irq   %soft  %steal  %guest  %gnice   %idle
09時44分11秒    0   55.45    0.00   35.64    0.00    0.00    7.92    0.00    0.00    0.00    0.99
09時44分11秒    1   60.00    0.00   39.00    0.00    0.00    1.00    0.00    0.00    0.00    0.00

09時44分11秒  CPU    %usr   %nice    %sys %iowait    %irq   %soft  %steal  %guest  %gnice   %idle
09時44分12秒    0   47.96    0.00   37.76    0.00    0.00    7.14    0.00    0.00    0.00    7.14
09時44分12秒    1   63.37    0.00   35.64    0.00    0.00    0.99    0.00    0.00    0.00    0.00

09時44分12秒  CPU    %usr   %nice    %sys %iowait    %irq   %soft  %steal  %guest  %gnice   %idle
09時44分13秒    0   56.57    0.00   35.35    0.00    0.00    7.07    0.00    0.00    0.00    1.01
09時44分13秒    1   64.00    0.00   35.00    0.00    0.00    1.00    0.00    0.00    0.00    0.00

09時44分13秒  CPU    %usr   %nice    %sys %iowait    %irq   %soft  %steal  %guest  %gnice   %idle
09時44分14秒    0   53.00    0.00   39.00    0.00    0.00    7.00    0.00    0.00    0.00    1.00
09時44分14秒    1   54.46    0.00   43.56    0.00    0.00    0.99    0.00    0.00    0.00    0.99

09時44分14秒  CPU    %usr   %nice    %sys %iowait    %irq   %soft  %steal  %guest  %gnice   %idle
09時44分15秒    0   51.96    0.00   39.22    0.00    0.00    7.84    0.00    0.00    0.00    0.98
09時44分15秒    1   59.18    0.00   40.82    0.00    0.00    0.00    0.00    0.00    0.00    0.00

09時44分15秒  CPU    %usr   %nice    %sys %iowait    %irq   %soft  %steal  %guest  %gnice   %idle
09時44分16秒    0   52.58    0.00   40.21    0.00    0.00    7.22    0.00    0.00    0.00    0.00
09時44分16秒    1   54.00    0.00   45.00    0.00    0.00    1.00    0.00    0.00    0.00    0.00

09時44分16秒  CPU    %usr   %nice    %sys %iowait    %irq   %soft  %steal  %guest  %gnice   %idle
09時44分17秒    0   53.00    0.00   39.00    0.00    0.00    7.00    0.00    0.00    0.00    1.00
09時44分17秒    1   56.44    0.00   42.57    0.00    0.00    0.99    0.00    0.00    0.00    0.00

09時44分17秒  CPU    %usr   %nice    %sys %iowait    %irq   %soft  %steal  %guest  %gnice   %idle
09時44分18秒    0   53.47    0.00   37.62    0.00    0.00    7.92    0.00    0.00    0.00    0.99
09時44分18秒    1   59.00    0.00   40.00    0.00    0.00    1.00    0.00    0.00    0.00    0.00

09時44分18秒  CPU    %usr   %nice    %sys %iowait    %irq   %soft  %steal  %guest  %gnice   %idle
09時44分19秒    0   58.16    0.00   34.69    0.00    0.00    7.14    0.00    0.00    0.00    0.00
09時44分19秒    1   59.00    0.00   40.00    0.00    0.00    1.00    0.00    0.00    0.00    0.00

09時44分19秒  CPU    %usr   %nice    %sys %iowait    %irq   %soft  %steal  %guest  %gnice   %idle
09時44分20秒    0   50.50    0.00   32.67    0.00    0.00    6.93    0.00    0.00    0.00    9.90
09時44分20秒    1   52.63    0.00   25.26    0.00    1.05    3.16    0.00    0.00    0.00   17.89

09時44分20秒  CPU    %usr   %nice    %sys %iowait    %irq   %soft  %steal  %guest  %gnice   %idle
09時44分21秒    0   51.00    0.00   36.00    0.00    0.00    7.00    0.00    0.00    0.00    6.00
09時44分21秒    1   51.65    0.00   21.98    0.00    0.00    3.30    0.00    0.00    0.00   23.08

09時44分21秒  CPU    %usr   %nice    %sys %iowait    %irq   %soft  %steal  %guest  %gnice   %idle
09時44分22秒    0   42.57    0.00   46.53    0.00    0.00    6.93    0.00    0.00    0.00    3.96
09時44分22秒    1   48.35    0.00   24.18    0.00    0.00    2.20    0.00    0.00    0.00   25.27

09時44分22秒  CPU    %usr   %nice    %sys %iowait    %irq   %soft  %steal  %guest  %gnice   %idle
09時44分23秒    0   53.54    0.00   34.34    0.00    0.00    7.07    0.00    0.00    0.00    5.05
09時44分23秒    1   49.46    0.00   22.58    0.00    0.00    2.15    0.00    0.00    0.00   25.81

09時44分23秒  CPU    %usr   %nice    %sys %iowait    %irq   %soft  %steal  %guest  %gnice   %idle
09時44分24秒    0   52.48    0.00   36.63    0.00    0.00    6.93    0.00    0.00    0.00    3.96
09時44分24秒    1   55.43    0.00   16.30    0.00    0.00    3.26    0.00    0.00    0.00   25.00

09時44分24秒  CPU    %usr   %nice    %sys %iowait    %irq   %soft  %steal  %guest  %gnice   %idle
09時44分25秒    0   47.52    0.00   38.61    0.00    0.99    7.92    0.00    0.00    0.00    4.95
09時44分25秒    1   50.00    0.00   22.83    0.00    0.00    2.17    0.00    0.00    0.00   25.00

09時44分25秒  CPU    %usr   %nice    %sys %iowait    %irq   %soft  %steal  %guest  %gnice   %idle
09時44分26秒    0   57.43    0.00   32.67    0.00    0.00    6.93    0.00    0.00    0.00    2.97
09時44分26秒    1   49.46    0.00   20.43    0.00    0.00    3.23    0.00    0.00    0.00   26.88

09時44分26秒  CPU    %usr   %nice    %sys %iowait    %irq   %soft  %steal  %guest  %gnice   %idle
09時44分27秒    0   52.04    0.00   36.73    0.00    0.00    7.14    0.00    0.00    0.00    4.08
09時44分27秒    1   48.39    0.00   21.51    0.00    0.00    2.15    0.00    0.00    0.00   27.96

09時44分27秒  CPU    %usr   %nice    %sys %iowait    %irq   %soft  %steal  %guest  %gnice   %idle
09時44分28秒    0   50.50    0.00   37.62    0.00    0.00    6.93    0.00    0.00    0.00    4.95
09時44分28秒    1   50.00    0.00   23.40    0.00    1.06    3.19    0.00    0.00    0.00   22.34

09時44分28秒  CPU    %usr   %nice    %sys %iowait    %irq   %soft  %steal  %guest  %gnice   %idle
09時44分29秒    0   45.45    0.00   42.42    0.00    0.00    7.07    0.00    0.00    0.00    5.05
09時44分29秒    1   47.78    0.00   23.33    0.00    0.00    2.22    0.00    0.00    0.00   26.67

09時44分29秒  CPU    %usr   %nice    %sys %iowait    %irq   %soft  %steal  %guest  %gnice   %idle
09時44分30秒    0   49.49    0.00   34.34    0.00    0.00    7.07    0.00    0.00    0.00    9.09
09時44分30秒    1   56.12    0.00   32.65    0.00    0.00    2.04    0.00    0.00    0.00    9.18

09時44分30秒  CPU    %usr   %nice    %sys %iowait    %irq   %soft  %steal  %guest  %gnice   %idle
09時44分31秒    0   52.48    0.00   39.60    0.00    0.00    6.93    0.00    0.00    0.00    0.99
09時44分31秒    1   57.14    0.00   42.86    0.00    0.00    0.00    0.00    0.00    0.00    0.00

09時44分31秒  CPU    %usr   %nice    %sys %iowait    %irq   %soft  %steal  %guest  %gnice   %idle
09時44分32秒    0   53.00    0.00   39.00    0.00    0.00    7.00    0.00    0.00    0.00    1.00
09時44分32秒    1   58.42    0.00   40.59    0.00    0.00    0.99    0.00    0.00    0.00    0.00

09時44分32秒  CPU    %usr   %nice    %sys %iowait    %irq   %soft  %steal  %guest  %gnice   %idle
09時44分33秒    0   57.58    0.00   34.34    0.00    0.00    7.07    0.00    0.00    0.00    1.01
09時44分33秒    1   53.00    0.00   46.00    0.00    0.00    1.00    0.00    0.00    0.00    0.00

09時44分33秒  CPU    %usr   %nice    %sys %iowait    %irq   %soft  %steal  %guest  %gnice   %idle
09時44分34秒    0   52.04    0.00   40.82    0.00    0.00    7.14    0.00    0.00    0.00    0.00
09時44分34秒    1   58.59    0.00   40.40    0.00    0.00    1.01    0.00    0.00    0.00    0.00

09時44分34秒  CPU    %usr   %nice    %sys %iowait    %irq   %soft  %steal  %guest  %gnice   %idle
09時44分35秒    0   54.46    0.00   37.62    0.00    0.00    6.93    0.00    0.00    0.00    0.99
09時44分35秒    1   63.37    0.00   35.64    0.00    0.00    0.99    0.00    0.00    0.00    0.00

09時44分35秒  CPU    %usr   %nice    %sys %iowait    %irq   %soft  %steal  %guest  %gnice   %idle
09時44分36秒    0   50.00    0.00   41.00    0.00    0.00    8.00    0.00    0.00    0.00    1.00
09時44分36秒    1   59.60    0.00   40.40    0.00    0.00    0.00    0.00    0.00    0.00    0.00

09時44分36秒  CPU    %usr   %nice    %sys %iowait    %irq   %soft  %steal  %guest  %gnice   %idle
09時44分37秒    0   58.16    0.00   34.69    0.00    0.00    7.14    0.00    0.00    0.00    0.00
09時44分37秒    1   57.00    0.00   42.00    0.00    0.00    1.00    0.00    0.00    0.00    0.00

09時44分37秒  CPU    %usr   %nice    %sys %iowait    %irq   %soft  %steal  %guest  %gnice   %idle
09時44分38秒    0   53.47    0.00   37.62    0.00    0.00    7.92    0.00    0.00    0.00    0.99
09時44分38秒    1   60.00    0.00   39.00    0.00    0.00    1.00    0.00    0.00    0.00    0.00

09時44分38秒  CPU    %usr   %nice    %sys %iowait    %irq   %soft  %steal  %guest  %gnice   %idle
09時44分39秒    0   53.54    0.00   38.38    0.00    0.00    7.07    0.00    0.00    0.00    1.01
09時44分39秒    1   57.43    0.00   41.58    0.00    0.00    0.99    0.00    0.00    0.00    0.00

09時44分39秒  CPU    %usr   %nice    %sys %iowait    %irq   %soft  %steal  %guest  %gnice   %idle
09時44分40秒    0   56.57    0.00   36.36    0.00    0.00    7.07    0.00    0.00    0.00    0.00
09時44分40秒    1   53.00    0.00   46.00    0.00    0.00    1.00    0.00    0.00    0.00    0.00

09時44分40秒  CPU    %usr   %nice    %sys %iowait    %irq   %soft  %steal  %guest  %gnice   %idle
09時44分41秒    0   55.00    0.00   36.00    0.00    0.00    8.00    0.00    0.00    0.00    1.00
09時44分41秒    1   56.57    0.00   43.43    0.00    0.00    0.00    0.00    0.00    0.00    0.00

09時44分41秒  CPU    %usr   %nice    %sys %iowait    %irq   %soft  %steal  %guest  %gnice   %idle
09時44分42秒    0   57.43    0.00   34.65    0.00    0.99    6.93    0.00    0.00    0.00    0.00
09時44分42秒    1   57.00    0.00   42.00    0.00    0.00    1.00    0.00    0.00    0.00    0.00

09時44分42秒  CPU    %usr   %nice    %sys %iowait    %irq   %soft  %steal  %guest  %gnice   %idle
09時44分43秒    0   51.00    0.00   40.00    0.00    0.00    8.00    0.00    0.00    0.00    1.00
09時44分43秒    1   58.00    0.00   41.00    0.00    0.00    1.00    0.00    0.00    0.00    0.00

09時44分43秒  CPU    %usr   %nice    %sys %iowait    %irq   %soft  %steal  %guest  %gnice   %idle
09時44分44秒    0   54.00    0.00   38.00    0.00    0.00    7.00    0.00    0.00    0.00    1.00
09時44分44秒    1   59.60    0.00   38.38    0.00    0.00    1.01    0.00    0.00    0.00    1.01

09時44分44秒  CPU    %usr   %nice    %sys %iowait    %irq   %soft  %steal  %guest  %gnice   %idle
09時44分45秒    0   52.53    0.00   40.40    0.00    0.00    7.07    0.00    0.00    0.00    0.00
09時44分45秒    1   55.45    0.00   42.57    0.00    0.99    0.99    0.00    0.00    0.00    0.00

09時44分45秒  CPU    %usr   %nice    %sys %iowait    %irq   %soft  %steal  %guest  %gnice   %idle
09時44分46秒    0   48.51    0.00   42.57    0.00    0.00    7.92    0.00    0.00    0.00    0.99
09時44分46秒    1   57.43    0.00   41.58    0.00    0.00    0.99    0.00    0.00    0.00    0.00

09時44分46秒  CPU    %usr   %nice    %sys %iowait    %irq   %soft  %steal  %guest  %gnice   %idle
09時44分47秒    0   53.00    0.00   39.00    0.00    0.00    7.00    0.00    0.00    0.00    1.00
09時44分47秒    1   62.00    0.00   37.00    0.00    0.00    1.00    0.00    0.00    0.00    0.00

09時44分47秒  CPU    %usr   %nice    %sys %iowait    %irq   %soft  %steal  %guest  %gnice   %idle
09時44分48秒    0   52.53    0.00   40.40    0.00    0.00    7.07    0.00    0.00    0.00    0.00
09時44分48秒    1   51.52    0.00   47.47    0.00    0.00    1.01    0.00    0.00    0.00    0.00

09時44分48秒  CPU    %usr   %nice    %sys %iowait    %irq   %soft  %steal  %guest  %gnice   %idle
09時44分49秒    0   55.45    0.00   35.64    0.00    0.00    7.92    0.00    0.00    0.00    0.99
09時44分49秒    1   58.00    0.00   41.00    0.00    0.00    1.00    0.00    0.00    0.00    0.00

09時44分49秒  CPU    %usr   %nice    %sys %iowait    %irq   %soft  %steal  %guest  %gnice   %idle
09時44分50秒    0   52.00    0.00   40.00    0.00    0.00    7.00    0.00    0.00    0.00    1.00
09時44分50秒    1   53.47    0.00   45.54    0.00    0.00    0.99    0.00    0.00    0.00    0.00

09時44分50秒  CPU    %usr   %nice    %sys %iowait    %irq   %soft  %steal  %guest  %gnice   %idle
09時44分51秒    0   52.53    0.00   34.34    0.00    0.00    7.07    0.00    0.00    0.00    6.06
09時44分51秒    1   56.12    0.00   37.76    0.00    0.00    1.02    0.00    0.00    0.00    5.10

09時44分51秒  CPU    %usr   %nice    %sys %iowait    %irq   %soft  %steal  %guest  %gnice   %idle
09時44分52秒    0   51.00    0.00   34.00    0.00    0.00    7.00    0.00    0.00    0.00    8.00
09時44分52秒    1   48.39    0.00   24.73    0.00    0.00    4.30    0.00    0.00    0.00   22.58

09時44分52秒  CPU    %usr   %nice    %sys %iowait    %irq   %soft  %steal  %guest  %gnice   %idle
09時44分53秒    0   53.00    0.00   34.00    0.00    0.00    7.00    0.00    0.00    0.00    6.00
09時44分53秒    1   50.00    0.00   23.91    0.00    0.00    3.26    0.00    0.00    0.00   22.83

09時44分53秒  CPU    %usr   %nice    %sys %iowait    %irq   %soft  %steal  %guest  %gnice   %idle
09時44分54秒    0   47.00    0.00   38.00    0.00    0.00    7.00    0.00    0.00    0.00    8.00
09時44分54秒    1   48.91    0.00   25.00    0.00    0.00    3.26    0.00    0.00    0.00   22.83

09時44分54秒  CPU    %usr   %nice    %sys %iowait    %irq   %soft  %steal  %guest  %gnice   %idle
09時44分55秒    0   47.47    0.00   42.42    0.00    0.00    7.07    0.00    0.00    0.00    3.03
09時44分55秒    1   46.24    0.00   23.66    0.00    0.00    3.23    0.00    0.00    0.00   26.88

09時44分55秒  CPU    %usr   %nice    %sys %iowait    %irq   %soft  %steal  %guest  %gnice   %idle
09時44分56秒    0   49.51    0.00   37.86    0.00    0.00    7.77    0.00    0.00    0.00    4.85
09時44分56秒    1   54.95    0.00   18.68    0.00    0.00    2.20    0.00    0.00    0.00   24.18

09時44分56秒  CPU    %usr   %nice    %sys %iowait    %irq   %soft  %steal  %guest  %gnice   %idle
09時44分57秒    0   49.50    0.00   38.61    0.00    0.00    6.93    0.00    0.00    0.00    4.95
09時44分57秒    1   48.35    0.00   24.18    0.00    0.00    2.20    0.00    0.00    0.00   25.27

09時44分57秒  CPU    %usr   %nice    %sys %iowait    %irq   %soft  %steal  %guest  %gnice   %idle
09時44分58秒    0   51.00    0.00   37.00    0.00    0.00    7.00    0.00    0.00    0.00    5.00
09時44分58秒    1   52.17    0.00   20.65    0.00    0.00    3.26    0.00    0.00    0.00   23.91

09時44分58秒  CPU    %usr   %nice    %sys %iowait    %irq   %soft  %steal  %guest  %gnice   %idle
09時44分59秒    0   50.00    0.00   38.24    0.00    0.98    6.86    0.00    0.00    0.00    3.92
09時44分59秒    1   52.75    0.00   19.78    0.00    0.00    2.20    0.00    0.00    0.00   25.27

09時44分59秒  CPU    %usr   %nice    %sys %iowait    %irq   %soft  %steal  %guest  %gnice   %idle
09時45分00秒    0   52.53    0.00   35.35    0.00    0.00    7.07    0.00    0.00    0.00    5.05
09時45分00秒    1   46.74    0.00   25.00    0.00    0.00    3.26    0.00    0.00    0.00   25.00

09時45分00秒  CPU    %usr   %nice    %sys %iowait    %irq   %soft  %steal  %guest  %gnice   %idle
09時45分01秒    0   53.00    0.00   34.00    0.00    0.00    8.00    0.00    0.00    0.00    5.00
09時45分01秒    1   46.74    0.00   23.91    0.00    0.00    2.17    0.00    0.00    0.00   27.17

09時45分01秒  CPU    %usr   %nice    %sys %iowait    %irq   %soft  %steal  %guest  %gnice   %idle
09時45分02秒    0   52.00    0.00   37.00    0.00    0.00    7.00    0.00    0.00    0.00    4.00
09時45分02秒    1   48.91    0.00   22.83    0.00    1.09    3.26    0.00    0.00    0.00   23.91

09時45分02秒  CPU    %usr   %nice    %sys %iowait    %irq   %soft  %steal  %guest  %gnice   %idle
09時45分03秒    0   54.00    0.00   34.00    0.00    0.00    7.00    0.00    0.00    0.00    5.00
09時45分03秒    1   48.91    0.00   22.83    0.00    0.00    2.17    0.00    0.00    0.00   26.09

09時45分03秒  CPU    %usr   %nice    %sys %iowait    %irq   %soft  %steal  %guest  %gnice   %idle
09時45分04秒    0   50.00    0.00   38.00    0.00    0.00    7.00    0.00    0.00    0.00    5.00
09時45分04秒    1   53.76    0.00   21.51    0.00    0.00    2.15    0.00    0.00    0.00   22.58

09時45分04秒  CPU    %usr   %nice    %sys %iowait    %irq   %soft  %steal  %guest  %gnice   %idle
09時45分05秒    0   50.00    0.00   36.73    0.00    0.00    7.14    0.00    0.00    0.00    6.12
09時45分05秒    1   50.54    0.00   20.43    0.00    0.00    3.23    0.00    0.00    0.00   25.81

09時45分05秒  CPU    %usr   %nice    %sys %iowait    %irq   %soft  %steal  %guest  %gnice   %idle
09時45分06秒    0   50.50    0.00   38.61    0.00    0.00    6.93    0.00    0.00    0.00    3.96
09時45分06秒    1   47.83    0.00   22.83    0.00    0.00    2.17    0.00    0.00    0.00   27.17

09時45分06秒  CPU    %usr   %nice    %sys %iowait    %irq   %soft  %steal  %guest  %gnice   %idle
09時45分07秒    0   52.00    0.00   35.00    0.00    0.00    8.00    0.00    0.00    0.00    5.00
09時45分07秒    1   57.45    0.00   18.09    0.00    0.00    3.19    0.00    0.00    0.00   21.28

09時45分07秒  CPU    %usr   %nice    %sys %iowait    %irq   %soft  %steal  %guest  %gnice   %idle
09時45分08秒    0   47.47    0.00   40.40    0.00    0.00    7.07    0.00    0.00    0.00    5.05
09時45分08秒    1   44.57    0.00   26.09    0.00    0.00    2.17    0.00    0.00    0.00   27.17

09時45分08秒  CPU    %usr   %nice    %sys %iowait    %irq   %soft  %steal  %guest  %gnice   %idle
09時45分09秒    0   46.53    0.00   39.60    0.00    0.00    6.93    0.00    0.00    0.00    6.93
09時45分09秒    1   50.55    0.00   21.98    0.00    0.00    2.20    0.00    0.00    0.00   25.27

09時45分09秒  CPU    %usr   %nice    %sys %iowait    %irq   %soft  %steal  %guest  %gnice   %idle
09時45分10秒    0   51.52    0.00   37.37    0.00    0.00    7.07    0.00    0.00    0.00    4.04
09時45分10秒    1   49.46    0.00   21.51    0.00    0.00    3.23    0.00    0.00    0.00   25.81

09時45分10秒  CPU    %usr   %nice    %sys %iowait    %irq   %soft  %steal  %guest  %gnice   %idle
09時45分11秒    0   55.45    0.00   30.69    0.00    0.00    6.93    0.00    0.00    0.00    6.93
09時45分11秒    1   55.91    0.00   19.35    0.00    0.00    2.15    0.00    0.00    0.00   22.58

09時45分11秒  CPU    %usr   %nice    %sys %iowait    %irq   %soft  %steal  %guest  %gnice   %idle
09時45分12秒    0   42.57    0.00   31.68    0.00    0.00    5.94    0.00    0.00    0.00   19.80
09時45分12秒    1   60.42    0.00   19.79    0.00    0.00    2.08    0.00    0.00    0.00   17.71

09時45分12秒  CPU    %usr   %nice    %sys %iowait    %irq   %soft  %steal  %guest  %gnice   %idle
09時45分13秒    0   55.56    0.00   36.36    0.00    0.00    7.07    0.00    0.00    0.00    1.01
09時45分13秒    1   58.59    0.00   40.40    0.00    0.00    1.01    0.00    0.00    0.00    0.00

09時45分13秒  CPU    %usr   %nice    %sys %iowait    %irq   %soft  %steal  %guest  %gnice   %idle
09時45分14秒    0   50.00    0.00   42.00    0.00    0.00    8.00    0.00    0.00    0.00    0.00
09時45分14秒    1   57.43    0.00   41.58    0.00    0.00    0.99    0.00    0.00    0.00    0.00

09時45分14秒  CPU    %usr   %nice    %sys %iowait    %irq   %soft  %steal  %guest  %gnice   %idle
09時45分15秒    0   53.00    0.00   39.00    0.00    0.00    7.00    0.00    0.00    0.00    1.00
09時45分15秒    1   58.00    0.00   41.00    0.00    0.00    1.00    0.00    0.00    0.00    0.00

09時45分15秒  CPU    %usr   %nice    %sys %iowait    %irq   %soft  %steal  %guest  %gnice   %idle
09時45分16秒    0   55.56    0.00   36.36    0.00    1.01    7.07    0.00    0.00    0.00    0.00
09時45分16秒    1   60.00    0.00   39.00    0.00    0.00    1.00    0.00    0.00    0.00    0.00

09時45分16秒  CPU    %usr   %nice    %sys %iowait    %irq   %soft  %steal  %guest  %gnice   %idle
09時45分17秒    0   54.00    0.00   37.00    0.00    0.00    8.00    0.00    0.00    0.00    1.00
09時45分17秒    1   56.00    0.00   44.00    0.00    0.00    0.00    0.00    0.00    0.00    0.00

09時45分17秒  CPU    %usr   %nice    %sys %iowait    %irq   %soft  %steal  %guest  %gnice   %idle
09時45分18秒    0   49.00    0.00   43.00    0.00    0.00    7.00    0.00    0.00    0.00    1.00
09時45分18秒    1   59.00    0.00   38.00    0.00    0.00    1.00    0.00    0.00    0.00    2.00

09時45分18秒  CPU    %usr   %nice    %sys %iowait    %irq   %soft  %steal  %guest  %gnice   %idle
09時45分19秒    0   53.00    0.00   39.00    0.00    0.00    7.00    0.00    0.00    0.00    1.00
09時45分19秒    1   55.56    0.00   43.43    0.00    0.00    1.01    0.00    0.00    0.00    0.00

09時45分19秒  CPU    %usr   %nice    %sys %iowait    %irq   %soft  %steal  %guest  %gnice   %idle
09時45分20秒    0   55.00    0.00   37.00    0.00    0.00    8.00    0.00    0.00    0.00    0.00
09時45分20秒    1   56.44    0.00   41.58    0.00    0.99    0.99    0.00    0.00    0.00    0.00

09時45分20秒  CPU    %usr   %nice    %sys %iowait    %irq   %soft  %steal  %guest  %gnice   %idle
09時45分21秒    0   51.00    0.00   41.00    0.00    0.00    7.00    0.00    0.00    0.00    1.00
09時45分21秒    1   59.00    0.00   39.00    0.00    0.00    1.00    0.00    0.00    0.00    1.00

平均時間：  CPU    %usr   %nice    %sys %iowait    %irq   %soft  %steal  %guest  %gnice   %idle
平均時間：    0   52.26    0.00   37.70    0.00    0.06    7.32    0.00    0.00    0.00    2.66
平均時間：    1   55.13    0.00   34.29    0.00    0.07    1.52    0.00    0.00    0.00    8.99
