Linux 5.6.15-arch1-1 (archlinux) 	西元2020年06月29日 	_x86_64_	(12 CPU)

05時05分53秒  CPU    %usr   %nice    %sys %iowait    %irq   %soft  %steal  %guest  %gnice   %idle
05時05分54秒    0   50.51    0.00   41.41    0.00    1.01    7.07    0.00    0.00    0.00    0.00
05時05分54秒    1   57.00    0.00   42.00    0.00    0.00    1.00    0.00    0.00    0.00    0.00

05時05分54秒  CPU    %usr   %nice    %sys %iowait    %irq   %soft  %steal  %guest  %gnice   %idle
05時05分55秒    0   57.43    0.00   33.66    0.00    0.00    7.92    0.00    0.00    0.00    0.99
05時05分55秒    1   61.00    0.00   38.00    0.00    0.00    1.00    0.00    0.00    0.00    0.00

05時05分55秒  CPU    %usr   %nice    %sys %iowait    %irq   %soft  %steal  %guest  %gnice   %idle
05時05分56秒    0   55.00    0.00   37.00    0.00    0.00    8.00    0.00    0.00    0.00    0.00
05時05分56秒    1   59.60    0.00   38.38    0.00    0.00    1.01    0.00    0.00    0.00    1.01

05時05分56秒  CPU    %usr   %nice    %sys %iowait    %irq   %soft  %steal  %guest  %gnice   %idle
05時05分57秒    0   53.00    0.00   38.00    0.00    0.00    8.00    0.00    0.00    0.00    1.00
05時05分57秒    1   57.00    0.00   41.00    0.00    0.00    1.00    0.00    0.00    0.00    1.00

05時05分57秒  CPU    %usr   %nice    %sys %iowait    %irq   %soft  %steal  %guest  %gnice   %idle
05時05分58秒    0   48.48    0.00   43.43    0.00    0.00    8.08    0.00    0.00    0.00    0.00
05時05分58秒    1   54.00    0.00   45.00    0.00    0.00    1.00    0.00    0.00    0.00    0.00

05時05分58秒  CPU    %usr   %nice    %sys %iowait    %irq   %soft  %steal  %guest  %gnice   %idle
05時05分59秒    0   50.00    0.00   42.00    0.00    0.00    8.00    0.00    0.00    0.00    0.00
05時05分59秒    1   61.62    0.00   36.36    0.00    0.00    1.01    0.00    0.00    0.00    1.01

05時05分59秒  CPU    %usr   %nice    %sys %iowait    %irq   %soft  %steal  %guest  %gnice   %idle
05時06分00秒    0   53.00    0.00   38.00    0.00    0.00    8.00    0.00    0.00    0.00    1.00
05時06分00秒    1   53.00    0.00   46.00    0.00    0.00    1.00    0.00    0.00    0.00    0.00

05時06分00秒  CPU    %usr   %nice    %sys %iowait    %irq   %soft  %steal  %guest  %gnice   %idle
05時06分01秒    0   58.00    0.00   34.00    0.00    0.00    8.00    0.00    0.00    0.00    0.00
05時06分01秒    1   59.60    0.00   39.39    0.00    0.00    1.01    0.00    0.00    0.00    0.00

05時06分01秒  CPU    %usr   %nice    %sys %iowait    %irq   %soft  %steal  %guest  %gnice   %idle
05時06分02秒    0   52.48    0.00   38.61    0.00    0.00    7.92    0.00    0.00    0.00    0.99
05時06分02秒    1   56.00    0.00   43.00    0.00    0.00    1.00    0.00    0.00    0.00    0.00

05時06分02秒  CPU    %usr   %nice    %sys %iowait    %irq   %soft  %steal  %guest  %gnice   %idle
05時06分03秒    0   55.10    0.00   36.73    0.00    0.00    8.16    0.00    0.00    0.00    0.00
05時06分03秒    1   58.00    0.00   41.00    0.00    0.00    1.00    0.00    0.00    0.00    0.00

05時06分03秒  CPU    %usr   %nice    %sys %iowait    %irq   %soft  %steal  %guest  %gnice   %idle
05時06分04秒    0   53.61    0.00   39.18    0.00    0.00    7.22    0.00    0.00    0.00    0.00
05時06分04秒    1   55.45    0.00   42.57    0.00    0.99    0.99    0.00    0.00    0.00    0.00

05時06分04秒  CPU    %usr   %nice    %sys %iowait    %irq   %soft  %steal  %guest  %gnice   %idle
05時06分05秒    0   51.49    0.00   39.60    0.00    0.00    7.92    0.00    0.00    0.00    0.99
05時06分05秒    1   55.00    0.00   44.00    0.00    0.00    1.00    0.00    0.00    0.00    0.00

05時06分05秒  CPU    %usr   %nice    %sys %iowait    %irq   %soft  %steal  %guest  %gnice   %idle
05時06分06秒    0   56.57    0.00   35.35    0.00    0.00    8.08    0.00    0.00    0.00    0.00
05時06分06秒    1   55.00    0.00   44.00    0.00    0.00    1.00    0.00    0.00    0.00    0.00

05時06分06秒  CPU    %usr   %nice    %sys %iowait    %irq   %soft  %steal  %guest  %gnice   %idle
05時06分07秒    0   57.43    0.00   33.66    0.00    0.00    7.92    0.00    0.00    0.00    0.99
05時06分07秒    1   53.00    0.00   46.00    0.00    0.00    1.00    0.00    0.00    0.00    0.00

05時06分07秒  CPU    %usr   %nice    %sys %iowait    %irq   %soft  %steal  %guest  %gnice   %idle
05時06分08秒    0   47.96    0.00   29.59    0.00    0.00    7.14    0.00    0.00    0.00   15.31
05時06分08秒    1   60.82    0.00   25.77    0.00    0.00    2.06    0.00    0.00    0.00   11.34

05時06分08秒  CPU    %usr   %nice    %sys %iowait    %irq   %soft  %steal  %guest  %gnice   %idle
05時06分09秒    0   49.50    0.00   38.61    0.00    0.00    7.92    0.00    0.00    0.00    3.96
05時06分09秒    1   45.74    0.00   24.47    0.00    0.00    3.19    0.00    0.00    0.00   26.60

05時06分09秒  CPU    %usr   %nice    %sys %iowait    %irq   %soft  %steal  %guest  %gnice   %idle
05時06分10秒    0   55.10    0.00   34.69    0.00    0.00    7.14    0.00    0.00    0.00    3.06
05時06分10秒    1   44.57    0.00   23.91    0.00    0.00    2.17    0.00    0.00    0.00   29.35

05時06分10秒  CPU    %usr   %nice    %sys %iowait    %irq   %soft  %steal  %guest  %gnice   %idle
05時06分11秒    0   53.92    0.00   33.33    0.00    0.98    7.84    0.00    0.00    0.00    3.92
05時06分11秒    1   45.74    0.00   24.47    0.00    0.00    3.19    0.00    0.00    0.00   26.60

05時06分11秒  CPU    %usr   %nice    %sys %iowait    %irq   %soft  %steal  %guest  %gnice   %idle
05時06分12秒    0   51.49    0.00   37.62    0.00    0.00    7.92    0.00    0.00    0.00    2.97
05時06分12秒    1   44.68    0.00   22.34    0.00    0.00    3.19    0.00    0.00    0.00   29.79

05時06分12秒  CPU    %usr   %nice    %sys %iowait    %irq   %soft  %steal  %guest  %gnice   %idle
05時06分13秒    0   50.00    0.00   39.80    0.00    0.00    8.16    0.00    0.00    0.00    2.04
05時06分13秒    1   46.24    0.00   22.58    0.00    0.00    2.15    0.00    0.00    0.00   29.03

05時06分13秒  CPU    %usr   %nice    %sys %iowait    %irq   %soft  %steal  %guest  %gnice   %idle
05時06分14秒    0   51.49    0.00   36.63    0.00    0.00    7.92    0.00    0.00    0.00    3.96
05時06分14秒    1   46.32    0.00   21.05    0.00    0.00    3.16    0.00    0.00    0.00   29.47

05時06分14秒  CPU    %usr   %nice    %sys %iowait    %irq   %soft  %steal  %guest  %gnice   %idle
05時06分15秒    0   47.47    0.00   42.42    0.00    0.00    7.07    0.00    0.00    0.00    3.03
05時06分15秒    1   50.00    0.00   20.21    0.00    0.00    3.19    0.00    0.00    0.00   26.60

05時06分15秒  CPU    %usr   %nice    %sys %iowait    %irq   %soft  %steal  %guest  %gnice   %idle
05時06分16秒    0   51.52    0.00   38.38    0.00    0.00    8.08    0.00    0.00    0.00    2.02
05時06分16秒    1   49.46    0.00   21.51    0.00    0.00    2.15    0.00    0.00    0.00   26.88

05時06分16秒  CPU    %usr   %nice    %sys %iowait    %irq   %soft  %steal  %guest  %gnice   %idle
05時06分17秒    0   52.48    0.00   36.63    0.00    0.00    7.92    0.00    0.00    0.00    2.97
05時06分17秒    1   47.31    0.00   22.58    0.00    0.00    3.23    0.00    0.00    0.00   26.88

05時06分17秒  CPU    %usr   %nice    %sys %iowait    %irq   %soft  %steal  %guest  %gnice   %idle
05時06分18秒    0   53.47    0.00   35.64    0.00    0.00    7.92    0.00    0.00    0.00    2.97
05時06分18秒    1   44.09    0.00   22.58    0.00    1.08    3.23    0.00    0.00    0.00   29.03

05時06分18秒  CPU    %usr   %nice    %sys %iowait    %irq   %soft  %steal  %guest  %gnice   %idle
05時06分19秒    0   54.00    0.00   36.00    0.00    0.00    8.00    0.00    0.00    0.00    2.00
05時06分19秒    1   45.74    0.00   23.40    0.00    0.00    2.13    0.00    0.00    0.00   28.72

05時06分19秒  CPU    %usr   %nice    %sys %iowait    %irq   %soft  %steal  %guest  %gnice   %idle
05時06分20秒    0   51.96    0.00   37.25    0.00    0.00    7.84    0.00    0.00    0.00    2.94
05時06分20秒    1   41.49    0.00   26.60    0.00    0.00    3.19    0.00    0.00    0.00   28.72

05時06分20秒  CPU    %usr   %nice    %sys %iowait    %irq   %soft  %steal  %guest  %gnice   %idle
05時06分21秒    0   56.25    0.00   34.38    0.00    0.00    7.29    0.00    0.00    0.00    2.08
05時06分21秒    1   47.31    0.00   22.58    0.00    0.00    3.23    0.00    0.00    0.00   26.88

05時06分21秒  CPU    %usr   %nice    %sys %iowait    %irq   %soft  %steal  %guest  %gnice   %idle
05時06分22秒    0   51.52    0.00   37.37    0.00    0.00    8.08    0.00    0.00    0.00    3.03
05時06分22秒    1   46.81    0.00   22.34    0.00    0.00    2.13    0.00    0.00    0.00   28.72

05時06分22秒  CPU    %usr   %nice    %sys %iowait    %irq   %soft  %steal  %guest  %gnice   %idle
05時06分23秒    0   51.96    0.00   35.29    0.00    0.00    7.84    0.00    0.00    0.00    4.90
05時06分23秒    1   45.16    0.00   23.66    0.00    0.00    3.23    0.00    0.00    0.00   27.96

05時06分23秒  CPU    %usr   %nice    %sys %iowait    %irq   %soft  %steal  %guest  %gnice   %idle
05時06分24秒    0   46.00    0.00   43.00    0.00    0.00    8.00    0.00    0.00    0.00    3.00
05時06分24秒    1   48.42    0.00   21.05    0.00    0.00    3.16    0.00    0.00    0.00   27.37

05時06分24秒  CPU    %usr   %nice    %sys %iowait    %irq   %soft  %steal  %guest  %gnice   %idle
05時06分25秒    0   57.00    0.00   33.00    0.00    0.00    8.00    0.00    0.00    0.00    2.00
05時06分25秒    1   44.09    0.00   25.81    0.00    0.00    2.15    0.00    0.00    0.00   27.96

05時06分25秒  CPU    %usr   %nice    %sys %iowait    %irq   %soft  %steal  %guest  %gnice   %idle
05時06分26秒    0   47.00    0.00   42.00    0.00    0.00    7.00    0.00    0.00    0.00    4.00
05時06分26秒    1   40.86    0.00   26.88    0.00    0.00    3.23    0.00    0.00    0.00   29.03

05時06分26秒  CPU    %usr   %nice    %sys %iowait    %irq   %soft  %steal  %guest  %gnice   %idle
05時06分27秒    0   48.98    0.00   39.80    0.00    1.02    8.16    0.00    0.00    0.00    2.04
05時06分27秒    1   45.26    0.00   23.16    0.00    1.05    3.16    0.00    0.00    0.00   27.37

05時06分27秒  CPU    %usr   %nice    %sys %iowait    %irq   %soft  %steal  %guest  %gnice   %idle
05時06分28秒    0   54.46    0.00   34.65    0.00    0.00    7.92    0.00    0.00    0.00    2.97
05時06分28秒    1   45.16    0.00   24.73    0.00    0.00    2.15    0.00    0.00    0.00   27.96

05時06分28秒  CPU    %usr   %nice    %sys %iowait    %irq   %soft  %steal  %guest  %gnice   %idle
05時06分29秒    0   51.49    0.00   37.62    0.00    0.00    7.92    0.00    0.00    0.00    2.97
05時06分29秒    1   46.81    0.00   19.15    0.00    0.00    3.19    0.00    0.00    0.00   30.85

05時06分29秒  CPU    %usr   %nice    %sys %iowait    %irq   %soft  %steal  %guest  %gnice   %idle
05時06分30秒    0   50.50    0.00   38.61    0.00    0.00    6.93    0.00    0.00    0.00    3.96
05時06分30秒    1   46.81    0.00   21.28    0.00    0.00    2.13    0.00    0.00    0.00   29.79

05時06分30秒  CPU    %usr   %nice    %sys %iowait    %irq   %soft  %steal  %guest  %gnice   %idle
05時06分31秒    0   48.48    0.00   41.41    0.00    0.00    8.08    0.00    0.00    0.00    2.02
05時06分31秒    1   45.16    0.00   23.66    0.00    0.00    3.23    0.00    0.00    0.00   27.96

05時06分31秒  CPU    %usr   %nice    %sys %iowait    %irq   %soft  %steal  %guest  %gnice   %idle
05時06分32秒    0   48.48    0.00   40.40    0.00    0.00    8.08    0.00    0.00    0.00    3.03
05時06分32秒    1   46.81    0.00   21.28    0.00    0.00    3.19    0.00    0.00    0.00   28.72

05時06分32秒  CPU    %usr   %nice    %sys %iowait    %irq   %soft  %steal  %guest  %gnice   %idle
05時06分33秒    0   55.45    0.00   34.65    0.00    0.00    7.92    0.00    0.00    0.00    1.98
05時06分33秒    1   47.87    0.00   22.34    0.00    0.00    2.13    0.00    0.00    0.00   27.66

05時06分33秒  CPU    %usr   %nice    %sys %iowait    %irq   %soft  %steal  %guest  %gnice   %idle
05時06分34秒    0   49.50    0.00   26.73    0.00    0.00    6.93    0.00    0.00    0.00   16.83
05時06分34秒    1   55.79    0.00   22.11    0.00    0.00    3.16    0.00    0.00    0.00   18.95

05時06分34秒  CPU    %usr   %nice    %sys %iowait    %irq   %soft  %steal  %guest  %gnice   %idle
05時06分35秒    0   57.58    0.00   35.35    0.00    0.00    7.07    0.00    0.00    0.00    0.00
05時06分35秒    1   53.47    0.00   44.55    0.00    0.00    0.99    0.00    0.00    0.00    0.99

05時06分35秒  CPU    %usr   %nice    %sys %iowait    %irq   %soft  %steal  %guest  %gnice   %idle
05時06分36秒    0   57.00    0.00   34.00    0.00    0.00    8.00    0.00    0.00    0.00    1.00
05時06分36秒    1   53.00    0.00   46.00    0.00    0.00    1.00    0.00    0.00    0.00    0.00

05時06分36秒  CPU    %usr   %nice    %sys %iowait    %irq   %soft  %steal  %guest  %gnice   %idle
05時06分37秒    0   53.47    0.00   34.65    0.00    0.00    7.92    0.00    0.00    0.00    3.96
05時06分37秒    1   47.31    0.00   26.88    0.00    0.00    2.15    0.00    0.00    0.00   23.66

05時06分37秒  CPU    %usr   %nice    %sys %iowait    %irq   %soft  %steal  %guest  %gnice   %idle
05時06分38秒    0   54.46    0.00   34.65    0.00    0.00    7.92    0.00    0.00    0.00    2.97
05時06分38秒    1   41.05    0.00   28.42    0.00    0.00    3.16    0.00    0.00    0.00   27.37

05時06分38秒  CPU    %usr   %nice    %sys %iowait    %irq   %soft  %steal  %guest  %gnice   %idle
05時06分39秒    0   48.00    0.00   42.00    0.00    0.00    7.00    0.00    0.00    0.00    3.00
05時06分39秒    1   47.37    0.00   20.00    0.00    0.00    3.16    0.00    0.00    0.00   29.47

05時06分39秒  CPU    %usr   %nice    %sys %iowait    %irq   %soft  %steal  %guest  %gnice   %idle
05時06分40秒    0   53.47    0.00   35.64    0.00    0.00    7.92    0.00    0.00    0.00    2.97
05時06分40秒    1   44.09    0.00   24.73    0.00    0.00    2.15    0.00    0.00    0.00   29.03

05時06分40秒  CPU    %usr   %nice    %sys %iowait    %irq   %soft  %steal  %guest  %gnice   %idle
05時06分41秒    0   48.51    0.00   41.58    0.00    0.00    7.92    0.00    0.00    0.00    1.98
05時06分41秒    1   44.09    0.00   23.66    0.00    0.00    3.23    0.00    0.00    0.00   29.03

05時06分41秒  CPU    %usr   %nice    %sys %iowait    %irq   %soft  %steal  %guest  %gnice   %idle
05時06分42秒    0   53.06    0.00   35.71    0.00    0.00    8.16    0.00    0.00    0.00    3.06
05時06分42秒    1   46.88    0.00   23.96    0.00    0.00    3.12    0.00    0.00    0.00   26.04

05時06分42秒  CPU    %usr   %nice    %sys %iowait    %irq   %soft  %steal  %guest  %gnice   %idle
05時06分43秒    0   49.51    0.00   38.83    0.00    0.97    7.77    0.00    0.00    0.00    2.91
05時06分43秒    1   43.01    0.00   24.73    0.00    0.00    2.15    0.00    0.00    0.00   30.11

05時06分43秒  CPU    %usr   %nice    %sys %iowait    %irq   %soft  %steal  %guest  %gnice   %idle
05時06分44秒    0   51.55    0.00   39.18    0.00    0.00    7.22    0.00    0.00    0.00    2.06
05時06分44秒    1   46.24    0.00   22.58    0.00    0.00    3.23    0.00    0.00    0.00   27.96

05時06分44秒  CPU    %usr   %nice    %sys %iowait    %irq   %soft  %steal  %guest  %gnice   %idle
05時06分45秒    0   53.40    0.00   35.92    0.00    0.00    7.77    0.00    0.00    0.00    2.91
05時06分45秒    1   47.37    0.00   21.05    0.00    1.05    3.16    0.00    0.00    0.00   27.37

05時06分45秒  CPU    %usr   %nice    %sys %iowait    %irq   %soft  %steal  %guest  %gnice   %idle
05時06分46秒    0   51.00    0.00   38.00    0.00    0.00    8.00    0.00    0.00    0.00    3.00
05時06分46秒    1   46.24    0.00   22.58    0.00    0.00    2.15    0.00    0.00    0.00   29.03

05時06分46秒  CPU    %usr   %nice    %sys %iowait    %irq   %soft  %steal  %guest  %gnice   %idle
05時06分47秒    0   53.92    0.00   35.29    0.00    0.00    7.84    0.00    0.00    0.00    2.94
05時06分47秒    1   46.81    0.00   22.34    0.00    0.00    3.19    0.00    0.00    0.00   27.66

05時06分47秒  CPU    %usr   %nice    %sys %iowait    %irq   %soft  %steal  %guest  %gnice   %idle
05時06分48秒    0   50.51    0.00   39.39    0.00    0.00    7.07    0.00    0.00    0.00    3.03
05時06分48秒    1   41.94    0.00   24.73    0.00    0.00    3.23    0.00    0.00    0.00   30.11

05時06分48秒  CPU    %usr   %nice    %sys %iowait    %irq   %soft  %steal  %guest  %gnice   %idle
05時06分49秒    0   50.00    0.00   39.00    0.00    0.00    8.00    0.00    0.00    0.00    3.00
05時06分49秒    1   46.74    0.00   21.74    0.00    0.00    2.17    0.00    0.00    0.00   29.35

05時06分49秒  CPU    %usr   %nice    %sys %iowait    %irq   %soft  %steal  %guest  %gnice   %idle
05時06分50秒    0   53.00    0.00   38.00    0.00    0.00    7.00    0.00    0.00    0.00    2.00
05時06分50秒    1   43.01    0.00   24.73    0.00    0.00    3.23    0.00    0.00    0.00   29.03

05時06分50秒  CPU    %usr   %nice    %sys %iowait    %irq   %soft  %steal  %guest  %gnice   %idle
05時06分51秒    0   52.48    0.00   37.62    0.00    0.00    6.93    0.00    0.00    0.00    2.97
05時06分51秒    1   48.94    0.00   19.15    0.00    0.00    3.19    0.00    0.00    0.00   28.72

05時06分51秒  CPU    %usr   %nice    %sys %iowait    %irq   %soft  %steal  %guest  %gnice   %idle
05時06分52秒    0   52.53    0.00   38.38    0.00    0.00    7.07    0.00    0.00    0.00    2.02
05時06分52秒    1   47.31    0.00   22.58    0.00    0.00    2.15    0.00    0.00    0.00   27.96

05時06分52秒  CPU    %usr   %nice    %sys %iowait    %irq   %soft  %steal  %guest  %gnice   %idle
05時06分53秒    0   54.08    0.00   35.71    0.00    0.00    7.14    0.00    0.00    0.00    3.06
05時06分53秒    1   44.68    0.00   23.40    0.00    0.00    3.19    0.00    0.00    0.00   28.72

05時06分53秒  CPU    %usr   %nice    %sys %iowait    %irq   %soft  %steal  %guest  %gnice   %idle
05時06分54秒    0   51.00    0.00   40.00    0.00    0.00    8.00    0.00    0.00    0.00    1.00
05時06分54秒    1   48.96    0.00   36.46    0.00    0.00    2.08    0.00    0.00    0.00   12.50

05時06分54秒  CPU    %usr   %nice    %sys %iowait    %irq   %soft  %steal  %guest  %gnice   %idle
05時06分55秒    0   54.00    0.00   37.00    0.00    0.00    8.00    0.00    0.00    0.00    1.00
05時06分55秒    1   50.00    0.00   48.00    0.00    0.00    1.00    0.00    0.00    0.00    1.00

05時06分55秒  CPU    %usr   %nice    %sys %iowait    %irq   %soft  %steal  %guest  %gnice   %idle
05時06分56秒    0   55.00    0.00   37.00    0.00    0.00    8.00    0.00    0.00    0.00    0.00
05時06分56秒    1   53.00    0.00   46.00    0.00    0.00    1.00    0.00    0.00    0.00    0.00

05時06分56秒  CPU    %usr   %nice    %sys %iowait    %irq   %soft  %steal  %guest  %gnice   %idle
05時06分57秒    0   53.54    0.00   39.39    0.00    0.00    7.07    0.00    0.00    0.00    0.00
05時06分57秒    1   48.00    0.00   51.00    0.00    0.00    1.00    0.00    0.00    0.00    0.00

05時06分57秒  CPU    %usr   %nice    %sys %iowait    %irq   %soft  %steal  %guest  %gnice   %idle
05時06分58秒    0   53.00    0.00   39.00    0.00    0.00    8.00    0.00    0.00    0.00    0.00
05時06分58秒    1   55.56    0.00   43.43    0.00    0.00    1.01    0.00    0.00    0.00    0.00

05時06分58秒  CPU    %usr   %nice    %sys %iowait    %irq   %soft  %steal  %guest  %gnice   %idle
05時06分59秒    0   56.44    0.00   34.65    0.00    0.99    7.92    0.00    0.00    0.00    0.00
05時06分59秒    1   58.00    0.00   41.00    0.00    0.00    1.00    0.00    0.00    0.00    0.00

05時06分59秒  CPU    %usr   %nice    %sys %iowait    %irq   %soft  %steal  %guest  %gnice   %idle
05時07分00秒    0   55.45    0.00   36.63    0.00    0.00    6.93    0.00    0.00    0.00    0.99
05時07分00秒    1   55.00    0.00   44.00    0.00    0.00    1.00    0.00    0.00    0.00    0.00

05時07分00秒  CPU    %usr   %nice    %sys %iowait    %irq   %soft  %steal  %guest  %gnice   %idle
05時07分01秒    0   54.00    0.00   38.00    0.00    0.00    8.00    0.00    0.00    0.00    0.00
05時07分01秒    1   58.00    0.00   40.00    0.00    0.00    1.00    0.00    0.00    0.00    1.00

05時07分01秒  CPU    %usr   %nice    %sys %iowait    %irq   %soft  %steal  %guest  %gnice   %idle
05時07分02秒    0   54.00    0.00   38.00    0.00    0.00    8.00    0.00    0.00    0.00    0.00
05時07分02秒    1   51.00    0.00   48.00    0.00    0.00    1.00    0.00    0.00    0.00    0.00

05時07分02秒  CPU    %usr   %nice    %sys %iowait    %irq   %soft  %steal  %guest  %gnice   %idle
05時07分03秒    0   54.00    0.00   36.00    0.00    0.00    7.00    0.00    0.00    0.00    3.00
05時07分03秒    1   58.59    0.00   40.40    0.00    1.01    0.00    0.00    0.00    0.00    0.00

05時07分03秒  CPU    %usr   %nice    %sys %iowait    %irq   %soft  %steal  %guest  %gnice   %idle
05時07分04秒    0   57.58    0.00   34.34    0.00    0.00    8.08    0.00    0.00    0.00    0.00
05時07分04秒    1   52.48    0.00   46.53    0.00    0.00    0.99    0.00    0.00    0.00    0.00

05時07分04秒  CPU    %usr   %nice    %sys %iowait    %irq   %soft  %steal  %guest  %gnice   %idle
05時07分05秒    0   49.02    0.00   38.24    0.00    0.00    7.84    0.00    0.00    0.00    4.90
05時07分05秒    1   53.61    0.00   32.99    0.00    0.00    2.06    0.00    0.00    0.00   11.34

05時07分05秒  CPU    %usr   %nice    %sys %iowait    %irq   %soft  %steal  %guest  %gnice   %idle
05時07分06秒    0   54.55    0.00   35.35    0.00    0.00    7.07    0.00    0.00    0.00    3.03
05時07分06秒    1   45.16    0.00   23.66    0.00    0.00    3.23    0.00    0.00    0.00   27.96

05時07分06秒  CPU    %usr   %nice    %sys %iowait    %irq   %soft  %steal  %guest  %gnice   %idle
05時07分07秒    0   46.53    0.00   41.58    0.00    0.00    7.92    0.00    0.00    0.00    3.96
05時07分07秒    1   46.24    0.00   23.66    0.00    0.00    2.15    0.00    0.00    0.00   27.96

05時07分07秒  CPU    %usr   %nice    %sys %iowait    %irq   %soft  %steal  %guest  %gnice   %idle
05時07分08秒    0   51.49    0.00   37.62    0.00    0.00    7.92    0.00    0.00    0.00    2.97
05時07分08秒    1   44.68    0.00   23.40    0.00    0.00    3.19    0.00    0.00    0.00   28.72

05時07分08秒  CPU    %usr   %nice    %sys %iowait    %irq   %soft  %steal  %guest  %gnice   %idle
05時07分09秒    0   50.50    0.00   38.61    0.00    0.00    7.92    0.00    0.00    0.00    2.97
05時07分09秒    1   46.74    0.00   19.57    0.00    0.00    3.26    0.00    0.00    0.00   30.43

05時07分09秒  CPU    %usr   %nice    %sys %iowait    %irq   %soft  %steal  %guest  %gnice   %idle
05時07分10秒    0   51.52    0.00   38.38    0.00    0.00    7.07    0.00    0.00    0.00    3.03
05時07分10秒    1   46.81    0.00   24.47    0.00    0.00    2.13    0.00    0.00    0.00   26.60

05時07分10秒  CPU    %usr   %nice    %sys %iowait    %irq   %soft  %steal  %guest  %gnice   %idle
05時07分11秒    0   50.98    0.00   38.24    0.00    0.00    7.84    0.00    0.00    0.00    2.94
05時07分11秒    1   42.55    0.00   25.53    0.00    0.00    3.19    0.00    0.00    0.00   28.72

05時07分11秒  CPU    %usr   %nice    %sys %iowait    %irq   %soft  %steal  %guest  %gnice   %idle
05時07分12秒    0   52.00    0.00   37.00    0.00    0.00    8.00    0.00    0.00    0.00    3.00
05時07分12秒    1   43.62    0.00   24.47    0.00    0.00    3.19    0.00    0.00    0.00   28.72

05時07分12秒  CPU    %usr   %nice    %sys %iowait    %irq   %soft  %steal  %guest  %gnice   %idle
05時07分13秒    0   50.50    0.00   38.61    0.00    0.00    7.92    0.00    0.00    0.00    2.97
05時07分13秒    1   46.24    0.00   21.51    0.00    0.00    2.15    0.00    0.00    0.00   30.11

05時07分13秒  CPU    %usr   %nice    %sys %iowait    %irq   %soft  %steal  %guest  %gnice   %idle
05時07分14秒    0   50.51    0.00   39.39    0.00    0.00    7.07    0.00    0.00    0.00    3.03
05時07分14秒    1   41.49    0.00   25.53    0.00    0.00    3.19    0.00    0.00    0.00   29.79

05時07分14秒  CPU    %usr   %nice    %sys %iowait    %irq   %soft  %steal  %guest  %gnice   %idle
05時07分15秒    0   47.06    0.00   41.18    0.00    0.98    7.84    0.00    0.00    0.00    2.94
05時07分15秒    1   45.74    0.00   21.28    0.00    0.00    3.19    0.00    0.00    0.00   29.79

05時07分15秒  CPU    %usr   %nice    %sys %iowait    %irq   %soft  %steal  %guest  %gnice   %idle
05時07分16秒    0   49.50    0.00   39.60    0.00    0.00    7.92    0.00    0.00    0.00    2.97
05時07分16秒    1   43.01    0.00   25.81    0.00    0.00    2.15    0.00    0.00    0.00   29.03

05時07分16秒  CPU    %usr   %nice    %sys %iowait    %irq   %soft  %steal  %guest  %gnice   %idle
05時07分17秒    0   52.00    0.00   37.00    0.00    0.00    8.00    0.00    0.00    0.00    3.00
05時07分17秒    1   48.42    0.00   20.00    0.00    0.00    3.16    0.00    0.00    0.00   28.42

05時07分17秒  CPU    %usr   %nice    %sys %iowait    %irq   %soft  %steal  %guest  %gnice   %idle
05時07分18秒    0   55.00    0.00   33.00    0.00    0.00    8.00    0.00    0.00    0.00    4.00
05時07分18秒    1   44.57    0.00   23.91    0.00    0.00    2.17    0.00    0.00    0.00   29.35

05時07分18秒  CPU    %usr   %nice    %sys %iowait    %irq   %soft  %steal  %guest  %gnice   %idle
05時07分19秒    0   49.00    0.00   40.00    0.00    0.00    7.00    0.00    0.00    0.00    4.00
05時07分19秒    1   45.74    0.00   22.34    0.00    0.00    3.19    0.00    0.00    0.00   28.72

05時07分19秒  CPU    %usr   %nice    %sys %iowait    %irq   %soft  %steal  %guest  %gnice   %idle
05時07分20秒    0   55.00    0.00   35.00    0.00    0.00    8.00    0.00    0.00    0.00    2.00
05時07分20秒    1   50.00    0.00   17.02    0.00    0.00    3.19    0.00    0.00    0.00   29.79

05時07分20秒  CPU    %usr   %nice    %sys %iowait    %irq   %soft  %steal  %guest  %gnice   %idle
05時07分21秒    0   51.00    0.00   37.00    0.00    0.00    8.00    0.00    0.00    0.00    4.00
05時07分21秒    1   45.16    0.00   24.73    0.00    0.00    2.15    0.00    0.00    0.00   27.96

05時07分21秒  CPU    %usr   %nice    %sys %iowait    %irq   %soft  %steal  %guest  %gnice   %idle
05時07分22秒    0   45.10    0.00   43.14    0.00    0.00    7.84    0.00    0.00    0.00    3.92
05時07分22秒    1   46.88    0.00   20.83    0.00    1.04    3.12    0.00    0.00    0.00   28.12

05時07分22秒  CPU    %usr   %nice    %sys %iowait    %irq   %soft  %steal  %guest  %gnice   %idle
05時07分23秒    0   52.04    0.00   38.78    0.00    0.00    7.14    0.00    0.00    0.00    2.04
05時07分23秒    1   49.47    0.00   22.11    0.00    0.00    3.16    0.00    0.00    0.00   25.26

05時07分23秒  CPU    %usr   %nice    %sys %iowait    %irq   %soft  %steal  %guest  %gnice   %idle
05時07分24秒    0   46.08    0.00   43.14    0.00    0.00    7.84    0.00    0.00    0.00    2.94
05時07分24秒    1   46.24    0.00   20.43    0.00    0.00    2.15    0.00    0.00    0.00   31.18

05時07分24秒  CPU    %usr   %nice    %sys %iowait    %irq   %soft  %steal  %guest  %gnice   %idle
05時07分25秒    0   49.50    0.00   38.61    0.00    0.00    7.92    0.00    0.00    0.00    3.96
05時07分25秒    1   46.74    0.00   22.83    0.00    0.00    3.26    0.00    0.00    0.00   27.17

05時07分25秒  CPU    %usr   %nice    %sys %iowait    %irq   %soft  %steal  %guest  %gnice   %idle
05時07分26秒    0   49.49    0.00   39.39    0.00    0.00    8.08    0.00    0.00    0.00    3.03
05時07分26秒    1   47.87    0.00   21.28    0.00    0.00    3.19    0.00    0.00    0.00   27.66

05時07分26秒  CPU    %usr   %nice    %sys %iowait    %irq   %soft  %steal  %guest  %gnice   %idle
05時07分27秒    0   51.49    0.00   37.62    0.00    0.00    7.92    0.00    0.00    0.00    2.97
05時07分27秒    1   47.37    0.00   21.05    0.00    0.00    2.11    0.00    0.00    0.00   29.47

05時07分27秒  CPU    %usr   %nice    %sys %iowait    %irq   %soft  %steal  %guest  %gnice   %idle
05時07分28秒    0   51.00    0.00   39.00    0.00    0.00    7.00    0.00    0.00    0.00    3.00
05時07分28秒    1   46.24    0.00   23.66    0.00    0.00    3.23    0.00    0.00    0.00   26.88

05時07分28秒  CPU    %usr   %nice    %sys %iowait    %irq   %soft  %steal  %guest  %gnice   %idle
05時07分29秒    0   53.54    0.00   36.36    0.00    0.00    8.08    0.00    0.00    0.00    2.02
05時07分29秒    1   47.83    0.00   20.65    0.00    0.00    3.26    0.00    0.00    0.00   28.26

05時07分29秒  CPU    %usr   %nice    %sys %iowait    %irq   %soft  %steal  %guest  %gnice   %idle
05時07分30秒    0   54.90    0.00   33.33    0.00    0.98    7.84    0.00    0.00    0.00    2.94
05時07分30秒    1   46.81    0.00   22.34    0.00    0.00    2.13    0.00    0.00    0.00   28.72

05時07分30秒  CPU    %usr   %nice    %sys %iowait    %irq   %soft  %steal  %guest  %gnice   %idle
05時07分31秒    0   40.00    0.00   29.00    0.00    0.00    6.00    0.00    0.00    0.00   25.00
05時07分31秒    1   54.17    0.00   21.88    0.00    0.00    3.12    0.00    0.00    0.00   20.83

05時07分31秒  CPU    %usr   %nice    %sys %iowait    %irq   %soft  %steal  %guest  %gnice   %idle
05時07分32秒    0   46.08    0.00   37.25    0.00    0.00    6.86    0.00    0.00    0.00    9.80
05時07分32秒    1   59.60    0.00   35.35    0.00    0.00    1.01    0.00    0.00    0.00    4.04

05時07分32秒  CPU    %usr   %nice    %sys %iowait    %irq   %soft  %steal  %guest  %gnice   %idle
05時07分33秒    0   56.00    0.00   36.00    0.00    0.00    8.00    0.00    0.00    0.00    0.00
05時07分33秒    1   53.47    0.00   45.54    0.00    0.00    0.99    0.00    0.00    0.00    0.00

05時07分33秒  CPU    %usr   %nice    %sys %iowait    %irq   %soft  %steal  %guest  %gnice   %idle
05時07分34秒    0   52.00    0.00   40.00    0.00    0.00    8.00    0.00    0.00    0.00    0.00
05時07分34秒    1   58.00    0.00   41.00    0.00    0.00    1.00    0.00    0.00    0.00    0.00

05時07分34秒  CPU    %usr   %nice    %sys %iowait    %irq   %soft  %steal  %guest  %gnice   %idle
05時07分35秒    0   51.52    0.00   41.41    0.00    0.00    7.07    0.00    0.00    0.00    0.00
05時07分35秒    1   52.53    0.00   46.46    0.00    0.00    1.01    0.00    0.00    0.00    0.00

05時07分35秒  CPU    %usr   %nice    %sys %iowait    %irq   %soft  %steal  %guest  %gnice   %idle
05時07分36秒    0   53.47    0.00   38.61    0.00    0.00    7.92    0.00    0.00    0.00    0.00
05時07分36秒    1   55.45    0.00   43.56    0.00    0.00    0.99    0.00    0.00    0.00    0.00

05時07分36秒  CPU    %usr   %nice    %sys %iowait    %irq   %soft  %steal  %guest  %gnice   %idle
05時07分37秒    0   59.00    0.00   33.00    0.00    0.00    8.00    0.00    0.00    0.00    0.00
05時07分37秒    1   50.51    0.00   48.48    0.00    0.00    1.01    0.00    0.00    0.00    0.00

05時07分37秒  CPU    %usr   %nice    %sys %iowait    %irq   %soft  %steal  %guest  %gnice   %idle
05時07分38秒    0   56.00    0.00   36.00    0.00    0.00    7.00    0.00    0.00    0.00    1.00
05時07分38秒    1   54.00    0.00   45.00    0.00    0.00    1.00    0.00    0.00    0.00    0.00

05時07分38秒  CPU    %usr   %nice    %sys %iowait    %irq   %soft  %steal  %guest  %gnice   %idle
05時07分39秒    0   57.58    0.00   34.34    0.00    0.00    8.08    0.00    0.00    0.00    0.00
05時07分39秒    1   53.00    0.00   46.00    0.00    0.00    1.00    0.00    0.00    0.00    0.00

05時07分39秒  CPU    %usr   %nice    %sys %iowait    %irq   %soft  %steal  %guest  %gnice   %idle
05時07分40秒    0   49.00    0.00   43.00    0.00    0.00    8.00    0.00    0.00    0.00    0.00
05時07分40秒    1   53.47    0.00   44.55    0.00    0.99    0.99    0.00    0.00    0.00    0.00

05時07分40秒  CPU    %usr   %nice    %sys %iowait    %irq   %soft  %steal  %guest  %gnice   %idle
05時07分41秒    0   51.52    0.00   41.41    0.00    0.00    7.07    0.00    0.00    0.00    0.00
05時07分41秒    1   60.00    0.00   39.00    0.00    0.00    1.00    0.00    0.00    0.00    0.00

05時07分41秒  CPU    %usr   %nice    %sys %iowait    %irq   %soft  %steal  %guest  %gnice   %idle
05時07分42秒    0   55.56    0.00   36.36    0.00    0.00    8.08    0.00    0.00    0.00    0.00
05時07分42秒    1   52.00    0.00   47.00    0.00    0.00    1.00    0.00    0.00    0.00    0.00

05時07分42秒  CPU    %usr   %nice    %sys %iowait    %irq   %soft  %steal  %guest  %gnice   %idle
05時07分43秒    0   52.94    0.00   38.24    0.00    0.00    7.84    0.00    0.00    0.00    0.98
05時07分43秒    1   54.46    0.00   44.55    0.00    0.00    0.99    0.00    0.00    0.00    0.00

05時07分43秒  CPU    %usr   %nice    %sys %iowait    %irq   %soft  %steal  %guest  %gnice   %idle
05時07分44秒    0   54.55    0.00   37.37    0.00    0.00    8.08    0.00    0.00    0.00    0.00
05時07分44秒    1   52.53    0.00   46.46    0.00    0.00    1.01    0.00    0.00    0.00    0.00

05時07分44秒  CPU    %usr   %nice    %sys %iowait    %irq   %soft  %steal  %guest  %gnice   %idle
05時07分45秒    0   56.12    0.00   36.73    0.00    0.00    7.14    0.00    0.00    0.00    0.00
05時07分45秒    1   61.00    0.00   38.00    0.00    0.00    1.00    0.00    0.00    0.00    0.00

05時07分45秒  CPU    %usr   %nice    %sys %iowait    %irq   %soft  %steal  %guest  %gnice   %idle
05時07分46秒    0   54.00    0.00   38.00    0.00    0.00    8.00    0.00    0.00    0.00    0.00
05時07分46秒    1   57.58    0.00   42.42    0.00    0.00    0.00    0.00    0.00    0.00    0.00

05時07分46秒  CPU    %usr   %nice    %sys %iowait    %irq   %soft  %steal  %guest  %gnice   %idle
05時07分47秒    0   49.02    0.00   37.25    0.00    0.98    6.86    0.00    0.00    0.00    5.88
05時07分47秒    1   46.32    0.00   24.21    0.00    0.00    3.16    0.00    0.00    0.00   26.32

05時07分47秒  CPU    %usr   %nice    %sys %iowait    %irq   %soft  %steal  %guest  %gnice   %idle
05時07分48秒    0   55.00    0.00   33.00    0.00    0.00    8.00    0.00    0.00    0.00    4.00
05時07分48秒    1   47.87    0.00   21.28    0.00    0.00    3.19    0.00    0.00    0.00   27.66

05時07分48秒  CPU    %usr   %nice    %sys %iowait    %irq   %soft  %steal  %guest  %gnice   %idle
05時07分49秒    0   51.52    0.00   38.38    0.00    0.00    8.08    0.00    0.00    0.00    2.02
05時07分49秒    1   47.83    0.00   19.57    0.00    0.00    2.17    0.00    0.00    0.00   30.43

05時07分49秒  CPU    %usr   %nice    %sys %iowait    %irq   %soft  %steal  %guest  %gnice   %idle
05時07分50秒    0   55.88    0.00   33.33    0.00    0.00    7.84    0.00    0.00    0.00    2.94
05時07分50秒    1   47.87    0.00   20.21    0.00    0.00    3.19    0.00    0.00    0.00   28.72

05時07分50秒  CPU    %usr   %nice    %sys %iowait    %irq   %soft  %steal  %guest  %gnice   %idle
05時07分51秒    0   53.54    0.00   35.35    0.00    0.00    8.08    0.00    0.00    0.00    3.03
05時07分51秒    1   50.00    0.00   18.09    0.00    0.00    2.13    0.00    0.00    0.00   29.79

05時07分51秒  CPU    %usr   %nice    %sys %iowait    %irq   %soft  %steal  %guest  %gnice   %idle
05時07分52秒    0   51.00    0.00   39.00    0.00    0.00    7.00    0.00    0.00    0.00    3.00
05時07分52秒    1   46.74    0.00   21.74    0.00    0.00    3.26    0.00    0.00    0.00   28.26

05時07分52秒  CPU    %usr   %nice    %sys %iowait    %irq   %soft  %steal  %guest  %gnice   %idle
05時07分53秒    0   46.53    0.00   42.57    0.00    0.00    7.92    0.00    0.00    0.00    2.97
05時07分53秒    1   50.54    0.00   19.35    0.00    0.00    3.23    0.00    0.00    0.00   26.88

平均時間：  CPU    %usr   %nice    %sys %iowait    %irq   %soft  %steal  %guest  %gnice   %idle
平均時間：    0   52.18    0.00   37.47    0.00    0.07    7.70    0.00    0.00    0.00    2.59
平均時間：    1   49.73    0.00   30.27    0.00    0.06    2.15    0.00    0.00    0.00   17.79
