Linux 5.6.15-arch1-1 (archlinux) 	西元2020年06月29日 	_x86_64_	(12 CPU)

05時18分59秒  CPU    %usr   %nice    %sys %iowait    %irq   %soft  %steal  %guest  %gnice   %idle
05時19分00秒    0   64.00    0.00   28.00    0.00    0.00    7.00    0.00    0.00    0.00    1.00
05時19分00秒    1   56.00    0.00   43.00    0.00    0.00    1.00    0.00    0.00    0.00    0.00

05時19分00秒  CPU    %usr   %nice    %sys %iowait    %irq   %soft  %steal  %guest  %gnice   %idle
05時19分01秒    0   61.00    0.00   23.00    0.00    0.00    6.00    0.00    0.00    0.00   10.00
05時19分01秒    1   55.56    0.00   37.37    0.00    0.00    2.02    0.00    0.00    0.00    5.05

05時19分01秒  CPU    %usr   %nice    %sys %iowait    %irq   %soft  %steal  %guest  %gnice   %idle
05時19分02秒    0   58.00    0.00   30.00    0.00    1.00    5.00    0.00    0.00    0.00    6.00
05時19分02秒    1   44.09    0.00   27.96    0.00    0.00    3.23    0.00    0.00    0.00   24.73

05時19分02秒  CPU    %usr   %nice    %sys %iowait    %irq   %soft  %steal  %guest  %gnice   %idle
05時19分03秒    0   57.84    0.00   30.39    0.00    0.00    5.88    0.00    0.00    0.00    5.88
05時19分03秒    1   43.62    0.00   24.47    0.00    0.00    3.19    0.00    0.00    0.00   28.72

05時19分03秒  CPU    %usr   %nice    %sys %iowait    %irq   %soft  %steal  %guest  %gnice   %idle
05時19分04秒    0   60.61    0.00   28.28    0.00    0.00    6.06    0.00    0.00    0.00    5.05
05時19分04秒    1   46.74    0.00   22.83    0.00    0.00    2.17    0.00    0.00    0.00   28.26

05時19分04秒  CPU    %usr   %nice    %sys %iowait    %irq   %soft  %steal  %guest  %gnice   %idle
05時19分05秒    0   54.46    0.00   33.66    0.00    0.00    4.95    0.00    0.00    0.00    6.93
05時19分05秒    1   45.74    0.00   25.53    0.00    1.06    3.19    0.00    0.00    0.00   24.47

05時19分05秒  CPU    %usr   %nice    %sys %iowait    %irq   %soft  %steal  %guest  %gnice   %idle
05時19分06秒    0   60.61    0.00   28.28    0.00    0.00    6.06    0.00    0.00    0.00    5.05
05時19分06秒    1   45.26    0.00   29.47    0.00    0.00    2.11    0.00    0.00    0.00   23.16

05時19分06秒  CPU    %usr   %nice    %sys %iowait    %irq   %soft  %steal  %guest  %gnice   %idle
05時19分07秒    0   66.34    0.00   25.74    0.00    0.00    6.93    0.00    0.00    0.00    0.99
05時19分07秒    1   58.42    0.00   40.59    0.00    0.00    0.99    0.00    0.00    0.00    0.00

05時19分07秒  CPU    %usr   %nice    %sys %iowait    %irq   %soft  %steal  %guest  %gnice   %idle
05時19分08秒    0   67.35    0.00   23.47    0.00    0.00    7.14    0.00    0.00    0.00    2.04
05時19分08秒    1   53.06    0.00   44.90    0.00    0.00    1.02    0.00    0.00    0.00    1.02

05時19分08秒  CPU    %usr   %nice    %sys %iowait    %irq   %soft  %steal  %guest  %gnice   %idle
05時19分09秒    0   64.00    0.00   28.00    0.00    0.00    7.00    0.00    0.00    0.00    1.00
05時19分09秒    1   55.45    0.00   43.56    0.00    0.00    0.99    0.00    0.00    0.00    0.00

05時19分09秒  CPU    %usr   %nice    %sys %iowait    %irq   %soft  %steal  %guest  %gnice   %idle
05時19分10秒    0   65.00    0.00   27.00    0.00    0.00    7.00    0.00    0.00    0.00    1.00
05時19分10秒    1   52.53    0.00   46.46    0.00    0.00    1.01    0.00    0.00    0.00    0.00

05時19分10秒  CPU    %usr   %nice    %sys %iowait    %irq   %soft  %steal  %guest  %gnice   %idle
05時19分11秒    0   62.63    0.00   30.30    0.00    0.00    6.06    0.00    0.00    0.00    1.01
05時19分11秒    1   53.00    0.00   46.00    0.00    0.00    1.00    0.00    0.00    0.00    0.00

05時19分11秒  CPU    %usr   %nice    %sys %iowait    %irq   %soft  %steal  %guest  %gnice   %idle
05時19分12秒    0   65.31    0.00   27.55    0.00    0.00    7.14    0.00    0.00    0.00    0.00
05時19分12秒    1   51.00    0.00   49.00    0.00    0.00    0.00    0.00    0.00    0.00    0.00

05時19分12秒  CPU    %usr   %nice    %sys %iowait    %irq   %soft  %steal  %guest  %gnice   %idle
05時19分13秒    0   62.38    0.00   29.70    0.00    0.00    6.93    0.00    0.00    0.00    0.99
05時19分13秒    1   57.58    0.00   41.41    0.00    0.00    1.01    0.00    0.00    0.00    0.00

05時19分13秒  CPU    %usr   %nice    %sys %iowait    %irq   %soft  %steal  %guest  %gnice   %idle
05時19分14秒    0   61.00    0.00   31.00    0.00    0.00    7.00    0.00    0.00    0.00    1.00
05時19分14秒    1   60.40    0.00   38.61    0.00    0.00    0.99    0.00    0.00    0.00    0.00

05時19分14秒  CPU    %usr   %nice    %sys %iowait    %irq   %soft  %steal  %guest  %gnice   %idle
05時19分15秒    0   63.00    0.00   29.00    0.00    0.00    7.00    0.00    0.00    0.00    1.00
05時19分15秒    1   53.00    0.00   46.00    0.00    0.00    1.00    0.00    0.00    0.00    0.00

05時19分15秒  CPU    %usr   %nice    %sys %iowait    %irq   %soft  %steal  %guest  %gnice   %idle
05時19分16秒    0   35.05    0.00   17.53    0.00    0.00    4.12    0.00    0.00    0.00   43.30
05時19分16秒    1   66.67    0.00   32.32    0.00    0.00    1.01    0.00    0.00    0.00    0.00

05時19分16秒  CPU    %usr   %nice    %sys %iowait    %irq   %soft  %steal  %guest  %gnice   %idle
05時19分17秒    0   61.22    0.00   29.59    0.00    0.00    7.14    0.00    0.00    0.00    2.04
05時19分17秒    1   52.53    0.00   42.42    0.00    0.00    1.01    0.00    0.00    0.00    4.04

05時19分17秒  CPU    %usr   %nice    %sys %iowait    %irq   %soft  %steal  %guest  %gnice   %idle
05時19分18秒    0   59.41    0.00   32.67    0.00    0.00    6.93    0.00    0.00    0.00    0.99
05時19分18秒    1   51.00    0.00   48.00    0.00    0.00    1.00    0.00    0.00    0.00    0.00

05時19分18秒  CPU    %usr   %nice    %sys %iowait    %irq   %soft  %steal  %guest  %gnice   %idle
05時19分19秒    0   59.80    0.00   31.37    0.00    0.98    6.86    0.00    0.00    0.00    0.98
05時19分19秒    1   54.46    0.00   44.55    0.00    0.00    0.99    0.00    0.00    0.00    0.00

05時19分19秒  CPU    %usr   %nice    %sys %iowait    %irq   %soft  %steal  %guest  %gnice   %idle
05時19分20秒    0   64.65    0.00   28.28    0.00    0.00    7.07    0.00    0.00    0.00    0.00
05時19分20秒    1   58.00    0.00   41.00    0.00    0.00    1.00    0.00    0.00    0.00    0.00

05時19分20秒  CPU    %usr   %nice    %sys %iowait    %irq   %soft  %steal  %guest  %gnice   %idle
05時19分21秒    0   64.00    0.00   28.00    0.00    0.00    7.00    0.00    0.00    0.00    1.00
05時19分21秒    1   52.48    0.00   45.54    0.00    0.99    0.99    0.00    0.00    0.00    0.00

05時19分21秒  CPU    %usr   %nice    %sys %iowait    %irq   %soft  %steal  %guest  %gnice   %idle
05時19分22秒    0   64.00    0.00   28.00    0.00    0.00    7.00    0.00    0.00    0.00    1.00
05時19分22秒    1   57.00    0.00   43.00    0.00    0.00    0.00    0.00    0.00    0.00    0.00

05時19分22秒  CPU    %usr   %nice    %sys %iowait    %irq   %soft  %steal  %guest  %gnice   %idle
05時19分23秒    0   66.33    0.00   26.53    0.00    0.00    6.12    0.00    0.00    0.00    1.02
05時19分23秒    1   54.55    0.00   44.44    0.00    0.00    1.01    0.00    0.00    0.00    0.00

05時19分23秒  CPU    %usr   %nice    %sys %iowait    %irq   %soft  %steal  %guest  %gnice   %idle
05時19分24秒    0   64.65    0.00   28.28    0.00    0.00    7.07    0.00    0.00    0.00    0.00
05時19分24秒    1   60.00    0.00   39.00    0.00    0.00    1.00    0.00    0.00    0.00    0.00

05時19分24秒  CPU    %usr   %nice    %sys %iowait    %irq   %soft  %steal  %guest  %gnice   %idle
05時19分25秒    0   60.61    0.00   31.31    0.00    0.00    7.07    0.00    0.00    0.00    1.01
05時19分25秒    1   54.46    0.00   44.55    0.00    0.00    0.99    0.00    0.00    0.00    0.00

05時19分25秒  CPU    %usr   %nice    %sys %iowait    %irq   %soft  %steal  %guest  %gnice   %idle
05時19分26秒    0   65.35    0.00   26.73    0.00    0.00    6.93    0.00    0.00    0.00    0.99
05時19分26秒    1   52.00    0.00   47.00    0.00    0.00    1.00    0.00    0.00    0.00    0.00

05時19分26秒  CPU    %usr   %nice    %sys %iowait    %irq   %soft  %steal  %guest  %gnice   %idle
05時19分27秒    0   62.63    0.00   29.29    0.00    0.00    7.07    0.00    0.00    0.00    1.01
05時19分27秒    1   57.00    0.00   42.00    0.00    0.00    1.00    0.00    0.00    0.00    0.00

05時19分27秒  CPU    %usr   %nice    %sys %iowait    %irq   %soft  %steal  %guest  %gnice   %idle
05時19分28秒    0   64.65    0.00   27.27    0.00    0.00    7.07    0.00    0.00    0.00    1.01
05時19分28秒    1   55.56    0.00   44.44    0.00    0.00    0.00    0.00    0.00    0.00    0.00

05時19分28秒  CPU    %usr   %nice    %sys %iowait    %irq   %soft  %steal  %guest  %gnice   %idle
05時19分29秒    0   63.64    0.00   28.28    0.00    0.00    7.07    0.00    0.00    0.00    1.01
05時19分29秒    1   55.00    0.00   44.00    0.00    0.00    1.00    0.00    0.00    0.00    0.00

05時19分29秒  CPU    %usr   %nice    %sys %iowait    %irq   %soft  %steal  %guest  %gnice   %idle
05時19分30秒    0   67.68    0.00   26.26    0.00    0.00    6.06    0.00    0.00    0.00    0.00
05時19分30秒    1   54.46    0.00   44.55    0.00    0.00    0.99    0.00    0.00    0.00    0.00

05時19分30秒  CPU    %usr   %nice    %sys %iowait    %irq   %soft  %steal  %guest  %gnice   %idle
05時19分31秒    0   61.00    0.00   31.00    0.00    0.00    7.00    0.00    0.00    0.00    1.00
05時19分31秒    1   56.00    0.00   43.00    0.00    0.00    1.00    0.00    0.00    0.00    0.00

05時19分31秒  CPU    %usr   %nice    %sys %iowait    %irq   %soft  %steal  %guest  %gnice   %idle
05時19分32秒    0   61.62    0.00   30.30    0.00    0.00    7.07    0.00    0.00    0.00    1.01
05時19分32秒    1   56.57    0.00   43.43    0.00    0.00    0.00    0.00    0.00    0.00    0.00

05時19分32秒  CPU    %usr   %nice    %sys %iowait    %irq   %soft  %steal  %guest  %gnice   %idle
05時19分33秒    0   63.37    0.00   28.71    0.00    0.00    6.93    0.00    0.00    0.00    0.99
05時19分33秒    1   53.00    0.00   46.00    0.00    0.00    1.00    0.00    0.00    0.00    0.00

05時19分33秒  CPU    %usr   %nice    %sys %iowait    %irq   %soft  %steal  %guest  %gnice   %idle
05時19分34秒    0   64.65    0.00   27.27    0.00    0.00    7.07    0.00    0.00    0.00    1.01
05時19分34秒    1   55.00    0.00   44.00    0.00    0.00    1.00    0.00    0.00    0.00    0.00

05時19分34秒  CPU    %usr   %nice    %sys %iowait    %irq   %soft  %steal  %guest  %gnice   %idle
05時19分35秒    0   62.00    0.00   30.00    0.00    0.00    7.00    0.00    0.00    0.00    1.00
05時19分35秒    1   54.00    0.00   45.00    0.00    0.00    1.00    0.00    0.00    0.00    0.00

05時19分35秒  CPU    %usr   %nice    %sys %iowait    %irq   %soft  %steal  %guest  %gnice   %idle
05時19分36秒    0   61.00    0.00   31.00    0.00    1.00    7.00    0.00    0.00    0.00    0.00
05時19分36秒    1   53.00    0.00   46.00    0.00    0.00    1.00    0.00    0.00    0.00    0.00

05時19分36秒  CPU    %usr   %nice    %sys %iowait    %irq   %soft  %steal  %guest  %gnice   %idle
05時19分37秒    0   59.00    0.00   33.00    0.00    0.00    6.00    0.00    0.00    0.00    2.00
05時19分37秒    1   50.51    0.00   49.49    0.00    0.00    0.00    0.00    0.00    0.00    0.00

05時19分37秒  CPU    %usr   %nice    %sys %iowait    %irq   %soft  %steal  %guest  %gnice   %idle
05時19分38秒    0   62.00    0.00   31.00    0.00    0.00    7.00    0.00    0.00    0.00    0.00
05時19分38秒    1   57.84    0.00   40.20    0.00    0.98    0.98    0.00    0.00    0.00    0.00

05時19分38秒  CPU    %usr   %nice    %sys %iowait    %irq   %soft  %steal  %guest  %gnice   %idle
05時19分39秒    0   63.00    0.00   29.00    0.00    0.00    7.00    0.00    0.00    0.00    1.00
05時19分39秒    1   59.00    0.00   40.00    0.00    0.00    1.00    0.00    0.00    0.00    0.00

05時19分39秒  CPU    %usr   %nice    %sys %iowait    %irq   %soft  %steal  %guest  %gnice   %idle
05時19分40秒    0   62.63    0.00   29.29    0.00    0.00    7.07    0.00    0.00    0.00    1.01
05時19分40秒    1   56.00    0.00   43.00    0.00    0.00    1.00    0.00    0.00    0.00    0.00

05時19分40秒  CPU    %usr   %nice    %sys %iowait    %irq   %soft  %steal  %guest  %gnice   %idle
05時19分41秒    0   62.38    0.00   29.70    0.00    0.00    6.93    0.00    0.00    0.00    0.99
05時19分41秒    1   61.00    0.00   38.00    0.00    0.00    1.00    0.00    0.00    0.00    0.00

05時19分41秒  CPU    %usr   %nice    %sys %iowait    %irq   %soft  %steal  %guest  %gnice   %idle
05時19分42秒    0   64.00    0.00   28.00    0.00    0.00    7.00    0.00    0.00    0.00    1.00
05時19分42秒    1   54.55    0.00   45.45    0.00    0.00    0.00    0.00    0.00    0.00    0.00

05時19分42秒  CPU    %usr   %nice    %sys %iowait    %irq   %soft  %steal  %guest  %gnice   %idle
05時19分43秒    0   60.00    0.00   32.00    0.00    0.00    7.00    0.00    0.00    0.00    1.00
05時19分43秒    1   51.49    0.00   47.52    0.00    0.00    0.99    0.00    0.00    0.00    0.00

05時19分43秒  CPU    %usr   %nice    %sys %iowait    %irq   %soft  %steal  %guest  %gnice   %idle
05時19分44秒    0   62.63    0.00   30.30    0.00    0.00    7.07    0.00    0.00    0.00    0.00
05時19分44秒    1   57.00    0.00   42.00    0.00    0.00    1.00    0.00    0.00    0.00    0.00

05時19分44秒  CPU    %usr   %nice    %sys %iowait    %irq   %soft  %steal  %guest  %gnice   %idle
05時19分45秒    0   64.95    0.00   27.84    0.00    0.00    6.19    0.00    0.00    0.00    1.03
05時19分45秒    1   56.00    0.00   43.00    0.00    0.00    1.00    0.00    0.00    0.00    0.00

05時19分45秒  CPU    %usr   %nice    %sys %iowait    %irq   %soft  %steal  %guest  %gnice   %idle
05時19分46秒    0   61.62    0.00   28.28    0.00    0.00    7.07    0.00    0.00    0.00    3.03
05時19分46秒    1   55.56    0.00   42.42    0.00    0.00    1.01    0.00    0.00    0.00    1.01

05時19分46秒  CPU    %usr   %nice    %sys %iowait    %irq   %soft  %steal  %guest  %gnice   %idle
05時19分47秒    0   61.00    0.00   31.00    0.00    0.00    7.00    0.00    0.00    0.00    1.00
05時19分47秒    1   49.49    0.00   50.51    0.00    0.00    0.00    0.00    0.00    0.00    0.00

05時19分47秒  CPU    %usr   %nice    %sys %iowait    %irq   %soft  %steal  %guest  %gnice   %idle
05時19分48秒    0   66.67    0.00   25.25    0.00    0.00    7.07    0.00    0.00    0.00    1.01
05時19分48秒    1   58.59    0.00   39.39    0.00    0.00    1.01    0.00    0.00    0.00    1.01

05時19分48秒  CPU    %usr   %nice    %sys %iowait    %irq   %soft  %steal  %guest  %gnice   %idle
05時19分49秒    0   63.64    0.00   28.28    0.00    0.00    7.07    0.00    0.00    0.00    1.01
05時19分49秒    1   56.00    0.00   43.00    0.00    0.00    1.00    0.00    0.00    0.00    0.00

05時19分49秒  CPU    %usr   %nice    %sys %iowait    %irq   %soft  %steal  %guest  %gnice   %idle
05時19分50秒    0   64.65    0.00   28.28    0.00    0.00    7.07    0.00    0.00    0.00    0.00
05時19分50秒    1   52.48    0.00   46.53    0.00    0.00    0.99    0.00    0.00    0.00    0.00

05時19分50秒  CPU    %usr   %nice    %sys %iowait    %irq   %soft  %steal  %guest  %gnice   %idle
05時19分51秒    0   60.00    0.00   31.00    0.00    0.00    7.00    0.00    0.00    0.00    2.00
05時19分51秒    1   53.00    0.00   46.00    0.00    0.00    1.00    0.00    0.00    0.00    0.00

05時19分51秒  CPU    %usr   %nice    %sys %iowait    %irq   %soft  %steal  %guest  %gnice   %idle
05時19分52秒    0   63.00    0.00   30.00    0.00    0.00    6.00    0.00    0.00    0.00    1.00
05時19分52秒    1   58.59    0.00   41.41    0.00    0.00    0.00    0.00    0.00    0.00    0.00

05時19分52秒  CPU    %usr   %nice    %sys %iowait    %irq   %soft  %steal  %guest  %gnice   %idle
05時19分53秒    0   58.76    0.00   32.99    0.00    1.03    7.22    0.00    0.00    0.00    0.00
05時19分53秒    1   51.00    0.00   48.00    0.00    0.00    1.00    0.00    0.00    0.00    0.00

05時19分53秒  CPU    %usr   %nice    %sys %iowait    %irq   %soft  %steal  %guest  %gnice   %idle
05時19分54秒    0   57.43    0.00   34.65    0.00    0.00    6.93    0.00    0.00    0.00    0.99
05時19分54秒    1   54.46    0.00   44.55    0.00    0.00    0.99    0.00    0.00    0.00    0.00

05時19分54秒  CPU    %usr   %nice    %sys %iowait    %irq   %soft  %steal  %guest  %gnice   %idle
05時19分55秒    0   57.00    0.00   35.00    0.00    0.00    7.00    0.00    0.00    0.00    1.00
05時19分55秒    1   57.00    0.00   41.00    0.00    1.00    1.00    0.00    0.00    0.00    0.00

05時19分55秒  CPU    %usr   %nice    %sys %iowait    %irq   %soft  %steal  %guest  %gnice   %idle
05時19分56秒    0   63.37    0.00   28.71    0.00    0.00    6.93    0.00    0.00    0.00    0.99
05時19分56秒    1   50.00    0.00   49.00    0.00    0.00    1.00    0.00    0.00    0.00    0.00

05時19分56秒  CPU    %usr   %nice    %sys %iowait    %irq   %soft  %steal  %guest  %gnice   %idle
05時19分57秒    0   61.62    0.00   30.30    0.00    0.00    6.06    0.00    0.00    0.00    2.02
05時19分57秒    1   55.00    0.00   40.00    0.00    0.00    1.00    0.00    0.00    0.00    4.00

05時19分57秒  CPU    %usr   %nice    %sys %iowait    %irq   %soft  %steal  %guest  %gnice   %idle
05時19分58秒    0   63.37    0.00   28.71    0.00    0.00    6.93    0.00    0.00    0.00    0.99
05時19分58秒    1   54.00    0.00   45.00    0.00    0.00    1.00    0.00    0.00    0.00    0.00

05時19分58秒  CPU    %usr   %nice    %sys %iowait    %irq   %soft  %steal  %guest  %gnice   %idle
05時19分59秒    0   64.29    0.00   28.57    0.00    0.00    7.14    0.00    0.00    0.00    0.00
05時19分59秒    1   55.00    0.00   44.00    0.00    0.00    1.00    0.00    0.00    0.00    0.00

05時19分59秒  CPU    %usr   %nice    %sys %iowait    %irq   %soft  %steal  %guest  %gnice   %idle
05時20分00秒    0   63.00    0.00   29.00    0.00    0.00    7.00    0.00    0.00    0.00    1.00
05時20分00秒    1   55.56    0.00   43.43    0.00    0.00    1.01    0.00    0.00    0.00    0.00

05時20分00秒  CPU    %usr   %nice    %sys %iowait    %irq   %soft  %steal  %guest  %gnice   %idle
05時20分01秒    0   66.00    0.00   27.00    0.00    0.00    7.00    0.00    0.00    0.00    0.00
05時20分01秒    1   55.45    0.00   43.56    0.00    0.00    0.99    0.00    0.00    0.00    0.00

05時20分01秒  CPU    %usr   %nice    %sys %iowait    %irq   %soft  %steal  %guest  %gnice   %idle
05時20分02秒    0   64.65    0.00   26.26    0.00    0.00    7.07    0.00    0.00    0.00    2.02
05時20分02秒    1   54.08    0.00   45.92    0.00    0.00    0.00    0.00    0.00    0.00    0.00

05時20分02秒  CPU    %usr   %nice    %sys %iowait    %irq   %soft  %steal  %guest  %gnice   %idle
05時20分03秒    0   60.82    0.00   32.99    0.00    0.00    6.19    0.00    0.00    0.00    0.00
05時20分03秒    1   56.44    0.00   42.57    0.00    0.00    0.99    0.00    0.00    0.00    0.00

05時20分03秒  CPU    %usr   %nice    %sys %iowait    %irq   %soft  %steal  %guest  %gnice   %idle
05時20分04秒    0   65.00    0.00   27.00    0.00    0.00    7.00    0.00    0.00    0.00    1.00
05時20分04秒    1   53.54    0.00   45.45    0.00    0.00    1.01    0.00    0.00    0.00    0.00

05時20分04秒  CPU    %usr   %nice    %sys %iowait    %irq   %soft  %steal  %guest  %gnice   %idle
05時20分05秒    0   61.00    0.00   31.00    0.00    0.00    7.00    0.00    0.00    0.00    1.00
05時20分05秒    1   57.43    0.00   41.58    0.00    0.00    0.99    0.00    0.00    0.00    0.00

05時20分05秒  CPU    %usr   %nice    %sys %iowait    %irq   %soft  %steal  %guest  %gnice   %idle
05時20分06秒    0   61.00    0.00   31.00    0.00    0.00    7.00    0.00    0.00    0.00    1.00
05時20分06秒    1   52.00    0.00   47.00    0.00    0.00    1.00    0.00    0.00    0.00    0.00

05時20分06秒  CPU    %usr   %nice    %sys %iowait    %irq   %soft  %steal  %guest  %gnice   %idle
05時20分07秒    0   62.00    0.00   30.00    0.00    0.00    7.00    0.00    0.00    0.00    1.00
05時20分07秒    1   57.00    0.00   42.00    0.00    0.00    1.00    0.00    0.00    0.00    0.00

05時20分07秒  CPU    %usr   %nice    %sys %iowait    %irq   %soft  %steal  %guest  %gnice   %idle
05時20分08秒    0   59.41    0.00   32.67    0.00    0.00    6.93    0.00    0.00    0.00    0.99
05時20分08秒    1   56.00    0.00   43.00    0.00    0.00    1.00    0.00    0.00    0.00    0.00

05時20分08秒  CPU    %usr   %nice    %sys %iowait    %irq   %soft  %steal  %guest  %gnice   %idle
05時20分09秒    0   66.33    0.00   26.53    0.00    0.00    6.12    0.00    0.00    0.00    1.02
05時20分09秒    1   55.00    0.00   44.00    0.00    0.00    1.00    0.00    0.00    0.00    0.00

05時20分09秒  CPU    %usr   %nice    %sys %iowait    %irq   %soft  %steal  %guest  %gnice   %idle
05時20分10秒    0   60.00    0.00   31.00    0.00    1.00    7.00    0.00    0.00    0.00    1.00
05時20分10秒    1   51.00    0.00   48.00    0.00    0.00    1.00    0.00    0.00    0.00    0.00

05時20分10秒  CPU    %usr   %nice    %sys %iowait    %irq   %soft  %steal  %guest  %gnice   %idle
05時20分11秒    0   64.00    0.00   28.00    0.00    0.00    7.00    0.00    0.00    0.00    1.00
05時20分11秒    1   55.00    0.00   44.00    0.00    1.00    0.00    0.00    0.00    0.00    0.00

05時20分11秒  CPU    %usr   %nice    %sys %iowait    %irq   %soft  %steal  %guest  %gnice   %idle
05時20分12秒    0   62.38    0.00   29.70    0.00    0.00    6.93    0.00    0.00    0.00    0.99
05時20分12秒    1   58.00    0.00   41.00    0.00    0.00    1.00    0.00    0.00    0.00    0.00

05時20分12秒  CPU    %usr   %nice    %sys %iowait    %irq   %soft  %steal  %guest  %gnice   %idle
05時20分13秒    0   63.00    0.00   29.00    0.00    0.00    7.00    0.00    0.00    0.00    1.00
05時20分13秒    1   54.46    0.00   44.55    0.00    0.00    0.99    0.00    0.00    0.00    0.00

05時20分13秒  CPU    %usr   %nice    %sys %iowait    %irq   %soft  %steal  %guest  %gnice   %idle
05時20分14秒    0   59.18    0.00   32.65    0.00    0.00    7.14    0.00    0.00    0.00    1.02
05時20分14秒    1   57.00    0.00   41.00    0.00    0.00    1.00    0.00    0.00    0.00    1.00

05時20分14秒  CPU    %usr   %nice    %sys %iowait    %irq   %soft  %steal  %guest  %gnice   %idle
05時20分15秒    0   62.63    0.00   30.30    0.00    0.00    6.06    0.00    0.00    0.00    1.01
05時20分15秒    1   55.56    0.00   43.43    0.00    0.00    1.01    0.00    0.00    0.00    0.00

05時20分15秒  CPU    %usr   %nice    %sys %iowait    %irq   %soft  %steal  %guest  %gnice   %idle
05時20分16秒    0   62.00    0.00   30.00    0.00    0.00    7.00    0.00    0.00    0.00    1.00
05時20分16秒    1   51.00    0.00   48.00    0.00    0.00    1.00    0.00    0.00    0.00    0.00

05時20分16秒  CPU    %usr   %nice    %sys %iowait    %irq   %soft  %steal  %guest  %gnice   %idle
05時20分17秒    0   56.00    0.00   36.00    0.00    0.00    7.00    0.00    0.00    0.00    1.00
05時20分17秒    1   55.56    0.00   44.44    0.00    0.00    0.00    0.00    0.00    0.00    0.00

05時20分17秒  CPU    %usr   %nice    %sys %iowait    %irq   %soft  %steal  %guest  %gnice   %idle
05時20分18秒    0   58.00    0.00   34.00    0.00    0.00    7.00    0.00    0.00    0.00    1.00
05時20分18秒    1   58.42    0.00   40.59    0.00    0.00    0.99    0.00    0.00    0.00    0.00

05時20分18秒  CPU    %usr   %nice    %sys %iowait    %irq   %soft  %steal  %guest  %gnice   %idle
05時20分19秒    0   61.62    0.00   31.31    0.00    0.00    7.07    0.00    0.00    0.00    0.00
05時20分19秒    1   53.00    0.00   45.00    0.00    1.00    1.00    0.00    0.00    0.00    0.00

05時20分19秒  CPU    %usr   %nice    %sys %iowait    %irq   %soft  %steal  %guest  %gnice   %idle
05時20分20秒    0   59.00    0.00   31.00    0.00    0.00    7.00    0.00    0.00    0.00    3.00
05時20分20秒    1   52.00    0.00   46.00    0.00    0.00    1.00    0.00    0.00    0.00    1.00

05時20分20秒  CPU    %usr   %nice    %sys %iowait    %irq   %soft  %steal  %guest  %gnice   %idle
05時20分21秒    0   61.00    0.00   32.00    0.00    0.00    6.00    0.00    0.00    0.00    1.00
05時20分21秒    1   58.00    0.00   41.00    0.00    0.00    1.00    0.00    0.00    0.00    0.00

05時20分21秒  CPU    %usr   %nice    %sys %iowait    %irq   %soft  %steal  %guest  %gnice   %idle
05時20分22秒    0   61.62    0.00   31.31    0.00    0.00    7.07    0.00    0.00    0.00    0.00
05時20分22秒    1   56.00    0.00   43.00    0.00    0.00    1.00    0.00    0.00    0.00    0.00

05時20分22秒  CPU    %usr   %nice    %sys %iowait    %irq   %soft  %steal  %guest  %gnice   %idle
05時20分23秒    0   59.60    0.00   31.31    0.00    0.00    7.07    0.00    0.00    0.00    2.02
05時20分23秒    1   51.00    0.00   48.00    0.00    0.00    1.00    0.00    0.00    0.00    0.00

05時20分23秒  CPU    %usr   %nice    %sys %iowait    %irq   %soft  %steal  %guest  %gnice   %idle
05時20分24秒    0   63.00    0.00   30.00    0.00    0.00    7.00    0.00    0.00    0.00    0.00
05時20分24秒    1   53.00    0.00   46.00    0.00    0.00    1.00    0.00    0.00    0.00    0.00

05時20分24秒  CPU    %usr   %nice    %sys %iowait    %irq   %soft  %steal  %guest  %gnice   %idle
05時20分25秒    0   60.00    0.00   32.00    0.00    0.00    7.00    0.00    0.00    0.00    1.00
05時20分25秒    1   55.00    0.00   44.00    0.00    0.00    1.00    0.00    0.00    0.00    0.00

05時20分25秒  CPU    %usr   %nice    %sys %iowait    %irq   %soft  %steal  %guest  %gnice   %idle
05時20分26秒    0   61.62    0.00   30.30    0.00    0.00    7.07    0.00    0.00    0.00    1.01
05時20分26秒    1   49.49    0.00   50.51    0.00    0.00    0.00    0.00    0.00    0.00    0.00

05時20分26秒  CPU    %usr   %nice    %sys %iowait    %irq   %soft  %steal  %guest  %gnice   %idle
05時20分27秒    0   58.42    0.00   32.67    0.00    0.99    6.93    0.00    0.00    0.00    0.99
05時20分27秒    1   57.58    0.00   41.41    0.00    0.00    1.01    0.00    0.00    0.00    0.00

05時20分27秒  CPU    %usr   %nice    %sys %iowait    %irq   %soft  %steal  %guest  %gnice   %idle
05時20分28秒    0   60.20    0.00   32.65    0.00    0.00    6.12    0.00    0.00    0.00    1.02
05時20分28秒    1   50.00    0.00   49.00    0.00    0.00    1.00    0.00    0.00    0.00    0.00

05時20分28秒  CPU    %usr   %nice    %sys %iowait    %irq   %soft  %steal  %guest  %gnice   %idle
05時20分29秒    0   58.42    0.00   33.66    0.00    0.00    6.93    0.00    0.00    0.00    0.99
05時20分29秒    1   52.00    0.00   47.00    0.00    0.00    1.00    0.00    0.00    0.00    0.00

05時20分29秒  CPU    %usr   %nice    %sys %iowait    %irq   %soft  %steal  %guest  %gnice   %idle
05時20分30秒    0   64.65    0.00   27.27    0.00    0.00    7.07    0.00    0.00    0.00    1.01
05時20分30秒    1   52.00    0.00   47.00    0.00    0.00    1.00    0.00    0.00    0.00    0.00

05時20分30秒  CPU    %usr   %nice    %sys %iowait    %irq   %soft  %steal  %guest  %gnice   %idle
05時20分31秒    0   32.00    0.00   14.00    0.00    0.00    4.00    0.00    0.00    0.00   50.00
05時20分31秒    1   64.36    0.00   32.67    0.00    0.99    1.98    0.00    0.00    0.00    0.00

05時20分31秒  CPU    %usr   %nice    %sys %iowait    %irq   %soft  %steal  %guest  %gnice   %idle
05時20分32秒    0   43.30    0.00   18.56    0.00    0.00    4.12    0.00    0.00    0.00   34.02
05時20分32秒    1   68.37    0.00   23.47    0.00    0.00    3.06    0.00    0.00    0.00    5.10

05時20分32秒  CPU    %usr   %nice    %sys %iowait    %irq   %soft  %steal  %guest  %gnice   %idle
05時20分33秒    0   62.63    0.00   29.29    0.00    0.00    7.07    0.00    0.00    0.00    1.01
05時20分33秒    1   54.00    0.00   45.00    0.00    0.00    1.00    0.00    0.00    0.00    0.00

05時20分33秒  CPU    %usr   %nice    %sys %iowait    %irq   %soft  %steal  %guest  %gnice   %idle
05時20分34秒    0   66.00    0.00   26.00    0.00    0.00    7.00    0.00    0.00    0.00    1.00
05時20分34秒    1   53.00    0.00   46.00    0.00    0.00    1.00    0.00    0.00    0.00    0.00

05時20分34秒  CPU    %usr   %nice    %sys %iowait    %irq   %soft  %steal  %guest  %gnice   %idle
05時20分35秒    0   65.00    0.00   27.00    0.00    0.00    7.00    0.00    0.00    0.00    1.00
05時20分35秒    1   54.46    0.00   44.55    0.00    0.00    0.99    0.00    0.00    0.00    0.00

05時20分35秒  CPU    %usr   %nice    %sys %iowait    %irq   %soft  %steal  %guest  %gnice   %idle
05時20分36秒    0   64.29    0.00   28.57    0.00    0.00    7.14    0.00    0.00    0.00    0.00
05時20分36秒    1   55.00    0.00   44.00    0.00    0.00    1.00    0.00    0.00    0.00    0.00

05時20分36秒  CPU    %usr   %nice    %sys %iowait    %irq   %soft  %steal  %guest  %gnice   %idle
05時20分37秒    0   62.00    0.00   30.00    0.00    0.00    7.00    0.00    0.00    0.00    1.00
05時20分37秒    1   56.57    0.00   43.43    0.00    0.00    0.00    0.00    0.00    0.00    0.00

05時20分37秒  CPU    %usr   %nice    %sys %iowait    %irq   %soft  %steal  %guest  %gnice   %idle
05時20分38秒    0   60.00    0.00   32.00    0.00    0.00    7.00    0.00    0.00    0.00    1.00
05時20分38秒    1   54.00    0.00   45.00    0.00    0.00    1.00    0.00    0.00    0.00    0.00

05時20分38秒  CPU    %usr   %nice    %sys %iowait    %irq   %soft  %steal  %guest  %gnice   %idle
05時20分39秒    0   66.33    0.00   26.53    0.00    0.00    6.12    0.00    0.00    0.00    1.02
05時20分39秒    1   54.00    0.00   45.00    0.00    0.00    1.00    0.00    0.00    0.00    0.00

05時20分39秒  CPU    %usr   %nice    %sys %iowait    %irq   %soft  %steal  %guest  %gnice   %idle
05時20分40秒    0   60.61    0.00   31.31    0.00    0.00    7.07    0.00    0.00    0.00    1.01
05時20分40秒    1   53.00    0.00   46.00    0.00    0.00    1.00    0.00    0.00    0.00    0.00

05時20分40秒  CPU    %usr   %nice    %sys %iowait    %irq   %soft  %steal  %guest  %gnice   %idle
05時20分41秒    0   67.00    0.00   25.00    0.00    0.00    7.00    0.00    0.00    0.00    1.00
05時20分41秒    1   53.00    0.00   46.00    0.00    0.00    1.00    0.00    0.00    0.00    0.00

05時20分41秒  CPU    %usr   %nice    %sys %iowait    %irq   %soft  %steal  %guest  %gnice   %idle
05時20分42秒    0   63.27    0.00   28.57    0.00    0.00    7.14    0.00    0.00    0.00    1.02
05時20分42秒    1   55.00    0.00   45.00    0.00    0.00    0.00    0.00    0.00    0.00    0.00

05時20分42秒  CPU    %usr   %nice    %sys %iowait    %irq   %soft  %steal  %guest  %gnice   %idle
05時20分43秒    0   67.00    0.00   25.00    0.00    0.00    7.00    0.00    0.00    0.00    1.00
05時20分43秒    1   54.00    0.00   45.00    0.00    0.00    1.00    0.00    0.00    0.00    0.00

05時20分43秒  CPU    %usr   %nice    %sys %iowait    %irq   %soft  %steal  %guest  %gnice   %idle
05時20分44秒    0   72.00    0.00   20.00    0.00    0.00    7.00    0.00    0.00    0.00    1.00
05時20分44秒    1   58.00    0.00   41.00    0.00    0.00    1.00    0.00    0.00    0.00    0.00

05時20分44秒  CPU    %usr   %nice    %sys %iowait    %irq   %soft  %steal  %guest  %gnice   %idle
05時20分45秒    0   67.00    0.00   25.00    0.00    1.00    6.00    0.00    0.00    0.00    1.00
05時20分45秒    1   58.00    0.00   41.00    0.00    0.00    1.00    0.00    0.00    0.00    0.00

05時20分45秒  CPU    %usr   %nice    %sys %iowait    %irq   %soft  %steal  %guest  %gnice   %idle
05時20分46秒    0   64.36    0.00   27.72    0.00    0.00    6.93    0.00    0.00    0.00    0.99
05時20分46秒    1   53.47    0.00   45.54    0.00    0.00    0.99    0.00    0.00    0.00    0.00

05時20分46秒  CPU    %usr   %nice    %sys %iowait    %irq   %soft  %steal  %guest  %gnice   %idle
05時20分47秒    0   66.33    0.00   26.53    0.00    0.00    7.14    0.00    0.00    0.00    0.00
05時20分47秒    1   53.06    0.00   46.94    0.00    0.00    0.00    0.00    0.00    0.00    0.00

05時20分47秒  CPU    %usr   %nice    %sys %iowait    %irq   %soft  %steal  %guest  %gnice   %idle
05時20分48秒    0   61.00    0.00   31.00    0.00    0.00    7.00    0.00    0.00    0.00    1.00
05時20分48秒    1   52.48    0.00   45.54    0.00    0.99    0.99    0.00    0.00    0.00    0.00

05時20分48秒  CPU    %usr   %nice    %sys %iowait    %irq   %soft  %steal  %guest  %gnice   %idle
05時20分49秒    0   62.00    0.00   30.00    0.00    0.00    7.00    0.00    0.00    0.00    1.00
05時20分49秒    1   59.41    0.00   39.60    0.00    0.00    0.99    0.00    0.00    0.00    0.00

05時20分49秒  CPU    %usr   %nice    %sys %iowait    %irq   %soft  %steal  %guest  %gnice   %idle
05時20分50秒    0   66.67    0.00   25.25    0.00    0.00    7.07    0.00    0.00    0.00    1.01
05時20分50秒    1   55.00    0.00   44.00    0.00    0.00    1.00    0.00    0.00    0.00    0.00

05時20分50秒  CPU    %usr   %nice    %sys %iowait    %irq   %soft  %steal  %guest  %gnice   %idle
05時20分51秒    0   62.00    0.00   31.00    0.00    0.00    6.00    0.00    0.00    0.00    1.00
05時20分51秒    1   50.00    0.00   49.00    0.00    0.00    1.00    0.00    0.00    0.00    0.00

05時20分51秒  CPU    %usr   %nice    %sys %iowait    %irq   %soft  %steal  %guest  %gnice   %idle
05時20分52秒    0   59.79    0.00   32.99    0.00    0.00    7.22    0.00    0.00    0.00    0.00
05時20分52秒    1   54.55    0.00   45.45    0.00    0.00    0.00    0.00    0.00    0.00    0.00

05時20分52秒  CPU    %usr   %nice    %sys %iowait    %irq   %soft  %steal  %guest  %gnice   %idle
05時20分53秒    0   60.40    0.00   30.69    0.00    0.00    6.93    0.00    0.00    0.00    1.98
05時20分53秒    1   59.00    0.00   40.00    0.00    0.00    1.00    0.00    0.00    0.00    0.00

05時20分53秒  CPU    %usr   %nice    %sys %iowait    %irq   %soft  %steal  %guest  %gnice   %idle
05時20分54秒    0   59.00    0.00   33.00    0.00    0.00    7.00    0.00    0.00    0.00    1.00
05時20分54秒    1   52.48    0.00   46.53    0.00    0.00    0.99    0.00    0.00    0.00    0.00

05時20分54秒  CPU    %usr   %nice    %sys %iowait    %irq   %soft  %steal  %guest  %gnice   %idle
05時20分55秒    0   61.62    0.00   31.31    0.00    0.00    7.07    0.00    0.00    0.00    0.00
05時20分55秒    1   50.00    0.00   49.00    0.00    0.00    1.00    0.00    0.00    0.00    0.00

05時20分55秒  CPU    %usr   %nice    %sys %iowait    %irq   %soft  %steal  %guest  %gnice   %idle
05時20分56秒    0   62.24    0.00   29.59    0.00    0.00    6.12    0.00    0.00    0.00    2.04
05時20分56秒    1   54.08    0.00   41.84    0.00    0.00    1.02    0.00    0.00    0.00    3.06

05時20分56秒  CPU    %usr   %nice    %sys %iowait    %irq   %soft  %steal  %guest  %gnice   %idle
05時20分57秒    0   54.37    0.00   29.13    0.00    0.00    5.83    0.00    0.00    0.00   10.68
05時20分57秒    1   48.94    0.00   29.79    0.00    0.00    2.13    0.00    0.00    0.00   19.15

05時20分57秒  CPU    %usr   %nice    %sys %iowait    %irq   %soft  %steal  %guest  %gnice   %idle
05時20分58秒    0   58.76    0.00   29.90    0.00    0.00    5.15    0.00    0.00    0.00    6.19
05時20分58秒    1   49.46    0.00   20.43    0.00    0.00    2.15    0.00    0.00    0.00   27.96

05時20分58秒  CPU    %usr   %nice    %sys %iowait    %irq   %soft  %steal  %guest  %gnice   %idle
05時20分59秒    0   57.00    0.00   30.00    0.00    0.00    6.00    0.00    0.00    0.00    7.00
05時20分59秒    1   46.81    0.00   25.53    0.00    0.00    3.19    0.00    0.00    0.00   24.47

平均時間：  CPU    %usr   %nice    %sys %iowait    %irq   %soft  %steal  %guest  %gnice   %idle
平均時間：    0   61.64    0.00   29.15    0.00    0.06    6.72    0.00    0.00    0.00    2.43
平均時間：    1   54.44    0.00   42.70    0.00    0.07    1.01    0.00    0.00    0.00    1.79
