Linux 5.6.15-arch1-1 (archlinux) 	西元2020年06月29日 	_x86_64_	(12 CPU)

05時11分07秒  CPU    %usr   %nice    %sys %iowait    %irq   %soft  %steal  %guest  %gnice   %idle
05時11分08秒    0   54.08    0.00   37.76    0.00    0.00    8.16    0.00    0.00    0.00    0.00
05時11分08秒    1   56.57    0.00   43.43    0.00    0.00    0.00    0.00    0.00    0.00    0.00

05時11分08秒  CPU    %usr   %nice    %sys %iowait    %irq   %soft  %steal  %guest  %gnice   %idle
05時11分09秒    0   59.00    0.00   33.00    0.00    0.00    7.00    0.00    0.00    0.00    1.00
05時11分09秒    1   51.00    0.00   48.00    0.00    0.00    1.00    0.00    0.00    0.00    0.00

05時11分09秒  CPU    %usr   %nice    %sys %iowait    %irq   %soft  %steal  %guest  %gnice   %idle
05時11分10秒    0   53.00    0.00   39.00    0.00    0.00    8.00    0.00    0.00    0.00    0.00
05時11分10秒    1   55.45    0.00   43.56    0.00    0.00    0.99    0.00    0.00    0.00    0.00

05時11分10秒  CPU    %usr   %nice    %sys %iowait    %irq   %soft  %steal  %guest  %gnice   %idle
05時11分11秒    0   53.54    0.00   39.39    0.00    0.00    7.07    0.00    0.00    0.00    0.00
05時11分11秒    1   57.58    0.00   40.40    0.00    0.00    1.01    0.00    0.00    0.00    1.01

05時11分11秒  CPU    %usr   %nice    %sys %iowait    %irq   %soft  %steal  %guest  %gnice   %idle
05時11分12秒    0   50.50    0.00   40.59    0.00    0.00    7.92    0.00    0.00    0.00    0.99
05時11分12秒    1   52.00    0.00   48.00    0.00    0.00    0.00    0.00    0.00    0.00    0.00

05時11分12秒  CPU    %usr   %nice    %sys %iowait    %irq   %soft  %steal  %guest  %gnice   %idle
05時11分13秒    0   54.46    0.00   37.62    0.00    0.00    7.92    0.00    0.00    0.00    0.00
05時11分13秒    1   51.00    0.00   48.00    0.00    0.00    1.00    0.00    0.00    0.00    0.00

05時11分13秒  CPU    %usr   %nice    %sys %iowait    %irq   %soft  %steal  %guest  %gnice   %idle
05時11分14秒    0   51.52    0.00   41.41    0.00    0.00    7.07    0.00    0.00    0.00    0.00
05時11分14秒    1   56.57    0.00   40.40    0.00    0.00    1.01    0.00    0.00    0.00    2.02

05時11分14秒  CPU    %usr   %nice    %sys %iowait    %irq   %soft  %steal  %guest  %gnice   %idle
05時11分15秒    0   51.49    0.00   38.61    0.00    0.00    7.92    0.00    0.00    0.00    1.98
05時11分15秒    1   55.00    0.00   44.00    0.00    0.00    1.00    0.00    0.00    0.00    0.00

05時11分15秒  CPU    %usr   %nice    %sys %iowait    %irq   %soft  %steal  %guest  %gnice   %idle
05時11分16秒    0   55.00    0.00   36.00    0.00    1.00    8.00    0.00    0.00    0.00    0.00
05時11分16秒    1   57.00    0.00   42.00    0.00    0.00    1.00    0.00    0.00    0.00    0.00

05時11分16秒  CPU    %usr   %nice    %sys %iowait    %irq   %soft  %steal  %guest  %gnice   %idle
05時11分17秒    0   57.58    0.00   34.34    0.00    0.00    7.07    0.00    0.00    0.00    1.01
05時11分17秒    1   51.00    0.00   48.00    0.00    0.00    1.00    0.00    0.00    0.00    0.00

05時11分17秒  CPU    %usr   %nice    %sys %iowait    %irq   %soft  %steal  %guest  %gnice   %idle
05時11分18秒    0   51.00    0.00   41.00    0.00    0.00    8.00    0.00    0.00    0.00    0.00
05時11分18秒    1   58.59    0.00   41.41    0.00    0.00    0.00    0.00    0.00    0.00    0.00

05時11分18秒  CPU    %usr   %nice    %sys %iowait    %irq   %soft  %steal  %guest  %gnice   %idle
05時11分19秒    0   53.00    0.00   36.00    0.00    0.00    7.00    0.00    0.00    0.00    4.00
05時11分19秒    1   56.00    0.00   37.00    0.00    0.00    2.00    0.00    0.00    0.00    5.00

05時11分19秒  CPU    %usr   %nice    %sys %iowait    %irq   %soft  %steal  %guest  %gnice   %idle
05時11分20秒    0   49.49    0.00   39.39    0.00    0.00    8.08    0.00    0.00    0.00    3.03
05時11分20秒    1   45.65    0.00   20.65    0.00    0.00    2.17    0.00    0.00    0.00   31.52

05時11分20秒  CPU    %usr   %nice    %sys %iowait    %irq   %soft  %steal  %guest  %gnice   %idle
05時11分21秒    0   53.47    0.00   34.65    0.00    0.00    6.93    0.00    0.00    0.00    4.95
05時11分21秒    1   53.61    0.00   32.99    0.00    0.00    2.06    0.00    0.00    0.00   11.34

05時11分21秒  CPU    %usr   %nice    %sys %iowait    %irq   %soft  %steal  %guest  %gnice   %idle
05時11分22秒    0   53.00    0.00   38.00    0.00    0.00    8.00    0.00    0.00    0.00    1.00
05時11分22秒    1   59.00    0.00   40.00    0.00    0.00    1.00    0.00    0.00    0.00    0.00

05時11分22秒  CPU    %usr   %nice    %sys %iowait    %irq   %soft  %steal  %guest  %gnice   %idle
05時11分23秒    0   54.46    0.00   37.62    0.00    0.00    7.92    0.00    0.00    0.00    0.00
05時11分23秒    1   58.00    0.00   41.00    0.00    0.00    1.00    0.00    0.00    0.00    0.00

05時11分23秒  CPU    %usr   %nice    %sys %iowait    %irq   %soft  %steal  %guest  %gnice   %idle
05時11分24秒    0   52.58    0.00   40.21    0.00    0.00    7.22    0.00    0.00    0.00    0.00
05時11分24秒    1   57.43    0.00   40.59    0.00    0.99    0.99    0.00    0.00    0.00    0.00

05時11分24秒  CPU    %usr   %nice    %sys %iowait    %irq   %soft  %steal  %guest  %gnice   %idle
05時11分25秒    0   53.92    0.00   37.25    0.00    0.00    7.84    0.00    0.00    0.00    0.98
05時11分25秒    1   55.00    0.00   44.00    0.00    0.00    1.00    0.00    0.00    0.00    0.00

05時11分25秒  CPU    %usr   %nice    %sys %iowait    %irq   %soft  %steal  %guest  %gnice   %idle
05時11分26秒    0   54.55    0.00   38.38    0.00    0.00    7.07    0.00    0.00    0.00    0.00
05時11分26秒    1   54.00    0.00   45.00    0.00    0.00    1.00    0.00    0.00    0.00    0.00

05時11分26秒  CPU    %usr   %nice    %sys %iowait    %irq   %soft  %steal  %guest  %gnice   %idle
05時11分27秒    0   52.00    0.00   40.00    0.00    0.00    8.00    0.00    0.00    0.00    0.00
05時11分27秒    1   61.62    0.00   38.38    0.00    0.00    0.00    0.00    0.00    0.00    0.00

05時11分27秒  CPU    %usr   %nice    %sys %iowait    %irq   %soft  %steal  %guest  %gnice   %idle
05時11分28秒    0   52.00    0.00   41.00    0.00    0.00    7.00    0.00    0.00    0.00    0.00
05時11分28秒    1   54.46    0.00   44.55    0.00    0.00    0.99    0.00    0.00    0.00    0.00

05時11分28秒  CPU    %usr   %nice    %sys %iowait    %irq   %soft  %steal  %guest  %gnice   %idle
05時11分29秒    0   50.51    0.00   41.41    0.00    0.00    8.08    0.00    0.00    0.00    0.00
05時11分29秒    1   61.00    0.00   38.00    0.00    0.00    1.00    0.00    0.00    0.00    0.00

05時11分29秒  CPU    %usr   %nice    %sys %iowait    %irq   %soft  %steal  %guest  %gnice   %idle
05時11分30秒    0   54.55    0.00   37.37    0.00    0.00    7.07    0.00    0.00    0.00    1.01
05時11分30秒    1   52.53    0.00   46.46    0.00    0.00    1.01    0.00    0.00    0.00    0.00

05時11分30秒  CPU    %usr   %nice    %sys %iowait    %irq   %soft  %steal  %guest  %gnice   %idle
05時11分31秒    0   55.88    0.00   34.31    0.00    0.00    7.84    0.00    0.00    0.00    1.96
05時11分31秒    1   61.62    0.00   35.35    0.00    0.00    1.01    0.00    0.00    0.00    2.02

05時11分31秒  CPU    %usr   %nice    %sys %iowait    %irq   %soft  %steal  %guest  %gnice   %idle
05時11分32秒    0   56.00    0.00   33.00    0.00    0.00    7.00    0.00    0.00    0.00    4.00
05時11分32秒    1   51.06    0.00   21.28    0.00    0.00    3.19    0.00    0.00    0.00   24.47

05時11分32秒  CPU    %usr   %nice    %sys %iowait    %irq   %soft  %steal  %guest  %gnice   %idle
05時11分33秒    0   53.40    0.00   34.95    0.00    0.97    7.77    0.00    0.00    0.00    2.91
05時11分33秒    1   42.39    0.00   23.91    0.00    0.00    4.35    0.00    0.00    0.00   29.35

05時11分33秒  CPU    %usr   %nice    %sys %iowait    %irq   %soft  %steal  %guest  %gnice   %idle
05時11分34秒    0   53.92    0.00   35.29    0.00    0.00    6.86    0.00    0.00    0.00    3.92
05時11分34秒    1   45.74    0.00   24.47    0.00    0.00    2.13    0.00    0.00    0.00   27.66

05時11分34秒  CPU    %usr   %nice    %sys %iowait    %irq   %soft  %steal  %guest  %gnice   %idle
05時11分35秒    0   50.51    0.00   39.39    0.00    0.00    8.08    0.00    0.00    0.00    2.02
05時11分35秒    1   44.21    0.00   25.26    0.00    0.00    3.16    0.00    0.00    0.00   27.37

05時11分35秒  CPU    %usr   %nice    %sys %iowait    %irq   %soft  %steal  %guest  %gnice   %idle
05時11分36秒    0   51.02    0.00   39.80    0.00    0.00    7.14    0.00    0.00    0.00    2.04
05時11分36秒    1   45.74    0.00   23.40    0.00    0.00    3.19    0.00    0.00    0.00   27.66

05時11分36秒  CPU    %usr   %nice    %sys %iowait    %irq   %soft  %steal  %guest  %gnice   %idle
05時11分37秒    0   51.49    0.00   37.62    0.00    0.00    7.92    0.00    0.00    0.00    2.97
05時11分37秒    1   45.65    0.00   22.83    0.00    0.00    2.17    0.00    0.00    0.00   29.35

05時11分37秒  CPU    %usr   %nice    %sys %iowait    %irq   %soft  %steal  %guest  %gnice   %idle
05時11分38秒    0   53.06    0.00   37.76    0.00    0.00    7.14    0.00    0.00    0.00    2.04
05時11分38秒    1   41.05    0.00   26.32    0.00    0.00    3.16    0.00    0.00    0.00   29.47

05時11分38秒  CPU    %usr   %nice    %sys %iowait    %irq   %soft  %steal  %guest  %gnice   %idle
05時11分39秒    0   53.47    0.00   35.64    0.00    0.00    7.92    0.00    0.00    0.00    2.97
05時11分39秒    1   45.16    0.00   23.66    0.00    0.00    2.15    0.00    0.00    0.00   29.03

05時11分39秒  CPU    %usr   %nice    %sys %iowait    %irq   %soft  %steal  %guest  %gnice   %idle
05時11分40秒    0   54.46    0.00   35.64    0.00    0.00    7.92    0.00    0.00    0.00    1.98
05時11分40秒    1   46.24    0.00   22.58    0.00    0.00    3.23    0.00    0.00    0.00   27.96

05時11分40秒  CPU    %usr   %nice    %sys %iowait    %irq   %soft  %steal  %guest  %gnice   %idle
05時11分41秒    0   49.49    0.00   33.33    0.00    0.00    7.07    0.00    0.00    0.00   10.10
05時11分41秒    1   45.16    0.00   26.88    0.00    0.00    2.15    0.00    0.00    0.00   25.81

05時11分41秒  CPU    %usr   %nice    %sys %iowait    %irq   %soft  %steal  %guest  %gnice   %idle
05時11分42秒    0   53.54    0.00   38.38    0.00    0.00    7.07    0.00    0.00    0.00    1.01
05時11分42秒    1   49.00    0.00   43.00    0.00    1.00    1.00    0.00    0.00    0.00    6.00

05時11分42秒  CPU    %usr   %nice    %sys %iowait    %irq   %soft  %steal  %guest  %gnice   %idle
05時11分43秒    0   58.82    0.00   32.35    0.00    0.00    7.84    0.00    0.00    0.00    0.98
05時11分43秒    1   52.00    0.00   47.00    0.00    0.00    1.00    0.00    0.00    0.00    0.00

05時11分43秒  CPU    %usr   %nice    %sys %iowait    %irq   %soft  %steal  %guest  %gnice   %idle
05時11分44秒    0   54.55    0.00   38.38    0.00    0.00    7.07    0.00    0.00    0.00    0.00
05時11分44秒    1   54.00    0.00   45.00    0.00    0.00    1.00    0.00    0.00    0.00    0.00

05時11分44秒  CPU    %usr   %nice    %sys %iowait    %irq   %soft  %steal  %guest  %gnice   %idle
05時11分45秒    0   51.00    0.00   42.00    0.00    0.00    7.00    0.00    0.00    0.00    0.00
05時11分45秒    1   52.53    0.00   46.46    0.00    0.00    1.01    0.00    0.00    0.00    0.00

05時11分45秒  CPU    %usr   %nice    %sys %iowait    %irq   %soft  %steal  %guest  %gnice   %idle
05時11分46秒    0   57.00    0.00   35.00    0.00    0.00    8.00    0.00    0.00    0.00    0.00
05時11分46秒    1   51.49    0.00   47.52    0.00    0.00    0.99    0.00    0.00    0.00    0.00

05時11分46秒  CPU    %usr   %nice    %sys %iowait    %irq   %soft  %steal  %guest  %gnice   %idle
05時11分47秒    0   55.00    0.00   38.00    0.00    0.00    7.00    0.00    0.00    0.00    0.00
05時11分47秒    1   61.62    0.00   37.37    0.00    0.00    1.01    0.00    0.00    0.00    0.00

05時11分47秒  CPU    %usr   %nice    %sys %iowait    %irq   %soft  %steal  %guest  %gnice   %idle
05時11分48秒    0   58.00    0.00   33.00    0.00    0.00    8.00    0.00    0.00    0.00    1.00
05時11分48秒    1   58.00    0.00   41.00    0.00    0.00    1.00    0.00    0.00    0.00    0.00

05時11分48秒  CPU    %usr   %nice    %sys %iowait    %irq   %soft  %steal  %guest  %gnice   %idle
05時11分49秒    0   61.39    0.00   30.69    0.00    0.99    6.93    0.00    0.00    0.00    0.00
05時11分49秒    1   54.00    0.00   45.00    0.00    0.00    1.00    0.00    0.00    0.00    0.00

05時11分49秒  CPU    %usr   %nice    %sys %iowait    %irq   %soft  %steal  %guest  %gnice   %idle
05時11分50秒    0   56.57    0.00   35.35    0.00    0.00    8.08    0.00    0.00    0.00    0.00
05時11分50秒    1   55.45    0.00   43.56    0.00    0.00    0.99    0.00    0.00    0.00    0.00

05時11分50秒  CPU    %usr   %nice    %sys %iowait    %irq   %soft  %steal  %guest  %gnice   %idle
05時11分51秒    0   55.45    0.00   36.63    0.00    0.00    6.93    0.00    0.00    0.00    0.99
05時11分51秒    1   56.57    0.00   42.42    0.00    0.00    1.01    0.00    0.00    0.00    0.00

05時11分51秒  CPU    %usr   %nice    %sys %iowait    %irq   %soft  %steal  %guest  %gnice   %idle
05時11分52秒    0   53.00    0.00   39.00    0.00    0.00    8.00    0.00    0.00    0.00    0.00
05時11分52秒    1   60.00    0.00   39.00    0.00    0.00    1.00    0.00    0.00    0.00    0.00

05時11分52秒  CPU    %usr   %nice    %sys %iowait    %irq   %soft  %steal  %guest  %gnice   %idle
05時11分53秒    0   59.00    0.00   34.00    0.00    0.00    7.00    0.00    0.00    0.00    0.00
05時11分53秒    1   54.55    0.00   42.42    0.00    0.00    1.01    0.00    0.00    0.00    2.02

05時11分53秒  CPU    %usr   %nice    %sys %iowait    %irq   %soft  %steal  %guest  %gnice   %idle
05時11分54秒    0   51.49    0.00   39.60    0.00    0.00    7.92    0.00    0.00    0.00    0.99
05時11分54秒    1   54.00    0.00   45.00    0.00    0.00    1.00    0.00    0.00    0.00    0.00

05時11分54秒  CPU    %usr   %nice    %sys %iowait    %irq   %soft  %steal  %guest  %gnice   %idle
05時11分55秒    0   51.52    0.00   41.41    0.00    0.00    7.07    0.00    0.00    0.00    0.00
05時11分55秒    1   55.00    0.00   44.00    0.00    0.00    1.00    0.00    0.00    0.00    0.00

05時11分55秒  CPU    %usr   %nice    %sys %iowait    %irq   %soft  %steal  %guest  %gnice   %idle
05時11分56秒    0   51.52    0.00   40.40    0.00    0.00    8.08    0.00    0.00    0.00    0.00
05時11分56秒    1   59.60    0.00   38.38    0.00    0.00    1.01    0.00    0.00    0.00    1.01

05時11分56秒  CPU    %usr   %nice    %sys %iowait    %irq   %soft  %steal  %guest  %gnice   %idle
05時11分57秒    0   57.43    0.00   34.65    0.00    0.00    6.93    0.00    0.00    0.00    0.99
05時11分57秒    1   59.41    0.00   39.60    0.00    0.00    0.99    0.00    0.00    0.00    0.00

05時11分57秒  CPU    %usr   %nice    %sys %iowait    %irq   %soft  %steal  %guest  %gnice   %idle
05時11分58秒    0   53.54    0.00   38.38    0.00    0.00    8.08    0.00    0.00    0.00    0.00
05時11分58秒    1   55.00    0.00   44.00    0.00    0.00    1.00    0.00    0.00    0.00    0.00

05時11分58秒  CPU    %usr   %nice    %sys %iowait    %irq   %soft  %steal  %guest  %gnice   %idle
05時11分59秒    0   57.00    0.00   35.00    0.00    0.00    7.00    0.00    0.00    0.00    1.00
05時11分59秒    1   58.59    0.00   38.38    0.00    1.01    1.01    0.00    0.00    0.00    1.01

05時11分59秒  CPU    %usr   %nice    %sys %iowait    %irq   %soft  %steal  %guest  %gnice   %idle
05時12分00秒    0   50.00    0.00   42.00    0.00    0.00    8.00    0.00    0.00    0.00    0.00
05時12分00秒    1   55.45    0.00   43.56    0.00    0.00    0.99    0.00    0.00    0.00    0.00

05時12分00秒  CPU    %usr   %nice    %sys %iowait    %irq   %soft  %steal  %guest  %gnice   %idle
05時12分01秒    0   53.54    0.00   38.38    0.00    0.00    7.07    0.00    0.00    0.00    1.01
05時12分01秒    1   59.00    0.00   40.00    0.00    0.00    1.00    0.00    0.00    0.00    0.00

05時12分01秒  CPU    %usr   %nice    %sys %iowait    %irq   %soft  %steal  %guest  %gnice   %idle
05時12分02秒    0   51.52    0.00   40.40    0.00    0.00    8.08    0.00    0.00    0.00    0.00
05時12分02秒    1   54.55    0.00   43.43    0.00    0.00    1.01    0.00    0.00    0.00    1.01

05時12分02秒  CPU    %usr   %nice    %sys %iowait    %irq   %soft  %steal  %guest  %gnice   %idle
05時12分03秒    0   56.57    0.00   36.36    0.00    0.00    7.07    0.00    0.00    0.00    0.00
05時12分03秒    1   58.00    0.00   41.00    0.00    0.00    1.00    0.00    0.00    0.00    0.00

05時12分03秒  CPU    %usr   %nice    %sys %iowait    %irq   %soft  %steal  %guest  %gnice   %idle
05時12分04秒    0   52.94    0.00   38.24    0.00    0.00    7.84    0.00    0.00    0.00    0.98
05時12分04秒    1   53.47    0.00   45.54    0.00    0.00    0.99    0.00    0.00    0.00    0.00

05時12分04秒  CPU    %usr   %nice    %sys %iowait    %irq   %soft  %steal  %guest  %gnice   %idle
05時12分05秒    0   51.52    0.00   41.41    0.00    0.00    7.07    0.00    0.00    0.00    0.00
05時12分05秒    1   54.00    0.00   45.00    0.00    0.00    1.00    0.00    0.00    0.00    0.00

05時12分05秒  CPU    %usr   %nice    %sys %iowait    %irq   %soft  %steal  %guest  %gnice   %idle
05時12分06秒    0   51.49    0.00   39.60    0.00    0.99    7.92    0.00    0.00    0.00    0.00
05時12分06秒    1   55.56    0.00   44.44    0.00    0.00    0.00    0.00    0.00    0.00    0.00

05時12分06秒  CPU    %usr   %nice    %sys %iowait    %irq   %soft  %steal  %guest  %gnice   %idle
05時12分07秒    0   52.48    0.00   38.61    0.00    0.00    7.92    0.00    0.00    0.00    0.99
05時12分07秒    1   56.57    0.00   42.42    0.00    0.00    1.01    0.00    0.00    0.00    0.00

05時12分07秒  CPU    %usr   %nice    %sys %iowait    %irq   %soft  %steal  %guest  %gnice   %idle
05時12分08秒    0   55.00    0.00   38.00    0.00    0.00    7.00    0.00    0.00    0.00    0.00
05時12分08秒    1   57.43    0.00   36.63    0.00    0.00    1.98    0.00    0.00    0.00    3.96

05時12分08秒  CPU    %usr   %nice    %sys %iowait    %irq   %soft  %steal  %guest  %gnice   %idle
05時12分09秒    0   52.53    0.00   38.38    0.00    0.00    8.08    0.00    0.00    0.00    1.01
05時12分09秒    1   53.06    0.00   46.94    0.00    0.00    0.00    0.00    0.00    0.00    0.00

05時12分09秒  CPU    %usr   %nice    %sys %iowait    %irq   %soft  %steal  %guest  %gnice   %idle
05時12分10秒    0   53.00    0.00   40.00    0.00    0.00    7.00    0.00    0.00    0.00    0.00
05時12分10秒    1   60.00    0.00   39.00    0.00    0.00    1.00    0.00    0.00    0.00    0.00

05時12分10秒  CPU    %usr   %nice    %sys %iowait    %irq   %soft  %steal  %guest  %gnice   %idle
05時12分11秒    0   55.56    0.00   36.36    0.00    0.00    8.08    0.00    0.00    0.00    0.00
05時12分11秒    1   53.47    0.00   42.57    0.00    0.00    1.98    0.00    0.00    0.00    1.98

05時12分11秒  CPU    %usr   %nice    %sys %iowait    %irq   %soft  %steal  %guest  %gnice   %idle
05時12分12秒    0   57.43    0.00   33.66    0.00    0.00    7.92    0.00    0.00    0.00    0.99
05時12分12秒    1   55.56    0.00   43.43    0.00    0.00    1.01    0.00    0.00    0.00    0.00

05時12分12秒  CPU    %usr   %nice    %sys %iowait    %irq   %soft  %steal  %guest  %gnice   %idle
05時12分13秒    0   54.55    0.00   38.38    0.00    0.00    7.07    0.00    0.00    0.00    0.00
05時12分13秒    1   53.00    0.00   46.00    0.00    0.00    1.00    0.00    0.00    0.00    0.00

05時12分13秒  CPU    %usr   %nice    %sys %iowait    %irq   %soft  %steal  %guest  %gnice   %idle
05時12分14秒    0   54.46    0.00   36.63    0.00    0.00    7.92    0.00    0.00    0.00    0.99
05時12分14秒    1   54.55    0.00   45.45    0.00    0.00    0.00    0.00    0.00    0.00    0.00

05時12分14秒  CPU    %usr   %nice    %sys %iowait    %irq   %soft  %steal  %guest  %gnice   %idle
05時12分15秒    0   57.14    0.00   35.71    0.00    0.00    7.14    0.00    0.00    0.00    0.00
05時12分15秒    1   56.00    0.00   43.00    0.00    0.00    1.00    0.00    0.00    0.00    0.00

05時12分15秒  CPU    %usr   %nice    %sys %iowait    %irq   %soft  %steal  %guest  %gnice   %idle
05時12分16秒    0   51.00    0.00   41.00    0.00    0.00    8.00    0.00    0.00    0.00    0.00
05時12分16秒    1   51.49    0.00   46.53    0.00    0.99    0.99    0.00    0.00    0.00    0.00

05時12分16秒  CPU    %usr   %nice    %sys %iowait    %irq   %soft  %steal  %guest  %gnice   %idle
05時12分17秒    0   55.56    0.00   37.37    0.00    0.00    7.07    0.00    0.00    0.00    0.00
05時12分17秒    1   55.00    0.00   44.00    0.00    0.00    1.00    0.00    0.00    0.00    0.00

05時12分17秒  CPU    %usr   %nice    %sys %iowait    %irq   %soft  %steal  %guest  %gnice   %idle
05時12分18秒    0   51.49    0.00   39.60    0.00    0.00    7.92    0.00    0.00    0.00    0.99
05時12分18秒    1   56.57    0.00   42.42    0.00    0.00    1.01    0.00    0.00    0.00    0.00

05時12分18秒  CPU    %usr   %nice    %sys %iowait    %irq   %soft  %steal  %guest  %gnice   %idle
05時12分19秒    0   53.00    0.00   40.00    0.00    0.00    7.00    0.00    0.00    0.00    0.00
05時12分19秒    1   57.00    0.00   42.00    0.00    0.00    1.00    0.00    0.00    0.00    0.00

05時12分19秒  CPU    %usr   %nice    %sys %iowait    %irq   %soft  %steal  %guest  %gnice   %idle
05時12分20秒    0   52.53    0.00   39.39    0.00    0.00    8.08    0.00    0.00    0.00    0.00
05時12分20秒    1   56.44    0.00   41.58    0.00    0.99    0.99    0.00    0.00    0.00    0.00

05時12分20秒  CPU    %usr   %nice    %sys %iowait    %irq   %soft  %steal  %guest  %gnice   %idle
05時12分21秒    0   53.47    0.00   38.61    0.00    0.00    6.93    0.00    0.00    0.00    0.99
05時12分21秒    1   55.00    0.00   44.00    0.00    0.00    1.00    0.00    0.00    0.00    0.00

05時12分21秒  CPU    %usr   %nice    %sys %iowait    %irq   %soft  %steal  %guest  %gnice   %idle
05時12分22秒    0   54.00    0.00   38.00    0.00    0.00    8.00    0.00    0.00    0.00    0.00
05時12分22秒    1   62.00    0.00   37.00    0.00    0.00    1.00    0.00    0.00    0.00    0.00

05時12分22秒  CPU    %usr   %nice    %sys %iowait    %irq   %soft  %steal  %guest  %gnice   %idle
05時12分23秒    0   51.49    0.00   38.61    0.00    0.99    7.92    0.00    0.00    0.00    0.99
05時12分23秒    1   55.00    0.00   44.00    0.00    0.00    1.00    0.00    0.00    0.00    0.00

05時12分23秒  CPU    %usr   %nice    %sys %iowait    %irq   %soft  %steal  %guest  %gnice   %idle
05時12分24秒    0   57.58    0.00   35.35    0.00    0.00    7.07    0.00    0.00    0.00    0.00
05時12分24秒    1   58.00    0.00   41.00    0.00    0.00    1.00    0.00    0.00    0.00    0.00

05時12分24秒  CPU    %usr   %nice    %sys %iowait    %irq   %soft  %steal  %guest  %gnice   %idle
05時12分25秒    0   57.58    0.00   34.34    0.00    0.00    8.08    0.00    0.00    0.00    0.00
05時12分25秒    1   56.00    0.00   43.00    0.00    0.00    1.00    0.00    0.00    0.00    0.00

05時12分25秒  CPU    %usr   %nice    %sys %iowait    %irq   %soft  %steal  %guest  %gnice   %idle
05時12分26秒    0   50.00    0.00   42.00    0.00    0.00    7.00    0.00    0.00    0.00    1.00
05時12分26秒    1   54.00    0.00   45.00    0.00    0.00    1.00    0.00    0.00    0.00    0.00

05時12分26秒  CPU    %usr   %nice    %sys %iowait    %irq   %soft  %steal  %guest  %gnice   %idle
05時12分27秒    0   51.49    0.00   40.59    0.00    0.00    7.92    0.00    0.00    0.00    0.00
05時12分27秒    1   57.00    0.00   42.00    0.00    0.00    1.00    0.00    0.00    0.00    0.00

05時12分27秒  CPU    %usr   %nice    %sys %iowait    %irq   %soft  %steal  %guest  %gnice   %idle
05時12分28秒    0   55.56    0.00   36.36    0.00    0.00    7.07    0.00    0.00    0.00    1.01
05時12分28秒    1   60.40    0.00   38.61    0.00    0.00    0.99    0.00    0.00    0.00    0.00

05時12分28秒  CPU    %usr   %nice    %sys %iowait    %irq   %soft  %steal  %guest  %gnice   %idle
05時12分29秒    0   51.52    0.00   40.40    0.00    0.00    8.08    0.00    0.00    0.00    0.00
05時12分29秒    1   62.63    0.00   36.36    0.00    0.00    1.01    0.00    0.00    0.00    0.00

05時12分29秒  CPU    %usr   %nice    %sys %iowait    %irq   %soft  %steal  %guest  %gnice   %idle
05時12分30秒    0   50.51    0.00   42.42    0.00    0.00    7.07    0.00    0.00    0.00    0.00
05時12分30秒    1   60.00    0.00   39.00    0.00    0.00    1.00    0.00    0.00    0.00    0.00

05時12分30秒  CPU    %usr   %nice    %sys %iowait    %irq   %soft  %steal  %guest  %gnice   %idle
05時12分31秒    0   53.47    0.00   37.62    0.00    0.00    7.92    0.00    0.00    0.00    0.99
05時12分31秒    1   58.00    0.00   41.00    0.00    0.00    1.00    0.00    0.00    0.00    0.00

05時12分31秒  CPU    %usr   %nice    %sys %iowait    %irq   %soft  %steal  %guest  %gnice   %idle
05時12分32秒    0   54.08    0.00   38.78    0.00    0.00    7.14    0.00    0.00    0.00    0.00
05時12分32秒    1   55.00    0.00   44.00    0.00    0.00    1.00    0.00    0.00    0.00    0.00

05時12分32秒  CPU    %usr   %nice    %sys %iowait    %irq   %soft  %steal  %guest  %gnice   %idle
05時12分33秒    0   53.00    0.00   39.00    0.00    0.00    8.00    0.00    0.00    0.00    0.00
05時12分33秒    1   55.00    0.00   44.00    0.00    0.00    1.00    0.00    0.00    0.00    0.00

05時12分33秒  CPU    %usr   %nice    %sys %iowait    %irq   %soft  %steal  %guest  %gnice   %idle
05時12分34秒    0   53.00    0.00   39.00    0.00    0.00    7.00    0.00    0.00    0.00    1.00
05時12分34秒    1   53.54    0.00   46.46    0.00    0.00    0.00    0.00    0.00    0.00    0.00

05時12分34秒  CPU    %usr   %nice    %sys %iowait    %irq   %soft  %steal  %guest  %gnice   %idle
05時12分35秒    0   57.58    0.00   34.34    0.00    0.00    8.08    0.00    0.00    0.00    0.00
05時12分35秒    1   58.00    0.00   41.00    0.00    0.00    1.00    0.00    0.00    0.00    0.00

05時12分35秒  CPU    %usr   %nice    %sys %iowait    %irq   %soft  %steal  %guest  %gnice   %idle
05時12分36秒    0   51.49    0.00   40.59    0.00    0.00    7.92    0.00    0.00    0.00    0.00
05時12分36秒    1   53.00    0.00   46.00    0.00    0.00    1.00    0.00    0.00    0.00    0.00

05時12分36秒  CPU    %usr   %nice    %sys %iowait    %irq   %soft  %steal  %guest  %gnice   %idle
05時12分37秒    0   52.04    0.00   36.73    0.00    0.00    7.14    0.00    0.00    0.00    4.08
05時12分37秒    1   56.57    0.00   34.34    0.00    1.01    2.02    0.00    0.00    0.00    6.06

05時12分37秒  CPU    %usr   %nice    %sys %iowait    %irq   %soft  %steal  %guest  %gnice   %idle
05時12分38秒    0   53.47    0.00   36.63    0.00    0.00    6.93    0.00    0.00    0.00    2.97
05時12分38秒    1   48.91    0.00   21.74    0.00    0.00    3.26    0.00    0.00    0.00   26.09

05時12分38秒  CPU    %usr   %nice    %sys %iowait    %irq   %soft  %steal  %guest  %gnice   %idle
05時12分39秒    0   49.51    0.00   36.89    0.00    0.97    7.77    0.00    0.00    0.00    4.85
05時12分39秒    1   50.00    0.00   19.15    0.00    0.00    4.26    0.00    0.00    0.00   26.60

05時12分39秒  CPU    %usr   %nice    %sys %iowait    %irq   %soft  %steal  %guest  %gnice   %idle
05時12分40秒    0   52.53    0.00   37.37    0.00    0.00    7.07    0.00    0.00    0.00    3.03
05時12分40秒    1   46.74    0.00   23.91    0.00    0.00    2.17    0.00    0.00    0.00   27.17

05時12分40秒  CPU    %usr   %nice    %sys %iowait    %irq   %soft  %steal  %guest  %gnice   %idle
05時12分41秒    0   55.45    0.00   32.67    0.00    0.00    7.92    0.00    0.00    0.00    3.96
05時12分41秒    1   47.92    0.00   20.83    0.00    0.00    3.12    0.00    0.00    0.00   28.12

05時12分41秒  CPU    %usr   %nice    %sys %iowait    %irq   %soft  %steal  %guest  %gnice   %idle
05時12分42秒    0   39.00    0.00   33.00    0.00    0.00    6.00    0.00    0.00    0.00   22.00
05時12分42秒    1   61.05    0.00   28.42    0.00    0.00    2.11    0.00    0.00    0.00    8.42

05時12分42秒  CPU    %usr   %nice    %sys %iowait    %irq   %soft  %steal  %guest  %gnice   %idle
05時12分43秒    0   51.52    0.00   41.41    0.00    0.00    7.07    0.00    0.00    0.00    0.00
05時12分43秒    1   56.00    0.00   43.00    0.00    0.00    1.00    0.00    0.00    0.00    0.00

05時12分43秒  CPU    %usr   %nice    %sys %iowait    %irq   %soft  %steal  %guest  %gnice   %idle
05時12分44秒    0   51.49    0.00   40.59    0.00    0.00    7.92    0.00    0.00    0.00    0.00
05時12分44秒    1   52.00    0.00   47.00    0.00    0.00    1.00    0.00    0.00    0.00    0.00

05時12分44秒  CPU    %usr   %nice    %sys %iowait    %irq   %soft  %steal  %guest  %gnice   %idle
05時12分45秒    0   50.51    0.00   41.41    0.00    0.00    7.07    0.00    0.00    0.00    1.01
05時12分45秒    1   56.00    0.00   42.00    0.00    0.00    1.00    0.00    0.00    0.00    1.00

05時12分45秒  CPU    %usr   %nice    %sys %iowait    %irq   %soft  %steal  %guest  %gnice   %idle
05時12分46秒    0   62.00    0.00   30.00    0.00    0.00    8.00    0.00    0.00    0.00    0.00
05時12分46秒    1   56.00    0.00   43.00    0.00    0.00    1.00    0.00    0.00    0.00    0.00

05時12分46秒  CPU    %usr   %nice    %sys %iowait    %irq   %soft  %steal  %guest  %gnice   %idle
05時12分47秒    0   55.00    0.00   38.00    0.00    0.00    7.00    0.00    0.00    0.00    0.00
05時12分47秒    1   57.00    0.00   43.00    0.00    0.00    0.00    0.00    0.00    0.00    0.00

05時12分47秒  CPU    %usr   %nice    %sys %iowait    %irq   %soft  %steal  %guest  %gnice   %idle
05時12分48秒    0   56.00    0.00   36.00    0.00    0.00    8.00    0.00    0.00    0.00    0.00
05時12分48秒    1   54.55    0.00   44.44    0.00    0.00    1.01    0.00    0.00    0.00    0.00

05時12分48秒  CPU    %usr   %nice    %sys %iowait    %irq   %soft  %steal  %guest  %gnice   %idle
05時12分49秒    0   55.00    0.00   37.00    0.00    0.00    7.00    0.00    0.00    0.00    1.00
05時12分49秒    1   51.00    0.00   48.00    0.00    0.00    1.00    0.00    0.00    0.00    0.00

05時12分49秒  CPU    %usr   %nice    %sys %iowait    %irq   %soft  %steal  %guest  %gnice   %idle
05時12分50秒    0   59.00    0.00   33.00    0.00    0.00    8.00    0.00    0.00    0.00    0.00
05時12分50秒    1   60.40    0.00   38.61    0.00    0.00    0.99    0.00    0.00    0.00    0.00

05時12分50秒  CPU    %usr   %nice    %sys %iowait    %irq   %soft  %steal  %guest  %gnice   %idle
05時12分51秒    0   54.55    0.00   38.38    0.00    0.00    7.07    0.00    0.00    0.00    0.00
05時12分51秒    1   56.57    0.00   42.42    0.00    0.00    1.01    0.00    0.00    0.00    0.00

05時12分51秒  CPU    %usr   %nice    %sys %iowait    %irq   %soft  %steal  %guest  %gnice   %idle
05時12分52秒    0   51.00    0.00   41.00    0.00    0.00    7.00    0.00    0.00    0.00    1.00
05時12分52秒    1   59.00    0.00   40.00    0.00    0.00    1.00    0.00    0.00    0.00    0.00

05時12分52秒  CPU    %usr   %nice    %sys %iowait    %irq   %soft  %steal  %guest  %gnice   %idle
05時12分53秒    0   53.00    0.00   39.00    0.00    0.00    8.00    0.00    0.00    0.00    0.00
05時12分53秒    1   60.00    0.00   38.00    0.00    0.00    1.00    0.00    0.00    0.00    1.00

05時12分53秒  CPU    %usr   %nice    %sys %iowait    %irq   %soft  %steal  %guest  %gnice   %idle
05時12分54秒    0   53.06    0.00   38.78    0.00    0.00    7.14    0.00    0.00    0.00    1.02
05時12分54秒    1   55.00    0.00   45.00    0.00    0.00    0.00    0.00    0.00    0.00    0.00

05時12分54秒  CPU    %usr   %nice    %sys %iowait    %irq   %soft  %steal  %guest  %gnice   %idle
05時12分55秒    0   52.00    0.00   40.00    0.00    0.00    8.00    0.00    0.00    0.00    0.00
05時12分55秒    1   61.39    0.00   36.63    0.00    0.99    0.99    0.00    0.00    0.00    0.00

05時12分55秒  CPU    %usr   %nice    %sys %iowait    %irq   %soft  %steal  %guest  %gnice   %idle
05時12分56秒    0   54.00    0.00   37.00    0.00    1.00    7.00    0.00    0.00    0.00    1.00
05時12分56秒    1   58.00    0.00   40.00    0.00    0.00    1.00    0.00    0.00    0.00    1.00

05時12分56秒  CPU    %usr   %nice    %sys %iowait    %irq   %soft  %steal  %guest  %gnice   %idle
05時12分57秒    0   50.00    0.00   42.00    0.00    0.00    8.00    0.00    0.00    0.00    0.00
05時12分57秒    1   53.00    0.00   46.00    0.00    0.00    1.00    0.00    0.00    0.00    0.00

05時12分57秒  CPU    %usr   %nice    %sys %iowait    %irq   %soft  %steal  %guest  %gnice   %idle
05時12分58秒    0   55.56    0.00   37.37    0.00    0.00    7.07    0.00    0.00    0.00    0.00
05時12分58秒    1   57.43    0.00   41.58    0.00    0.00    0.99    0.00    0.00    0.00    0.00

05時12分58秒  CPU    %usr   %nice    %sys %iowait    %irq   %soft  %steal  %guest  %gnice   %idle
05時12分59秒    0   56.00    0.00   35.00    0.00    0.00    7.00    0.00    0.00    0.00    2.00
05時12分59秒    1   54.55    0.00   44.44    0.00    0.00    1.01    0.00    0.00    0.00    0.00

05時12分59秒  CPU    %usr   %nice    %sys %iowait    %irq   %soft  %steal  %guest  %gnice   %idle
05時13分00秒    0   56.00    0.00   36.00    0.00    0.00    8.00    0.00    0.00    0.00    0.00
05時13分00秒    1   49.00    0.00   50.00    0.00    0.00    1.00    0.00    0.00    0.00    0.00

05時13分00秒  CPU    %usr   %nice    %sys %iowait    %irq   %soft  %steal  %guest  %gnice   %idle
05時13分01秒    0   47.00    0.00   37.00    0.00    0.00    7.00    0.00    0.00    0.00    9.00
05時13分01秒    1   60.20    0.00   34.69    0.00    0.00    1.02    0.00    0.00    0.00    4.08

05時13分01秒  CPU    %usr   %nice    %sys %iowait    %irq   %soft  %steal  %guest  %gnice   %idle
05時13分02秒    0   52.04    0.00   40.82    0.00    0.00    7.14    0.00    0.00    0.00    0.00
05時13分02秒    1   57.58    0.00   41.41    0.00    0.00    1.01    0.00    0.00    0.00    0.00

05時13分02秒  CPU    %usr   %nice    %sys %iowait    %irq   %soft  %steal  %guest  %gnice   %idle
05時13分03秒    0   51.00    0.00   41.00    0.00    0.00    8.00    0.00    0.00    0.00    0.00
05時13分03秒    1   56.44    0.00   42.57    0.00    0.00    0.99    0.00    0.00    0.00    0.00

05時13分03秒  CPU    %usr   %nice    %sys %iowait    %irq   %soft  %steal  %guest  %gnice   %idle
05時13分04秒    0   60.00    0.00   31.00    0.00    0.00    8.00    0.00    0.00    0.00    1.00
05時13分04秒    1   60.00    0.00   39.00    0.00    0.00    1.00    0.00    0.00    0.00    0.00

05時13分04秒  CPU    %usr   %nice    %sys %iowait    %irq   %soft  %steal  %guest  %gnice   %idle
05時13分05秒    0   52.48    0.00   36.63    0.00    0.00    5.94    0.00    0.00    0.00    4.95
05時13分05秒    1   50.53    0.00   25.26    0.00    0.00    2.11    0.00    0.00    0.00   22.11

05時13分05秒  CPU    %usr   %nice    %sys %iowait    %irq   %soft  %steal  %guest  %gnice   %idle
05時13分06秒    0   58.00    0.00   31.00    0.00    0.00    7.00    0.00    0.00    0.00    4.00
05時13分06秒    1   44.79    0.00   25.00    0.00    0.00    3.12    0.00    0.00    0.00   27.08

05時13分06秒  CPU    %usr   %nice    %sys %iowait    %irq   %soft  %steal  %guest  %gnice   %idle
05時13分07秒    0   58.00    0.00   34.00    0.00    0.00    7.00    0.00    0.00    0.00    1.00
05時13分07秒    1   51.04    0.00   36.46    0.00    0.00    1.04    0.00    0.00    0.00   11.46

平均時間：  CPU    %usr   %nice    %sys %iowait    %irq   %soft  %steal  %guest  %gnice   %idle
平均時間：    0   53.65    0.00   37.59    0.00    0.06    7.49    0.00    0.00    0.00    1.21
平均時間：    1   54.76    0.00   39.69    0.00    0.06    1.22    0.00    0.00    0.00    4.27
