Linux 5.6.15-arch1-1 (archlinux) 	西元2020年06月29日 	_x86_64_	(12 CPU)

05時00分39秒  CPU    %usr   %nice    %sys %iowait    %irq   %soft  %steal  %guest  %gnice   %idle
05時00分40秒    0   56.44    0.00   35.64    0.00    0.00    7.92    0.00    0.00    0.00    0.00
05時00分40秒    1   56.00    0.00   43.00    0.00    0.00    1.00    0.00    0.00    0.00    0.00

05時00分40秒  CPU    %usr   %nice    %sys %iowait    %irq   %soft  %steal  %guest  %gnice   %idle
05時00分41秒    0   51.52    0.00   40.40    0.00    0.00    7.07    0.00    0.00    0.00    1.01
05時00分41秒    1   58.00    0.00   41.00    0.00    0.00    1.00    0.00    0.00    0.00    0.00

05時00分41秒  CPU    %usr   %nice    %sys %iowait    %irq   %soft  %steal  %guest  %gnice   %idle
05時00分42秒    0   53.00    0.00   28.00    0.00    0.00    7.00    0.00    0.00    0.00   12.00
05時00分42秒    1   54.74    0.00   28.42    0.00    0.00    2.11    0.00    0.00    0.00   14.74

05時00分42秒  CPU    %usr   %nice    %sys %iowait    %irq   %soft  %steal  %guest  %gnice   %idle
05時00分43秒    0   57.43    0.00   29.70    0.00    0.00    6.93    0.00    0.00    0.00    5.94
05時00分43秒    1   48.39    0.00   20.43    0.00    0.00    3.23    0.00    0.00    0.00   27.96

05時00分43秒  CPU    %usr   %nice    %sys %iowait    %irq   %soft  %steal  %guest  %gnice   %idle
05時00分44秒    0   54.55    0.00   34.34    0.00    0.00    8.08    0.00    0.00    0.00    3.03
05時00分44秒    1   42.55    0.00   27.66    0.00    0.00    3.19    0.00    0.00    0.00   26.60

05時00分44秒  CPU    %usr   %nice    %sys %iowait    %irq   %soft  %steal  %guest  %gnice   %idle
05時00分45秒    0   47.47    0.00   42.42    0.00    0.00    7.07    0.00    0.00    0.00    3.03
05時00分45秒    1   43.62    0.00   25.53    0.00    0.00    2.13    0.00    0.00    0.00   28.72

05時00分45秒  CPU    %usr   %nice    %sys %iowait    %irq   %soft  %steal  %guest  %gnice   %idle
05時00分46秒    0   53.47    0.00   36.63    0.00    0.00    7.92    0.00    0.00    0.00    1.98
05時00分46秒    1   48.42    0.00   21.05    0.00    0.00    3.16    0.00    0.00    0.00   27.37

05時00分46秒  CPU    %usr   %nice    %sys %iowait    %irq   %soft  %steal  %guest  %gnice   %idle
05時00分47秒    0   58.59    0.00   31.31    0.00    0.00    7.07    0.00    0.00    0.00    3.03
05時00分47秒    1   50.00    0.00   21.28    0.00    0.00    2.13    0.00    0.00    0.00   26.60

05時00分47秒  CPU    %usr   %nice    %sys %iowait    %irq   %soft  %steal  %guest  %gnice   %idle
05時00分48秒    0   50.50    0.00   36.63    0.00    0.99    7.92    0.00    0.00    0.00    3.96
05時00分48秒    1   50.54    0.00   18.28    0.00    0.00    3.23    0.00    0.00    0.00   27.96

05時00分48秒  CPU    %usr   %nice    %sys %iowait    %irq   %soft  %steal  %guest  %gnice   %idle
05時00分49秒    0   56.57    0.00   32.32    0.00    0.00    7.07    0.00    0.00    0.00    4.04
05時00分49秒    1   48.94    0.00   22.34    0.00    0.00    2.13    0.00    0.00    0.00   26.60

05時00分49秒  CPU    %usr   %nice    %sys %iowait    %irq   %soft  %steal  %guest  %gnice   %idle
05時00分50秒    0   57.00    0.00   33.00    0.00    0.00    7.00    0.00    0.00    0.00    3.00
05時00分50秒    1   46.81    0.00   23.40    0.00    0.00    2.13    0.00    0.00    0.00   27.66

05時00分50秒  CPU    %usr   %nice    %sys %iowait    %irq   %soft  %steal  %guest  %gnice   %idle
05時00分51秒    0   53.47    0.00   35.64    0.00    0.00    7.92    0.00    0.00    0.00    2.97
05時00分51秒    1   44.09    0.00   24.73    0.00    0.00    3.23    0.00    0.00    0.00   27.96

05時00分51秒  CPU    %usr   %nice    %sys %iowait    %irq   %soft  %steal  %guest  %gnice   %idle
05時00分52秒    0   51.52    0.00   39.39    0.00    0.00    7.07    0.00    0.00    0.00    2.02
05時00分52秒    1   50.00    0.00   34.38    0.00    0.00    2.08    0.00    0.00    0.00   13.54

05時00分52秒  CPU    %usr   %nice    %sys %iowait    %irq   %soft  %steal  %guest  %gnice   %idle
05時00分53秒    0   54.00    0.00   38.00    0.00    0.00    8.00    0.00    0.00    0.00    0.00
05時00分53秒    1   47.52    0.00   50.50    0.00    0.00    0.99    0.00    0.00    0.00    0.99

05時00分53秒  CPU    %usr   %nice    %sys %iowait    %irq   %soft  %steal  %guest  %gnice   %idle
05時00分54秒    0   53.54    0.00   39.39    0.00    0.00    7.07    0.00    0.00    0.00    0.00
05時00分54秒    1   55.00    0.00   44.00    0.00    0.00    1.00    0.00    0.00    0.00    0.00

05時00分54秒  CPU    %usr   %nice    %sys %iowait    %irq   %soft  %steal  %guest  %gnice   %idle
05時00分55秒    0   54.00    0.00   30.00    0.00    0.00    7.00    0.00    0.00    0.00    9.00
05時00分55秒    1   56.00    0.00   40.00    0.00    1.00    1.00    0.00    0.00    0.00    2.00

05時00分55秒  CPU    %usr   %nice    %sys %iowait    %irq   %soft  %steal  %guest  %gnice   %idle
05時00分56秒    0   54.90    0.00   37.25    0.00    0.00    6.86    0.00    0.00    0.00    0.98
05時00分56秒    1   55.00    0.00   44.00    0.00    0.00    1.00    0.00    0.00    0.00    0.00

05時00分56秒  CPU    %usr   %nice    %sys %iowait    %irq   %soft  %steal  %guest  %gnice   %idle
05時00分57秒    0   58.59    0.00   35.35    0.00    0.00    6.06    0.00    0.00    0.00    0.00
05時00分57秒    1   54.00    0.00   45.00    0.00    0.00    1.00    0.00    0.00    0.00    0.00

05時00分57秒  CPU    %usr   %nice    %sys %iowait    %irq   %soft  %steal  %guest  %gnice   %idle
05時00分58秒    0   52.53    0.00   40.40    0.00    0.00    7.07    0.00    0.00    0.00    0.00
05時00分58秒    1   59.00    0.00   41.00    0.00    0.00    0.00    0.00    0.00    0.00    0.00

05時00分58秒  CPU    %usr   %nice    %sys %iowait    %irq   %soft  %steal  %guest  %gnice   %idle
05時00分59秒    0   57.00    0.00   36.00    0.00    0.00    7.00    0.00    0.00    0.00    0.00
05時00分59秒    1   53.00    0.00   46.00    0.00    0.00    1.00    0.00    0.00    0.00    0.00

05時00分59秒  CPU    %usr   %nice    %sys %iowait    %irq   %soft  %steal  %guest  %gnice   %idle
05時01分00秒    0   54.90    0.00   36.27    0.00    0.00    7.84    0.00    0.00    0.00    0.98
05時01分00秒    1   54.00    0.00   45.00    0.00    0.00    1.00    0.00    0.00    0.00    0.00

05時01分00秒  CPU    %usr   %nice    %sys %iowait    %irq   %soft  %steal  %guest  %gnice   %idle
05時01分01秒    0   48.48    0.00   40.40    0.00    0.00    7.07    0.00    0.00    0.00    4.04
05時01分01秒    1   56.00    0.00   40.00    0.00    0.00    1.00    0.00    0.00    0.00    3.00

05時01分01秒  CPU    %usr   %nice    %sys %iowait    %irq   %soft  %steal  %guest  %gnice   %idle
05時01分02秒    0   52.58    0.00   38.14    0.00    0.00    7.22    0.00    0.00    0.00    2.06
05時01分02秒    1   53.12    0.00   29.17    0.00    0.00    2.08    0.00    0.00    0.00   15.62

05時01分02秒  CPU    %usr   %nice    %sys %iowait    %irq   %soft  %steal  %guest  %gnice   %idle
05時01分03秒    0   54.46    0.00   36.63    0.00    0.00    7.92    0.00    0.00    0.00    0.99
05時01分03秒    1   62.00    0.00   37.00    0.00    0.00    1.00    0.00    0.00    0.00    0.00

05時01分03秒  CPU    %usr   %nice    %sys %iowait    %irq   %soft  %steal  %guest  %gnice   %idle
05時01分04秒    0   52.00    0.00   41.00    0.00    0.00    7.00    0.00    0.00    0.00    0.00
05時01分04秒    1   53.00    0.00   46.00    0.00    0.00    1.00    0.00    0.00    0.00    0.00

05時01分04秒  CPU    %usr   %nice    %sys %iowait    %irq   %soft  %steal  %guest  %gnice   %idle
05時01分05秒    0   55.45    0.00   34.65    0.00    0.99    7.92    0.00    0.00    0.00    0.99
05時01分05秒    1   53.61    0.00   31.96    0.00    0.00    2.06    0.00    0.00    0.00   12.37

05時01分05秒  CPU    %usr   %nice    %sys %iowait    %irq   %soft  %steal  %guest  %gnice   %idle
05時01分06秒    0   53.06    0.00   39.80    0.00    0.00    7.14    0.00    0.00    0.00    0.00
05時01分06秒    1   49.48    0.00   35.05    0.00    0.00    2.06    0.00    0.00    0.00   13.40

05時01分06秒  CPU    %usr   %nice    %sys %iowait    %irq   %soft  %steal  %guest  %gnice   %idle
05時01分07秒    0   55.00    0.00   36.00    0.00    0.00    8.00    0.00    0.00    0.00    1.00
05時01分07秒    1   59.79    0.00   32.99    0.00    0.00    1.03    0.00    0.00    0.00    6.19

05時01分07秒  CPU    %usr   %nice    %sys %iowait    %irq   %soft  %steal  %guest  %gnice   %idle
05時01分08秒    0   52.53    0.00   39.39    0.00    0.00    8.08    0.00    0.00    0.00    0.00
05時01分08秒    1   54.46    0.00   44.55    0.00    0.00    0.99    0.00    0.00    0.00    0.00

05時01分08秒  CPU    %usr   %nice    %sys %iowait    %irq   %soft  %steal  %guest  %gnice   %idle
05時01分09秒    0   55.00    0.00   37.00    0.00    0.00    7.00    0.00    0.00    0.00    1.00
05時01分09秒    1   56.57    0.00   42.42    0.00    0.00    1.01    0.00    0.00    0.00    0.00

05時01分09秒  CPU    %usr   %nice    %sys %iowait    %irq   %soft  %steal  %guest  %gnice   %idle
05時01分10秒    0   56.00    0.00   37.00    0.00    0.00    7.00    0.00    0.00    0.00    0.00
05時01分10秒    1   62.00    0.00   37.00    0.00    0.00    1.00    0.00    0.00    0.00    0.00

05時01分10秒  CPU    %usr   %nice    %sys %iowait    %irq   %soft  %steal  %guest  %gnice   %idle
05時01分11秒    0   46.00    0.00   45.00    0.00    0.00    8.00    0.00    0.00    0.00    1.00
05時01分11秒    1   50.51    0.00   43.43    0.00    1.01    1.01    0.00    0.00    0.00    4.04

05時01分11秒  CPU    %usr   %nice    %sys %iowait    %irq   %soft  %steal  %guest  %gnice   %idle
05時01分12秒    0   59.79    0.00   30.93    0.00    0.00    7.22    0.00    0.00    0.00    2.06
05時01分12秒    1   42.55    0.00   25.53    0.00    0.00    3.19    0.00    0.00    0.00   28.72

05時01分12秒  CPU    %usr   %nice    %sys %iowait    %irq   %soft  %steal  %guest  %gnice   %idle
05時01分13秒    0   50.00    0.00   38.24    0.00    0.00    7.84    0.00    0.00    0.00    3.92
05時01分13秒    1   46.81    0.00   23.40    0.00    0.00    2.13    0.00    0.00    0.00   27.66

05時01分13秒  CPU    %usr   %nice    %sys %iowait    %irq   %soft  %steal  %guest  %gnice   %idle
05時01分14秒    0   51.00    0.00   38.00    0.00    0.00    7.00    0.00    0.00    0.00    4.00
05時01分14秒    1   47.83    0.00   20.65    0.00    0.00    2.17    0.00    0.00    0.00   29.35

05時01分14秒  CPU    %usr   %nice    %sys %iowait    %irq   %soft  %steal  %guest  %gnice   %idle
05時01分15秒    0   50.98    0.00   38.24    0.00    0.00    7.84    0.00    0.00    0.00    2.94
05時01分15秒    1   51.06    0.00   20.21    0.00    0.00    3.19    0.00    0.00    0.00   25.53

05時01分15秒  CPU    %usr   %nice    %sys %iowait    %irq   %soft  %steal  %guest  %gnice   %idle
05時01分16秒    0   50.00    0.00   39.00    0.00    0.00    7.00    0.00    0.00    0.00    4.00
05時01分16秒    1   44.09    0.00   24.73    0.00    0.00    2.15    0.00    0.00    0.00   29.03

05時01分16秒  CPU    %usr   %nice    %sys %iowait    %irq   %soft  %steal  %guest  %gnice   %idle
05時01分17秒    0   51.52    0.00   37.37    0.00    0.00    7.07    0.00    0.00    0.00    4.04
05時01分17秒    1   46.32    0.00   21.05    0.00    0.00    3.16    0.00    0.00    0.00   29.47

05時01分17秒  CPU    %usr   %nice    %sys %iowait    %irq   %soft  %steal  %guest  %gnice   %idle
05時01分18秒    0   57.00    0.00   35.00    0.00    0.00    8.00    0.00    0.00    0.00    0.00
05時01分18秒    1   46.46    0.00   48.48    0.00    0.00    1.01    0.00    0.00    0.00    4.04

05時01分18秒  CPU    %usr   %nice    %sys %iowait    %irq   %soft  %steal  %guest  %gnice   %idle
05時01分19秒    0   56.00    0.00   36.00    0.00    0.00    7.00    0.00    0.00    0.00    1.00
05時01分19秒    1   55.00    0.00   44.00    0.00    0.00    1.00    0.00    0.00    0.00    0.00

05時01分19秒  CPU    %usr   %nice    %sys %iowait    %irq   %soft  %steal  %guest  %gnice   %idle
05時01分20秒    0   52.00    0.00   40.00    0.00    0.00    8.00    0.00    0.00    0.00    0.00
05時01分20秒    1   54.00    0.00   45.00    0.00    0.00    1.00    0.00    0.00    0.00    0.00

05時01分20秒  CPU    %usr   %nice    %sys %iowait    %irq   %soft  %steal  %guest  %gnice   %idle
05時01分21秒    0   58.00    0.00   35.00    0.00    0.00    7.00    0.00    0.00    0.00    0.00
05時01分21秒    1   55.56    0.00   43.43    0.00    0.00    1.01    0.00    0.00    0.00    0.00

05時01分21秒  CPU    %usr   %nice    %sys %iowait    %irq   %soft  %steal  %guest  %gnice   %idle
05時01分22秒    0   59.41    0.00   31.68    0.00    0.99    7.92    0.00    0.00    0.00    0.00
05時01分22秒    1   54.00    0.00   44.00    0.00    0.00    1.00    0.00    0.00    0.00    1.00

05時01分22秒  CPU    %usr   %nice    %sys %iowait    %irq   %soft  %steal  %guest  %gnice   %idle
05時01分23秒    0   53.00    0.00   38.00    0.00    0.00    7.00    0.00    0.00    0.00    2.00
05時01分23秒    1   58.00    0.00   41.00    0.00    0.00    1.00    0.00    0.00    0.00    0.00

05時01分23秒  CPU    %usr   %nice    %sys %iowait    %irq   %soft  %steal  %guest  %gnice   %idle
05時01分24秒    0   55.45    0.00   36.63    0.00    0.00    7.92    0.00    0.00    0.00    0.00
05時01分24秒    1   56.57    0.00   42.42    0.00    0.00    1.01    0.00    0.00    0.00    0.00

05時01分24秒  CPU    %usr   %nice    %sys %iowait    %irq   %soft  %steal  %guest  %gnice   %idle
05時01分25秒    0   53.06    0.00   39.80    0.00    0.00    7.14    0.00    0.00    0.00    0.00
05時01分25秒    1   60.40    0.00   37.62    0.00    0.00    0.99    0.00    0.00    0.00    0.99

05時01分25秒  CPU    %usr   %nice    %sys %iowait    %irq   %soft  %steal  %guest  %gnice   %idle
05時01分26秒    0   50.51    0.00   41.41    0.00    0.00    8.08    0.00    0.00    0.00    0.00
05時01分26秒    1   53.54    0.00   45.45    0.00    0.00    1.01    0.00    0.00    0.00    0.00

05時01分26秒  CPU    %usr   %nice    %sys %iowait    %irq   %soft  %steal  %guest  %gnice   %idle
05時01分27秒    0   56.44    0.00   35.64    0.00    0.00    6.93    0.00    0.00    0.00    0.99
05時01分27秒    1   51.00    0.00   48.00    0.00    0.00    1.00    0.00    0.00    0.00    0.00

05時01分27秒  CPU    %usr   %nice    %sys %iowait    %irq   %soft  %steal  %guest  %gnice   %idle
05時01分28秒    0   58.59    0.00   34.34    0.00    0.00    7.07    0.00    0.00    0.00    0.00
05時01分28秒    1   55.45    0.00   42.57    0.00    0.99    0.99    0.00    0.00    0.00    0.00

05時01分28秒  CPU    %usr   %nice    %sys %iowait    %irq   %soft  %steal  %guest  %gnice   %idle
05時01分29秒    0   52.00    0.00   40.00    0.00    0.00    8.00    0.00    0.00    0.00    0.00
05時01分29秒    1   52.53    0.00   47.47    0.00    0.00    0.00    0.00    0.00    0.00    0.00

05時01分29秒  CPU    %usr   %nice    %sys %iowait    %irq   %soft  %steal  %guest  %gnice   %idle
05時01分30秒    0   51.52    0.00   41.41    0.00    0.00    7.07    0.00    0.00    0.00    0.00
05時01分30秒    1   56.44    0.00   43.56    0.00    0.00    0.00    0.00    0.00    0.00    0.00

05時01分30秒  CPU    %usr   %nice    %sys %iowait    %irq   %soft  %steal  %guest  %gnice   %idle
05時01分31秒    0   47.47    0.00   26.26    0.00    0.00    6.06    0.00    0.00    0.00   20.20
05時01分31秒    1   57.00    0.00   42.00    0.00    0.00    1.00    0.00    0.00    0.00    0.00

05時01分31秒  CPU    %usr   %nice    %sys %iowait    %irq   %soft  %steal  %guest  %gnice   %idle
05時01分32秒    0   49.00    0.00   35.00    0.00    0.00    7.00    0.00    0.00    0.00    9.00
05時01分32秒    1   48.39    0.00   23.66    0.00    0.00    4.30    0.00    0.00    0.00   23.66

05時01分32秒  CPU    %usr   %nice    %sys %iowait    %irq   %soft  %steal  %guest  %gnice   %idle
05時01分33秒    0   51.52    0.00   36.36    0.00    0.00    8.08    0.00    0.00    0.00    4.04
05時01分33秒    1   46.81    0.00   22.34    0.00    0.00    3.19    0.00    0.00    0.00   27.66

05時01分33秒  CPU    %usr   %nice    %sys %iowait    %irq   %soft  %steal  %guest  %gnice   %idle
05時01分34秒    0   55.45    0.00   33.66    0.00    0.00    6.93    0.00    0.00    0.00    3.96
05時01分34秒    1   45.56    0.00   22.22    0.00    0.00    2.22    0.00    0.00    0.00   30.00

05時01分34秒  CPU    %usr   %nice    %sys %iowait    %irq   %soft  %steal  %guest  %gnice   %idle
05時01分35秒    0   53.00    0.00   37.00    0.00    0.00    7.00    0.00    0.00    0.00    3.00
05時01分35秒    1   46.81    0.00   21.28    0.00    0.00    3.19    0.00    0.00    0.00   28.72

05時01分35秒  CPU    %usr   %nice    %sys %iowait    %irq   %soft  %steal  %guest  %gnice   %idle
05時01分36秒    0   53.00    0.00   37.00    0.00    0.00    7.00    0.00    0.00    0.00    3.00
05時01分36秒    1   49.46    0.00   21.51    0.00    0.00    2.15    0.00    0.00    0.00   26.88

05時01分36秒  CPU    %usr   %nice    %sys %iowait    %irq   %soft  %steal  %guest  %gnice   %idle
05時01分37秒    0   51.46    0.00   36.89    0.00    0.00    7.77    0.00    0.00    0.00    3.88
05時01分37秒    1   44.09    0.00   25.81    0.00    0.00    2.15    0.00    0.00    0.00   27.96

05時01分37秒  CPU    %usr   %nice    %sys %iowait    %irq   %soft  %steal  %guest  %gnice   %idle
05時01分38秒    0   52.94    0.00   36.27    0.00    0.00    6.86    0.00    0.00    0.00    3.92
05時01分38秒    1   45.16    0.00   24.73    0.00    0.00    3.23    0.00    0.00    0.00   26.88

05時01分38秒  CPU    %usr   %nice    %sys %iowait    %irq   %soft  %steal  %guest  %gnice   %idle
05時01分39秒    0   50.00    0.00   40.00    0.00    1.00    7.00    0.00    0.00    0.00    2.00
05時01分39秒    1   45.36    0.00   32.99    0.00    0.00    2.06    0.00    0.00    0.00   19.59

05時01分39秒  CPU    %usr   %nice    %sys %iowait    %irq   %soft  %steal  %guest  %gnice   %idle
05時01分40秒    0   51.49    0.00   39.60    0.00    0.00    7.92    0.00    0.00    0.00    0.99
05時01分40秒    1   56.57    0.00   42.42    0.00    0.00    1.01    0.00    0.00    0.00    0.00

05時01分40秒  CPU    %usr   %nice    %sys %iowait    %irq   %soft  %steal  %guest  %gnice   %idle
05時01分41秒    0   54.00    0.00   39.00    0.00    0.00    7.00    0.00    0.00    0.00    0.00
05時01分41秒    1   53.00    0.00   46.00    0.00    0.00    1.00    0.00    0.00    0.00    0.00

05時01分41秒  CPU    %usr   %nice    %sys %iowait    %irq   %soft  %steal  %guest  %gnice   %idle
05時01分42秒    0   56.00    0.00   36.00    0.00    0.00    8.00    0.00    0.00    0.00    0.00
05時01分42秒    1   56.00    0.00   43.00    0.00    0.00    0.00    0.00    0.00    0.00    1.00

05時01分42秒  CPU    %usr   %nice    %sys %iowait    %irq   %soft  %steal  %guest  %gnice   %idle
05時01分43秒    0   54.46    0.00   37.62    0.00    0.00    6.93    0.00    0.00    0.00    0.99
05時01分43秒    1   56.00    0.00   43.00    0.00    0.00    1.00    0.00    0.00    0.00    0.00

05時01分43秒  CPU    %usr   %nice    %sys %iowait    %irq   %soft  %steal  %guest  %gnice   %idle
05時01分44秒    0   53.54    0.00   38.38    0.00    0.00    8.08    0.00    0.00    0.00    0.00
05時01分44秒    1   52.00    0.00   47.00    0.00    0.00    1.00    0.00    0.00    0.00    0.00

05時01分44秒  CPU    %usr   %nice    %sys %iowait    %irq   %soft  %steal  %guest  %gnice   %idle
05時01分45秒    0   57.58    0.00   35.35    0.00    0.00    7.07    0.00    0.00    0.00    0.00
05時01分45秒    1   54.00    0.00   45.00    0.00    0.00    1.00    0.00    0.00    0.00    0.00

05時01分45秒  CPU    %usr   %nice    %sys %iowait    %irq   %soft  %steal  %guest  %gnice   %idle
05時01分46秒    0   53.06    0.00   39.80    0.00    0.00    7.14    0.00    0.00    0.00    0.00
05時01分46秒    1   50.50    0.00   47.52    0.00    0.99    0.99    0.00    0.00    0.00    0.00

05時01分46秒  CPU    %usr   %nice    %sys %iowait    %irq   %soft  %steal  %guest  %gnice   %idle
05時01分47秒    0   55.00    0.00   36.00    0.00    0.00    8.00    0.00    0.00    0.00    1.00
05時01分47秒    1   53.00    0.00   46.00    0.00    0.00    1.00    0.00    0.00    0.00    0.00

05時01分47秒  CPU    %usr   %nice    %sys %iowait    %irq   %soft  %steal  %guest  %gnice   %idle
05時01分48秒    0   56.57    0.00   36.36    0.00    0.00    7.07    0.00    0.00    0.00    0.00
05時01分48秒    1   56.00    0.00   43.00    0.00    0.00    1.00    0.00    0.00    0.00    0.00

05時01分48秒  CPU    %usr   %nice    %sys %iowait    %irq   %soft  %steal  %guest  %gnice   %idle
05時01分49秒    0   55.00    0.00   37.00    0.00    0.00    8.00    0.00    0.00    0.00    0.00
05時01分49秒    1   51.52    0.00   48.48    0.00    0.00    0.00    0.00    0.00    0.00    0.00

05時01分49秒  CPU    %usr   %nice    %sys %iowait    %irq   %soft  %steal  %guest  %gnice   %idle
05時01分50秒    0   56.44    0.00   35.64    0.00    0.00    6.93    0.00    0.00    0.00    0.99
05時01分50秒    1   55.56    0.00   43.43    0.00    0.00    1.01    0.00    0.00    0.00    0.00

05時01分50秒  CPU    %usr   %nice    %sys %iowait    %irq   %soft  %steal  %guest  %gnice   %idle
05時01分51秒    0   52.53    0.00   39.39    0.00    0.00    8.08    0.00    0.00    0.00    0.00
05時01分51秒    1   59.00    0.00   40.00    0.00    0.00    1.00    0.00    0.00    0.00    0.00

05時01分51秒  CPU    %usr   %nice    %sys %iowait    %irq   %soft  %steal  %guest  %gnice   %idle
05時01分52秒    0   53.00    0.00   40.00    0.00    0.00    7.00    0.00    0.00    0.00    0.00
05時01分52秒    1   54.46    0.00   44.55    0.00    0.00    0.99    0.00    0.00    0.00    0.00

05時01分52秒  CPU    %usr   %nice    %sys %iowait    %irq   %soft  %steal  %guest  %gnice   %idle
05時01分53秒    0   52.48    0.00   38.61    0.00    0.00    7.92    0.00    0.00    0.00    0.99
05時01分53秒    1   55.56    0.00   43.43    0.00    0.00    1.01    0.00    0.00    0.00    0.00

05時01分53秒  CPU    %usr   %nice    %sys %iowait    %irq   %soft  %steal  %guest  %gnice   %idle
05時01分54秒    0   53.54    0.00   39.39    0.00    0.00    7.07    0.00    0.00    0.00    0.00
05時01分54秒    1   55.00    0.00   44.00    0.00    0.00    1.00    0.00    0.00    0.00    0.00

05時01分54秒  CPU    %usr   %nice    %sys %iowait    %irq   %soft  %steal  %guest  %gnice   %idle
05時01分55秒    0   57.58    0.00   35.35    0.00    0.00    7.07    0.00    0.00    0.00    0.00
05時01分55秒    1   53.00    0.00   46.00    0.00    0.00    1.00    0.00    0.00    0.00    0.00

05時01分55秒  CPU    %usr   %nice    %sys %iowait    %irq   %soft  %steal  %guest  %gnice   %idle
05時01分56秒    0   57.43    0.00   33.66    0.00    0.99    7.92    0.00    0.00    0.00    0.00
05時01分56秒    1   46.46    0.00   53.54    0.00    0.00    0.00    0.00    0.00    0.00    0.00

05時01分56秒  CPU    %usr   %nice    %sys %iowait    %irq   %soft  %steal  %guest  %gnice   %idle
05時01分57秒    0   53.00    0.00   40.00    0.00    0.00    7.00    0.00    0.00    0.00    0.00
05時01分57秒    1   57.00    0.00   42.00    0.00    0.00    1.00    0.00    0.00    0.00    0.00

05時01分57秒  CPU    %usr   %nice    %sys %iowait    %irq   %soft  %steal  %guest  %gnice   %idle
05時01分58秒    0   55.45    0.00   35.64    0.00    0.00    7.92    0.00    0.00    0.00    0.99
05時01分58秒    1   53.47    0.00   45.54    0.00    0.00    0.99    0.00    0.00    0.00    0.00

05時01分58秒  CPU    %usr   %nice    %sys %iowait    %irq   %soft  %steal  %guest  %gnice   %idle
05時01分59秒    0   55.10    0.00   37.76    0.00    0.00    7.14    0.00    0.00    0.00    0.00
05時01分59秒    1   63.64    0.00   35.35    0.00    0.00    1.01    0.00    0.00    0.00    0.00

05時01分59秒  CPU    %usr   %nice    %sys %iowait    %irq   %soft  %steal  %guest  %gnice   %idle
05時02分00秒    0   55.45    0.00   36.63    0.00    0.00    7.92    0.00    0.00    0.00    0.00
05時02分00秒    1   55.00    0.00   44.00    0.00    0.00    1.00    0.00    0.00    0.00    0.00

05時02分00秒  CPU    %usr   %nice    %sys %iowait    %irq   %soft  %steal  %guest  %gnice   %idle
05時02分01秒    0   50.00    0.00   42.00    0.00    0.00    7.00    0.00    0.00    0.00    1.00
05時02分01秒    1   54.55    0.00   45.45    0.00    0.00    0.00    0.00    0.00    0.00    0.00

05時02分01秒  CPU    %usr   %nice    %sys %iowait    %irq   %soft  %steal  %guest  %gnice   %idle
05時02分02秒    0   52.53    0.00   39.39    0.00    0.00    8.08    0.00    0.00    0.00    0.00
05時02分02秒    1   53.92    0.00   44.12    0.00    0.98    0.98    0.00    0.00    0.00    0.00

05時02分02秒  CPU    %usr   %nice    %sys %iowait    %irq   %soft  %steal  %guest  %gnice   %idle
05時02分03秒    0   56.00    0.00   37.00    0.00    0.00    7.00    0.00    0.00    0.00    0.00
05時02分03秒    1   51.00    0.00   48.00    0.00    0.00    1.00    0.00    0.00    0.00    0.00

05時02分03秒  CPU    %usr   %nice    %sys %iowait    %irq   %soft  %steal  %guest  %gnice   %idle
05時02分04秒    0   50.51    0.00   42.42    0.00    0.00    7.07    0.00    0.00    0.00    0.00
05時02分04秒    1   55.00    0.00   44.00    0.00    0.00    1.00    0.00    0.00    0.00    0.00

05時02分04秒  CPU    %usr   %nice    %sys %iowait    %irq   %soft  %steal  %guest  %gnice   %idle
05時02分05秒    0   56.44    0.00   34.65    0.00    0.00    7.92    0.00    0.00    0.00    0.99
05時02分05秒    1   53.00    0.00   46.00    0.00    0.00    1.00    0.00    0.00    0.00    0.00

05時02分05秒  CPU    %usr   %nice    %sys %iowait    %irq   %soft  %steal  %guest  %gnice   %idle
05時02分06秒    0   58.59    0.00   34.34    0.00    0.00    7.07    0.00    0.00    0.00    0.00
05時02分06秒    1   59.00    0.00   39.00    0.00    0.00    1.00    0.00    0.00    0.00    1.00

05時02分06秒  CPU    %usr   %nice    %sys %iowait    %irq   %soft  %steal  %guest  %gnice   %idle
05時02分07秒    0   56.57    0.00   35.35    0.00    0.00    8.08    0.00    0.00    0.00    0.00
05時02分07秒    1   54.46    0.00   44.55    0.00    0.00    0.99    0.00    0.00    0.00    0.00

05時02分07秒  CPU    %usr   %nice    %sys %iowait    %irq   %soft  %steal  %guest  %gnice   %idle
05時02分08秒    0   53.47    0.00   38.61    0.00    0.00    6.93    0.00    0.00    0.00    0.99
05時02分08秒    1   54.08    0.00   45.92    0.00    0.00    0.00    0.00    0.00    0.00    0.00

05時02分08秒  CPU    %usr   %nice    %sys %iowait    %irq   %soft  %steal  %guest  %gnice   %idle
05時02分09秒    0   55.00    0.00   38.00    0.00    0.00    7.00    0.00    0.00    0.00    0.00
05時02分09秒    1   55.45    0.00   43.56    0.00    0.00    0.99    0.00    0.00    0.00    0.00

05時02分09秒  CPU    %usr   %nice    %sys %iowait    %irq   %soft  %steal  %guest  %gnice   %idle
05時02分10秒    0   54.00    0.00   38.00    0.00    0.00    8.00    0.00    0.00    0.00    0.00
05時02分10秒    1   54.00    0.00   45.00    0.00    0.00    1.00    0.00    0.00    0.00    0.00

05時02分10秒  CPU    %usr   %nice    %sys %iowait    %irq   %soft  %steal  %guest  %gnice   %idle
05時02分11秒    0   49.49    0.00   43.43    0.00    0.00    7.07    0.00    0.00    0.00    0.00
05時02分11秒    1   53.54    0.00   45.45    0.00    0.00    1.01    0.00    0.00    0.00    0.00

05時02分11秒  CPU    %usr   %nice    %sys %iowait    %irq   %soft  %steal  %guest  %gnice   %idle
05時02分12秒    0   53.00    0.00   38.00    0.00    0.00    8.00    0.00    0.00    0.00    1.00
05時02分12秒    1   57.00    0.00   42.00    0.00    0.00    1.00    0.00    0.00    0.00    0.00

05時02分12秒  CPU    %usr   %nice    %sys %iowait    %irq   %soft  %steal  %guest  %gnice   %idle
05時02分13秒    0   53.00    0.00   39.00    0.00    1.00    7.00    0.00    0.00    0.00    0.00
05時02分13秒    1   56.00    0.00   43.00    0.00    0.00    1.00    0.00    0.00    0.00    0.00

05時02分13秒  CPU    %usr   %nice    %sys %iowait    %irq   %soft  %steal  %guest  %gnice   %idle
05時02分14秒    0   57.43    0.00   34.65    0.00    0.00    6.93    0.00    0.00    0.00    0.99
05時02分14秒    1   56.57    0.00   41.41    0.00    0.00    1.01    0.00    0.00    0.00    1.01

05時02分14秒  CPU    %usr   %nice    %sys %iowait    %irq   %soft  %steal  %guest  %gnice   %idle
05時02分15秒    0   61.00    0.00   31.00    0.00    0.00    8.00    0.00    0.00    0.00    0.00
05時02分15秒    1   56.00    0.00   44.00    0.00    0.00    0.00    0.00    0.00    0.00    0.00

05時02分15秒  CPU    %usr   %nice    %sys %iowait    %irq   %soft  %steal  %guest  %gnice   %idle
05時02分16秒    0   56.00    0.00   37.00    0.00    0.00    7.00    0.00    0.00    0.00    0.00
05時02分16秒    1   58.00    0.00   41.00    0.00    0.00    1.00    0.00    0.00    0.00    0.00

05時02分16秒  CPU    %usr   %nice    %sys %iowait    %irq   %soft  %steal  %guest  %gnice   %idle
05時02分17秒    0   55.00    0.00   36.00    0.00    0.00    8.00    0.00    0.00    0.00    1.00
05時02分17秒    1   56.00    0.00   43.00    0.00    0.00    1.00    0.00    0.00    0.00    0.00

05時02分17秒  CPU    %usr   %nice    %sys %iowait    %irq   %soft  %steal  %guest  %gnice   %idle
05時02分18秒    0   53.06    0.00   39.80    0.00    0.00    7.14    0.00    0.00    0.00    0.00
05時02分18秒    1   53.00    0.00   45.00    0.00    1.00    1.00    0.00    0.00    0.00    0.00

05時02分18秒  CPU    %usr   %nice    %sys %iowait    %irq   %soft  %steal  %guest  %gnice   %idle
05時02分19秒    0   51.52    0.00   34.34    0.00    0.00    7.07    0.00    0.00    0.00    7.07
05時02分19秒    1   57.00    0.00   42.00    0.00    0.00    1.00    0.00    0.00    0.00    0.00

05時02分19秒  CPU    %usr   %nice    %sys %iowait    %irq   %soft  %steal  %guest  %gnice   %idle
05時02分20秒    0   50.00    0.00   36.73    0.00    0.00    7.14    0.00    0.00    0.00    6.12
05時02分20秒    1   40.43    0.00   29.79    0.00    0.00    2.13    0.00    0.00    0.00   27.66

05時02分20秒  CPU    %usr   %nice    %sys %iowait    %irq   %soft  %steal  %guest  %gnice   %idle
05時02分21秒    0   52.00    0.00   40.00    0.00    0.00    8.00    0.00    0.00    0.00    0.00
05時02分21秒    1   48.48    0.00   42.42    0.00    0.00    2.02    0.00    0.00    0.00    7.07

05時02分21秒  CPU    %usr   %nice    %sys %iowait    %irq   %soft  %steal  %guest  %gnice   %idle
05時02分22秒    0   52.53    0.00   39.39    0.00    0.00    7.07    0.00    0.00    0.00    1.01
05時02分22秒    1   53.47    0.00   45.54    0.00    0.00    0.99    0.00    0.00    0.00    0.00

05時02分22秒  CPU    %usr   %nice    %sys %iowait    %irq   %soft  %steal  %guest  %gnice   %idle
05時02分23秒    0   59.00    0.00   33.00    0.00    0.00    8.00    0.00    0.00    0.00    0.00
05時02分23秒    1   55.00    0.00   44.00    0.00    1.00    0.00    0.00    0.00    0.00    0.00

05時02分23秒  CPU    %usr   %nice    %sys %iowait    %irq   %soft  %steal  %guest  %gnice   %idle
05時02分24秒    0   53.06    0.00   39.80    0.00    0.00    7.14    0.00    0.00    0.00    0.00
05時02分24秒    1   60.00    0.00   39.00    0.00    0.00    1.00    0.00    0.00    0.00    0.00

05時02分24秒  CPU    %usr   %nice    %sys %iowait    %irq   %soft  %steal  %guest  %gnice   %idle
05時02分25秒    0   56.00    0.00   35.00    0.00    0.00    8.00    0.00    0.00    0.00    1.00
05時02分25秒    1   51.52    0.00   47.47    0.00    0.00    1.01    0.00    0.00    0.00    0.00

05時02分25秒  CPU    %usr   %nice    %sys %iowait    %irq   %soft  %steal  %guest  %gnice   %idle
05時02分26秒    0   57.00    0.00   36.00    0.00    0.00    7.00    0.00    0.00    0.00    0.00
05時02分26秒    1   56.44    0.00   42.57    0.00    0.00    0.99    0.00    0.00    0.00    0.00

05時02分26秒  CPU    %usr   %nice    %sys %iowait    %irq   %soft  %steal  %guest  %gnice   %idle
05時02分27秒    0   51.49    0.00   38.61    0.00    0.00    7.92    0.00    0.00    0.00    1.98
05時02分27秒    1   62.00    0.00   37.00    0.00    0.00    1.00    0.00    0.00    0.00    0.00

05時02分27秒  CPU    %usr   %nice    %sys %iowait    %irq   %soft  %steal  %guest  %gnice   %idle
05時02分28秒    0   53.92    0.00   31.37    0.00    0.00    6.86    0.00    0.00    0.00    7.84
05時02分28秒    1   49.47    0.00   21.05    0.00    0.00    2.11    0.00    0.00    0.00   27.37

05時02分28秒  CPU    %usr   %nice    %sys %iowait    %irq   %soft  %steal  %guest  %gnice   %idle
05時02分29秒    0   52.58    0.00   38.14    0.00    0.00    7.22    0.00    0.00    0.00    2.06
05時02分29秒    1   47.37    0.00   22.11    0.00    0.00    3.16    0.00    0.00    0.00   27.37

05時02分29秒  CPU    %usr   %nice    %sys %iowait    %irq   %soft  %steal  %guest  %gnice   %idle
05時02分30秒    0   55.88    0.00   33.33    0.00    0.98    6.86    0.00    0.00    0.00    2.94
05時02分30秒    1   46.24    0.00   24.73    0.00    0.00    2.15    0.00    0.00    0.00   26.88

05時02分30秒  CPU    %usr   %nice    %sys %iowait    %irq   %soft  %steal  %guest  %gnice   %idle
05時02分31秒    0   53.92    0.00   34.31    0.00    0.00    7.84    0.00    0.00    0.00    3.92
05時02分31秒    1   46.24    0.00   22.58    0.00    0.00    2.15    0.00    0.00    0.00   29.03

05時02分31秒  CPU    %usr   %nice    %sys %iowait    %irq   %soft  %steal  %guest  %gnice   %idle
05時02分32秒    0   52.53    0.00   37.37    0.00    0.00    7.07    0.00    0.00    0.00    3.03
05時02分32秒    1   44.21    0.00   25.26    0.00    0.00    3.16    0.00    0.00    0.00   27.37

05時02分32秒  CPU    %usr   %nice    %sys %iowait    %irq   %soft  %steal  %guest  %gnice   %idle
05時02分33秒    0   56.00    0.00   34.00    0.00    0.00    7.00    0.00    0.00    0.00    3.00
05時02分33秒    1   45.74    0.00   22.34    0.00    0.00    2.13    0.00    0.00    0.00   29.79

05時02分33秒  CPU    %usr   %nice    %sys %iowait    %irq   %soft  %steal  %guest  %gnice   %idle
05時02分34秒    0   56.31    0.00   32.04    0.00    0.00    7.77    0.00    0.00    0.00    3.88
05時02分34秒    1   51.61    0.00   19.35    0.00    0.00    3.23    0.00    0.00    0.00   25.81

05時02分34秒  CPU    %usr   %nice    %sys %iowait    %irq   %soft  %steal  %guest  %gnice   %idle
05時02分35秒    0   51.49    0.00   38.61    0.00    0.00    6.93    0.00    0.00    0.00    2.97
05時02分35秒    1   45.74    0.00   21.28    0.00    0.00    2.13    0.00    0.00    0.00   30.85

05時02分35秒  CPU    %usr   %nice    %sys %iowait    %irq   %soft  %steal  %guest  %gnice   %idle
05時02分36秒    0   54.55    0.00   33.33    0.00    0.00    7.07    0.00    0.00    0.00    5.05
05時02分36秒    1   44.68    0.00   24.47    0.00    0.00    3.19    0.00    0.00    0.00   27.66

05時02分36秒  CPU    %usr   %nice    %sys %iowait    %irq   %soft  %steal  %guest  %gnice   %idle
05時02分37秒    0   54.46    0.00   34.65    0.00    0.00    7.92    0.00    0.00    0.00    2.97
05時02分37秒    1   48.91    0.00   21.74    0.00    0.00    2.17    0.00    0.00    0.00   27.17

05時02分37秒  CPU    %usr   %nice    %sys %iowait    %irq   %soft  %steal  %guest  %gnice   %idle
05時02分38秒    0   39.60    0.00   34.65    0.00    0.00    5.94    0.00    0.00    0.00   19.80
05時02分38秒    1   52.13    0.00   22.34    0.00    0.00    3.19    0.00    0.00    0.00   22.34

05時02分38秒  CPU    %usr   %nice    %sys %iowait    %irq   %soft  %steal  %guest  %gnice   %idle
05時02分39秒    0   47.47    0.00   30.30    0.00    0.00    6.06    0.00    0.00    0.00   16.16
05時02分39秒    1   61.62    0.00   33.33    0.00    0.00    1.01    0.00    0.00    0.00    4.04

平均時間：  CPU    %usr   %nice    %sys %iowait    %irq   %soft  %steal  %guest  %gnice   %idle
平均時間：    0   53.77    0.00   36.74    0.00    0.06    7.36    0.00    0.00    0.00    2.08
平均時間：    1   52.67    0.00   37.32    0.00    0.06    1.44    0.00    0.00    0.00    8.51
