Linux 5.6.15-arch1-1 (archlinux) 	西元2020年06月29日 	_x86_64_	(12 CPU)

05時13分45秒  CPU    %usr   %nice    %sys %iowait    %irq   %soft  %steal  %guest  %gnice   %idle
05時13分46秒    0   55.00    0.00   35.00    0.00    0.00    8.00    0.00    0.00    0.00    2.00
05時13分46秒    1   44.68    0.00   23.40    0.00    0.00    3.19    0.00    0.00    0.00   28.72

05時13分46秒  CPU    %usr   %nice    %sys %iowait    %irq   %soft  %steal  %guest  %gnice   %idle
05時13分47秒    0   52.53    0.00   37.37    0.00    0.00    8.08    0.00    0.00    0.00    2.02
05時13分47秒    1   42.55    0.00   24.47    0.00    0.00    2.13    0.00    0.00    0.00   30.85

05時13分47秒  CPU    %usr   %nice    %sys %iowait    %irq   %soft  %steal  %guest  %gnice   %idle
05時13分48秒    0   51.52    0.00   38.38    0.00    0.00    8.08    0.00    0.00    0.00    2.02
05時13分48秒    1   44.79    0.00   23.96    0.00    0.00    3.12    0.00    0.00    0.00   28.12

05時13分48秒  CPU    %usr   %nice    %sys %iowait    %irq   %soft  %steal  %guest  %gnice   %idle
05時13分49秒    0   52.48    0.00   38.61    0.00    0.00    7.92    0.00    0.00    0.00    0.99
05時13分49秒    1   48.98    0.00   42.86    0.00    0.00    1.02    0.00    0.00    0.00    7.14

05時13分49秒  CPU    %usr   %nice    %sys %iowait    %irq   %soft  %steal  %guest  %gnice   %idle
05時13分50秒    0   54.00    0.00   37.00    0.00    1.00    8.00    0.00    0.00    0.00    0.00
05時13分50秒    1   56.00    0.00   43.00    0.00    0.00    1.00    0.00    0.00    0.00    0.00

05時13分50秒  CPU    %usr   %nice    %sys %iowait    %irq   %soft  %steal  %guest  %gnice   %idle
05時13分51秒    0   57.00    0.00   35.00    0.00    0.00    8.00    0.00    0.00    0.00    0.00
05時13分51秒    1   57.58    0.00   41.41    0.00    0.00    1.01    0.00    0.00    0.00    0.00

05時13分51秒  CPU    %usr   %nice    %sys %iowait    %irq   %soft  %steal  %guest  %gnice   %idle
05時13分52秒    0   54.55    0.00   36.36    0.00    0.00    8.08    0.00    0.00    0.00    1.01
05時13分52秒    1   57.43    0.00   40.59    0.00    0.99    0.99    0.00    0.00    0.00    0.00

05時13分52秒  CPU    %usr   %nice    %sys %iowait    %irq   %soft  %steal  %guest  %gnice   %idle
05時13分53秒    0   50.98    0.00   40.20    0.00    0.00    8.82    0.00    0.00    0.00    0.00
05時13分53秒    1   52.00    0.00   47.00    0.00    0.00    1.00    0.00    0.00    0.00    0.00

05時13分53秒  CPU    %usr   %nice    %sys %iowait    %irq   %soft  %steal  %guest  %gnice   %idle
05時13分54秒    0   55.10    0.00   36.73    0.00    0.00    8.16    0.00    0.00    0.00    0.00
05時13分54秒    1   57.00    0.00   41.00    0.00    0.00    1.00    0.00    0.00    0.00    1.00

05時13分54秒  CPU    %usr   %nice    %sys %iowait    %irq   %soft  %steal  %guest  %gnice   %idle
05時13分55秒    0   51.49    0.00   39.60    0.00    0.00    7.92    0.00    0.00    0.00    0.99
05時13分55秒    1   57.00    0.00   42.00    0.00    0.00    1.00    0.00    0.00    0.00    0.00

05時13分55秒  CPU    %usr   %nice    %sys %iowait    %irq   %soft  %steal  %guest  %gnice   %idle
05時13分56秒    0   51.52    0.00   40.40    0.00    0.00    8.08    0.00    0.00    0.00    0.00
05時13分56秒    1   49.00    0.00   50.00    0.00    0.00    1.00    0.00    0.00    0.00    0.00

05時13分56秒  CPU    %usr   %nice    %sys %iowait    %irq   %soft  %steal  %guest  %gnice   %idle
05時13分57秒    0   52.48    0.00   38.61    0.00    0.00    7.92    0.00    0.00    0.00    0.99
05時13分57秒    1   56.00    0.00   43.00    0.00    0.00    1.00    0.00    0.00    0.00    0.00

05時13分57秒  CPU    %usr   %nice    %sys %iowait    %irq   %soft  %steal  %guest  %gnice   %idle
05時13分58秒    0   51.02    0.00   40.82    0.00    0.00    8.16    0.00    0.00    0.00    0.00
05時13分58秒    1   53.00    0.00   46.00    0.00    0.00    1.00    0.00    0.00    0.00    0.00

05時13分58秒  CPU    %usr   %nice    %sys %iowait    %irq   %soft  %steal  %guest  %gnice   %idle
05時13分59秒    0   55.00    0.00   36.00    0.00    0.00    9.00    0.00    0.00    0.00    0.00
05時13分59秒    1   56.00    0.00   44.00    0.00    0.00    0.00    0.00    0.00    0.00    0.00

05時13分59秒  CPU    %usr   %nice    %sys %iowait    %irq   %soft  %steal  %guest  %gnice   %idle
05時14分00秒    0   47.47    0.00   40.40    0.00    0.00    8.08    0.00    0.00    0.00    4.04
05時14分00秒    1   53.00    0.00   45.00    0.00    0.00    2.00    0.00    0.00    0.00    0.00

05時14分00秒  CPU    %usr   %nice    %sys %iowait    %irq   %soft  %steal  %guest  %gnice   %idle
05時14分01秒    0   52.04    0.00   34.69    0.00    0.00    8.16    0.00    0.00    0.00    5.10
05時14分01秒    1   57.00    0.00   42.00    0.00    0.00    1.00    0.00    0.00    0.00    0.00

05時14分01秒  CPU    %usr   %nice    %sys %iowait    %irq   %soft  %steal  %guest  %gnice   %idle
05時14分02秒    0   45.00    0.00   41.00    0.00    0.00    9.00    0.00    0.00    0.00    5.00
05時14分02秒    1   54.00    0.00   45.00    0.00    0.00    1.00    0.00    0.00    0.00    0.00

05時14分02秒  CPU    %usr   %nice    %sys %iowait    %irq   %soft  %steal  %guest  %gnice   %idle
05時14分03秒    0   52.08    0.00   34.38    0.00    0.00    8.33    0.00    0.00    0.00    5.21
05時14分03秒    1   57.00    0.00   42.00    0.00    0.00    1.00    0.00    0.00    0.00    0.00

05時14分03秒  CPU    %usr   %nice    %sys %iowait    %irq   %soft  %steal  %guest  %gnice   %idle
05時14分04秒    0   48.00    0.00   38.00    0.00    0.00    8.00    0.00    0.00    0.00    6.00
05時14分04秒    1   56.00    0.00   43.00    0.00    0.00    1.00    0.00    0.00    0.00    0.00

05時14分04秒  CPU    %usr   %nice    %sys %iowait    %irq   %soft  %steal  %guest  %gnice   %idle
05時14分05秒    0   51.52    0.00   37.37    0.00    0.00    8.08    0.00    0.00    0.00    3.03
05時14分05秒    1   56.57    0.00   40.40    0.00    0.00    1.01    0.00    0.00    0.00    2.02

05時14分05秒  CPU    %usr   %nice    %sys %iowait    %irq   %soft  %steal  %guest  %gnice   %idle
05時14分06秒    0   45.54    0.00   40.59    0.00    0.00    8.91    0.00    0.00    0.00    4.95
05時14分06秒    1   51.52    0.00   45.45    0.00    0.00    1.01    0.00    0.00    0.00    2.02

05時14分06秒  CPU    %usr   %nice    %sys %iowait    %irq   %soft  %steal  %guest  %gnice   %idle
05時14分07秒    0   48.51    0.00   37.62    0.00    0.99    7.92    0.00    0.00    0.00    4.95
05時14分07秒    1   57.58    0.00   41.41    0.00    0.00    1.01    0.00    0.00    0.00    0.00

05時14分07秒  CPU    %usr   %nice    %sys %iowait    %irq   %soft  %steal  %guest  %gnice   %idle
05時14分08秒    0   45.92    0.00   39.80    0.00    0.00    8.16    0.00    0.00    0.00    6.12
05時14分08秒    1   53.00    0.00   44.00    0.00    0.00    2.00    0.00    0.00    0.00    1.00

05時14分08秒  CPU    %usr   %nice    %sys %iowait    %irq   %soft  %steal  %guest  %gnice   %idle
05時14分09秒    0   47.47    0.00   38.38    0.00    0.00    8.08    0.00    0.00    0.00    6.06
05時14分09秒    1   52.48    0.00   45.54    0.00    0.99    0.99    0.00    0.00    0.00    0.00

05時14分09秒  CPU    %usr   %nice    %sys %iowait    %irq   %soft  %steal  %guest  %gnice   %idle
05時14分10秒    0   47.47    0.00   37.37    0.00    0.00    8.08    0.00    0.00    0.00    7.07
05時14分10秒    1   56.00    0.00   43.00    0.00    0.00    1.00    0.00    0.00    0.00    0.00

05時14分10秒  CPU    %usr   %nice    %sys %iowait    %irq   %soft  %steal  %guest  %gnice   %idle
05時14分11秒    0   48.00    0.00   43.00    0.00    0.00    9.00    0.00    0.00    0.00    0.00
05時14分11秒    1   53.00    0.00   45.00    0.00    0.00    1.00    0.00    0.00    0.00    1.00

05時14分11秒  CPU    %usr   %nice    %sys %iowait    %irq   %soft  %steal  %guest  %gnice   %idle
05時14分12秒    0   52.04    0.00   35.71    0.00    0.00    8.16    0.00    0.00    0.00    4.08
05時14分12秒    1   59.00    0.00   40.00    0.00    0.00    1.00    0.00    0.00    0.00    0.00

05時14分12秒  CPU    %usr   %nice    %sys %iowait    %irq   %soft  %steal  %guest  %gnice   %idle
05時14分13秒    0   53.54    0.00   34.34    0.00    0.00    8.08    0.00    0.00    0.00    4.04
05時14分13秒    1   55.56    0.00   43.43    0.00    0.00    1.01    0.00    0.00    0.00    0.00

05時14分13秒  CPU    %usr   %nice    %sys %iowait    %irq   %soft  %steal  %guest  %gnice   %idle
05時14分14秒    0   50.50    0.00   35.64    0.00    0.00    8.91    0.00    0.00    0.00    4.95
05時14分14秒    1   55.45    0.00   43.56    0.00    0.00    0.99    0.00    0.00    0.00    0.00

05時14分14秒  CPU    %usr   %nice    %sys %iowait    %irq   %soft  %steal  %guest  %gnice   %idle
05時14分15秒    0   52.04    0.00   36.73    0.00    0.00    8.16    0.00    0.00    0.00    3.06
05時14分15秒    1   55.10    0.00   40.82    0.00    0.00    1.02    0.00    0.00    0.00    3.06

05時14分15秒  CPU    %usr   %nice    %sys %iowait    %irq   %soft  %steal  %guest  %gnice   %idle
05時14分16秒    0   45.36    0.00   42.27    0.00    0.00    8.25    0.00    0.00    0.00    4.12
05時14分16秒    1   52.48    0.00   46.53    0.00    0.00    0.99    0.00    0.00    0.00    0.00

05時14分16秒  CPU    %usr   %nice    %sys %iowait    %irq   %soft  %steal  %guest  %gnice   %idle
05時14分17秒    0   49.00    0.00   37.00    0.00    0.00    9.00    0.00    0.00    0.00    5.00
05時14分17秒    1   54.55    0.00   44.44    0.00    0.00    1.01    0.00    0.00    0.00    0.00

05時14分17秒  CPU    %usr   %nice    %sys %iowait    %irq   %soft  %steal  %guest  %gnice   %idle
05時14分18秒    0   51.00    0.00   38.00    0.00    0.00    8.00    0.00    0.00    0.00    3.00
05時14分18秒    1   48.96    0.00   33.33    0.00    0.00    2.08    0.00    0.00    0.00   15.62

05時14分18秒  CPU    %usr   %nice    %sys %iowait    %irq   %soft  %steal  %guest  %gnice   %idle
05時14分19秒    0   50.00    0.00   40.00    0.00    0.00    8.00    0.00    0.00    0.00    2.00
05時14分19秒    1   45.16    0.00   23.66    0.00    1.08    2.15    0.00    0.00    0.00   27.96

05時14分19秒  CPU    %usr   %nice    %sys %iowait    %irq   %soft  %steal  %guest  %gnice   %idle
05時14分20秒    0   54.64    0.00   36.08    0.00    0.00    8.25    0.00    0.00    0.00    1.03
05時14分20秒    1   47.83    0.00   19.57    0.00    0.00    2.17    0.00    0.00    0.00   30.43

05時14分20秒  CPU    %usr   %nice    %sys %iowait    %irq   %soft  %steal  %guest  %gnice   %idle
05時14分21秒    0   49.00    0.00   40.00    0.00    0.00    8.00    0.00    0.00    0.00    3.00
05時14分21秒    1   45.26    0.00   23.16    0.00    0.00    3.16    0.00    0.00    0.00   28.42

05時14分21秒  CPU    %usr   %nice    %sys %iowait    %irq   %soft  %steal  %guest  %gnice   %idle
05時14分22秒    0   52.04    0.00   36.73    0.00    0.00    8.16    0.00    0.00    0.00    3.06
05時14分22秒    1   47.92    0.00   23.96    0.00    0.00    2.08    0.00    0.00    0.00   26.04

05時14分22秒  CPU    %usr   %nice    %sys %iowait    %irq   %soft  %steal  %guest  %gnice   %idle
05時14分23秒    0   56.44    0.00   33.66    0.00    0.00    7.92    0.00    0.00    0.00    1.98
05時14分23秒    1   45.74    0.00   21.28    0.00    0.00    3.19    0.00    0.00    0.00   29.79

05時14分23秒  CPU    %usr   %nice    %sys %iowait    %irq   %soft  %steal  %guest  %gnice   %idle
05時14分24秒    0   54.90    0.00   33.33    0.00    0.98    7.84    0.00    0.00    0.00    2.94
05時14分24秒    1   46.32    0.00   23.16    0.00    0.00    2.11    0.00    0.00    0.00   28.42

05時14分24秒  CPU    %usr   %nice    %sys %iowait    %irq   %soft  %steal  %guest  %gnice   %idle
05時14分25秒    0   53.00    0.00   37.00    0.00    0.00    8.00    0.00    0.00    0.00    2.00
05時14分25秒    1   44.57    0.00   23.91    0.00    0.00    3.26    0.00    0.00    0.00   28.26

05時14分25秒  CPU    %usr   %nice    %sys %iowait    %irq   %soft  %steal  %guest  %gnice   %idle
05時14分26秒    0   54.00    0.00   36.00    0.00    0.00    8.00    0.00    0.00    0.00    2.00
05時14分26秒    1   44.79    0.00   23.96    0.00    0.00    2.08    0.00    0.00    0.00   29.17

05時14分26秒  CPU    %usr   %nice    %sys %iowait    %irq   %soft  %steal  %guest  %gnice   %idle
05時14分27秒    0   51.52    0.00   38.38    0.00    0.00    8.08    0.00    0.00    0.00    2.02
05時14分27秒    1   48.94    0.00   23.40    0.00    0.00    3.19    0.00    0.00    0.00   24.47

05時14分27秒  CPU    %usr   %nice    %sys %iowait    %irq   %soft  %steal  %guest  %gnice   %idle
05時14分28秒    0   52.48    0.00   38.61    0.00    0.00    7.92    0.00    0.00    0.00    0.99
05時14分28秒    1   49.49    0.00   47.47    0.00    0.00    1.01    0.00    0.00    0.00    2.02

05時14分28秒  CPU    %usr   %nice    %sys %iowait    %irq   %soft  %steal  %guest  %gnice   %idle
05時14分29秒    0   54.64    0.00   36.08    0.00    0.00    7.22    0.00    0.00    0.00    2.06
05時14分29秒    1   47.37    0.00   26.32    0.00    0.00    2.11    0.00    0.00    0.00   24.21

05時14分29秒  CPU    %usr   %nice    %sys %iowait    %irq   %soft  %steal  %guest  %gnice   %idle
05時14分30秒    0   50.98    0.00   37.25    0.00    0.00    7.84    0.00    0.00    0.00    3.92
05時14分30秒    1   45.74    0.00   23.40    0.00    0.00    3.19    0.00    0.00    0.00   27.66

05時14分30秒  CPU    %usr   %nice    %sys %iowait    %irq   %soft  %steal  %guest  %gnice   %idle
05時14分31秒    0   50.51    0.00   39.39    0.00    0.00    8.08    0.00    0.00    0.00    2.02
05時14分31秒    1   45.26    0.00   22.11    0.00    1.05    2.11    0.00    0.00    0.00   29.47

05時14分31秒  CPU    %usr   %nice    %sys %iowait    %irq   %soft  %steal  %guest  %gnice   %idle
05時14分32秒    0   47.00    0.00   42.00    0.00    0.00    8.00    0.00    0.00    0.00    3.00
05時14分32秒    1   44.68    0.00   22.34    0.00    0.00    3.19    0.00    0.00    0.00   29.79

05時14分32秒  CPU    %usr   %nice    %sys %iowait    %irq   %soft  %steal  %guest  %gnice   %idle
05時14分33秒    0   50.52    0.00   39.18    0.00    0.00    8.25    0.00    0.00    0.00    2.06
05時14分33秒    1   48.42    0.00   20.00    0.00    0.00    2.11    0.00    0.00    0.00   29.47

05時14分33秒  CPU    %usr   %nice    %sys %iowait    %irq   %soft  %steal  %guest  %gnice   %idle
05時14分34秒    0   55.00    0.00   35.00    0.00    0.00    7.00    0.00    0.00    0.00    3.00
05時14分34秒    1   52.04    0.00   38.78    0.00    0.00    2.04    0.00    0.00    0.00    7.14

05時14分34秒  CPU    %usr   %nice    %sys %iowait    %irq   %soft  %steal  %guest  %gnice   %idle
05時14分35秒    0   51.52    0.00   40.40    0.00    0.00    8.08    0.00    0.00    0.00    0.00
05時14分35秒    1   52.00    0.00   47.00    0.00    0.00    1.00    0.00    0.00    0.00    0.00

05時14分35秒  CPU    %usr   %nice    %sys %iowait    %irq   %soft  %steal  %guest  %gnice   %idle
05時14分36秒    0   56.00    0.00   35.00    0.00    0.00    8.00    0.00    0.00    0.00    1.00
05時14分36秒    1   55.00    0.00   44.00    0.00    0.00    1.00    0.00    0.00    0.00    0.00

05時14分36秒  CPU    %usr   %nice    %sys %iowait    %irq   %soft  %steal  %guest  %gnice   %idle
05時14分37秒    0   46.00    0.00   46.00    0.00    0.00    8.00    0.00    0.00    0.00    0.00
05時14分37秒    1   60.61    0.00   39.39    0.00    0.00    0.00    0.00    0.00    0.00    0.00

05時14分37秒  CPU    %usr   %nice    %sys %iowait    %irq   %soft  %steal  %guest  %gnice   %idle
05時14分38秒    0   54.46    0.00   37.62    0.00    0.00    7.92    0.00    0.00    0.00    0.00
05時14分38秒    1   54.00    0.00   45.00    0.00    0.00    1.00    0.00    0.00    0.00    0.00

05時14分38秒  CPU    %usr   %nice    %sys %iowait    %irq   %soft  %steal  %guest  %gnice   %idle
05時14分39秒    0   57.58    0.00   34.34    0.00    0.00    8.08    0.00    0.00    0.00    0.00
05時14分39秒    1   59.00    0.00   40.00    0.00    0.00    1.00    0.00    0.00    0.00    0.00

05時14分39秒  CPU    %usr   %nice    %sys %iowait    %irq   %soft  %steal  %guest  %gnice   %idle
05時14分40秒    0   51.49    0.00   36.63    0.00    0.00    6.93    0.00    0.00    0.00    4.95
05時14分40秒    1   52.63    0.00   27.37    0.00    0.00    2.11    0.00    0.00    0.00   17.89

05時14分40秒  CPU    %usr   %nice    %sys %iowait    %irq   %soft  %steal  %guest  %gnice   %idle
05時14分41秒    0   56.44    0.00   32.67    0.00    0.99    7.92    0.00    0.00    0.00    1.98
05時14分41秒    1   46.88    0.00   22.92    0.00    0.00    3.12    0.00    0.00    0.00   27.08

05時14分41秒  CPU    %usr   %nice    %sys %iowait    %irq   %soft  %steal  %guest  %gnice   %idle
05時14分42秒    0   55.45    0.00   33.66    0.00    0.00    7.92    0.00    0.00    0.00    2.97
05時14分42秒    1   45.74    0.00   22.34    0.00    0.00    2.13    0.00    0.00    0.00   29.79

05時14分42秒  CPU    %usr   %nice    %sys %iowait    %irq   %soft  %steal  %guest  %gnice   %idle
05時14分43秒    0   49.00    0.00   40.00    0.00    0.00    8.00    0.00    0.00    0.00    3.00
05時14分43秒    1   47.31    0.00   19.35    0.00    0.00    3.23    0.00    0.00    0.00   30.11

05時14分43秒  CPU    %usr   %nice    %sys %iowait    %irq   %soft  %steal  %guest  %gnice   %idle
05時14分44秒    0   61.62    0.00   29.29    0.00    0.00    7.07    0.00    0.00    0.00    2.02
05時14分44秒    1   47.87    0.00   20.21    0.00    0.00    2.13    0.00    0.00    0.00   29.79

05時14分44秒  CPU    %usr   %nice    %sys %iowait    %irq   %soft  %steal  %guest  %gnice   %idle
05時14分45秒    0   52.48    0.00   36.63    0.00    0.00    7.92    0.00    0.00    0.00    2.97
05時14分45秒    1   47.87    0.00   20.21    0.00    0.00    3.19    0.00    0.00    0.00   28.72

05時14分45秒  CPU    %usr   %nice    %sys %iowait    %irq   %soft  %steal  %guest  %gnice   %idle
05時14分46秒    0   50.51    0.00   36.36    0.00    0.00    7.07    0.00    0.00    0.00    6.06
05時14分46秒    1   50.00    0.00   21.74    0.00    0.00    2.17    0.00    0.00    0.00   26.09

05時14分46秒  CPU    %usr   %nice    %sys %iowait    %irq   %soft  %steal  %guest  %gnice   %idle
05時14分47秒    0   57.14    0.00   34.69    0.00    0.00    8.16    0.00    0.00    0.00    0.00
05時14分47秒    1   54.90    0.00   40.20    0.00    0.00    1.96    0.00    0.00    0.00    2.94

05時14分47秒  CPU    %usr   %nice    %sys %iowait    %irq   %soft  %steal  %guest  %gnice   %idle
05時14分48秒    0   53.47    0.00   37.62    0.00    0.00    7.92    0.00    0.00    0.00    0.99
05時14分48秒    1   54.55    0.00   44.44    0.00    0.00    1.01    0.00    0.00    0.00    0.00

05時14分48秒  CPU    %usr   %nice    %sys %iowait    %irq   %soft  %steal  %guest  %gnice   %idle
05時14分49秒    0   55.00    0.00   37.00    0.00    0.00    8.00    0.00    0.00    0.00    0.00
05時14分49秒    1   58.59    0.00   41.41    0.00    0.00    0.00    0.00    0.00    0.00    0.00

05時14分49秒  CPU    %usr   %nice    %sys %iowait    %irq   %soft  %steal  %guest  %gnice   %idle
05時14分50秒    0   52.53    0.00   40.40    0.00    0.00    7.07    0.00    0.00    0.00    0.00
05時14分50秒    1   53.47    0.00   44.55    0.00    0.99    0.99    0.00    0.00    0.00    0.00

05時14分50秒  CPU    %usr   %nice    %sys %iowait    %irq   %soft  %steal  %guest  %gnice   %idle
05時14分51秒    0   55.00    0.00   37.00    0.00    0.00    8.00    0.00    0.00    0.00    0.00
05時14分51秒    1   58.00    0.00   41.00    0.00    0.00    1.00    0.00    0.00    0.00    0.00

05時14分51秒  CPU    %usr   %nice    %sys %iowait    %irq   %soft  %steal  %guest  %gnice   %idle
05時14分52秒    0   53.00    0.00   38.00    0.00    0.00    8.00    0.00    0.00    0.00    1.00
05時14分52秒    1   57.00    0.00   42.00    0.00    0.00    1.00    0.00    0.00    0.00    0.00

05時14分52秒  CPU    %usr   %nice    %sys %iowait    %irq   %soft  %steal  %guest  %gnice   %idle
05時14分53秒    0   56.00    0.00   36.00    0.00    0.00    8.00    0.00    0.00    0.00    0.00
05時14分53秒    1   58.00    0.00   41.00    0.00    0.00    1.00    0.00    0.00    0.00    0.00

05時14分53秒  CPU    %usr   %nice    %sys %iowait    %irq   %soft  %steal  %guest  %gnice   %idle
05時14分54秒    0   55.00    0.00   37.00    0.00    0.00    8.00    0.00    0.00    0.00    0.00
05時14分54秒    1   58.59    0.00   40.40    0.00    0.00    1.01    0.00    0.00    0.00    0.00

05時14分54秒  CPU    %usr   %nice    %sys %iowait    %irq   %soft  %steal  %guest  %gnice   %idle
05時14分55秒    0   58.42    0.00   32.67    0.00    0.00    7.92    0.00    0.00    0.00    0.99
05時14分55秒    1   56.00    0.00   43.00    0.00    0.00    1.00    0.00    0.00    0.00    0.00

05時14分55秒  CPU    %usr   %nice    %sys %iowait    %irq   %soft  %steal  %guest  %gnice   %idle
05時14分56秒    0   56.57    0.00   36.36    0.00    0.00    7.07    0.00    0.00    0.00    0.00
05時14分56秒    1   53.00    0.00   46.00    0.00    0.00    1.00    0.00    0.00    0.00    0.00

05時14分56秒  CPU    %usr   %nice    %sys %iowait    %irq   %soft  %steal  %guest  %gnice   %idle
05時14分57秒    0   53.06    0.00   38.78    0.00    0.00    8.16    0.00    0.00    0.00    0.00
05時14分57秒    1   54.55    0.00   43.43    0.00    0.00    1.01    0.00    0.00    0.00    1.01

05時14分57秒  CPU    %usr   %nice    %sys %iowait    %irq   %soft  %steal  %guest  %gnice   %idle
05時14分58秒    0   50.00    0.00   40.20    0.00    0.98    7.84    0.00    0.00    0.00    0.98
05時14分58秒    1   53.00    0.00   46.00    0.00    0.00    1.00    0.00    0.00    0.00    0.00

05時14分58秒  CPU    %usr   %nice    %sys %iowait    %irq   %soft  %steal  %guest  %gnice   %idle
05時14分59秒    0   55.00    0.00   37.00    0.00    0.00    8.00    0.00    0.00    0.00    0.00
05時14分59秒    1   56.44    0.00   42.57    0.00    0.00    0.99    0.00    0.00    0.00    0.00

05時14分59秒  CPU    %usr   %nice    %sys %iowait    %irq   %soft  %steal  %guest  %gnice   %idle
05時15分00秒    0   53.54    0.00   33.33    0.00    0.00    7.07    0.00    0.00    0.00    6.06
05時15分00秒    1   50.00    0.00   39.80    0.00    0.00    1.02    0.00    0.00    0.00    9.18

05時15分00秒  CPU    %usr   %nice    %sys %iowait    %irq   %soft  %steal  %guest  %gnice   %idle
05時15分01秒    0   53.47    0.00   35.64    0.00    0.00    7.92    0.00    0.00    0.00    2.97
05時15分01秒    1   47.37    0.00   18.95    0.00    0.00    3.16    0.00    0.00    0.00   30.53

05時15分01秒  CPU    %usr   %nice    %sys %iowait    %irq   %soft  %steal  %guest  %gnice   %idle
05時15分02秒    0   54.00    0.00   36.00    0.00    0.00    7.00    0.00    0.00    0.00    3.00
05時15分02秒    1   47.31    0.00   21.51    0.00    0.00    2.15    0.00    0.00    0.00   29.03

05時15分02秒  CPU    %usr   %nice    %sys %iowait    %irq   %soft  %steal  %guest  %gnice   %idle
05時15分03秒    0   50.00    0.00   39.22    0.00    0.00    7.84    0.00    0.00    0.00    2.94
05時15分03秒    1   46.24    0.00   21.51    0.00    0.00    3.23    0.00    0.00    0.00   29.03

05時15分03秒  CPU    %usr   %nice    %sys %iowait    %irq   %soft  %steal  %guest  %gnice   %idle
05時15分04秒    0   51.52    0.00   39.39    0.00    0.00    7.07    0.00    0.00    0.00    2.02
05時15分04秒    1   45.83    0.00   23.96    0.00    0.00    2.08    0.00    0.00    0.00   28.12

05時15分04秒  CPU    %usr   %nice    %sys %iowait    %irq   %soft  %steal  %guest  %gnice   %idle
05時15分05秒    0   49.02    0.00   41.18    0.00    0.00    6.86    0.00    0.00    0.00    2.94
05時15分05秒    1   45.16    0.00   22.58    0.00    0.00    3.23    0.00    0.00    0.00   29.03

05時15分05秒  CPU    %usr   %nice    %sys %iowait    %irq   %soft  %steal  %guest  %gnice   %idle
05時15分06秒    0   53.00    0.00   37.00    0.00    0.00    7.00    0.00    0.00    0.00    3.00
05時15分06秒    1   42.39    0.00   25.00    0.00    0.00    2.17    0.00    0.00    0.00   30.43

05時15分06秒  CPU    %usr   %nice    %sys %iowait    %irq   %soft  %steal  %guest  %gnice   %idle
05時15分07秒    0   56.00    0.00   34.00    0.00    0.00    7.00    0.00    0.00    0.00    3.00
05時15分07秒    1   44.68    0.00   23.40    0.00    0.00    3.19    0.00    0.00    0.00   28.72

05時15分07秒  CPU    %usr   %nice    %sys %iowait    %irq   %soft  %steal  %guest  %gnice   %idle
05時15分08秒    0   59.00    0.00   32.00    0.00    0.00    6.00    0.00    0.00    0.00    3.00
05時15分08秒    1   45.74    0.00   23.40    0.00    1.06    2.13    0.00    0.00    0.00   27.66

05時15分08秒  CPU    %usr   %nice    %sys %iowait    %irq   %soft  %steal  %guest  %gnice   %idle
05時15分09秒    0   50.00    0.00   38.00    0.00    0.00    8.00    0.00    0.00    0.00    4.00
05時15分09秒    1   50.53    0.00   18.95    0.00    0.00    3.16    0.00    0.00    0.00   27.37

05時15分09秒  CPU    %usr   %nice    %sys %iowait    %irq   %soft  %steal  %guest  %gnice   %idle
05時15分10秒    0   47.47    0.00   37.37    0.00    0.00    6.06    0.00    0.00    0.00    9.09
05時15分10秒    1   54.08    0.00   35.71    0.00    0.00    2.04    0.00    0.00    0.00    8.16

05時15分10秒  CPU    %usr   %nice    %sys %iowait    %irq   %soft  %steal  %guest  %gnice   %idle
05時15分11秒    0   52.00    0.00   40.00    0.00    0.00    7.00    0.00    0.00    0.00    1.00
05時15分11秒    1   56.00    0.00   42.00    0.00    0.00    1.00    0.00    0.00    0.00    1.00

05時15分11秒  CPU    %usr   %nice    %sys %iowait    %irq   %soft  %steal  %guest  %gnice   %idle
05時15分12秒    0   51.49    0.00   39.60    0.00    0.00    6.93    0.00    0.00    0.00    1.98
05時15分12秒    1   55.10    0.00   43.88    0.00    0.00    1.02    0.00    0.00    0.00    0.00

05時15分12秒  CPU    %usr   %nice    %sys %iowait    %irq   %soft  %steal  %guest  %gnice   %idle
05時15分13秒    0   58.00    0.00   35.00    0.00    0.00    7.00    0.00    0.00    0.00    0.00
05時15分13秒    1   52.48    0.00   46.53    0.00    0.00    0.99    0.00    0.00    0.00    0.00

05時15分13秒  CPU    %usr   %nice    %sys %iowait    %irq   %soft  %steal  %guest  %gnice   %idle
05時15分14秒    0   54.00    0.00   38.00    0.00    0.00    8.00    0.00    0.00    0.00    0.00
05時15分14秒    1   56.00    0.00   43.00    0.00    0.00    1.00    0.00    0.00    0.00    0.00

05時15分14秒  CPU    %usr   %nice    %sys %iowait    %irq   %soft  %steal  %guest  %gnice   %idle
05時15分15秒    0   56.44    0.00   34.65    0.00    0.99    6.93    0.00    0.00    0.00    0.99
05時15分15秒    1   55.56    0.00   44.44    0.00    0.00    0.00    0.00    0.00    0.00    0.00

05時15分15秒  CPU    %usr   %nice    %sys %iowait    %irq   %soft  %steal  %guest  %gnice   %idle
05時15分16秒    0   51.00    0.00   39.00    0.00    0.00    8.00    0.00    0.00    0.00    2.00
05時15分16秒    1   54.00    0.00   45.00    0.00    0.00    1.00    0.00    0.00    0.00    0.00

05時15分16秒  CPU    %usr   %nice    %sys %iowait    %irq   %soft  %steal  %guest  %gnice   %idle
05時15分17秒    0   49.00    0.00   43.00    0.00    0.00    8.00    0.00    0.00    0.00    0.00
05時15分17秒    1   53.54    0.00   45.45    0.00    0.00    1.01    0.00    0.00    0.00    0.00

05時15分17秒  CPU    %usr   %nice    %sys %iowait    %irq   %soft  %steal  %guest  %gnice   %idle
05時15分18秒    0   58.16    0.00   34.69    0.00    0.00    7.14    0.00    0.00    0.00    0.00
05時15分18秒    1   52.48    0.00   46.53    0.00    0.00    0.99    0.00    0.00    0.00    0.00

05時15分18秒  CPU    %usr   %nice    %sys %iowait    %irq   %soft  %steal  %guest  %gnice   %idle
05時15分19秒    0   49.02    0.00   42.16    0.00    0.00    7.84    0.00    0.00    0.00    0.98
05時15分19秒    1   54.55    0.00   44.44    0.00    0.00    1.01    0.00    0.00    0.00    0.00

05時15分19秒  CPU    %usr   %nice    %sys %iowait    %irq   %soft  %steal  %guest  %gnice   %idle
05時15分20秒    0   50.00    0.00   42.00    0.00    0.00    8.00    0.00    0.00    0.00    0.00
05時15分20秒    1   48.51    0.00   50.50    0.00    0.00    0.99    0.00    0.00    0.00    0.00

05時15分20秒  CPU    %usr   %nice    %sys %iowait    %irq   %soft  %steal  %guest  %gnice   %idle
05時15分21秒    0   54.08    0.00   38.78    0.00    0.00    7.14    0.00    0.00    0.00    0.00
05時15分21秒    1   52.00    0.00   47.00    0.00    0.00    1.00    0.00    0.00    0.00    0.00

05時15分21秒  CPU    %usr   %nice    %sys %iowait    %irq   %soft  %steal  %guest  %gnice   %idle
05時15分22秒    0   56.00    0.00   36.00    0.00    0.00    8.00    0.00    0.00    0.00    0.00
05時15分22秒    1   56.57    0.00   42.42    0.00    0.00    1.01    0.00    0.00    0.00    0.00

05時15分22秒  CPU    %usr   %nice    %sys %iowait    %irq   %soft  %steal  %guest  %gnice   %idle
05時15分23秒    0   56.44    0.00   34.65    0.00    0.00    7.92    0.00    0.00    0.00    0.99
05時15分23秒    1   60.40    0.00   38.61    0.00    0.00    0.99    0.00    0.00    0.00    0.00

05時15分23秒  CPU    %usr   %nice    %sys %iowait    %irq   %soft  %steal  %guest  %gnice   %idle
05時15分24秒    0   57.00    0.00   36.00    0.00    0.00    7.00    0.00    0.00    0.00    0.00
05時15分24秒    1   51.00    0.00   48.00    0.00    0.00    1.00    0.00    0.00    0.00    0.00

05時15分24秒  CPU    %usr   %nice    %sys %iowait    %irq   %soft  %steal  %guest  %gnice   %idle
05時15分25秒    0   53.54    0.00   38.38    0.00    0.00    8.08    0.00    0.00    0.00    0.00
05時15分25秒    1   56.00    0.00   42.00    0.00    1.00    1.00    0.00    0.00    0.00    0.00

05時15分25秒  CPU    %usr   %nice    %sys %iowait    %irq   %soft  %steal  %guest  %gnice   %idle
05時15分26秒    0   54.46    0.00   36.63    0.00    0.00    7.92    0.00    0.00    0.00    0.99
05時15分26秒    1   52.00    0.00   47.00    0.00    0.00    1.00    0.00    0.00    0.00    0.00

05時15分26秒  CPU    %usr   %nice    %sys %iowait    %irq   %soft  %steal  %guest  %gnice   %idle
05時15分27秒    0   56.57    0.00   36.36    0.00    0.00    7.07    0.00    0.00    0.00    0.00
05時15分27秒    1   56.00    0.00   43.00    0.00    0.00    1.00    0.00    0.00    0.00    0.00

05時15分27秒  CPU    %usr   %nice    %sys %iowait    %irq   %soft  %steal  %guest  %gnice   %idle
05時15分28秒    0   53.47    0.00   37.62    0.00    0.00    7.92    0.00    0.00    0.00    0.99
05時15分28秒    1   55.00    0.00   44.00    0.00    0.00    1.00    0.00    0.00    0.00    0.00

05時15分28秒  CPU    %usr   %nice    %sys %iowait    %irq   %soft  %steal  %guest  %gnice   %idle
05時15分29秒    0   55.56    0.00   35.35    0.00    0.00    8.08    0.00    0.00    0.00    1.01
05時15分29秒    1   59.00    0.00   40.00    0.00    0.00    1.00    0.00    0.00    0.00    0.00

05時15分29秒  CPU    %usr   %nice    %sys %iowait    %irq   %soft  %steal  %guest  %gnice   %idle
05時15分30秒    0   55.56    0.00   37.37    0.00    0.00    7.07    0.00    0.00    0.00    0.00
05時15分30秒    1   53.47    0.00   45.54    0.00    0.00    0.99    0.00    0.00    0.00    0.00

05時15分30秒  CPU    %usr   %nice    %sys %iowait    %irq   %soft  %steal  %guest  %gnice   %idle
05時15分31秒    0   53.06    0.00   38.78    0.00    0.00    8.16    0.00    0.00    0.00    0.00
05時15分31秒    1   57.14    0.00   39.80    0.00    0.00    1.02    0.00    0.00    0.00    2.04

05時15分31秒  CPU    %usr   %nice    %sys %iowait    %irq   %soft  %steal  %guest  %gnice   %idle
05時15分32秒    0   53.92    0.00   36.27    0.00    0.98    7.84    0.00    0.00    0.00    0.98
05時15分32秒    1   53.00    0.00   46.00    0.00    0.00    1.00    0.00    0.00    0.00    0.00

05時15分32秒  CPU    %usr   %nice    %sys %iowait    %irq   %soft  %steal  %guest  %gnice   %idle
05時15分33秒    0   54.46    0.00   37.62    0.00    0.00    7.92    0.00    0.00    0.00    0.00
05時15分33秒    1   49.00    0.00   50.00    0.00    0.00    1.00    0.00    0.00    0.00    0.00

05時15分33秒  CPU    %usr   %nice    %sys %iowait    %irq   %soft  %steal  %guest  %gnice   %idle
05時15分34秒    0   53.54    0.00   38.38    0.00    0.00    7.07    0.00    0.00    0.00    1.01
05時15分34秒    1   57.58    0.00   41.41    0.00    0.00    1.01    0.00    0.00    0.00    0.00

05時15分34秒  CPU    %usr   %nice    %sys %iowait    %irq   %soft  %steal  %guest  %gnice   %idle
05時15分35秒    0   56.57    0.00   35.35    0.00    0.00    8.08    0.00    0.00    0.00    0.00
05時15分35秒    1   62.38    0.00   36.63    0.00    0.00    0.99    0.00    0.00    0.00    0.00

05時15分35秒  CPU    %usr   %nice    %sys %iowait    %irq   %soft  %steal  %guest  %gnice   %idle
05時15分36秒    0   52.00    0.00   40.00    0.00    0.00    8.00    0.00    0.00    0.00    0.00
05時15分36秒    1   50.00    0.00   49.00    0.00    0.00    1.00    0.00    0.00    0.00    0.00

05時15分36秒  CPU    %usr   %nice    %sys %iowait    %irq   %soft  %steal  %guest  %gnice   %idle
05時15分37秒    0   55.00    0.00   37.00    0.00    0.00    7.00    0.00    0.00    0.00    1.00
05時15分37秒    1   59.60    0.00   38.38    0.00    0.00    1.01    0.00    0.00    0.00    1.01

05時15分37秒  CPU    %usr   %nice    %sys %iowait    %irq   %soft  %steal  %guest  %gnice   %idle
05時15分38秒    0   48.48    0.00   43.43    0.00    0.00    8.08    0.00    0.00    0.00    0.00
05時15分38秒    1   53.47    0.00   45.54    0.00    0.00    0.99    0.00    0.00    0.00    0.00

05時15分38秒  CPU    %usr   %nice    %sys %iowait    %irq   %soft  %steal  %guest  %gnice   %idle
05時15分39秒    0   56.00    0.00   36.00    0.00    0.00    8.00    0.00    0.00    0.00    0.00
05時15分39秒    1   55.00    0.00   44.00    0.00    0.00    1.00    0.00    0.00    0.00    0.00

05時15分39秒  CPU    %usr   %nice    %sys %iowait    %irq   %soft  %steal  %guest  %gnice   %idle
05時15分40秒    0   53.47    0.00   37.62    0.00    0.00    7.92    0.00    0.00    0.00    0.99
05時15分40秒    1   56.57    0.00   41.41    0.00    0.00    1.01    0.00    0.00    0.00    1.01

05時15分40秒  CPU    %usr   %nice    %sys %iowait    %irq   %soft  %steal  %guest  %gnice   %idle
05時15分41秒    0   57.14    0.00   35.71    0.00    0.00    7.14    0.00    0.00    0.00    0.00
05時15分41秒    1   57.58    0.00   41.41    0.00    0.00    1.01    0.00    0.00    0.00    0.00

05時15分41秒  CPU    %usr   %nice    %sys %iowait    %irq   %soft  %steal  %guest  %gnice   %idle
05時15分42秒    0   56.57    0.00   35.35    0.00    0.00    8.08    0.00    0.00    0.00    0.00
05時15分42秒    1   55.88    0.00   42.16    0.00    0.98    0.98    0.00    0.00    0.00    0.00

05時15分42秒  CPU    %usr   %nice    %sys %iowait    %irq   %soft  %steal  %guest  %gnice   %idle
05時15分43秒    0   58.42    0.00   32.67    0.00    0.00    7.92    0.00    0.00    0.00    0.99
05時15分43秒    1   56.57    0.00   42.42    0.00    0.00    1.01    0.00    0.00    0.00    0.00

05時15分43秒  CPU    %usr   %nice    %sys %iowait    %irq   %soft  %steal  %guest  %gnice   %idle
05時15分44秒    0   52.00    0.00   40.00    0.00    0.00    8.00    0.00    0.00    0.00    0.00
05時15分44秒    1   50.50    0.00   48.51    0.00    0.00    0.99    0.00    0.00    0.00    0.00

05時15分44秒  CPU    %usr   %nice    %sys %iowait    %irq   %soft  %steal  %guest  %gnice   %idle
05時15分45秒    0   50.00    0.00   42.86    0.00    0.00    7.14    0.00    0.00    0.00    0.00
05時15分45秒    1   56.00    0.00   43.00    0.00    0.00    1.00    0.00    0.00    0.00    0.00

平均時間：  CPU    %usr   %nice    %sys %iowait    %irq   %soft  %steal  %guest  %gnice   %idle
平均時間：    0   52.80    0.00   37.48    0.00    0.06    7.83    0.00    0.00    0.00    1.83
平均時間：    1   52.63    0.00   37.85    0.00    0.07    1.45    0.00    0.00    0.00    8.00
