Linux 5.6.15-arch1-1 (archlinux) 	西元2020年06月29日 	_x86_64_	(12 CPU)

04時58分02秒  CPU    %usr   %nice    %sys %iowait    %irq   %soft  %steal  %guest  %gnice   %idle
04時58分03秒    0   60.61    0.00   32.32    0.00    0.00    6.06    0.00    0.00    0.00    1.01
04時58分03秒    1   51.49    0.00   47.52    0.00    0.00    0.99    0.00    0.00    0.00    0.00

04時58分03秒  CPU    %usr   %nice    %sys %iowait    %irq   %soft  %steal  %guest  %gnice   %idle
04時58分04秒    0   62.63    0.00   30.30    0.00    0.00    7.07    0.00    0.00    0.00    0.00
04時58分04秒    1   51.52    0.00   47.47    0.00    0.00    1.01    0.00    0.00    0.00    0.00

04時58分04秒  CPU    %usr   %nice    %sys %iowait    %irq   %soft  %steal  %guest  %gnice   %idle
04時58分05秒    0   65.00    0.00   26.00    0.00    1.00    7.00    0.00    0.00    0.00    1.00
04時58分05秒    1   51.52    0.00   48.48    0.00    0.00    0.00    0.00    0.00    0.00    0.00

04時58分05秒  CPU    %usr   %nice    %sys %iowait    %irq   %soft  %steal  %guest  %gnice   %idle
04時58分06秒    0   40.21    0.00   17.53    0.00    0.00    4.12    0.00    0.00    0.00   38.14
04時58分06秒    1   68.32    0.00   29.70    0.00    0.00    1.98    0.00    0.00    0.00    0.00

04時58分06秒  CPU    %usr   %nice    %sys %iowait    %irq   %soft  %steal  %guest  %gnice   %idle
04時58分07秒    0   63.37    0.00   28.71    0.00    0.00    6.93    0.00    0.00    0.00    0.99
04時58分07秒    1   54.55    0.00   44.44    0.00    0.00    1.01    0.00    0.00    0.00    0.00

04時58分07秒  CPU    %usr   %nice    %sys %iowait    %irq   %soft  %steal  %guest  %gnice   %idle
04時58分08秒    0   66.67    0.00   25.25    0.00    0.00    7.07    0.00    0.00    0.00    1.01
04時58分08秒    1   57.00    0.00   42.00    0.00    0.00    1.00    0.00    0.00    0.00    0.00

04時58分08秒  CPU    %usr   %nice    %sys %iowait    %irq   %soft  %steal  %guest  %gnice   %idle
04時58分09秒    0   63.64    0.00   28.28    0.00    0.00    7.07    0.00    0.00    0.00    1.01
04時58分09秒    1   54.90    0.00   43.14    0.00    0.98    0.98    0.00    0.00    0.00    0.00

04時58分09秒  CPU    %usr   %nice    %sys %iowait    %irq   %soft  %steal  %guest  %gnice   %idle
04時58分10秒    0   59.00    0.00   32.00    0.00    0.00    7.00    0.00    0.00    0.00    2.00
04時58分10秒    1   54.55    0.00   44.44    0.00    0.00    1.01    0.00    0.00    0.00    0.00

04時58分10秒  CPU    %usr   %nice    %sys %iowait    %irq   %soft  %steal  %guest  %gnice   %idle
04時58分11秒    0   62.00    0.00   30.00    0.00    0.00    7.00    0.00    0.00    0.00    1.00
04時58分11秒    1   56.44    0.00   42.57    0.00    0.00    0.99    0.00    0.00    0.00    0.00

04時58分11秒  CPU    %usr   %nice    %sys %iowait    %irq   %soft  %steal  %guest  %gnice   %idle
04時58分12秒    0   61.62    0.00   30.30    0.00    0.00    6.06    0.00    0.00    0.00    2.02
04時58分12秒    1   61.00    0.00   38.00    0.00    0.00    1.00    0.00    0.00    0.00    0.00

04時58分12秒  CPU    %usr   %nice    %sys %iowait    %irq   %soft  %steal  %guest  %gnice   %idle
04時58分13秒    0   63.00    0.00   29.00    0.00    0.00    7.00    0.00    0.00    0.00    1.00
04時58分13秒    1   58.00    0.00   41.00    0.00    0.00    1.00    0.00    0.00    0.00    0.00

04時58分13秒  CPU    %usr   %nice    %sys %iowait    %irq   %soft  %steal  %guest  %gnice   %idle
04時58分14秒    0   65.00    0.00   27.00    0.00    0.00    7.00    0.00    0.00    0.00    1.00
04時58分14秒    1   54.55    0.00   45.45    0.00    0.00    0.00    0.00    0.00    0.00    0.00

04時58分14秒  CPU    %usr   %nice    %sys %iowait    %irq   %soft  %steal  %guest  %gnice   %idle
04時58分15秒    0   66.67    0.00   25.25    0.00    0.00    7.07    0.00    0.00    0.00    1.01
04時58分15秒    1   53.00    0.00   46.00    0.00    0.00    1.00    0.00    0.00    0.00    0.00

04時58分15秒  CPU    %usr   %nice    %sys %iowait    %irq   %soft  %steal  %guest  %gnice   %idle
04時58分16秒    0   57.58    0.00   34.34    0.00    0.00    7.07    0.00    0.00    0.00    1.01
04時58分16秒    1   53.00    0.00   46.00    0.00    0.00    1.00    0.00    0.00    0.00    0.00

04時58分16秒  CPU    %usr   %nice    %sys %iowait    %irq   %soft  %steal  %guest  %gnice   %idle
04時58分17秒    0   63.64    0.00   28.28    0.00    0.00    7.07    0.00    0.00    0.00    1.01
04時58分17秒    1   58.00    0.00   41.00    0.00    0.00    1.00    0.00    0.00    0.00    0.00

04時58分17秒  CPU    %usr   %nice    %sys %iowait    %irq   %soft  %steal  %guest  %gnice   %idle
04時58分18秒    0   62.38    0.00   27.72    0.00    0.00    4.95    0.00    0.00    0.00    4.95
04時58分18秒    1   48.94    0.00   27.66    0.00    1.06    3.19    0.00    0.00    0.00   19.15

04時58分18秒  CPU    %usr   %nice    %sys %iowait    %irq   %soft  %steal  %guest  %gnice   %idle
04時58分19秒    0   67.33    0.00   23.76    0.00    0.00    6.93    0.00    0.00    0.00    1.98
04時58分19秒    1   52.53    0.00   41.41    0.00    0.00    2.02    0.00    0.00    0.00    4.04

04時58分19秒  CPU    %usr   %nice    %sys %iowait    %irq   %soft  %steal  %guest  %gnice   %idle
04時58分20秒    0   65.00    0.00   28.00    0.00    0.00    7.00    0.00    0.00    0.00    0.00
04時58分20秒    1   54.00    0.00   45.00    0.00    0.00    1.00    0.00    0.00    0.00    0.00

04時58分20秒  CPU    %usr   %nice    %sys %iowait    %irq   %soft  %steal  %guest  %gnice   %idle
04時58分21秒    0   59.00    0.00   32.00    0.00    1.00    7.00    0.00    0.00    0.00    1.00
04時58分21秒    1   56.57    0.00   43.43    0.00    0.00    0.00    0.00    0.00    0.00    0.00

04時58分21秒  CPU    %usr   %nice    %sys %iowait    %irq   %soft  %steal  %guest  %gnice   %idle
04時58分22秒    0   65.66    0.00   27.27    0.00    0.00    6.06    0.00    0.00    0.00    1.01
04時58分22秒    1   57.00    0.00   42.00    0.00    0.00    1.00    0.00    0.00    0.00    0.00

04時58分22秒  CPU    %usr   %nice    %sys %iowait    %irq   %soft  %steal  %guest  %gnice   %idle
04時58分23秒    0   54.00    0.00   28.00    0.00    0.00    6.00    0.00    0.00    0.00   12.00
04時58分23秒    1   55.00    0.00   43.00    0.00    0.00    2.00    0.00    0.00    0.00    0.00

04時58分23秒  CPU    %usr   %nice    %sys %iowait    %irq   %soft  %steal  %guest  %gnice   %idle
04時58分24秒    0   59.00    0.00   31.00    0.00    0.00    7.00    0.00    0.00    0.00    3.00
04時58分24秒    1   55.56    0.00   41.41    0.00    0.00    1.01    0.00    0.00    0.00    2.02

04時58分24秒  CPU    %usr   %nice    %sys %iowait    %irq   %soft  %steal  %guest  %gnice   %idle
04時58分25秒    0   63.64    0.00   28.28    0.00    0.00    7.07    0.00    0.00    0.00    1.01
04時58分25秒    1   54.00    0.00   45.00    0.00    0.00    1.00    0.00    0.00    0.00    0.00

04時58分25秒  CPU    %usr   %nice    %sys %iowait    %irq   %soft  %steal  %guest  %gnice   %idle
04時58分26秒    0   64.65    0.00   28.28    0.00    0.00    6.06    0.00    0.00    0.00    1.01
04時58分26秒    1   53.00    0.00   47.00    0.00    0.00    0.00    0.00    0.00    0.00    0.00

04時58分26秒  CPU    %usr   %nice    %sys %iowait    %irq   %soft  %steal  %guest  %gnice   %idle
04時58分27秒    0   63.00    0.00   29.00    0.00    0.00    7.00    0.00    0.00    0.00    1.00
04時58分27秒    1   50.51    0.00   48.48    0.00    0.00    1.01    0.00    0.00    0.00    0.00

04時58分27秒  CPU    %usr   %nice    %sys %iowait    %irq   %soft  %steal  %guest  %gnice   %idle
04時58分28秒    0   63.64    0.00   29.29    0.00    0.00    7.07    0.00    0.00    0.00    0.00
04時58分28秒    1   55.45    0.00   43.56    0.00    0.00    0.99    0.00    0.00    0.00    0.00

04時58分28秒  CPU    %usr   %nice    %sys %iowait    %irq   %soft  %steal  %guest  %gnice   %idle
04時58分29秒    0   62.38    0.00   28.71    0.00    0.00    6.93    0.00    0.00    0.00    1.98
04時58分29秒    1   48.48    0.00   50.51    0.00    0.00    1.01    0.00    0.00    0.00    0.00

04時58分29秒  CPU    %usr   %nice    %sys %iowait    %irq   %soft  %steal  %guest  %gnice   %idle
04時58分30秒    0   64.29    0.00   28.57    0.00    0.00    6.12    0.00    0.00    0.00    1.02
04時58分30秒    1   51.49    0.00   46.53    0.00    0.99    0.99    0.00    0.00    0.00    0.00

04時58分30秒  CPU    %usr   %nice    %sys %iowait    %irq   %soft  %steal  %guest  %gnice   %idle
04時58分31秒    0   59.60    0.00   33.33    0.00    0.00    7.07    0.00    0.00    0.00    0.00
04時58分31秒    1   52.00    0.00   47.00    0.00    0.00    1.00    0.00    0.00    0.00    0.00

04時58分31秒  CPU    %usr   %nice    %sys %iowait    %irq   %soft  %steal  %guest  %gnice   %idle
04時58分32秒    0   51.49    0.00   26.73    0.00    0.00    5.94    0.00    0.00    0.00   15.84
04時58分32秒    1   57.73    0.00   34.02    0.00    0.00    2.06    0.00    0.00    0.00    6.19

04時58分32秒  CPU    %usr   %nice    %sys %iowait    %irq   %soft  %steal  %guest  %gnice   %idle
04時58分33秒    0   61.00    0.00   28.00    0.00    0.00    5.00    0.00    0.00    0.00    6.00
04時58分33秒    1   47.87    0.00   22.34    0.00    0.00    3.19    0.00    0.00    0.00   26.60

04時58分33秒  CPU    %usr   %nice    %sys %iowait    %irq   %soft  %steal  %guest  %gnice   %idle
04時58分34秒    0   45.00    0.00   17.00    0.00    0.00    5.00    0.00    0.00    0.00   33.00
04時58分34秒    1   63.64    0.00   31.31    0.00    0.00    2.02    0.00    0.00    0.00    3.03

04時58分34秒  CPU    %usr   %nice    %sys %iowait    %irq   %soft  %steal  %guest  %gnice   %idle
04時58分35秒    0   65.35    0.00   26.73    0.00    0.00    6.93    0.00    0.00    0.00    0.99
04時58分35秒    1   53.00    0.00   46.00    0.00    0.00    1.00    0.00    0.00    0.00    0.00

04時58分35秒  CPU    %usr   %nice    %sys %iowait    %irq   %soft  %steal  %guest  %gnice   %idle
04時58分36秒    0   62.24    0.00   30.61    0.00    0.00    6.12    0.00    0.00    0.00    1.02
04時58分36秒    1   57.00    0.00   43.00    0.00    0.00    0.00    0.00    0.00    0.00    0.00

04時58分36秒  CPU    %usr   %nice    %sys %iowait    %irq   %soft  %steal  %guest  %gnice   %idle
04時58分37秒    0   68.32    0.00   22.77    0.00    0.99    6.93    0.00    0.00    0.00    0.99
04時58分37秒    1   53.00    0.00   46.00    0.00    0.00    1.00    0.00    0.00    0.00    0.00

04時58分37秒  CPU    %usr   %nice    %sys %iowait    %irq   %soft  %steal  %guest  %gnice   %idle
04時58分38秒    0   58.42    0.00   24.75    0.00    0.00    4.95    0.00    0.00    0.00   11.88
04時58分38秒    1   50.55    0.00   24.18    0.00    0.00    2.20    0.00    0.00    0.00   23.08

04時58分38秒  CPU    %usr   %nice    %sys %iowait    %irq   %soft  %steal  %guest  %gnice   %idle
04時58分39秒    0   57.00    0.00   29.00    0.00    0.00    6.00    0.00    0.00    0.00    8.00
04時58分39秒    1   44.21    0.00   25.26    0.00    0.00    3.16    0.00    0.00    0.00   27.37

04時58分39秒  CPU    %usr   %nice    %sys %iowait    %irq   %soft  %steal  %guest  %gnice   %idle
04時58分40秒    0   60.00    0.00   29.00    0.00    0.00    5.00    0.00    0.00    0.00    6.00
04時58分40秒    1   45.16    0.00   25.81    0.00    0.00    3.23    0.00    0.00    0.00   25.81

04時58分40秒  CPU    %usr   %nice    %sys %iowait    %irq   %soft  %steal  %guest  %gnice   %idle
04時58分41秒    0   57.28    0.00   29.13    0.00    0.00    5.83    0.00    0.00    0.00    7.77
04時58分41秒    1   43.96    0.00   25.27    0.00    0.00    2.20    0.00    0.00    0.00   28.57

04時58分41秒  CPU    %usr   %nice    %sys %iowait    %irq   %soft  %steal  %guest  %gnice   %idle
04時58分42秒    0   61.00    0.00   29.00    0.00    0.00    5.00    0.00    0.00    0.00    5.00
04時58分42秒    1   49.47    0.00   22.11    0.00    0.00    3.16    0.00    0.00    0.00   25.26

04時58分42秒  CPU    %usr   %nice    %sys %iowait    %irq   %soft  %steal  %guest  %gnice   %idle
04時58分43秒    0   58.59    0.00   27.27    0.00    0.00    6.06    0.00    0.00    0.00    8.08
04時58分43秒    1   46.74    0.00   23.91    0.00    0.00    2.17    0.00    0.00    0.00   27.17

04時58分43秒  CPU    %usr   %nice    %sys %iowait    %irq   %soft  %steal  %guest  %gnice   %idle
04時58分44秒    0   58.00    0.00   30.00    0.00    0.00    5.00    0.00    0.00    0.00    7.00
04時58分44秒    1   48.94    0.00   23.40    0.00    0.00    3.19    0.00    0.00    0.00   24.47

04時58分44秒  CPU    %usr   %nice    %sys %iowait    %irq   %soft  %steal  %guest  %gnice   %idle
04時58分45秒    0   58.42    0.00   31.68    0.00    0.00    5.94    0.00    0.00    0.00    3.96
04時58分45秒    1   43.48    0.00   26.09    0.00    0.00    2.17    0.00    0.00    0.00   28.26

04時58分45秒  CPU    %usr   %nice    %sys %iowait    %irq   %soft  %steal  %guest  %gnice   %idle
04時58分46秒    0   55.79    0.00   29.47    0.00    0.00    5.26    0.00    0.00    0.00    9.47
04時58分46秒    1   47.31    0.00   22.58    0.00    0.00    3.23    0.00    0.00    0.00   26.88

04時58分46秒  CPU    %usr   %nice    %sys %iowait    %irq   %soft  %steal  %guest  %gnice   %idle
04時58分47秒    0   57.28    0.00   29.13    0.00    0.00    5.83    0.00    0.00    0.00    7.77
04時58分47秒    1   50.00    0.00   21.74    0.00    0.00    2.17    0.00    0.00    0.00   26.09

04時58分47秒  CPU    %usr   %nice    %sys %iowait    %irq   %soft  %steal  %guest  %gnice   %idle
04時58分48秒    0   57.73    0.00   30.93    0.00    0.00    5.15    0.00    0.00    0.00    6.19
04時58分48秒    1   51.04    0.00   19.79    0.00    1.04    3.12    0.00    0.00    0.00   25.00

04時58分48秒  CPU    %usr   %nice    %sys %iowait    %irq   %soft  %steal  %guest  %gnice   %idle
04時58分49秒    0   59.00    0.00   29.00    0.00    0.00    6.00    0.00    0.00    0.00    6.00
04時58分49秒    1   45.65    0.00   25.00    0.00    0.00    2.17    0.00    0.00    0.00   27.17

04時58分49秒  CPU    %usr   %nice    %sys %iowait    %irq   %soft  %steal  %guest  %gnice   %idle
04時58分50秒    0   58.59    0.00   33.33    0.00    0.00    6.06    0.00    0.00    0.00    2.02
04時58分50秒    1   50.00    0.00   35.42    0.00    0.00    2.08    0.00    0.00    0.00   12.50

04時58分50秒  CPU    %usr   %nice    %sys %iowait    %irq   %soft  %steal  %guest  %gnice   %idle
04時58分51秒    0   65.00    0.00   27.00    0.00    0.00    7.00    0.00    0.00    0.00    1.00
04時58分51秒    1   50.50    0.00   48.51    0.00    0.00    0.99    0.00    0.00    0.00    0.00

04時58分51秒  CPU    %usr   %nice    %sys %iowait    %irq   %soft  %steal  %guest  %gnice   %idle
04時58分52秒    0   65.00    0.00   27.00    0.00    0.00    7.00    0.00    0.00    0.00    1.00
04時58分52秒    1   55.56    0.00   44.44    0.00    0.00    0.00    0.00    0.00    0.00    0.00

04時58分52秒  CPU    %usr   %nice    %sys %iowait    %irq   %soft  %steal  %guest  %gnice   %idle
04時58分53秒    0   61.00    0.00   31.00    0.00    1.00    6.00    0.00    0.00    0.00    1.00
04時58分53秒    1   52.00    0.00   46.00    0.00    0.00    1.00    0.00    0.00    0.00    1.00

04時58分53秒  CPU    %usr   %nice    %sys %iowait    %irq   %soft  %steal  %guest  %gnice   %idle
04時58分54秒    0   64.29    0.00   28.57    0.00    0.00    7.14    0.00    0.00    0.00    0.00
04時58分54秒    1   50.00    0.00   49.00    0.00    0.00    1.00    0.00    0.00    0.00    0.00

04時58分54秒  CPU    %usr   %nice    %sys %iowait    %irq   %soft  %steal  %guest  %gnice   %idle
04時58分55秒    0   63.64    0.00   28.28    0.00    0.00    7.07    0.00    0.00    0.00    1.01
04時58分55秒    1   53.00    0.00   46.00    0.00    0.00    1.00    0.00    0.00    0.00    0.00

04時58分55秒  CPU    %usr   %nice    %sys %iowait    %irq   %soft  %steal  %guest  %gnice   %idle
04時58分56秒    0   62.63    0.00   29.29    0.00    0.00    7.07    0.00    0.00    0.00    1.01
04時58分56秒    1   50.00    0.00   48.00    0.00    0.00    1.00    0.00    0.00    0.00    1.00

04時58分56秒  CPU    %usr   %nice    %sys %iowait    %irq   %soft  %steal  %guest  %gnice   %idle
04時58分57秒    0   61.62    0.00   25.25    0.00    0.00    6.06    0.00    0.00    0.00    7.07
04時58分57秒    1   54.55    0.00   40.40    0.00    0.00    1.01    0.00    0.00    0.00    4.04

04時58分57秒  CPU    %usr   %nice    %sys %iowait    %irq   %soft  %steal  %guest  %gnice   %idle
04時58分58秒    0   66.34    0.00   25.74    0.00    0.00    6.93    0.00    0.00    0.00    0.99
04時58分58秒    1   49.00    0.00   50.00    0.00    0.00    1.00    0.00    0.00    0.00    0.00

04時58分58秒  CPU    %usr   %nice    %sys %iowait    %irq   %soft  %steal  %guest  %gnice   %idle
04時58分59秒    0   64.29    0.00   28.57    0.00    0.00    6.12    0.00    0.00    0.00    1.02
04時58分59秒    1   56.00    0.00   43.00    0.00    0.00    1.00    0.00    0.00    0.00    0.00

04時58分59秒  CPU    %usr   %nice    %sys %iowait    %irq   %soft  %steal  %guest  %gnice   %idle
04時59分00秒    0   64.29    0.00   27.55    0.00    0.00    7.14    0.00    0.00    0.00    1.02
04時59分00秒    1   48.00    0.00   51.00    0.00    0.00    1.00    0.00    0.00    0.00    0.00

04時59分00秒  CPU    %usr   %nice    %sys %iowait    %irq   %soft  %steal  %guest  %gnice   %idle
04時59分01秒    0   62.63    0.00   30.30    0.00    0.00    7.07    0.00    0.00    0.00    0.00
04時59分01秒    1   51.00    0.00   48.00    0.00    0.00    1.00    0.00    0.00    0.00    0.00

04時59分01秒  CPU    %usr   %nice    %sys %iowait    %irq   %soft  %steal  %guest  %gnice   %idle
04時59分02秒    0   58.82    0.00   24.51    0.00    0.00    5.88    0.00    0.00    0.00   10.78
04時59分02秒    1   55.79    0.00   29.47    0.00    0.00    2.11    0.00    0.00    0.00   12.63

04時59分02秒  CPU    %usr   %nice    %sys %iowait    %irq   %soft  %steal  %guest  %gnice   %idle
04時59分03秒    0   55.45    0.00   32.67    0.00    0.00    4.95    0.00    0.00    0.00    6.93
04時59分03秒    1   51.06    0.00   21.28    0.00    0.00    3.19    0.00    0.00    0.00   24.47

04時59分03秒  CPU    %usr   %nice    %sys %iowait    %irq   %soft  %steal  %guest  %gnice   %idle
04時59分04秒    0   60.00    0.00   29.00    0.00    0.00    6.00    0.00    0.00    0.00    5.00
04時59分04秒    1   50.54    0.00   20.43    0.00    0.00    3.23    0.00    0.00    0.00   25.81

04時59分04秒  CPU    %usr   %nice    %sys %iowait    %irq   %soft  %steal  %guest  %gnice   %idle
04時59分05秒    0   63.37    0.00   25.74    0.00    0.00    4.95    0.00    0.00    0.00    5.94
04時59分05秒    1   45.26    0.00   24.21    0.00    1.05    2.11    0.00    0.00    0.00   27.37

04時59分05秒  CPU    %usr   %nice    %sys %iowait    %irq   %soft  %steal  %guest  %gnice   %idle
04時59分06秒    0   59.60    0.00   28.28    0.00    0.00    6.06    0.00    0.00    0.00    6.06
04時59分06秒    1   47.87    0.00   22.34    0.00    0.00    3.19    0.00    0.00    0.00   26.60

04時59分06秒  CPU    %usr   %nice    %sys %iowait    %irq   %soft  %steal  %guest  %gnice   %idle
04時59分07秒    0   57.84    0.00   30.39    0.00    0.00    4.90    0.00    0.00    0.00    6.86
04時59分07秒    1   48.91    0.00   23.91    0.00    0.00    2.17    0.00    0.00    0.00   25.00

04時59分07秒  CPU    %usr   %nice    %sys %iowait    %irq   %soft  %steal  %guest  %gnice   %idle
04時59分08秒    0   58.42    0.00   29.70    0.00    0.00    5.94    0.00    0.00    0.00    5.94
04時59分08秒    1   49.46    0.00   21.51    0.00    0.00    3.23    0.00    0.00    0.00   25.81

04時59分08秒  CPU    %usr   %nice    %sys %iowait    %irq   %soft  %steal  %guest  %gnice   %idle
04時59分09秒    0   58.00    0.00   30.00    0.00    1.00    6.00    0.00    0.00    0.00    5.00
04時59分09秒    1   52.08    0.00   25.00    0.00    0.00    2.08    0.00    0.00    0.00   20.83

04時59分09秒  CPU    %usr   %nice    %sys %iowait    %irq   %soft  %steal  %guest  %gnice   %idle
04時59分10秒    0   67.00    0.00   25.00    0.00    0.00    7.00    0.00    0.00    0.00    1.00
04時59分10秒    1   53.00    0.00   46.00    0.00    0.00    1.00    0.00    0.00    0.00    0.00

04時59分10秒  CPU    %usr   %nice    %sys %iowait    %irq   %soft  %steal  %guest  %gnice   %idle
04時59分11秒    0   67.01    0.00   26.80    0.00    0.00    6.19    0.00    0.00    0.00    0.00
04時59分11秒    1   58.00    0.00   41.00    0.00    0.00    1.00    0.00    0.00    0.00    0.00

04時59分11秒  CPU    %usr   %nice    %sys %iowait    %irq   %soft  %steal  %guest  %gnice   %idle
04時59分12秒    0   63.73    0.00   26.47    0.00    0.00    6.86    0.00    0.00    0.00    2.94
04時59分12秒    1   52.53    0.00   47.47    0.00    0.00    0.00    0.00    0.00    0.00    0.00

04時59分12秒  CPU    %usr   %nice    %sys %iowait    %irq   %soft  %steal  %guest  %gnice   %idle
04時59分13秒    0   64.65    0.00   28.28    0.00    0.00    7.07    0.00    0.00    0.00    0.00
04時59分13秒    1   53.00    0.00   46.00    0.00    0.00    1.00    0.00    0.00    0.00    0.00

04時59分13秒  CPU    %usr   %nice    %sys %iowait    %irq   %soft  %steal  %guest  %gnice   %idle
04時59分14秒    0   62.24    0.00   30.61    0.00    0.00    6.12    0.00    0.00    0.00    1.02
04時59分14秒    1   50.00    0.00   48.00    0.00    0.00    1.00    0.00    0.00    0.00    1.00

04時59分14秒  CPU    %usr   %nice    %sys %iowait    %irq   %soft  %steal  %guest  %gnice   %idle
04時59分15秒    0   65.00    0.00   27.00    0.00    0.00    7.00    0.00    0.00    0.00    1.00
04時59分15秒    1   50.50    0.00   48.51    0.00    0.00    0.99    0.00    0.00    0.00    0.00

04時59分15秒  CPU    %usr   %nice    %sys %iowait    %irq   %soft  %steal  %guest  %gnice   %idle
04時59分16秒    0   60.00    0.00   33.00    0.00    0.00    7.00    0.00    0.00    0.00    0.00
04時59分16秒    1   53.54    0.00   45.45    0.00    0.00    1.01    0.00    0.00    0.00    0.00

04時59分16秒  CPU    %usr   %nice    %sys %iowait    %irq   %soft  %steal  %guest  %gnice   %idle
04時59分17秒    0   63.00    0.00   29.00    0.00    0.00    7.00    0.00    0.00    0.00    1.00
04時59分17秒    1   54.00    0.00   45.00    0.00    0.00    1.00    0.00    0.00    0.00    0.00

04時59分17秒  CPU    %usr   %nice    %sys %iowait    %irq   %soft  %steal  %guest  %gnice   %idle
04時59分18秒    0   17.17    0.00   10.10    0.00    0.00    2.02    0.00    0.00    0.00   70.71
04時59分18秒    1   73.00    0.00   24.00    0.00    0.00    3.00    0.00    0.00    0.00    0.00

04時59分18秒  CPU    %usr   %nice    %sys %iowait    %irq   %soft  %steal  %guest  %gnice   %idle
04時59分19秒    0   64.36    0.00   25.74    0.00    0.00    5.94    0.00    0.00    0.00    3.96
04時59分19秒    1   46.94    0.00   38.78    0.00    0.00    2.04    0.00    0.00    0.00   12.24

04時59分19秒  CPU    %usr   %nice    %sys %iowait    %irq   %soft  %steal  %guest  %gnice   %idle
04時59分20秒    0   64.65    0.00   26.26    0.00    0.00    6.06    0.00    0.00    0.00    3.03
04時59分20秒    1   54.00    0.00   45.00    0.00    0.00    1.00    0.00    0.00    0.00    0.00

04時59分20秒  CPU    %usr   %nice    %sys %iowait    %irq   %soft  %steal  %guest  %gnice   %idle
04時59分21秒    0   67.35    0.00   25.51    0.00    0.00    7.14    0.00    0.00    0.00    0.00
04時59分21秒    1   54.00    0.00   45.00    0.00    0.00    1.00    0.00    0.00    0.00    0.00

04時59分21秒  CPU    %usr   %nice    %sys %iowait    %irq   %soft  %steal  %guest  %gnice   %idle
04時59分22秒    0   62.38    0.00   29.70    0.00    0.00    6.93    0.00    0.00    0.00    0.99
04時59分22秒    1   53.00    0.00   46.00    0.00    1.00    0.00    0.00    0.00    0.00    0.00

04時59分22秒  CPU    %usr   %nice    %sys %iowait    %irq   %soft  %steal  %guest  %gnice   %idle
04時59分23秒    0   65.00    0.00   28.00    0.00    0.00    6.00    0.00    0.00    0.00    1.00
04時59分23秒    1   53.00    0.00   46.00    0.00    0.00    1.00    0.00    0.00    0.00    0.00

04時59分23秒  CPU    %usr   %nice    %sys %iowait    %irq   %soft  %steal  %guest  %gnice   %idle
04時59分24秒    0   60.20    0.00   32.65    0.00    0.00    7.14    0.00    0.00    0.00    0.00
04時59分24秒    1   52.00    0.00   47.00    0.00    0.00    1.00    0.00    0.00    0.00    0.00

04時59分24秒  CPU    %usr   %nice    %sys %iowait    %irq   %soft  %steal  %guest  %gnice   %idle
04時59分25秒    0   62.75    0.00   28.43    0.00    0.98    6.86    0.00    0.00    0.00    0.98
04時59分25秒    1   55.45    0.00   43.56    0.00    0.00    0.99    0.00    0.00    0.00    0.00

04時59分25秒  CPU    %usr   %nice    %sys %iowait    %irq   %soft  %steal  %guest  %gnice   %idle
04時59分26秒    0   59.79    0.00   32.99    0.00    0.00    6.19    0.00    0.00    0.00    1.03
04時59分26秒    1   54.55    0.00   45.45    0.00    0.00    0.00    0.00    0.00    0.00    0.00

04時59分26秒  CPU    %usr   %nice    %sys %iowait    %irq   %soft  %steal  %guest  %gnice   %idle
04時59分27秒    0   60.61    0.00   32.32    0.00    0.00    7.07    0.00    0.00    0.00    0.00
04時59分27秒    1   51.00    0.00   48.00    0.00    0.00    1.00    0.00    0.00    0.00    0.00

04時59分27秒  CPU    %usr   %nice    %sys %iowait    %irq   %soft  %steal  %guest  %gnice   %idle
04時59分28秒    0   60.00    0.00   31.00    0.00    0.00    7.00    0.00    0.00    0.00    2.00
04時59分28秒    1   57.58    0.00   38.38    0.00    0.00    1.01    0.00    0.00    0.00    3.03

04時59分28秒  CPU    %usr   %nice    %sys %iowait    %irq   %soft  %steal  %guest  %gnice   %idle
04時59分29秒    0   64.65    0.00   28.28    0.00    0.00    6.06    0.00    0.00    0.00    1.01
04時59分29秒    1   53.54    0.00   45.45    0.00    0.00    1.01    0.00    0.00    0.00    0.00

04時59分29秒  CPU    %usr   %nice    %sys %iowait    %irq   %soft  %steal  %guest  %gnice   %idle
04時59分30秒    0   60.40    0.00   31.68    0.00    0.00    6.93    0.00    0.00    0.00    0.99
04時59分30秒    1   51.49    0.00   47.52    0.00    0.00    0.99    0.00    0.00    0.00    0.00

04時59分30秒  CPU    %usr   %nice    %sys %iowait    %irq   %soft  %steal  %guest  %gnice   %idle
04時59分31秒    0   66.00    0.00   26.00    0.00    0.00    7.00    0.00    0.00    0.00    1.00
04時59分31秒    1   55.56    0.00   42.42    0.00    0.00    1.01    0.00    0.00    0.00    1.01

04時59分31秒  CPU    %usr   %nice    %sys %iowait    %irq   %soft  %steal  %guest  %gnice   %idle
04時59分32秒    0   65.31    0.00   28.57    0.00    0.00    6.12    0.00    0.00    0.00    0.00
04時59分32秒    1   54.00    0.00   46.00    0.00    0.00    0.00    0.00    0.00    0.00    0.00

04時59分32秒  CPU    %usr   %nice    %sys %iowait    %irq   %soft  %steal  %guest  %gnice   %idle
04時59分33秒    0   67.00    0.00   25.00    0.00    0.00    7.00    0.00    0.00    0.00    1.00
04時59分33秒    1   46.46    0.00   52.53    0.00    0.00    1.01    0.00    0.00    0.00    0.00

04時59分33秒  CPU    %usr   %nice    %sys %iowait    %irq   %soft  %steal  %guest  %gnice   %idle
04時59分34秒    0   64.00    0.00   28.00    0.00    0.00    7.00    0.00    0.00    0.00    1.00
04時59分34秒    1   54.46    0.00   44.55    0.00    0.00    0.99    0.00    0.00    0.00    0.00

04時59分34秒  CPU    %usr   %nice    %sys %iowait    %irq   %soft  %steal  %guest  %gnice   %idle
04時59分35秒    0   65.66    0.00   27.27    0.00    0.00    6.06    0.00    0.00    0.00    1.01
04時59分35秒    1   49.00    0.00   50.00    0.00    0.00    1.00    0.00    0.00    0.00    0.00

04時59分35秒  CPU    %usr   %nice    %sys %iowait    %irq   %soft  %steal  %guest  %gnice   %idle
04時59分36秒    0   56.44    0.00   26.73    0.00    0.00    5.94    0.00    0.00    0.00   10.89
04時59分36秒    1   58.59    0.00   38.38    0.00    0.00    1.01    0.00    0.00    0.00    2.02

04時59分36秒  CPU    %usr   %nice    %sys %iowait    %irq   %soft  %steal  %guest  %gnice   %idle
04時59分37秒    0   61.00    0.00   31.00    0.00    0.00    7.00    0.00    0.00    0.00    1.00
04時59分37秒    1   50.00    0.00   50.00    0.00    0.00    0.00    0.00    0.00    0.00    0.00

04時59分37秒  CPU    %usr   %nice    %sys %iowait    %irq   %soft  %steal  %guest  %gnice   %idle
04時59分38秒    0   64.29    0.00   28.57    0.00    0.00    7.14    0.00    0.00    0.00    0.00
04時59分38秒    1   53.00    0.00   46.00    0.00    0.00    1.00    0.00    0.00    0.00    0.00

04時59分38秒  CPU    %usr   %nice    %sys %iowait    %irq   %soft  %steal  %guest  %gnice   %idle
04時59分39秒    0   60.61    0.00   32.32    0.00    0.00    6.06    0.00    0.00    0.00    1.01
04時59分39秒    1   54.00    0.00   44.00    0.00    1.00    1.00    0.00    0.00    0.00    0.00

04時59分39秒  CPU    %usr   %nice    %sys %iowait    %irq   %soft  %steal  %guest  %gnice   %idle
04時59分40秒    0   63.73    0.00   27.45    0.00    0.98    6.86    0.00    0.00    0.00    0.98
04時59分40秒    1   54.46    0.00   44.55    0.00    0.00    0.99    0.00    0.00    0.00    0.00

04時59分40秒  CPU    %usr   %nice    %sys %iowait    %irq   %soft  %steal  %guest  %gnice   %idle
04時59分41秒    0   65.66    0.00   27.27    0.00    0.00    7.07    0.00    0.00    0.00    0.00
04時59分41秒    1   54.00    0.00   45.00    0.00    0.00    1.00    0.00    0.00    0.00    0.00

04時59分41秒  CPU    %usr   %nice    %sys %iowait    %irq   %soft  %steal  %guest  %gnice   %idle
04時59分42秒    0   68.00    0.00   25.00    0.00    0.00    6.00    0.00    0.00    0.00    1.00
04時59分42秒    1   59.60    0.00   40.40    0.00    0.00    0.00    0.00    0.00    0.00    0.00

04時59分42秒  CPU    %usr   %nice    %sys %iowait    %irq   %soft  %steal  %guest  %gnice   %idle
04時59分43秒    0   63.00    0.00   29.00    0.00    0.00    7.00    0.00    0.00    0.00    1.00
04時59分43秒    1   55.00    0.00   44.00    0.00    0.00    1.00    0.00    0.00    0.00    0.00

04時59分43秒  CPU    %usr   %nice    %sys %iowait    %irq   %soft  %steal  %guest  %gnice   %idle
04時59分44秒    0   65.66    0.00   26.26    0.00    0.00    7.07    0.00    0.00    0.00    1.01
04時59分44秒    1   54.00    0.00   45.00    0.00    0.00    1.00    0.00    0.00    0.00    0.00

04時59分44秒  CPU    %usr   %nice    %sys %iowait    %irq   %soft  %steal  %guest  %gnice   %idle
04時59分45秒    0   63.64    0.00   29.29    0.00    0.00    6.06    0.00    0.00    0.00    1.01
04時59分45秒    1   48.51    0.00   50.50    0.00    0.00    0.99    0.00    0.00    0.00    0.00

04時59分45秒  CPU    %usr   %nice    %sys %iowait    %irq   %soft  %steal  %guest  %gnice   %idle
04時59分46秒    0   65.35    0.00   26.73    0.00    0.00    6.93    0.00    0.00    0.00    0.99
04時59分46秒    1   57.58    0.00   42.42    0.00    0.00    0.00    0.00    0.00    0.00    0.00

04時59分46秒  CPU    %usr   %nice    %sys %iowait    %irq   %soft  %steal  %guest  %gnice   %idle
04時59分47秒    0   62.63    0.00   30.30    0.00    0.00    7.07    0.00    0.00    0.00    0.00
04時59分47秒    1   52.00    0.00   47.00    0.00    0.00    1.00    0.00    0.00    0.00    0.00

04時59分47秒  CPU    %usr   %nice    %sys %iowait    %irq   %soft  %steal  %guest  %gnice   %idle
04時59分48秒    0   64.65    0.00   28.28    0.00    0.00    6.06    0.00    0.00    0.00    1.01
04時59分48秒    1   58.00    0.00   41.00    0.00    0.00    1.00    0.00    0.00    0.00    0.00

04時59分48秒  CPU    %usr   %nice    %sys %iowait    %irq   %soft  %steal  %guest  %gnice   %idle
04時59分49秒    0   63.00    0.00   29.00    0.00    0.00    7.00    0.00    0.00    0.00    1.00
04時59分49秒    1   56.00    0.00   43.00    0.00    0.00    1.00    0.00    0.00    0.00    0.00

04時59分49秒  CPU    %usr   %nice    %sys %iowait    %irq   %soft  %steal  %guest  %gnice   %idle
04時59分50秒    0   61.00    0.00   31.00    0.00    0.00    7.00    0.00    0.00    0.00    1.00
04時59分50秒    1   55.00    0.00   44.00    0.00    0.00    1.00    0.00    0.00    0.00    0.00

04時59分50秒  CPU    %usr   %nice    %sys %iowait    %irq   %soft  %steal  %guest  %gnice   %idle
04時59分51秒    0   61.62    0.00   31.31    0.00    0.00    6.06    0.00    0.00    0.00    1.01
04時59分51秒    1   55.00    0.00   45.00    0.00    0.00    0.00    0.00    0.00    0.00    0.00

04時59分51秒  CPU    %usr   %nice    %sys %iowait    %irq   %soft  %steal  %guest  %gnice   %idle
04時59分52秒    0   63.00    0.00   29.00    0.00    0.00    7.00    0.00    0.00    0.00    1.00
04時59分52秒    1   53.00    0.00   46.00    0.00    0.00    1.00    0.00    0.00    0.00    0.00

04時59分52秒  CPU    %usr   %nice    %sys %iowait    %irq   %soft  %steal  %guest  %gnice   %idle
04時59分53秒    0   60.61    0.00   32.32    0.00    0.00    7.07    0.00    0.00    0.00    0.00
04時59分53秒    1   49.49    0.00   49.49    0.00    0.00    1.01    0.00    0.00    0.00    0.00

04時59分53秒  CPU    %usr   %nice    %sys %iowait    %irq   %soft  %steal  %guest  %gnice   %idle
04時59分54秒    0   62.38    0.00   28.71    0.00    0.00    6.93    0.00    0.00    0.00    1.98
04時59分54秒    1   53.47    0.00   45.54    0.00    0.00    0.99    0.00    0.00    0.00    0.00

04時59分54秒  CPU    %usr   %nice    %sys %iowait    %irq   %soft  %steal  %guest  %gnice   %idle
04時59分55秒    0   63.27    0.00   30.61    0.00    0.00    6.12    0.00    0.00    0.00    0.00
04時59分55秒    1   50.00    0.00   49.00    0.00    0.00    1.00    0.00    0.00    0.00    0.00

04時59分55秒  CPU    %usr   %nice    %sys %iowait    %irq   %soft  %steal  %guest  %gnice   %idle
04時59分56秒    0   56.00    0.00   26.00    0.00    1.00    6.00    0.00    0.00    0.00   11.00
04時59分56秒    1   53.00    0.00   35.00    0.00    1.00    2.00    0.00    0.00    0.00    9.00

04時59分56秒  CPU    %usr   %nice    %sys %iowait    %irq   %soft  %steal  %guest  %gnice   %idle
04時59分57秒    0   55.45    0.00   32.67    0.00    0.00    4.95    0.00    0.00    0.00    6.93
04時59分57秒    1   46.24    0.00   25.81    0.00    0.00    3.23    0.00    0.00    0.00   24.73

04時59分57秒  CPU    %usr   %nice    %sys %iowait    %irq   %soft  %steal  %guest  %gnice   %idle
04時59分58秒    0   57.84    0.00   28.43    0.00    0.00    5.88    0.00    0.00    0.00    7.84
04時59分58秒    1   42.55    0.00   29.79    0.00    0.00    4.26    0.00    0.00    0.00   23.40

04時59分58秒  CPU    %usr   %nice    %sys %iowait    %irq   %soft  %steal  %guest  %gnice   %idle
04時59分59秒    0   56.44    0.00   32.67    0.00    0.00    5.94    0.00    0.00    0.00    4.95
04時59分59秒    1   51.61    0.00   24.73    0.00    0.00    2.15    0.00    0.00    0.00   21.51

04時59分59秒  CPU    %usr   %nice    %sys %iowait    %irq   %soft  %steal  %guest  %gnice   %idle
05時00分00秒    0   65.31    0.00   28.57    0.00    0.00    6.12    0.00    0.00    0.00    0.00
05時00分00秒    1   51.49    0.00   47.52    0.00    0.00    0.99    0.00    0.00    0.00    0.00

05時00分00秒  CPU    %usr   %nice    %sys %iowait    %irq   %soft  %steal  %guest  %gnice   %idle
05時00分01秒    0   64.00    0.00   28.00    0.00    0.00    7.00    0.00    0.00    0.00    1.00
05時00分01秒    1   54.55    0.00   45.45    0.00    0.00    0.00    0.00    0.00    0.00    0.00

05時00分01秒  CPU    %usr   %nice    %sys %iowait    %irq   %soft  %steal  %guest  %gnice   %idle
05時00分02秒    0   61.62    0.00   30.30    0.00    0.00    7.07    0.00    0.00    0.00    1.01
05時00分02秒    1   52.53    0.00   46.46    0.00    0.00    1.01    0.00    0.00    0.00    0.00

平均時間：  CPU    %usr   %nice    %sys %iowait    %irq   %soft  %steal  %guest  %gnice   %idle
平均時間：    0   61.36    0.00   28.42    0.00    0.07    6.38    0.00    0.00    0.00    3.78
平均時間：    1   52.80    0.00   40.42    0.00    0.07    1.31    0.00    0.00    0.00    5.41
