Linux 5.6.15-arch1-1 (archlinux) 	西元2020年06月29日 	_x86_64_	(12 CPU)

05時16分22秒  CPU    %usr   %nice    %sys %iowait    %irq   %soft  %steal  %guest  %gnice   %idle
05時16分23秒    0   59.00    0.00   33.00    0.00    0.00    7.00    0.00    0.00    0.00    1.00
05時16分23秒    1   57.00    0.00   42.00    0.00    0.00    1.00    0.00    0.00    0.00    0.00

05時16分23秒  CPU    %usr   %nice    %sys %iowait    %irq   %soft  %steal  %guest  %gnice   %idle
05時16分24秒    0   59.00    0.00   33.00    0.00    0.00    8.00    0.00    0.00    0.00    0.00
05時16分24秒    1   56.44    0.00   41.58    0.00    0.99    0.99    0.00    0.00    0.00    0.00

05時16分24秒  CPU    %usr   %nice    %sys %iowait    %irq   %soft  %steal  %guest  %gnice   %idle
05時16分25秒    0   54.00    0.00   39.00    0.00    0.00    7.00    0.00    0.00    0.00    0.00
05時16分25秒    1   53.00    0.00   46.00    0.00    0.00    1.00    0.00    0.00    0.00    0.00

05時16分25秒  CPU    %usr   %nice    %sys %iowait    %irq   %soft  %steal  %guest  %gnice   %idle
05時16分26秒    0   55.00    0.00   36.00    0.00    1.00    7.00    0.00    0.00    0.00    1.00
05時16分26秒    1   56.00    0.00   42.00    0.00    0.00    1.00    0.00    0.00    0.00    1.00

05時16分26秒  CPU    %usr   %nice    %sys %iowait    %irq   %soft  %steal  %guest  %gnice   %idle
05時16分27秒    0   60.00    0.00   32.00    0.00    0.00    8.00    0.00    0.00    0.00    0.00
05時16分27秒    1   51.00    0.00   48.00    0.00    0.00    1.00    0.00    0.00    0.00    0.00

05時16分27秒  CPU    %usr   %nice    %sys %iowait    %irq   %soft  %steal  %guest  %gnice   %idle
05時16分28秒    0   55.56    0.00   37.37    0.00    0.00    7.07    0.00    0.00    0.00    0.00
05時16分28秒    1   51.49    0.00   47.52    0.00    0.00    0.99    0.00    0.00    0.00    0.00

05時16分28秒  CPU    %usr   %nice    %sys %iowait    %irq   %soft  %steal  %guest  %gnice   %idle
05時16分29秒    0   61.39    0.00   29.70    0.00    0.00    7.92    0.00    0.00    0.00    0.99
05時16分29秒    1   53.54    0.00   44.44    0.00    0.00    1.01    0.00    0.00    0.00    1.01

05時16分29秒  CPU    %usr   %nice    %sys %iowait    %irq   %soft  %steal  %guest  %gnice   %idle
05時16分30秒    0   55.10    0.00   36.73    0.00    0.00    7.14    0.00    0.00    0.00    1.02
05時16分30秒    1   58.16    0.00   41.84    0.00    0.00    0.00    0.00    0.00    0.00    0.00

05時16分30秒  CPU    %usr   %nice    %sys %iowait    %irq   %soft  %steal  %guest  %gnice   %idle
05時16分31秒    0   55.00    0.00   37.00    0.00    0.00    8.00    0.00    0.00    0.00    0.00
05時16分31秒    1   58.00    0.00   41.00    0.00    0.00    1.00    0.00    0.00    0.00    0.00

05時16分31秒  CPU    %usr   %nice    %sys %iowait    %irq   %soft  %steal  %guest  %gnice   %idle
05時16分32秒    0   53.00    0.00   37.00    0.00    0.00    7.00    0.00    0.00    0.00    3.00
05時16分32秒    1   64.36    0.00   34.65    0.00    0.00    0.99    0.00    0.00    0.00    0.00

05時16分32秒  CPU    %usr   %nice    %sys %iowait    %irq   %soft  %steal  %guest  %gnice   %idle
05時16分33秒    0   47.47    0.00   44.44    0.00    0.00    8.08    0.00    0.00    0.00    0.00
05時16分33秒    1   56.00    0.00   43.00    0.00    0.00    1.00    0.00    0.00    0.00    0.00

05時16分33秒  CPU    %usr   %nice    %sys %iowait    %irq   %soft  %steal  %guest  %gnice   %idle
05時16分34秒    0   54.55    0.00   38.38    0.00    0.00    7.07    0.00    0.00    0.00    0.00
05時16分34秒    1   55.00    0.00   44.00    0.00    0.00    1.00    0.00    0.00    0.00    0.00

05時16分34秒  CPU    %usr   %nice    %sys %iowait    %irq   %soft  %steal  %guest  %gnice   %idle
05時16分35秒    0   49.02    0.00   42.16    0.00    0.00    7.84    0.00    0.00    0.00    0.98
05時16分35秒    1   62.00    0.00   37.00    0.00    0.00    1.00    0.00    0.00    0.00    0.00

05時16分35秒  CPU    %usr   %nice    %sys %iowait    %irq   %soft  %steal  %guest  %gnice   %idle
05時16分36秒    0   56.70    0.00   36.08    0.00    0.00    7.22    0.00    0.00    0.00    0.00
05時16分36秒    1   52.00    0.00   47.00    0.00    0.00    1.00    0.00    0.00    0.00    0.00

05時16分36秒  CPU    %usr   %nice    %sys %iowait    %irq   %soft  %steal  %guest  %gnice   %idle
05時16分37秒    0   56.44    0.00   34.65    0.00    0.00    7.92    0.00    0.00    0.00    0.99
05時16分37秒    1   53.00    0.00   46.00    0.00    0.00    1.00    0.00    0.00    0.00    0.00

05時16分37秒  CPU    %usr   %nice    %sys %iowait    %irq   %soft  %steal  %guest  %gnice   %idle
05時16分38秒    0   55.67    0.00   37.11    0.00    0.00    7.22    0.00    0.00    0.00    0.00
05時16分38秒    1   54.55    0.00   44.44    0.00    0.00    1.01    0.00    0.00    0.00    0.00

05時16分38秒  CPU    %usr   %nice    %sys %iowait    %irq   %soft  %steal  %guest  %gnice   %idle
05時16分39秒    0   50.50    0.00   36.63    0.00    0.00    6.93    0.00    0.00    0.00    5.94
05時16分39秒    1   56.00    0.00   39.00    0.00    0.00    1.00    0.00    0.00    0.00    4.00

05時16分39秒  CPU    %usr   %nice    %sys %iowait    %irq   %soft  %steal  %guest  %gnice   %idle
05時16分40秒    0   52.00    0.00   37.00    0.00    0.00    8.00    0.00    0.00    0.00    3.00
05時16分40秒    1   44.09    0.00   25.81    0.00    0.00    3.23    0.00    0.00    0.00   26.88

05時16分40秒  CPU    %usr   %nice    %sys %iowait    %irq   %soft  %steal  %guest  %gnice   %idle
05時16分41秒    0   53.47    0.00   37.62    0.00    0.00    6.93    0.00    0.00    0.00    1.98
05時16分41秒    1   42.55    0.00   23.40    0.00    0.00    3.19    0.00    0.00    0.00   30.85

05時16分41秒  CPU    %usr   %nice    %sys %iowait    %irq   %soft  %steal  %guest  %gnice   %idle
05時16分42秒    0   53.61    0.00   36.08    0.00    0.00    7.22    0.00    0.00    0.00    3.09
05時16分42秒    1   46.81    0.00   23.40    0.00    1.06    2.13    0.00    0.00    0.00   26.60

05時16分42秒  CPU    %usr   %nice    %sys %iowait    %irq   %soft  %steal  %guest  %gnice   %idle
05時16分43秒    0   57.84    0.00   30.39    0.00    0.98    7.84    0.00    0.00    0.00    2.94
05時16分43秒    1   43.62    0.00   23.40    0.00    0.00    3.19    0.00    0.00    0.00   29.79

05時16分43秒  CPU    %usr   %nice    %sys %iowait    %irq   %soft  %steal  %guest  %gnice   %idle
05時16分44秒    0   53.00    0.00   38.00    0.00    0.00    7.00    0.00    0.00    0.00    2.00
05時16分44秒    1   46.81    0.00   22.34    0.00    0.00    2.13    0.00    0.00    0.00   28.72

05時16分44秒  CPU    %usr   %nice    %sys %iowait    %irq   %soft  %steal  %guest  %gnice   %idle
05時16分45秒    0   46.46    0.00   43.43    0.00    0.00    8.08    0.00    0.00    0.00    2.02
05時16分45秒    1   44.09    0.00   22.58    0.00    0.00    2.15    0.00    0.00    0.00   31.18

05時16分45秒  CPU    %usr   %nice    %sys %iowait    %irq   %soft  %steal  %guest  %gnice   %idle
05時16分46秒    0   53.00    0.00   38.00    0.00    0.00    7.00    0.00    0.00    0.00    2.00
05時16分46秒    1   50.00    0.00   16.67    0.00    0.00    3.12    0.00    0.00    0.00   30.21

05時16分46秒  CPU    %usr   %nice    %sys %iowait    %irq   %soft  %steal  %guest  %gnice   %idle
05時16分47秒    0   52.48    0.00   36.63    0.00    0.00    7.92    0.00    0.00    0.00    2.97
05時16分47秒    1   47.31    0.00   21.51    0.00    0.00    2.15    0.00    0.00    0.00   29.03

05時16分47秒  CPU    %usr   %nice    %sys %iowait    %irq   %soft  %steal  %guest  %gnice   %idle
05時16分48秒    0   48.48    0.00   42.42    0.00    0.00    7.07    0.00    0.00    0.00    2.02
05時16分48秒    1   49.47    0.00   18.95    0.00    0.00    3.16    0.00    0.00    0.00   28.42

05時16分48秒  CPU    %usr   %nice    %sys %iowait    %irq   %soft  %steal  %guest  %gnice   %idle
05時16分49秒    0   50.51    0.00   40.40    0.00    0.00    7.07    0.00    0.00    0.00    2.02
05時16分49秒    1   45.65    0.00   23.91    0.00    0.00    2.17    0.00    0.00    0.00   28.26

05時16分49秒  CPU    %usr   %nice    %sys %iowait    %irq   %soft  %steal  %guest  %gnice   %idle
05時16分50秒    0   51.49    0.00   37.62    0.00    0.00    7.92    0.00    0.00    0.00    2.97
05時16分50秒    1   49.47    0.00   21.05    0.00    0.00    2.11    0.00    0.00    0.00   27.37

05時16分50秒  CPU    %usr   %nice    %sys %iowait    %irq   %soft  %steal  %guest  %gnice   %idle
05時16分51秒    0   53.00    0.00   38.00    0.00    0.00    7.00    0.00    0.00    0.00    2.00
05時16分51秒    1   46.81    0.00   21.28    0.00    0.00    3.19    0.00    0.00    0.00   28.72

05時16分51秒  CPU    %usr   %nice    %sys %iowait    %irq   %soft  %steal  %guest  %gnice   %idle
05時16分52秒    0   50.98    0.00   38.24    0.00    0.00    7.84    0.00    0.00    0.00    2.94
05時16分52秒    1   44.21    0.00   23.16    0.00    0.00    2.11    0.00    0.00    0.00   30.53

05時16分52秒  CPU    %usr   %nice    %sys %iowait    %irq   %soft  %steal  %guest  %gnice   %idle
05時16分53秒    0   55.45    0.00   35.64    0.00    0.00    6.93    0.00    0.00    0.00    1.98
05時16分53秒    1   46.81    0.00   21.28    0.00    0.00    3.19    0.00    0.00    0.00   28.72

05時16分53秒  CPU    %usr   %nice    %sys %iowait    %irq   %soft  %steal  %guest  %gnice   %idle
05時16分54秒    0   52.53    0.00   38.38    0.00    0.00    7.07    0.00    0.00    0.00    2.02
05時16分54秒    1   43.01    0.00   25.81    0.00    0.00    2.15    0.00    0.00    0.00   29.03

05時16分54秒  CPU    %usr   %nice    %sys %iowait    %irq   %soft  %steal  %guest  %gnice   %idle
05時16分55秒    0   54.46    0.00   34.65    0.00    0.00    7.92    0.00    0.00    0.00    2.97
05時16分55秒    1   45.26    0.00   24.21    0.00    0.00    2.11    0.00    0.00    0.00   28.42

05時16分55秒  CPU    %usr   %nice    %sys %iowait    %irq   %soft  %steal  %guest  %gnice   %idle
05時16分56秒    0   49.00    0.00   37.00    0.00    0.00    6.00    0.00    0.00    0.00    8.00
05時16分56秒    1   62.63    0.00   32.32    0.00    0.00    2.02    0.00    0.00    0.00    3.03

05時16分56秒  CPU    %usr   %nice    %sys %iowait    %irq   %soft  %steal  %guest  %gnice   %idle
05時16分57秒    0   57.58    0.00   35.35    0.00    0.00    7.07    0.00    0.00    0.00    0.00
05時16分57秒    1   57.00    0.00   42.00    0.00    0.00    1.00    0.00    0.00    0.00    0.00

05時16分57秒  CPU    %usr   %nice    %sys %iowait    %irq   %soft  %steal  %guest  %gnice   %idle
05時16分58秒    0   48.51    0.00   43.56    0.00    0.00    6.93    0.00    0.00    0.00    0.99
05時16分58秒    1   50.50    0.00   48.51    0.00    0.00    0.99    0.00    0.00    0.00    0.00

05時16分58秒  CPU    %usr   %nice    %sys %iowait    %irq   %soft  %steal  %guest  %gnice   %idle
05時16分59秒    0   53.47    0.00   39.60    0.00    0.99    5.94    0.00    0.00    0.00    0.00
05時16分59秒    1   60.00    0.00   39.00    0.00    0.00    1.00    0.00    0.00    0.00    0.00

05時16分59秒  CPU    %usr   %nice    %sys %iowait    %irq   %soft  %steal  %guest  %gnice   %idle
05時17分00秒    0   57.58    0.00   35.35    0.00    0.00    7.07    0.00    0.00    0.00    0.00
05時17分00秒    1   53.54    0.00   43.43    0.00    1.01    1.01    0.00    0.00    0.00    1.01

05時17分00秒  CPU    %usr   %nice    %sys %iowait    %irq   %soft  %steal  %guest  %gnice   %idle
05時17分01秒    0   53.54    0.00   39.39    0.00    0.00    7.07    0.00    0.00    0.00    0.00
05時17分01秒    1   54.55    0.00   45.45    0.00    0.00    0.00    0.00    0.00    0.00    0.00

05時17分01秒  CPU    %usr   %nice    %sys %iowait    %irq   %soft  %steal  %guest  %gnice   %idle
05時17分02秒    0   53.47    0.00   37.62    0.00    0.00    7.92    0.00    0.00    0.00    0.99
05時17分02秒    1   54.00    0.00   45.00    0.00    0.00    1.00    0.00    0.00    0.00    0.00

05時17分02秒  CPU    %usr   %nice    %sys %iowait    %irq   %soft  %steal  %guest  %gnice   %idle
05時17分03秒    0   59.00    0.00   34.00    0.00    0.00    7.00    0.00    0.00    0.00    0.00
05時17分03秒    1   56.00    0.00   43.00    0.00    0.00    1.00    0.00    0.00    0.00    0.00

05時17分03秒  CPU    %usr   %nice    %sys %iowait    %irq   %soft  %steal  %guest  %gnice   %idle
05時17分04秒    0   49.49    0.00   43.43    0.00    0.00    7.07    0.00    0.00    0.00    0.00
05時17分04秒    1   54.46    0.00   44.55    0.00    0.00    0.99    0.00    0.00    0.00    0.00

05時17分04秒  CPU    %usr   %nice    %sys %iowait    %irq   %soft  %steal  %guest  %gnice   %idle
05時17分05秒    0   49.50    0.00   42.57    0.00    0.00    6.93    0.00    0.00    0.00    0.99
05時17分05秒    1   50.00    0.00   49.00    0.00    0.00    1.00    0.00    0.00    0.00    0.00

05時17分05秒  CPU    %usr   %nice    %sys %iowait    %irq   %soft  %steal  %guest  %gnice   %idle
05時17分06秒    0   54.55    0.00   37.37    0.00    0.00    8.08    0.00    0.00    0.00    0.00
05時17分06秒    1   54.00    0.00   44.00    0.00    0.00    1.00    0.00    0.00    0.00    1.00

05時17分06秒  CPU    %usr   %nice    %sys %iowait    %irq   %soft  %steal  %guest  %gnice   %idle
05時17分07秒    0   51.00    0.00   42.00    0.00    0.00    7.00    0.00    0.00    0.00    0.00
05時17分07秒    1   55.00    0.00   44.00    0.00    0.00    1.00    0.00    0.00    0.00    0.00

05時17分07秒  CPU    %usr   %nice    %sys %iowait    %irq   %soft  %steal  %guest  %gnice   %idle
05時17分08秒    0   51.00    0.00   39.00    0.00    0.00    7.00    0.00    0.00    0.00    3.00
05時17分08秒    1   53.54    0.00   45.45    0.00    0.00    1.01    0.00    0.00    0.00    0.00

05時17分08秒  CPU    %usr   %nice    %sys %iowait    %irq   %soft  %steal  %guest  %gnice   %idle
05時17分09秒    0   55.00    0.00   37.00    0.00    0.00    7.00    0.00    0.00    0.00    1.00
05時17分09秒    1   58.00    0.00   42.00    0.00    0.00    0.00    0.00    0.00    0.00    0.00

05時17分09秒  CPU    %usr   %nice    %sys %iowait    %irq   %soft  %steal  %guest  %gnice   %idle
05時17分10秒    0   55.00    0.00   37.00    0.00    0.00    8.00    0.00    0.00    0.00    0.00
05時17分10秒    1   58.00    0.00   41.00    0.00    0.00    1.00    0.00    0.00    0.00    0.00

05時17分10秒  CPU    %usr   %nice    %sys %iowait    %irq   %soft  %steal  %guest  %gnice   %idle
05時17分11秒    0   57.00    0.00   36.00    0.00    0.00    7.00    0.00    0.00    0.00    0.00
05時17分11秒    1   54.00    0.00   45.00    0.00    0.00    1.00    0.00    0.00    0.00    0.00

05時17分11秒  CPU    %usr   %nice    %sys %iowait    %irq   %soft  %steal  %guest  %gnice   %idle
05時17分12秒    0   49.00    0.00   43.00    0.00    0.00    7.00    0.00    0.00    0.00    1.00
05時17分12秒    1   55.00    0.00   44.00    0.00    0.00    1.00    0.00    0.00    0.00    0.00

05時17分12秒  CPU    %usr   %nice    %sys %iowait    %irq   %soft  %steal  %guest  %gnice   %idle
05時17分13秒    0   55.10    0.00   37.76    0.00    0.00    7.14    0.00    0.00    0.00    0.00
05時17分13秒    1   54.00    0.00   45.00    0.00    0.00    1.00    0.00    0.00    0.00    0.00

05時17分13秒  CPU    %usr   %nice    %sys %iowait    %irq   %soft  %steal  %guest  %gnice   %idle
05時17分14秒    0   58.42    0.00   33.66    0.00    0.00    7.92    0.00    0.00    0.00    0.00
05時17分14秒    1   55.56    0.00   42.42    0.00    0.00    1.01    0.00    0.00    0.00    1.01

05時17分14秒  CPU    %usr   %nice    %sys %iowait    %irq   %soft  %steal  %guest  %gnice   %idle
05時17分15秒    0   56.44    0.00   35.64    0.00    0.00    6.93    0.00    0.00    0.00    0.99
05時17分15秒    1   53.00    0.00   46.00    0.00    0.00    1.00    0.00    0.00    0.00    0.00

05時17分15秒  CPU    %usr   %nice    %sys %iowait    %irq   %soft  %steal  %guest  %gnice   %idle
05時17分16秒    0   59.18    0.00   33.67    0.00    0.00    7.14    0.00    0.00    0.00    0.00
05時17分16秒    1   56.00    0.00   43.00    0.00    0.00    1.00    0.00    0.00    0.00    0.00

05時17分16秒  CPU    %usr   %nice    %sys %iowait    %irq   %soft  %steal  %guest  %gnice   %idle
05時17分17秒    0   54.46    0.00   35.64    0.00    0.99    6.93    0.00    0.00    0.00    1.98
05時17分17秒    1   54.90    0.00   42.16    0.00    0.98    0.98    0.00    0.00    0.00    0.98

05時17分17秒  CPU    %usr   %nice    %sys %iowait    %irq   %soft  %steal  %guest  %gnice   %idle
05時17分18秒    0   51.49    0.00   40.59    0.00    0.00    7.92    0.00    0.00    0.00    0.00
05時17分18秒    1   55.00    0.00   44.00    0.00    0.00    1.00    0.00    0.00    0.00    0.00

05時17分18秒  CPU    %usr   %nice    %sys %iowait    %irq   %soft  %steal  %guest  %gnice   %idle
05時17分19秒    0   59.00    0.00   34.00    0.00    0.00    7.00    0.00    0.00    0.00    0.00
05時17分19秒    1   56.00    0.00   43.00    0.00    0.00    1.00    0.00    0.00    0.00    0.00

05時17分19秒  CPU    %usr   %nice    %sys %iowait    %irq   %soft  %steal  %guest  %gnice   %idle
05時17分20秒    0   52.53    0.00   39.39    0.00    0.00    7.07    0.00    0.00    0.00    1.01
05時17分20秒    1   55.56    0.00   43.43    0.00    0.00    1.01    0.00    0.00    0.00    0.00

05時17分20秒  CPU    %usr   %nice    %sys %iowait    %irq   %soft  %steal  %guest  %gnice   %idle
05時17分21秒    0   56.44    0.00   35.64    0.00    0.00    7.92    0.00    0.00    0.00    0.00
05時17分21秒    1   52.00    0.00   47.00    0.00    0.00    1.00    0.00    0.00    0.00    0.00

05時17分21秒  CPU    %usr   %nice    %sys %iowait    %irq   %soft  %steal  %guest  %gnice   %idle
05時17分22秒    0   53.54    0.00   36.36    0.00    0.00    7.07    0.00    0.00    0.00    3.03
05時17分22秒    1   54.46    0.00   44.55    0.00    0.00    0.99    0.00    0.00    0.00    0.00

05時17分22秒  CPU    %usr   %nice    %sys %iowait    %irq   %soft  %steal  %guest  %gnice   %idle
05時17分23秒    0   61.62    0.00   31.31    0.00    0.00    7.07    0.00    0.00    0.00    0.00
05時17分23秒    1   58.00    0.00   41.00    0.00    0.00    1.00    0.00    0.00    0.00    0.00

05時17分23秒  CPU    %usr   %nice    %sys %iowait    %irq   %soft  %steal  %guest  %gnice   %idle
05時17分24秒    0   59.00    0.00   33.00    0.00    0.00    7.00    0.00    0.00    0.00    1.00
05時17分24秒    1   54.55    0.00   43.43    0.00    0.00    1.01    0.00    0.00    0.00    1.01

05時17分24秒  CPU    %usr   %nice    %sys %iowait    %irq   %soft  %steal  %guest  %gnice   %idle
05時17分25秒    0   54.00    0.00   38.00    0.00    0.00    8.00    0.00    0.00    0.00    0.00
05時17分25秒    1   54.55    0.00   45.45    0.00    0.00    0.00    0.00    0.00    0.00    0.00

05時17分25秒  CPU    %usr   %nice    %sys %iowait    %irq   %soft  %steal  %guest  %gnice   %idle
05時17分26秒    0   59.60    0.00   33.33    0.00    0.00    7.07    0.00    0.00    0.00    0.00
05時17分26秒    1   53.00    0.00   46.00    0.00    0.00    1.00    0.00    0.00    0.00    0.00

05時17分26秒  CPU    %usr   %nice    %sys %iowait    %irq   %soft  %steal  %guest  %gnice   %idle
05時17分27秒    0   53.00    0.00   39.00    0.00    0.00    7.00    0.00    0.00    0.00    1.00
05時17分27秒    1   58.00    0.00   41.00    0.00    0.00    1.00    0.00    0.00    0.00    0.00

05時17分27秒  CPU    %usr   %nice    %sys %iowait    %irq   %soft  %steal  %guest  %gnice   %idle
05時17分28秒    0   56.00    0.00   37.00    0.00    0.00    7.00    0.00    0.00    0.00    0.00
05時17分28秒    1   51.49    0.00   46.53    0.00    0.00    1.98    0.00    0.00    0.00    0.00

05時17分28秒  CPU    %usr   %nice    %sys %iowait    %irq   %soft  %steal  %guest  %gnice   %idle
05時17分29秒    0   54.46    0.00   37.62    0.00    0.00    7.92    0.00    0.00    0.00    0.00
05時17分29秒    1   62.24    0.00   37.76    0.00    0.00    0.00    0.00    0.00    0.00    0.00

05時17分29秒  CPU    %usr   %nice    %sys %iowait    %irq   %soft  %steal  %guest  %gnice   %idle
05時17分30秒    0   52.04    0.00   40.82    0.00    0.00    7.14    0.00    0.00    0.00    0.00
05時17分30秒    1   61.00    0.00   38.00    0.00    0.00    1.00    0.00    0.00    0.00    0.00

05時17分30秒  CPU    %usr   %nice    %sys %iowait    %irq   %soft  %steal  %guest  %gnice   %idle
05時17分31秒    0   50.98    0.00   40.20    0.00    0.00    7.84    0.00    0.00    0.00    0.98
05時17分31秒    1   56.00    0.00   43.00    0.00    0.00    1.00    0.00    0.00    0.00    0.00

05時17分31秒  CPU    %usr   %nice    %sys %iowait    %irq   %soft  %steal  %guest  %gnice   %idle
05時17分32秒    0   56.57    0.00   36.36    0.00    0.00    7.07    0.00    0.00    0.00    0.00
05時17分32秒    1   54.00    0.00   45.00    0.00    0.00    1.00    0.00    0.00    0.00    0.00

05時17分32秒  CPU    %usr   %nice    %sys %iowait    %irq   %soft  %steal  %guest  %gnice   %idle
05時17分33秒    0   54.55    0.00   38.38    0.00    0.00    7.07    0.00    0.00    0.00    0.00
05時17分33秒    1   53.00    0.00   46.00    0.00    0.00    1.00    0.00    0.00    0.00    0.00

05時17分33秒  CPU    %usr   %nice    %sys %iowait    %irq   %soft  %steal  %guest  %gnice   %idle
05時17分34秒    0   52.48    0.00   38.61    0.00    0.00    7.92    0.00    0.00    0.00    0.99
05時17分34秒    1   54.46    0.00   43.56    0.00    0.99    0.99    0.00    0.00    0.00    0.00

05時17分34秒  CPU    %usr   %nice    %sys %iowait    %irq   %soft  %steal  %guest  %gnice   %idle
05時17分35秒    0   53.00    0.00   39.00    0.00    1.00    7.00    0.00    0.00    0.00    0.00
05時17分35秒    1   57.43    0.00   40.59    0.00    0.00    0.99    0.00    0.00    0.00    0.99

05時17分35秒  CPU    %usr   %nice    %sys %iowait    %irq   %soft  %steal  %guest  %gnice   %idle
05時17分36秒    0   53.47    0.00   37.62    0.00    0.00    7.92    0.00    0.00    0.00    0.99
05時17分36秒    1   62.00    0.00   37.00    0.00    0.00    1.00    0.00    0.00    0.00    0.00

05時17分36秒  CPU    %usr   %nice    %sys %iowait    %irq   %soft  %steal  %guest  %gnice   %idle
05時17分37秒    0   58.59    0.00   34.34    0.00    0.00    7.07    0.00    0.00    0.00    0.00
05時17分37秒    1   56.00    0.00   43.00    0.00    0.00    1.00    0.00    0.00    0.00    0.00

05時17分37秒  CPU    %usr   %nice    %sys %iowait    %irq   %soft  %steal  %guest  %gnice   %idle
05時17分38秒    0   55.00    0.00   38.00    0.00    0.00    7.00    0.00    0.00    0.00    0.00
05時17分38秒    1   52.53    0.00   46.46    0.00    0.00    1.01    0.00    0.00    0.00    0.00

05時17分38秒  CPU    %usr   %nice    %sys %iowait    %irq   %soft  %steal  %guest  %gnice   %idle
05時17分39秒    0   55.45    0.00   35.64    0.00    0.00    7.92    0.00    0.00    0.00    0.99
05時17分39秒    1   51.49    0.00   47.52    0.00    0.00    0.99    0.00    0.00    0.00    0.00

05時17分39秒  CPU    %usr   %nice    %sys %iowait    %irq   %soft  %steal  %guest  %gnice   %idle
05時17分40秒    0   54.55    0.00   38.38    0.00    0.00    7.07    0.00    0.00    0.00    0.00
05時17分40秒    1   54.00    0.00   45.00    0.00    0.00    1.00    0.00    0.00    0.00    0.00

05時17分40秒  CPU    %usr   %nice    %sys %iowait    %irq   %soft  %steal  %guest  %gnice   %idle
05時17分41秒    0   48.98    0.00   43.88    0.00    0.00    7.14    0.00    0.00    0.00    0.00
05時17分41秒    1   53.54    0.00   45.45    0.00    0.00    0.00    0.00    0.00    0.00    1.01

05時17分41秒  CPU    %usr   %nice    %sys %iowait    %irq   %soft  %steal  %guest  %gnice   %idle
05時17分42秒    0   52.94    0.00   38.24    0.00    0.00    7.84    0.00    0.00    0.00    0.98
05時17分42秒    1   57.00    0.00   42.00    0.00    0.00    1.00    0.00    0.00    0.00    0.00

05時17分42秒  CPU    %usr   %nice    %sys %iowait    %irq   %soft  %steal  %guest  %gnice   %idle
05時17分43秒    0   50.00    0.00   43.00    0.00    0.00    7.00    0.00    0.00    0.00    0.00
05時17分43秒    1   51.52    0.00   47.47    0.00    0.00    1.01    0.00    0.00    0.00    0.00

05時17分43秒  CPU    %usr   %nice    %sys %iowait    %irq   %soft  %steal  %guest  %gnice   %idle
05時17分44秒    0   52.04    0.00   39.80    0.00    0.00    7.14    0.00    0.00    0.00    1.02
05時17分44秒    1   54.46    0.00   43.56    0.00    0.00    0.99    0.00    0.00    0.00    0.99

05時17分44秒  CPU    %usr   %nice    %sys %iowait    %irq   %soft  %steal  %guest  %gnice   %idle
05時17分45秒    0   55.00    0.00   37.00    0.00    0.00    8.00    0.00    0.00    0.00    0.00
05時17分45秒    1   55.56    0.00   43.43    0.00    0.00    1.01    0.00    0.00    0.00    0.00

05時17分45秒  CPU    %usr   %nice    %sys %iowait    %irq   %soft  %steal  %guest  %gnice   %idle
05時17分46秒    0   54.00    0.00   39.00    0.00    0.00    7.00    0.00    0.00    0.00    0.00
05時17分46秒    1   62.38    0.00   36.63    0.00    0.00    0.99    0.00    0.00    0.00    0.00

05時17分46秒  CPU    %usr   %nice    %sys %iowait    %irq   %soft  %steal  %guest  %gnice   %idle
05時17分47秒    0   49.49    0.00   42.42    0.00    0.00    7.07    0.00    0.00    0.00    1.01
05時17分47秒    1   58.16    0.00   40.82    0.00    0.00    1.02    0.00    0.00    0.00    0.00

05時17分47秒  CPU    %usr   %nice    %sys %iowait    %irq   %soft  %steal  %guest  %gnice   %idle
05時17分48秒    0   57.00    0.00   35.00    0.00    0.00    8.00    0.00    0.00    0.00    0.00
05時17分48秒    1   56.44    0.00   42.57    0.00    0.00    0.99    0.00    0.00    0.00    0.00

05時17分48秒  CPU    %usr   %nice    %sys %iowait    %irq   %soft  %steal  %guest  %gnice   %idle
05時17分49秒    0   55.56    0.00   37.37    0.00    0.00    7.07    0.00    0.00    0.00    0.00
05時17分49秒    1   60.00    0.00   39.00    0.00    0.00    1.00    0.00    0.00    0.00    0.00

05時17分49秒  CPU    %usr   %nice    %sys %iowait    %irq   %soft  %steal  %guest  %gnice   %idle
05時17分50秒    0   50.00    0.00   42.00    0.00    0.00    7.00    0.00    0.00    0.00    1.00
05時17分50秒    1   56.00    0.00   43.00    0.00    0.00    1.00    0.00    0.00    0.00    0.00

05時17分50秒  CPU    %usr   %nice    %sys %iowait    %irq   %soft  %steal  %guest  %gnice   %idle
05時17分51秒    0   54.46    0.00   37.62    0.00    0.00    7.92    0.00    0.00    0.00    0.00
05時17分51秒    1   54.46    0.00   43.56    0.00    0.99    0.99    0.00    0.00    0.00    0.00

05時17分51秒  CPU    %usr   %nice    %sys %iowait    %irq   %soft  %steal  %guest  %gnice   %idle
05時17分52秒    0   56.00    0.00   36.00    0.00    1.00    7.00    0.00    0.00    0.00    0.00
05時17分52秒    1   63.00    0.00   36.00    0.00    0.00    1.00    0.00    0.00    0.00    0.00

05時17分52秒  CPU    %usr   %nice    %sys %iowait    %irq   %soft  %steal  %guest  %gnice   %idle
05時17分53秒    0   51.49    0.00   40.59    0.00    0.00    6.93    0.00    0.00    0.00    0.99
05時17分53秒    1   57.58    0.00   42.42    0.00    0.00    0.00    0.00    0.00    0.00    0.00

05時17分53秒  CPU    %usr   %nice    %sys %iowait    %irq   %soft  %steal  %guest  %gnice   %idle
05時17分54秒    0   48.48    0.00   37.37    0.00    0.00    7.07    0.00    0.00    0.00    7.07
05時17分54秒    1   55.00    0.00   40.00    0.00    0.00    2.00    0.00    0.00    0.00    3.00

05時17分54秒  CPU    %usr   %nice    %sys %iowait    %irq   %soft  %steal  %guest  %gnice   %idle
05時17分55秒    0   48.48    0.00   41.41    0.00    0.00    7.07    0.00    0.00    0.00    3.03
05時17分55秒    1   42.55    0.00   25.53    0.00    0.00    2.13    0.00    0.00    0.00   29.79

05時17分55秒  CPU    %usr   %nice    %sys %iowait    %irq   %soft  %steal  %guest  %gnice   %idle
05時17分56秒    0   47.00    0.00   35.00    0.00    0.00    7.00    0.00    0.00    0.00   11.00
05時17分56秒    1   53.12    0.00   21.88    0.00    0.00    2.08    0.00    0.00    0.00   22.92

05時17分56秒  CPU    %usr   %nice    %sys %iowait    %irq   %soft  %steal  %guest  %gnice   %idle
05時17分57秒    0   53.47    0.00   31.68    0.00    0.00    6.93    0.00    0.00    0.00    7.92
05時17分57秒    1   54.64    0.00   36.08    0.00    0.00    2.06    0.00    0.00    0.00    7.22

05時17分57秒  CPU    %usr   %nice    %sys %iowait    %irq   %soft  %steal  %guest  %gnice   %idle
05時17分58秒    0   59.00    0.00   33.00    0.00    0.00    7.00    0.00    0.00    0.00    1.00
05時17分58秒    1   54.00    0.00   45.00    0.00    0.00    1.00    0.00    0.00    0.00    0.00

05時17分58秒  CPU    %usr   %nice    %sys %iowait    %irq   %soft  %steal  %guest  %gnice   %idle
05時17分59秒    0   57.58    0.00   35.35    0.00    0.00    7.07    0.00    0.00    0.00    0.00
05時17分59秒    1   58.00    0.00   41.00    0.00    0.00    1.00    0.00    0.00    0.00    0.00

05時17分59秒  CPU    %usr   %nice    %sys %iowait    %irq   %soft  %steal  %guest  %gnice   %idle
05時18分00秒    0   59.00    0.00   32.00    0.00    0.00    8.00    0.00    0.00    0.00    1.00
05時18分00秒    1   57.00    0.00   42.00    0.00    0.00    1.00    0.00    0.00    0.00    0.00

05時18分00秒  CPU    %usr   %nice    %sys %iowait    %irq   %soft  %steal  %guest  %gnice   %idle
05時18分01秒    0   56.57    0.00   34.34    0.00    0.00    7.07    0.00    0.00    0.00    2.02
05時18分01秒    1   53.54    0.00   45.45    0.00    0.00    0.00    0.00    0.00    0.00    1.01

05時18分01秒  CPU    %usr   %nice    %sys %iowait    %irq   %soft  %steal  %guest  %gnice   %idle
05時18分02秒    0   56.00    0.00   37.00    0.00    0.00    7.00    0.00    0.00    0.00    0.00
05時18分02秒    1   54.00    0.00   45.00    0.00    0.00    1.00    0.00    0.00    0.00    0.00

05時18分02秒  CPU    %usr   %nice    %sys %iowait    %irq   %soft  %steal  %guest  %gnice   %idle
05時18分03秒    0   50.51    0.00   42.42    0.00    0.00    7.07    0.00    0.00    0.00    0.00
05時18分03秒    1   57.00    0.00   42.00    0.00    0.00    1.00    0.00    0.00    0.00    0.00

05時18分03秒  CPU    %usr   %nice    %sys %iowait    %irq   %soft  %steal  %guest  %gnice   %idle
05時18分04秒    0   58.42    0.00   32.67    0.00    0.00    7.92    0.00    0.00    0.00    0.99
05時18分04秒    1   56.00    0.00   43.00    0.00    0.00    1.00    0.00    0.00    0.00    0.00

05時18分04秒  CPU    %usr   %nice    %sys %iowait    %irq   %soft  %steal  %guest  %gnice   %idle
05時18分05秒    0   53.06    0.00   39.80    0.00    0.00    7.14    0.00    0.00    0.00    0.00
05時18分05秒    1   58.42    0.00   40.59    0.00    0.00    0.99    0.00    0.00    0.00    0.00

05時18分05秒  CPU    %usr   %nice    %sys %iowait    %irq   %soft  %steal  %guest  %gnice   %idle
05時18分06秒    0   56.00    0.00   37.00    0.00    0.00    7.00    0.00    0.00    0.00    0.00
05時18分06秒    1   53.54    0.00   45.45    0.00    0.00    1.01    0.00    0.00    0.00    0.00

05時18分06秒  CPU    %usr   %nice    %sys %iowait    %irq   %soft  %steal  %guest  %gnice   %idle
05時18分07秒    0   55.00    0.00   37.00    0.00    0.00    7.00    0.00    0.00    0.00    1.00
05時18分07秒    1   53.00    0.00   44.00    0.00    0.00    1.00    0.00    0.00    0.00    2.00

05時18分07秒  CPU    %usr   %nice    %sys %iowait    %irq   %soft  %steal  %guest  %gnice   %idle
05時18分08秒    0   60.00    0.00   32.00    0.00    0.00    8.00    0.00    0.00    0.00    0.00
05時18分08秒    1   58.42    0.00   39.60    0.00    0.99    0.99    0.00    0.00    0.00    0.00

05時18分08秒  CPU    %usr   %nice    %sys %iowait    %irq   %soft  %steal  %guest  %gnice   %idle
05時18分09秒    0   53.47    0.00   38.61    0.00    0.00    6.93    0.00    0.00    0.00    0.99
05時18分09秒    1   56.57    0.00   43.43    0.00    0.00    0.00    0.00    0.00    0.00    0.00

05時18分09秒  CPU    %usr   %nice    %sys %iowait    %irq   %soft  %steal  %guest  %gnice   %idle
05時18分10秒    0   55.56    0.00   36.36    0.00    1.01    7.07    0.00    0.00    0.00    0.00
05時18分10秒    1   63.00    0.00   36.00    0.00    0.00    1.00    0.00    0.00    0.00    0.00

05時18分10秒  CPU    %usr   %nice    %sys %iowait    %irq   %soft  %steal  %guest  %gnice   %idle
05時18分11秒    0   52.00    0.00   40.00    0.00    0.00    7.00    0.00    0.00    0.00    1.00
05時18分11秒    1   56.00    0.00   43.00    0.00    0.00    1.00    0.00    0.00    0.00    0.00

05時18分11秒  CPU    %usr   %nice    %sys %iowait    %irq   %soft  %steal  %guest  %gnice   %idle
05時18分12秒    0   52.00    0.00   37.00    0.00    0.00    7.00    0.00    0.00    0.00    4.00
05時18分12秒    1   46.81    0.00   24.47    0.00    0.00    2.13    0.00    0.00    0.00   26.60

05時18分12秒  CPU    %usr   %nice    %sys %iowait    %irq   %soft  %steal  %guest  %gnice   %idle
05時18分13秒    0   55.45    0.00   33.66    0.00    0.00    7.92    0.00    0.00    0.00    2.97
05時18分13秒    1   45.16    0.00   23.66    0.00    0.00    3.23    0.00    0.00    0.00   27.96

05時18分13秒  CPU    %usr   %nice    %sys %iowait    %irq   %soft  %steal  %guest  %gnice   %idle
05時18分14秒    0   53.00    0.00   37.00    0.00    0.00    7.00    0.00    0.00    0.00    3.00
05時18分14秒    1   51.09    0.00   18.48    0.00    0.00    2.17    0.00    0.00    0.00   28.26

05時18分14秒  CPU    %usr   %nice    %sys %iowait    %irq   %soft  %steal  %guest  %gnice   %idle
05時18分15秒    0   54.08    0.00   36.73    0.00    0.00    7.14    0.00    0.00    0.00    2.04
05時18分15秒    1   43.62    0.00   24.47    0.00    0.00    3.19    0.00    0.00    0.00   28.72

05時18分15秒  CPU    %usr   %nice    %sys %iowait    %irq   %soft  %steal  %guest  %gnice   %idle
05時18分16秒    0   47.52    0.00   41.58    0.00    0.00    7.92    0.00    0.00    0.00    2.97
05時18分16秒    1   46.81    0.00   23.40    0.00    0.00    2.13    0.00    0.00    0.00   27.66

05時18分16秒  CPU    %usr   %nice    %sys %iowait    %irq   %soft  %steal  %guest  %gnice   %idle
05時18分17秒    0   51.49    0.00   38.61    0.00    0.00    6.93    0.00    0.00    0.00    2.97
05時18分17秒    1   43.01    0.00   25.81    0.00    0.00    2.15    0.00    0.00    0.00   29.03

05時18分17秒  CPU    %usr   %nice    %sys %iowait    %irq   %soft  %steal  %guest  %gnice   %idle
05時18分18秒    0   53.47    0.00   36.63    0.00    0.00    6.93    0.00    0.00    0.00    2.97
05時18分18秒    1   47.87    0.00   20.21    0.00    0.00    3.19    0.00    0.00    0.00   28.72

05時18分18秒  CPU    %usr   %nice    %sys %iowait    %irq   %soft  %steal  %guest  %gnice   %idle
05時18分19秒    0   51.49    0.00   38.61    0.00    0.00    6.93    0.00    0.00    0.00    2.97
05時18分19秒    1   48.91    0.00   19.57    0.00    1.09    2.17    0.00    0.00    0.00   28.26

05時18分19秒  CPU    %usr   %nice    %sys %iowait    %irq   %soft  %steal  %guest  %gnice   %idle
05時18分20秒    0   52.04    0.00   36.73    0.00    0.00    8.16    0.00    0.00    0.00    3.06
05時18分20秒    1   44.21    0.00   23.16    0.00    0.00    3.16    0.00    0.00    0.00   29.47

05時18分20秒  CPU    %usr   %nice    %sys %iowait    %irq   %soft  %steal  %guest  %gnice   %idle
05時18分21秒    0   52.00    0.00   39.00    0.00    0.00    7.00    0.00    0.00    0.00    2.00
05時18分21秒    1   48.42    0.00   23.16    0.00    0.00    2.11    0.00    0.00    0.00   26.32

05時18分21秒  CPU    %usr   %nice    %sys %iowait    %irq   %soft  %steal  %guest  %gnice   %idle
05時18分22秒    0   52.00    0.00   37.00    0.00    0.00    7.00    0.00    0.00    0.00    4.00
05時18分22秒    1   41.94    0.00   26.88    0.00    0.00    2.15    0.00    0.00    0.00   29.03

平均時間：  CPU    %usr   %nice    %sys %iowait    %irq   %soft  %steal  %guest  %gnice   %idle
平均時間：    0   53.93    0.00   37.40    0.00    0.06    7.29    0.00    0.00    0.00    1.32
平均時間：    1   53.57    0.00   38.23    0.00    0.07    1.31    0.00    0.00    0.00    6.81
