Linux 5.6.15-arch1-1 (archlinux) 	西元2020年06月29日 	_x86_64_	(12 CPU)

05時39分55秒  CPU    %usr   %nice    %sys %iowait    %irq   %soft  %steal  %guest  %gnice   %idle
05時39分56秒    0    8.60    0.00    6.45    0.00    0.00    1.08    0.00    0.00    0.00   83.87
05時39分56秒    1    0.00    0.00    1.19    0.00    0.00    0.00    0.00    0.00    0.00   98.81

05時39分56秒  CPU    %usr   %nice    %sys %iowait    %irq   %soft  %steal  %guest  %gnice   %idle
05時39分57秒    0   10.42    0.00    7.29    0.00    0.00    2.08    0.00    0.00    0.00   80.21
05時39分57秒    1    1.18    0.00    0.00    0.00    0.00    1.18    0.00    0.00    0.00   97.65

05時39分57秒  CPU    %usr   %nice    %sys %iowait    %irq   %soft  %steal  %guest  %gnice   %idle
05時39分58秒    0   10.53    0.00    5.26    0.00    0.00    2.11    0.00    0.00    0.00   82.11
05時39分58秒    1    1.18    0.00    0.00    0.00    0.00    1.18    0.00    0.00    0.00   97.65

05時39分58秒  CPU    %usr   %nice    %sys %iowait    %irq   %soft  %steal  %guest  %gnice   %idle
05時39分59秒    0    8.42    0.00    6.32    0.00    0.00    2.11    0.00    0.00    0.00   83.16
05時39分59秒    1    1.18    0.00    1.18    0.00    0.00    0.00    0.00    0.00    0.00   97.65

05時39分59秒  CPU    %usr   %nice    %sys %iowait    %irq   %soft  %steal  %guest  %gnice   %idle
05時40分00秒    0    9.57    0.00    5.32    0.00    0.00    2.13    0.00    0.00    0.00   82.98
05時40分00秒    1    1.18    0.00    0.00    0.00    0.00    1.18    0.00    0.00    0.00   97.65

05時40分00秒  CPU    %usr   %nice    %sys %iowait    %irq   %soft  %steal  %guest  %gnice   %idle
05時40分01秒    0    9.68    0.00    6.45    0.00    0.00    1.08    0.00    0.00    0.00   82.80
05時40分01秒    1    1.19    0.00    0.00    0.00    0.00    1.19    0.00    0.00    0.00   97.62

05時40分01秒  CPU    %usr   %nice    %sys %iowait    %irq   %soft  %steal  %guest  %gnice   %idle
05時40分02秒    0    6.32    0.00    8.42    0.00    0.00    2.11    0.00    0.00    0.00   83.16
05時40分02秒    1    1.18    0.00    1.18    0.00    0.00    0.00    0.00    0.00    0.00   97.65

05時40分02秒  CPU    %usr   %nice    %sys %iowait    %irq   %soft  %steal  %guest  %gnice   %idle
05時40分03秒    0    9.47    0.00    6.32    0.00    0.00    2.11    0.00    0.00    0.00   82.11
05時40分03秒    1    0.00    0.00    0.00    0.00    0.00    1.19    0.00    0.00    0.00   98.81

05時40分03秒  CPU    %usr   %nice    %sys %iowait    %irq   %soft  %steal  %guest  %gnice   %idle
05時40分04秒    0   11.58    0.00    4.21    0.00    0.00    2.11    0.00    0.00    0.00   82.11
05時40分04秒    1    1.18    0.00    1.18    0.00    0.00    1.18    0.00    0.00    0.00   96.47

05時40分04秒  CPU    %usr   %nice    %sys %iowait    %irq   %soft  %steal  %guest  %gnice   %idle
05時40分05秒    0    8.51    0.00    5.32    0.00    0.00    2.13    0.00    0.00    0.00   84.04
05時40分05秒    1    1.18    0.00    0.00    0.00    0.00    1.18    0.00    0.00    0.00   97.65

05時40分05秒  CPU    %usr   %nice    %sys %iowait    %irq   %soft  %steal  %guest  %gnice   %idle
05時40分06秒    0    7.45    0.00    7.45    0.00    0.00    2.13    0.00    0.00    0.00   82.98
05時40分06秒    1    1.19    0.00    0.00    0.00    0.00    0.00    0.00    0.00    0.00   98.81

05時40分06秒  CPU    %usr   %nice    %sys %iowait    %irq   %soft  %steal  %guest  %gnice   %idle
05時40分07秒    0    8.51    0.00    7.45    0.00    0.00    1.06    0.00    0.00    0.00   82.98
05時40分07秒    1    1.18    0.00    0.00    0.00    0.00    1.18    0.00    0.00    0.00   97.65

05時40分07秒  CPU    %usr   %nice    %sys %iowait    %irq   %soft  %steal  %guest  %gnice   %idle
05時40分08秒    0    8.60    0.00    5.38    0.00    0.00    2.15    0.00    0.00    0.00   83.87
05時40分08秒    1    1.18    0.00    1.18    0.00    0.00    1.18    0.00    0.00    0.00   96.47

05時40分08秒  CPU    %usr   %nice    %sys %iowait    %irq   %soft  %steal  %guest  %gnice   %idle
05時40分09秒    0   10.53    0.00    6.32    0.00    0.00    2.11    0.00    0.00    0.00   81.05
05時40分09秒    1    0.00    0.00    1.19    0.00    0.00    0.00    0.00    0.00    0.00   98.81

05時40分09秒  CPU    %usr   %nice    %sys %iowait    %irq   %soft  %steal  %guest  %gnice   %idle
05時40分10秒    0   12.63    0.00    3.16    0.00    0.00    2.11    0.00    0.00    0.00   82.11
05時40分10秒    1    1.18    0.00    0.00    0.00    0.00    1.18    0.00    0.00    0.00   97.65

05時40分10秒  CPU    %usr   %nice    %sys %iowait    %irq   %soft  %steal  %guest  %gnice   %idle
05時40分11秒    0    7.37    0.00    7.37    0.00    1.05    2.11    0.00    0.00    0.00   82.11
05時40分11秒    1    1.18    0.00    0.00    0.00    0.00    1.18    0.00    0.00    0.00   97.65

05時40分11秒  CPU    %usr   %nice    %sys %iowait    %irq   %soft  %steal  %guest  %gnice   %idle
05時40分12秒    0    7.37    0.00    8.42    0.00    0.00    1.05    0.00    0.00    0.00   83.16
05時40分12秒    1    1.18    0.00    0.00    0.00    0.00    0.00    0.00    0.00    0.00   98.82

05時40分12秒  CPU    %usr   %nice    %sys %iowait    %irq   %soft  %steal  %guest  %gnice   %idle
05時40分13秒    0    8.42    0.00    7.37    0.00    0.00    2.11    0.00    0.00    0.00   82.11
05時40分13秒    1    1.16    0.00    1.16    0.00    0.00    1.16    0.00    0.00    0.00   96.51

05時40分13秒  CPU    %usr   %nice    %sys %iowait    %irq   %soft  %steal  %guest  %gnice   %idle
05時40分14秒    0    7.53    0.00    6.45    0.00    0.00    2.15    0.00    0.00    0.00   83.87
05時40分14秒    1    2.35    0.00    0.00    0.00    0.00    0.00    0.00    0.00    0.00   97.65

05時40分14秒  CPU    %usr   %nice    %sys %iowait    %irq   %soft  %steal  %guest  %gnice   %idle
05時40分15秒    0    9.57    0.00    7.45    0.00    0.00    2.13    0.00    0.00    0.00   80.85
05時40分15秒    1    0.00    0.00    0.00    0.00    0.00    1.19    0.00    0.00    0.00   98.81

05時40分15秒  CPU    %usr   %nice    %sys %iowait    %irq   %soft  %steal  %guest  %gnice   %idle
05時40分16秒    0    8.51    0.00    6.38    0.00    0.00    2.13    0.00    0.00    0.00   82.98
05時40分16秒    1    1.18    0.00    1.18    0.00    0.00    0.00    0.00    0.00    0.00   97.65

05時40分16秒  CPU    %usr   %nice    %sys %iowait    %irq   %soft  %steal  %guest  %gnice   %idle
05時40分17秒    0    9.38    0.00    6.25    0.00    0.00    2.08    0.00    0.00    0.00   82.29
05時40分17秒    1    1.18    0.00    0.00    0.00    0.00    1.18    0.00    0.00    0.00   97.65

05時40分17秒  CPU    %usr   %nice    %sys %iowait    %irq   %soft  %steal  %guest  %gnice   %idle
05時40分18秒    0    7.53    0.00    7.53    0.00    0.00    1.08    0.00    0.00    0.00   83.87
05時40分18秒    1    1.18    0.00    1.18    0.00    1.18    0.00    0.00    0.00    0.00   96.47

05時40分18秒  CPU    %usr   %nice    %sys %iowait    %irq   %soft  %steal  %guest  %gnice   %idle
05時40分19秒    0   10.53    0.00    6.32    0.00    0.00    2.11    0.00    0.00    0.00   81.05
05時40分19秒    1    2.30    0.00    0.00    0.00    0.00    1.15    0.00    0.00    0.00   96.55

05時40分19秒  CPU    %usr   %nice    %sys %iowait    %irq   %soft  %steal  %guest  %gnice   %idle
05時40分20秒    0    6.32    0.00    9.47    0.00    0.00    2.11    0.00    0.00    0.00   82.11
05時40分20秒    1    0.00    0.00    0.00    0.00    0.00    0.00    0.00    0.00    0.00  100.00

05時40分20秒  CPU    %usr   %nice    %sys %iowait    %irq   %soft  %steal  %guest  %gnice   %idle
05時40分21秒    0    9.47    0.00    6.32    0.00    0.00    2.11    0.00    0.00    0.00   82.11
05時40分21秒    1    1.18    0.00    0.00    0.00    0.00    1.18    0.00    0.00    0.00   97.65

05時40分21秒  CPU    %usr   %nice    %sys %iowait    %irq   %soft  %steal  %guest  %gnice   %idle
05時40分22秒    0    7.37    0.00    7.37    0.00    0.00    2.11    0.00    0.00    0.00   83.16
05時40分22秒    1    1.16    0.00    1.16    0.00    0.00    1.16    0.00    0.00    0.00   96.51

05時40分22秒  CPU    %usr   %nice    %sys %iowait    %irq   %soft  %steal  %guest  %gnice   %idle
05時40分23秒    0    9.68    0.00    5.38    0.00    0.00    1.08    0.00    0.00    0.00   83.87
05時40分23秒    1    0.00    0.00    0.00    0.00    0.00    0.00    0.00    0.00    0.00  100.00

05時40分23秒  CPU    %usr   %nice    %sys %iowait    %irq   %soft  %steal  %guest  %gnice   %idle
05時40分24秒    0    6.38    0.00    8.51    0.00    0.00    2.13    0.00    0.00    0.00   82.98
05時40分24秒    1    1.16    0.00    1.16    0.00    0.00    1.16    0.00    0.00    0.00   96.51

05時40分24秒  CPU    %usr   %nice    %sys %iowait    %irq   %soft  %steal  %guest  %gnice   %idle
05時40分25秒    0   11.46    0.00    5.21    0.00    0.00    2.08    0.00    0.00    0.00   81.25
05時40分25秒    1    3.57    0.00    0.00    0.00    0.00    0.00    0.00    0.00    0.00   96.43

05時40分25秒  CPU    %usr   %nice    %sys %iowait    %irq   %soft  %steal  %guest  %gnice   %idle
05時40分26秒    0    7.37    0.00    8.42    0.00    0.00    2.11    0.00    0.00    0.00   82.11
05時40分26秒    1    2.33    0.00    0.00    0.00    0.00    1.16    0.00    0.00    0.00   96.51

05時40分26秒  CPU    %usr   %nice    %sys %iowait    %irq   %soft  %steal  %guest  %gnice   %idle
05時40分27秒    0    6.45    0.00    7.53    0.00    0.00    2.15    0.00    0.00    0.00   83.87
05時40分27秒    1    1.19    0.00    0.00    0.00    0.00    0.00    0.00    0.00    0.00   98.81

05時40分27秒  CPU    %usr   %nice    %sys %iowait    %irq   %soft  %steal  %guest  %gnice   %idle
05時40分28秒    0    7.53    0.00    6.45    0.00    0.00    2.15    0.00    0.00    0.00   83.87
05時40分28秒    1    0.00    0.00    0.00    0.00    0.00    1.18    0.00    0.00    0.00   98.82

05時40分28秒  CPU    %usr   %nice    %sys %iowait    %irq   %soft  %steal  %guest  %gnice   %idle
05時40分29秒    0    9.57    0.00    6.38    0.00    0.00    1.06    0.00    0.00    0.00   82.98
05時40分29秒    1    1.19    0.00    1.19    0.00    0.00    0.00    0.00    0.00    0.00   97.62

05時40分29秒  CPU    %usr   %nice    %sys %iowait    %irq   %soft  %steal  %guest  %gnice   %idle
05時40分30秒    0    7.45    0.00    7.45    0.00    0.00    2.13    0.00    0.00    0.00   82.98
05時40分30秒    1    1.16    0.00    1.16    0.00    0.00    1.16    0.00    0.00    0.00   96.51

05時40分30秒  CPU    %usr   %nice    %sys %iowait    %irq   %soft  %steal  %guest  %gnice   %idle
05時40分31秒    0    8.42    0.00    7.37    0.00    0.00    2.11    0.00    0.00    0.00   82.11
05時40分31秒    1    1.18    0.00    0.00    0.00    0.00    1.18    0.00    0.00    0.00   97.65

05時40分31秒  CPU    %usr   %nice    %sys %iowait    %irq   %soft  %steal  %guest  %gnice   %idle
05時40分32秒    0    7.37    0.00    8.42    0.00    0.00    2.11    0.00    0.00    0.00   82.11
05時40分32秒    1    1.18    0.00    1.18    0.00    0.00    0.00    0.00    0.00    0.00   97.65

05時40分32秒  CPU    %usr   %nice    %sys %iowait    %irq   %soft  %steal  %guest  %gnice   %idle
05時40分33秒    0    9.38    0.00    6.25    0.00    0.00    2.08    0.00    0.00    0.00   82.29
05時40分33秒    1    1.18    0.00    0.00    0.00    0.00    1.18    0.00    0.00    0.00   97.65

05時40分33秒  CPU    %usr   %nice    %sys %iowait    %irq   %soft  %steal  %guest  %gnice   %idle
05時40分34秒    0    8.60    0.00    5.38    0.00    0.00    2.15    0.00    0.00    0.00   83.87
05時40分34秒    1    1.18    0.00    1.18    0.00    0.00    0.00    0.00    0.00    0.00   97.65

05時40分34秒  CPU    %usr   %nice    %sys %iowait    %irq   %soft  %steal  %guest  %gnice   %idle
05時40分35秒    0    9.68    0.00    5.38    0.00    0.00    1.08    0.00    0.00    0.00   83.87
05時40分35秒    1    1.16    0.00    0.00    0.00    0.00    1.16    0.00    0.00    0.00   97.67

05時40分35秒  CPU    %usr   %nice    %sys %iowait    %irq   %soft  %steal  %guest  %gnice   %idle
05時40分36秒    0    8.42    0.00    7.37    0.00    0.00    2.11    0.00    0.00    0.00   82.11
05時40分36秒    1    0.00    0.00    1.19    0.00    0.00    0.00    0.00    0.00    0.00   98.81

05時40分36秒  CPU    %usr   %nice    %sys %iowait    %irq   %soft  %steal  %guest  %gnice   %idle
05時40分37秒    0    9.38    0.00    6.25    0.00    0.00    2.08    0.00    0.00    0.00   82.29
05時40分37秒    1    0.00    0.00    0.00    0.00    0.00    1.19    0.00    0.00    0.00   98.81

05時40分37秒  CPU    %usr   %nice    %sys %iowait    %irq   %soft  %steal  %guest  %gnice   %idle
05時40分38秒    0    8.51    0.00    6.38    0.00    0.00    2.13    0.00    0.00    0.00   82.98
05時40分38秒    1    1.18    0.00    1.18    0.00    0.00    0.00    0.00    0.00    0.00   97.65

05時40分38秒  CPU    %usr   %nice    %sys %iowait    %irq   %soft  %steal  %guest  %gnice   %idle
05時40分39秒    0    8.42    0.00    9.47    0.00    0.00    2.11    0.00    0.00    0.00   80.00
05時40分39秒    1    0.00    0.00    0.00    0.00    0.00    1.18    0.00    0.00    0.00   98.82

05時40分39秒  CPU    %usr   %nice    %sys %iowait    %irq   %soft  %steal  %guest  %gnice   %idle
05時40分40秒    0    8.51    0.00    5.32    0.00    1.06    2.13    0.00    0.00    0.00   82.98
05時40分40秒    1    1.19    0.00    0.00    0.00    0.00    0.00    0.00    0.00    0.00   98.81

05時40分40秒  CPU    %usr   %nice    %sys %iowait    %irq   %soft  %steal  %guest  %gnice   %idle
05時40分41秒    0    8.60    0.00    6.45    0.00    0.00    1.08    0.00    0.00    0.00   83.87
05時40分41秒    1    0.00    0.00    1.18    0.00    0.00    1.18    0.00    0.00    0.00   97.65

05時40分41秒  CPU    %usr   %nice    %sys %iowait    %irq   %soft  %steal  %guest  %gnice   %idle
05時40分42秒    0    8.25    0.00    9.28    0.00    0.00    2.06    0.00    0.00    0.00   80.41
05時40分42秒    1    1.19    0.00    0.00    0.00    0.00    1.19    0.00    0.00    0.00   97.62

05時40分42秒  CPU    %usr   %nice    %sys %iowait    %irq   %soft  %steal  %guest  %gnice   %idle
05時40分43秒    0    7.45    0.00    7.45    0.00    0.00    2.13    0.00    0.00    0.00   82.98
05時40分43秒    1    1.19    0.00    0.00    0.00    0.00    0.00    0.00    0.00    0.00   98.81

05時40分43秒  CPU    %usr   %nice    %sys %iowait    %irq   %soft  %steal  %guest  %gnice   %idle
05時40分44秒    0    8.51    0.00    6.38    0.00    0.00    2.13    0.00    0.00    0.00   82.98
05時40分44秒    1    0.00    0.00    1.16    0.00    0.00    1.16    0.00    0.00    0.00   97.67

05時40分44秒  CPU    %usr   %nice    %sys %iowait    %irq   %soft  %steal  %guest  %gnice   %idle
05時40分45秒    0    6.32    0.00    8.42    0.00    0.00    2.11    0.00    0.00    0.00   83.16
05時40分45秒    1    0.00    0.00    0.00    0.00    0.00    0.00    0.00    0.00    0.00  100.00

05時40分45秒  CPU    %usr   %nice    %sys %iowait    %irq   %soft  %steal  %guest  %gnice   %idle
05時40分46秒    0    9.68    0.00    5.38    0.00    0.00    1.08    0.00    0.00    0.00   83.87
05時40分46秒    1    1.18    0.00    0.00    0.00    0.00    1.18    0.00    0.00    0.00   97.65

05時40分46秒  CPU    %usr   %nice    %sys %iowait    %irq   %soft  %steal  %guest  %gnice   %idle
05時40分47秒    0    6.52    0.00    6.52    0.00    0.00    2.17    0.00    0.00    0.00   84.78
05時40分47秒    1    1.19    0.00    0.00    0.00    0.00    0.00    0.00    0.00    0.00   98.81

05時40分47秒  CPU    %usr   %nice    %sys %iowait    %irq   %soft  %steal  %guest  %gnice   %idle
05時40分48秒    0   10.42    0.00    6.25    0.00    0.00    2.08    0.00    0.00    0.00   81.25
05時40分48秒    1    0.00    0.00    0.00    0.00    0.00    1.19    0.00    0.00    0.00   98.81

05時40分48秒  CPU    %usr   %nice    %sys %iowait    %irq   %soft  %steal  %guest  %gnice   %idle
05時40分49秒    0    8.60    0.00    5.38    0.00    0.00    2.15    0.00    0.00    0.00   83.87
05時40分49秒    1    1.19    0.00    0.00    0.00    0.00    0.00    0.00    0.00    0.00   98.81

05時40分49秒  CPU    %usr   %nice    %sys %iowait    %irq   %soft  %steal  %guest  %gnice   %idle
05時40分50秒    0    9.47    0.00    6.32    0.00    0.00    2.11    0.00    0.00    0.00   82.11
05時40分50秒    1    1.15    0.00    1.15    0.00    0.00    1.15    0.00    0.00    0.00   96.55

05時40分50秒  CPU    %usr   %nice    %sys %iowait    %irq   %soft  %steal  %guest  %gnice   %idle
05時40分51秒    0    8.51    0.00    6.38    0.00    0.00    2.13    0.00    0.00    0.00   82.98
05時40分51秒    1    0.00    0.00    1.19    0.00    0.00    1.19    0.00    0.00    0.00   97.62

05時40分51秒  CPU    %usr   %nice    %sys %iowait    %irq   %soft  %steal  %guest  %gnice   %idle
05時40分52秒    0    8.51    0.00    7.45    0.00    0.00    1.06    0.00    0.00    0.00   82.98
05時40分52秒    1    2.35    0.00    0.00    0.00    0.00    0.00    0.00    0.00    0.00   97.65

05時40分52秒  CPU    %usr   %nice    %sys %iowait    %irq   %soft  %steal  %guest  %gnice   %idle
05時40分53秒    0    7.45    0.00    7.45    0.00    0.00    2.13    0.00    0.00    0.00   82.98
05時40分53秒    1    1.16    0.00    0.00    0.00    1.16    1.16    0.00    0.00    0.00   96.51

05時40分53秒  CPU    %usr   %nice    %sys %iowait    %irq   %soft  %steal  %guest  %gnice   %idle
05時40分54秒    0    6.52    0.00    6.52    0.00    0.00    2.17    0.00    0.00    0.00   84.78
05時40分54秒    1    0.00    0.00    1.19    0.00    0.00    0.00    0.00    0.00    0.00   98.81

05時40分54秒  CPU    %usr   %nice    %sys %iowait    %irq   %soft  %steal  %guest  %gnice   %idle
05時40分55秒    0    9.47    0.00    6.32    0.00    0.00    2.11    0.00    0.00    0.00   82.11
05時40分55秒    1    0.00    0.00    0.00    0.00    0.00    1.19    0.00    0.00    0.00   98.81

05時40分55秒  CPU    %usr   %nice    %sys %iowait    %irq   %soft  %steal  %guest  %gnice   %idle
05時40分56秒    0    8.42    0.00    6.32    0.00    0.00    2.11    0.00    0.00    0.00   83.16
05時40分56秒    1    1.19    0.00    0.00    0.00    0.00    0.00    0.00    0.00    0.00   98.81

05時40分56秒  CPU    %usr   %nice    %sys %iowait    %irq   %soft  %steal  %guest  %gnice   %idle
05時40分57秒    0    9.57    0.00    6.38    0.00    0.00    1.06    0.00    0.00    0.00   82.98
05時40分57秒    1    0.00    0.00    1.16    0.00    0.00    1.16    0.00    0.00    0.00   97.67

05時40分57秒  CPU    %usr   %nice    %sys %iowait    %irq   %soft  %steal  %guest  %gnice   %idle
05時40分58秒    0    7.45    0.00    7.45    0.00    0.00    2.13    0.00    0.00    0.00   82.98
05時40分58秒    1    0.00    0.00    0.00    0.00    0.00    0.00    0.00    0.00    0.00  100.00

05時40分58秒  CPU    %usr   %nice    %sys %iowait    %irq   %soft  %steal  %guest  %gnice   %idle
05時40分59秒    0    9.38    0.00    6.25    0.00    0.00    2.08    0.00    0.00    0.00   82.29
05時40分59秒    1    3.49    0.00    0.00    0.00    0.00    1.16    0.00    0.00    0.00   95.35

05時40分59秒  CPU    %usr   %nice    %sys %iowait    %irq   %soft  %steal  %guest  %gnice   %idle
05時41分00秒    0    6.59    0.00    4.40    0.00    0.00    2.20    0.00    0.00    0.00   86.81
05時41分00秒    1    1.19    0.00    0.00    0.00    0.00    0.00    0.00    0.00    0.00   98.81

05時41分00秒  CPU    %usr   %nice    %sys %iowait    %irq   %soft  %steal  %guest  %gnice   %idle
05時41分01秒    0    9.68    0.00    5.38    0.00    0.00    2.15    0.00    0.00    0.00   82.80
05時41分01秒    1    0.00    0.00    1.19    0.00    0.00    1.19    0.00    0.00    0.00   97.62

05時41分01秒  CPU    %usr   %nice    %sys %iowait    %irq   %soft  %steal  %guest  %gnice   %idle
05時41分02秒    0    9.78    0.00    4.35    0.00    0.00    1.09    0.00    0.00    0.00   84.78
05時41分02秒    1    1.16    0.00    1.16    0.00    0.00    1.16    0.00    0.00    0.00   96.51

05時41分02秒  CPU    %usr   %nice    %sys %iowait    %irq   %soft  %steal  %guest  %gnice   %idle
05時41分03秒    0    6.32    0.00    8.42    0.00    0.00    2.11    0.00    0.00    0.00   83.16
05時41分03秒    1    0.00    0.00    0.00    0.00    0.00    0.00    0.00    0.00    0.00  100.00

05時41分03秒  CPU    %usr   %nice    %sys %iowait    %irq   %soft  %steal  %guest  %gnice   %idle
05時41分04秒    0   10.53    0.00    5.26    0.00    0.00    2.11    0.00    0.00    0.00   82.11
05時41分04秒    1    1.16    0.00    1.16    0.00    0.00    1.16    0.00    0.00    0.00   96.51

05時41分04秒  CPU    %usr   %nice    %sys %iowait    %irq   %soft  %steal  %guest  %gnice   %idle
05時41分05秒    0   11.58    0.00    5.26    0.00    0.00    2.11    0.00    0.00    0.00   81.05
05時41分05秒    1    1.18    0.00    0.00    0.00    0.00    0.00    0.00    0.00    0.00   98.82

05時41分05秒  CPU    %usr   %nice    %sys %iowait    %irq   %soft  %steal  %guest  %gnice   %idle
05時41分06秒    0    8.51    0.00    6.38    0.00    0.00    2.13    0.00    0.00    0.00   82.98
05時41分06秒    1    1.18    0.00    0.00    0.00    0.00    1.18    0.00    0.00    0.00   97.65

05時41分06秒  CPU    %usr   %nice    %sys %iowait    %irq   %soft  %steal  %guest  %gnice   %idle
05時41分07秒    0    7.45    0.00    8.51    0.00    0.00    1.06    0.00    0.00    0.00   82.98
05時41分07秒    1    1.19    0.00    0.00    0.00    0.00    0.00    0.00    0.00    0.00   98.81

05時41分07秒  CPU    %usr   %nice    %sys %iowait    %irq   %soft  %steal  %guest  %gnice   %idle
05時41分08秒    0   10.42    0.00    4.17    0.00    1.04    2.08    0.00    0.00    0.00   82.29
05時41分08秒    1    0.00    0.00    1.18    0.00    0.00    1.18    0.00    0.00    0.00   97.65

05時41分08秒  CPU    %usr   %nice    %sys %iowait    %irq   %soft  %steal  %guest  %gnice   %idle
05時41分09秒    0    8.42    0.00    7.37    0.00    0.00    2.11    0.00    0.00    0.00   82.11
05時41分09秒    1    1.19    0.00    0.00    0.00    0.00    0.00    0.00    0.00    0.00   98.81

05時41分09秒  CPU    %usr   %nice    %sys %iowait    %irq   %soft  %steal  %guest  %gnice   %idle
05時41分10秒    0    8.51    0.00    6.38    0.00    0.00    2.13    0.00    0.00    0.00   82.98
05時41分10秒    1    1.16    0.00    0.00    0.00    0.00    1.16    0.00    0.00    0.00   97.67

05時41分10秒  CPU    %usr   %nice    %sys %iowait    %irq   %soft  %steal  %guest  %gnice   %idle
05時41分11秒    0    9.47    0.00    7.37    0.00    0.00    2.11    0.00    0.00    0.00   81.05
05時41分11秒    1    1.18    0.00    1.18    0.00    0.00    1.18    0.00    0.00    0.00   96.47

05時41分11秒  CPU    %usr   %nice    %sys %iowait    %irq   %soft  %steal  %guest  %gnice   %idle
05時41分12秒    0    8.33    0.00    8.33    0.00    0.00    2.08    0.00    0.00    0.00   81.25
05時41分12秒    1    1.18    0.00    1.18    0.00    0.00    0.00    0.00    0.00    0.00   97.65

05時41分12秒  CPU    %usr   %nice    %sys %iowait    %irq   %soft  %steal  %guest  %gnice   %idle
05時41分13秒    0    9.68    0.00    5.38    0.00    0.00    1.08    0.00    0.00    0.00   83.87
05時41分13秒    1    2.38    0.00    0.00    0.00    0.00    1.19    0.00    0.00    0.00   96.43

05時41分13秒  CPU    %usr   %nice    %sys %iowait    %irq   %soft  %steal  %guest  %gnice   %idle
05時41分14秒    0    6.25    0.00    9.38    0.00    0.00    2.08    0.00    0.00    0.00   82.29
05時41分14秒    1    1.18    0.00    0.00    0.00    0.00    0.00    0.00    0.00    0.00   98.82

05時41分14秒  CPU    %usr   %nice    %sys %iowait    %irq   %soft  %steal  %guest  %gnice   %idle
05時41分15秒    0    7.53    0.00    7.53    0.00    0.00    2.15    0.00    0.00    0.00   82.80
05時41分15秒    1    0.00    0.00    0.00    0.00    0.00    1.19    0.00    0.00    0.00   98.81

05時41分15秒  CPU    %usr   %nice    %sys %iowait    %irq   %soft  %steal  %guest  %gnice   %idle
05時41分16秒    0    8.33    0.00    7.29    0.00    0.00    2.08    0.00    0.00    0.00   82.29
05時41分16秒    1    1.19    0.00    0.00    0.00    0.00    0.00    0.00    0.00    0.00   98.81

05時41分16秒  CPU    %usr   %nice    %sys %iowait    %irq   %soft  %steal  %guest  %gnice   %idle
05時41分17秒    0    9.57    0.00    6.38    0.00    0.00    2.13    0.00    0.00    0.00   81.91
05時41分17秒    1    1.16    0.00    1.16    0.00    0.00    1.16    0.00    0.00    0.00   96.51

05時41分17秒  CPU    %usr   %nice    %sys %iowait    %irq   %soft  %steal  %guest  %gnice   %idle
05時41分18秒    0    7.45    0.00    7.45    0.00    0.00    1.06    0.00    0.00    0.00   84.04
05時41分18秒    1    1.18    0.00    0.00    0.00    0.00    0.00    0.00    0.00    0.00   98.82

05時41分18秒  CPU    %usr   %nice    %sys %iowait    %irq   %soft  %steal  %guest  %gnice   %idle
05時41分19秒    0    7.61    0.00    5.43    0.00    0.00    2.17    0.00    0.00    0.00   84.78
05時41分19秒    1    1.19    0.00    0.00    0.00    0.00    1.19    0.00    0.00    0.00   97.62

05時41分19秒  CPU    %usr   %nice    %sys %iowait    %irq   %soft  %steal  %guest  %gnice   %idle
05時41分20秒    0    7.53    0.00    6.45    0.00    0.00    2.15    0.00    0.00    0.00   83.87
05時41分20秒    1    1.19    0.00    0.00    0.00    0.00    0.00    0.00    0.00    0.00   98.81

05時41分20秒  CPU    %usr   %nice    %sys %iowait    %irq   %soft  %steal  %guest  %gnice   %idle
05時41分21秒    0   10.53    0.00    6.32    0.00    0.00    2.11    0.00    0.00    0.00   81.05
05時41分21秒    1    1.18    0.00    0.00    0.00    0.00    1.18    0.00    0.00    0.00   97.65

05時41分21秒  CPU    %usr   %nice    %sys %iowait    %irq   %soft  %steal  %guest  %gnice   %idle
05時41分22秒    0    8.42    0.00    7.37    0.00    0.00    2.11    0.00    0.00    0.00   82.11
05時41分22秒    1    0.00    0.00    1.16    0.00    0.00    1.16    0.00    0.00    0.00   97.67

05時41分22秒  CPU    %usr   %nice    %sys %iowait    %irq   %soft  %steal  %guest  %gnice   %idle
05時41分23秒    0    8.42    0.00    6.32    0.00    0.00    2.11    0.00    0.00    0.00   83.16
05時41分23秒    1    0.00    0.00    1.19    0.00    0.00    0.00    0.00    0.00    0.00   98.81

05時41分23秒  CPU    %usr   %nice    %sys %iowait    %irq   %soft  %steal  %guest  %gnice   %idle
05時41分24秒    0    9.68    0.00    5.38    0.00    0.00    1.08    0.00    0.00    0.00   83.87
05時41分24秒    1    0.00    0.00    0.00    0.00    0.00    1.19    0.00    0.00    0.00   98.81

05時41分24秒  CPU    %usr   %nice    %sys %iowait    %irq   %soft  %steal  %guest  %gnice   %idle
05時41分25秒    0    8.51    0.00    6.38    0.00    0.00    2.13    0.00    0.00    0.00   82.98
05時41分25秒    1    1.18    0.00    1.18    0.00    0.00    0.00    0.00    0.00    0.00   97.65

05時41分25秒  CPU    %usr   %nice    %sys %iowait    %irq   %soft  %steal  %guest  %gnice   %idle
05時41分26秒    0    8.42    0.00    7.37    0.00    0.00    2.11    0.00    0.00    0.00   82.11
05時41分26秒    1    1.18    0.00    0.00    0.00    0.00    1.18    0.00    0.00    0.00   97.65

05時41分26秒  CPU    %usr   %nice    %sys %iowait    %irq   %soft  %steal  %guest  %gnice   %idle
05時41分27秒    0    5.62    0.00    4.49    0.00    0.00    2.25    0.00    0.00    0.00   87.64
05時41分27秒    1    0.00    0.00    0.00    0.00    0.00    0.00    0.00    0.00    0.00  100.00

05時41分27秒  CPU    %usr   %nice    %sys %iowait    %irq   %soft  %steal  %guest  %gnice   %idle
05時41分28秒    0    9.47    0.00    6.32    0.00    0.00    2.11    0.00    0.00    0.00   82.11
05時41分28秒    1    1.18    0.00    0.00    0.00    0.00    1.18    0.00    0.00    0.00   97.65

05時41分28秒  CPU    %usr   %nice    %sys %iowait    %irq   %soft  %steal  %guest  %gnice   %idle
05時41分29秒    0    5.32    0.00    9.57    0.00    0.00    1.06    0.00    0.00    0.00   84.04
05時41分29秒    1    3.49    0.00    1.16    0.00    0.00    0.00    0.00    0.00    0.00   95.35

05時41分29秒  CPU    %usr   %nice    %sys %iowait    %irq   %soft  %steal  %guest  %gnice   %idle
05時41分30秒    0    8.51    0.00    6.38    0.00    0.00    2.13    0.00    0.00    0.00   82.98
05時41分30秒    1    0.00    0.00    0.00    0.00    0.00    1.19    0.00    0.00    0.00   98.81

05時41分30秒  CPU    %usr   %nice    %sys %iowait    %irq   %soft  %steal  %guest  %gnice   %idle
05時41分31秒    0    9.47    0.00    6.32    0.00    0.00    2.11    0.00    0.00    0.00   82.11
05時41分31秒    1    4.65    0.00    0.00    0.00    0.00    1.16    0.00    0.00    0.00   94.19

05時41分31秒  CPU    %usr   %nice    %sys %iowait    %irq   %soft  %steal  %guest  %gnice   %idle
05時41分32秒    0    7.45    0.00    7.45    0.00    0.00    2.13    0.00    0.00    0.00   82.98
05時41分32秒    1    1.16    0.00    2.33    0.00    0.00    0.00    0.00    0.00    0.00   96.51

05時41分32秒  CPU    %usr   %nice    %sys %iowait    %irq   %soft  %steal  %guest  %gnice   %idle
05時41分33秒    0    9.38    0.00    6.25    0.00    0.00    2.08    0.00    0.00    0.00   82.29
05時41分33秒    1    0.00    0.00    0.00    0.00    0.00    1.19    0.00    0.00    0.00   98.81

05時41分33秒  CPU    %usr   %nice    %sys %iowait    %irq   %soft  %steal  %guest  %gnice   %idle
05時41分34秒    0    9.57    0.00    6.38    0.00    0.00    1.06    0.00    0.00    0.00   82.98
05時41分34秒    1    0.00    0.00    0.00    0.00    0.00    1.19    0.00    0.00    0.00   98.81

05時41分34秒  CPU    %usr   %nice    %sys %iowait    %irq   %soft  %steal  %guest  %gnice   %idle
05時41分35秒    0   10.64    0.00    6.38    0.00    0.00    2.13    0.00    0.00    0.00   80.85
05時41分35秒    1    1.19    0.00    0.00    0.00    0.00    1.19    0.00    0.00    0.00   97.62

05時41分35秒  CPU    %usr   %nice    %sys %iowait    %irq   %soft  %steal  %guest  %gnice   %idle
05時41分36秒    0    7.45    0.00    7.45    0.00    0.00    2.13    0.00    0.00    0.00   82.98
05時41分36秒    1    0.00    0.00    0.00    0.00    0.00    0.00    0.00    0.00    0.00  100.00

05時41分36秒  CPU    %usr   %nice    %sys %iowait    %irq   %soft  %steal  %guest  %gnice   %idle
05時41分37秒    0    9.38    0.00    7.29    0.00    1.04    2.08    0.00    0.00    0.00   80.21
05時41分37秒    1    0.00    0.00    0.00    0.00    0.00    1.19    0.00    0.00    0.00   98.81

05時41分37秒  CPU    %usr   %nice    %sys %iowait    %irq   %soft  %steal  %guest  %gnice   %idle
05時41分38秒    0    6.38    0.00    7.45    0.00    0.00    2.13    0.00    0.00    0.00   84.04
05時41分38秒    1    0.00    0.00    0.00    0.00    0.00    1.19    0.00    0.00    0.00   98.81

05時41分38秒  CPU    %usr   %nice    %sys %iowait    %irq   %soft  %steal  %guest  %gnice   %idle
05時41分39秒    0    9.89    0.00    4.40    0.00    0.00    1.10    0.00    0.00    0.00   84.62
05時41分39秒    1    1.19    0.00    0.00    0.00    0.00    0.00    0.00    0.00    0.00   98.81

05時41分39秒  CPU    %usr   %nice    %sys %iowait    %irq   %soft  %steal  %guest  %gnice   %idle
05時41分40秒    0    7.69    0.00    4.40    0.00    0.00    2.20    0.00    0.00    0.00   85.71
05時41分40秒    1    1.18    0.00    0.00    0.00    0.00    1.18    0.00    0.00    0.00   97.65

05時41分40秒  CPU    %usr   %nice    %sys %iowait    %irq   %soft  %steal  %guest  %gnice   %idle
05時41分41秒    0    6.32    0.00    9.47    0.00    0.00    2.11    0.00    0.00    0.00   82.11
05時41分41秒    1    1.19    0.00    0.00    0.00    0.00    1.19    0.00    0.00    0.00   97.62

05時41分41秒  CPU    %usr   %nice    %sys %iowait    %irq   %soft  %steal  %guest  %gnice   %idle
05時41分42秒    0    7.37    0.00    8.42    0.00    0.00    2.11    0.00    0.00    0.00   82.11
05時41分42秒    1    1.18    0.00    1.18    0.00    0.00    0.00    0.00    0.00    0.00   97.65

05時41分42秒  CPU    %usr   %nice    %sys %iowait    %irq   %soft  %steal  %guest  %gnice   %idle
05時41分43秒    0    7.45    0.00    7.45    0.00    0.00    2.13    0.00    0.00    0.00   82.98
05時41分43秒    1    1.18    0.00    0.00    0.00    0.00    1.18    0.00    0.00    0.00   97.65

05時41分43秒  CPU    %usr   %nice    %sys %iowait    %irq   %soft  %steal  %guest  %gnice   %idle
05時41分44秒    0    9.68    0.00    4.30    0.00    0.00    2.15    0.00    0.00    0.00   83.87
05時41分44秒    1    2.33    0.00    0.00    0.00    0.00    1.16    0.00    0.00    0.00   96.51

05時41分44秒  CPU    %usr   %nice    %sys %iowait    %irq   %soft  %steal  %guest  %gnice   %idle
05時41分45秒    0   11.70    0.00    6.38    0.00    0.00    1.06    0.00    0.00    0.00   80.85
05時41分45秒    1    1.18    0.00    1.18    0.00    0.00    1.18    0.00    0.00    0.00   96.47

05時41分45秒  CPU    %usr   %nice    %sys %iowait    %irq   %soft  %steal  %guest  %gnice   %idle
05時41分46秒    0    9.38    0.00    6.25    0.00    0.00    2.08    0.00    0.00    0.00   82.29
05時41分46秒    1    1.19    0.00    0.00    0.00    0.00    0.00    0.00    0.00    0.00   98.81

05時41分46秒  CPU    %usr   %nice    %sys %iowait    %irq   %soft  %steal  %guest  %gnice   %idle
05時41分47秒    0    8.60    0.00    6.45    0.00    0.00    2.15    0.00    0.00    0.00   82.80
05時41分47秒    1    0.00    0.00    0.00    0.00    0.00    1.19    0.00    0.00    0.00   98.81

05時41分47秒  CPU    %usr   %nice    %sys %iowait    %irq   %soft  %steal  %guest  %gnice   %idle
05時41分48秒    0   10.64    0.00    3.19    0.00    0.00    2.13    0.00    0.00    0.00   84.04
05時41分48秒    1    1.18    0.00    0.00    0.00    0.00    1.18    0.00    0.00    0.00   97.65

05時41分48秒  CPU    %usr   %nice    %sys %iowait    %irq   %soft  %steal  %guest  %gnice   %idle
05時41分49秒    0    7.29    0.00    9.38    0.00    0.00    2.08    0.00    0.00    0.00   81.25
05時41分49秒    1    1.18    0.00    1.18    0.00    0.00    0.00    0.00    0.00    0.00   97.65

05時41分49秒  CPU    %usr   %nice    %sys %iowait    %irq   %soft  %steal  %guest  %gnice   %idle
05時41分50秒    0    8.51    0.00    6.38    0.00    0.00    2.13    0.00    0.00    0.00   82.98
05時41分50秒    1    1.19    0.00    0.00    0.00    0.00    1.19    0.00    0.00    0.00   97.62

05時41分50秒  CPU    %usr   %nice    %sys %iowait    %irq   %soft  %steal  %guest  %gnice   %idle
05時41分51秒    0    8.60    0.00    8.60    0.00    0.00    1.08    0.00    0.00    0.00   81.72
05時41分51秒    1    1.18    0.00    0.00    0.00    0.00    1.18    0.00    0.00    0.00   97.65

05時41分51秒  CPU    %usr   %nice    %sys %iowait    %irq   %soft  %steal  %guest  %gnice   %idle
05時41分52秒    0    8.51    0.00    6.38    0.00    0.00    2.13    0.00    0.00    0.00   82.98
05時41分52秒    1    0.00    0.00    1.19    0.00    0.00    0.00    0.00    0.00    0.00   98.81

05時41分52秒  CPU    %usr   %nice    %sys %iowait    %irq   %soft  %steal  %guest  %gnice   %idle
05時41分53秒    0    7.53    0.00    6.45    0.00    0.00    2.15    0.00    0.00    0.00   83.87
05時41分53秒    1    1.18    0.00    0.00    0.00    0.00    1.18    0.00    0.00    0.00   97.65

05時41分53秒  CPU    %usr   %nice    %sys %iowait    %irq   %soft  %steal  %guest  %gnice   %idle
05時41分54秒    0    9.47    0.00    6.32    0.00    0.00    2.11    0.00    0.00    0.00   82.11
05時41分54秒    1    0.00    0.00    1.19    0.00    0.00    0.00    0.00    0.00    0.00   98.81

05時41分54秒  CPU    %usr   %nice    %sys %iowait    %irq   %soft  %steal  %guest  %gnice   %idle
05時41分55秒    0    7.37    0.00    8.42    0.00    0.00    2.11    0.00    0.00    0.00   82.11
05時41分55秒    1    1.18    0.00    0.00    0.00    0.00    1.18    0.00    0.00    0.00   97.65

平均時間：  CPU    %usr   %nice    %sys %iowait    %irq   %soft  %steal  %guest  %gnice   %idle
平均時間：    0    8.59    0.00    6.67    0.00    0.04    1.93    0.00    0.00    0.00   82.78
平均時間：    1    0.97    0.00    0.40    0.00    0.02    0.70    0.00    0.00    0.00   97.90
