Linux 5.6.15-arch1-1 (archlinux) 	西元2020年06月29日 	_x86_64_	(12 CPU)

05時42分32秒  CPU    %usr   %nice    %sys %iowait    %irq   %soft  %steal  %guest  %gnice   %idle
05時42分33秒    0    6.52    0.00    6.52    0.00    0.00    1.09    0.00    0.00    0.00   85.87
05時42分33秒    1    2.35    0.00    0.00    0.00    0.00    1.18    0.00    0.00    0.00   96.47

05時42分33秒  CPU    %usr   %nice    %sys %iowait    %irq   %soft  %steal  %guest  %gnice   %idle
05時42分34秒    0    8.70    0.00    4.35    0.00    0.00    2.17    0.00    0.00    0.00   84.78
05時42分34秒    1    0.00    0.00    0.00    0.00    0.00    0.00    0.00    0.00    0.00  100.00

05時42分34秒  CPU    %usr   %nice    %sys %iowait    %irq   %soft  %steal  %guest  %gnice   %idle
05時42分35秒    0   10.64    0.00    4.26    0.00    0.00    2.13    0.00    0.00    0.00   82.98
05時42分35秒    1    1.15    0.00    2.30    0.00    0.00    1.15    0.00    0.00    0.00   95.40

05時42分35秒  CPU    %usr   %nice    %sys %iowait    %irq   %soft  %steal  %guest  %gnice   %idle
05時42分36秒    0    9.57    0.00    6.38    0.00    0.00    1.06    0.00    0.00    0.00   82.98
05時42分36秒    1    1.18    0.00    0.00    0.00    0.00    0.00    0.00    0.00    0.00   98.82

05時42分36秒  CPU    %usr   %nice    %sys %iowait    %irq   %soft  %steal  %guest  %gnice   %idle
05時42分37秒    0    9.57    0.00    5.32    0.00    0.00    2.13    0.00    0.00    0.00   82.98
05時42分37秒    1    0.00    0.00    0.00    0.00    0.00    1.19    0.00    0.00    0.00   98.81

05時42分37秒  CPU    %usr   %nice    %sys %iowait    %irq   %soft  %steal  %guest  %gnice   %idle
05時42分38秒    0    8.25    0.00    8.25    0.00    0.00    2.06    0.00    0.00    0.00   81.44
05時42分38秒    1    1.16    0.00    1.16    0.00    0.00    1.16    0.00    0.00    0.00   96.51

05時42分38秒  CPU    %usr   %nice    %sys %iowait    %irq   %soft  %steal  %guest  %gnice   %idle
05時42分39秒    0    8.60    0.00    6.45    0.00    0.00    1.08    0.00    0.00    0.00   83.87
05時42分39秒    1    0.00    0.00    0.00    0.00    0.00    0.00    0.00    0.00    0.00  100.00

05時42分39秒  CPU    %usr   %nice    %sys %iowait    %irq   %soft  %steal  %guest  %gnice   %idle
05時42分40秒    0    8.42    0.00    7.37    0.00    0.00    2.11    0.00    0.00    0.00   82.11
05時42分40秒    1    1.16    0.00    0.00    0.00    0.00    1.16    0.00    0.00    0.00   97.67

05時42分40秒  CPU    %usr   %nice    %sys %iowait    %irq   %soft  %steal  %guest  %gnice   %idle
05時42分41秒    0    8.42    0.00    7.37    0.00    0.00    2.11    0.00    0.00    0.00   82.11
05時42分41秒    1    1.18    0.00    1.18    0.00    0.00    0.00    0.00    0.00    0.00   97.65

05時42分41秒  CPU    %usr   %nice    %sys %iowait    %irq   %soft  %steal  %guest  %gnice   %idle
05時42分42秒    0    9.57    0.00    5.32    0.00    0.00    2.13    0.00    0.00    0.00   82.98
05時42分42秒    1    0.00    0.00    0.00    0.00    0.00    1.19    0.00    0.00    0.00   98.81

05時42分42秒  CPU    %usr   %nice    %sys %iowait    %irq   %soft  %steal  %guest  %gnice   %idle
05時42分43秒    0    9.47    0.00    6.32    0.00    0.00    2.11    0.00    0.00    0.00   82.11
05時42分43秒    1    1.18    0.00    1.18    0.00    0.00    0.00    0.00    0.00    0.00   97.65

05時42分43秒  CPU    %usr   %nice    %sys %iowait    %irq   %soft  %steal  %guest  %gnice   %idle
05時42分44秒    0    5.43    0.00    8.70    0.00    0.00    1.09    0.00    0.00    0.00   84.78
05時42分44秒    1    1.18    0.00    0.00    0.00    0.00    1.18    0.00    0.00    0.00   97.65

05時42分44秒  CPU    %usr   %nice    %sys %iowait    %irq   %soft  %steal  %guest  %gnice   %idle
05時42分45秒    0   11.46    0.00    4.17    0.00    1.04    2.08    0.00    0.00    0.00   81.25
05時42分45秒    1    0.00    0.00    1.19    0.00    0.00    0.00    0.00    0.00    0.00   98.81

05時42分45秒  CPU    %usr   %nice    %sys %iowait    %irq   %soft  %steal  %guest  %gnice   %idle
05時42分46秒    0    8.42    0.00    6.32    0.00    0.00    2.11    0.00    0.00    0.00   83.16
05時42分46秒    1    0.00    0.00    0.00    0.00    0.00    1.18    0.00    0.00    0.00   98.82

05時42分46秒  CPU    %usr   %nice    %sys %iowait    %irq   %soft  %steal  %guest  %gnice   %idle
05時42分47秒    0    8.42    0.00    7.37    0.00    0.00    2.11    0.00    0.00    0.00   82.11
05時42分47秒    1    1.19    0.00    0.00    0.00    0.00    0.00    0.00    0.00    0.00   98.81

05時42分47秒  CPU    %usr   %nice    %sys %iowait    %irq   %soft  %steal  %guest  %gnice   %idle
05時42分48秒    0    8.60    0.00    6.45    0.00    0.00    1.08    0.00    0.00    0.00   83.87
05時42分48秒    1    1.16    0.00    1.16    0.00    0.00    1.16    0.00    0.00    0.00   96.51

05時42分48秒  CPU    %usr   %nice    %sys %iowait    %irq   %soft  %steal  %guest  %gnice   %idle
05時42分49秒    0    9.47    0.00    6.32    0.00    0.00    2.11    0.00    0.00    0.00   82.11
05時42分49秒    1    0.00    0.00    0.00    0.00    0.00    1.18    0.00    0.00    0.00   98.82

05時42分49秒  CPU    %usr   %nice    %sys %iowait    %irq   %soft  %steal  %guest  %gnice   %idle
05時42分50秒    0    9.57    0.00    5.32    0.00    0.00    2.13    0.00    0.00    0.00   82.98
05時42分50秒    1    0.00    0.00    0.00    0.00    0.00    0.00    0.00    0.00    0.00  100.00

05時42分50秒  CPU    %usr   %nice    %sys %iowait    %irq   %soft  %steal  %guest  %gnice   %idle
05時42分51秒    0    9.47    0.00    6.32    0.00    0.00    2.11    0.00    0.00    0.00   82.11
05時42分51秒    1    1.16    0.00    1.16    0.00    0.00    1.16    0.00    0.00    0.00   96.51

05時42分51秒  CPU    %usr   %nice    %sys %iowait    %irq   %soft  %steal  %guest  %gnice   %idle
05時42分52秒    0    7.45    0.00    8.51    0.00    0.00    2.13    0.00    0.00    0.00   81.91
05時42分52秒    1    1.19    0.00    0.00    0.00    0.00    0.00    0.00    0.00    0.00   98.81

05時42分52秒  CPU    %usr   %nice    %sys %iowait    %irq   %soft  %steal  %guest  %gnice   %idle
05時42分53秒    0    9.47    0.00    6.32    0.00    0.00    1.05    0.00    0.00    0.00   83.16
05時42分53秒    1    0.00    0.00    1.18    0.00    0.00    1.18    0.00    0.00    0.00   97.65

05時42分53秒  CPU    %usr   %nice    %sys %iowait    %irq   %soft  %steal  %guest  %gnice   %idle
05時42分54秒    0    8.42    0.00    7.37    0.00    0.00    2.11    0.00    0.00    0.00   82.11
05時42分54秒    1    1.18    0.00    0.00    0.00    0.00    0.00    0.00    0.00    0.00   98.82

05時42分54秒  CPU    %usr   %nice    %sys %iowait    %irq   %soft  %steal  %guest  %gnice   %idle
05時42分55秒    0   10.64    0.00    4.26    0.00    0.00    2.13    0.00    0.00    0.00   82.98
05時42分55秒    1    0.00    0.00    0.00    0.00    0.00    1.19    0.00    0.00    0.00   98.81

05時42分55秒  CPU    %usr   %nice    %sys %iowait    %irq   %soft  %steal  %guest  %gnice   %idle
05時42分56秒    0    7.37    0.00    8.42    0.00    0.00    2.11    0.00    0.00    0.00   82.11
05時42分56秒    1    0.00    0.00    1.19    0.00    0.00    0.00    0.00    0.00    0.00   98.81

05時42分56秒  CPU    %usr   %nice    %sys %iowait    %irq   %soft  %steal  %guest  %gnice   %idle
05時42分57秒    0   10.53    0.00    5.26    0.00    0.00    2.11    0.00    0.00    0.00   82.11
05時42分57秒    1    1.16    0.00    1.16    0.00    0.00    1.16    0.00    0.00    0.00   96.51

05時42分57秒  CPU    %usr   %nice    %sys %iowait    %irq   %soft  %steal  %guest  %gnice   %idle
05時42分58秒    0    8.60    0.00    6.45    0.00    0.00    1.08    0.00    0.00    0.00   83.87
05時42分58秒    1    1.19    0.00    0.00    0.00    0.00    0.00    0.00    0.00    0.00   98.81

05時42分58秒  CPU    %usr   %nice    %sys %iowait    %irq   %soft  %steal  %guest  %gnice   %idle
05時42分59秒    0    9.57    0.00    6.38    0.00    0.00    2.13    0.00    0.00    0.00   81.91
05時42分59秒    1    1.16    0.00    1.16    0.00    0.00    1.16    0.00    0.00    0.00   96.51

05時42分59秒  CPU    %usr   %nice    %sys %iowait    %irq   %soft  %steal  %guest  %gnice   %idle
05時43分00秒    0   10.42    0.00    5.21    0.00    0.00    2.08    0.00    0.00    0.00   82.29
05時43分00秒    1    0.00    0.00    0.00    0.00    0.00    1.19    0.00    0.00    0.00   98.81

05時43分00秒  CPU    %usr   %nice    %sys %iowait    %irq   %soft  %steal  %guest  %gnice   %idle
05時43分01秒    0    8.51    0.00    7.45    0.00    0.00    2.13    0.00    0.00    0.00   81.91
05時43分01秒    1    1.18    0.00    0.00    0.00    0.00    0.00    0.00    0.00    0.00   98.82

05時43分01秒  CPU    %usr   %nice    %sys %iowait    %irq   %soft  %steal  %guest  %gnice   %idle
05時43分02秒    0    9.57    0.00    5.32    0.00    0.00    2.13    0.00    0.00    0.00   82.98
05時43分02秒    1    1.19    0.00    0.00    0.00    0.00    1.19    0.00    0.00    0.00   97.62

05時43分02秒  CPU    %usr   %nice    %sys %iowait    %irq   %soft  %steal  %guest  %gnice   %idle
05時43分03秒    0   13.68    0.00    4.21    0.00    0.00    2.11    0.00    0.00    0.00   80.00
05時43分03秒    1    1.16    0.00    0.00    0.00    1.16    0.00    0.00    0.00    0.00   97.67

05時43分03秒  CPU    %usr   %nice    %sys %iowait    %irq   %soft  %steal  %guest  %gnice   %idle
05時43分04秒    0    9.57    0.00    6.38    0.00    0.00    1.06    0.00    0.00    0.00   82.98
05時43分04秒    1    1.16    0.00    1.16    0.00    0.00    1.16    0.00    0.00    0.00   96.51

05時43分04秒  CPU    %usr   %nice    %sys %iowait    %irq   %soft  %steal  %guest  %gnice   %idle
05時43分05秒    0    8.60    0.00    5.38    0.00    0.00    2.15    0.00    0.00    0.00   83.87
05時43分05秒    1    1.19    0.00    0.00    0.00    0.00    0.00    0.00    0.00    0.00   98.81

05時43分05秒  CPU    %usr   %nice    %sys %iowait    %irq   %soft  %steal  %guest  %gnice   %idle
05時43分06秒    0    8.33    0.00    7.29    0.00    0.00    2.08    0.00    0.00    0.00   82.29
05時43分06秒    1    0.00    0.00    1.16    0.00    0.00    1.16    0.00    0.00    0.00   97.67

05時43分06秒  CPU    %usr   %nice    %sys %iowait    %irq   %soft  %steal  %guest  %gnice   %idle
05時43分07秒    0   11.58    0.00    6.32    0.00    0.00    2.11    0.00    0.00    0.00   80.00
05時43分07秒    1    0.00    0.00    0.00    0.00    0.00    0.00    0.00    0.00    0.00  100.00

05時43分07秒  CPU    %usr   %nice    %sys %iowait    %irq   %soft  %steal  %guest  %gnice   %idle
05時43分08秒    0   10.75    0.00    4.30    0.00    0.00    1.08    0.00    0.00    0.00   83.87
05時43分08秒    1    1.16    0.00    1.16    0.00    0.00    1.16    0.00    0.00    0.00   96.51

05時43分08秒  CPU    %usr   %nice    %sys %iowait    %irq   %soft  %steal  %guest  %gnice   %idle
05時43分09秒    0   11.58    0.00    6.32    0.00    0.00    2.11    0.00    0.00    0.00   80.00
05時43分09秒    1    0.00    0.00    1.19    0.00    0.00    0.00    0.00    0.00    0.00   98.81

05時43分09秒  CPU    %usr   %nice    %sys %iowait    %irq   %soft  %steal  %guest  %gnice   %idle
05時43分10秒    0    7.53    0.00    6.45    0.00    0.00    2.15    0.00    0.00    0.00   83.87
05時43分10秒    1    1.16    0.00    1.16    0.00    0.00    1.16    0.00    0.00    0.00   96.51

05時43分10秒  CPU    %usr   %nice    %sys %iowait    %irq   %soft  %steal  %guest  %gnice   %idle
05時43分11秒    0   10.42    0.00    5.21    0.00    0.00    2.08    0.00    0.00    0.00   82.29
05時43分11秒    1    0.00    0.00    0.00    0.00    0.00    1.18    0.00    0.00    0.00   98.82

05時43分11秒  CPU    %usr   %nice    %sys %iowait    %irq   %soft  %steal  %guest  %gnice   %idle
05時43分12秒    0    9.47    0.00    6.32    0.00    0.00    2.11    0.00    0.00    0.00   82.11
05時43分12秒    1    1.19    0.00    0.00    0.00    0.00    0.00    0.00    0.00    0.00   98.81

05時43分12秒  CPU    %usr   %nice    %sys %iowait    %irq   %soft  %steal  %guest  %gnice   %idle
05時43分13秒    0    8.60    0.00    7.53    0.00    0.00    1.08    0.00    0.00    0.00   82.80
05時43分13秒    1    1.15    0.00    2.30    0.00    0.00    1.15    0.00    0.00    0.00   95.40

05時43分13秒  CPU    %usr   %nice    %sys %iowait    %irq   %soft  %steal  %guest  %gnice   %idle
05時43分14秒    0    7.37    0.00    8.42    0.00    0.00    2.11    0.00    0.00    0.00   82.11
05時43分14秒    1    1.19    0.00    0.00    0.00    0.00    0.00    0.00    0.00    0.00   98.81

05時43分14秒  CPU    %usr   %nice    %sys %iowait    %irq   %soft  %steal  %guest  %gnice   %idle
05時43分15秒    0    8.42    0.00    6.32    0.00    1.05    2.11    0.00    0.00    0.00   82.11
05時43分15秒    1    1.18    0.00    0.00    0.00    0.00    1.18    0.00    0.00    0.00   97.65

05時43分15秒  CPU    %usr   %nice    %sys %iowait    %irq   %soft  %steal  %guest  %gnice   %idle
05時43分16秒    0    7.29    0.00    8.33    0.00    0.00    2.08    0.00    0.00    0.00   82.29
05時43分16秒    1    0.00    0.00    0.00    0.00    0.00    0.00    0.00    0.00    0.00  100.00

05時43分16秒  CPU    %usr   %nice    %sys %iowait    %irq   %soft  %steal  %guest  %gnice   %idle
05時43分17秒    0    7.45    0.00    7.45    0.00    0.00    2.13    0.00    0.00    0.00   82.98
05時43分17秒    1    0.00    0.00    0.00    0.00    0.00    1.18    0.00    0.00    0.00   98.82

05時43分17秒  CPU    %usr   %nice    %sys %iowait    %irq   %soft  %steal  %guest  %gnice   %idle
05時43分18秒    0    9.68    0.00    5.38    0.00    0.00    1.08    0.00    0.00    0.00   83.87
05時43分18秒    1    1.19    0.00    0.00    0.00    0.00    0.00    0.00    0.00    0.00   98.81

05時43分18秒  CPU    %usr   %nice    %sys %iowait    %irq   %soft  %steal  %guest  %gnice   %idle
05時43分19秒    0    8.42    0.00    7.37    0.00    0.00    2.11    0.00    0.00    0.00   82.11
05時43分19秒    1    1.16    0.00    1.16    0.00    0.00    1.16    0.00    0.00    0.00   96.51

05時43分19秒  CPU    %usr   %nice    %sys %iowait    %irq   %soft  %steal  %guest  %gnice   %idle
05時43分20秒    0    9.47    0.00    6.32    0.00    0.00    2.11    0.00    0.00    0.00   82.11
05時43分20秒    1    0.00    0.00    0.00    0.00    0.00    0.00    0.00    0.00    0.00  100.00

05時43分20秒  CPU    %usr   %nice    %sys %iowait    %irq   %soft  %steal  %guest  %gnice   %idle
05時43分21秒    0    7.45    0.00    7.45    0.00    0.00    2.13    0.00    0.00    0.00   82.98
05時43分21秒    1    0.00    0.00    0.00    0.00    0.00    1.18    0.00    0.00    0.00   98.82

05時43分21秒  CPU    %usr   %nice    %sys %iowait    %irq   %soft  %steal  %guest  %gnice   %idle
05時43分22秒    0    9.47    0.00    6.32    0.00    0.00    2.11    0.00    0.00    0.00   82.11
05時43分22秒    1    1.18    0.00    0.00    0.00    0.00    1.18    0.00    0.00    0.00   97.65

05時43分22秒  CPU    %usr   %nice    %sys %iowait    %irq   %soft  %steal  %guest  %gnice   %idle
05時43分23秒    0    8.42    0.00    8.42    0.00    0.00    1.05    0.00    0.00    0.00   82.11
05時43分23秒    1    1.18    0.00    1.18    0.00    0.00    0.00    0.00    0.00    0.00   97.65

05時43分23秒  CPU    %usr   %nice    %sys %iowait    %irq   %soft  %steal  %guest  %gnice   %idle
05時43分24秒    0    7.45    0.00    7.45    0.00    0.00    2.13    0.00    0.00    0.00   82.98
05時43分24秒    1    1.18    0.00    0.00    0.00    0.00    1.18    0.00    0.00    0.00   97.65

05時43分24秒  CPU    %usr   %nice    %sys %iowait    %irq   %soft  %steal  %guest  %gnice   %idle
05時43分25秒    0    7.45    0.00    7.45    0.00    0.00    2.13    0.00    0.00    0.00   82.98
05時43分25秒    1    0.00    0.00    0.00    0.00    0.00    0.00    0.00    0.00    0.00  100.00

05時43分25秒  CPU    %usr   %nice    %sys %iowait    %irq   %soft  %steal  %guest  %gnice   %idle
05時43分26秒    0    9.38    0.00    7.29    0.00    0.00    2.08    0.00    0.00    0.00   81.25
05時43分26秒    1    0.00    0.00    1.18    0.00    0.00    1.18    0.00    0.00    0.00   97.65

05時43分26秒  CPU    %usr   %nice    %sys %iowait    %irq   %soft  %steal  %guest  %gnice   %idle
05時43分27秒    0    6.38    0.00    8.51    0.00    0.00    2.13    0.00    0.00    0.00   82.98
05時43分27秒    1    0.00    0.00    1.19    0.00    0.00    0.00    0.00    0.00    0.00   98.81

05時43分27秒  CPU    %usr   %nice    %sys %iowait    %irq   %soft  %steal  %guest  %gnice   %idle
05時43分28秒    0    7.53    0.00    7.53    0.00    0.00    1.08    0.00    0.00    0.00   83.87
05時43分28秒    1    2.30    0.00    0.00    0.00    0.00    1.15    0.00    0.00    0.00   96.55

05時43分28秒  CPU    %usr   %nice    %sys %iowait    %irq   %soft  %steal  %guest  %gnice   %idle
05時43分29秒    0    8.42    0.00    7.37    0.00    0.00    2.11    0.00    0.00    0.00   82.11
05時43分29秒    1    1.19    0.00    0.00    0.00    0.00    0.00    0.00    0.00    0.00   98.81

05時43分29秒  CPU    %usr   %nice    %sys %iowait    %irq   %soft  %steal  %guest  %gnice   %idle
05時43分30秒    0    7.45    0.00    7.45    0.00    0.00    2.13    0.00    0.00    0.00   82.98
05時43分30秒    1    1.16    0.00    1.16    0.00    0.00    1.16    0.00    0.00    0.00   96.51

05時43分30秒  CPU    %usr   %nice    %sys %iowait    %irq   %soft  %steal  %guest  %gnice   %idle
05時43分31秒    0    9.57    0.00    5.32    0.00    0.00    2.13    0.00    0.00    0.00   82.98
05時43分31秒    1    0.00    0.00    0.00    0.00    0.00    0.00    0.00    0.00    0.00  100.00

05時43分31秒  CPU    %usr   %nice    %sys %iowait    %irq   %soft  %steal  %guest  %gnice   %idle
05時43分32秒    0   10.64    0.00    5.32    0.00    0.00    2.13    0.00    0.00    0.00   81.91
05時43分32秒    1    1.18    0.00    0.00    0.00    0.00    1.18    0.00    0.00    0.00   97.65

05時43分32秒  CPU    %usr   %nice    %sys %iowait    %irq   %soft  %steal  %guest  %gnice   %idle
05時43分33秒    0    9.47    0.00    6.32    0.00    0.00    1.05    0.00    0.00    0.00   83.16
05時43分33秒    1    1.16    0.00    0.00    0.00    0.00    1.16    0.00    0.00    0.00   97.67

05時43分33秒  CPU    %usr   %nice    %sys %iowait    %irq   %soft  %steal  %guest  %gnice   %idle
05時43分34秒    0    8.51    0.00    6.38    0.00    0.00    2.13    0.00    0.00    0.00   82.98
05時43分34秒    1    0.00    0.00    0.00    0.00    0.00    0.00    0.00    0.00    0.00  100.00

05時43分34秒  CPU    %usr   %nice    %sys %iowait    %irq   %soft  %steal  %guest  %gnice   %idle
05時43分35秒    0    9.47    0.00    6.32    0.00    0.00    2.11    0.00    0.00    0.00   82.11
05時43分35秒    1    1.18    0.00    0.00    0.00    0.00    1.18    0.00    0.00    0.00   97.65

05時43分35秒  CPU    %usr   %nice    %sys %iowait    %irq   %soft  %steal  %guest  %gnice   %idle
05時43分36秒    0    7.69    0.00    5.49    0.00    0.00    2.20    0.00    0.00    0.00   84.62
05時43分36秒    1    0.00    0.00    1.19    0.00    0.00    0.00    0.00    0.00    0.00   98.81

05時43分36秒  CPU    %usr   %nice    %sys %iowait    %irq   %soft  %steal  %guest  %gnice   %idle
05時43分37秒    0   10.53    0.00    5.26    0.00    0.00    2.11    0.00    0.00    0.00   82.11
05時43分37秒    1    1.16    0.00    1.16    0.00    0.00    1.16    0.00    0.00    0.00   96.51

05時43分37秒  CPU    %usr   %nice    %sys %iowait    %irq   %soft  %steal  %guest  %gnice   %idle
05時43分38秒    0    9.57    0.00    6.38    0.00    0.00    1.06    0.00    0.00    0.00   82.98
05時43分38秒    1    1.19    0.00    0.00    0.00    0.00    0.00    0.00    0.00    0.00   98.81

05時43分38秒  CPU    %usr   %nice    %sys %iowait    %irq   %soft  %steal  %guest  %gnice   %idle
05時43分39秒    0    7.45    0.00    7.45    0.00    0.00    2.13    0.00    0.00    0.00   82.98
05時43分39秒    1    0.00    0.00    0.00    0.00    0.00    1.18    0.00    0.00    0.00   98.82

05時43分39秒  CPU    %usr   %nice    %sys %iowait    %irq   %soft  %steal  %guest  %gnice   %idle
05時43分40秒    0    7.69    0.00    3.30    0.00    0.00    2.20    0.00    0.00    0.00   86.81
05時43分40秒    1    1.19    0.00    0.00    0.00    0.00    0.00    0.00    0.00    0.00   98.81

05時43分40秒  CPU    %usr   %nice    %sys %iowait    %irq   %soft  %steal  %guest  %gnice   %idle
05時43分41秒    0    8.51    0.00    7.45    0.00    0.00    2.13    0.00    0.00    0.00   81.91
05時43分41秒    1    1.18    0.00    1.18    0.00    0.00    1.18    0.00    0.00    0.00   96.47

05時43分41秒  CPU    %usr   %nice    %sys %iowait    %irq   %soft  %steal  %guest  %gnice   %idle
05時43分42秒    0    8.42    0.00    7.37    0.00    0.00    2.11    0.00    0.00    0.00   82.11
05時43分42秒    1    0.00    0.00    0.00    0.00    0.00    0.00    0.00    0.00    0.00  100.00

05時43分42秒  CPU    %usr   %nice    %sys %iowait    %irq   %soft  %steal  %guest  %gnice   %idle
05時43分43秒    0    7.45    0.00    8.51    0.00    0.00    1.06    0.00    0.00    0.00   82.98
05時43分43秒    1    2.30    0.00    0.00    0.00    0.00    1.15    0.00    0.00    0.00   96.55

05時43分43秒  CPU    %usr   %nice    %sys %iowait    %irq   %soft  %steal  %guest  %gnice   %idle
05時43分44秒    0    7.37    0.00    7.37    0.00    1.05    2.11    0.00    0.00    0.00   82.11
05時43分44秒    1    0.00    0.00    0.00    0.00    0.00    0.00    0.00    0.00    0.00  100.00

05時43分44秒  CPU    %usr   %nice    %sys %iowait    %irq   %soft  %steal  %guest  %gnice   %idle
05時43分45秒    0    9.47    0.00    6.32    0.00    0.00    2.11    0.00    0.00    0.00   82.11
05時43分45秒    1    0.00    0.00    0.00    0.00    0.00    1.19    0.00    0.00    0.00   98.81

05時43分45秒  CPU    %usr   %nice    %sys %iowait    %irq   %soft  %steal  %guest  %gnice   %idle
05時43分46秒    0    8.60    0.00    5.38    0.00    0.00    2.15    0.00    0.00    0.00   83.87
05時43分46秒    1    1.16    0.00    1.16    0.00    0.00    1.16    0.00    0.00    0.00   96.51

05時43分46秒  CPU    %usr   %nice    %sys %iowait    %irq   %soft  %steal  %guest  %gnice   %idle
05時43分47秒    0    8.51    0.00    7.45    0.00    0.00    2.13    0.00    0.00    0.00   81.91
05時43分47秒    1    0.00    0.00    1.19    0.00    0.00    0.00    0.00    0.00    0.00   98.81

05時43分47秒  CPU    %usr   %nice    %sys %iowait    %irq   %soft  %steal  %guest  %gnice   %idle
05時43分48秒    0    8.51    0.00    7.45    0.00    0.00    1.06    0.00    0.00    0.00   82.98
05時43分48秒    1    0.00    0.00    1.18    0.00    0.00    1.18    0.00    0.00    0.00   97.65

05時43分48秒  CPU    %usr   %nice    %sys %iowait    %irq   %soft  %steal  %guest  %gnice   %idle
05時43分49秒    0    7.45    0.00    7.45    0.00    0.00    2.13    0.00    0.00    0.00   82.98
05時43分49秒    1    1.19    0.00    0.00    0.00    0.00    0.00    0.00    0.00    0.00   98.81

05時43分49秒  CPU    %usr   %nice    %sys %iowait    %irq   %soft  %steal  %guest  %gnice   %idle
05時43分50秒    0   11.58    0.00    4.21    0.00    0.00    2.11    0.00    0.00    0.00   82.11
05時43分50秒    1    0.00    0.00    0.00    0.00    0.00    1.18    0.00    0.00    0.00   98.82

05時43分50秒  CPU    %usr   %nice    %sys %iowait    %irq   %soft  %steal  %guest  %gnice   %idle
05時43分51秒    0    7.37    0.00    8.42    0.00    0.00    2.11    0.00    0.00    0.00   82.11
05時43分51秒    1    1.19    0.00    1.19    0.00    0.00    0.00    0.00    0.00    0.00   97.62

05時43分51秒  CPU    %usr   %nice    %sys %iowait    %irq   %soft  %steal  %guest  %gnice   %idle
05時43分52秒    0    6.38    0.00    8.51    0.00    0.00    2.13    0.00    0.00    0.00   82.98
05時43分52秒    1    0.00    0.00    0.00    0.00    0.00    1.18    0.00    0.00    0.00   98.82

05時43分52秒  CPU    %usr   %nice    %sys %iowait    %irq   %soft  %steal  %guest  %gnice   %idle
05時43分53秒    0   12.77    0.00    3.19    0.00    0.00    1.06    0.00    0.00    0.00   82.98
05時43分53秒    1    0.00    0.00    1.19    0.00    0.00    0.00    0.00    0.00    0.00   98.81

05時43分53秒  CPU    %usr   %nice    %sys %iowait    %irq   %soft  %steal  %guest  %gnice   %idle
05時43分54秒    0    9.47    0.00    6.32    0.00    0.00    2.11    0.00    0.00    0.00   82.11
05時43分54秒    1    1.18    0.00    0.00    0.00    0.00    1.18    0.00    0.00    0.00   97.65

05時43分54秒  CPU    %usr   %nice    %sys %iowait    %irq   %soft  %steal  %guest  %gnice   %idle
05時43分55秒    0   10.64    0.00    4.26    0.00    0.00    2.13    0.00    0.00    0.00   82.98
05時43分55秒    1    0.00    0.00    0.00    0.00    0.00    0.00    0.00    0.00    0.00  100.00

05時43分55秒  CPU    %usr   %nice    %sys %iowait    %irq   %soft  %steal  %guest  %gnice   %idle
05時43分56秒    0    6.45    0.00    7.53    0.00    0.00    2.15    0.00    0.00    0.00   83.87
05時43分56秒    1    1.18    0.00    0.00    0.00    0.00    1.18    0.00    0.00    0.00   97.65

05時43分56秒  CPU    %usr   %nice    %sys %iowait    %irq   %soft  %steal  %guest  %gnice   %idle
05時43分57秒    0    9.68    0.00    4.30    0.00    0.00    2.15    0.00    0.00    0.00   83.87
05時43分57秒    1    0.00    0.00    0.00    0.00    0.00    0.00    0.00    0.00    0.00  100.00

05時43分57秒  CPU    %usr   %nice    %sys %iowait    %irq   %soft  %steal  %guest  %gnice   %idle
05時43分58秒    0    7.37    0.00    8.42    0.00    0.00    1.05    0.00    0.00    0.00   83.16
05時43分58秒    1    0.00    0.00    1.16    0.00    0.00    1.16    0.00    0.00    0.00   97.67

05時43分58秒  CPU    %usr   %nice    %sys %iowait    %irq   %soft  %steal  %guest  %gnice   %idle
05時43分59秒    0   10.53    0.00    5.26    0.00    0.00    2.11    0.00    0.00    0.00   82.11
05時43分59秒    1    0.00    0.00    0.00    0.00    0.00    1.19    0.00    0.00    0.00   98.81

05時43分59秒  CPU    %usr   %nice    %sys %iowait    %irq   %soft  %steal  %guest  %gnice   %idle
05時44分00秒    0    8.51    0.00    6.38    0.00    0.00    2.13    0.00    0.00    0.00   82.98
05時44分00秒    1    1.18    0.00    1.18    0.00    0.00    0.00    0.00    0.00    0.00   97.65

05時44分00秒  CPU    %usr   %nice    %sys %iowait    %irq   %soft  %steal  %guest  %gnice   %idle
05時44分01秒    0    8.33    0.00    8.33    0.00    0.00    2.08    0.00    0.00    0.00   81.25
05時44分01秒    1    0.00    0.00    1.18    0.00    0.00    1.18    0.00    0.00    0.00   97.65

05時44分01秒  CPU    %usr   %nice    %sys %iowait    %irq   %soft  %steal  %guest  %gnice   %idle
05時44分02秒    0   10.64    0.00    4.26    0.00    0.00    2.13    0.00    0.00    0.00   82.98
05時44分02秒    1    0.00    0.00    0.00    0.00    0.00    0.00    0.00    0.00    0.00  100.00

05時44分02秒  CPU    %usr   %nice    %sys %iowait    %irq   %soft  %steal  %guest  %gnice   %idle
05時44分03秒    0   10.64    0.00    5.32    0.00    0.00    1.06    0.00    0.00    0.00   82.98
05時44分03秒    1    0.00    0.00    1.16    0.00    0.00    1.16    0.00    0.00    0.00   97.67

05時44分03秒  CPU    %usr   %nice    %sys %iowait    %irq   %soft  %steal  %guest  %gnice   %idle
05時44分04秒    0    7.45    0.00    7.45    0.00    0.00    2.13    0.00    0.00    0.00   82.98
05時44分04秒    1    1.18    0.00    1.18    0.00    0.00    0.00    0.00    0.00    0.00   97.65

05時44分04秒  CPU    %usr   %nice    %sys %iowait    %irq   %soft  %steal  %guest  %gnice   %idle
05時44分05秒    0    9.47    0.00    8.42    0.00    0.00    2.11    0.00    0.00    0.00   80.00
05時44分05秒    1    0.00    0.00    1.18    0.00    0.00    1.18    0.00    0.00    0.00   97.65

05時44分05秒  CPU    %usr   %nice    %sys %iowait    %irq   %soft  %steal  %guest  %gnice   %idle
05時44分06秒    0   10.53    0.00    5.26    0.00    0.00    2.11    0.00    0.00    0.00   82.11
05時44分06秒    1    0.00    0.00    1.19    0.00    0.00    0.00    0.00    0.00    0.00   98.81

05時44分06秒  CPU    %usr   %nice    %sys %iowait    %irq   %soft  %steal  %guest  %gnice   %idle
05時44分07秒    0    9.47    0.00    7.37    0.00    0.00    1.05    0.00    0.00    0.00   82.11
05時44分07秒    1    1.18    0.00    0.00    0.00    0.00    1.18    0.00    0.00    0.00   97.65

05時44分07秒  CPU    %usr   %nice    %sys %iowait    %irq   %soft  %steal  %guest  %gnice   %idle
05時44分08秒    0    7.53    0.00    6.45    0.00    0.00    2.15    0.00    0.00    0.00   83.87
05時44分08秒    1    1.18    0.00    1.18    0.00    0.00    0.00    0.00    0.00    0.00   97.65

05時44分08秒  CPU    %usr   %nice    %sys %iowait    %irq   %soft  %steal  %guest  %gnice   %idle
05時44分09秒    0    7.37    0.00    8.42    0.00    0.00    2.11    0.00    0.00    0.00   82.11
05時44分09秒    1    1.18    0.00    0.00    0.00    0.00    1.18    0.00    0.00    0.00   97.65

05時44分09秒  CPU    %usr   %nice    %sys %iowait    %irq   %soft  %steal  %guest  %gnice   %idle
05時44分10秒    0    9.47    0.00    6.32    0.00    0.00    2.11    0.00    0.00    0.00   82.11
05時44分10秒    1    0.00    0.00    1.16    0.00    0.00    1.16    0.00    0.00    0.00   97.67

05時44分10秒  CPU    %usr   %nice    %sys %iowait    %irq   %soft  %steal  %guest  %gnice   %idle
05時44分11秒    0    9.47    0.00    5.26    0.00    0.00    2.11    0.00    0.00    0.00   83.16
05時44分11秒    1    1.19    0.00    0.00    0.00    0.00    0.00    0.00    0.00    0.00   98.81

05時44分11秒  CPU    %usr   %nice    %sys %iowait    %irq   %soft  %steal  %guest  %gnice   %idle
05時44分12秒    0    8.70    0.00    6.52    0.00    0.00    1.09    0.00    0.00    0.00   83.70
05時44分12秒    1    0.00    0.00    2.33    0.00    0.00    1.16    0.00    0.00    0.00   96.51

05時44分12秒  CPU    %usr   %nice    %sys %iowait    %irq   %soft  %steal  %guest  %gnice   %idle
05時44分13秒    0    7.29    0.00    9.38    0.00    0.00    2.08    0.00    0.00    0.00   81.25
05時44分13秒    1    1.19    0.00    0.00    0.00    0.00    0.00    0.00    0.00    0.00   98.81

05時44分13秒  CPU    %usr   %nice    %sys %iowait    %irq   %soft  %steal  %guest  %gnice   %idle
05時44分14秒    0    7.37    0.00    7.37    0.00    1.05    2.11    0.00    0.00    0.00   82.11
05時44分14秒    1    2.33    0.00    0.00    0.00    0.00    1.16    0.00    0.00    0.00   96.51

05時44分14秒  CPU    %usr   %nice    %sys %iowait    %irq   %soft  %steal  %guest  %gnice   %idle
05時44分15秒    0   11.58    0.00    4.21    0.00    0.00    2.11    0.00    0.00    0.00   82.11
05時44分15秒    1    0.00    0.00    0.00    0.00    0.00    0.00    0.00    0.00    0.00  100.00

05時44分15秒  CPU    %usr   %nice    %sys %iowait    %irq   %soft  %steal  %guest  %gnice   %idle
05時44分16秒    0    9.57    0.00    5.32    0.00    0.00    2.13    0.00    0.00    0.00   82.98
05時44分16秒    1    1.16    0.00    1.16    0.00    0.00    1.16    0.00    0.00    0.00   96.51

05時44分16秒  CPU    %usr   %nice    %sys %iowait    %irq   %soft  %steal  %guest  %gnice   %idle
05時44分17秒    0   11.70    0.00    4.26    0.00    0.00    1.06    0.00    0.00    0.00   82.98
05時44分17秒    1    0.00    0.00    0.00    0.00    0.00    0.00    0.00    0.00    0.00  100.00

05時44分17秒  CPU    %usr   %nice    %sys %iowait    %irq   %soft  %steal  %guest  %gnice   %idle
05時44分18秒    0    9.57    0.00    5.32    0.00    0.00    2.13    0.00    0.00    0.00   82.98
05時44分18秒    1    0.00    0.00    1.18    0.00    1.18    1.18    0.00    0.00    0.00   96.47

05時44分18秒  CPU    %usr   %nice    %sys %iowait    %irq   %soft  %steal  %guest  %gnice   %idle
05時44分19秒    0    8.51    0.00    6.38    0.00    0.00    2.13    0.00    0.00    0.00   82.98
05時44分19秒    1    1.19    0.00    0.00    0.00    0.00    0.00    0.00    0.00    0.00   98.81

05時44分19秒  CPU    %usr   %nice    %sys %iowait    %irq   %soft  %steal  %guest  %gnice   %idle
05時44分20秒    0   10.53    0.00    6.32    0.00    0.00    2.11    0.00    0.00    0.00   81.05
05時44分20秒    1    1.15    0.00    2.30    0.00    0.00    1.15    0.00    0.00    0.00   95.40

05時44分20秒  CPU    %usr   %nice    %sys %iowait    %irq   %soft  %steal  %guest  %gnice   %idle
05時44分21秒    0    8.42    0.00    7.37    0.00    0.00    2.11    0.00    0.00    0.00   82.11
05時44分21秒    1    0.00    0.00    0.00    0.00    0.00    1.19    0.00    0.00    0.00   98.81

05時44分21秒  CPU    %usr   %nice    %sys %iowait    %irq   %soft  %steal  %guest  %gnice   %idle
05時44分22秒    0    8.51    0.00    7.45    0.00    0.00    1.06    0.00    0.00    0.00   82.98
05時44分22秒    1    1.19    0.00    0.00    0.00    0.00    0.00    0.00    0.00    0.00   98.81

05時44分22秒  CPU    %usr   %nice    %sys %iowait    %irq   %soft  %steal  %guest  %gnice   %idle
05時44分23秒    0    8.51    0.00    6.38    0.00    0.00    2.13    0.00    0.00    0.00   82.98
05時44分23秒    1    1.18    0.00    0.00    0.00    0.00    1.18    0.00    0.00    0.00   97.65

05時44分23秒  CPU    %usr   %nice    %sys %iowait    %irq   %soft  %steal  %guest  %gnice   %idle
05時44分24秒    0    9.47    0.00    6.32    0.00    0.00    2.11    0.00    0.00    0.00   82.11
05時44分24秒    1    0.00    0.00    1.19    0.00    0.00    0.00    0.00    0.00    0.00   98.81

05時44分24秒  CPU    %usr   %nice    %sys %iowait    %irq   %soft  %steal  %guest  %gnice   %idle
05時44分25秒    0    8.51    0.00    6.38    0.00    0.00    2.13    0.00    0.00    0.00   82.98
05時44分25秒    1    1.18    0.00    0.00    0.00    0.00    1.18    0.00    0.00    0.00   97.65

05時44分25秒  CPU    %usr   %nice    %sys %iowait    %irq   %soft  %steal  %guest  %gnice   %idle
05時44分26秒    0    9.38    0.00    6.25    0.00    0.00    2.08    0.00    0.00    0.00   82.29
05時44分26秒    1    0.00    0.00    0.00    0.00    0.00    0.00    0.00    0.00    0.00  100.00

05時44分26秒  CPU    %usr   %nice    %sys %iowait    %irq   %soft  %steal  %guest  %gnice   %idle
05時44分27秒    0    9.68    0.00    6.45    0.00    0.00    1.08    0.00    0.00    0.00   82.80
05時44分27秒    1    0.00    0.00    0.00    0.00    0.00    1.19    0.00    0.00    0.00   98.81

05時44分27秒  CPU    %usr   %nice    %sys %iowait    %irq   %soft  %steal  %guest  %gnice   %idle
05時44分28秒    0    9.47    0.00    5.26    0.00    0.00    2.11    0.00    0.00    0.00   83.16
05時44分28秒    1    1.18    0.00    1.18    0.00    0.00    0.00    0.00    0.00    0.00   97.65

05時44分28秒  CPU    %usr   %nice    %sys %iowait    %irq   %soft  %steal  %guest  %gnice   %idle
05時44分29秒    0    7.45    0.00    7.45    0.00    0.00    2.13    0.00    0.00    0.00   82.98
05時44分29秒    1    0.00    0.00    0.00    0.00    0.00    1.18    0.00    0.00    0.00   98.82

05時44分29秒  CPU    %usr   %nice    %sys %iowait    %irq   %soft  %steal  %guest  %gnice   %idle
05時44分30秒    0    8.33    0.00    8.33    0.00    0.00    2.08    0.00    0.00    0.00   81.25
05時44分30秒    1    1.18    0.00    1.18    0.00    0.00    0.00    0.00    0.00    0.00   97.65

05時44分30秒  CPU    %usr   %nice    %sys %iowait    %irq   %soft  %steal  %guest  %gnice   %idle
05時44分31秒    0   10.64    0.00    6.38    0.00    0.00    2.13    0.00    0.00    0.00   80.85
05時44分31秒    1    1.18    0.00    0.00    0.00    0.00    1.18    0.00    0.00    0.00   97.65

05時44分31秒  CPU    %usr   %nice    %sys %iowait    %irq   %soft  %steal  %guest  %gnice   %idle
05時44分32秒    0    8.51    0.00    7.45    0.00    0.00    1.06    0.00    0.00    0.00   82.98
05時44分32秒    1    0.00    0.00    1.19    0.00    0.00    0.00    0.00    0.00    0.00   98.81

平均時間：  CPU    %usr   %nice    %sys %iowait    %irq   %soft  %steal  %guest  %gnice   %idle
平均時間：    0    8.96    0.00    6.49    0.00    0.04    1.89    0.00    0.00    0.00   82.62
平均時間：    1    0.68    0.00    0.50    0.00    0.02    0.64    0.00    0.00    0.00   98.16
