Linux 5.6.15-arch1-1 (archlinux) 	西元2020年06月29日 	_x86_64_	(12 CPU)

03時36分54秒  CPU    %usr   %nice    %sys %iowait    %irq   %soft  %steal  %guest  %gnice   %idle
03時36分55秒    0    8.60    0.00    6.45    0.00    0.00    2.15    0.00    0.00    0.00   82.80
03時36分55秒    1    0.00    0.00    0.00    0.00    0.00    0.00    0.00    0.00    0.00  100.00

03時36分55秒  CPU    %usr   %nice    %sys %iowait    %irq   %soft  %steal  %guest  %gnice   %idle
03時36分56秒    0    8.42    0.00    7.37    0.00    0.00    2.11    0.00    0.00    0.00   82.11
03時36分56秒    1    0.00    0.00    0.00    0.00    0.00    1.18    0.00    0.00    0.00   98.82

03時36分56秒  CPU    %usr   %nice    %sys %iowait    %irq   %soft  %steal  %guest  %gnice   %idle
03時36分57秒    0    8.51    0.00    6.38    0.00    0.00    2.13    0.00    0.00    0.00   82.98
03時36分57秒    1    1.18    0.00    1.18    0.00    0.00    0.00    0.00    0.00    0.00   97.65

03時36分57秒  CPU    %usr   %nice    %sys %iowait    %irq   %soft  %steal  %guest  %gnice   %idle
03時36分58秒    0    7.45    0.00    8.51    0.00    0.00    1.06    0.00    0.00    0.00   82.98
03時36分58秒    1    1.18    0.00    0.00    0.00    0.00    1.18    0.00    0.00    0.00   97.65

03時36分58秒  CPU    %usr   %nice    %sys %iowait    %irq   %soft  %steal  %guest  %gnice   %idle
03時36分59秒    0    9.57    0.00    5.32    0.00    0.00    2.13    0.00    0.00    0.00   82.98
03時36分59秒    1    0.00    0.00    0.00    0.00    0.00    0.00    0.00    0.00    0.00  100.00

03時36分59秒  CPU    %usr   %nice    %sys %iowait    %irq   %soft  %steal  %guest  %gnice   %idle
03時37分00秒    0    9.57    0.00    5.32    0.00    0.00    2.13    0.00    0.00    0.00   82.98
03時37分00秒    1    1.18    0.00    0.00    0.00    0.00    1.18    0.00    0.00    0.00   97.65

03時37分00秒  CPU    %usr   %nice    %sys %iowait    %irq   %soft  %steal  %guest  %gnice   %idle
03時37分01秒    0    9.38    0.00    7.29    0.00    0.00    2.08    0.00    0.00    0.00   81.25
03時37分01秒    1    1.16    0.00    1.16    0.00    0.00    0.00    0.00    0.00    0.00   97.67

03時37分01秒  CPU    %usr   %nice    %sys %iowait    %irq   %soft  %steal  %guest  %gnice   %idle
03時37分02秒    0    6.45    0.00    8.60    0.00    0.00    2.15    0.00    0.00    0.00   82.80
03時37分02秒    1    1.18    0.00    0.00    0.00    0.00    1.18    0.00    0.00    0.00   97.65

03時37分02秒  CPU    %usr   %nice    %sys %iowait    %irq   %soft  %steal  %guest  %gnice   %idle
03時37分03秒    0    7.45    0.00    6.38    0.00    1.06    1.06    0.00    0.00    0.00   84.04
03時37分03秒    1    0.00    0.00    0.00    0.00    0.00    0.00    0.00    0.00    0.00  100.00

03時37分03秒  CPU    %usr   %nice    %sys %iowait    %irq   %soft  %steal  %guest  %gnice   %idle
03時37分04秒    0    9.57    0.00    6.38    0.00    0.00    2.13    0.00    0.00    0.00   81.91
03時37分04秒    1    1.18    0.00    0.00    0.00    0.00    1.18    0.00    0.00    0.00   97.65

03時37分04秒  CPU    %usr   %nice    %sys %iowait    %irq   %soft  %steal  %guest  %gnice   %idle
03時37分05秒    0    9.47    0.00    6.32    0.00    0.00    2.11    0.00    0.00    0.00   82.11
03時37分05秒    1    1.18    0.00    0.00    0.00    0.00    0.00    0.00    0.00    0.00   98.82

03時37分05秒  CPU    %usr   %nice    %sys %iowait    %irq   %soft  %steal  %guest  %gnice   %idle
03時37分06秒    0    8.42    0.00    7.37    0.00    0.00    2.11    0.00    0.00    0.00   82.11
03時37分06秒    1    0.00    0.00    0.00    0.00    0.00    1.20    0.00    0.00    0.00   98.80

03時37分06秒  CPU    %usr   %nice    %sys %iowait    %irq   %soft  %steal  %guest  %gnice   %idle
03時37分07秒    0    7.53    0.00    7.53    0.00    0.00    2.15    0.00    0.00    0.00   82.80
03時37分07秒    1    1.18    0.00    0.00    0.00    0.00    0.00    0.00    0.00    0.00   98.82

03時37分07秒  CPU    %usr   %nice    %sys %iowait    %irq   %soft  %steal  %guest  %gnice   %idle
03時37分08秒    0    8.42    0.00    7.37    0.00    0.00    2.11    0.00    0.00    0.00   82.11
03時37分08秒    1    1.18    0.00    0.00    0.00    0.00    1.18    0.00    0.00    0.00   97.65

03時37分08秒  CPU    %usr   %nice    %sys %iowait    %irq   %soft  %steal  %guest  %gnice   %idle
03時37分09秒    0    7.53    0.00    6.45    0.00    0.00    2.15    0.00    0.00    0.00   83.87
03時37分09秒    1    0.00    0.00    1.19    0.00    0.00    0.00    0.00    0.00    0.00   98.81

03時37分09秒  CPU    %usr   %nice    %sys %iowait    %irq   %soft  %steal  %guest  %gnice   %idle
03時37分10秒    0   11.83    0.00    4.30    0.00    0.00    1.08    0.00    0.00    0.00   82.80
03時37分10秒    1    0.00    0.00    1.18    0.00    0.00    1.18    0.00    0.00    0.00   97.65

03時37分10秒  CPU    %usr   %nice    %sys %iowait    %irq   %soft  %steal  %guest  %gnice   %idle
03時37分11秒    0   10.53    0.00    6.32    0.00    0.00    2.11    0.00    0.00    0.00   81.05
03時37分11秒    1    0.00    0.00    0.00    0.00    0.00    0.00    0.00    0.00    0.00  100.00

03時37分11秒  CPU    %usr   %nice    %sys %iowait    %irq   %soft  %steal  %guest  %gnice   %idle
03時37分12秒    0    9.57    0.00    5.32    0.00    0.00    2.13    0.00    0.00    0.00   82.98
03時37分12秒    1    1.16    0.00    0.00    0.00    0.00    1.16    0.00    0.00    0.00   97.67

03時37分12秒  CPU    %usr   %nice    %sys %iowait    %irq   %soft  %steal  %guest  %gnice   %idle
03時37分13秒    0    9.57    0.00    5.32    0.00    0.00    2.13    0.00    0.00    0.00   82.98
03時37分13秒    1    0.00    0.00    0.00    0.00    0.00    0.00    0.00    0.00    0.00  100.00

03時37分13秒  CPU    %usr   %nice    %sys %iowait    %irq   %soft  %steal  %guest  %gnice   %idle
03時37分14秒    0    9.47    0.00    6.32    0.00    0.00    2.11    0.00    0.00    0.00   82.11
03時37分14秒    1    1.18    0.00    0.00    0.00    0.00    1.18    0.00    0.00    0.00   97.65

03時37分14秒  CPU    %usr   %nice    %sys %iowait    %irq   %soft  %steal  %guest  %gnice   %idle
03時37分15秒    0    6.38    0.00    8.51    0.00    0.00    2.13    0.00    0.00    0.00   82.98
03時37分15秒    1    1.19    0.00    0.00    0.00    0.00    0.00    0.00    0.00    0.00   98.81

03時37分15秒  CPU    %usr   %nice    %sys %iowait    %irq   %soft  %steal  %guest  %gnice   %idle
03時37分16秒    0    9.68    0.00    6.45    0.00    0.00    1.08    0.00    0.00    0.00   82.80
03時37分16秒    1    0.00    0.00    0.00    0.00    0.00    1.18    0.00    0.00    0.00   98.82

03時37分16秒  CPU    %usr   %nice    %sys %iowait    %irq   %soft  %steal  %guest  %gnice   %idle
03時37分17秒    0   10.53    0.00    5.26    0.00    0.00    2.11    0.00    0.00    0.00   82.11
03時37分17秒    1    1.18    0.00    1.18    0.00    0.00    0.00    0.00    0.00    0.00   97.65

03時37分17秒  CPU    %usr   %nice    %sys %iowait    %irq   %soft  %steal  %guest  %gnice   %idle
03時37分18秒    0    6.52    0.00    6.52    0.00    0.00    2.17    0.00    0.00    0.00   84.78
03時37分18秒    1    1.18    0.00    0.00    0.00    0.00    1.18    0.00    0.00    0.00   97.65

03時37分18秒  CPU    %usr   %nice    %sys %iowait    %irq   %soft  %steal  %guest  %gnice   %idle
03時37分19秒    0    8.60    0.00    5.38    0.00    0.00    2.15    0.00    0.00    0.00   83.87
03時37分19秒    1    0.00    0.00    0.00    0.00    0.00    0.00    0.00    0.00    0.00  100.00

03時37分19秒  CPU    %usr   %nice    %sys %iowait    %irq   %soft  %steal  %guest  %gnice   %idle
03時37分20秒    0    6.67    0.00    5.56    0.00    0.00    2.22    0.00    0.00    0.00   85.56
03時37分20秒    1    1.19    0.00    0.00    0.00    0.00    1.19    0.00    0.00    0.00   97.62

03時37分20秒  CPU    %usr   %nice    %sys %iowait    %irq   %soft  %steal  %guest  %gnice   %idle
03時37分21秒    0    8.51    0.00    7.45    0.00    0.00    2.13    0.00    0.00    0.00   81.91
03時37分21秒    1    1.16    0.00    1.16    0.00    0.00    0.00    0.00    0.00    0.00   97.67

03時37分21秒  CPU    %usr   %nice    %sys %iowait    %irq   %soft  %steal  %guest  %gnice   %idle
03時37分22秒    0    9.57    0.00    6.38    0.00    0.00    1.06    0.00    0.00    0.00   82.98
03時37分22秒    1    0.00    0.00    0.00    0.00    0.00    1.19    0.00    0.00    0.00   98.81

03時37分22秒  CPU    %usr   %nice    %sys %iowait    %irq   %soft  %steal  %guest  %gnice   %idle
03時37分23秒    0    9.57    0.00    5.32    0.00    0.00    2.13    0.00    0.00    0.00   82.98
03時37分23秒    1    0.00    0.00    0.00    0.00    0.00    0.00    0.00    0.00    0.00  100.00

03時37分23秒  CPU    %usr   %nice    %sys %iowait    %irq   %soft  %steal  %guest  %gnice   %idle
03時37分24秒    0    8.51    0.00    7.45    0.00    0.00    2.13    0.00    0.00    0.00   81.91
03時37分24秒    1    1.18    0.00    0.00    0.00    0.00    1.18    0.00    0.00    0.00   97.65

03時37分24秒  CPU    %usr   %nice    %sys %iowait    %irq   %soft  %steal  %guest  %gnice   %idle
03時37分25秒    0    8.33    0.00    7.29    0.00    0.00    2.08    0.00    0.00    0.00   82.29
03時37分25秒    1    0.00    0.00    0.00    0.00    0.00    0.00    0.00    0.00    0.00  100.00

03時37分25秒  CPU    %usr   %nice    %sys %iowait    %irq   %soft  %steal  %guest  %gnice   %idle
03時37分26秒    0    8.60    0.00    6.45    0.00    0.00    2.15    0.00    0.00    0.00   82.80
03時37分26秒    1    1.18    0.00    0.00    0.00    0.00    1.18    0.00    0.00    0.00   97.65

03時37分26秒  CPU    %usr   %nice    %sys %iowait    %irq   %soft  %steal  %guest  %gnice   %idle
03時37分27秒    0   10.75    0.00    3.23    0.00    0.00    2.15    0.00    0.00    0.00   83.87
03時37分27秒    1    1.18    0.00    0.00    0.00    0.00    0.00    0.00    0.00    0.00   98.82

03時37分27秒  CPU    %usr   %nice    %sys %iowait    %irq   %soft  %steal  %guest  %gnice   %idle
03時37分28秒    0    9.47    0.00    7.37    0.00    0.00    1.05    0.00    0.00    0.00   82.11
03時37分28秒    1    0.00    0.00    1.18    0.00    0.00    1.18    0.00    0.00    0.00   97.65

03時37分28秒  CPU    %usr   %nice    %sys %iowait    %irq   %soft  %steal  %guest  %gnice   %idle
03時37分29秒    0    7.53    0.00    6.45    0.00    0.00    2.15    0.00    0.00    0.00   83.87
03時37分29秒    1    1.19    0.00    0.00    0.00    0.00    0.00    0.00    0.00    0.00   98.81

03時37分29秒  CPU    %usr   %nice    %sys %iowait    %irq   %soft  %steal  %guest  %gnice   %idle
03時37分30秒    0    7.53    0.00    6.45    0.00    0.00    2.15    0.00    0.00    0.00   83.87
03時37分30秒    1    0.00    0.00    0.00    0.00    0.00    1.19    0.00    0.00    0.00   98.81

03時37分30秒  CPU    %usr   %nice    %sys %iowait    %irq   %soft  %steal  %guest  %gnice   %idle
03時37分31秒    0    7.45    0.00    7.45    0.00    0.00    2.13    0.00    0.00    0.00   82.98
03時37分31秒    1    1.16    0.00    0.00    0.00    0.00    1.16    0.00    0.00    0.00   97.67

03時37分31秒  CPU    %usr   %nice    %sys %iowait    %irq   %soft  %steal  %guest  %gnice   %idle
03時37分32秒    0    7.37    0.00    8.42    0.00    1.05    2.11    0.00    0.00    0.00   81.05
03時37分32秒    1    1.19    0.00    1.19    0.00    0.00    0.00    0.00    0.00    0.00   97.62

03時37分32秒  CPU    %usr   %nice    %sys %iowait    %irq   %soft  %steal  %guest  %gnice   %idle
03時37分33秒    0    8.51    0.00    6.38    0.00    0.00    2.13    0.00    0.00    0.00   82.98
03時37分33秒    1    0.00    0.00    0.00    0.00    0.00    1.19    0.00    0.00    0.00   98.81

03時37分33秒  CPU    %usr   %nice    %sys %iowait    %irq   %soft  %steal  %guest  %gnice   %idle
03時37分34秒    0   10.64    0.00    5.32    0.00    0.00    2.13    0.00    0.00    0.00   81.91
03時37分34秒    1    1.18    0.00    1.18    0.00    0.00    0.00    0.00    0.00    0.00   97.65

03時37分34秒  CPU    %usr   %nice    %sys %iowait    %irq   %soft  %steal  %guest  %gnice   %idle
03時37分35秒    0    9.57    0.00    6.38    0.00    0.00    1.06    0.00    0.00    0.00   82.98
03時37分35秒    1    0.00    0.00    0.00    0.00    0.00    1.18    0.00    0.00    0.00   98.82

03時37分35秒  CPU    %usr   %nice    %sys %iowait    %irq   %soft  %steal  %guest  %gnice   %idle
03時37分36秒    0    9.57    0.00    5.32    0.00    0.00    2.13    0.00    0.00    0.00   82.98
03時37分36秒    1    1.18    0.00    1.18    0.00    0.00    0.00    0.00    0.00    0.00   97.65

03時37分36秒  CPU    %usr   %nice    %sys %iowait    %irq   %soft  %steal  %guest  %gnice   %idle
03時37分37秒    0    8.42    0.00    7.37    0.00    0.00    2.11    0.00    0.00    0.00   82.11
03時37分37秒    1    0.00    0.00    0.00    0.00    0.00    1.19    0.00    0.00    0.00   98.81

03時37分37秒  CPU    %usr   %nice    %sys %iowait    %irq   %soft  %steal  %guest  %gnice   %idle
03時37分38秒    0    6.45    0.00    7.53    0.00    0.00    2.15    0.00    0.00    0.00   83.87
03時37分38秒    1    1.19    0.00    0.00    0.00    0.00    0.00    0.00    0.00    0.00   98.81

03時37分38秒  CPU    %usr   %nice    %sys %iowait    %irq   %soft  %steal  %guest  %gnice   %idle
03時37分39秒    0    9.47    0.00    6.32    0.00    0.00    2.11    0.00    0.00    0.00   82.11
03時37分39秒    1    1.18    0.00    0.00    0.00    0.00    1.18    0.00    0.00    0.00   97.65

03時37分39秒  CPU    %usr   %nice    %sys %iowait    %irq   %soft  %steal  %guest  %gnice   %idle
03時37分40秒    0    9.57    0.00    5.32    0.00    0.00    2.13    0.00    0.00    0.00   82.98
03時37分40秒    1    0.00    0.00    1.18    0.00    0.00    0.00    0.00    0.00    0.00   98.82

03時37分40秒  CPU    %usr   %nice    %sys %iowait    %irq   %soft  %steal  %guest  %gnice   %idle
03時37分41秒    0    9.68    0.00    6.45    0.00    0.00    1.08    0.00    0.00    0.00   82.80
03時37分41秒    1    1.18    0.00    0.00    0.00    0.00    1.18    0.00    0.00    0.00   97.65

03時37分41秒  CPU    %usr   %nice    %sys %iowait    %irq   %soft  %steal  %guest  %gnice   %idle
03時37分42秒    0    7.61    0.00    5.43    0.00    0.00    2.17    0.00    0.00    0.00   84.78
03時37分42秒    1    0.00    0.00    1.19    0.00    0.00    0.00    0.00    0.00    0.00   98.81

03時37分42秒  CPU    %usr   %nice    %sys %iowait    %irq   %soft  %steal  %guest  %gnice   %idle
03時37分43秒    0   10.53    0.00    6.32    0.00    0.00    2.11    0.00    0.00    0.00   81.05
03時37分43秒    1    0.00    0.00    0.00    0.00    0.00    1.19    0.00    0.00    0.00   98.81

03時37分43秒  CPU    %usr   %nice    %sys %iowait    %irq   %soft  %steal  %guest  %gnice   %idle
03時37分44秒    0   10.64    0.00    4.26    0.00    0.00    2.13    0.00    0.00    0.00   82.98
03時37分44秒    1    1.18    0.00    1.18    0.00    0.00    0.00    0.00    0.00    0.00   97.65

03時37分44秒  CPU    %usr   %nice    %sys %iowait    %irq   %soft  %steal  %guest  %gnice   %idle
03時37分45秒    0    9.68    0.00    5.38    0.00    0.00    2.15    0.00    0.00    0.00   82.80
03時37分45秒    1    1.18    0.00    0.00    0.00    0.00    1.18    0.00    0.00    0.00   97.65

03時37分45秒  CPU    %usr   %nice    %sys %iowait    %irq   %soft  %steal  %guest  %gnice   %idle
03時37分46秒    0   10.42    0.00    6.25    0.00    0.00    2.08    0.00    0.00    0.00   81.25
03時37分46秒    1    0.00    0.00    0.00    0.00    0.00    0.00    0.00    0.00    0.00  100.00

03時37分46秒  CPU    %usr   %nice    %sys %iowait    %irq   %soft  %steal  %guest  %gnice   %idle
03時37分47秒    0    8.51    0.00    6.38    0.00    0.00    2.13    0.00    0.00    0.00   82.98
03時37分47秒    1    1.18    0.00    0.00    0.00    0.00    1.18    0.00    0.00    0.00   97.65

03時37分47秒  CPU    %usr   %nice    %sys %iowait    %irq   %soft  %steal  %guest  %gnice   %idle
03時37分48秒    0    8.60    0.00    6.45    0.00    0.00    2.15    0.00    0.00    0.00   82.80
03時37分48秒    1    1.19    0.00    0.00    0.00    0.00    0.00    0.00    0.00    0.00   98.81

03時37分48秒  CPU    %usr   %nice    %sys %iowait    %irq   %soft  %steal  %guest  %gnice   %idle
03時37分49秒    0    8.60    0.00    6.45    0.00    0.00    1.08    0.00    0.00    0.00   83.87
03時37分49秒    1    0.00    0.00    0.00    0.00    0.00    1.19    0.00    0.00    0.00   98.81

03時37分49秒  CPU    %usr   %nice    %sys %iowait    %irq   %soft  %steal  %guest  %gnice   %idle
03時37分50秒    0   10.53    0.00    5.26    0.00    0.00    2.11    0.00    0.00    0.00   82.11
03時37分50秒    1    1.18    0.00    1.18    0.00    0.00    0.00    0.00    0.00    0.00   97.65

03時37分50秒  CPU    %usr   %nice    %sys %iowait    %irq   %soft  %steal  %guest  %gnice   %idle
03時37分51秒    0    7.37    0.00    8.42    0.00    0.00    2.11    0.00    0.00    0.00   82.11
03時37分51秒    1    1.18    0.00    0.00    0.00    0.00    1.18    0.00    0.00    0.00   97.65

03時37分51秒  CPU    %usr   %nice    %sys %iowait    %irq   %soft  %steal  %guest  %gnice   %idle
03時37分52秒    0    8.51    0.00    6.38    0.00    0.00    2.13    0.00    0.00    0.00   82.98
03時37分52秒    1    0.00    0.00    0.00    0.00    0.00    0.00    0.00    0.00    0.00  100.00

03時37分52秒  CPU    %usr   %nice    %sys %iowait    %irq   %soft  %steal  %guest  %gnice   %idle
03時37分53秒    0    7.45    0.00    7.45    0.00    0.00    2.13    0.00    0.00    0.00   82.98
03時37分53秒    1    1.16    0.00    0.00    0.00    0.00    1.16    0.00    0.00    0.00   97.67

03時37分53秒  CPU    %usr   %nice    %sys %iowait    %irq   %soft  %steal  %guest  %gnice   %idle
03時37分54秒    0    9.57    0.00    6.38    0.00    0.00    2.13    0.00    0.00    0.00   81.91
03時37分54秒    1    0.00    0.00    1.19    0.00    0.00    0.00    0.00    0.00    0.00   98.81

03時37分54秒  CPU    %usr   %nice    %sys %iowait    %irq   %soft  %steal  %guest  %gnice   %idle
03時37分55秒    0   10.75    0.00    4.30    0.00    0.00    1.08    0.00    0.00    0.00   83.87
03時37分55秒    1    0.00    0.00    0.00    0.00    0.00    1.19    0.00    0.00    0.00   98.81

03時37分55秒  CPU    %usr   %nice    %sys %iowait    %irq   %soft  %steal  %guest  %gnice   %idle
03時37分56秒    0    8.51    0.00    7.45    0.00    0.00    2.13    0.00    0.00    0.00   81.91
03時37分56秒    1    1.18    0.00    2.35    0.00    0.00    0.00    0.00    0.00    0.00   96.47

03時37分56秒  CPU    %usr   %nice    %sys %iowait    %irq   %soft  %steal  %guest  %gnice   %idle
03時37分57秒    0    9.57    0.00    5.32    0.00    0.00    2.13    0.00    0.00    0.00   82.98
03時37分57秒    1    0.00    0.00    0.00    0.00    0.00    1.18    0.00    0.00    0.00   98.82

03時37分57秒  CPU    %usr   %nice    %sys %iowait    %irq   %soft  %steal  %guest  %gnice   %idle
03時37分58秒    0    9.47    0.00    6.32    0.00    0.00    2.11    0.00    0.00    0.00   82.11
03時37分58秒    1    1.19    0.00    0.00    0.00    0.00    0.00    0.00    0.00    0.00   98.81

03時37分58秒  CPU    %usr   %nice    %sys %iowait    %irq   %soft  %steal  %guest  %gnice   %idle
03時37分59秒    0    9.57    0.00    5.32    0.00    0.00    2.13    0.00    0.00    0.00   82.98
03時37分59秒    1    0.00    0.00    1.18    0.00    0.00    1.18    0.00    0.00    0.00   97.65

03時37分59秒  CPU    %usr   %nice    %sys %iowait    %irq   %soft  %steal  %guest  %gnice   %idle
03時38分00秒    0    9.57    0.00    6.38    0.00    0.00    2.13    0.00    0.00    0.00   81.91
03時38分00秒    1    1.19    0.00    0.00    0.00    0.00    0.00    0.00    0.00    0.00   98.81

03時38分00秒  CPU    %usr   %nice    %sys %iowait    %irq   %soft  %steal  %guest  %gnice   %idle
03時38分01秒    0    8.33    0.00    7.29    0.00    1.04    2.08    0.00    0.00    0.00   81.25
03時38分01秒    1    1.18    0.00    0.00    0.00    0.00    1.18    0.00    0.00    0.00   97.65

03時38分01秒  CPU    %usr   %nice    %sys %iowait    %irq   %soft  %steal  %guest  %gnice   %idle
03時38分02秒    0    8.99    0.00    2.25    0.00    0.00    1.12    0.00    0.00    0.00   87.64
03時38分02秒    1    0.00    0.00    1.18    0.00    1.18    0.00    0.00    0.00    0.00   97.65

03時38分02秒  CPU    %usr   %nice    %sys %iowait    %irq   %soft  %steal  %guest  %gnice   %idle
03時38分03秒    0    8.51    0.00    7.45    0.00    0.00    2.13    0.00    0.00    0.00   81.91
03時38分03秒    1    0.00    0.00    0.00    0.00    0.00    1.19    0.00    0.00    0.00   98.81

03時38分03秒  CPU    %usr   %nice    %sys %iowait    %irq   %soft  %steal  %guest  %gnice   %idle
03時38分04秒    0    9.57    0.00    5.32    0.00    0.00    2.13    0.00    0.00    0.00   82.98
03時38分04秒    1    1.18    0.00    1.18    0.00    0.00    0.00    0.00    0.00    0.00   97.65

03時38分04秒  CPU    %usr   %nice    %sys %iowait    %irq   %soft  %steal  %guest  %gnice   %idle
03時38分05秒    0   10.64    0.00    4.26    0.00    0.00    2.13    0.00    0.00    0.00   82.98
03時38分05秒    1    0.00    0.00    0.00    0.00    0.00    1.19    0.00    0.00    0.00   98.81

03時38分05秒  CPU    %usr   %nice    %sys %iowait    %irq   %soft  %steal  %guest  %gnice   %idle
03時38分06秒    0    9.57    0.00    7.45    0.00    0.00    2.13    0.00    0.00    0.00   80.85
03時38分06秒    1    1.19    0.00    0.00    0.00    0.00    0.00    0.00    0.00    0.00   98.81

03時38分06秒  CPU    %usr   %nice    %sys %iowait    %irq   %soft  %steal  %guest  %gnice   %idle
03時38分07秒    0    9.47    0.00    6.32    0.00    0.00    2.11    0.00    0.00    0.00   82.11
03時38分07秒    1    1.16    0.00    1.16    0.00    0.00    1.16    0.00    0.00    0.00   96.51

03時38分07秒  CPU    %usr   %nice    %sys %iowait    %irq   %soft  %steal  %guest  %gnice   %idle
03時38分08秒    0    8.60    0.00    6.45    0.00    0.00    1.08    0.00    0.00    0.00   83.87
03時38分08秒    1    0.00    0.00    0.00    0.00    0.00    0.00    0.00    0.00    0.00  100.00

03時38分08秒  CPU    %usr   %nice    %sys %iowait    %irq   %soft  %steal  %guest  %gnice   %idle
03時38分09秒    0    7.53    0.00    6.45    0.00    0.00    2.15    0.00    0.00    0.00   83.87
03時38分09秒    1    1.18    0.00    0.00    0.00    0.00    1.18    0.00    0.00    0.00   97.65

03時38分09秒  CPU    %usr   %nice    %sys %iowait    %irq   %soft  %steal  %guest  %gnice   %idle
03時38分10秒    0    8.60    0.00    6.45    0.00    0.00    2.15    0.00    0.00    0.00   82.80
03時38分10秒    1    0.00    0.00    1.19    0.00    0.00    0.00    0.00    0.00    0.00   98.81

03時38分10秒  CPU    %usr   %nice    %sys %iowait    %irq   %soft  %steal  %guest  %gnice   %idle
03時38分11秒    0    8.79    0.00    3.30    0.00    0.00    2.20    0.00    0.00    0.00   85.71
03時38分11秒    1    0.00    0.00    0.00    0.00    0.00    1.19    0.00    0.00    0.00   98.81

03時38分11秒  CPU    %usr   %nice    %sys %iowait    %irq   %soft  %steal  %guest  %gnice   %idle
03時38分12秒    0    8.51    0.00    7.45    0.00    0.00    2.13    0.00    0.00    0.00   81.91
03時38分12秒    1    1.19    0.00    0.00    0.00    0.00    0.00    0.00    0.00    0.00   98.81

03時38分12秒  CPU    %usr   %nice    %sys %iowait    %irq   %soft  %steal  %guest  %gnice   %idle
03時38分13秒    0    8.51    0.00    6.38    0.00    0.00    2.13    0.00    0.00    0.00   82.98
03時38分13秒    1    0.00    0.00    0.00    0.00    0.00    1.19    0.00    0.00    0.00   98.81

03時38分13秒  CPU    %usr   %nice    %sys %iowait    %irq   %soft  %steal  %guest  %gnice   %idle
03時38分14秒    0    8.51    0.00    7.45    0.00    0.00    1.06    0.00    0.00    0.00   82.98
03時38分14秒    1    0.00    0.00    1.19    0.00    0.00    0.00    0.00    0.00    0.00   98.81

03時38分14秒  CPU    %usr   %nice    %sys %iowait    %irq   %soft  %steal  %guest  %gnice   %idle
03時38分15秒    0   10.64    0.00    4.26    0.00    0.00    2.13    0.00    0.00    0.00   82.98
03時38分15秒    1    2.33    0.00    0.00    0.00    0.00    1.16    0.00    0.00    0.00   96.51

03時38分15秒  CPU    %usr   %nice    %sys %iowait    %irq   %soft  %steal  %guest  %gnice   %idle
03時38分16秒    0    9.47    0.00    6.32    0.00    0.00    2.11    0.00    0.00    0.00   82.11
03時38分16秒    1    1.20    0.00    0.00    0.00    0.00    1.20    0.00    0.00    0.00   97.59

03時38分16秒  CPU    %usr   %nice    %sys %iowait    %irq   %soft  %steal  %guest  %gnice   %idle
03時38分17秒    0    8.42    0.00    7.37    0.00    0.00    2.11    0.00    0.00    0.00   82.11
03時38分17秒    1    2.38    0.00    0.00    0.00    0.00    0.00    0.00    0.00    0.00   97.62

03時38分17秒  CPU    %usr   %nice    %sys %iowait    %irq   %soft  %steal  %guest  %gnice   %idle
03時38分18秒    0    9.57    0.00    6.38    0.00    0.00    2.13    0.00    0.00    0.00   81.91
03時38分18秒    1    1.18    0.00    1.18    0.00    0.00    1.18    0.00    0.00    0.00   96.47

03時38分18秒  CPU    %usr   %nice    %sys %iowait    %irq   %soft  %steal  %guest  %gnice   %idle
03時38分19秒    0   10.64    0.00    6.38    0.00    0.00    2.13    0.00    0.00    0.00   80.85
03時38分19秒    1    1.18    0.00    0.00    0.00    1.18    1.18    0.00    0.00    0.00   96.47

03時38分19秒  CPU    %usr   %nice    %sys %iowait    %irq   %soft  %steal  %guest  %gnice   %idle
03時38分20秒    0    9.68    0.00    6.45    0.00    0.00    2.15    0.00    0.00    0.00   81.72
03時38分20秒    1    1.19    0.00    1.19    0.00    0.00    0.00    0.00    0.00    0.00   97.62

03時38分20秒  CPU    %usr   %nice    %sys %iowait    %irq   %soft  %steal  %guest  %gnice   %idle
03時38分21秒    0    8.60    0.00    6.45    0.00    0.00    1.08    0.00    0.00    0.00   83.87
03時38分21秒    1    3.49    0.00    0.00    0.00    0.00    1.16    0.00    0.00    0.00   95.35

03時38分21秒  CPU    %usr   %nice    %sys %iowait    %irq   %soft  %steal  %guest  %gnice   %idle
03時38分22秒    0    7.37    0.00    8.42    0.00    0.00    2.11    0.00    0.00    0.00   82.11
03時38分22秒    1    2.38    0.00    0.00    0.00    0.00    1.19    0.00    0.00    0.00   96.43

03時38分22秒  CPU    %usr   %nice    %sys %iowait    %irq   %soft  %steal  %guest  %gnice   %idle
03時38分23秒    0    9.57    0.00    6.38    0.00    0.00    2.13    0.00    0.00    0.00   81.91
03時38分23秒    1    2.41    0.00    0.00    0.00    0.00    0.00    0.00    0.00    0.00   97.59

03時38分23秒  CPU    %usr   %nice    %sys %iowait    %irq   %soft  %steal  %guest  %gnice   %idle
03時38分24秒    0    9.47    0.00    7.37    0.00    0.00    2.11    0.00    0.00    0.00   81.05
03時38分24秒    1    1.18    0.00    1.18    0.00    0.00    1.18    0.00    0.00    0.00   96.47

03時38分24秒  CPU    %usr   %nice    %sys %iowait    %irq   %soft  %steal  %guest  %gnice   %idle
03時38分25秒    0   11.70    0.00    5.32    0.00    0.00    2.13    0.00    0.00    0.00   80.85
03時38分25秒    1    2.35    0.00    0.00    0.00    0.00    1.18    0.00    0.00    0.00   96.47

03時38分25秒  CPU    %usr   %nice    %sys %iowait    %irq   %soft  %steal  %guest  %gnice   %idle
03時38分26秒    0    6.45    0.00    8.60    0.00    0.00    2.15    0.00    0.00    0.00   82.80
03時38分26秒    1    1.20    0.00    0.00    0.00    0.00    0.00    0.00    0.00    0.00   98.80

03時38分26秒  CPU    %usr   %nice    %sys %iowait    %irq   %soft  %steal  %guest  %gnice   %idle
03時38分27秒    0    7.45    0.00    7.45    0.00    0.00    2.13    0.00    0.00    0.00   82.98
03時38分27秒    1    1.19    0.00    0.00    0.00    0.00    1.19    0.00    0.00    0.00   97.62

03時38分27秒  CPU    %usr   %nice    %sys %iowait    %irq   %soft  %steal  %guest  %gnice   %idle
03時38分28秒    0   10.75    0.00    5.38    0.00    0.00    2.15    0.00    0.00    0.00   81.72
03時38分28秒    1    2.38    0.00    0.00    0.00    0.00    1.19    0.00    0.00    0.00   96.43

03時38分28秒  CPU    %usr   %nice    %sys %iowait    %irq   %soft  %steal  %guest  %gnice   %idle
03時38分29秒    0    6.38    0.00    9.57    0.00    0.00    1.06    0.00    0.00    0.00   82.98
03時38分29秒    1    2.38    0.00    0.00    0.00    0.00    0.00    0.00    0.00    0.00   97.62

03時38分29秒  CPU    %usr   %nice    %sys %iowait    %irq   %soft  %steal  %guest  %gnice   %idle
03時38分30秒    0    9.57    0.00    6.38    0.00    0.00    2.13    0.00    0.00    0.00   81.91
03時38分30秒    1    2.33    0.00    1.16    0.00    0.00    1.16    0.00    0.00    0.00   95.35

03時38分30秒  CPU    %usr   %nice    %sys %iowait    %irq   %soft  %steal  %guest  %gnice   %idle
03時38分31秒    0    7.37    0.00    8.42    0.00    1.05    2.11    0.00    0.00    0.00   81.05
03時38分31秒    1    0.00    0.00    0.00    0.00    0.00    0.00    0.00    0.00    0.00  100.00

03時38分31秒  CPU    %usr   %nice    %sys %iowait    %irq   %soft  %steal  %guest  %gnice   %idle
03時38分32秒    0   10.53    0.00    5.26    0.00    0.00    2.11    0.00    0.00    0.00   82.11
03時38分32秒    1    0.00    0.00    1.19    0.00    0.00    1.19    0.00    0.00    0.00   97.62

03時38分32秒  CPU    %usr   %nice    %sys %iowait    %irq   %soft  %steal  %guest  %gnice   %idle
03時38分33秒    0    7.53    0.00    7.53    0.00    0.00    2.15    0.00    0.00    0.00   82.80
03時38分33秒    1    1.19    0.00    0.00    0.00    0.00    0.00    0.00    0.00    0.00   98.81

03時38分33秒  CPU    %usr   %nice    %sys %iowait    %irq   %soft  %steal  %guest  %gnice   %idle
03時38分34秒    0   10.53    0.00    5.26    0.00    0.00    2.11    0.00    0.00    0.00   82.11
03時38分34秒    1    1.16    0.00    1.16    0.00    0.00    1.16    0.00    0.00    0.00   96.51

03時38分34秒  CPU    %usr   %nice    %sys %iowait    %irq   %soft  %steal  %guest  %gnice   %idle
03時38分35秒    0    8.51    0.00    7.45    0.00    0.00    2.13    0.00    0.00    0.00   81.91
03時38分35秒    1    0.00    0.00    0.00    0.00    0.00    0.00    0.00    0.00    0.00  100.00

03時38分35秒  CPU    %usr   %nice    %sys %iowait    %irq   %soft  %steal  %guest  %gnice   %idle
03時38分36秒    0   10.75    0.00    4.30    0.00    0.00    1.08    0.00    0.00    0.00   83.87
03時38分36秒    1    0.00    0.00    1.18    0.00    0.00    1.18    0.00    0.00    0.00   97.65

03時38分36秒  CPU    %usr   %nice    %sys %iowait    %irq   %soft  %steal  %guest  %gnice   %idle
03時38分37秒    0   10.64    0.00    5.32    0.00    0.00    2.13    0.00    0.00    0.00   81.91
03時38分37秒    1    1.19    0.00    0.00    0.00    0.00    0.00    0.00    0.00    0.00   98.81

03時38分37秒  CPU    %usr   %nice    %sys %iowait    %irq   %soft  %steal  %guest  %gnice   %idle
03時38分38秒    0    8.42    0.00    7.37    0.00    0.00    2.11    0.00    0.00    0.00   82.11
03時38分38秒    1    1.18    0.00    0.00    0.00    0.00    1.18    0.00    0.00    0.00   97.65

03時38分38秒  CPU    %usr   %nice    %sys %iowait    %irq   %soft  %steal  %guest  %gnice   %idle
03時38分39秒    0   10.75    0.00    5.38    0.00    0.00    2.15    0.00    0.00    0.00   81.72
03時38分39秒    1    1.19    0.00    0.00    0.00    0.00    0.00    0.00    0.00    0.00   98.81

03時38分39秒  CPU    %usr   %nice    %sys %iowait    %irq   %soft  %steal  %guest  %gnice   %idle
03時38分40秒    0    8.51    0.00    7.45    0.00    0.00    2.13    0.00    0.00    0.00   81.91
03時38分40秒    1    2.35    0.00    0.00    0.00    0.00    1.18    0.00    0.00    0.00   96.47

03時38分40秒  CPU    %usr   %nice    %sys %iowait    %irq   %soft  %steal  %guest  %gnice   %idle
03時38分41秒    0    9.47    0.00    6.32    0.00    0.00    2.11    0.00    0.00    0.00   82.11
03時38分41秒    1    0.00    0.00    1.19    0.00    0.00    0.00    0.00    0.00    0.00   98.81

03時38分41秒  CPU    %usr   %nice    %sys %iowait    %irq   %soft  %steal  %guest  %gnice   %idle
03時38分42秒    0    7.45    0.00    8.51    0.00    0.00    2.13    0.00    0.00    0.00   81.91
03時38分42秒    1    0.00    0.00    0.00    0.00    0.00    1.19    0.00    0.00    0.00   98.81

03時38分42秒  CPU    %usr   %nice    %sys %iowait    %irq   %soft  %steal  %guest  %gnice   %idle
03時38分43秒    0    8.60    0.00    6.45    0.00    0.00    1.08    0.00    0.00    0.00   83.87
03時38分43秒    1    0.00    0.00    1.18    0.00    0.00    0.00    0.00    0.00    0.00   98.82

03時38分43秒  CPU    %usr   %nice    %sys %iowait    %irq   %soft  %steal  %guest  %gnice   %idle
03時38分44秒    0    6.38    0.00    8.51    0.00    0.00    2.13    0.00    0.00    0.00   82.98
03時38分44秒    1    0.00    0.00    0.00    0.00    0.00    1.19    0.00    0.00    0.00   98.81

03時38分44秒  CPU    %usr   %nice    %sys %iowait    %irq   %soft  %steal  %guest  %gnice   %idle
03時38分45秒    0    9.57    0.00    6.38    0.00    0.00    2.13    0.00    0.00    0.00   81.91
03時38分45秒    1    1.18    0.00    0.00    0.00    0.00    1.18    0.00    0.00    0.00   97.65

03時38分45秒  CPU    %usr   %nice    %sys %iowait    %irq   %soft  %steal  %guest  %gnice   %idle
03時38分46秒    0    9.47    0.00    6.32    0.00    0.00    2.11    0.00    0.00    0.00   82.11
03時38分46秒    1    0.00    0.00    0.00    0.00    0.00    0.00    0.00    0.00    0.00  100.00

03時38分46秒  CPU    %usr   %nice    %sys %iowait    %irq   %soft  %steal  %guest  %gnice   %idle
03時38分47秒    0    9.47    0.00    6.32    0.00    0.00    2.11    0.00    0.00    0.00   82.11
03時38分47秒    1    2.35    0.00    1.18    0.00    0.00    1.18    0.00    0.00    0.00   95.29

03時38分47秒  CPU    %usr   %nice    %sys %iowait    %irq   %soft  %steal  %guest  %gnice   %idle
03時38分48秒    0    6.45    0.00    8.60    0.00    0.00    2.15    0.00    0.00    0.00   82.80
03時38分48秒    1    1.19    0.00    0.00    0.00    0.00    0.00    0.00    0.00    0.00   98.81

03時38分48秒  CPU    %usr   %nice    %sys %iowait    %irq   %soft  %steal  %guest  %gnice   %idle
03時38分49秒    0   10.64    0.00    6.38    0.00    0.00    1.06    0.00    0.00    0.00   81.91
03時38分49秒    1    0.00    0.00    0.00    0.00    0.00    1.19    0.00    0.00    0.00   98.81

03時38分49秒  CPU    %usr   %nice    %sys %iowait    %irq   %soft  %steal  %guest  %gnice   %idle
03時38分50秒    0    9.47    0.00    6.32    0.00    0.00    2.11    0.00    0.00    0.00   82.11
03時38分50秒    1    2.38    0.00    0.00    0.00    0.00    0.00    0.00    0.00    0.00   97.62

03時38分50秒  CPU    %usr   %nice    %sys %iowait    %irq   %soft  %steal  %guest  %gnice   %idle
03時38分51秒    0    8.51    0.00    7.45    0.00    0.00    2.13    0.00    0.00    0.00   81.91
03時38分51秒    1    3.45    0.00    1.15    0.00    0.00    1.15    0.00    0.00    0.00   94.25

03時38分51秒  CPU    %usr   %nice    %sys %iowait    %irq   %soft  %steal  %guest  %gnice   %idle
03時38分52秒    0    8.51    0.00    6.38    0.00    0.00    2.13    0.00    0.00    0.00   82.98
03時38分52秒    1    1.20    0.00    0.00    0.00    0.00    0.00    0.00    0.00    0.00   98.80

03時38分52秒  CPU    %usr   %nice    %sys %iowait    %irq   %soft  %steal  %guest  %gnice   %idle
03時38分53秒    0   10.64    0.00    6.38    0.00    0.00    2.13    0.00    0.00    0.00   80.85
03時38分53秒    1    0.00    0.00    0.00    0.00    0.00    1.18    0.00    0.00    0.00   98.82

03時38分53秒  CPU    %usr   %nice    %sys %iowait    %irq   %soft  %steal  %guest  %gnice   %idle
03時38分54秒    0    9.57    0.00    6.38    0.00    0.00    2.13    0.00    0.00    0.00   81.91
03時38分54秒    1    0.00    0.00    1.19    0.00    0.00    0.00    0.00    0.00    0.00   98.81

平均時間：  CPU    %usr   %nice    %sys %iowait    %irq   %soft  %steal  %guest  %gnice   %idle
平均時間：    0    8.95    0.00    6.45    0.00    0.04    1.97    0.00    0.00    0.00   82.59
平均時間：    1    0.85    0.00    0.35    0.00    0.02    0.62    0.00    0.00    0.00   98.16
