Linux 5.6.15-arch1-1 (archlinux) 	西元2020年06月29日 	_x86_64_	(12 CPU)

03時26分26秒  CPU    %usr   %nice    %sys %iowait    %irq   %soft  %steal  %guest  %gnice   %idle
03時26分27秒    0   11.70    0.00    4.26    0.00    0.00    1.06    0.00    0.00    0.00   82.98
03時26分27秒    1    1.18    0.00    0.00    0.00    0.00    1.18    0.00    0.00    0.00   97.65

03時26分27秒  CPU    %usr   %nice    %sys %iowait    %irq   %soft  %steal  %guest  %gnice   %idle
03時26分28秒    0    8.42    0.00    7.37    0.00    0.00    2.11    0.00    0.00    0.00   82.11
03時26分28秒    1    0.00    0.00    0.00    0.00    0.00    0.00    0.00    0.00    0.00  100.00

03時26分28秒  CPU    %usr   %nice    %sys %iowait    %irq   %soft  %steal  %guest  %gnice   %idle
03時26分29秒    0    8.51    0.00    6.38    0.00    0.00    2.13    0.00    0.00    0.00   82.98
03時26分29秒    1    1.14    0.00    2.27    0.00    0.00    1.14    0.00    0.00    0.00   95.45

03時26分29秒  CPU    %usr   %nice    %sys %iowait    %irq   %soft  %steal  %guest  %gnice   %idle
03時26分30秒    0    9.57    0.00    6.38    0.00    0.00    1.06    0.00    0.00    0.00   82.98
03時26分30秒    1    0.00    0.00    1.18    0.00    0.00    1.18    0.00    0.00    0.00   97.65

03時26分30秒  CPU    %usr   %nice    %sys %iowait    %irq   %soft  %steal  %guest  %gnice   %idle
03時26分31秒    0   10.42    0.00    8.33    0.00    0.00    2.08    0.00    0.00    0.00   79.17
03時26分31秒    1    0.00    0.00    0.00    0.00    0.00    0.00    0.00    0.00    0.00  100.00

03時26分31秒  CPU    %usr   %nice    %sys %iowait    %irq   %soft  %steal  %guest  %gnice   %idle
03時26分32秒    0   10.53    0.00    5.26    0.00    0.00    2.11    0.00    0.00    0.00   82.11
03時26分32秒    1    1.16    0.00    0.00    0.00    0.00    1.16    0.00    0.00    0.00   97.67

03時26分32秒  CPU    %usr   %nice    %sys %iowait    %irq   %soft  %steal  %guest  %gnice   %idle
03時26分33秒    0   11.58    0.00    5.26    0.00    0.00    2.11    0.00    0.00    0.00   81.05
03時26分33秒    1    2.38    0.00    0.00    0.00    0.00    0.00    0.00    0.00    0.00   97.62

03時26分33秒  CPU    %usr   %nice    %sys %iowait    %irq   %soft  %steal  %guest  %gnice   %idle
03時26分34秒    0    6.59    0.00    6.59    0.00    0.00    1.10    0.00    0.00    0.00   85.71
03時26分34秒    1    0.00    0.00    0.00    0.00    0.00    1.19    0.00    0.00    0.00   98.81

03時26分34秒  CPU    %usr   %nice    %sys %iowait    %irq   %soft  %steal  %guest  %gnice   %idle
03時26分35秒    0    9.47    0.00    6.32    0.00    0.00    2.11    0.00    0.00    0.00   82.11
03時26分35秒    1    0.00    0.00    0.00    0.00    0.00    0.00    0.00    0.00    0.00  100.00

03時26分35秒  CPU    %usr   %nice    %sys %iowait    %irq   %soft  %steal  %guest  %gnice   %idle
03時26分36秒    0    9.57    0.00    6.38    0.00    0.00    1.06    0.00    0.00    0.00   82.98
03時26分36秒    1    1.16    0.00    1.16    0.00    0.00    1.16    0.00    0.00    0.00   96.51

03時26分36秒  CPU    %usr   %nice    %sys %iowait    %irq   %soft  %steal  %guest  %gnice   %idle
03時26分37秒    0    7.45    0.00    7.45    0.00    0.00    2.13    0.00    0.00    0.00   82.98
03時26分37秒    1    0.00    0.00    0.00    0.00    0.00    0.00    0.00    0.00    0.00  100.00

03時26分37秒  CPU    %usr   %nice    %sys %iowait    %irq   %soft  %steal  %guest  %gnice   %idle
03時26分38秒    0    9.47    0.00    6.32    0.00    0.00    2.11    0.00    0.00    0.00   82.11
03時26分38秒    1    2.33    0.00    1.16    0.00    0.00    1.16    0.00    0.00    0.00   95.35

03時26分38秒  CPU    %usr   %nice    %sys %iowait    %irq   %soft  %steal  %guest  %gnice   %idle
03時26分39秒    0    9.47    0.00    6.32    0.00    0.00    2.11    0.00    0.00    0.00   82.11
03時26分39秒    1    0.00    0.00    0.00    0.00    0.00    0.00    0.00    0.00    0.00  100.00

03時26分39秒  CPU    %usr   %nice    %sys %iowait    %irq   %soft  %steal  %guest  %gnice   %idle
03時26分40秒    0   10.64    0.00    5.32    0.00    0.00    1.06    0.00    0.00    0.00   82.98
03時26分40秒    1    0.00    0.00    1.18    0.00    0.00    1.18    0.00    0.00    0.00   97.65

03時26分40秒  CPU    %usr   %nice    %sys %iowait    %irq   %soft  %steal  %guest  %gnice   %idle
03時26分41秒    0    9.57    0.00    5.32    0.00    0.00    2.13    0.00    0.00    0.00   82.98
03時26分41秒    1    1.16    0.00    1.16    0.00    0.00    1.16    0.00    0.00    0.00   96.51

03時26分41秒  CPU    %usr   %nice    %sys %iowait    %irq   %soft  %steal  %guest  %gnice   %idle
03時26分42秒    0    8.42    0.00    8.42    0.00    0.00    2.11    0.00    0.00    0.00   81.05
03時26分42秒    1    0.00    0.00    1.19    0.00    0.00    0.00    0.00    0.00    0.00   98.81

03時26分42秒  CPU    %usr   %nice    %sys %iowait    %irq   %soft  %steal  %guest  %gnice   %idle
03時26分43秒    0    8.42    0.00    7.37    0.00    0.00    2.11    0.00    0.00    0.00   82.11
03時26分43秒    1    1.18    0.00    0.00    0.00    0.00    1.18    0.00    0.00    0.00   97.65

03時26分43秒  CPU    %usr   %nice    %sys %iowait    %irq   %soft  %steal  %guest  %gnice   %idle
03時26分44秒    0    8.51    0.00    6.38    0.00    0.00    2.13    0.00    0.00    0.00   82.98
03時26分44秒    1    1.19    0.00    0.00    0.00    0.00    0.00    0.00    0.00    0.00   98.81

03時26分44秒  CPU    %usr   %nice    %sys %iowait    %irq   %soft  %steal  %guest  %gnice   %idle
03時26分45秒    0    6.59    0.00    6.59    0.00    0.00    2.20    0.00    0.00    0.00   84.62
03時26分45秒    1    1.19    0.00    0.00    0.00    0.00    1.19    0.00    0.00    0.00   97.62

03時26分45秒  CPU    %usr   %nice    %sys %iowait    %irq   %soft  %steal  %guest  %gnice   %idle
03時26分46秒    0   10.87    0.00    3.26    0.00    0.00    1.09    0.00    0.00    0.00   84.78
03時26分46秒    1    1.19    0.00    0.00    0.00    0.00    0.00    0.00    0.00    0.00   98.81

03時26分46秒  CPU    %usr   %nice    %sys %iowait    %irq   %soft  %steal  %guest  %gnice   %idle
03時26分47秒    0    8.42    0.00    8.42    0.00    0.00    2.11    0.00    0.00    0.00   81.05
03時26分47秒    1    0.00    0.00    1.18    0.00    0.00    1.18    0.00    0.00    0.00   97.65

03時26分47秒  CPU    %usr   %nice    %sys %iowait    %irq   %soft  %steal  %guest  %gnice   %idle
03時26分48秒    0    8.51    0.00    6.38    0.00    0.00    2.13    0.00    0.00    0.00   82.98
03時26分48秒    1    1.19    0.00    1.19    0.00    0.00    0.00    0.00    0.00    0.00   97.62

03時26分48秒  CPU    %usr   %nice    %sys %iowait    %irq   %soft  %steal  %guest  %gnice   %idle
03時26分49秒    0    7.78    0.00    4.44    0.00    0.00    2.22    0.00    0.00    0.00   85.56
03時26分49秒    1    0.00    0.00    0.00    0.00    0.00    1.19    0.00    0.00    0.00   98.81

03時26分49秒  CPU    %usr   %nice    %sys %iowait    %irq   %soft  %steal  %guest  %gnice   %idle
03時26分50秒    0    7.45    0.00    7.45    0.00    0.00    2.13    0.00    0.00    0.00   82.98
03時26分50秒    1    3.53    0.00    1.18    0.00    0.00    0.00    0.00    0.00    0.00   95.29

03時26分50秒  CPU    %usr   %nice    %sys %iowait    %irq   %soft  %steal  %guest  %gnice   %idle
03時26分51秒    0    6.38    0.00    8.51    0.00    0.00    2.13    0.00    0.00    0.00   82.98
03時26分51秒    1    0.00    0.00    0.00    0.00    0.00    1.19    0.00    0.00    0.00   98.81

03時26分51秒  CPU    %usr   %nice    %sys %iowait    %irq   %soft  %steal  %guest  %gnice   %idle
03時26分52秒    0    7.61    0.00    7.61    0.00    0.00    1.09    0.00    0.00    0.00   83.70
03時26分52秒    1    0.00    0.00    1.18    0.00    0.00    1.18    0.00    0.00    0.00   97.65

03時26分52秒  CPU    %usr   %nice    %sys %iowait    %irq   %soft  %steal  %guest  %gnice   %idle
03時26分53秒    0    8.51    0.00    6.38    0.00    0.00    2.13    0.00    0.00    0.00   82.98
03時26分53秒    1    1.20    0.00    0.00    0.00    0.00    0.00    0.00    0.00    0.00   98.80

03時26分53秒  CPU    %usr   %nice    %sys %iowait    %irq   %soft  %steal  %guest  %gnice   %idle
03時26分54秒    0    9.57    0.00    6.38    0.00    0.00    2.13    0.00    0.00    0.00   81.91
03時26分54秒    1    0.00    0.00    1.18    0.00    0.00    1.18    0.00    0.00    0.00   97.65

03時26分54秒  CPU    %usr   %nice    %sys %iowait    %irq   %soft  %steal  %guest  %gnice   %idle
03時26分55秒    0    8.42    0.00    7.37    0.00    0.00    2.11    0.00    0.00    0.00   82.11
03時26分55秒    1    2.35    0.00    0.00    0.00    0.00    0.00    0.00    0.00    0.00   97.65

03時26分55秒  CPU    %usr   %nice    %sys %iowait    %irq   %soft  %steal  %guest  %gnice   %idle
03時26分56秒    0    8.51    0.00    6.38    0.00    1.06    2.13    0.00    0.00    0.00   81.91
03時26分56秒    1    0.00    0.00    0.00    0.00    0.00    1.19    0.00    0.00    0.00   98.81

03時26分56秒  CPU    %usr   %nice    %sys %iowait    %irq   %soft  %steal  %guest  %gnice   %idle
03時26分57秒    0    9.38    0.00    7.29    0.00    0.00    2.08    0.00    0.00    0.00   81.25
03時26分57秒    1    2.35    0.00    0.00    0.00    0.00    0.00    0.00    0.00    0.00   97.65

03時26分57秒  CPU    %usr   %nice    %sys %iowait    %irq   %soft  %steal  %guest  %gnice   %idle
03時26分58秒    0   10.75    0.00    4.30    0.00    0.00    1.08    0.00    0.00    0.00   83.87
03時26分58秒    1    2.38    0.00    1.19    0.00    0.00    1.19    0.00    0.00    0.00   95.24

03時26分58秒  CPU    %usr   %nice    %sys %iowait    %irq   %soft  %steal  %guest  %gnice   %idle
03時26分59秒    0    8.51    0.00    6.38    0.00    0.00    2.13    0.00    0.00    0.00   82.98
03時26分59秒    1    1.16    0.00    1.16    0.00    0.00    1.16    0.00    0.00    0.00   96.51

03時26分59秒  CPU    %usr   %nice    %sys %iowait    %irq   %soft  %steal  %guest  %gnice   %idle
03時27分00秒    0    8.51    0.00    7.45    0.00    0.00    2.13    0.00    0.00    0.00   81.91
03時27分00秒    1    1.20    0.00    0.00    0.00    0.00    0.00    0.00    0.00    0.00   98.80

03時27分00秒  CPU    %usr   %nice    %sys %iowait    %irq   %soft  %steal  %guest  %gnice   %idle
03時27分01秒    0    9.47    0.00    6.32    0.00    0.00    2.11    0.00    0.00    0.00   82.11
03時27分01秒    1    1.16    0.00    1.16    0.00    0.00    1.16    0.00    0.00    0.00   96.51

03時27分01秒  CPU    %usr   %nice    %sys %iowait    %irq   %soft  %steal  %guest  %gnice   %idle
03時27分02秒    0    7.45    0.00    8.51    0.00    0.00    2.13    0.00    0.00    0.00   81.91
03時27分02秒    1    1.19    0.00    0.00    0.00    0.00    1.19    0.00    0.00    0.00   97.62

03時27分02秒  CPU    %usr   %nice    %sys %iowait    %irq   %soft  %steal  %guest  %gnice   %idle
03時27分03秒    0    8.42    0.00    7.37    0.00    0.00    2.11    0.00    0.00    0.00   82.11
03時27分03秒    1    1.19    0.00    0.00    0.00    0.00    0.00    0.00    0.00    0.00   98.81

03時27分03秒  CPU    %usr   %nice    %sys %iowait    %irq   %soft  %steal  %guest  %gnice   %idle
03時27分04秒    0    8.60    0.00    6.45    0.00    0.00    2.15    0.00    0.00    0.00   82.80
03時27分04秒    1    0.00    0.00    1.19    0.00    0.00    1.19    0.00    0.00    0.00   97.62

03時27分04秒  CPU    %usr   %nice    %sys %iowait    %irq   %soft  %steal  %guest  %gnice   %idle
03時27分05秒    0    8.51    0.00    7.45    0.00    0.00    1.06    0.00    0.00    0.00   82.98
03時27分05秒    1    1.18    0.00    0.00    0.00    0.00    1.18    0.00    0.00    0.00   97.65

03時27分05秒  CPU    %usr   %nice    %sys %iowait    %irq   %soft  %steal  %guest  %gnice   %idle
03時27分06秒    0    7.45    0.00    7.45    0.00    0.00    2.13    0.00    0.00    0.00   82.98
03時27分06秒    1    0.00    0.00    1.19    0.00    0.00    1.19    0.00    0.00    0.00   97.62

03時27分06秒  CPU    %usr   %nice    %sys %iowait    %irq   %soft  %steal  %guest  %gnice   %idle
03時27分07秒    0    8.51    0.00    7.45    0.00    0.00    2.13    0.00    0.00    0.00   81.91
03時27分07秒    1    2.35    0.00    1.18    0.00    0.00    0.00    0.00    0.00    0.00   96.47

03時27分07秒  CPU    %usr   %nice    %sys %iowait    %irq   %soft  %steal  %guest  %gnice   %idle
03時27分08秒    0    5.49    0.00    6.59    0.00    0.00    2.20    0.00    0.00    0.00   85.71
03時27分08秒    1    0.00    0.00    0.00    0.00    0.00    1.19    0.00    0.00    0.00   98.81

03時27分08秒  CPU    %usr   %nice    %sys %iowait    %irq   %soft  %steal  %guest  %gnice   %idle
03時27分09秒    0    7.37    0.00    8.42    0.00    0.00    2.11    0.00    0.00    0.00   82.11
03時27分09秒    1    1.19    0.00    0.00    0.00    0.00    1.19    0.00    0.00    0.00   97.62

03時27分09秒  CPU    %usr   %nice    %sys %iowait    %irq   %soft  %steal  %guest  %gnice   %idle
03時27分10秒    0   10.64    0.00    5.32    0.00    0.00    2.13    0.00    0.00    0.00   81.91
03時27分10秒    1    1.19    0.00    0.00    0.00    0.00    0.00    0.00    0.00    0.00   98.81

03時27分10秒  CPU    %usr   %nice    %sys %iowait    %irq   %soft  %steal  %guest  %gnice   %idle
03時27分11秒    0    8.51    0.00    7.45    0.00    0.00    1.06    0.00    0.00    0.00   82.98
03時27分11秒    1    0.00    0.00    0.00    0.00    0.00    1.19    0.00    0.00    0.00   98.81

03時27分11秒  CPU    %usr   %nice    %sys %iowait    %irq   %soft  %steal  %guest  %gnice   %idle
03時27分12秒    0    9.57    0.00    6.38    0.00    0.00    2.13    0.00    0.00    0.00   81.91
03時27分12秒    1    1.16    0.00    1.16    0.00    0.00    1.16    0.00    0.00    0.00   96.51

03時27分12秒  CPU    %usr   %nice    %sys %iowait    %irq   %soft  %steal  %guest  %gnice   %idle
03時27分13秒    0   10.64    0.00    4.26    0.00    0.00    2.13    0.00    0.00    0.00   82.98
03時27分13秒    1    1.19    0.00    0.00    0.00    0.00    0.00    0.00    0.00    0.00   98.81

03時27分13秒  CPU    %usr   %nice    %sys %iowait    %irq   %soft  %steal  %guest  %gnice   %idle
03時27分14秒    0   11.58    0.00    6.32    0.00    0.00    2.11    0.00    0.00    0.00   80.00
03時27分14秒    1    1.16    0.00    1.16    0.00    0.00    1.16    0.00    0.00    0.00   96.51

03時27分14秒  CPU    %usr   %nice    %sys %iowait    %irq   %soft  %steal  %guest  %gnice   %idle
03時27分15秒    0   10.53    0.00    5.26    0.00    0.00    2.11    0.00    0.00    0.00   82.11
03時27分15秒    1    1.19    0.00    0.00    0.00    0.00    0.00    0.00    0.00    0.00   98.81

03時27分15秒  CPU    %usr   %nice    %sys %iowait    %irq   %soft  %steal  %guest  %gnice   %idle
03時27分16秒    0   10.64    0.00    5.32    0.00    0.00    2.13    0.00    0.00    0.00   81.91
03時27分16秒    1    1.19    0.00    0.00    0.00    0.00    1.19    0.00    0.00    0.00   97.62

03時27分16秒  CPU    %usr   %nice    %sys %iowait    %irq   %soft  %steal  %guest  %gnice   %idle
03時27分17秒    0    8.51    0.00    7.45    0.00    0.00    1.06    0.00    0.00    0.00   82.98
03時27分17秒    1    1.18    0.00    1.18    0.00    0.00    0.00    0.00    0.00    0.00   97.65

03時27分17秒  CPU    %usr   %nice    %sys %iowait    %irq   %soft  %steal  %guest  %gnice   %idle
03時27分18秒    0   11.83    0.00    4.30    0.00    0.00    2.15    0.00    0.00    0.00   81.72
03時27分18秒    1    0.00    0.00    0.00    0.00    0.00    1.18    0.00    0.00    0.00   98.82

03時27分18秒  CPU    %usr   %nice    %sys %iowait    %irq   %soft  %steal  %guest  %gnice   %idle
03時27分19秒    0    7.37    0.00    8.42    0.00    0.00    2.11    0.00    0.00    0.00   82.11
03時27分19秒    1    1.19    0.00    1.19    0.00    0.00    0.00    0.00    0.00    0.00   97.62

03時27分19秒  CPU    %usr   %nice    %sys %iowait    %irq   %soft  %steal  %guest  %gnice   %idle
03時27分20秒    0   10.64    0.00    7.45    0.00    0.00    2.13    0.00    0.00    0.00   79.79
03時27分20秒    1    0.00    0.00    1.18    0.00    0.00    1.18    0.00    0.00    0.00   97.65

03時27分20秒  CPU    %usr   %nice    %sys %iowait    %irq   %soft  %steal  %guest  %gnice   %idle
03時27分21秒    0    9.57    0.00    5.32    0.00    0.00    2.13    0.00    0.00    0.00   82.98
03時27分21秒    1    2.33    0.00    0.00    0.00    0.00    1.16    0.00    0.00    0.00   96.51

03時27分21秒  CPU    %usr   %nice    %sys %iowait    %irq   %soft  %steal  %guest  %gnice   %idle
03時27分22秒    0    9.57    0.00    6.38    0.00    0.00    2.13    0.00    0.00    0.00   81.91
03時27分22秒    1    0.00    0.00    0.00    0.00    0.00    0.00    0.00    0.00    0.00  100.00

03時27分22秒  CPU    %usr   %nice    %sys %iowait    %irq   %soft  %steal  %guest  %gnice   %idle
03時27分23秒    0    8.42    0.00    7.37    0.00    0.00    2.11    0.00    0.00    0.00   82.11
03時27分23秒    1    0.00    0.00    0.00    0.00    0.00    1.18    0.00    0.00    0.00   98.82

03時27分23秒  CPU    %usr   %nice    %sys %iowait    %irq   %soft  %steal  %guest  %gnice   %idle
03時27分24秒    0   11.70    0.00    5.32    0.00    0.00    1.06    0.00    0.00    0.00   81.91
03時27分24秒    1    2.35    0.00    1.18    0.00    0.00    0.00    0.00    0.00    0.00   96.47

03時27分24秒  CPU    %usr   %nice    %sys %iowait    %irq   %soft  %steal  %guest  %gnice   %idle
03時27分25秒    0    8.33    0.00    7.29    0.00    1.04    2.08    0.00    0.00    0.00   81.25
03時27分25秒    1    1.16    0.00    1.16    0.00    0.00    1.16    0.00    0.00    0.00   96.51

03時27分25秒  CPU    %usr   %nice    %sys %iowait    %irq   %soft  %steal  %guest  %gnice   %idle
03時27分26秒    0    7.61    0.00    6.52    0.00    0.00    2.17    0.00    0.00    0.00   83.70
03時27分26秒    1    0.00    0.00    1.18    1.18    0.00    0.00    0.00    0.00    0.00   97.65

03時27分26秒  CPU    %usr   %nice    %sys %iowait    %irq   %soft  %steal  %guest  %gnice   %idle
03時27分27秒    0    8.51    0.00    6.38    0.00    0.00    2.13    0.00    0.00    0.00   82.98
03時27分27秒    1    0.00    0.00    0.00    0.00    0.00    1.20    0.00    0.00    0.00   98.80

03時27分27秒  CPU    %usr   %nice    %sys %iowait    %irq   %soft  %steal  %guest  %gnice   %idle
03時27分28秒    0    7.45    0.00    7.45    0.00    0.00    2.13    0.00    0.00    0.00   82.98
03時27分28秒    1    1.19    0.00    0.00    0.00    0.00    0.00    0.00    0.00    0.00   98.81

03時27分28秒  CPU    %usr   %nice    %sys %iowait    %irq   %soft  %steal  %guest  %gnice   %idle
03時27分29秒    0    8.42    0.00    8.42    0.00    0.00    2.11    0.00    0.00    0.00   81.05
03時27分29秒    1    1.16    0.00    1.16    0.00    0.00    1.16    0.00    0.00    0.00   96.51

03時27分29秒  CPU    %usr   %nice    %sys %iowait    %irq   %soft  %steal  %guest  %gnice   %idle
03時27分30秒    0    8.60    0.00    6.45    0.00    0.00    1.08    0.00    0.00    0.00   83.87
03時27分30秒    1    3.57    0.00    0.00    0.00    0.00    0.00    0.00    0.00    0.00   96.43

03時27分30秒  CPU    %usr   %nice    %sys %iowait    %irq   %soft  %steal  %guest  %gnice   %idle
03時27分31秒    0    9.47    0.00    5.26    0.00    0.00    2.11    0.00    0.00    0.00   83.16
03時27分31秒    1    1.18    0.00    0.00    0.00    0.00    1.18    0.00    0.00    0.00   97.65

03時27分31秒  CPU    %usr   %nice    %sys %iowait    %irq   %soft  %steal  %guest  %gnice   %idle
03時27分32秒    0    7.45    0.00    8.51    0.00    0.00    2.13    0.00    0.00    0.00   81.91
03時27分32秒    1    0.00    0.00    1.18    0.00    0.00    1.18    0.00    0.00    0.00   97.65

03時27分32秒  CPU    %usr   %nice    %sys %iowait    %irq   %soft  %steal  %guest  %gnice   %idle
03時27分33秒    0   10.53    0.00    5.26    0.00    0.00    2.11    0.00    0.00    0.00   82.11
03時27分33秒    1    1.18    0.00    1.18    0.00    0.00    0.00    0.00    0.00    0.00   97.65

03時27分33秒  CPU    %usr   %nice    %sys %iowait    %irq   %soft  %steal  %guest  %gnice   %idle
03時27分34秒    0    6.45    0.00    7.53    0.00    0.00    2.15    0.00    0.00    0.00   83.87
03時27分34秒    1    1.19    0.00    0.00    0.00    0.00    1.19    0.00    0.00    0.00   97.62

03時27分34秒  CPU    %usr   %nice    %sys %iowait    %irq   %soft  %steal  %guest  %gnice   %idle
03時27分35秒    0    8.42    0.00    8.42    0.00    0.00    2.11    0.00    0.00    0.00   81.05
03時27分35秒    1    0.00    0.00    1.18    0.00    0.00    1.18    0.00    0.00    0.00   97.65

03時27分35秒  CPU    %usr   %nice    %sys %iowait    %irq   %soft  %steal  %guest  %gnice   %idle
03時27分36秒    0    9.57    0.00    6.38    0.00    0.00    1.06    0.00    0.00    0.00   82.98
03時27分36秒    1    1.19    0.00    0.00    0.00    0.00    1.19    0.00    0.00    0.00   97.62

03時27分36秒  CPU    %usr   %nice    %sys %iowait    %irq   %soft  %steal  %guest  %gnice   %idle
03時27分37秒    0    6.38    0.00    8.51    0.00    0.00    2.13    0.00    0.00    0.00   82.98
03時27分37秒    1    1.19    0.00    0.00    0.00    0.00    0.00    0.00    0.00    0.00   98.81

03時27分37秒  CPU    %usr   %nice    %sys %iowait    %irq   %soft  %steal  %guest  %gnice   %idle
03時27分38秒    0    8.42    0.00    8.42    0.00    0.00    2.11    0.00    0.00    0.00   81.05
03時27分38秒    1    1.19    0.00    0.00    0.00    0.00    1.19    0.00    0.00    0.00   97.62

03時27分38秒  CPU    %usr   %nice    %sys %iowait    %irq   %soft  %steal  %guest  %gnice   %idle
03時27分39秒    0    8.51    0.00    6.38    0.00    0.00    2.13    0.00    0.00    0.00   82.98
03時27分39秒    1    1.16    0.00    1.16    0.00    0.00    1.16    0.00    0.00    0.00   96.51

03時27分39秒  CPU    %usr   %nice    %sys %iowait    %irq   %soft  %steal  %guest  %gnice   %idle
03時27分40秒    0    8.51    0.00    7.45    0.00    0.00    2.13    0.00    0.00    0.00   81.91
03時27分40秒    1    1.20    0.00    0.00    0.00    0.00    0.00    0.00    0.00    0.00   98.80

03時27分40秒  CPU    %usr   %nice    %sys %iowait    %irq   %soft  %steal  %guest  %gnice   %idle
03時27分41秒    0    8.51    0.00    7.45    0.00    0.00    2.13    0.00    0.00    0.00   81.91
03時27分41秒    1    2.33    0.00    1.16    0.00    0.00    1.16    0.00    0.00    0.00   95.35

03時27分41秒  CPU    %usr   %nice    %sys %iowait    %irq   %soft  %steal  %guest  %gnice   %idle
03時27分42秒    0    9.47    0.00    6.32    0.00    0.00    2.11    0.00    0.00    0.00   82.11
03時27分42秒    1    2.35    0.00    0.00    0.00    0.00    1.18    0.00    0.00    0.00   96.47

03時27分42秒  CPU    %usr   %nice    %sys %iowait    %irq   %soft  %steal  %guest  %gnice   %idle
03時27分43秒    0    9.68    0.00    5.38    0.00    0.00    1.08    0.00    0.00    0.00   83.87
03時27分43秒    1    0.00    0.00    0.00    0.00    0.00    1.19    0.00    0.00    0.00   98.81

03時27分43秒  CPU    %usr   %nice    %sys %iowait    %irq   %soft  %steal  %guest  %gnice   %idle
03時27分44秒    0    8.60    0.00    6.45    0.00    0.00    2.15    0.00    0.00    0.00   82.80
03時27分44秒    1    0.00    0.00    1.19    0.00    0.00    0.00    0.00    0.00    0.00   98.81

03時27分44秒  CPU    %usr   %nice    %sys %iowait    %irq   %soft  %steal  %guest  %gnice   %idle
03時27分45秒    0    8.42    0.00    7.37    0.00    0.00    2.11    0.00    0.00    0.00   82.11
03時27分45秒    1    1.18    0.00    0.00    0.00    0.00    1.18    0.00    0.00    0.00   97.65

03時27分45秒  CPU    %usr   %nice    %sys %iowait    %irq   %soft  %steal  %guest  %gnice   %idle
03時27分46秒    0    7.37    0.00    8.42    0.00    0.00    2.11    0.00    0.00    0.00   82.11
03時27分46秒    1    1.19    0.00    0.00    0.00    0.00    0.00    0.00    0.00    0.00   98.81

03時27分46秒  CPU    %usr   %nice    %sys %iowait    %irq   %soft  %steal  %guest  %gnice   %idle
03時27分47秒    0   10.64    0.00    5.32    0.00    0.00    2.13    0.00    0.00    0.00   81.91
03時27分47秒    1    1.18    0.00    0.00    0.00    0.00    1.18    0.00    0.00    0.00   97.65

03時27分47秒  CPU    %usr   %nice    %sys %iowait    %irq   %soft  %steal  %guest  %gnice   %idle
03時27分48秒    0    6.38    0.00    8.51    0.00    0.00    2.13    0.00    0.00    0.00   82.98
03時27分48秒    1    1.19    0.00    0.00    0.00    0.00    0.00    0.00    0.00    0.00   98.81

03時27分48秒  CPU    %usr   %nice    %sys %iowait    %irq   %soft  %steal  %guest  %gnice   %idle
03時27分49秒    0    9.57    0.00    6.38    0.00    0.00    1.06    0.00    0.00    0.00   82.98
03時27分49秒    1    1.16    0.00    1.16    0.00    0.00    1.16    0.00    0.00    0.00   96.51

03時27分49秒  CPU    %usr   %nice    %sys %iowait    %irq   %soft  %steal  %guest  %gnice   %idle
03時27分50秒    0    9.68    0.00    5.38    0.00    0.00    2.15    0.00    0.00    0.00   82.80
03時27分50秒    1    1.19    0.00    0.00    0.00    0.00    0.00    0.00    0.00    0.00   98.81

03時27分50秒  CPU    %usr   %nice    %sys %iowait    %irq   %soft  %steal  %guest  %gnice   %idle
03時27分51秒    0    9.47    0.00    5.26    0.00    0.00    2.11    0.00    0.00    0.00   83.16
03時27分51秒    1    1.16    0.00    1.16    0.00    0.00    1.16    0.00    0.00    0.00   96.51

03時27分51秒  CPU    %usr   %nice    %sys %iowait    %irq   %soft  %steal  %guest  %gnice   %idle
03時27分52秒    0   10.64    0.00    5.32    0.00    0.00    2.13    0.00    0.00    0.00   81.91
03時27分52秒    1    0.00    0.00    2.35    0.00    0.00    0.00    0.00    0.00    0.00   97.65

03時27分52秒  CPU    %usr   %nice    %sys %iowait    %irq   %soft  %steal  %guest  %gnice   %idle
03時27分53秒    0    8.51    0.00    7.45    0.00    0.00    2.13    0.00    0.00    0.00   81.91
03時27分53秒    1    1.18    0.00    0.00    0.00    0.00    1.18    0.00    0.00    0.00   97.65

03時27分53秒  CPU    %usr   %nice    %sys %iowait    %irq   %soft  %steal  %guest  %gnice   %idle
03時27分54秒    0    9.47    0.00    6.32    0.00    1.05    2.11    0.00    0.00    0.00   81.05
03時27分54秒    1    1.20    0.00    0.00    0.00    0.00    0.00    0.00    0.00    0.00   98.80

03時27分54秒  CPU    %usr   %nice    %sys %iowait    %irq   %soft  %steal  %guest  %gnice   %idle
03時27分55秒    0    9.38    0.00    7.29    0.00    0.00    2.08    0.00    0.00    0.00   81.25
03時27分55秒    1    1.18    0.00    1.18    0.00    0.00    1.18    0.00    0.00    0.00   96.47

03時27分55秒  CPU    %usr   %nice    %sys %iowait    %irq   %soft  %steal  %guest  %gnice   %idle
03時27分56秒    0    7.53    0.00    8.60    0.00    0.00    1.08    0.00    0.00    0.00   82.80
03時27分56秒    1    1.16    0.00    1.16    0.00    0.00    1.16    0.00    0.00    0.00   96.51

03時27分56秒  CPU    %usr   %nice    %sys %iowait    %irq   %soft  %steal  %guest  %gnice   %idle
03時27分57秒    0    8.60    0.00    6.45    0.00    0.00    2.15    0.00    0.00    0.00   82.80
03時27分57秒    1    2.35    0.00    0.00    0.00    0.00    0.00    0.00    0.00    0.00   97.65

03時27分57秒  CPU    %usr   %nice    %sys %iowait    %irq   %soft  %steal  %guest  %gnice   %idle
03時27分58秒    0    8.51    0.00    5.32    0.00    0.00    2.13    0.00    0.00    0.00   84.04
03時27分58秒    1    0.00    0.00    0.00    0.00    0.00    1.19    0.00    0.00    0.00   98.81

03時27分58秒  CPU    %usr   %nice    %sys %iowait    %irq   %soft  %steal  %guest  %gnice   %idle
03時27分59秒    0    7.53    0.00    7.53    0.00    0.00    2.15    0.00    0.00    0.00   82.80
03時27分59秒    1    1.18    0.00    0.00    0.00    1.18    0.00    0.00    0.00    0.00   97.65

03時27分59秒  CPU    %usr   %nice    %sys %iowait    %irq   %soft  %steal  %guest  %gnice   %idle
03時28分00秒    0    8.51    0.00    6.38    0.00    0.00    2.13    0.00    0.00    0.00   82.98
03時28分00秒    1    0.00    0.00    1.18    0.00    0.00    1.18    0.00    0.00    0.00   97.65

03時28分00秒  CPU    %usr   %nice    %sys %iowait    %irq   %soft  %steal  %guest  %gnice   %idle
03時28分01秒    0    9.47    0.00    6.32    0.00    0.00    2.11    0.00    0.00    0.00   82.11
03時28分01秒    1    0.00    0.00    0.00    0.00    0.00    0.00    0.00    0.00    0.00  100.00

03時28分01秒  CPU    %usr   %nice    %sys %iowait    %irq   %soft  %steal  %guest  %gnice   %idle
03時28分02秒    0    8.60    0.00    7.53    0.00    0.00    1.08    0.00    0.00    0.00   82.80
03時28分02秒    1    3.53    0.00    0.00    0.00    0.00    1.18    0.00    0.00    0.00   95.29

03時28分02秒  CPU    %usr   %nice    %sys %iowait    %irq   %soft  %steal  %guest  %gnice   %idle
03時28分03秒    0    6.38    0.00    8.51    0.00    0.00    2.13    0.00    0.00    0.00   82.98
03時28分03秒    1    2.33    0.00    1.16    0.00    0.00    0.00    0.00    0.00    0.00   96.51

03時28分03秒  CPU    %usr   %nice    %sys %iowait    %irq   %soft  %steal  %guest  %gnice   %idle
03時28分04秒    0    9.47    0.00    6.32    0.00    0.00    2.11    0.00    0.00    0.00   82.11
03時28分04秒    1    0.00    0.00    0.00    0.00    0.00    1.19    0.00    0.00    0.00   98.81

03時28分04秒  CPU    %usr   %nice    %sys %iowait    %irq   %soft  %steal  %guest  %gnice   %idle
03時28分05秒    0    8.42    0.00    7.37    0.00    0.00    2.11    0.00    0.00    0.00   82.11
03時28分05秒    1    2.35    0.00    0.00    0.00    0.00    0.00    0.00    0.00    0.00   97.65

03時28分05秒  CPU    %usr   %nice    %sys %iowait    %irq   %soft  %steal  %guest  %gnice   %idle
03時28分06秒    0    9.47    0.00    7.37    0.00    0.00    2.11    0.00    0.00    0.00   81.05
03時28分06秒    1    1.16    0.00    1.16    0.00    0.00    1.16    0.00    0.00    0.00   96.51

03時28分06秒  CPU    %usr   %nice    %sys %iowait    %irq   %soft  %steal  %guest  %gnice   %idle
03時28分07秒    0    9.57    0.00    5.32    0.00    0.00    2.13    0.00    0.00    0.00   82.98
03時28分07秒    1    1.19    0.00    0.00    0.00    0.00    0.00    0.00    0.00    0.00   98.81

03時28分07秒  CPU    %usr   %nice    %sys %iowait    %irq   %soft  %steal  %guest  %gnice   %idle
03時28分08秒    0    8.70    0.00    6.52    0.00    0.00    1.09    0.00    0.00    0.00   83.70
03時28分08秒    1    1.15    0.00    2.30    0.00    0.00    1.15    0.00    0.00    0.00   95.40

03時28分08秒  CPU    %usr   %nice    %sys %iowait    %irq   %soft  %steal  %guest  %gnice   %idle
03時28分09秒    0    8.42    0.00    7.37    0.00    0.00    2.11    0.00    0.00    0.00   82.11
03時28分09秒    1    1.20    0.00    0.00    0.00    0.00    0.00    0.00    0.00    0.00   98.80

03時28分09秒  CPU    %usr   %nice    %sys %iowait    %irq   %soft  %steal  %guest  %gnice   %idle
03時28分10秒    0    8.42    0.00    7.37    0.00    0.00    2.11    0.00    0.00    0.00   82.11
03時28分10秒    1    1.18    0.00    0.00    0.00    0.00    1.18    0.00    0.00    0.00   97.65

03時28分10秒  CPU    %usr   %nice    %sys %iowait    %irq   %soft  %steal  %guest  %gnice   %idle
03時28分11秒    0    9.57    0.00    5.32    0.00    0.00    2.13    0.00    0.00    0.00   82.98
03時28分11秒    1    1.18    0.00    0.00    0.00    0.00    0.00    0.00    0.00    0.00   98.82

03時28分11秒  CPU    %usr   %nice    %sys %iowait    %irq   %soft  %steal  %guest  %gnice   %idle
03時28分12秒    0    9.57    0.00    6.38    0.00    0.00    2.13    0.00    0.00    0.00   81.91
03時28分12秒    1    0.00    0.00    0.00    0.00    0.00    1.19    0.00    0.00    0.00   98.81

03時28分12秒  CPU    %usr   %nice    %sys %iowait    %irq   %soft  %steal  %guest  %gnice   %idle
03時28分13秒    0    7.45    0.00    7.45    0.00    0.00    2.13    0.00    0.00    0.00   82.98
03時28分13秒    1    1.18    0.00    1.18    0.00    0.00    1.18    0.00    0.00    0.00   96.47

03時28分13秒  CPU    %usr   %nice    %sys %iowait    %irq   %soft  %steal  %guest  %gnice   %idle
03時28分14秒    0    9.68    0.00    6.45    0.00    0.00    1.08    0.00    0.00    0.00   82.80
03時28分14秒    1    1.19    0.00    0.00    0.00    0.00    0.00    0.00    0.00    0.00   98.81

03時28分14秒  CPU    %usr   %nice    %sys %iowait    %irq   %soft  %steal  %guest  %gnice   %idle
03時28分15秒    0    6.38    0.00    8.51    0.00    0.00    2.13    0.00    0.00    0.00   82.98
03時28分15秒    1    1.18    0.00    0.00    0.00    0.00    1.18    0.00    0.00    0.00   97.65

03時28分15秒  CPU    %usr   %nice    %sys %iowait    %irq   %soft  %steal  %guest  %gnice   %idle
03時28分16秒    0    7.53    0.00    7.53    0.00    0.00    2.15    0.00    0.00    0.00   82.80
03時28分16秒    1    0.00    0.00    2.35    0.00    0.00    0.00    0.00    0.00    0.00   97.65

03時28分16秒  CPU    %usr   %nice    %sys %iowait    %irq   %soft  %steal  %guest  %gnice   %idle
03時28分17秒    0    8.51    0.00    6.38    0.00    0.00    2.13    0.00    0.00    0.00   82.98
03時28分17秒    1    1.18    0.00    0.00    0.00    0.00    1.18    0.00    0.00    0.00   97.65

03時28分17秒  CPU    %usr   %nice    %sys %iowait    %irq   %soft  %steal  %guest  %gnice   %idle
03時28分18秒    0   10.64    0.00    4.26    0.00    0.00    2.13    0.00    0.00    0.00   82.98
03時28分18秒    1    0.00    0.00    1.19    0.00    0.00    0.00    0.00    0.00    0.00   98.81

03時28分18秒  CPU    %usr   %nice    %sys %iowait    %irq   %soft  %steal  %guest  %gnice   %idle
03時28分19秒    0    8.42    0.00    8.42    0.00    0.00    2.11    0.00    0.00    0.00   81.05
03時28分19秒    1    1.19    0.00    0.00    0.00    0.00    1.19    0.00    0.00    0.00   97.62

03時28分19秒  CPU    %usr   %nice    %sys %iowait    %irq   %soft  %steal  %guest  %gnice   %idle
03時28分20秒    0    8.70    0.00    5.43    0.00    0.00    2.17    0.00    0.00    0.00   83.70
03時28分20秒    1    2.35    0.00    0.00    0.00    1.18    0.00    0.00    0.00    0.00   96.47

03時28分20秒  CPU    %usr   %nice    %sys %iowait    %irq   %soft  %steal  %guest  %gnice   %idle
03時28分21秒    0    8.51    0.00    7.45    0.00    0.00    1.06    0.00    0.00    0.00   82.98
03時28分21秒    1    0.00    0.00    0.00    0.00    0.00    1.18    0.00    0.00    0.00   98.82

03時28分21秒  CPU    %usr   %nice    %sys %iowait    %irq   %soft  %steal  %guest  %gnice   %idle
03時28分22秒    0    8.51    0.00    7.45    0.00    0.00    2.13    0.00    0.00    0.00   81.91
03時28分22秒    1    0.00    0.00    0.00    0.00    0.00    0.00    0.00    0.00    0.00  100.00

03時28分22秒  CPU    %usr   %nice    %sys %iowait    %irq   %soft  %steal  %guest  %gnice   %idle
03時28分23秒    0   10.53    0.00    6.32    0.00    0.00    2.11    0.00    0.00    0.00   81.05
03時28分23秒    1    1.18    0.00    1.18    0.00    0.00    1.18    0.00    0.00    0.00   96.47

03時28分23秒  CPU    %usr   %nice    %sys %iowait    %irq   %soft  %steal  %guest  %gnice   %idle
03時28分24秒    0    9.47    0.00    5.26    0.00    1.05    2.11    0.00    0.00    0.00   82.11
03時28分24秒    1    1.16    0.00    1.16    0.00    0.00    1.16    0.00    0.00    0.00   96.51

03時28分24秒  CPU    %usr   %nice    %sys %iowait    %irq   %soft  %steal  %guest  %gnice   %idle
03時28分25秒    0    9.68    0.00    5.38    0.00    0.00    2.15    0.00    0.00    0.00   82.80
03時28分25秒    1    1.19    0.00    0.00    0.00    0.00    0.00    0.00    0.00    0.00   98.81

03時28分25秒  CPU    %usr   %nice    %sys %iowait    %irq   %soft  %steal  %guest  %gnice   %idle
03時28分26秒    0   10.53    0.00    7.37    0.00    0.00    2.11    0.00    0.00    0.00   80.00
03時28分26秒    1    0.00    0.00    0.00    0.00    0.00    1.19    0.00    0.00    0.00   98.81

平均時間：  CPU    %usr   %nice    %sys %iowait    %irq   %soft  %steal  %guest  %gnice   %idle
平均時間：    0    8.88    0.00    6.68    0.00    0.04    1.94    0.00    0.00    0.00   82.47
平均時間：    1    0.99    0.00    0.50    0.01    0.02    0.69    0.00    0.00    0.00   97.79
