Linux 5.6.15-arch1-1 (archlinux) 	西元2020年06月29日 	_x86_64_	(12 CPU)

07時19分23秒  CPU    %usr   %nice    %sys %iowait    %irq   %soft  %steal  %guest  %gnice   %idle
07時19分24秒    0   47.00    0.00   39.00    0.00    0.00    9.00    0.00    0.00    0.00    5.00
07時19分24秒    1   43.16    0.00   23.16    0.00    0.00    2.11    0.00    0.00    0.00   31.58

07時19分24秒  CPU    %usr   %nice    %sys %iowait    %irq   %soft  %steal  %guest  %gnice   %idle
07時19分25秒    0   54.55    0.00   35.35    0.00    0.00    8.08    0.00    0.00    0.00    2.02
07時19分25秒    1   46.88    0.00   20.83    0.00    0.00    3.12    0.00    0.00    0.00   29.17

07時19分25秒  CPU    %usr   %nice    %sys %iowait    %irq   %soft  %steal  %guest  %gnice   %idle
07時19分26秒    0   50.51    0.00   37.37    0.00    0.00    8.08    0.00    0.00    0.00    4.04
07時19分26秒    1   44.68    0.00   23.40    0.00    0.00    2.13    0.00    0.00    0.00   29.79

07時19分26秒  CPU    %usr   %nice    %sys %iowait    %irq   %soft  %steal  %guest  %gnice   %idle
07時19分27秒    0   55.56    0.00   31.31    0.00    0.00    8.08    0.00    0.00    0.00    5.05
07時19分27秒    1   47.37    0.00   18.95    0.00    0.00    3.16    0.00    0.00    0.00   30.53

07時19分27秒  CPU    %usr   %nice    %sys %iowait    %irq   %soft  %steal  %guest  %gnice   %idle
07時19分28秒    0   50.51    0.00   37.37    0.00    0.00    8.08    0.00    0.00    0.00    4.04
07時19分28秒    1   40.00    0.00   25.26    0.00    0.00    2.11    0.00    0.00    0.00   32.63

07時19分28秒  CPU    %usr   %nice    %sys %iowait    %irq   %soft  %steal  %guest  %gnice   %idle
07時19分29秒    0   54.64    0.00   32.99    0.00    0.00    8.25    0.00    0.00    0.00    4.12
07時19分29秒    1   50.53    0.00   17.89    0.00    0.00    2.11    0.00    0.00    0.00   29.47

07時19分29秒  CPU    %usr   %nice    %sys %iowait    %irq   %soft  %steal  %guest  %gnice   %idle
07時19分30秒    0   51.52    0.00   35.35    0.00    0.00    8.08    0.00    0.00    0.00    5.05
07時19分30秒    1   45.83    0.00   19.79    0.00    0.00    3.12    0.00    0.00    0.00   31.25

07時19分30秒  CPU    %usr   %nice    %sys %iowait    %irq   %soft  %steal  %guest  %gnice   %idle
07時19分31秒    0   46.88    0.00   38.54    0.00    1.04    8.33    0.00    0.00    0.00    5.21
07時19分31秒    1   46.81    0.00   20.21    0.00    0.00    2.13    0.00    0.00    0.00   30.85

07時19分31秒  CPU    %usr   %nice    %sys %iowait    %irq   %soft  %steal  %guest  %gnice   %idle
07時19分32秒    0   52.53    0.00   33.33    0.00    0.00    8.08    0.00    0.00    0.00    6.06
07時19分32秒    1   44.79    0.00   19.79    0.00    0.00    3.12    0.00    0.00    0.00   32.29

07時19分32秒  CPU    %usr   %nice    %sys %iowait    %irq   %soft  %steal  %guest  %gnice   %idle
07時19分33秒    0   52.04    0.00   35.71    0.00    0.00    8.16    0.00    0.00    0.00    4.08
07時19分33秒    1   44.79    0.00   22.92    0.00    0.00    2.08    0.00    0.00    0.00   30.21

07時19分33秒  CPU    %usr   %nice    %sys %iowait    %irq   %soft  %steal  %guest  %gnice   %idle
07時19分34秒    0   47.00    0.00   39.00    0.00    0.00    8.00    0.00    0.00    0.00    6.00
07時19分34秒    1   46.81    0.00   20.21    0.00    0.00    2.13    0.00    0.00    0.00   30.85

07時19分34秒  CPU    %usr   %nice    %sys %iowait    %irq   %soft  %steal  %guest  %gnice   %idle
07時19分35秒    0   56.12    0.00   31.63    0.00    0.00    8.16    0.00    0.00    0.00    4.08
07時19分35秒    1   42.86    0.00   23.47    0.00    0.00    3.06    0.00    0.00    0.00   30.61

07時19分35秒  CPU    %usr   %nice    %sys %iowait    %irq   %soft  %steal  %guest  %gnice   %idle
07時19分36秒    0   48.45    0.00   38.14    0.00    0.00    9.28    0.00    0.00    0.00    4.12
07時19分36秒    1   45.65    0.00   20.65    0.00    0.00    2.17    0.00    0.00    0.00   31.52

07時19分36秒  CPU    %usr   %nice    %sys %iowait    %irq   %soft  %steal  %guest  %gnice   %idle
07時19分37秒    0   45.45    0.00   40.40    0.00    0.00    8.08    0.00    0.00    0.00    6.06
07時19分37秒    1   41.67    0.00   23.96    0.00    0.00    3.12    0.00    0.00    0.00   31.25

07時19分37秒  CPU    %usr   %nice    %sys %iowait    %irq   %soft  %steal  %guest  %gnice   %idle
07時19分38秒    0   53.06    0.00   34.69    0.00    0.00    8.16    0.00    0.00    0.00    4.08
07時19分38秒    1   49.47    0.00   17.89    0.00    0.00    2.11    0.00    0.00    0.00   30.53

07時19分38秒  CPU    %usr   %nice    %sys %iowait    %irq   %soft  %steal  %guest  %gnice   %idle
07時19分39秒    0   51.55    0.00   37.11    0.00    0.00    8.25    0.00    0.00    0.00    3.09
07時19分39秒    1   43.88    0.00   23.47    0.00    1.02    2.04    0.00    0.00    0.00   29.59

07時19分39秒  CPU    %usr   %nice    %sys %iowait    %irq   %soft  %steal  %guest  %gnice   %idle
07時19分40秒    0   53.54    0.00   33.33    0.00    0.00    8.08    0.00    0.00    0.00    5.05
07時19分40秒    1   46.24    0.00   19.35    0.00    0.00    3.23    0.00    0.00    0.00   31.18

07時19分40秒  CPU    %usr   %nice    %sys %iowait    %irq   %soft  %steal  %guest  %gnice   %idle
07時19分41秒    0   50.51    0.00   37.37    0.00    0.00    8.08    0.00    0.00    0.00    4.04
07時19分41秒    1   44.68    0.00   22.34    0.00    0.00    2.13    0.00    0.00    0.00   30.85

07時19分41秒  CPU    %usr   %nice    %sys %iowait    %irq   %soft  %steal  %guest  %gnice   %idle
07時19分42秒    0   50.00    0.00   36.73    0.00    0.00    8.16    0.00    0.00    0.00    5.10
07時19分42秒    1   45.36    0.00   21.65    0.00    0.00    3.09    0.00    0.00    0.00   29.90

07時19分42秒  CPU    %usr   %nice    %sys %iowait    %irq   %soft  %steal  %guest  %gnice   %idle
07時19分43秒    0   45.36    0.00   40.21    0.00    0.00    8.25    0.00    0.00    0.00    6.19
07時19分43秒    1   47.92    0.00   42.71    0.00    0.00    1.04    0.00    0.00    0.00    8.33

07時19分43秒  CPU    %usr   %nice    %sys %iowait    %irq   %soft  %steal  %guest  %gnice   %idle
07時19分44秒    0   45.54    0.00   40.59    0.00    0.00    7.92    0.00    0.00    0.00    5.94
07時19分44秒    1   50.00    0.00   44.00    0.00    0.00    1.00    0.00    0.00    0.00    5.00

07時19分44秒  CPU    %usr   %nice    %sys %iowait    %irq   %soft  %steal  %guest  %gnice   %idle
07時19分45秒    0   50.00    0.00   39.00    0.00    0.00    8.00    0.00    0.00    0.00    3.00
07時19分45秒    1   58.16    0.00   40.82    0.00    0.00    1.02    0.00    0.00    0.00    0.00

07時19分45秒  CPU    %usr   %nice    %sys %iowait    %irq   %soft  %steal  %guest  %gnice   %idle
07時19分46秒    0   47.96    0.00   37.76    0.00    0.00    8.16    0.00    0.00    0.00    6.12
07時19分46秒    1   50.50    0.00   45.54    0.00    0.00    1.98    0.00    0.00    0.00    1.98

07時19分46秒  CPU    %usr   %nice    %sys %iowait    %irq   %soft  %steal  %guest  %gnice   %idle
07時19分47秒    0   50.00    0.00   35.29    0.00    0.98    7.84    0.00    0.00    0.00    5.88
07時19分47秒    1   52.04    0.00   46.94    0.00    0.00    1.02    0.00    0.00    0.00    0.00

07時19分47秒  CPU    %usr   %nice    %sys %iowait    %irq   %soft  %steal  %guest  %gnice   %idle
07時19分48秒    0   52.53    0.00   35.35    0.00    0.00    8.08    0.00    0.00    0.00    4.04
07時19分48秒    1   60.00    0.00   40.00    0.00    0.00    0.00    0.00    0.00    0.00    0.00

07時19分48秒  CPU    %usr   %nice    %sys %iowait    %irq   %soft  %steal  %guest  %gnice   %idle
07時19分49秒    0   49.02    0.00   38.24    0.00    0.00    8.82    0.00    0.00    0.00    3.92
07時19分49秒    1   53.00    0.00   45.00    0.00    0.00    1.00    0.00    0.00    0.00    1.00

07時19分49秒  CPU    %usr   %nice    %sys %iowait    %irq   %soft  %steal  %guest  %gnice   %idle
07時19分50秒    0   47.52    0.00   38.61    0.00    0.00    7.92    0.00    0.00    0.00    5.94
07時19分50秒    1   51.52    0.00   45.45    0.00    0.00    2.02    0.00    0.00    0.00    1.01

07時19分50秒  CPU    %usr   %nice    %sys %iowait    %irq   %soft  %steal  %guest  %gnice   %idle
07時19分51秒    0   49.48    0.00   38.14    0.00    0.00    8.25    0.00    0.00    0.00    4.12
07時19分51秒    1   51.52    0.00   42.42    0.00    0.00    1.01    0.00    0.00    0.00    5.05

07時19分51秒  CPU    %usr   %nice    %sys %iowait    %irq   %soft  %steal  %guest  %gnice   %idle
07時19分52秒    0   48.48    0.00   39.39    0.00    0.00    8.08    0.00    0.00    0.00    4.04
07時19分52秒    1   55.67    0.00   41.24    0.00    0.00    1.03    0.00    0.00    0.00    2.06

07時19分52秒  CPU    %usr   %nice    %sys %iowait    %irq   %soft  %steal  %guest  %gnice   %idle
07時19分53秒    0   52.53    0.00   33.33    0.00    0.00    8.08    0.00    0.00    0.00    6.06
07時19分53秒    1   55.00    0.00   42.00    0.00    0.00    1.00    0.00    0.00    0.00    2.00

07時19分53秒  CPU    %usr   %nice    %sys %iowait    %irq   %soft  %steal  %guest  %gnice   %idle
07時19分54秒    0   46.00    0.00   40.00    0.00    0.00    8.00    0.00    0.00    0.00    6.00
07時19分54秒    1   50.00    0.00   45.92    0.00    0.00    1.02    0.00    0.00    0.00    3.06

07時19分54秒  CPU    %usr   %nice    %sys %iowait    %irq   %soft  %steal  %guest  %gnice   %idle
07時19分55秒    0   48.98    0.00   38.78    0.00    0.00    8.16    0.00    0.00    0.00    4.08
07時19分55秒    1   51.00    0.00   48.00    0.00    0.00    1.00    0.00    0.00    0.00    0.00

07時19分55秒  CPU    %usr   %nice    %sys %iowait    %irq   %soft  %steal  %guest  %gnice   %idle
07時19分56秒    0   54.08    0.00   32.65    0.00    0.00    8.16    0.00    0.00    0.00    5.10
07時19分56秒    1   57.43    0.00   39.60    0.00    0.99    0.99    0.00    0.00    0.00    0.99

07時19分56秒  CPU    %usr   %nice    %sys %iowait    %irq   %soft  %steal  %guest  %gnice   %idle
07時19分57秒    0   46.46    0.00   40.40    0.00    0.00    8.08    0.00    0.00    0.00    5.05
07時19分57秒    1   52.53    0.00   44.44    0.00    0.00    2.02    0.00    0.00    0.00    1.01

07時19分57秒  CPU    %usr   %nice    %sys %iowait    %irq   %soft  %steal  %guest  %gnice   %idle
07時19分58秒    0   46.53    0.00   38.61    0.00    0.00    7.92    0.00    0.00    0.00    6.93
07時19分58秒    1   56.12    0.00   36.73    0.00    0.00    1.02    0.00    0.00    0.00    6.12

07時19分58秒  CPU    %usr   %nice    %sys %iowait    %irq   %soft  %steal  %guest  %gnice   %idle
07時19分59秒    0   42.71    0.00   43.75    0.00    0.00    8.33    0.00    0.00    0.00    5.21
07時19分59秒    1   53.00    0.00   44.00    0.00    0.00    1.00    0.00    0.00    0.00    2.00

07時19分59秒  CPU    %usr   %nice    %sys %iowait    %irq   %soft  %steal  %guest  %gnice   %idle
07時20分00秒    0   45.92    0.00   40.82    0.00    0.00    8.16    0.00    0.00    0.00    5.10
07時20分00秒    1   55.00    0.00   44.00    0.00    0.00    1.00    0.00    0.00    0.00    0.00

07時20分00秒  CPU    %usr   %nice    %sys %iowait    %irq   %soft  %steal  %guest  %gnice   %idle
07時20分01秒    0   53.00    0.00   34.00    0.00    0.00    8.00    0.00    0.00    0.00    5.00
07時20分01秒    1   59.18    0.00   39.80    0.00    0.00    1.02    0.00    0.00    0.00    0.00

07時20分01秒  CPU    %usr   %nice    %sys %iowait    %irq   %soft  %steal  %guest  %gnice   %idle
07時20分02秒    0   48.00    0.00   40.00    0.00    0.00    9.00    0.00    0.00    0.00    3.00
07時20分02秒    1   53.00    0.00   44.00    0.00    0.00    1.00    0.00    0.00    0.00    2.00

07時20分02秒  CPU    %usr   %nice    %sys %iowait    %irq   %soft  %steal  %guest  %gnice   %idle
07時20分03秒    0   51.02    0.00   35.71    0.00    0.00    8.16    0.00    0.00    0.00    5.10
07時20分03秒    1   54.00    0.00   45.00    0.00    0.00    1.00    0.00    0.00    0.00    0.00

07時20分03秒  CPU    %usr   %nice    %sys %iowait    %irq   %soft  %steal  %guest  %gnice   %idle
07時20分04秒    0   48.00    0.00   37.00    0.00    1.00    8.00    0.00    0.00    0.00    6.00
07時20分04秒    1   53.54    0.00   44.44    0.00    0.00    1.01    0.00    0.00    0.00    1.01

07時20分04秒  CPU    %usr   %nice    %sys %iowait    %irq   %soft  %steal  %guest  %gnice   %idle
07時20分05秒    0   47.47    0.00   40.40    0.00    0.00    8.08    0.00    0.00    0.00    4.04
07時20分05秒    1   58.00    0.00   41.00    0.00    0.00    1.00    0.00    0.00    0.00    0.00

07時20分05秒  CPU    %usr   %nice    %sys %iowait    %irq   %soft  %steal  %guest  %gnice   %idle
07時20分06秒    0   55.00    0.00   32.00    0.00    0.00    8.00    0.00    0.00    0.00    5.00
07時20分06秒    1   54.55    0.00   43.43    0.00    0.00    1.01    0.00    0.00    0.00    1.01

07時20分06秒  CPU    %usr   %nice    %sys %iowait    %irq   %soft  %steal  %guest  %gnice   %idle
07時20分07秒    0   47.52    0.00   38.61    0.00    0.00    7.92    0.00    0.00    0.00    5.94
07時20分07秒    1   53.61    0.00   43.30    0.00    0.00    1.03    0.00    0.00    0.00    2.06

07時20分07秒  CPU    %usr   %nice    %sys %iowait    %irq   %soft  %steal  %guest  %gnice   %idle
07時20分08秒    0   50.50    0.00   36.63    0.00    0.00    7.92    0.00    0.00    0.00    4.95
07時20分08秒    1   54.90    0.00   43.14    0.00    0.00    1.96    0.00    0.00    0.00    0.00

07時20分08秒  CPU    %usr   %nice    %sys %iowait    %irq   %soft  %steal  %guest  %gnice   %idle
07時20分09秒    0   46.46    0.00   40.40    0.00    0.00    8.08    0.00    0.00    0.00    5.05
07時20分09秒    1   57.58    0.00   42.42    0.00    0.00    0.00    0.00    0.00    0.00    0.00

07時20分09秒  CPU    %usr   %nice    %sys %iowait    %irq   %soft  %steal  %guest  %gnice   %idle
07時20分10秒    0   48.51    0.00   38.61    0.00    0.00    8.91    0.00    0.00    0.00    3.96
07時20分10秒    1   50.51    0.00   46.46    0.00    0.00    2.02    0.00    0.00    0.00    1.01

07時20分10秒  CPU    %usr   %nice    %sys %iowait    %irq   %soft  %steal  %guest  %gnice   %idle
07時20分11秒    0   50.00    0.00   36.73    0.00    0.00    7.14    0.00    0.00    0.00    6.12
07時20分11秒    1   58.00    0.00   39.00    0.00    0.00    1.00    0.00    0.00    0.00    2.00

07時20分11秒  CPU    %usr   %nice    %sys %iowait    %irq   %soft  %steal  %guest  %gnice   %idle
07時20分12秒    0   47.47    0.00   39.39    0.00    0.00    9.09    0.00    0.00    0.00    4.04
07時20分12秒    1   53.00    0.00   46.00    0.00    0.00    1.00    0.00    0.00    0.00    0.00

07時20分12秒  CPU    %usr   %nice    %sys %iowait    %irq   %soft  %steal  %guest  %gnice   %idle
07時20分13秒    0   49.50    0.00   37.62    0.00    0.00    7.92    0.00    0.00    0.00    4.95
07時20分13秒    1   50.00    0.00   48.00    0.00    1.00    1.00    0.00    0.00    0.00    0.00

07時20分13秒  CPU    %usr   %nice    %sys %iowait    %irq   %soft  %steal  %guest  %gnice   %idle
07時20分14秒    0   54.55    0.00   36.36    0.00    0.00    8.08    0.00    0.00    0.00    1.01
07時20分14秒    1   47.87    0.00   21.28    0.00    0.00    2.13    0.00    0.00    0.00   28.72

07時20分14秒  CPU    %usr   %nice    %sys %iowait    %irq   %soft  %steal  %guest  %gnice   %idle
07時20分15秒    0   51.02    0.00   35.71    0.00    0.00    8.16    0.00    0.00    0.00    5.10
07時20分15秒    1   46.32    0.00   21.05    0.00    0.00    2.11    0.00    0.00    0.00   30.53

07時20分15秒  CPU    %usr   %nice    %sys %iowait    %irq   %soft  %steal  %guest  %gnice   %idle
07時20分16秒    0   49.00    0.00   38.00    0.00    0.00    8.00    0.00    0.00    0.00    5.00
07時20分16秒    1   42.11    0.00   23.16    0.00    0.00    3.16    0.00    0.00    0.00   31.58

07時20分16秒  CPU    %usr   %nice    %sys %iowait    %irq   %soft  %steal  %guest  %gnice   %idle
07時20分17秒    0   49.00    0.00   40.00    0.00    0.00    8.00    0.00    0.00    0.00    3.00
07時20分17秒    1   45.83    0.00   22.92    0.00    0.00    2.08    0.00    0.00    0.00   29.17

07時20分17秒  CPU    %usr   %nice    %sys %iowait    %irq   %soft  %steal  %guest  %gnice   %idle
07時20分18秒    0   46.94    0.00   39.80    0.00    0.00    8.16    0.00    0.00    0.00    5.10
07時20分18秒    1   47.37    0.00   17.89    0.00    0.00    3.16    0.00    0.00    0.00   31.58

07時20分18秒  CPU    %usr   %nice    %sys %iowait    %irq   %soft  %steal  %guest  %gnice   %idle
07時20分19秒    0   49.48    0.00   35.05    0.00    0.00    8.25    0.00    0.00    0.00    7.22
07時20分19秒    1   42.55    0.00   22.34    0.00    1.06    2.13    0.00    0.00    0.00   31.91

07時20分19秒  CPU    %usr   %nice    %sys %iowait    %irq   %soft  %steal  %guest  %gnice   %idle
07時20分20秒    0   50.51    0.00   36.36    0.00    0.00    8.08    0.00    0.00    0.00    5.05
07時20分20秒    1   43.16    0.00   22.11    0.00    0.00    2.11    0.00    0.00    0.00   32.63

07時20分20秒  CPU    %usr   %nice    %sys %iowait    %irq   %soft  %steal  %guest  %gnice   %idle
07時20分21秒    0   49.50    0.00   36.63    0.00    0.99    7.92    0.00    0.00    0.00    4.95
07時20分21秒    1   46.81    0.00   19.15    0.00    0.00    3.19    0.00    0.00    0.00   30.85

07時20分21秒  CPU    %usr   %nice    %sys %iowait    %irq   %soft  %steal  %guest  %gnice   %idle
07時20分22秒    0   50.52    0.00   35.05    0.00    0.00    8.25    0.00    0.00    0.00    6.19
07時20分22秒    1   46.32    0.00   20.00    0.00    0.00    2.11    0.00    0.00    0.00   31.58

07時20分22秒  CPU    %usr   %nice    %sys %iowait    %irq   %soft  %steal  %guest  %gnice   %idle
07時20分23秒    0   51.52    0.00   35.35    0.00    0.00    8.08    0.00    0.00    0.00    5.05
07時20分23秒    1   41.49    0.00   24.47    0.00    0.00    3.19    0.00    0.00    0.00   30.85

07時20分23秒  CPU    %usr   %nice    %sys %iowait    %irq   %soft  %steal  %guest  %gnice   %idle
07時20分24秒    0   45.92    0.00   43.88    0.00    0.00    8.16    0.00    0.00    0.00    2.04
07時20分24秒    1   45.74    0.00   22.34    0.00    0.00    2.13    0.00    0.00    0.00   29.79

07時20分24秒  CPU    %usr   %nice    %sys %iowait    %irq   %soft  %steal  %guest  %gnice   %idle
07時20分25秒    0   52.04    0.00   36.73    0.00    0.00    8.16    0.00    0.00    0.00    3.06
07時20分25秒    1   43.75    0.00   22.92    0.00    0.00    3.12    0.00    0.00    0.00   30.21

07時20分25秒  CPU    %usr   %nice    %sys %iowait    %irq   %soft  %steal  %guest  %gnice   %idle
07時20分26秒    0   50.00    0.00   36.00    0.00    0.00    8.00    0.00    0.00    0.00    6.00
07時20分26秒    1   40.62    0.00   26.04    0.00    0.00    2.08    0.00    0.00    0.00   31.25

07時20分26秒  CPU    %usr   %nice    %sys %iowait    %irq   %soft  %steal  %guest  %gnice   %idle
07時20分27秒    0   46.46    0.00   40.40    0.00    0.00    8.08    0.00    0.00    0.00    5.05
07時20分27秒    1   44.09    0.00   21.51    0.00    0.00    2.15    0.00    0.00    0.00   32.26

07時20分27秒  CPU    %usr   %nice    %sys %iowait    %irq   %soft  %steal  %guest  %gnice   %idle
07時20分28秒    0   49.48    0.00   38.14    0.00    0.00    8.25    0.00    0.00    0.00    4.12
07時20分28秒    1   42.71    0.00   22.92    0.00    0.00    3.12    0.00    0.00    0.00   31.25

07時20分28秒  CPU    %usr   %nice    %sys %iowait    %irq   %soft  %steal  %guest  %gnice   %idle
07時20分29秒    0   48.98    0.00   35.71    0.00    0.00    8.16    0.00    0.00    0.00    7.14
07時20分29秒    1   45.36    0.00   31.96    0.00    0.00    2.06    0.00    0.00    0.00   20.62

07時20分29秒  CPU    %usr   %nice    %sys %iowait    %irq   %soft  %steal  %guest  %gnice   %idle
07時20分30秒    0   49.00    0.00   36.00    0.00    0.00    8.00    0.00    0.00    0.00    7.00
07時20分30秒    1   48.45    0.00   45.36    0.00    0.00    1.03    0.00    0.00    0.00    5.15

07時20分30秒  CPU    %usr   %nice    %sys %iowait    %irq   %soft  %steal  %guest  %gnice   %idle
07時20分31秒    0   54.08    0.00   32.65    0.00    0.00    8.16    0.00    0.00    0.00    5.10
07時20分31秒    1   54.08    0.00   42.86    0.00    0.00    1.02    0.00    0.00    0.00    2.04

07時20分31秒  CPU    %usr   %nice    %sys %iowait    %irq   %soft  %steal  %guest  %gnice   %idle
07時20分32秒    0   48.45    0.00   37.11    0.00    0.00    8.25    0.00    0.00    0.00    6.19
07時20分32秒    1   54.64    0.00   38.14    0.00    0.00    1.03    0.00    0.00    0.00    6.19

07時20分32秒  CPU    %usr   %nice    %sys %iowait    %irq   %soft  %steal  %guest  %gnice   %idle
07時20分33秒    0   47.96    0.00   39.80    0.00    0.00    8.16    0.00    0.00    0.00    4.08
07時20分33秒    1   59.41    0.00   38.61    0.00    0.00    1.98    0.00    0.00    0.00    0.00

07時20分33秒  CPU    %usr   %nice    %sys %iowait    %irq   %soft  %steal  %guest  %gnice   %idle
07時20分34秒    0   48.00    0.00   38.00    0.00    0.00    8.00    0.00    0.00    0.00    6.00
07時20分34秒    1   56.12    0.00   39.80    0.00    0.00    1.02    0.00    0.00    0.00    3.06

07時20分34秒  CPU    %usr   %nice    %sys %iowait    %irq   %soft  %steal  %guest  %gnice   %idle
07時20分35秒    0   52.53    0.00   34.34    0.00    0.00    8.08    0.00    0.00    0.00    5.05
07時20分35秒    1   54.55    0.00   39.39    0.00    0.00    1.01    0.00    0.00    0.00    5.05

07時20分35秒  CPU    %usr   %nice    %sys %iowait    %irq   %soft  %steal  %guest  %gnice   %idle
07時20分36秒    0   47.00    0.00   40.00    0.00    0.00    8.00    0.00    0.00    0.00    5.00
07時20分36秒    1   56.70    0.00   39.18    0.00    0.00    1.03    0.00    0.00    0.00    3.09

07時20分36秒  CPU    %usr   %nice    %sys %iowait    %irq   %soft  %steal  %guest  %gnice   %idle
07時20分37秒    0   50.00    0.00   37.00    0.00    0.00    8.00    0.00    0.00    0.00    5.00
07時20分37秒    1   53.47    0.00   42.57    0.00    0.99    0.99    0.00    0.00    0.00    1.98

07時20分37秒  CPU    %usr   %nice    %sys %iowait    %irq   %soft  %steal  %guest  %gnice   %idle
07時20分38秒    0   48.51    0.00   38.61    0.00    0.99    7.92    0.00    0.00    0.00    3.96
07時20分38秒    1   52.53    0.00   41.41    0.00    0.00    2.02    0.00    0.00    0.00    4.04

07時20分38秒  CPU    %usr   %nice    %sys %iowait    %irq   %soft  %steal  %guest  %gnice   %idle
07時20分39秒    0   56.12    0.00   31.63    0.00    0.00    8.16    0.00    0.00    0.00    4.08
07時20分39秒    1   49.48    0.00   44.33    0.00    0.00    1.03    0.00    0.00    0.00    5.15

07時20分39秒  CPU    %usr   %nice    %sys %iowait    %irq   %soft  %steal  %guest  %gnice   %idle
07時20分40秒    0   48.98    0.00   37.76    0.00    0.00    8.16    0.00    0.00    0.00    5.10
07時20分40秒    1   53.61    0.00   39.18    0.00    0.00    1.03    0.00    0.00    0.00    6.19

07時20分40秒  CPU    %usr   %nice    %sys %iowait    %irq   %soft  %steal  %guest  %gnice   %idle
07時20分41秒    0   47.96    0.00   36.73    0.00    0.00    8.16    0.00    0.00    0.00    7.14
07時20分41秒    1   48.48    0.00   42.42    0.00    0.00    2.02    0.00    0.00    0.00    7.07

07時20分41秒  CPU    %usr   %nice    %sys %iowait    %irq   %soft  %steal  %guest  %gnice   %idle
07時20分42秒    0   48.98    0.00   37.76    0.00    0.00    8.16    0.00    0.00    0.00    5.10
07時20分42秒    1   53.00    0.00   45.00    0.00    0.00    1.00    0.00    0.00    0.00    1.00

07時20分42秒  CPU    %usr   %nice    %sys %iowait    %irq   %soft  %steal  %guest  %gnice   %idle
07時20分43秒    0   50.00    0.00   38.00    0.00    0.00    8.00    0.00    0.00    0.00    4.00
07時20分43秒    1   47.42    0.00   48.45    0.00    0.00    1.03    0.00    0.00    0.00    3.09

07時20分43秒  CPU    %usr   %nice    %sys %iowait    %irq   %soft  %steal  %guest  %gnice   %idle
07時20分44秒    0   46.53    0.00   39.60    0.00    0.00    7.92    0.00    0.00    0.00    5.94
07時20分44秒    1   57.00    0.00   39.00    0.00    0.00    1.00    0.00    0.00    0.00    3.00

07時20分44秒  CPU    %usr   %nice    %sys %iowait    %irq   %soft  %steal  %guest  %gnice   %idle
07時20分45秒    0   48.00    0.00   41.00    0.00    0.00    8.00    0.00    0.00    0.00    3.00
07時20分45秒    1   51.52    0.00   43.43    0.00    0.00    2.02    0.00    0.00    0.00    3.03

07時20分45秒  CPU    %usr   %nice    %sys %iowait    %irq   %soft  %steal  %guest  %gnice   %idle
07時20分46秒    0   50.00    0.00   37.00    0.00    0.00    8.00    0.00    0.00    0.00    5.00
07時20分46秒    1   50.00    0.00   49.00    0.00    0.00    1.00    0.00    0.00    0.00    0.00

07時20分46秒  CPU    %usr   %nice    %sys %iowait    %irq   %soft  %steal  %guest  %gnice   %idle
07時20分47秒    0   52.00    0.00   34.00    0.00    0.00    9.00    0.00    0.00    0.00    5.00
07時20分47秒    1   52.00    0.00   46.00    0.00    0.00    1.00    0.00    0.00    0.00    1.00

07時20分47秒  CPU    %usr   %nice    %sys %iowait    %irq   %soft  %steal  %guest  %gnice   %idle
07時20分48秒    0   52.58    0.00   35.05    0.00    0.00    8.25    0.00    0.00    0.00    4.12
07時20分48秒    1   52.04    0.00   45.92    0.00    0.00    1.02    0.00    0.00    0.00    1.02

07時20分48秒  CPU    %usr   %nice    %sys %iowait    %irq   %soft  %steal  %guest  %gnice   %idle
07時20分49秒    0   53.00    0.00   33.00    0.00    0.00    8.00    0.00    0.00    0.00    6.00
07時20分49秒    1   50.00    0.00   43.75    0.00    0.00    1.04    0.00    0.00    0.00    5.21

07時20分49秒  CPU    %usr   %nice    %sys %iowait    %irq   %soft  %steal  %guest  %gnice   %idle
07時20分50秒    0   52.00    0.00   36.00    0.00    0.00    8.00    0.00    0.00    0.00    4.00
07時20分50秒    1   62.63    0.00   33.33    0.00    0.00    1.01    0.00    0.00    0.00    3.03

07時20分50秒  CPU    %usr   %nice    %sys %iowait    %irq   %soft  %steal  %guest  %gnice   %idle
07時20分51秒    0   52.53    0.00   34.34    0.00    0.00    8.08    0.00    0.00    0.00    5.05
07時20分51秒    1   53.54    0.00   44.44    0.00    0.00    1.01    0.00    0.00    0.00    1.01

07時20分51秒  CPU    %usr   %nice    %sys %iowait    %irq   %soft  %steal  %guest  %gnice   %idle
07時20分52秒    0   48.51    0.00   39.60    0.00    0.00    7.92    0.00    0.00    0.00    3.96
07時20分52秒    1   55.00    0.00   43.00    0.00    0.00    1.00    0.00    0.00    0.00    1.00

07時20分52秒  CPU    %usr   %nice    %sys %iowait    %irq   %soft  %steal  %guest  %gnice   %idle
07時20分53秒    0   52.04    0.00   34.69    0.00    0.00    8.16    0.00    0.00    0.00    5.10
07時20分53秒    1   54.00    0.00   41.00    0.00    0.00    2.00    0.00    0.00    0.00    3.00

07時20分53秒  CPU    %usr   %nice    %sys %iowait    %irq   %soft  %steal  %guest  %gnice   %idle
07時20分54秒    0   50.00    0.00   36.73    0.00    0.00    8.16    0.00    0.00    0.00    5.10
07時20分54秒    1   54.00    0.00   42.00    0.00    1.00    1.00    0.00    0.00    0.00    2.00

07時20分54秒  CPU    %usr   %nice    %sys %iowait    %irq   %soft  %steal  %guest  %gnice   %idle
07時20分55秒    0   55.10    0.00   30.61    0.00    1.02    8.16    0.00    0.00    0.00    5.10
07時20分55秒    1   47.92    0.00   25.00    0.00    0.00    2.08    0.00    0.00    0.00   25.00

07時20分55秒  CPU    %usr   %nice    %sys %iowait    %irq   %soft  %steal  %guest  %gnice   %idle
07時20分56秒    0   51.02    0.00   36.73    0.00    0.00    8.16    0.00    0.00    0.00    4.08
07時20分56秒    1   50.00    0.00   17.02    0.00    0.00    2.13    0.00    0.00    0.00   30.85

07時20分56秒  CPU    %usr   %nice    %sys %iowait    %irq   %soft  %steal  %guest  %gnice   %idle
07時20分57秒    0   44.00    0.00   43.00    0.00    0.00    8.00    0.00    0.00    0.00    5.00
07時20分57秒    1   47.92    0.00   18.75    0.00    0.00    3.12    0.00    0.00    0.00   30.21

07時20分57秒  CPU    %usr   %nice    %sys %iowait    %irq   %soft  %steal  %guest  %gnice   %idle
07時20分58秒    0   51.02    0.00   35.71    0.00    0.00    8.16    0.00    0.00    0.00    5.10
07時20分58秒    1   45.74    0.00   21.28    0.00    0.00    2.13    0.00    0.00    0.00   30.85

07時20分58秒  CPU    %usr   %nice    %sys %iowait    %irq   %soft  %steal  %guest  %gnice   %idle
07時20分59秒    0   48.98    0.00   38.78    0.00    0.00    8.16    0.00    0.00    0.00    4.08
07時20分59秒    1   44.33    0.00   23.71    0.00    0.00    3.09    0.00    0.00    0.00   28.87

07時20分59秒  CPU    %usr   %nice    %sys %iowait    %irq   %soft  %steal  %guest  %gnice   %idle
07時21分00秒    0   55.21    0.00   31.25    0.00    0.00    8.33    0.00    0.00    0.00    5.21
07時21分00秒    1   44.79    0.00   21.88    0.00    0.00    2.08    0.00    0.00    0.00   31.25

07時21分00秒  CPU    %usr   %nice    %sys %iowait    %irq   %soft  %steal  %guest  %gnice   %idle
07時21分01秒    0   51.55    0.00   36.08    0.00    0.00    8.25    0.00    0.00    0.00    4.12
07時21分01秒    1   46.81    0.00   20.21    0.00    0.00    2.13    0.00    0.00    0.00   30.85

07時21分01秒  CPU    %usr   %nice    %sys %iowait    %irq   %soft  %steal  %guest  %gnice   %idle
07時21分02秒    0   54.08    0.00   33.67    0.00    0.00    8.16    0.00    0.00    0.00    4.08
07時21分02秒    1   43.62    0.00   22.34    0.00    0.00    3.19    0.00    0.00    0.00   30.85

07時21分02秒  CPU    %usr   %nice    %sys %iowait    %irq   %soft  %steal  %guest  %gnice   %idle
07時21分03秒    0   51.02    0.00   36.73    0.00    0.00    8.16    0.00    0.00    0.00    4.08
07時21分03秒    1   46.88    0.00   20.83    0.00    0.00    2.08    0.00    0.00    0.00   30.21

07時21分03秒  CPU    %usr   %nice    %sys %iowait    %irq   %soft  %steal  %guest  %gnice   %idle
07時21分04秒    0   49.49    0.00   35.35    0.00    0.00    8.08    0.00    0.00    0.00    7.07
07時21分04秒    1   41.49    0.00   23.40    0.00    0.00    3.19    0.00    0.00    0.00   31.91

07時21分04秒  CPU    %usr   %nice    %sys %iowait    %irq   %soft  %steal  %guest  %gnice   %idle
07時21分05秒    0   46.94    0.00   38.78    0.00    0.00    8.16    0.00    0.00    0.00    6.12
07時21分05秒    1   44.21    0.00   21.05    0.00    0.00    2.11    0.00    0.00    0.00   32.63

07時21分05秒  CPU    %usr   %nice    %sys %iowait    %irq   %soft  %steal  %guest  %gnice   %idle
07時21分06秒    0   49.48    0.00   38.14    0.00    0.00    8.25    0.00    0.00    0.00    4.12
07時21分06秒    1   43.62    0.00   22.34    0.00    0.00    3.19    0.00    0.00    0.00   30.85

07時21分06秒  CPU    %usr   %nice    %sys %iowait    %irq   %soft  %steal  %guest  %gnice   %idle
07時21分07秒    0   48.98    0.00   37.76    0.00    0.00    8.16    0.00    0.00    0.00    5.10
07時21分07秒    1   41.05    0.00   25.26    0.00    0.00    2.11    0.00    0.00    0.00   31.58

07時21分07秒  CPU    %usr   %nice    %sys %iowait    %irq   %soft  %steal  %guest  %gnice   %idle
07時21分08秒    0   55.56    0.00   32.32    0.00    0.00    8.08    0.00    0.00    0.00    4.04
07時21分08秒    1   39.78    0.00   26.88    0.00    0.00    2.15    0.00    0.00    0.00   31.18

07時21分08秒  CPU    %usr   %nice    %sys %iowait    %irq   %soft  %steal  %guest  %gnice   %idle
07時21分09秒    0   54.64    0.00   30.93    0.00    0.00    8.25    0.00    0.00    0.00    6.19
07時21分09秒    1   40.62    0.00   23.96    0.00    0.00    3.12    0.00    0.00    0.00   32.29

07時21分09秒  CPU    %usr   %nice    %sys %iowait    %irq   %soft  %steal  %guest  %gnice   %idle
07時21分10秒    0   47.92    0.00   37.50    0.00    0.00    8.33    0.00    0.00    0.00    6.25
07時21分10秒    1   42.71    0.00   23.96    0.00    0.00    2.08    0.00    0.00    0.00   31.25

07時21分10秒  CPU    %usr   %nice    %sys %iowait    %irq   %soft  %steal  %guest  %gnice   %idle
07時21分11秒    0   49.00    0.00   35.00    0.00    1.00    8.00    0.00    0.00    0.00    7.00
07時21分11秒    1   44.79    0.00   20.83    0.00    0.00    3.12    0.00    0.00    0.00   31.25

07時21分11秒  CPU    %usr   %nice    %sys %iowait    %irq   %soft  %steal  %guest  %gnice   %idle
07時21分12秒    0   46.39    0.00   40.21    0.00    0.00    8.25    0.00    0.00    0.00    5.15
07時21分12秒    1   45.74    0.00   21.28    0.00    0.00    2.13    0.00    0.00    0.00   30.85

07時21分12秒  CPU    %usr   %nice    %sys %iowait    %irq   %soft  %steal  %guest  %gnice   %idle
07時21分13秒    0   45.92    0.00   38.78    0.00    0.00    8.16    0.00    0.00    0.00    7.14
07時21分13秒    1   45.26    0.00   20.00    0.00    0.00    2.11    0.00    0.00    0.00   32.63

07時21分13秒  CPU    %usr   %nice    %sys %iowait    %irq   %soft  %steal  %guest  %gnice   %idle
07時21分14秒    0   47.92    0.00   39.58    0.00    0.00    7.29    0.00    0.00    0.00    5.21
07時21分14秒    1   42.71    0.00   22.92    0.00    1.04    3.12    0.00    0.00    0.00   30.21

07時21分14秒  CPU    %usr   %nice    %sys %iowait    %irq   %soft  %steal  %guest  %gnice   %idle
07時21分15秒    0   53.06    0.00   33.67    0.00    0.00    9.18    0.00    0.00    0.00    4.08
07時21分15秒    1   43.62    0.00   23.40    0.00    0.00    2.13    0.00    0.00    0.00   30.85

07時21分15秒  CPU    %usr   %nice    %sys %iowait    %irq   %soft  %steal  %guest  %gnice   %idle
07時21分16秒    0   45.36    0.00   39.18    0.00    0.00    7.22    0.00    0.00    0.00    8.25
07時21分16秒    1   45.74    0.00   17.02    0.00    0.00    3.19    0.00    0.00    0.00   34.04

07時21分16秒  CPU    %usr   %nice    %sys %iowait    %irq   %soft  %steal  %guest  %gnice   %idle
07時21分17秒    0   54.64    0.00   31.96    0.00    0.00    8.25    0.00    0.00    0.00    5.15
07時21分17秒    1   41.67    0.00   26.04    0.00    0.00    2.08    0.00    0.00    0.00   30.21

07時21分17秒  CPU    %usr   %nice    %sys %iowait    %irq   %soft  %steal  %guest  %gnice   %idle
07時21分18秒    0   41.84    0.00   43.88    0.00    0.00    8.16    0.00    0.00    0.00    6.12
07時21分18秒    1   45.16    0.00   21.51    0.00    0.00    2.15    0.00    0.00    0.00   31.18

07時21分18秒  CPU    %usr   %nice    %sys %iowait    %irq   %soft  %steal  %guest  %gnice   %idle
07時21分19秒    0   52.08    0.00   35.42    0.00    0.00    8.33    0.00    0.00    0.00    4.17
07時21分19秒    1   46.32    0.00   20.00    0.00    0.00    3.16    0.00    0.00    0.00   30.53

07時21分19秒  CPU    %usr   %nice    %sys %iowait    %irq   %soft  %steal  %guest  %gnice   %idle
07時21分20秒    0   53.06    0.00   33.67    0.00    0.00    8.16    0.00    0.00    0.00    5.10
07時21分20秒    1   45.26    0.00   21.05    0.00    0.00    2.11    0.00    0.00    0.00   31.58

07時21分20秒  CPU    %usr   %nice    %sys %iowait    %irq   %soft  %steal  %guest  %gnice   %idle
07時21分21秒    0   49.00    0.00   38.00    0.00    0.00    8.00    0.00    0.00    0.00    5.00
07時21分21秒    1   40.43    0.00   25.53    0.00    0.00    3.19    0.00    0.00    0.00   30.85

07時21分21秒  CPU    %usr   %nice    %sys %iowait    %irq   %soft  %steal  %guest  %gnice   %idle
07時21分22秒    0   49.48    0.00   35.05    0.00    0.00    8.25    0.00    0.00    0.00    7.22
07時21分22秒    1   39.58    0.00   26.04    0.00    0.00    2.08    0.00    0.00    0.00   32.29

07時21分22秒  CPU    %usr   %nice    %sys %iowait    %irq   %soft  %steal  %guest  %gnice   %idle
07時21分23秒    0   49.48    0.00   38.14    0.00    0.00    8.25    0.00    0.00    0.00    4.12
07時21分23秒    1   43.75    0.00   22.92    0.00    0.00    2.08    0.00    0.00    0.00   31.25

平均時間：  CPU    %usr   %nice    %sys %iowait    %irq   %soft  %steal  %guest  %gnice   %idle
平均時間：    0   49.87    0.00   36.96    0.00    0.06    8.15    0.00    0.00    0.00    4.96
平均時間：    1   48.92    0.00   32.02    0.00    0.06    1.87    0.00    0.00    0.00   17.13
