Linux 5.6.15-arch1-1 (archlinux) 	西元2020年06月29日 	_x86_64_	(12 CPU)

07時24分37秒  CPU    %usr   %nice    %sys %iowait    %irq   %soft  %steal  %guest  %gnice   %idle
07時24分38秒    0   52.53    0.00   34.34    0.00    0.00    8.08    0.00    0.00    0.00    5.05
07時24分38秒    1   57.14    0.00   38.78    0.00    0.00    1.02    0.00    0.00    0.00    3.06

07時24分38秒  CPU    %usr   %nice    %sys %iowait    %irq   %soft  %steal  %guest  %gnice   %idle
07時24分39秒    0   45.45    0.00   40.40    0.00    0.00    8.08    0.00    0.00    0.00    6.06
07時24分39秒    1   53.54    0.00   42.42    0.00    0.00    1.01    0.00    0.00    0.00    3.03

07時24分39秒  CPU    %usr   %nice    %sys %iowait    %irq   %soft  %steal  %guest  %gnice   %idle
07時24分40秒    0   51.52    0.00   36.36    0.00    0.00    8.08    0.00    0.00    0.00    4.04
07時24分40秒    1   51.02    0.00   42.86    0.00    0.00    2.04    0.00    0.00    0.00    4.08

07時24分40秒  CPU    %usr   %nice    %sys %iowait    %irq   %soft  %steal  %guest  %gnice   %idle
07時24分41秒    0   55.00    0.00   33.00    0.00    0.00    8.00    0.00    0.00    0.00    4.00
07時24分41秒    1   57.14    0.00   37.76    0.00    0.00    1.02    0.00    0.00    0.00    4.08

07時24分41秒  CPU    %usr   %nice    %sys %iowait    %irq   %soft  %steal  %guest  %gnice   %idle
07時24分42秒    0   51.49    0.00   35.64    0.00    0.00    7.92    0.00    0.00    0.00    4.95
07時24分42秒    1   52.53    0.00   46.46    0.00    0.00    1.01    0.00    0.00    0.00    0.00

07時24分42秒  CPU    %usr   %nice    %sys %iowait    %irq   %soft  %steal  %guest  %gnice   %idle
07時24分43秒    0   49.49    0.00   37.37    0.00    0.00    8.08    0.00    0.00    0.00    5.05
07時24分43秒    1   51.52    0.00   44.44    0.00    0.00    1.01    0.00    0.00    0.00    3.03

07時24分43秒  CPU    %usr   %nice    %sys %iowait    %irq   %soft  %steal  %guest  %gnice   %idle
07時24分44秒    0   49.02    0.00   39.22    0.00    0.00    7.84    0.00    0.00    0.00    3.92
07時24分44秒    1   55.00    0.00   38.00    0.00    0.00    2.00    0.00    0.00    0.00    5.00

07時24分44秒  CPU    %usr   %nice    %sys %iowait    %irq   %soft  %steal  %guest  %gnice   %idle
07時24分45秒    0   48.98    0.00   36.73    0.00    0.00    9.18    0.00    0.00    0.00    5.10
07時24分45秒    1   55.56    0.00   43.43    0.00    0.00    1.01    0.00    0.00    0.00    0.00

07時24分45秒  CPU    %usr   %nice    %sys %iowait    %irq   %soft  %steal  %guest  %gnice   %idle
07時24分46秒    0   51.02    0.00   35.71    0.00    0.00    8.16    0.00    0.00    0.00    5.10
07時24分46秒    1   55.56    0.00   42.42    0.00    0.00    1.01    0.00    0.00    0.00    1.01

07時24分46秒  CPU    %usr   %nice    %sys %iowait    %irq   %soft  %steal  %guest  %gnice   %idle
07時24分47秒    0   49.49    0.00   37.37    0.00    0.00    8.08    0.00    0.00    0.00    5.05
07時24分47秒    1   51.52    0.00   44.44    0.00    0.00    1.01    0.00    0.00    0.00    3.03

07時24分47秒  CPU    %usr   %nice    %sys %iowait    %irq   %soft  %steal  %guest  %gnice   %idle
07時24分48秒    0   52.00    0.00   34.00    0.00    0.00    8.00    0.00    0.00    0.00    6.00
07時24分48秒    1   50.50    0.00   47.52    0.00    0.99    0.99    0.00    0.00    0.00    0.00

07時24分48秒  CPU    %usr   %nice    %sys %iowait    %irq   %soft  %steal  %guest  %gnice   %idle
07時24分49秒    0   48.98    0.00   37.76    0.00    0.00    8.16    0.00    0.00    0.00    5.10
07時24分49秒    1   55.56    0.00   38.38    0.00    0.00    2.02    0.00    0.00    0.00    4.04

07時24分49秒  CPU    %usr   %nice    %sys %iowait    %irq   %soft  %steal  %guest  %gnice   %idle
07時24分50秒    0   45.92    0.00   40.82    0.00    0.00    8.16    0.00    0.00    0.00    5.10
07時24分50秒    1   51.02    0.00   46.94    0.00    0.00    1.02    0.00    0.00    0.00    1.02

07時24分50秒  CPU    %usr   %nice    %sys %iowait    %irq   %soft  %steal  %guest  %gnice   %idle
07時24分51秒    0   49.02    0.00   37.25    0.00    0.98    7.84    0.00    0.00    0.00    4.90
07時24分51秒    1   49.50    0.00   46.53    0.00    0.00    0.99    0.00    0.00    0.00    2.97

07時24分51秒  CPU    %usr   %nice    %sys %iowait    %irq   %soft  %steal  %guest  %gnice   %idle
07時24分52秒    0   46.53    0.00   41.58    0.00    0.00    7.92    0.00    0.00    0.00    3.96
07時24分52秒    1   53.54    0.00   45.45    0.00    0.00    1.01    0.00    0.00    0.00    0.00

07時24分52秒  CPU    %usr   %nice    %sys %iowait    %irq   %soft  %steal  %guest  %gnice   %idle
07時24分53秒    0   51.00    0.00   37.00    0.00    0.00    8.00    0.00    0.00    0.00    4.00
07時24分53秒    1   53.61    0.00   43.30    0.00    0.00    1.03    0.00    0.00    0.00    2.06

07時24分53秒  CPU    %usr   %nice    %sys %iowait    %irq   %soft  %steal  %guest  %gnice   %idle
07時24分54秒    0   51.46    0.00   35.92    0.00    0.00    8.74    0.00    0.00    0.00    3.88
07時24分54秒    1   58.00    0.00   41.00    0.00    0.00    1.00    0.00    0.00    0.00    0.00

07時24分54秒  CPU    %usr   %nice    %sys %iowait    %irq   %soft  %steal  %guest  %gnice   %idle
07時24分55秒    0   52.53    0.00   34.34    0.00    0.00    8.08    0.00    0.00    0.00    5.05
07時24分55秒    1   53.00    0.00   43.00    0.00    0.00    2.00    0.00    0.00    0.00    2.00

07時24分55秒  CPU    %usr   %nice    %sys %iowait    %irq   %soft  %steal  %guest  %gnice   %idle
07時24分56秒    0   44.90    0.00   40.82    0.00    0.00    8.16    0.00    0.00    0.00    6.12
07時24分56秒    1   56.12    0.00   40.82    0.00    0.00    1.02    0.00    0.00    0.00    2.04

07時24分56秒  CPU    %usr   %nice    %sys %iowait    %irq   %soft  %steal  %guest  %gnice   %idle
07時24分57秒    0   48.48    0.00   38.38    0.00    0.00    8.08    0.00    0.00    0.00    5.05
07時24分57秒    1   61.22    0.00   35.71    0.00    0.00    1.02    0.00    0.00    0.00    2.04

07時24分57秒  CPU    %usr   %nice    %sys %iowait    %irq   %soft  %steal  %guest  %gnice   %idle
07時24分58秒    0   52.04    0.00   34.69    0.00    0.00    8.16    0.00    0.00    0.00    5.10
07時24分58秒    1   54.00    0.00   45.00    0.00    0.00    1.00    0.00    0.00    0.00    0.00

07時24分58秒  CPU    %usr   %nice    %sys %iowait    %irq   %soft  %steal  %guest  %gnice   %idle
07時24分59秒    0   53.00    0.00   34.00    0.00    0.00    8.00    0.00    0.00    0.00    5.00
07時24分59秒    1   54.00    0.00   45.00    0.00    0.00    1.00    0.00    0.00    0.00    0.00

07時24分59秒  CPU    %usr   %nice    %sys %iowait    %irq   %soft  %steal  %guest  %gnice   %idle
07時25分00秒    0   56.12    0.00   33.67    0.00    0.00    8.16    0.00    0.00    0.00    2.04
07時25分00秒    1   53.61    0.00   43.30    0.00    0.00    1.03    0.00    0.00    0.00    2.06

07時25分00秒  CPU    %usr   %nice    %sys %iowait    %irq   %soft  %steal  %guest  %gnice   %idle
07時25分01秒    0   49.49    0.00   36.36    0.00    0.00    8.08    0.00    0.00    0.00    6.06
07時25分01秒    1   53.54    0.00   43.43    0.00    0.00    1.01    0.00    0.00    0.00    2.02

07時25分01秒  CPU    %usr   %nice    %sys %iowait    %irq   %soft  %steal  %guest  %gnice   %idle
07時25分02秒    0   51.49    0.00   35.64    0.00    0.00    7.92    0.00    0.00    0.00    4.95
07時25分02秒    1   47.47    0.00   47.47    0.00    0.00    2.02    0.00    0.00    0.00    3.03

07時25分02秒  CPU    %usr   %nice    %sys %iowait    %irq   %soft  %steal  %guest  %gnice   %idle
07時25分03秒    0   52.04    0.00   33.67    0.00    0.00    8.16    0.00    0.00    0.00    6.12
07時25分03秒    1   54.08    0.00   42.86    0.00    0.00    1.02    0.00    0.00    0.00    2.04

07時25分03秒  CPU    %usr   %nice    %sys %iowait    %irq   %soft  %steal  %guest  %gnice   %idle
07時25分04秒    0   48.51    0.00   38.61    0.00    0.00    8.91    0.00    0.00    0.00    3.96
07時25分04秒    1   53.00    0.00   46.00    0.00    0.00    1.00    0.00    0.00    0.00    0.00

07時25分04秒  CPU    %usr   %nice    %sys %iowait    %irq   %soft  %steal  %guest  %gnice   %idle
07時25分05秒    0   51.02    0.00   36.73    0.00    0.00    8.16    0.00    0.00    0.00    4.08
07時25分05秒    1   53.54    0.00   43.43    0.00    0.00    1.01    0.00    0.00    0.00    2.02

07時25分05秒  CPU    %usr   %nice    %sys %iowait    %irq   %soft  %steal  %guest  %gnice   %idle
07時25分06秒    0   52.48    0.00   34.65    0.00    0.00    7.92    0.00    0.00    0.00    4.95
07時25分06秒    1   56.44    0.00   41.58    0.00    0.99    0.99    0.00    0.00    0.00    0.00

07時25分06秒  CPU    %usr   %nice    %sys %iowait    %irq   %soft  %steal  %guest  %gnice   %idle
07時25分07秒    0   52.04    0.00   34.69    0.00    0.00    8.16    0.00    0.00    0.00    5.10
07時25分07秒    1   51.49    0.00   46.53    0.00    0.00    0.99    0.00    0.00    0.00    0.99

07時25分07秒  CPU    %usr   %nice    %sys %iowait    %irq   %soft  %steal  %guest  %gnice   %idle
07時25分08秒    0   49.02    0.00   39.22    0.00    0.98    7.84    0.00    0.00    0.00    2.94
07時25分08秒    1   53.06    0.00   44.90    0.00    0.00    1.02    0.00    0.00    0.00    1.02

07時25分08秒  CPU    %usr   %nice    %sys %iowait    %irq   %soft  %steal  %guest  %gnice   %idle
07時25分09秒    0   45.00    0.00   42.00    0.00    0.00    8.00    0.00    0.00    0.00    5.00
07時25分09秒    1   56.57    0.00   40.40    0.00    0.00    2.02    0.00    0.00    0.00    1.01

07時25分09秒  CPU    %usr   %nice    %sys %iowait    %irq   %soft  %steal  %guest  %gnice   %idle
07時25分10秒    0   49.00    0.00   38.00    0.00    0.00    8.00    0.00    0.00    0.00    5.00
07時25分10秒    1   50.51    0.00   45.45    0.00    0.00    1.01    0.00    0.00    0.00    3.03

07時25分10秒  CPU    %usr   %nice    %sys %iowait    %irq   %soft  %steal  %guest  %gnice   %idle
07時25分11秒    0   49.49    0.00   37.37    0.00    0.00    8.08    0.00    0.00    0.00    5.05
07時25分11秒    1   48.98    0.00   47.96    0.00    0.00    1.02    0.00    0.00    0.00    2.04

07時25分11秒  CPU    %usr   %nice    %sys %iowait    %irq   %soft  %steal  %guest  %gnice   %idle
07時25分12秒    0   54.00    0.00   32.00    0.00    0.00    8.00    0.00    0.00    0.00    6.00
07時25分12秒    1   58.00    0.00   40.00    0.00    0.00    1.00    0.00    0.00    0.00    1.00

07時25分12秒  CPU    %usr   %nice    %sys %iowait    %irq   %soft  %steal  %guest  %gnice   %idle
07時25分13秒    0   54.55    0.00   35.35    0.00    0.00    9.09    0.00    0.00    0.00    1.01
07時25分13秒    1   53.54    0.00   41.41    0.00    0.00    2.02    0.00    0.00    0.00    3.03

07時25分13秒  CPU    %usr   %nice    %sys %iowait    %irq   %soft  %steal  %guest  %gnice   %idle
07時25分14秒    0   49.00    0.00   37.00    0.00    0.00    8.00    0.00    0.00    0.00    6.00
07時25分14秒    1   55.56    0.00   43.43    0.00    0.00    1.01    0.00    0.00    0.00    0.00

07時25分14秒  CPU    %usr   %nice    %sys %iowait    %irq   %soft  %steal  %guest  %gnice   %idle
07時25分15秒    0   56.70    0.00   34.02    0.00    0.00    8.25    0.00    0.00    0.00    1.03
07時25分15秒    1   46.32    0.00   37.89    0.00    0.00    1.05    0.00    0.00    0.00   14.74

07時25分15秒  CPU    %usr   %nice    %sys %iowait    %irq   %soft  %steal  %guest  %gnice   %idle
07時25分16秒    0   51.00    0.00   36.00    0.00    0.00    8.00    0.00    0.00    0.00    5.00
07時25分16秒    1   46.00    0.00   50.00    0.00    0.00    2.00    0.00    0.00    0.00    2.00

07時25分16秒  CPU    %usr   %nice    %sys %iowait    %irq   %soft  %steal  %guest  %gnice   %idle
07時25分17秒    0   49.50    0.00   38.61    0.00    0.00    7.92    0.00    0.00    0.00    3.96
07時25分17秒    1   55.56    0.00   40.40    0.00    0.00    1.01    0.00    0.00    0.00    3.03

07時25分17秒  CPU    %usr   %nice    %sys %iowait    %irq   %soft  %steal  %guest  %gnice   %idle
07時25分18秒    0   52.04    0.00   35.71    0.00    0.00    8.16    0.00    0.00    0.00    4.08
07時25分18秒    1   50.00    0.00   47.96    0.00    0.00    1.02    0.00    0.00    0.00    1.02

07時25分18秒  CPU    %usr   %nice    %sys %iowait    %irq   %soft  %steal  %guest  %gnice   %idle
07時25分19秒    0   48.98    0.00   37.76    0.00    0.00    8.16    0.00    0.00    0.00    5.10
07時25分19秒    1   57.58    0.00   39.39    0.00    0.00    1.01    0.00    0.00    0.00    2.02

07時25分19秒  CPU    %usr   %nice    %sys %iowait    %irq   %soft  %steal  %guest  %gnice   %idle
07時25分20秒    0   52.48    0.00   34.65    0.00    0.00    7.92    0.00    0.00    0.00    4.95
07時25分20秒    1   54.00    0.00   45.00    0.00    0.00    1.00    0.00    0.00    0.00    0.00

07時25分20秒  CPU    %usr   %nice    %sys %iowait    %irq   %soft  %steal  %guest  %gnice   %idle
07時25分21秒    0   48.00    0.00   39.00    0.00    0.00    8.00    0.00    0.00    0.00    5.00
07時25分21秒    1   54.00    0.00   44.00    0.00    0.00    1.00    0.00    0.00    0.00    1.00

07時25分21秒  CPU    %usr   %nice    %sys %iowait    %irq   %soft  %steal  %guest  %gnice   %idle
07時25分22秒    0   50.00    0.00   36.00    0.00    0.00    9.00    0.00    0.00    0.00    5.00
07時25分22秒    1   51.00    0.00   48.00    0.00    0.00    1.00    0.00    0.00    0.00    0.00

07時25分22秒  CPU    %usr   %nice    %sys %iowait    %irq   %soft  %steal  %guest  %gnice   %idle
07時25分23秒    0   49.00    0.00   39.00    0.00    0.00    8.00    0.00    0.00    0.00    4.00
07時25分23秒    1   50.50    0.00   45.54    0.00    0.99    0.99    0.00    0.00    0.00    1.98

07時25分23秒  CPU    %usr   %nice    %sys %iowait    %irq   %soft  %steal  %guest  %gnice   %idle
07時25分24秒    0   48.98    0.00   38.78    0.00    0.00    8.16    0.00    0.00    0.00    4.08
07時25分24秒    1   58.00    0.00   41.00    0.00    0.00    1.00    0.00    0.00    0.00    0.00

07時25分24秒  CPU    %usr   %nice    %sys %iowait    %irq   %soft  %steal  %guest  %gnice   %idle
07時25分25秒    0   50.51    0.00   36.36    0.00    0.00    8.08    0.00    0.00    0.00    5.05
07時25分25秒    1   51.52    0.00   47.47    0.00    0.00    1.01    0.00    0.00    0.00    0.00

07時25分25秒  CPU    %usr   %nice    %sys %iowait    %irq   %soft  %steal  %guest  %gnice   %idle
07時25分26秒    0   53.06    0.00   33.67    0.00    1.02    8.16    0.00    0.00    0.00    4.08
07時25分26秒    1   58.42    0.00   38.61    0.00    0.00    1.98    0.00    0.00    0.00    0.99

07時25分26秒  CPU    %usr   %nice    %sys %iowait    %irq   %soft  %steal  %guest  %gnice   %idle
07時25分27秒    0   49.49    0.00   36.36    0.00    0.00    8.08    0.00    0.00    0.00    6.06
07時25分27秒    1   50.51    0.00   47.47    0.00    0.00    1.01    0.00    0.00    0.00    1.01

07時25分27秒  CPU    %usr   %nice    %sys %iowait    %irq   %soft  %steal  %guest  %gnice   %idle
07時25分28秒    0   45.10    0.00   41.18    0.00    0.00    8.82    0.00    0.00    0.00    4.90
07時25分28秒    1   50.51    0.00   47.47    0.00    0.00    1.01    0.00    0.00    0.00    1.01

07時25分28秒  CPU    %usr   %nice    %sys %iowait    %irq   %soft  %steal  %guest  %gnice   %idle
07時25分29秒    0   47.00    0.00   41.00    0.00    0.00    8.00    0.00    0.00    0.00    4.00
07時25分29秒    1   51.02    0.00   45.92    0.00    0.00    1.02    0.00    0.00    0.00    2.04

07時25分29秒  CPU    %usr   %nice    %sys %iowait    %irq   %soft  %steal  %guest  %gnice   %idle
07時25分30秒    0   48.48    0.00   39.39    0.00    0.00    8.08    0.00    0.00    0.00    4.04
07時25分30秒    1   48.98    0.00   48.98    0.00    0.00    1.02    0.00    0.00    0.00    1.02

07時25分30秒  CPU    %usr   %nice    %sys %iowait    %irq   %soft  %steal  %guest  %gnice   %idle
07時25分31秒    0   46.00    0.00   40.00    0.00    0.00    8.00    0.00    0.00    0.00    6.00
07時25分31秒    1   51.02    0.00   45.92    0.00    0.00    1.02    0.00    0.00    0.00    2.04

07時25分31秒  CPU    %usr   %nice    %sys %iowait    %irq   %soft  %steal  %guest  %gnice   %idle
07時25分32秒    0   49.49    0.00   37.37    0.00    0.00    8.08    0.00    0.00    0.00    5.05
07時25分32秒    1   54.46    0.00   42.57    0.00    0.00    1.98    0.00    0.00    0.00    0.99

07時25分32秒  CPU    %usr   %nice    %sys %iowait    %irq   %soft  %steal  %guest  %gnice   %idle
07時25分33秒    0   52.53    0.00   35.35    0.00    0.00    8.08    0.00    0.00    0.00    4.04
07時25分33秒    1   56.00    0.00   43.00    0.00    0.00    1.00    0.00    0.00    0.00    0.00

07時25分33秒  CPU    %usr   %nice    %sys %iowait    %irq   %soft  %steal  %guest  %gnice   %idle
07時25分34秒    0   51.96    0.00   34.31    0.00    0.00    7.84    0.00    0.00    0.00    5.88
07時25分34秒    1   51.00    0.00   46.00    0.00    0.00    1.00    0.00    0.00    0.00    2.00

07時25分34秒  CPU    %usr   %nice    %sys %iowait    %irq   %soft  %steal  %guest  %gnice   %idle
07時25分35秒    0   53.54    0.00   35.35    0.00    0.00    8.08    0.00    0.00    0.00    3.03
07時25分35秒    1   56.00    0.00   43.00    0.00    0.00    1.00    0.00    0.00    0.00    0.00

07時25分35秒  CPU    %usr   %nice    %sys %iowait    %irq   %soft  %steal  %guest  %gnice   %idle
07時25分36秒    0   53.06    0.00   34.69    0.00    0.00    8.16    0.00    0.00    0.00    4.08
07時25分36秒    1   54.08    0.00   41.84    0.00    0.00    1.02    0.00    0.00    0.00    3.06

07時25分36秒  CPU    %usr   %nice    %sys %iowait    %irq   %soft  %steal  %guest  %gnice   %idle
07時25分37秒    0   46.94    0.00   38.78    0.00    0.00    9.18    0.00    0.00    0.00    5.10
07時25分37秒    1   51.00    0.00   47.00    0.00    0.00    1.00    0.00    0.00    0.00    1.00

07時25分37秒  CPU    %usr   %nice    %sys %iowait    %irq   %soft  %steal  %guest  %gnice   %idle
07時25分38秒    0   44.79    0.00   40.62    0.00    0.00    8.33    0.00    0.00    0.00    6.25
07時25分38秒    1   61.22    0.00   36.73    0.00    0.00    1.02    0.00    0.00    0.00    1.02

07時25分38秒  CPU    %usr   %nice    %sys %iowait    %irq   %soft  %steal  %guest  %gnice   %idle
07時25分39秒    0   55.10    0.00   34.69    0.00    0.00    8.16    0.00    0.00    0.00    2.04
07時25分39秒    1   47.96    0.00   33.67    0.00    0.00    2.04    0.00    0.00    0.00   16.33

07時25分39秒  CPU    %usr   %nice    %sys %iowait    %irq   %soft  %steal  %guest  %gnice   %idle
07時25分40秒    0   51.02    0.00   36.73    0.00    0.00    8.16    0.00    0.00    0.00    4.08
07時25分40秒    1   50.00    0.00   17.71    0.00    0.00    3.12    0.00    0.00    0.00   29.17

07時25分40秒  CPU    %usr   %nice    %sys %iowait    %irq   %soft  %steal  %guest  %gnice   %idle
07時25分41秒    0   50.50    0.00   38.61    0.00    0.00    7.92    0.00    0.00    0.00    2.97
07時25分41秒    1   48.42    0.00   17.89    0.00    1.05    2.11    0.00    0.00    0.00   30.53

07時25分41秒  CPU    %usr   %nice    %sys %iowait    %irq   %soft  %steal  %guest  %gnice   %idle
07時25分42秒    0   54.08    0.00   34.69    0.00    0.00    8.16    0.00    0.00    0.00    3.06
07時25分42秒    1   42.71    0.00   23.96    0.00    0.00    3.12    0.00    0.00    0.00   30.21

07時25分42秒  CPU    %usr   %nice    %sys %iowait    %irq   %soft  %steal  %guest  %gnice   %idle
07時25分43秒    0   51.00    0.00   33.00    0.00    1.00    8.00    0.00    0.00    0.00    7.00
07時25分43秒    1   48.45    0.00   41.24    0.00    0.00    1.03    0.00    0.00    0.00    9.28

07時25分43秒  CPU    %usr   %nice    %sys %iowait    %irq   %soft  %steal  %guest  %gnice   %idle
07時25分44秒    0   49.00    0.00   38.00    0.00    0.00    8.00    0.00    0.00    0.00    5.00
07時25分44秒    1   53.54    0.00   43.43    0.00    0.00    1.01    0.00    0.00    0.00    2.02

07時25分44秒  CPU    %usr   %nice    %sys %iowait    %irq   %soft  %steal  %guest  %gnice   %idle
07時25分45秒    0   48.00    0.00   39.00    0.00    0.00    8.00    0.00    0.00    0.00    5.00
07時25分45秒    1   55.00    0.00   44.00    0.00    0.00    1.00    0.00    0.00    0.00    0.00

07時25分45秒  CPU    %usr   %nice    %sys %iowait    %irq   %soft  %steal  %guest  %gnice   %idle
07時25分46秒    0   49.00    0.00   38.00    0.00    0.00    9.00    0.00    0.00    0.00    4.00
07時25分46秒    1   53.00    0.00   46.00    0.00    0.00    1.00    0.00    0.00    0.00    0.00

07時25分46秒  CPU    %usr   %nice    %sys %iowait    %irq   %soft  %steal  %guest  %gnice   %idle
07時25分47秒    0   49.00    0.00   39.00    0.00    0.00    8.00    0.00    0.00    0.00    4.00
07時25分47秒    1   50.00    0.00   44.00    0.00    0.00    2.00    0.00    0.00    0.00    4.00

07時25分47秒  CPU    %usr   %nice    %sys %iowait    %irq   %soft  %steal  %guest  %gnice   %idle
07時25分48秒    0   52.53    0.00   35.35    0.00    0.00    8.08    0.00    0.00    0.00    4.04
07時25分48秒    1   51.04    0.00   22.92    0.00    0.00    2.08    0.00    0.00    0.00   23.96

07時25分48秒  CPU    %usr   %nice    %sys %iowait    %irq   %soft  %steal  %guest  %gnice   %idle
07時25分49秒    0   48.98    0.00   36.73    0.00    0.00    8.16    0.00    0.00    0.00    6.12
07時25分49秒    1   45.83    0.00   20.83    0.00    0.00    2.08    0.00    0.00    0.00   31.25

07時25分49秒  CPU    %usr   %nice    %sys %iowait    %irq   %soft  %steal  %guest  %gnice   %idle
07時25分50秒    0   46.46    0.00   40.40    0.00    0.00    8.08    0.00    0.00    0.00    5.05
07時25分50秒    1   45.74    0.00   19.15    0.00    0.00    3.19    0.00    0.00    0.00   31.91

07時25分50秒  CPU    %usr   %nice    %sys %iowait    %irq   %soft  %steal  %guest  %gnice   %idle
07時25分51秒    0   55.21    0.00   32.29    0.00    0.00    7.29    0.00    0.00    0.00    5.21
07時25分51秒    1   45.74    0.00   20.21    0.00    0.00    2.13    0.00    0.00    0.00   31.91

07時25分51秒  CPU    %usr   %nice    %sys %iowait    %irq   %soft  %steal  %guest  %gnice   %idle
07時25分52秒    0   49.00    0.00   38.00    0.00    0.00    9.00    0.00    0.00    0.00    4.00
07時25分52秒    1   44.21    0.00   22.11    0.00    0.00    3.16    0.00    0.00    0.00   30.53

07時25分52秒  CPU    %usr   %nice    %sys %iowait    %irq   %soft  %steal  %guest  %gnice   %idle
07時25分53秒    0   48.48    0.00   38.38    0.00    0.00    8.08    0.00    0.00    0.00    5.05
07時25分53秒    1   45.83    0.00   20.83    0.00    0.00    2.08    0.00    0.00    0.00   31.25

07時25分53秒  CPU    %usr   %nice    %sys %iowait    %irq   %soft  %steal  %guest  %gnice   %idle
07時25分54秒    0   51.52    0.00   35.35    0.00    0.00    8.08    0.00    0.00    0.00    5.05
07時25分54秒    1   44.21    0.00   21.05    0.00    0.00    3.16    0.00    0.00    0.00   31.58

07時25分54秒  CPU    %usr   %nice    %sys %iowait    %irq   %soft  %steal  %guest  %gnice   %idle
07時25分55秒    0   51.55    0.00   37.11    0.00    0.00    8.25    0.00    0.00    0.00    3.09
07時25分55秒    1   45.74    0.00   20.21    0.00    0.00    2.13    0.00    0.00    0.00   31.91

07時25分55秒  CPU    %usr   %nice    %sys %iowait    %irq   %soft  %steal  %guest  %gnice   %idle
07時25分56秒    0   49.49    0.00   38.38    0.00    0.00    8.08    0.00    0.00    0.00    4.04
07時25分56秒    1   46.88    0.00   19.79    0.00    0.00    3.12    0.00    0.00    0.00   30.21

07時25分56秒  CPU    %usr   %nice    %sys %iowait    %irq   %soft  %steal  %guest  %gnice   %idle
07時25分57秒    0   49.49    0.00   36.36    0.00    0.00    8.08    0.00    0.00    0.00    6.06
07時25分57秒    1   45.74    0.00   20.21    0.00    0.00    2.13    0.00    0.00    0.00   31.91

07時25分57秒  CPU    %usr   %nice    %sys %iowait    %irq   %soft  %steal  %guest  %gnice   %idle
07時25分58秒    0   47.96    0.00   40.82    0.00    0.00    8.16    0.00    0.00    0.00    3.06
07時25分58秒    1   46.32    0.00   20.00    0.00    0.00    3.16    0.00    0.00    0.00   30.53

07時25分58秒  CPU    %usr   %nice    %sys %iowait    %irq   %soft  %steal  %guest  %gnice   %idle
07時25分59秒    0   52.58    0.00   34.02    0.00    0.00    8.25    0.00    0.00    0.00    5.15
07時25分59秒    1   40.43    0.00   24.47    0.00    0.00    2.13    0.00    0.00    0.00   32.98

07時25分59秒  CPU    %usr   %nice    %sys %iowait    %irq   %soft  %steal  %guest  %gnice   %idle
07時26分00秒    0   45.45    0.00   41.41    0.00    1.01    8.08    0.00    0.00    0.00    4.04
07時26分00秒    1   42.71    0.00   22.92    0.00    0.00    3.12    0.00    0.00    0.00   31.25

07時26分00秒  CPU    %usr   %nice    %sys %iowait    %irq   %soft  %steal  %guest  %gnice   %idle
07時26分01秒    0   50.51    0.00   36.36    0.00    0.00    8.08    0.00    0.00    0.00    5.05
07時26分01秒    1   42.55    0.00   24.47    0.00    1.06    2.13    0.00    0.00    0.00   29.79

07時26分01秒  CPU    %usr   %nice    %sys %iowait    %irq   %soft  %steal  %guest  %gnice   %idle
07時26分02秒    0   52.53    0.00   35.35    0.00    0.00    8.08    0.00    0.00    0.00    4.04
07時26分02秒    1   44.33    0.00   20.62    0.00    0.00    3.09    0.00    0.00    0.00   31.96

07時26分02秒  CPU    %usr   %nice    %sys %iowait    %irq   %soft  %steal  %guest  %gnice   %idle
07時26分03秒    0   47.96    0.00   37.76    0.00    0.00    8.16    0.00    0.00    0.00    6.12
07時26分03秒    1   48.39    0.00   19.35    0.00    0.00    2.15    0.00    0.00    0.00   30.11

07時26分03秒  CPU    %usr   %nice    %sys %iowait    %irq   %soft  %steal  %guest  %gnice   %idle
07時26分04秒    0   54.00    0.00   36.00    0.00    0.00    8.00    0.00    0.00    0.00    2.00
07時26分04秒    1   48.96    0.00   19.79    0.00    0.00    3.12    0.00    0.00    0.00   28.12

07時26分04秒  CPU    %usr   %nice    %sys %iowait    %irq   %soft  %steal  %guest  %gnice   %idle
07時26分05秒    0   47.96    0.00   42.86    0.00    0.00    8.16    0.00    0.00    0.00    1.02
07時26分05秒    1   44.21    0.00   22.11    0.00    0.00    2.11    0.00    0.00    0.00   31.58

07時26分05秒  CPU    %usr   %nice    %sys %iowait    %irq   %soft  %steal  %guest  %gnice   %idle
07時26分06秒    0   51.02    0.00   35.71    0.00    0.00    8.16    0.00    0.00    0.00    5.10
07時26分06秒    1   45.36    0.00   21.65    0.00    0.00    3.09    0.00    0.00    0.00   29.90

07時26分06秒  CPU    %usr   %nice    %sys %iowait    %irq   %soft  %steal  %guest  %gnice   %idle
07時26分07秒    0   50.52    0.00   38.14    0.00    0.00    8.25    0.00    0.00    0.00    3.09
07時26分07秒    1   44.68    0.00   23.40    0.00    0.00    2.13    0.00    0.00    0.00   29.79

07時26分07秒  CPU    %usr   %nice    %sys %iowait    %irq   %soft  %steal  %guest  %gnice   %idle
07時26分08秒    0   51.55    0.00   35.05    0.00    0.00    8.25    0.00    0.00    0.00    5.15
07時26分08秒    1   42.11    0.00   22.11    0.00    0.00    3.16    0.00    0.00    0.00   32.63

07時26分08秒  CPU    %usr   %nice    %sys %iowait    %irq   %soft  %steal  %guest  %gnice   %idle
07時26分09秒    0   51.02    0.00   36.73    0.00    0.00    8.16    0.00    0.00    0.00    4.08
07時26分09秒    1   47.37    0.00   18.95    0.00    0.00    2.11    0.00    0.00    0.00   31.58

07時26分09秒  CPU    %usr   %nice    %sys %iowait    %irq   %soft  %steal  %guest  %gnice   %idle
07時26分10秒    0   53.06    0.00   33.67    0.00    0.00    8.16    0.00    0.00    0.00    5.10
07時26分10秒    1   45.83    0.00   19.79    0.00    0.00    3.12    0.00    0.00    0.00   31.25

07時26分10秒  CPU    %usr   %nice    %sys %iowait    %irq   %soft  %steal  %guest  %gnice   %idle
07時26分11秒    0   55.10    0.00   32.65    0.00    0.00    8.16    0.00    0.00    0.00    4.08
07時26分11秒    1   49.47    0.00   17.89    0.00    0.00    2.11    0.00    0.00    0.00   30.53

07時26分11秒  CPU    %usr   %nice    %sys %iowait    %irq   %soft  %steal  %guest  %gnice   %idle
07時26分12秒    0   50.51    0.00   36.36    0.00    0.00    8.08    0.00    0.00    0.00    5.05
07時26分12秒    1   44.33    0.00   22.68    0.00    0.00    3.09    0.00    0.00    0.00   29.90

07時26分12秒  CPU    %usr   %nice    %sys %iowait    %irq   %soft  %steal  %guest  %gnice   %idle
07時26分13秒    0   51.02    0.00   35.71    0.00    0.00    8.16    0.00    0.00    0.00    5.10
07時26分13秒    1   45.26    0.00   21.05    0.00    0.00    2.11    0.00    0.00    0.00   31.58

07時26分13秒  CPU    %usr   %nice    %sys %iowait    %irq   %soft  %steal  %guest  %gnice   %idle
07時26分14秒    0   50.00    0.00   38.54    0.00    0.00    8.33    0.00    0.00    0.00    3.12
07時26分14秒    1   42.55    0.00   23.40    0.00    0.00    3.19    0.00    0.00    0.00   30.85

07時26分14秒  CPU    %usr   %nice    %sys %iowait    %irq   %soft  %steal  %guest  %gnice   %idle
07時26分15秒    0   53.54    0.00   34.34    0.00    0.00    8.08    0.00    0.00    0.00    4.04
07時26分15秒    1   45.83    0.00   21.88    0.00    0.00    2.08    0.00    0.00    0.00   30.21

07時26分15秒  CPU    %usr   %nice    %sys %iowait    %irq   %soft  %steal  %guest  %gnice   %idle
07時26分16秒    0   47.47    0.00   38.38    0.00    0.00    8.08    0.00    0.00    0.00    6.06
07時26分16秒    1   47.37    0.00   18.95    0.00    0.00    3.16    0.00    0.00    0.00   30.53

07時26分16秒  CPU    %usr   %nice    %sys %iowait    %irq   %soft  %steal  %guest  %gnice   %idle
07時26分17秒    0   45.92    0.00   40.82    0.00    1.02    8.16    0.00    0.00    0.00    4.08
07時26分17秒    1   49.47    0.00   15.79    0.00    0.00    2.11    0.00    0.00    0.00   32.63

07時26分17秒  CPU    %usr   %nice    %sys %iowait    %irq   %soft  %steal  %guest  %gnice   %idle
07時26分18秒    0   50.00    0.00   36.73    0.00    0.00    8.16    0.00    0.00    0.00    5.10
07時26分18秒    1   45.36    0.00   20.62    0.00    0.00    3.09    0.00    0.00    0.00   30.93

07時26分18秒  CPU    %usr   %nice    %sys %iowait    %irq   %soft  %steal  %guest  %gnice   %idle
07時26分19秒    0   50.00    0.00   37.00    0.00    0.00    8.00    0.00    0.00    0.00    5.00
07時26分19秒    1   45.16    0.00   20.43    0.00    1.08    2.15    0.00    0.00    0.00   31.18

07時26分19秒  CPU    %usr   %nice    %sys %iowait    %irq   %soft  %steal  %guest  %gnice   %idle
07時26分20秒    0   53.06    0.00   33.67    0.00    0.00    8.16    0.00    0.00    0.00    5.10
07時26分20秒    1   42.27    0.00   22.68    0.00    0.00    3.09    0.00    0.00    0.00   31.96

07時26分20秒  CPU    %usr   %nice    %sys %iowait    %irq   %soft  %steal  %guest  %gnice   %idle
07時26分21秒    0   49.49    0.00   38.38    0.00    0.00    8.08    0.00    0.00    0.00    4.04
07時26分21秒    1   44.68    0.00   23.40    0.00    0.00    2.13    0.00    0.00    0.00   29.79

07時26分21秒  CPU    %usr   %nice    %sys %iowait    %irq   %soft  %steal  %guest  %gnice   %idle
07時26分22秒    0   52.58    0.00   34.02    0.00    0.00    8.25    0.00    0.00    0.00    5.15
07時26分22秒    1   44.21    0.00   20.00    0.00    0.00    3.16    0.00    0.00    0.00   32.63

07時26分22秒  CPU    %usr   %nice    %sys %iowait    %irq   %soft  %steal  %guest  %gnice   %idle
07時26分23秒    0   53.12    0.00   31.25    0.00    0.00    8.33    0.00    0.00    0.00    7.29
07時26分23秒    1   46.32    0.00   17.89    0.00    0.00    2.11    0.00    0.00    0.00   33.68

07時26分23秒  CPU    %usr   %nice    %sys %iowait    %irq   %soft  %steal  %guest  %gnice   %idle
07時26分24秒    0   48.98    0.00   37.76    0.00    0.00    8.16    0.00    0.00    0.00    5.10
07時26分24秒    1   45.74    0.00   20.21    0.00    0.00    3.19    0.00    0.00    0.00   30.85

07時26分24秒  CPU    %usr   %nice    %sys %iowait    %irq   %soft  %steal  %guest  %gnice   %idle
07時26分25秒    0   50.00    0.00   38.78    0.00    0.00    8.16    0.00    0.00    0.00    3.06
07時26分25秒    1   44.79    0.00   21.88    0.00    1.04    2.08    0.00    0.00    0.00   30.21

07時26分25秒  CPU    %usr   %nice    %sys %iowait    %irq   %soft  %steal  %guest  %gnice   %idle
07時26分26秒    0   54.08    0.00   33.67    0.00    0.00    8.16    0.00    0.00    0.00    4.08
07時26分26秒    1   45.26    0.00   20.00    0.00    0.00    2.11    0.00    0.00    0.00   32.63

07時26分26秒  CPU    %usr   %nice    %sys %iowait    %irq   %soft  %steal  %guest  %gnice   %idle
07時26分27秒    0   55.10    0.00   32.65    0.00    0.00    8.16    0.00    0.00    0.00    4.08
07時26分27秒    1   45.26    0.00   21.05    0.00    0.00    3.16    0.00    0.00    0.00   30.53

07時26分27秒  CPU    %usr   %nice    %sys %iowait    %irq   %soft  %steal  %guest  %gnice   %idle
07時26分28秒    0   47.96    0.00   39.80    0.00    0.00    8.16    0.00    0.00    0.00    4.08
07時26分28秒    1   44.21    0.00   23.16    0.00    0.00    2.11    0.00    0.00    0.00   30.53

07時26分28秒  CPU    %usr   %nice    %sys %iowait    %irq   %soft  %steal  %guest  %gnice   %idle
07時26分29秒    0   51.52    0.00   36.36    0.00    0.00    8.08    0.00    0.00    0.00    4.04
07時26分29秒    1   41.24    0.00   24.74    0.00    0.00    3.09    0.00    0.00    0.00   30.93

07時26分29秒  CPU    %usr   %nice    %sys %iowait    %irq   %soft  %steal  %guest  %gnice   %idle
07時26分30秒    0   47.96    0.00   40.82    0.00    0.00    8.16    0.00    0.00    0.00    3.06
07時26分30秒    1   46.32    0.00   20.00    0.00    0.00    3.16    0.00    0.00    0.00   30.53

07時26分30秒  CPU    %usr   %nice    %sys %iowait    %irq   %soft  %steal  %guest  %gnice   %idle
07時26分31秒    0   55.10    0.00   30.61    0.00    0.00    8.16    0.00    0.00    0.00    6.12
07時26分31秒    1   45.74    0.00   20.21    0.00    0.00    2.13    0.00    0.00    0.00   31.91

07時26分31秒  CPU    %usr   %nice    %sys %iowait    %irq   %soft  %steal  %guest  %gnice   %idle
07時26分32秒    0   50.00    0.00   35.71    0.00    0.00    8.16    0.00    0.00    0.00    6.12
07時26分32秒    1   45.16    0.00   19.35    0.00    0.00    2.15    0.00    0.00    0.00   33.33

07時26分32秒  CPU    %usr   %nice    %sys %iowait    %irq   %soft  %steal  %guest  %gnice   %idle
07時26分33秒    0   47.00    0.00   41.00    0.00    0.00    8.00    0.00    0.00    0.00    4.00
07時26分33秒    1   48.96    0.00   17.71    0.00    0.00    3.12    0.00    0.00    0.00   30.21

07時26分33秒  CPU    %usr   %nice    %sys %iowait    %irq   %soft  %steal  %guest  %gnice   %idle
07時26分34秒    0   52.53    0.00   34.34    0.00    1.01    8.08    0.00    0.00    0.00    4.04
07時26分34秒    1   49.46    0.00   18.28    0.00    0.00    2.15    0.00    0.00    0.00   30.11

07時26分34秒  CPU    %usr   %nice    %sys %iowait    %irq   %soft  %steal  %guest  %gnice   %idle
07時26分35秒    0   54.55    0.00   36.36    0.00    0.00    8.08    0.00    0.00    0.00    1.01
07時26分35秒    1   45.36    0.00   20.62    0.00    0.00    3.09    0.00    0.00    0.00   30.93

07時26分35秒  CPU    %usr   %nice    %sys %iowait    %irq   %soft  %steal  %guest  %gnice   %idle
07時26分36秒    0   53.06    0.00   33.67    0.00    0.00    8.16    0.00    0.00    0.00    5.10
07時26分36秒    1   40.43    0.00   25.53    0.00    0.00    2.13    0.00    0.00    0.00   31.91

07時26分36秒  CPU    %usr   %nice    %sys %iowait    %irq   %soft  %steal  %guest  %gnice   %idle
07時26分37秒    0   54.08    0.00   33.67    0.00    0.00    8.16    0.00    0.00    0.00    4.08
07時26分37秒    1   42.27    0.00   23.71    0.00    0.00    3.09    0.00    0.00    0.00   30.93

平均時間：  CPU    %usr   %nice    %sys %iowait    %irq   %soft  %steal  %guest  %gnice   %idle
平均時間：    0   50.50    0.00   36.75    0.00    0.06    8.15    0.00    0.00    0.00    4.54
平均時間：    1   49.87    0.00   33.74    0.00    0.06    1.81    0.00    0.00    0.00   14.53
