Linux 5.6.15-arch1-1 (archlinux) 	西元2020年06月29日 	_x86_64_	(12 CPU)

07時14分09秒  CPU    %usr   %nice    %sys %iowait    %irq   %soft  %steal  %guest  %gnice   %idle
07時14分10秒    0   50.51    0.00   36.36    0.00    1.01    9.09    0.00    0.00    0.00    3.03
07時14分10秒    1   52.00    0.00   47.00    0.00    0.00    1.00    0.00    0.00    0.00    0.00

07時14分10秒  CPU    %usr   %nice    %sys %iowait    %irq   %soft  %steal  %guest  %gnice   %idle
07時14分11秒    0   54.00    0.00   34.00    0.00    0.00    8.00    0.00    0.00    0.00    4.00
07時14分11秒    1   54.08    0.00   43.88    0.00    0.00    1.02    0.00    0.00    0.00    1.02

07時14分11秒  CPU    %usr   %nice    %sys %iowait    %irq   %soft  %steal  %guest  %gnice   %idle
07時14分12秒    0   50.51    0.00   36.36    0.00    0.00    8.08    0.00    0.00    0.00    5.05
07時14分12秒    1   56.00    0.00   42.00    0.00    0.00    1.00    0.00    0.00    0.00    1.00

07時14分12秒  CPU    %usr   %nice    %sys %iowait    %irq   %soft  %steal  %guest  %gnice   %idle
07時14分13秒    0   47.47    0.00   39.39    0.00    0.00    8.08    0.00    0.00    0.00    5.05
07時14分13秒    1   52.04    0.00   44.90    0.00    0.00    1.02    0.00    0.00    0.00    2.04

07時14分13秒  CPU    %usr   %nice    %sys %iowait    %irq   %soft  %steal  %guest  %gnice   %idle
07時14分14秒    0   50.00    0.00   38.00    0.00    0.00    8.00    0.00    0.00    0.00    4.00
07時14分14秒    1   52.48    0.00   46.53    0.00    0.00    0.99    0.00    0.00    0.00    0.00

07時14分14秒  CPU    %usr   %nice    %sys %iowait    %irq   %soft  %steal  %guest  %gnice   %idle
07時14分15秒    0   54.00    0.00   33.00    0.00    0.00    9.00    0.00    0.00    0.00    4.00
07時14分15秒    1   54.00    0.00   45.00    0.00    0.00    1.00    0.00    0.00    0.00    0.00

07時14分15秒  CPU    %usr   %nice    %sys %iowait    %irq   %soft  %steal  %guest  %gnice   %idle
07時14分16秒    0   47.00    0.00   40.00    0.00    0.00    8.00    0.00    0.00    0.00    5.00
07時14分16秒    1   54.08    0.00   41.84    0.00    0.00    1.02    0.00    0.00    0.00    3.06

07時14分16秒  CPU    %usr   %nice    %sys %iowait    %irq   %soft  %steal  %guest  %gnice   %idle
07時14分17秒    0   53.00    0.00   34.00    0.00    0.00    8.00    0.00    0.00    0.00    5.00
07時14分17秒    1   53.54    0.00   44.44    0.00    0.00    1.01    0.00    0.00    0.00    1.01

07時14分17秒  CPU    %usr   %nice    %sys %iowait    %irq   %soft  %steal  %guest  %gnice   %idle
07時14分18秒    0   44.90    0.00   41.84    0.00    0.00    8.16    0.00    0.00    0.00    5.10
07時14分18秒    1   55.00    0.00   44.00    0.00    0.00    1.00    0.00    0.00    0.00    0.00

07時14分18秒  CPU    %usr   %nice    %sys %iowait    %irq   %soft  %steal  %guest  %gnice   %idle
07時14分19秒    0   54.08    0.00   33.67    0.00    0.00    8.16    0.00    0.00    0.00    4.08
07時14分19秒    1   53.47    0.00   45.54    0.00    0.00    0.99    0.00    0.00    0.00    0.00

07時14分19秒  CPU    %usr   %nice    %sys %iowait    %irq   %soft  %steal  %guest  %gnice   %idle
07時14分20秒    0   44.44    0.00   40.40    0.00    0.00    9.09    0.00    0.00    0.00    6.06
07時14分20秒    1   53.00    0.00   44.00    0.00    1.00    1.00    0.00    0.00    0.00    1.00

07時14分20秒  CPU    %usr   %nice    %sys %iowait    %irq   %soft  %steal  %guest  %gnice   %idle
07時14分21秒    0   52.00    0.00   35.00    0.00    0.00    8.00    0.00    0.00    0.00    5.00
07時14分21秒    1   50.51    0.00   48.48    0.00    0.00    1.01    0.00    0.00    0.00    0.00

07時14分21秒  CPU    %usr   %nice    %sys %iowait    %irq   %soft  %steal  %guest  %gnice   %idle
07時14分22秒    0   50.00    0.00   37.76    0.00    0.00    8.16    0.00    0.00    0.00    4.08
07時14分22秒    1   54.00    0.00   45.00    0.00    0.00    1.00    0.00    0.00    0.00    0.00

07時14分22秒  CPU    %usr   %nice    %sys %iowait    %irq   %soft  %steal  %guest  %gnice   %idle
07時14分23秒    0   50.50    0.00   36.63    0.00    0.00    7.92    0.00    0.00    0.00    4.95
07時14分23秒    1   52.53    0.00   44.44    0.00    0.00    1.01    0.00    0.00    0.00    2.02

07時14分23秒  CPU    %usr   %nice    %sys %iowait    %irq   %soft  %steal  %guest  %gnice   %idle
07時14分24秒    0   50.00    0.00   37.00    0.00    0.00    8.00    0.00    0.00    0.00    5.00
07時14分24秒    1   54.00    0.00   41.00    0.00    0.00    2.00    0.00    0.00    0.00    3.00

07時14分24秒  CPU    %usr   %nice    %sys %iowait    %irq   %soft  %steal  %guest  %gnice   %idle
07時14分25秒    0   58.42    0.00   30.69    0.00    0.00    7.92    0.00    0.00    0.00    2.97
07時14分25秒    1   52.53    0.00   46.46    0.00    0.00    1.01    0.00    0.00    0.00    0.00

07時14分25秒  CPU    %usr   %nice    %sys %iowait    %irq   %soft  %steal  %guest  %gnice   %idle
07時14分26秒    0   57.00    0.00   33.00    0.00    0.00    9.00    0.00    0.00    0.00    1.00
07時14分26秒    1   53.00    0.00   46.00    0.00    0.00    1.00    0.00    0.00    0.00    0.00

07時14分26秒  CPU    %usr   %nice    %sys %iowait    %irq   %soft  %steal  %guest  %gnice   %idle
07時14分27秒    0   53.47    0.00   37.62    0.00    0.99    7.92    0.00    0.00    0.00    0.00
07時14分27秒    1   57.00    0.00   41.00    0.00    0.00    1.00    0.00    0.00    0.00    1.00

07時14分27秒  CPU    %usr   %nice    %sys %iowait    %irq   %soft  %steal  %guest  %gnice   %idle
07時14分28秒    0   57.58    0.00   32.32    0.00    0.00    8.08    0.00    0.00    0.00    2.02
07時14分28秒    1   56.00    0.00   43.00    0.00    0.00    1.00    0.00    0.00    0.00    0.00

07時14分28秒  CPU    %usr   %nice    %sys %iowait    %irq   %soft  %steal  %guest  %gnice   %idle
07時14分29秒    0   60.82    0.00   29.90    0.00    0.00    8.25    0.00    0.00    0.00    1.03
07時14分29秒    1   52.48    0.00   45.54    0.00    0.99    0.99    0.00    0.00    0.00    0.00

07時14分29秒  CPU    %usr   %nice    %sys %iowait    %irq   %soft  %steal  %guest  %gnice   %idle
07時14分30秒    0   56.00    0.00   35.00    0.00    0.00    8.00    0.00    0.00    0.00    1.00
07時14分30秒    1   58.00    0.00   42.00    0.00    0.00    0.00    0.00    0.00    0.00    0.00

07時14分30秒  CPU    %usr   %nice    %sys %iowait    %irq   %soft  %steal  %guest  %gnice   %idle
07時14分31秒    0   56.57    0.00   35.35    0.00    0.00    8.08    0.00    0.00    0.00    0.00
07時14分31秒    1   55.00    0.00   43.00    0.00    0.00    2.00    0.00    0.00    0.00    0.00

07時14分31秒  CPU    %usr   %nice    %sys %iowait    %irq   %soft  %steal  %guest  %gnice   %idle
07時14分32秒    0   54.00    0.00   37.00    0.00    0.00    8.00    0.00    0.00    0.00    1.00
07時14分32秒    1   53.54    0.00   45.45    0.00    0.00    1.01    0.00    0.00    0.00    0.00

07時14分32秒  CPU    %usr   %nice    %sys %iowait    %irq   %soft  %steal  %guest  %gnice   %idle
07時14分33秒    0   58.59    0.00   33.33    0.00    0.00    8.08    0.00    0.00    0.00    0.00
07時14分33秒    1   61.00    0.00   39.00    0.00    0.00    0.00    0.00    0.00    0.00    0.00

07時14分33秒  CPU    %usr   %nice    %sys %iowait    %irq   %soft  %steal  %guest  %gnice   %idle
07時14分34秒    0   57.58    0.00   34.34    0.00    0.00    8.08    0.00    0.00    0.00    0.00
07時14分34秒    1   60.00    0.00   39.00    0.00    0.00    1.00    0.00    0.00    0.00    0.00

07時14分34秒  CPU    %usr   %nice    %sys %iowait    %irq   %soft  %steal  %guest  %gnice   %idle
07時14分35秒    0   56.00    0.00   35.00    0.00    0.00    8.00    0.00    0.00    0.00    1.00
07時14分35秒    1   56.44    0.00   42.57    0.00    0.00    0.99    0.00    0.00    0.00    0.00

07時14分35秒  CPU    %usr   %nice    %sys %iowait    %irq   %soft  %steal  %guest  %gnice   %idle
07時14分36秒    0   55.56    0.00   36.36    0.00    0.00    8.08    0.00    0.00    0.00    0.00
07時14分36秒    1   53.54    0.00   45.45    0.00    0.00    1.01    0.00    0.00    0.00    0.00

07時14分36秒  CPU    %usr   %nice    %sys %iowait    %irq   %soft  %steal  %guest  %gnice   %idle
07時14分37秒    0   55.00    0.00   36.00    0.00    0.00    8.00    0.00    0.00    0.00    1.00
07時14分37秒    1   55.00    0.00   44.00    0.00    0.00    1.00    0.00    0.00    0.00    0.00

07時14分37秒  CPU    %usr   %nice    %sys %iowait    %irq   %soft  %steal  %guest  %gnice   %idle
07時14分38秒    0   58.00    0.00   34.00    0.00    0.00    8.00    0.00    0.00    0.00    0.00
07時14分38秒    1   57.00    0.00   42.00    0.00    0.00    1.00    0.00    0.00    0.00    0.00

07時14分38秒  CPU    %usr   %nice    %sys %iowait    %irq   %soft  %steal  %guest  %gnice   %idle
07時14分39秒    0   57.00    0.00   35.00    0.00    0.00    8.00    0.00    0.00    0.00    0.00
07時14分39秒    1   55.56    0.00   44.44    0.00    0.00    0.00    0.00    0.00    0.00    0.00

07時14分39秒  CPU    %usr   %nice    %sys %iowait    %irq   %soft  %steal  %guest  %gnice   %idle
07時14分40秒    0   59.00    0.00   32.00    0.00    0.00    8.00    0.00    0.00    0.00    1.00
07時14分40秒    1   57.58    0.00   41.41    0.00    0.00    1.01    0.00    0.00    0.00    0.00

07時14分40秒  CPU    %usr   %nice    %sys %iowait    %irq   %soft  %steal  %guest  %gnice   %idle
07時14分41秒    0   57.00    0.00   35.00    0.00    0.00    8.00    0.00    0.00    0.00    0.00
07時14分41秒    1   53.47    0.00   42.57    0.00    0.00    0.99    0.00    0.00    0.00    2.97

07時14分41秒  CPU    %usr   %nice    %sys %iowait    %irq   %soft  %steal  %guest  %gnice   %idle
07時14分42秒    0   55.00    0.00   36.00    0.00    0.00    8.00    0.00    0.00    0.00    1.00
07時14分42秒    1   51.52    0.00   47.47    0.00    0.00    1.01    0.00    0.00    0.00    0.00

07時14分42秒  CPU    %usr   %nice    %sys %iowait    %irq   %soft  %steal  %guest  %gnice   %idle
07時14分43秒    0   54.00    0.00   38.00    0.00    0.00    8.00    0.00    0.00    0.00    0.00
07時14分43秒    1   60.40    0.00   38.61    0.00    0.00    0.99    0.00    0.00    0.00    0.00

07時14分43秒  CPU    %usr   %nice    %sys %iowait    %irq   %soft  %steal  %guest  %gnice   %idle
07時14分44秒    0   55.00    0.00   36.00    0.00    1.00    8.00    0.00    0.00    0.00    0.00
07時14分44秒    1   53.06    0.00   43.88    0.00    0.00    1.02    0.00    0.00    0.00    2.04

07時14分44秒  CPU    %usr   %nice    %sys %iowait    %irq   %soft  %steal  %guest  %gnice   %idle
07時14分45秒    0   51.49    0.00   38.61    0.00    0.00    7.92    0.00    0.00    0.00    1.98
07時14分45秒    1   55.00    0.00   42.00    0.00    0.00    1.00    0.00    0.00    0.00    2.00

07時14分45秒  CPU    %usr   %nice    %sys %iowait    %irq   %soft  %steal  %guest  %gnice   %idle
07時14分46秒    0   52.53    0.00   38.38    0.00    0.00    8.08    0.00    0.00    0.00    1.01
07時14分46秒    1   54.90    0.00   41.18    0.00    0.98    1.96    0.00    0.00    0.00    0.98

07時14分46秒  CPU    %usr   %nice    %sys %iowait    %irq   %soft  %steal  %guest  %gnice   %idle
07時14分47秒    0   56.00    0.00   36.00    0.00    0.00    8.00    0.00    0.00    0.00    0.00
07時14分47秒    1   53.00    0.00   46.00    0.00    0.00    1.00    0.00    0.00    0.00    0.00

07時14分47秒  CPU    %usr   %nice    %sys %iowait    %irq   %soft  %steal  %guest  %gnice   %idle
07時14分48秒    0   53.06    0.00   38.78    0.00    0.00    8.16    0.00    0.00    0.00    0.00
07時14分48秒    1   55.10    0.00   42.86    0.00    0.00    1.02    0.00    0.00    0.00    1.02

07時14分48秒  CPU    %usr   %nice    %sys %iowait    %irq   %soft  %steal  %guest  %gnice   %idle
07時14分49秒    0   57.43    0.00   33.66    0.00    0.00    7.92    0.00    0.00    0.00    0.99
07時14分49秒    1   51.52    0.00   45.45    0.00    0.00    1.01    0.00    0.00    0.00    2.02

07時14分49秒  CPU    %usr   %nice    %sys %iowait    %irq   %soft  %steal  %guest  %gnice   %idle
07時14分50秒    0   52.53    0.00   38.38    0.00    0.00    8.08    0.00    0.00    0.00    1.01
07時14分50秒    1   54.00    0.00   45.00    0.00    0.00    1.00    0.00    0.00    0.00    0.00

07時14分50秒  CPU    %usr   %nice    %sys %iowait    %irq   %soft  %steal  %guest  %gnice   %idle
07時14分51秒    0   56.44    0.00   34.65    0.00    0.00    7.92    0.00    0.00    0.00    0.99
07時14分51秒    1   53.00    0.00   44.00    0.00    0.00    1.00    0.00    0.00    0.00    2.00

07時14分51秒  CPU    %usr   %nice    %sys %iowait    %irq   %soft  %steal  %guest  %gnice   %idle
07時14分52秒    0   53.06    0.00   39.80    0.00    0.00    7.14    0.00    0.00    0.00    0.00
07時14分52秒    1   50.00    0.00   49.00    0.00    0.00    1.00    0.00    0.00    0.00    0.00

07時14分52秒  CPU    %usr   %nice    %sys %iowait    %irq   %soft  %steal  %guest  %gnice   %idle
07時14分53秒    0   56.00    0.00   32.00    0.00    0.00    8.00    0.00    0.00    0.00    4.00
07時14分53秒    1   48.45    0.00   35.05    0.00    0.00    2.06    0.00    0.00    0.00   14.43

07時14分53秒  CPU    %usr   %nice    %sys %iowait    %irq   %soft  %steal  %guest  %gnice   %idle
07時14分54秒    0   54.90    0.00   35.29    0.00    0.00    6.86    0.00    0.00    0.00    2.94
07時14分54秒    1   44.57    0.00   25.00    0.00    0.00    2.17    0.00    0.00    0.00   28.26

07時14分54秒  CPU    %usr   %nice    %sys %iowait    %irq   %soft  %steal  %guest  %gnice   %idle
07時14分55秒    0   54.46    0.00   34.65    0.00    0.00    7.92    0.00    0.00    0.00    2.97
07時14分55秒    1   42.11    0.00   26.32    0.00    0.00    3.16    0.00    0.00    0.00   28.42

07時14分55秒  CPU    %usr   %nice    %sys %iowait    %irq   %soft  %steal  %guest  %gnice   %idle
07時14分56秒    0   51.52    0.00   38.38    0.00    0.00    7.07    0.00    0.00    0.00    3.03
07時14分56秒    1   48.42    0.00   22.11    0.00    0.00    2.11    0.00    0.00    0.00   27.37

07時14分56秒  CPU    %usr   %nice    %sys %iowait    %irq   %soft  %steal  %guest  %gnice   %idle
07時14分57秒    0   54.00    0.00   36.00    0.00    0.00    8.00    0.00    0.00    0.00    2.00
07時14分57秒    1   43.01    0.00   23.66    0.00    0.00    3.23    0.00    0.00    0.00   30.11

07時14分57秒  CPU    %usr   %nice    %sys %iowait    %irq   %soft  %steal  %guest  %gnice   %idle
07時14分58秒    0   51.52    0.00   37.37    0.00    0.00    8.08    0.00    0.00    0.00    3.03
07時14分58秒    1   47.87    0.00   21.28    0.00    0.00    3.19    0.00    0.00    0.00   27.66

07時14分58秒  CPU    %usr   %nice    %sys %iowait    %irq   %soft  %steal  %guest  %gnice   %idle
07時14分59秒    0   50.00    0.00   40.00    0.00    0.00    7.00    0.00    0.00    0.00    3.00
07時14分59秒    1   45.83    0.00   22.92    0.00    0.00    2.08    0.00    0.00    0.00   29.17

07時14分59秒  CPU    %usr   %nice    %sys %iowait    %irq   %soft  %steal  %guest  %gnice   %idle
07時15分00秒    0   52.53    0.00   37.37    0.00    0.00    7.07    0.00    0.00    0.00    3.03
07時15分00秒    1   48.42    0.00   20.00    0.00    0.00    3.16    0.00    0.00    0.00   28.42

07時15分00秒  CPU    %usr   %nice    %sys %iowait    %irq   %soft  %steal  %guest  %gnice   %idle
07時15分01秒    0   50.98    0.00   38.24    0.00    0.98    7.84    0.00    0.00    0.00    1.96
07時15分01秒    1   45.83    0.00   23.96    0.00    0.00    3.12    0.00    0.00    0.00   27.08

07時15分01秒  CPU    %usr   %nice    %sys %iowait    %irq   %soft  %steal  %guest  %gnice   %idle
07時15分02秒    0   52.00    0.00   36.00    0.00    0.00    8.00    0.00    0.00    0.00    4.00
07時15分02秒    1   44.68    0.00   25.53    0.00    0.00    2.13    0.00    0.00    0.00   27.66

07時15分02秒  CPU    %usr   %nice    %sys %iowait    %irq   %soft  %steal  %guest  %gnice   %idle
07時15分03秒    0   49.49    0.00   38.38    0.00    0.00    7.07    0.00    0.00    0.00    5.05
07時15分03秒    1   52.08    0.00   20.83    0.00    0.00    3.12    0.00    0.00    0.00   23.96

07時15分03秒  CPU    %usr   %nice    %sys %iowait    %irq   %soft  %steal  %guest  %gnice   %idle
07時15分04秒    0   52.00    0.00   40.00    0.00    0.00    8.00    0.00    0.00    0.00    0.00
07時15分04秒    1   56.00    0.00   42.00    0.00    1.00    1.00    0.00    0.00    0.00    0.00

07時15分04秒  CPU    %usr   %nice    %sys %iowait    %irq   %soft  %steal  %guest  %gnice   %idle
07時15分05秒    0   54.08    0.00   38.78    0.00    0.00    7.14    0.00    0.00    0.00    0.00
07時15分05秒    1   58.00    0.00   39.00    0.00    0.00    1.00    0.00    0.00    0.00    2.00

07時15分05秒  CPU    %usr   %nice    %sys %iowait    %irq   %soft  %steal  %guest  %gnice   %idle
07時15分06秒    0   58.42    0.00   32.67    0.00    0.00    7.92    0.00    0.00    0.00    0.99
07時15分06秒    1   55.00    0.00   43.00    0.00    0.00    1.00    0.00    0.00    0.00    1.00

07時15分06秒  CPU    %usr   %nice    %sys %iowait    %irq   %soft  %steal  %guest  %gnice   %idle
07時15分07秒    0   52.00    0.00   40.00    0.00    0.00    8.00    0.00    0.00    0.00    0.00
07時15分07秒    1   54.00    0.00   45.00    0.00    0.00    1.00    0.00    0.00    0.00    0.00

07時15分07秒  CPU    %usr   %nice    %sys %iowait    %irq   %soft  %steal  %guest  %gnice   %idle
07時15分08秒    0   57.58    0.00   34.34    0.00    0.00    8.08    0.00    0.00    0.00    0.00
07時15分08秒    1   57.58    0.00   41.41    0.00    0.00    1.01    0.00    0.00    0.00    0.00

07時15分08秒  CPU    %usr   %nice    %sys %iowait    %irq   %soft  %steal  %guest  %gnice   %idle
07時15分09秒    0   55.56    0.00   37.37    0.00    0.00    7.07    0.00    0.00    0.00    0.00
07時15分09秒    1   47.00    0.00   52.00    0.00    0.00    1.00    0.00    0.00    0.00    0.00

07時15分09秒  CPU    %usr   %nice    %sys %iowait    %irq   %soft  %steal  %guest  %gnice   %idle
07時15分10秒    0   55.88    0.00   35.29    0.00    0.00    7.84    0.00    0.00    0.00    0.98
07時15分10秒    1   59.00    0.00   40.00    0.00    0.00    1.00    0.00    0.00    0.00    0.00

07時15分10秒  CPU    %usr   %nice    %sys %iowait    %irq   %soft  %steal  %guest  %gnice   %idle
07時15分11秒    0   57.58    0.00   34.34    0.00    0.00    8.08    0.00    0.00    0.00    0.00
07時15分11秒    1   58.42    0.00   39.60    0.00    0.00    0.99    0.00    0.00    0.00    0.99

07時15分11秒  CPU    %usr   %nice    %sys %iowait    %irq   %soft  %steal  %guest  %gnice   %idle
07時15分12秒    0   52.00    0.00   40.00    0.00    0.00    8.00    0.00    0.00    0.00    0.00
07時15分12秒    1   60.61    0.00   38.38    0.00    0.00    1.01    0.00    0.00    0.00    0.00

07時15分12秒  CPU    %usr   %nice    %sys %iowait    %irq   %soft  %steal  %guest  %gnice   %idle
07時15分13秒    0   59.00    0.00   32.00    0.00    0.00    8.00    0.00    0.00    0.00    1.00
07時15分13秒    1   55.00    0.00   43.00    0.00    0.00    1.00    0.00    0.00    0.00    1.00

07時15分13秒  CPU    %usr   %nice    %sys %iowait    %irq   %soft  %steal  %guest  %gnice   %idle
07時15分14秒    0   53.00    0.00   39.00    0.00    0.00    8.00    0.00    0.00    0.00    0.00
07時15分14秒    1   50.50    0.00   48.51    0.00    0.00    0.99    0.00    0.00    0.00    0.00

07時15分14秒  CPU    %usr   %nice    %sys %iowait    %irq   %soft  %steal  %guest  %gnice   %idle
07時15分15秒    0   53.54    0.00   38.38    0.00    0.00    8.08    0.00    0.00    0.00    0.00
07時15分15秒    1   58.59    0.00   40.40    0.00    0.00    1.01    0.00    0.00    0.00    0.00

07時15分15秒  CPU    %usr   %nice    %sys %iowait    %irq   %soft  %steal  %guest  %gnice   %idle
07時15分16秒    0   52.00    0.00   38.00    0.00    0.00    7.00    0.00    0.00    0.00    3.00
07時15分16秒    1   52.00    0.00   47.00    0.00    0.00    1.00    0.00    0.00    0.00    0.00

07時15分16秒  CPU    %usr   %nice    %sys %iowait    %irq   %soft  %steal  %guest  %gnice   %idle
07時15分17秒    0   52.04    0.00   39.80    0.00    0.00    8.16    0.00    0.00    0.00    0.00
07時15分17秒    1   56.00    0.00   43.00    0.00    0.00    1.00    0.00    0.00    0.00    0.00

07時15分17秒  CPU    %usr   %nice    %sys %iowait    %irq   %soft  %steal  %guest  %gnice   %idle
07時15分18秒    0   49.50    0.00   41.58    0.00    0.99    7.92    0.00    0.00    0.00    0.00
07時15分18秒    1   57.00    0.00   42.00    0.00    0.00    1.00    0.00    0.00    0.00    0.00

07時15分18秒  CPU    %usr   %nice    %sys %iowait    %irq   %soft  %steal  %guest  %gnice   %idle
07時15分19秒    0   54.46    0.00   36.63    0.00    0.00    7.92    0.00    0.00    0.00    0.99
07時15分19秒    1   54.55    0.00   44.44    0.00    0.00    1.01    0.00    0.00    0.00    0.00

07時15分19秒  CPU    %usr   %nice    %sys %iowait    %irq   %soft  %steal  %guest  %gnice   %idle
07時15分20秒    0   59.00    0.00   33.00    0.00    0.00    8.00    0.00    0.00    0.00    0.00
07時15分20秒    1   60.61    0.00   39.39    0.00    0.00    0.00    0.00    0.00    0.00    0.00

07時15分20秒  CPU    %usr   %nice    %sys %iowait    %irq   %soft  %steal  %guest  %gnice   %idle
07時15分21秒    0   55.00    0.00   37.00    0.00    0.00    8.00    0.00    0.00    0.00    0.00
07時15分21秒    1   53.47    0.00   44.55    0.00    0.99    0.99    0.00    0.00    0.00    0.00

07時15分21秒  CPU    %usr   %nice    %sys %iowait    %irq   %soft  %steal  %guest  %gnice   %idle
07時15分22秒    0   54.00    0.00   38.00    0.00    0.00    8.00    0.00    0.00    0.00    0.00
07時15分22秒    1   50.00    0.00   49.00    0.00    0.00    1.00    0.00    0.00    0.00    0.00

07時15分22秒  CPU    %usr   %nice    %sys %iowait    %irq   %soft  %steal  %guest  %gnice   %idle
07時15分23秒    0   53.00    0.00   38.00    0.00    0.00    8.00    0.00    0.00    0.00    1.00
07時15分23秒    1   55.45    0.00   43.56    0.00    0.00    0.99    0.00    0.00    0.00    0.00

07時15分23秒  CPU    %usr   %nice    %sys %iowait    %irq   %soft  %steal  %guest  %gnice   %idle
07時15分24秒    0   54.00    0.00   38.00    0.00    0.00    8.00    0.00    0.00    0.00    0.00
07時15分24秒    1   50.51    0.00   46.46    0.00    0.00    1.01    0.00    0.00    0.00    2.02

07時15分24秒  CPU    %usr   %nice    %sys %iowait    %irq   %soft  %steal  %guest  %gnice   %idle
07時15分25秒    0   57.00    0.00   36.00    0.00    0.00    7.00    0.00    0.00    0.00    0.00
07時15分25秒    1   56.00    0.00   43.00    0.00    0.00    1.00    0.00    0.00    0.00    0.00

07時15分25秒  CPU    %usr   %nice    %sys %iowait    %irq   %soft  %steal  %guest  %gnice   %idle
07時15分26秒    0   56.00    0.00   35.00    0.00    0.00    8.00    0.00    0.00    0.00    1.00
07時15分26秒    1   52.00    0.00   47.00    0.00    0.00    1.00    0.00    0.00    0.00    0.00

07時15分26秒  CPU    %usr   %nice    %sys %iowait    %irq   %soft  %steal  %guest  %gnice   %idle
07時15分27秒    0   52.53    0.00   39.39    0.00    0.00    8.08    0.00    0.00    0.00    0.00
07時15分27秒    1   57.00    0.00   40.00    0.00    0.00    1.00    0.00    0.00    0.00    2.00

07時15分27秒  CPU    %usr   %nice    %sys %iowait    %irq   %soft  %steal  %guest  %gnice   %idle
07時15分28秒    0   52.53    0.00   39.39    0.00    0.00    8.08    0.00    0.00    0.00    0.00
07時15分28秒    1   53.00    0.00   46.00    0.00    0.00    1.00    0.00    0.00    0.00    0.00

07時15分28秒  CPU    %usr   %nice    %sys %iowait    %irq   %soft  %steal  %guest  %gnice   %idle
07時15分29秒    0   54.46    0.00   37.62    0.00    0.00    7.92    0.00    0.00    0.00    0.00
07時15分29秒    1   55.00    0.00   44.00    0.00    0.00    1.00    0.00    0.00    0.00    0.00

07時15分29秒  CPU    %usr   %nice    %sys %iowait    %irq   %soft  %steal  %guest  %gnice   %idle
07時15分30秒    0   53.00    0.00   38.00    0.00    0.00    8.00    0.00    0.00    0.00    1.00
07時15分30秒    1   55.56    0.00   41.41    0.00    0.00    1.01    0.00    0.00    0.00    2.02

07時15分30秒  CPU    %usr   %nice    %sys %iowait    %irq   %soft  %steal  %guest  %gnice   %idle
07時15分31秒    0   51.52    0.00   41.41    0.00    0.00    7.07    0.00    0.00    0.00    0.00
07時15分31秒    1   54.00    0.00   45.00    0.00    0.00    1.00    0.00    0.00    0.00    0.00

07時15分31秒  CPU    %usr   %nice    %sys %iowait    %irq   %soft  %steal  %guest  %gnice   %idle
07時15分32秒    0   52.48    0.00   38.61    0.00    0.00    7.92    0.00    0.00    0.00    0.99
07時15分32秒    1   54.46    0.00   43.56    0.00    0.00    1.98    0.00    0.00    0.00    0.00

07時15分32秒  CPU    %usr   %nice    %sys %iowait    %irq   %soft  %steal  %guest  %gnice   %idle
07時15分33秒    0   54.55    0.00   37.37    0.00    0.00    8.08    0.00    0.00    0.00    0.00
07時15分33秒    1   60.00    0.00   39.00    0.00    0.00    1.00    0.00    0.00    0.00    0.00

07時15分33秒  CPU    %usr   %nice    %sys %iowait    %irq   %soft  %steal  %guest  %gnice   %idle
07時15分34秒    0   56.00    0.00   36.00    0.00    0.00    8.00    0.00    0.00    0.00    0.00
07時15分34秒    1   53.54    0.00   45.45    0.00    0.00    1.01    0.00    0.00    0.00    0.00

07時15分34秒  CPU    %usr   %nice    %sys %iowait    %irq   %soft  %steal  %guest  %gnice   %idle
07時15分35秒    0   51.49    0.00   38.61    0.00    0.99    7.92    0.00    0.00    0.00    0.99
07時15分35秒    1   56.44    0.00   42.57    0.00    0.00    0.99    0.00    0.00    0.00    0.00

07時15分35秒  CPU    %usr   %nice    %sys %iowait    %irq   %soft  %steal  %guest  %gnice   %idle
07時15分36秒    0   56.57    0.00   35.35    0.00    0.00    7.07    0.00    0.00    0.00    1.01
07時15分36秒    1   56.57    0.00   41.41    0.00    0.00    1.01    0.00    0.00    0.00    1.01

07時15分36秒  CPU    %usr   %nice    %sys %iowait    %irq   %soft  %steal  %guest  %gnice   %idle
07時15分37秒    0   57.00    0.00   35.00    0.00    0.00    8.00    0.00    0.00    0.00    0.00
07時15分37秒    1   52.53    0.00   46.46    0.00    0.00    1.01    0.00    0.00    0.00    0.00

07時15分37秒  CPU    %usr   %nice    %sys %iowait    %irq   %soft  %steal  %guest  %gnice   %idle
07時15分38秒    0   51.00    0.00   40.00    0.00    0.00    8.00    0.00    0.00    0.00    1.00
07時15分38秒    1   52.48    0.00   45.54    0.00    0.99    0.99    0.00    0.00    0.00    0.00

07時15分38秒  CPU    %usr   %nice    %sys %iowait    %irq   %soft  %steal  %guest  %gnice   %idle
07時15分39秒    0   50.00    0.00   42.00    0.00    0.00    8.00    0.00    0.00    0.00    0.00
07時15分39秒    1   54.46    0.00   43.56    0.00    0.00    0.99    0.00    0.00    0.00    0.99

07時15分39秒  CPU    %usr   %nice    %sys %iowait    %irq   %soft  %steal  %guest  %gnice   %idle
07時15分40秒    0   56.00    0.00   36.00    0.00    0.00    8.00    0.00    0.00    0.00    0.00
07時15分40秒    1   58.00    0.00   41.00    0.00    0.00    1.00    0.00    0.00    0.00    0.00

07時15分40秒  CPU    %usr   %nice    %sys %iowait    %irq   %soft  %steal  %guest  %gnice   %idle
07時15分41秒    0   53.00    0.00   39.00    0.00    0.00    8.00    0.00    0.00    0.00    0.00
07時15分41秒    1   54.55    0.00   44.44    0.00    0.00    1.01    0.00    0.00    0.00    0.00

07時15分41秒  CPU    %usr   %nice    %sys %iowait    %irq   %soft  %steal  %guest  %gnice   %idle
07時15分42秒    0   45.00    0.00   37.00    0.00    0.00    6.00    0.00    0.00    0.00   12.00
07時15分42秒    1   50.53    0.00   21.05    0.00    0.00    4.21    0.00    0.00    0.00   24.21

07時15分42秒  CPU    %usr   %nice    %sys %iowait    %irq   %soft  %steal  %guest  %gnice   %idle
07時15分43秒    0   56.00    0.00   36.00    0.00    0.00    8.00    0.00    0.00    0.00    0.00
07時15分43秒    1   48.45    0.00   43.30    0.00    0.00    1.03    0.00    0.00    0.00    7.22

07時15分43秒  CPU    %usr   %nice    %sys %iowait    %irq   %soft  %steal  %guest  %gnice   %idle
07時15分44秒    0   57.00    0.00   35.00    0.00    0.00    8.00    0.00    0.00    0.00    0.00
07時15分44秒    1   55.45    0.00   42.57    0.00    0.00    1.98    0.00    0.00    0.00    0.00

07時15分44秒  CPU    %usr   %nice    %sys %iowait    %irq   %soft  %steal  %guest  %gnice   %idle
07時15分45秒    0   55.45    0.00   35.64    0.00    0.00    7.92    0.00    0.00    0.00    0.99
07時15分45秒    1   53.00    0.00   46.00    0.00    0.00    1.00    0.00    0.00    0.00    0.00

07時15分45秒  CPU    %usr   %nice    %sys %iowait    %irq   %soft  %steal  %guest  %gnice   %idle
07時15分46秒    0   53.00    0.00   39.00    0.00    0.00    8.00    0.00    0.00    0.00    0.00
07時15分46秒    1   54.00    0.00   44.00    0.00    0.00    1.00    0.00    0.00    0.00    1.00

07時15分46秒  CPU    %usr   %nice    %sys %iowait    %irq   %soft  %steal  %guest  %gnice   %idle
07時15分47秒    0   54.08    0.00   38.78    0.00    0.00    7.14    0.00    0.00    0.00    0.00
07時15分47秒    1   54.55    0.00   44.44    0.00    0.00    1.01    0.00    0.00    0.00    0.00

07時15分47秒  CPU    %usr   %nice    %sys %iowait    %irq   %soft  %steal  %guest  %gnice   %idle
07時15分48秒    0   55.45    0.00   36.63    0.00    0.00    7.92    0.00    0.00    0.00    0.00
07時15分48秒    1   52.00    0.00   47.00    0.00    0.00    1.00    0.00    0.00    0.00    0.00

07時15分48秒  CPU    %usr   %nice    %sys %iowait    %irq   %soft  %steal  %guest  %gnice   %idle
07時15分49秒    0   58.42    0.00   32.67    0.00    0.00    7.92    0.00    0.00    0.00    0.99
07時15分49秒    1   58.00    0.00   41.00    0.00    0.00    1.00    0.00    0.00    0.00    0.00

07時15分49秒  CPU    %usr   %nice    %sys %iowait    %irq   %soft  %steal  %guest  %gnice   %idle
07時15分50秒    0   59.00    0.00   33.00    0.00    0.00    8.00    0.00    0.00    0.00    0.00
07時15分50秒    1   55.00    0.00   44.00    0.00    0.00    1.00    0.00    0.00    0.00    0.00

07時15分50秒  CPU    %usr   %nice    %sys %iowait    %irq   %soft  %steal  %guest  %gnice   %idle
07時15分51秒    0   46.46    0.00   40.40    0.00    0.00    7.07    0.00    0.00    0.00    6.06
07時15分51秒    1   55.10    0.00   29.59    0.00    0.00    2.04    0.00    0.00    0.00   13.27

07時15分51秒  CPU    %usr   %nice    %sys %iowait    %irq   %soft  %steal  %guest  %gnice   %idle
07時15分52秒    0   52.48    0.00   35.64    0.00    0.99    7.92    0.00    0.00    0.00    2.97
07時15分52秒    1   44.68    0.00   23.40    0.00    0.00    4.26    0.00    0.00    0.00   27.66

07時15分52秒  CPU    %usr   %nice    %sys %iowait    %irq   %soft  %steal  %guest  %gnice   %idle
07時15分53秒    0   50.51    0.00   40.40    0.00    0.00    7.07    0.00    0.00    0.00    2.02
07時15分53秒    1   48.39    0.00   20.43    0.00    0.00    2.15    0.00    0.00    0.00   29.03

07時15分53秒  CPU    %usr   %nice    %sys %iowait    %irq   %soft  %steal  %guest  %gnice   %idle
07時15分54秒    0   51.02    0.00   37.76    0.00    0.00    8.16    0.00    0.00    0.00    3.06
07時15分54秒    1   44.21    0.00   24.21    0.00    0.00    3.16    0.00    0.00    0.00   28.42

07時15分54秒  CPU    %usr   %nice    %sys %iowait    %irq   %soft  %steal  %guest  %gnice   %idle
07時15分55秒    0   50.98    0.00   38.24    0.00    0.00    7.84    0.00    0.00    0.00    2.94
07時15分55秒    1   45.74    0.00   21.28    0.00    1.06    3.19    0.00    0.00    0.00   28.72

07時15分55秒  CPU    %usr   %nice    %sys %iowait    %irq   %soft  %steal  %guest  %gnice   %idle
07時15分56秒    0   46.94    0.00   43.88    0.00    0.00    7.14    0.00    0.00    0.00    2.04
07時15分56秒    1   45.26    0.00   23.16    0.00    0.00    2.11    0.00    0.00    0.00   29.47

07時15分56秒  CPU    %usr   %nice    %sys %iowait    %irq   %soft  %steal  %guest  %gnice   %idle
07時15分57秒    0   51.49    0.00   37.62    0.00    0.00    7.92    0.00    0.00    0.00    2.97
07時15分57秒    1   42.11    0.00   26.32    0.00    0.00    3.16    0.00    0.00    0.00   28.42

07時15分57秒  CPU    %usr   %nice    %sys %iowait    %irq   %soft  %steal  %guest  %gnice   %idle
07時15分58秒    0   54.55    0.00   34.34    0.00    0.00    8.08    0.00    0.00    0.00    3.03
07時15分58秒    1   46.74    0.00   20.65    0.00    0.00    2.17    0.00    0.00    0.00   30.43

07時15分58秒  CPU    %usr   %nice    %sys %iowait    %irq   %soft  %steal  %guest  %gnice   %idle
07時15分59秒    0   57.00    0.00   34.00    0.00    0.00    7.00    0.00    0.00    0.00    2.00
07時15分59秒    1   44.21    0.00   23.16    0.00    0.00    3.16    0.00    0.00    0.00   29.47

07時15分59秒  CPU    %usr   %nice    %sys %iowait    %irq   %soft  %steal  %guest  %gnice   %idle
07時16分00秒    0   53.47    0.00   35.64    0.00    0.00    7.92    0.00    0.00    0.00    2.97
07時16分00秒    1   45.26    0.00   24.21    0.00    0.00    3.16    0.00    0.00    0.00   27.37

07時16分00秒  CPU    %usr   %nice    %sys %iowait    %irq   %soft  %steal  %guest  %gnice   %idle
07時16分01秒    0   54.00    0.00   36.00    0.00    0.00    7.00    0.00    0.00    0.00    3.00
07時16分01秒    1   44.68    0.00   24.47    0.00    0.00    2.13    0.00    0.00    0.00   28.72

07時16分01秒  CPU    %usr   %nice    %sys %iowait    %irq   %soft  %steal  %guest  %gnice   %idle
07時16分02秒    0   58.00    0.00   32.00    0.00    0.00    8.00    0.00    0.00    0.00    2.00
07時16分02秒    1   51.58    0.00   16.84    0.00    0.00    3.16    0.00    0.00    0.00   28.42

07時16分02秒  CPU    %usr   %nice    %sys %iowait    %irq   %soft  %steal  %guest  %gnice   %idle
07時16分03秒    0   46.53    0.00   42.57    0.00    0.00    7.92    0.00    0.00    0.00    2.97
07時16分03秒    1   44.79    0.00   25.00    0.00    0.00    3.12    0.00    0.00    0.00   27.08

07時16分03秒  CPU    %usr   %nice    %sys %iowait    %irq   %soft  %steal  %guest  %gnice   %idle
07時16分04秒    0   49.49    0.00   40.40    0.00    0.00    7.07    0.00    0.00    0.00    3.03
07時16分04秒    1   45.16    0.00   22.58    0.00    0.00    2.15    0.00    0.00    0.00   30.11

07時16分04秒  CPU    %usr   %nice    %sys %iowait    %irq   %soft  %steal  %guest  %gnice   %idle
07時16分05秒    0   55.00    0.00   33.00    0.00    0.00    8.00    0.00    0.00    0.00    4.00
07時16分05秒    1   50.00    0.00   19.15    0.00    0.00    3.19    0.00    0.00    0.00   27.66

07時16分05秒  CPU    %usr   %nice    %sys %iowait    %irq   %soft  %steal  %guest  %gnice   %idle
07時16分06秒    0   51.52    0.00   39.39    0.00    0.00    7.07    0.00    0.00    0.00    2.02
07時16分06秒    1   43.16    0.00   24.21    0.00    0.00    3.16    0.00    0.00    0.00   29.47

07時16分06秒  CPU    %usr   %nice    %sys %iowait    %irq   %soft  %steal  %guest  %gnice   %idle
07時16分07秒    0   52.00    0.00   38.00    0.00    0.00    8.00    0.00    0.00    0.00    2.00
07時16分07秒    1   46.32    0.00   22.11    0.00    0.00    2.11    0.00    0.00    0.00   29.47

07時16分07秒  CPU    %usr   %nice    %sys %iowait    %irq   %soft  %steal  %guest  %gnice   %idle
07時16分08秒    0   53.92    0.00   34.31    0.00    0.98    7.84    0.00    0.00    0.00    2.94
07時16分08秒    1   44.21    0.00   24.21    0.00    0.00    3.16    0.00    0.00    0.00   28.42

07時16分08秒  CPU    %usr   %nice    %sys %iowait    %irq   %soft  %steal  %guest  %gnice   %idle
07時16分09秒    0   51.02    0.00   39.80    0.00    0.00    7.14    0.00    0.00    0.00    2.04
07時16分09秒    1   46.24    0.00   22.58    0.00    0.00    2.15    0.00    0.00    0.00   29.03

平均時間：  CPU    %usr   %nice    %sys %iowait    %irq   %soft  %steal  %guest  %gnice   %idle
平均時間：    0   53.61    0.00   36.76    0.00    0.07    7.86    0.00    0.00    0.00    1.71
平均時間：    1   52.62    0.00   38.67    0.00    0.06    1.46    0.00    0.00    0.00    7.19
