Linux 5.6.15-arch1-1 (archlinux) 	西元2020年06月29日 	_x86_64_	(12 CPU)

07時11分32秒  CPU    %usr   %nice    %sys %iowait    %irq   %soft  %steal  %guest  %gnice   %idle
07時11分33秒    0   51.02    0.00   35.71    0.00    0.00    8.16    0.00    0.00    0.00    5.10
07時11分33秒    1   52.04    0.00   38.78    0.00    0.00    2.04    0.00    0.00    0.00    7.14

07時11分33秒  CPU    %usr   %nice    %sys %iowait    %irq   %soft  %steal  %guest  %gnice   %idle
07時11分34秒    0   45.54    0.00   40.59    0.00    0.00    8.91    0.00    0.00    0.00    4.95
07時11分34秒    1   51.49    0.00   46.53    0.00    0.00    0.99    0.00    0.00    0.00    0.99

07時11分34秒  CPU    %usr   %nice    %sys %iowait    %irq   %soft  %steal  %guest  %gnice   %idle
07時11分35秒    0   48.48    0.00   39.39    0.00    0.00    8.08    0.00    0.00    0.00    4.04
07時11分35秒    1   51.00    0.00   48.00    0.00    0.00    1.00    0.00    0.00    0.00    0.00

07時11分35秒  CPU    %usr   %nice    %sys %iowait    %irq   %soft  %steal  %guest  %gnice   %idle
07時11分36秒    0   51.02    0.00   37.76    0.00    0.00    8.16    0.00    0.00    0.00    3.06
07時11分36秒    1   56.00    0.00   43.00    0.00    0.00    1.00    0.00    0.00    0.00    0.00

07時11分36秒  CPU    %usr   %nice    %sys %iowait    %irq   %soft  %steal  %guest  %gnice   %idle
07時11分37秒    0   49.49    0.00   37.37    0.00    0.00    9.09    0.00    0.00    0.00    4.04
07時11分37秒    1   51.55    0.00   46.39    0.00    0.00    1.03    0.00    0.00    0.00    1.03

07時11分37秒  CPU    %usr   %nice    %sys %iowait    %irq   %soft  %steal  %guest  %gnice   %idle
07時11分38秒    0   46.94    0.00   40.82    0.00    0.00    8.16    0.00    0.00    0.00    4.08
07時11分38秒    1   48.00    0.00   51.00    0.00    0.00    1.00    0.00    0.00    0.00    0.00

07時11分38秒  CPU    %usr   %nice    %sys %iowait    %irq   %soft  %steal  %guest  %gnice   %idle
07時11分39秒    0   48.00    0.00   40.00    0.00    1.00    8.00    0.00    0.00    0.00    3.00
07時11分39秒    1   53.00    0.00   46.00    0.00    0.00    1.00    0.00    0.00    0.00    0.00

07時11分39秒  CPU    %usr   %nice    %sys %iowait    %irq   %soft  %steal  %guest  %gnice   %idle
07時11分40秒    0   52.48    0.00   35.64    0.00    0.00    8.91    0.00    0.00    0.00    2.97
07時11分40秒    1   60.00    0.00   39.00    0.00    0.00    1.00    0.00    0.00    0.00    0.00

07時11分40秒  CPU    %usr   %nice    %sys %iowait    %irq   %soft  %steal  %guest  %gnice   %idle
07時11分41秒    0   51.52    0.00   36.36    0.00    0.00    8.08    0.00    0.00    0.00    4.04
07時11分41秒    1   53.47    0.00   44.55    0.00    0.99    0.99    0.00    0.00    0.00    0.00

07時11分41秒  CPU    %usr   %nice    %sys %iowait    %irq   %soft  %steal  %guest  %gnice   %idle
07時11分42秒    0   52.04    0.00   33.67    0.00    0.00    8.16    0.00    0.00    0.00    6.12
07時11分42秒    1   49.49    0.00   41.41    0.00    0.00    2.02    0.00    0.00    0.00    7.07

07時11分42秒  CPU    %usr   %nice    %sys %iowait    %irq   %soft  %steal  %guest  %gnice   %idle
07時11分43秒    0   54.55    0.00   35.35    0.00    0.00    8.08    0.00    0.00    0.00    2.02
07時11分43秒    1   52.63    0.00   29.47    0.00    0.00    2.11    0.00    0.00    0.00   15.79

07時11分43秒  CPU    %usr   %nice    %sys %iowait    %irq   %soft  %steal  %guest  %gnice   %idle
07時11分44秒    0   50.50    0.00   38.61    0.00    0.00    8.91    0.00    0.00    0.00    1.98
07時11分44秒    1   40.22    0.00   25.00    0.00    0.00    4.35    0.00    0.00    0.00   30.43

07時11分44秒  CPU    %usr   %nice    %sys %iowait    %irq   %soft  %steal  %guest  %gnice   %idle
07時11分45秒    0   51.52    0.00   39.39    0.00    0.00    8.08    0.00    0.00    0.00    1.01
07時11分45秒    1   41.24    0.00   26.80    0.00    0.00    3.09    0.00    0.00    0.00   28.87

07時11分45秒  CPU    %usr   %nice    %sys %iowait    %irq   %soft  %steal  %guest  %gnice   %idle
07時11分46秒    0   51.52    0.00   36.36    0.00    0.00    9.09    0.00    0.00    0.00    3.03
07時11分46秒    1   54.55    0.00   43.43    0.00    0.00    1.01    0.00    0.00    0.00    1.01

07時11分46秒  CPU    %usr   %nice    %sys %iowait    %irq   %soft  %steal  %guest  %gnice   %idle
07時11分47秒    0   52.53    0.00   35.35    0.00    0.00    8.08    0.00    0.00    0.00    4.04
07時11分47秒    1   54.00    0.00   45.00    0.00    0.00    1.00    0.00    0.00    0.00    0.00

07時11分47秒  CPU    %usr   %nice    %sys %iowait    %irq   %soft  %steal  %guest  %gnice   %idle
07時11分48秒    0   56.57    0.00   32.32    0.00    0.00    8.08    0.00    0.00    0.00    3.03
07時11分48秒    1   56.00    0.00   42.00    0.00    0.00    1.00    0.00    0.00    0.00    1.00

07時11分48秒  CPU    %usr   %nice    %sys %iowait    %irq   %soft  %steal  %guest  %gnice   %idle
07時11分49秒    0   49.50    0.00   37.62    0.00    0.00    8.91    0.00    0.00    0.00    3.96
07時11分49秒    1   51.00    0.00   48.00    0.00    0.00    1.00    0.00    0.00    0.00    0.00

07時11分49秒  CPU    %usr   %nice    %sys %iowait    %irq   %soft  %steal  %guest  %gnice   %idle
07時11分50秒    0   49.49    0.00   38.38    0.00    0.00    8.08    0.00    0.00    0.00    4.04
07時11分50秒    1   52.00    0.00   47.00    0.00    0.00    1.00    0.00    0.00    0.00    0.00

07時11分50秒  CPU    %usr   %nice    %sys %iowait    %irq   %soft  %steal  %guest  %gnice   %idle
07時11分51秒    0   50.00    0.00   38.00    0.00    0.00    8.00    0.00    0.00    0.00    4.00
07時11分51秒    1   50.00    0.00   48.98    0.00    0.00    1.02    0.00    0.00    0.00    0.00

07時11分51秒  CPU    %usr   %nice    %sys %iowait    %irq   %soft  %steal  %guest  %gnice   %idle
07時11分52秒    0   48.48    0.00   38.38    0.00    0.00    9.09    0.00    0.00    0.00    4.04
07時11分52秒    1   53.47    0.00   45.54    0.00    0.00    0.99    0.00    0.00    0.00    0.00

07時11分52秒  CPU    %usr   %nice    %sys %iowait    %irq   %soft  %steal  %guest  %gnice   %idle
07時11分53秒    0   53.06    0.00   34.69    0.00    0.00    8.16    0.00    0.00    0.00    4.08
07時11分53秒    1   55.56    0.00   41.41    0.00    0.00    1.01    0.00    0.00    0.00    2.02

07時11分53秒  CPU    %usr   %nice    %sys %iowait    %irq   %soft  %steal  %guest  %gnice   %idle
07時11分54秒    0   53.06    0.00   36.73    0.00    0.00    8.16    0.00    0.00    0.00    2.04
07時11分54秒    1   57.00    0.00   42.00    0.00    0.00    1.00    0.00    0.00    0.00    0.00

07時11分54秒  CPU    %usr   %nice    %sys %iowait    %irq   %soft  %steal  %guest  %gnice   %idle
07時11分55秒    0   52.94    0.00   32.35    0.00    0.98    8.82    0.00    0.00    0.00    4.90
07時11分55秒    1   54.00    0.00   45.00    0.00    0.00    1.00    0.00    0.00    0.00    0.00

07時11分55秒  CPU    %usr   %nice    %sys %iowait    %irq   %soft  %steal  %guest  %gnice   %idle
07時11分56秒    0   56.00    0.00   32.00    0.00    0.00    8.00    0.00    0.00    0.00    4.00
07時11分56秒    1   54.55    0.00   44.44    0.00    0.00    1.01    0.00    0.00    0.00    0.00

07時11分56秒  CPU    %usr   %nice    %sys %iowait    %irq   %soft  %steal  %guest  %gnice   %idle
07時11分57秒    0   48.98    0.00   38.78    0.00    0.00    8.16    0.00    0.00    0.00    4.08
07時11分57秒    1   56.00    0.00   42.00    0.00    0.00    1.00    0.00    0.00    0.00    1.00

07時11分57秒  CPU    %usr   %nice    %sys %iowait    %irq   %soft  %steal  %guest  %gnice   %idle
07時11分58秒    0   53.54    0.00   32.32    0.00    0.00    9.09    0.00    0.00    0.00    5.05
07時11分58秒    1   52.00    0.00   47.00    0.00    0.00    1.00    0.00    0.00    0.00    0.00

07時11分58秒  CPU    %usr   %nice    %sys %iowait    %irq   %soft  %steal  %guest  %gnice   %idle
07時11分59秒    0   49.49    0.00   38.38    0.00    0.00    8.08    0.00    0.00    0.00    4.04
07時11分59秒    1   54.46    0.00   43.56    0.00    0.99    0.99    0.00    0.00    0.00    0.00

07時11分59秒  CPU    %usr   %nice    %sys %iowait    %irq   %soft  %steal  %guest  %gnice   %idle
07時12分00秒    0   54.08    0.00   33.67    0.00    0.00    8.16    0.00    0.00    0.00    4.08
07時12分00秒    1   58.00    0.00   41.00    0.00    0.00    1.00    0.00    0.00    0.00    0.00

07時12分00秒  CPU    %usr   %nice    %sys %iowait    %irq   %soft  %steal  %guest  %gnice   %idle
07時12分01秒    0   50.98    0.00   38.24    0.00    0.00    8.82    0.00    0.00    0.00    1.96
07時12分01秒    1   53.06    0.00   44.90    0.00    0.00    1.02    0.00    0.00    0.00    1.02

07時12分01秒  CPU    %usr   %nice    %sys %iowait    %irq   %soft  %steal  %guest  %gnice   %idle
07時12分02秒    0   48.45    0.00   38.14    0.00    0.00    8.25    0.00    0.00    0.00    5.15
07時12分02秒    1   56.00    0.00   43.00    0.00    0.00    1.00    0.00    0.00    0.00    0.00

07時12分02秒  CPU    %usr   %nice    %sys %iowait    %irq   %soft  %steal  %guest  %gnice   %idle
07時12分03秒    0   48.00    0.00   40.00    0.00    0.00    8.00    0.00    0.00    0.00    4.00
07時12分03秒    1   55.00    0.00   42.00    0.00    0.00    1.00    0.00    0.00    0.00    2.00

07時12分03秒  CPU    %usr   %nice    %sys %iowait    %irq   %soft  %steal  %guest  %gnice   %idle
07時12分04秒    0   48.98    0.00   39.80    0.00    0.00    8.16    0.00    0.00    0.00    3.06
07時12分04秒    1   59.00    0.00   40.00    0.00    0.00    1.00    0.00    0.00    0.00    0.00

07時12分04秒  CPU    %usr   %nice    %sys %iowait    %irq   %soft  %steal  %guest  %gnice   %idle
07時12分05秒    0   53.06    0.00   34.69    0.00    0.00    8.16    0.00    0.00    0.00    4.08
07時12分05秒    1   57.00    0.00   42.00    0.00    0.00    1.00    0.00    0.00    0.00    0.00

07時12分05秒  CPU    %usr   %nice    %sys %iowait    %irq   %soft  %steal  %guest  %gnice   %idle
07時12分06秒    0   52.48    0.00   34.65    0.00    0.00    8.91    0.00    0.00    0.00    3.96
07時12分06秒    1   55.00    0.00   44.00    0.00    0.00    1.00    0.00    0.00    0.00    0.00

07時12分06秒  CPU    %usr   %nice    %sys %iowait    %irq   %soft  %steal  %guest  %gnice   %idle
07時12分07秒    0   46.94    0.00   40.82    0.00    0.00    8.16    0.00    0.00    0.00    4.08
07時12分07秒    1   52.00    0.00   47.00    0.00    0.00    1.00    0.00    0.00    0.00    0.00

07時12分07秒  CPU    %usr   %nice    %sys %iowait    %irq   %soft  %steal  %guest  %gnice   %idle
07時12分08秒    0   50.00    0.00   38.00    0.00    0.00    9.00    0.00    0.00    0.00    3.00
07時12分08秒    1   54.00    0.00   45.00    0.00    0.00    1.00    0.00    0.00    0.00    0.00

07時12分08秒  CPU    %usr   %nice    %sys %iowait    %irq   %soft  %steal  %guest  %gnice   %idle
07時12分09秒    0   54.46    0.00   33.66    0.00    0.00    7.92    0.00    0.00    0.00    3.96
07時12分09秒    1   53.54    0.00   44.44    0.00    0.00    1.01    0.00    0.00    0.00    1.01

07時12分09秒  CPU    %usr   %nice    %sys %iowait    %irq   %soft  %steal  %guest  %gnice   %idle
07時12分10秒    0   48.48    0.00   39.39    0.00    0.00    8.08    0.00    0.00    0.00    4.04
07時12分10秒    1   54.00    0.00   44.00    0.00    0.00    1.00    0.00    0.00    0.00    1.00

07時12分10秒  CPU    %usr   %nice    %sys %iowait    %irq   %soft  %steal  %guest  %gnice   %idle
07時12分11秒    0   50.51    0.00   38.38    0.00    0.00    9.09    0.00    0.00    0.00    2.02
07時12分11秒    1   50.52    0.00   29.90    0.00    0.00    2.06    0.00    0.00    0.00   17.53

07時12分11秒  CPU    %usr   %nice    %sys %iowait    %irq   %soft  %steal  %guest  %gnice   %idle
07時12分12秒    0   54.46    0.00   35.64    0.00    0.99    7.92    0.00    0.00    0.00    0.99
07時12分12秒    1   44.09    0.00   21.51    0.00    0.00    2.15    0.00    0.00    0.00   32.26

07時12分12秒  CPU    %usr   %nice    %sys %iowait    %irq   %soft  %steal  %guest  %gnice   %idle
07時12分13秒    0   50.50    0.00   39.60    0.00    0.00    7.92    0.00    0.00    0.00    1.98
07時12分13秒    1   46.94    0.00   20.41    0.00    0.00    3.06    0.00    0.00    0.00   29.59

07時12分13秒  CPU    %usr   %nice    %sys %iowait    %irq   %soft  %steal  %guest  %gnice   %idle
07時12分14秒    0   53.00    0.00   37.00    0.00    0.00    9.00    0.00    0.00    0.00    1.00
07時12分14秒    1   44.68    0.00   22.34    0.00    0.00    2.13    0.00    0.00    0.00   30.85

07時12分14秒  CPU    %usr   %nice    %sys %iowait    %irq   %soft  %steal  %guest  %gnice   %idle
07時12分15秒    0   55.00    0.00   36.00    0.00    0.00    8.00    0.00    0.00    0.00    1.00
07時12分15秒    1   50.52    0.00   15.46    0.00    0.00    3.09    0.00    0.00    0.00   30.93

07時12分15秒  CPU    %usr   %nice    %sys %iowait    %irq   %soft  %steal  %guest  %gnice   %idle
07時12分16秒    0   50.00    0.00   39.00    0.00    0.00    9.00    0.00    0.00    0.00    2.00
07時12分16秒    1   46.32    0.00   21.05    0.00    0.00    3.16    0.00    0.00    0.00   29.47

07時12分16秒  CPU    %usr   %nice    %sys %iowait    %irq   %soft  %steal  %guest  %gnice   %idle
07時12分17秒    0   54.00    0.00   37.00    0.00    0.00    8.00    0.00    0.00    0.00    1.00
07時12分17秒    1   45.83    0.00   20.83    0.00    1.04    2.08    0.00    0.00    0.00   30.21

07時12分17秒  CPU    %usr   %nice    %sys %iowait    %irq   %soft  %steal  %guest  %gnice   %idle
07時12分18秒    0   51.00    0.00   39.00    0.00    0.00    8.00    0.00    0.00    0.00    2.00
07時12分18秒    1   45.26    0.00   24.21    0.00    0.00    3.16    0.00    0.00    0.00   27.37

07時12分18秒  CPU    %usr   %nice    %sys %iowait    %irq   %soft  %steal  %guest  %gnice   %idle
07時12分19秒    0   54.00    0.00   36.00    0.00    0.00    9.00    0.00    0.00    0.00    1.00
07時12分19秒    1   45.83    0.00   21.88    0.00    0.00    2.08    0.00    0.00    0.00   30.21

07時12分19秒  CPU    %usr   %nice    %sys %iowait    %irq   %soft  %steal  %guest  %gnice   %idle
07時12分20秒    0   52.48    0.00   37.62    0.00    0.00    7.92    0.00    0.00    0.00    1.98
07時12分20秒    1   47.37    0.00   21.05    0.00    0.00    3.16    0.00    0.00    0.00   28.42

07時12分20秒  CPU    %usr   %nice    %sys %iowait    %irq   %soft  %steal  %guest  %gnice   %idle
07時12分21秒    0   51.52    0.00   38.38    0.00    0.00    8.08    0.00    0.00    0.00    2.02
07時12分21秒    1   42.11    0.00   25.26    0.00    1.05    3.16    0.00    0.00    0.00   28.42

07時12分21秒  CPU    %usr   %nice    %sys %iowait    %irq   %soft  %steal  %guest  %gnice   %idle
07時12分22秒    0   51.00    0.00   39.00    0.00    0.00    8.00    0.00    0.00    0.00    2.00
07時12分22秒    1   50.54    0.00   19.35    0.00    0.00    2.15    0.00    0.00    0.00   27.96

07時12分22秒  CPU    %usr   %nice    %sys %iowait    %irq   %soft  %steal  %guest  %gnice   %idle
07時12分23秒    0   50.00    0.00   38.78    0.00    0.00    9.18    0.00    0.00    0.00    2.04
07時12分23秒    1   42.11    0.00   23.16    0.00    0.00    3.16    0.00    0.00    0.00   31.58

07時12分23秒  CPU    %usr   %nice    %sys %iowait    %irq   %soft  %steal  %guest  %gnice   %idle
07時12分24秒    0   55.00    0.00   34.00    0.00    0.00    8.00    0.00    0.00    0.00    3.00
07時12分24秒    1   51.06    0.00   18.09    0.00    0.00    3.19    0.00    0.00    0.00   27.66

07時12分24秒  CPU    %usr   %nice    %sys %iowait    %irq   %soft  %steal  %guest  %gnice   %idle
07時12分25秒    0   55.56    0.00   34.34    0.00    0.00    8.08    0.00    0.00    0.00    2.02
07時12分25秒    1   43.62    0.00   25.53    0.00    0.00    2.13    0.00    0.00    0.00   28.72

07時12分25秒  CPU    %usr   %nice    %sys %iowait    %irq   %soft  %steal  %guest  %gnice   %idle
07時12分26秒    0   55.10    0.00   33.67    0.00    0.00    8.16    0.00    0.00    0.00    3.06
07時12分26秒    1   46.32    0.00   22.11    0.00    0.00    3.16    0.00    0.00    0.00   28.42

07時12分26秒  CPU    %usr   %nice    %sys %iowait    %irq   %soft  %steal  %guest  %gnice   %idle
07時12分27秒    0   50.00    0.00   39.00    0.00    0.00    8.00    0.00    0.00    0.00    3.00
07時12分27秒    1   45.83    0.00   25.00    0.00    0.00    3.12    0.00    0.00    0.00   26.04

07時12分27秒  CPU    %usr   %nice    %sys %iowait    %irq   %soft  %steal  %guest  %gnice   %idle
07時12分28秒    0   50.00    0.00   38.00    0.00    1.00    8.00    0.00    0.00    0.00    3.00
07時12分28秒    1   46.24    0.00   21.51    0.00    0.00    2.15    0.00    0.00    0.00   30.11

07時12分28秒  CPU    %usr   %nice    %sys %iowait    %irq   %soft  %steal  %guest  %gnice   %idle
07時12分29秒    0   54.90    0.00   34.31    0.00    0.00    7.84    0.00    0.00    0.00    2.94
07時12分29秒    1   45.16    0.00   24.73    0.00    0.00    3.23    0.00    0.00    0.00   26.88

07時12分29秒  CPU    %usr   %nice    %sys %iowait    %irq   %soft  %steal  %guest  %gnice   %idle
07時12分30秒    0   54.55    0.00   34.34    0.00    0.00    8.08    0.00    0.00    0.00    3.03
07時12分30秒    1   47.37    0.00   23.16    0.00    0.00    4.21    0.00    0.00    0.00   25.26

07時12分30秒  CPU    %usr   %nice    %sys %iowait    %irq   %soft  %steal  %guest  %gnice   %idle
07時12分31秒    0   49.49    0.00   39.39    0.00    0.00    8.08    0.00    0.00    0.00    3.03
07時12分31秒    1   46.81    0.00   21.28    0.00    0.00    4.26    0.00    0.00    0.00   27.66

07時12分31秒  CPU    %usr   %nice    %sys %iowait    %irq   %soft  %steal  %guest  %gnice   %idle
07時12分32秒    0   53.00    0.00   36.00    0.00    0.00    8.00    0.00    0.00    0.00    3.00
07時12分32秒    1   48.39    0.00   23.66    0.00    0.00    2.15    0.00    0.00    0.00   25.81

07時12分32秒  CPU    %usr   %nice    %sys %iowait    %irq   %soft  %steal  %guest  %gnice   %idle
07時12分33秒    0   55.56    0.00   36.36    0.00    0.00    8.08    0.00    0.00    0.00    0.00
07時12分33秒    1   56.00    0.00   43.00    0.00    0.00    1.00    0.00    0.00    0.00    0.00

07時12分33秒  CPU    %usr   %nice    %sys %iowait    %irq   %soft  %steal  %guest  %gnice   %idle
07時12分34秒    0   52.53    0.00   38.38    0.00    0.00    9.09    0.00    0.00    0.00    0.00
07時12分34秒    1   56.44    0.00   42.57    0.00    0.00    0.99    0.00    0.00    0.00    0.00

07時12分34秒  CPU    %usr   %nice    %sys %iowait    %irq   %soft  %steal  %guest  %gnice   %idle
07時12分35秒    0   52.48    0.00   38.61    0.00    0.00    7.92    0.00    0.00    0.00    0.99
07時12分35秒    1   53.54    0.00   44.44    0.00    0.00    1.01    0.00    0.00    0.00    1.01

07時12分35秒  CPU    %usr   %nice    %sys %iowait    %irq   %soft  %steal  %guest  %gnice   %idle
07時12分36秒    0   54.55    0.00   37.37    0.00    0.00    8.08    0.00    0.00    0.00    0.00
07時12分36秒    1   53.47    0.00   45.54    0.00    0.00    0.99    0.00    0.00    0.00    0.00

07時12分36秒  CPU    %usr   %nice    %sys %iowait    %irq   %soft  %steal  %guest  %gnice   %idle
07時12分37秒    0   58.59    0.00   33.33    0.00    0.00    8.08    0.00    0.00    0.00    0.00
07時12分37秒    1   55.00    0.00   43.00    0.00    0.00    1.00    0.00    0.00    0.00    1.00

07時12分37秒  CPU    %usr   %nice    %sys %iowait    %irq   %soft  %steal  %guest  %gnice   %idle
07時12分38秒    0   52.48    0.00   38.61    0.00    0.00    7.92    0.00    0.00    0.00    0.99
07時12分38秒    1   57.73    0.00   39.18    0.00    0.00    1.03    0.00    0.00    0.00    2.06

07時12分38秒  CPU    %usr   %nice    %sys %iowait    %irq   %soft  %steal  %guest  %gnice   %idle
07時12分39秒    0   56.44    0.00   34.65    0.00    0.00    8.91    0.00    0.00    0.00    0.00
07時12分39秒    1   47.06    0.00   50.98    0.00    0.98    0.98    0.00    0.00    0.00    0.00

07時12分39秒  CPU    %usr   %nice    %sys %iowait    %irq   %soft  %steal  %guest  %gnice   %idle
07時12分40秒    0   52.53    0.00   39.39    0.00    0.00    8.08    0.00    0.00    0.00    0.00
07時12分40秒    1   56.00    0.00   43.00    0.00    0.00    1.00    0.00    0.00    0.00    0.00

07時12分40秒  CPU    %usr   %nice    %sys %iowait    %irq   %soft  %steal  %guest  %gnice   %idle
07時12分41秒    0   50.00    0.00   41.00    0.00    0.00    8.00    0.00    0.00    0.00    1.00
07時12分41秒    1   56.57    0.00   42.42    0.00    0.00    1.01    0.00    0.00    0.00    0.00

07時12分41秒  CPU    %usr   %nice    %sys %iowait    %irq   %soft  %steal  %guest  %gnice   %idle
07時12分42秒    0   59.00    0.00   33.00    0.00    0.00    8.00    0.00    0.00    0.00    0.00
07時12分42秒    1   55.45    0.00   43.56    0.00    0.00    0.99    0.00    0.00    0.00    0.00

07時12分42秒  CPU    %usr   %nice    %sys %iowait    %irq   %soft  %steal  %guest  %gnice   %idle
07時12分43秒    0   52.00    0.00   40.00    0.00    0.00    8.00    0.00    0.00    0.00    0.00
07時12分43秒    1   51.00    0.00   48.00    0.00    0.00    1.00    0.00    0.00    0.00    0.00

07時12分43秒  CPU    %usr   %nice    %sys %iowait    %irq   %soft  %steal  %guest  %gnice   %idle
07時12分44秒    0   50.00    0.00   41.00    0.00    0.00    9.00    0.00    0.00    0.00    0.00
07時12分44秒    1   58.59    0.00   41.41    0.00    0.00    0.00    0.00    0.00    0.00    0.00

07時12分44秒  CPU    %usr   %nice    %sys %iowait    %irq   %soft  %steal  %guest  %gnice   %idle
07時12分45秒    0   53.47    0.00   34.65    0.00    0.99    6.93    0.00    0.00    0.00    3.96
07時12分45秒    1   54.00    0.00   39.00    0.00    0.00    2.00    0.00    0.00    0.00    5.00

07時12分45秒  CPU    %usr   %nice    %sys %iowait    %irq   %soft  %steal  %guest  %gnice   %idle
07時12分46秒    0   53.54    0.00   39.39    0.00    0.00    7.07    0.00    0.00    0.00    0.00
07時12分46秒    1   56.00    0.00   43.00    0.00    0.00    1.00    0.00    0.00    0.00    0.00

07時12分46秒  CPU    %usr   %nice    %sys %iowait    %irq   %soft  %steal  %guest  %gnice   %idle
07時12分47秒    0   52.00    0.00   41.00    0.00    0.00    7.00    0.00    0.00    0.00    0.00
07時12分47秒    1   50.51    0.00   48.48    0.00    0.00    1.01    0.00    0.00    0.00    0.00

07時12分47秒  CPU    %usr   %nice    %sys %iowait    %irq   %soft  %steal  %guest  %gnice   %idle
07時12分48秒    0   56.57    0.00   35.35    0.00    0.00    8.08    0.00    0.00    0.00    0.00
07時12分48秒    1   61.00    0.00   38.00    0.00    0.00    1.00    0.00    0.00    0.00    0.00

07時12分48秒  CPU    %usr   %nice    %sys %iowait    %irq   %soft  %steal  %guest  %gnice   %idle
07時12分49秒    0   45.45    0.00   41.41    0.00    0.00    7.07    0.00    0.00    0.00    6.06
07時12分49秒    1   57.14    0.00   27.55    0.00    0.00    2.04    0.00    0.00    0.00   13.27

07時12分49秒  CPU    %usr   %nice    %sys %iowait    %irq   %soft  %steal  %guest  %gnice   %idle
07時12分50秒    0   62.63    0.00   27.27    0.00    0.00    8.08    0.00    0.00    0.00    2.02
07時12分50秒    1   45.16    0.00   21.51    0.00    0.00    2.15    0.00    0.00    0.00   31.18

07時12分50秒  CPU    %usr   %nice    %sys %iowait    %irq   %soft  %steal  %guest  %gnice   %idle
07時12分51秒    0   54.00    0.00   36.00    0.00    0.00    8.00    0.00    0.00    0.00    2.00
07時12分51秒    1   45.26    0.00   22.11    0.00    0.00    3.16    0.00    0.00    0.00   29.47

07時12分51秒  CPU    %usr   %nice    %sys %iowait    %irq   %soft  %steal  %guest  %gnice   %idle
07時12分52秒    0   54.00    0.00   36.00    0.00    0.00    8.00    0.00    0.00    0.00    2.00
07時12分52秒    1   43.62    0.00   23.40    0.00    0.00    3.19    0.00    0.00    0.00   29.79

07時12分52秒  CPU    %usr   %nice    %sys %iowait    %irq   %soft  %steal  %guest  %gnice   %idle
07時12分53秒    0   49.50    0.00   38.61    0.00    0.00    8.91    0.00    0.00    0.00    2.97
07時12分53秒    1   41.94    0.00   27.96    0.00    0.00    2.15    0.00    0.00    0.00   27.96

07時12分53秒  CPU    %usr   %nice    %sys %iowait    %irq   %soft  %steal  %guest  %gnice   %idle
07時12分54秒    0   52.04    0.00   37.76    0.00    0.00    7.14    0.00    0.00    0.00    3.06
07時12分54秒    1   44.21    0.00   24.21    0.00    0.00    3.16    0.00    0.00    0.00   28.42

07時12分54秒  CPU    %usr   %nice    %sys %iowait    %irq   %soft  %steal  %guest  %gnice   %idle
07時12分55秒    0   53.47    0.00   35.64    0.00    0.00    8.91    0.00    0.00    0.00    1.98
07時12分55秒    1   43.75    0.00   22.92    0.00    0.00    3.12    0.00    0.00    0.00   30.21

07時12分55秒  CPU    %usr   %nice    %sys %iowait    %irq   %soft  %steal  %guest  %gnice   %idle
07時12分56秒    0   54.55    0.00   35.35    0.00    0.00    8.08    0.00    0.00    0.00    2.02
07時12分56秒    1   46.74    0.00   21.74    0.00    0.00    2.17    0.00    0.00    0.00   29.35

07時12分56秒  CPU    %usr   %nice    %sys %iowait    %irq   %soft  %steal  %guest  %gnice   %idle
07時12分57秒    0   54.46    0.00   35.64    0.00    0.00    7.92    0.00    0.00    0.00    1.98
07時12分57秒    1   46.32    0.00   21.05    0.00    1.05    3.16    0.00    0.00    0.00   28.42

07時12分57秒  CPU    %usr   %nice    %sys %iowait    %irq   %soft  %steal  %guest  %gnice   %idle
07時12分58秒    0   52.48    0.00   36.63    0.00    0.00    7.92    0.00    0.00    0.00    2.97
07時12分58秒    1   47.87    0.00   21.28    0.00    0.00    3.19    0.00    0.00    0.00   27.66

07時12分58秒  CPU    %usr   %nice    %sys %iowait    %irq   %soft  %steal  %guest  %gnice   %idle
07時12分59秒    0   48.00    0.00   42.00    0.00    0.00    8.00    0.00    0.00    0.00    2.00
07時12分59秒    1   49.46    0.00   20.43    0.00    0.00    2.15    0.00    0.00    0.00   27.96

07時12分59秒  CPU    %usr   %nice    %sys %iowait    %irq   %soft  %steal  %guest  %gnice   %idle
07時13分00秒    0   51.02    0.00   37.76    0.00    0.00    7.14    0.00    0.00    0.00    4.08
07時13分00秒    1   44.33    0.00   28.87    0.00    0.00    3.09    0.00    0.00    0.00   23.71

07時13分00秒  CPU    %usr   %nice    %sys %iowait    %irq   %soft  %steal  %guest  %gnice   %idle
07時13分01秒    0   47.06    0.00   43.14    0.00    0.98    8.82    0.00    0.00    0.00    0.00
07時13分01秒    1   52.48    0.00   46.53    0.00    0.00    0.99    0.00    0.00    0.00    0.00

07時13分01秒  CPU    %usr   %nice    %sys %iowait    %irq   %soft  %steal  %guest  %gnice   %idle
07時13分02秒    0   53.47    0.00   37.62    0.00    0.00    7.92    0.00    0.00    0.00    0.99
07時13分02秒    1   54.55    0.00   44.44    0.00    0.00    1.01    0.00    0.00    0.00    0.00

07時13分02秒  CPU    %usr   %nice    %sys %iowait    %irq   %soft  %steal  %guest  %gnice   %idle
07時13分03秒    0   56.57    0.00   35.35    0.00    0.00    8.08    0.00    0.00    0.00    0.00
07時13分03秒    1   52.00    0.00   47.00    0.00    0.00    1.00    0.00    0.00    0.00    0.00

07時13分03秒  CPU    %usr   %nice    %sys %iowait    %irq   %soft  %steal  %guest  %gnice   %idle
07時13分04秒    0   60.00    0.00   32.00    0.00    0.00    8.00    0.00    0.00    0.00    0.00
07時13分04秒    1   50.00    0.00   49.00    0.00    0.00    1.00    0.00    0.00    0.00    0.00

07時13分04秒  CPU    %usr   %nice    %sys %iowait    %irq   %soft  %steal  %guest  %gnice   %idle
07時13分05秒    0   51.52    0.00   40.40    0.00    0.00    8.08    0.00    0.00    0.00    0.00
07時13分05秒    1   57.00    0.00   42.00    0.00    0.00    1.00    0.00    0.00    0.00    0.00

07時13分05秒  CPU    %usr   %nice    %sys %iowait    %irq   %soft  %steal  %guest  %gnice   %idle
07時13分06秒    0   55.45    0.00   36.63    0.00    0.00    7.92    0.00    0.00    0.00    0.00
07時13分06秒    1   53.06    0.00   43.88    0.00    0.00    1.02    0.00    0.00    0.00    2.04

07時13分06秒  CPU    %usr   %nice    %sys %iowait    %irq   %soft  %steal  %guest  %gnice   %idle
07時13分07秒    0   58.00    0.00   33.00    0.00    0.00    8.00    0.00    0.00    0.00    1.00
07時13分07秒    1   52.00    0.00   47.00    0.00    0.00    1.00    0.00    0.00    0.00    0.00

07時13分07秒  CPU    %usr   %nice    %sys %iowait    %irq   %soft  %steal  %guest  %gnice   %idle
07時13分08秒    0   53.54    0.00   38.38    0.00    0.00    8.08    0.00    0.00    0.00    0.00
07時13分08秒    1   53.00    0.00   46.00    0.00    0.00    1.00    0.00    0.00    0.00    0.00

07時13分08秒  CPU    %usr   %nice    %sys %iowait    %irq   %soft  %steal  %guest  %gnice   %idle
07時13分09秒    0   57.00    0.00   35.00    0.00    0.00    8.00    0.00    0.00    0.00    0.00
07時13分09秒    1   56.00    0.00   43.00    0.00    0.00    1.00    0.00    0.00    0.00    0.00

07時13分09秒  CPU    %usr   %nice    %sys %iowait    %irq   %soft  %steal  %guest  %gnice   %idle
07時13分10秒    0   52.53    0.00   39.39    0.00    0.00    8.08    0.00    0.00    0.00    0.00
07時13分10秒    1   58.00    0.00   41.00    0.00    0.00    1.00    0.00    0.00    0.00    0.00

07時13分10秒  CPU    %usr   %nice    %sys %iowait    %irq   %soft  %steal  %guest  %gnice   %idle
07時13分11秒    0   58.42    0.00   33.66    0.00    0.00    7.92    0.00    0.00    0.00    0.00
07時13分11秒    1   50.51    0.00   47.47    0.00    0.00    1.01    0.00    0.00    0.00    1.01

07時13分11秒  CPU    %usr   %nice    %sys %iowait    %irq   %soft  %steal  %guest  %gnice   %idle
07時13分12秒    0   51.00    0.00   40.00    0.00    0.00    8.00    0.00    0.00    0.00    1.00
07時13分12秒    1   50.00    0.00   49.00    0.00    0.00    1.00    0.00    0.00    0.00    0.00

07時13分12秒  CPU    %usr   %nice    %sys %iowait    %irq   %soft  %steal  %guest  %gnice   %idle
07時13分13秒    0   61.00    0.00   31.00    0.00    0.00    8.00    0.00    0.00    0.00    0.00
07時13分13秒    1   61.00    0.00   38.00    0.00    0.00    1.00    0.00    0.00    0.00    0.00

07時13分13秒  CPU    %usr   %nice    %sys %iowait    %irq   %soft  %steal  %guest  %gnice   %idle
07時13分14秒    0   54.55    0.00   37.37    0.00    0.00    8.08    0.00    0.00    0.00    0.00
07時13分14秒    1   54.00    0.00   45.00    0.00    0.00    1.00    0.00    0.00    0.00    0.00

07時13分14秒  CPU    %usr   %nice    %sys %iowait    %irq   %soft  %steal  %guest  %gnice   %idle
07時13分15秒    0   55.00    0.00   37.00    0.00    0.00    8.00    0.00    0.00    0.00    0.00
07時13分15秒    1   60.40    0.00   37.62    0.00    0.99    0.99    0.00    0.00    0.00    0.00

07時13分15秒  CPU    %usr   %nice    %sys %iowait    %irq   %soft  %steal  %guest  %gnice   %idle
07時13分16秒    0   49.00    0.00   42.00    0.00    0.00    8.00    0.00    0.00    0.00    1.00
07時13分16秒    1   54.55    0.00   44.44    0.00    0.00    1.01    0.00    0.00    0.00    0.00

07時13分16秒  CPU    %usr   %nice    %sys %iowait    %irq   %soft  %steal  %guest  %gnice   %idle
07時13分17秒    0   53.54    0.00   37.37    0.00    1.01    8.08    0.00    0.00    0.00    0.00
07時13分17秒    1   55.45    0.00   43.56    0.00    0.00    0.99    0.00    0.00    0.00    0.00

07時13分17秒  CPU    %usr   %nice    %sys %iowait    %irq   %soft  %steal  %guest  %gnice   %idle
07時13分18秒    0   53.00    0.00   39.00    0.00    0.00    8.00    0.00    0.00    0.00    0.00
07時13分18秒    1   54.55    0.00   44.44    0.00    0.00    1.01    0.00    0.00    0.00    0.00

07時13分18秒  CPU    %usr   %nice    %sys %iowait    %irq   %soft  %steal  %guest  %gnice   %idle
07時13分19秒    0   54.46    0.00   36.63    0.00    0.00    7.92    0.00    0.00    0.00    0.99
07時13分19秒    1   55.88    0.00   37.25    0.00    0.00    1.96    0.00    0.00    0.00    4.90

07時13分19秒  CPU    %usr   %nice    %sys %iowait    %irq   %soft  %steal  %guest  %gnice   %idle
07時13分20秒    0   56.57    0.00   35.35    0.00    0.00    8.08    0.00    0.00    0.00    0.00
07時13分20秒    1   56.57    0.00   42.42    0.00    0.00    1.01    0.00    0.00    0.00    0.00

07時13分20秒  CPU    %usr   %nice    %sys %iowait    %irq   %soft  %steal  %guest  %gnice   %idle
07時13分21秒    0   47.47    0.00   44.44    0.00    0.00    8.08    0.00    0.00    0.00    0.00
07時13分21秒    1   59.00    0.00   40.00    0.00    0.00    1.00    0.00    0.00    0.00    0.00

07時13分21秒  CPU    %usr   %nice    %sys %iowait    %irq   %soft  %steal  %guest  %gnice   %idle
07時13分22秒    0   52.00    0.00   40.00    0.00    0.00    8.00    0.00    0.00    0.00    0.00
07時13分22秒    1   59.41    0.00   39.60    0.00    0.00    0.99    0.00    0.00    0.00    0.00

07時13分22秒  CPU    %usr   %nice    %sys %iowait    %irq   %soft  %steal  %guest  %gnice   %idle
07時13分23秒    0   54.00    0.00   38.00    0.00    0.00    8.00    0.00    0.00    0.00    0.00
07時13分23秒    1   62.63    0.00   36.36    0.00    0.00    1.01    0.00    0.00    0.00    0.00

07時13分23秒  CPU    %usr   %nice    %sys %iowait    %irq   %soft  %steal  %guest  %gnice   %idle
07時13分24秒    0   53.00    0.00   38.00    0.00    0.00    8.00    0.00    0.00    0.00    1.00
07時13分24秒    1   56.00    0.00   43.00    0.00    0.00    1.00    0.00    0.00    0.00    0.00

07時13分24秒  CPU    %usr   %nice    %sys %iowait    %irq   %soft  %steal  %guest  %gnice   %idle
07時13分25秒    0   58.00    0.00   34.00    0.00    0.00    8.00    0.00    0.00    0.00    0.00
07時13分25秒    1   59.60    0.00   39.39    0.00    0.00    1.01    0.00    0.00    0.00    0.00

07時13分25秒  CPU    %usr   %nice    %sys %iowait    %irq   %soft  %steal  %guest  %gnice   %idle
07時13分26秒    0   55.00    0.00   37.00    0.00    0.00    8.00    0.00    0.00    0.00    0.00
07時13分26秒    1   49.50    0.00   49.50    0.00    0.00    0.99    0.00    0.00    0.00    0.00

07時13分26秒  CPU    %usr   %nice    %sys %iowait    %irq   %soft  %steal  %guest  %gnice   %idle
07時13分27秒    0   55.45    0.00   35.64    0.00    0.00    8.91    0.00    0.00    0.00    0.00
07時13分27秒    1   60.61    0.00   38.38    0.00    0.00    1.01    0.00    0.00    0.00    0.00

07時13分27秒  CPU    %usr   %nice    %sys %iowait    %irq   %soft  %steal  %guest  %gnice   %idle
07時13分28秒    0   53.54    0.00   38.38    0.00    0.00    8.08    0.00    0.00    0.00    0.00
07時13分28秒    1   58.00    0.00   41.00    0.00    0.00    1.00    0.00    0.00    0.00    0.00

07時13分28秒  CPU    %usr   %nice    %sys %iowait    %irq   %soft  %steal  %guest  %gnice   %idle
07時13分29秒    0   52.48    0.00   37.62    0.00    0.00    7.92    0.00    0.00    0.00    1.98
07時13分29秒    1   56.00    0.00   42.00    0.00    0.00    1.00    0.00    0.00    0.00    1.00

07時13分29秒  CPU    %usr   %nice    %sys %iowait    %irq   %soft  %steal  %guest  %gnice   %idle
07時13分30秒    0   52.53    0.00   39.39    0.00    0.00    8.08    0.00    0.00    0.00    0.00
07時13分30秒    1   54.00    0.00   45.00    0.00    0.00    1.00    0.00    0.00    0.00    0.00

07時13分30秒  CPU    %usr   %nice    %sys %iowait    %irq   %soft  %steal  %guest  %gnice   %idle
07時13分31秒    0   53.00    0.00   39.00    0.00    0.00    8.00    0.00    0.00    0.00    0.00
07時13分31秒    1   59.00    0.00   40.00    0.00    0.00    1.00    0.00    0.00    0.00    0.00

07時13分31秒  CPU    %usr   %nice    %sys %iowait    %irq   %soft  %steal  %guest  %gnice   %idle
07時13分32秒    0   53.06    0.00   38.78    0.00    0.00    8.16    0.00    0.00    0.00    0.00
07時13分32秒    1   50.00    0.00   48.00    0.00    1.00    1.00    0.00    0.00    0.00    0.00

平均時間：  CPU    %usr   %nice    %sys %iowait    %irq   %soft  %steal  %guest  %gnice   %idle
平均時間：    0   52.62    0.00   37.17    0.00    0.06    8.18    0.00    0.00    0.00    1.97
平均時間：    1   52.21    0.00   37.57    0.00    0.07    1.57    0.00    0.00    0.00    8.59
