Linux 5.6.15-arch1-1 (archlinux) 	西元2020年06月29日 	_x86_64_	(12 CPU)

07時16分46秒  CPU    %usr   %nice    %sys %iowait    %irq   %soft  %steal  %guest  %gnice   %idle
07時16分47秒    0   57.00    0.00   35.00    0.00    0.00    8.00    0.00    0.00    0.00    0.00
07時16分47秒    1   55.00    0.00   44.00    0.00    0.00    1.00    0.00    0.00    0.00    0.00

07時16分47秒  CPU    %usr   %nice    %sys %iowait    %irq   %soft  %steal  %guest  %gnice   %idle
07時16分48秒    0   52.53    0.00   39.39    0.00    0.00    8.08    0.00    0.00    0.00    0.00
07時16分48秒    1   52.00    0.00   47.00    0.00    0.00    1.00    0.00    0.00    0.00    0.00

07時16分48秒  CPU    %usr   %nice    %sys %iowait    %irq   %soft  %steal  %guest  %gnice   %idle
07時16分49秒    0   57.00    0.00   35.00    0.00    0.00    8.00    0.00    0.00    0.00    0.00
07時16分49秒    1   57.43    0.00   41.58    0.00    0.00    0.99    0.00    0.00    0.00    0.00

07時16分49秒  CPU    %usr   %nice    %sys %iowait    %irq   %soft  %steal  %guest  %gnice   %idle
07時16分50秒    0   55.00    0.00   37.00    0.00    0.00    7.00    0.00    0.00    0.00    1.00
07時16分50秒    1   59.60    0.00   40.40    0.00    0.00    0.00    0.00    0.00    0.00    0.00

07時16分50秒  CPU    %usr   %nice    %sys %iowait    %irq   %soft  %steal  %guest  %gnice   %idle
07時16分51秒    0   54.00    0.00   38.00    0.00    0.00    8.00    0.00    0.00    0.00    0.00
07時16分51秒    1   54.00    0.00   45.00    0.00    0.00    1.00    0.00    0.00    0.00    0.00

07時16分51秒  CPU    %usr   %nice    %sys %iowait    %irq   %soft  %steal  %guest  %gnice   %idle
07時16分52秒    0   50.00    0.00   41.00    0.00    0.00    8.00    0.00    0.00    0.00    1.00
07時16分52秒    1   59.00    0.00   41.00    0.00    0.00    0.00    0.00    0.00    0.00    0.00

07時16分52秒  CPU    %usr   %nice    %sys %iowait    %irq   %soft  %steal  %guest  %gnice   %idle
07時16分53秒    0   51.00    0.00   41.00    0.00    0.00    8.00    0.00    0.00    0.00    0.00
07時16分53秒    1   56.00    0.00   43.00    0.00    0.00    1.00    0.00    0.00    0.00    0.00

07時16分53秒  CPU    %usr   %nice    %sys %iowait    %irq   %soft  %steal  %guest  %gnice   %idle
07時16分54秒    0   53.54    0.00   38.38    0.00    0.00    8.08    0.00    0.00    0.00    0.00
07時16分54秒    1   55.45    0.00   43.56    0.00    0.99    0.00    0.00    0.00    0.00    0.00

07時16分54秒  CPU    %usr   %nice    %sys %iowait    %irq   %soft  %steal  %guest  %gnice   %idle
07時16分55秒    0   54.46    0.00   37.62    0.00    0.00    7.92    0.00    0.00    0.00    0.00
07時16分55秒    1   61.00    0.00   38.00    0.00    0.00    1.00    0.00    0.00    0.00    0.00

07時16分55秒  CPU    %usr   %nice    %sys %iowait    %irq   %soft  %steal  %guest  %gnice   %idle
07時16分56秒    0   47.00    0.00   35.00    0.00    0.00    7.00    0.00    0.00    0.00   11.00
07時16分56秒    1   57.14    0.00   35.71    0.00    0.00    2.04    0.00    0.00    0.00    5.10

07時16分56秒  CPU    %usr   %nice    %sys %iowait    %irq   %soft  %steal  %guest  %gnice   %idle
07時16分57秒    0   49.49    0.00   39.39    0.00    0.00    8.08    0.00    0.00    0.00    3.03
07時16分57秒    1   49.47    0.00   21.05    0.00    0.00    2.11    0.00    0.00    0.00   27.37

07時16分57秒  CPU    %usr   %nice    %sys %iowait    %irq   %soft  %steal  %guest  %gnice   %idle
07時16分58秒    0   53.54    0.00   37.37    0.00    0.00    7.07    0.00    0.00    0.00    2.02
07時16分58秒    1   45.65    0.00   23.91    0.00    0.00    3.26    0.00    0.00    0.00   27.17

07時16分58秒  CPU    %usr   %nice    %sys %iowait    %irq   %soft  %steal  %guest  %gnice   %idle
07時16分59秒    0   48.51    0.00   39.60    0.00    0.99    7.92    0.00    0.00    0.00    2.97
07時16分59秒    1   48.42    0.00   22.11    0.00    0.00    2.11    0.00    0.00    0.00   27.37

07時16分59秒  CPU    %usr   %nice    %sys %iowait    %irq   %soft  %steal  %guest  %gnice   %idle
07時17分00秒    0   51.49    0.00   38.61    0.00    0.00    7.92    0.00    0.00    0.00    1.98
07時17分00秒    1   47.42    0.00   20.62    0.00    0.00    3.09    0.00    0.00    0.00   28.87

07時17分00秒  CPU    %usr   %nice    %sys %iowait    %irq   %soft  %steal  %guest  %gnice   %idle
07時17分01秒    0   56.00    0.00   33.00    0.00    0.00    8.00    0.00    0.00    0.00    3.00
07時17分01秒    1   46.24    0.00   22.58    0.00    0.00    2.15    0.00    0.00    0.00   29.03

07時17分01秒  CPU    %usr   %nice    %sys %iowait    %irq   %soft  %steal  %guest  %gnice   %idle
07時17分02秒    0   56.12    0.00   34.69    0.00    0.00    7.14    0.00    0.00    0.00    2.04
07時17分02秒    1   47.87    0.00   21.28    0.00    0.00    3.19    0.00    0.00    0.00   27.66

07時17分02秒  CPU    %usr   %nice    %sys %iowait    %irq   %soft  %steal  %guest  %gnice   %idle
07時17分03秒    0   54.00    0.00   35.00    0.00    0.00    8.00    0.00    0.00    0.00    3.00
07時17分03秒    1   47.87    0.00   21.28    0.00    0.00    2.13    0.00    0.00    0.00   28.72

07時17分03秒  CPU    %usr   %nice    %sys %iowait    %irq   %soft  %steal  %guest  %gnice   %idle
07時17分04秒    0   53.00    0.00   36.00    0.00    0.00    8.00    0.00    0.00    0.00    3.00
07時17分04秒    1   48.39    0.00   21.51    0.00    0.00    3.23    0.00    0.00    0.00   26.88

07時17分04秒  CPU    %usr   %nice    %sys %iowait    %irq   %soft  %steal  %guest  %gnice   %idle
07時17分05秒    0   53.00    0.00   37.00    0.00    0.00    7.00    0.00    0.00    0.00    3.00
07時17分05秒    1   46.32    0.00   24.21    0.00    0.00    2.11    0.00    0.00    0.00   27.37

07時17分05秒  CPU    %usr   %nice    %sys %iowait    %irq   %soft  %steal  %guest  %gnice   %idle
07時17分06秒    0   51.52    0.00   37.37    0.00    0.00    8.08    0.00    0.00    0.00    3.03
07時17分06秒    1   44.79    0.00   25.00    0.00    0.00    3.12    0.00    0.00    0.00   27.08

07時17分06秒  CPU    %usr   %nice    %sys %iowait    %irq   %soft  %steal  %guest  %gnice   %idle
07時17分07秒    0   53.00    0.00   37.00    0.00    0.00    8.00    0.00    0.00    0.00    2.00
07時17分07秒    1   50.00    0.00   20.21    0.00    0.00    2.13    0.00    0.00    0.00   27.66

07時17分07秒  CPU    %usr   %nice    %sys %iowait    %irq   %soft  %steal  %guest  %gnice   %idle
07時17分08秒    0   53.00    0.00   37.00    0.00    0.00    8.00    0.00    0.00    0.00    2.00
07時17分08秒    1   44.68    0.00   23.40    0.00    0.00    3.19    0.00    0.00    0.00   28.72

07時17分08秒  CPU    %usr   %nice    %sys %iowait    %irq   %soft  %steal  %guest  %gnice   %idle
07時17分09秒    0   51.00    0.00   35.00    0.00    0.00    7.00    0.00    0.00    0.00    7.00
07時17分09秒    1   53.54    0.00   39.39    0.00    0.00    1.01    0.00    0.00    0.00    6.06

07時17分09秒  CPU    %usr   %nice    %sys %iowait    %irq   %soft  %steal  %guest  %gnice   %idle
07時17分10秒    0   50.00    0.00   42.00    0.00    0.00    8.00    0.00    0.00    0.00    0.00
07時17分10秒    1   53.00    0.00   46.00    0.00    0.00    1.00    0.00    0.00    0.00    0.00

07時17分10秒  CPU    %usr   %nice    %sys %iowait    %irq   %soft  %steal  %guest  %gnice   %idle
07時17分11秒    0   54.00    0.00   38.00    0.00    0.00    8.00    0.00    0.00    0.00    0.00
07時17分11秒    1   55.00    0.00   44.00    0.00    0.00    1.00    0.00    0.00    0.00    0.00

07時17分11秒  CPU    %usr   %nice    %sys %iowait    %irq   %soft  %steal  %guest  %gnice   %idle
07時17分12秒    0   57.58    0.00   34.34    0.00    0.00    7.07    0.00    0.00    0.00    1.01
07時17分12秒    1   54.46    0.00   42.57    0.00    0.99    0.99    0.00    0.00    0.00    0.99

07時17分12秒  CPU    %usr   %nice    %sys %iowait    %irq   %soft  %steal  %guest  %gnice   %idle
07時17分13秒    0   51.00    0.00   41.00    0.00    0.00    8.00    0.00    0.00    0.00    0.00
07時17分13秒    1   56.57    0.00   41.41    0.00    0.00    1.01    0.00    0.00    0.00    1.01

07時17分13秒  CPU    %usr   %nice    %sys %iowait    %irq   %soft  %steal  %guest  %gnice   %idle
07時17分14秒    0   52.00    0.00   40.00    0.00    0.00    8.00    0.00    0.00    0.00    0.00
07時17分14秒    1   57.00    0.00   42.00    0.00    0.00    1.00    0.00    0.00    0.00    0.00

07時17分14秒  CPU    %usr   %nice    %sys %iowait    %irq   %soft  %steal  %guest  %gnice   %idle
07時17分15秒    0   55.56    0.00   36.36    0.00    0.00    8.08    0.00    0.00    0.00    0.00
07時17分15秒    1   57.58    0.00   40.40    0.00    0.00    1.01    0.00    0.00    0.00    1.01

07時17分15秒  CPU    %usr   %nice    %sys %iowait    %irq   %soft  %steal  %guest  %gnice   %idle
07時17分16秒    0   52.43    0.00   37.86    0.00    0.97    7.77    0.00    0.00    0.00    0.97
07時17分16秒    1   58.00    0.00   41.00    0.00    0.00    1.00    0.00    0.00    0.00    0.00

07時17分16秒  CPU    %usr   %nice    %sys %iowait    %irq   %soft  %steal  %guest  %gnice   %idle
07時17分17秒    0   52.04    0.00   40.82    0.00    0.00    7.14    0.00    0.00    0.00    0.00
07時17分17秒    1   55.56    0.00   43.43    0.00    0.00    1.01    0.00    0.00    0.00    0.00

07時17分17秒  CPU    %usr   %nice    %sys %iowait    %irq   %soft  %steal  %guest  %gnice   %idle
07時17分18秒    0   55.45    0.00   36.63    0.00    0.00    7.92    0.00    0.00    0.00    0.00
07時17分18秒    1   52.00    0.00   47.00    0.00    0.00    1.00    0.00    0.00    0.00    0.00

07時17分18秒  CPU    %usr   %nice    %sys %iowait    %irq   %soft  %steal  %guest  %gnice   %idle
07時17分19秒    0   53.54    0.00   38.38    0.00    0.00    8.08    0.00    0.00    0.00    0.00
07時17分19秒    1   50.50    0.00   48.51    0.00    0.00    0.99    0.00    0.00    0.00    0.00

07時17分19秒  CPU    %usr   %nice    %sys %iowait    %irq   %soft  %steal  %guest  %gnice   %idle
07時17分20秒    0   57.43    0.00   33.66    0.00    0.00    7.92    0.00    0.00    0.00    0.99
07時17分20秒    1   50.51    0.00   45.45    0.00    0.00    1.01    0.00    0.00    0.00    3.03

07時17分20秒  CPU    %usr   %nice    %sys %iowait    %irq   %soft  %steal  %guest  %gnice   %idle
07時17分21秒    0   53.54    0.00   39.39    0.00    0.00    7.07    0.00    0.00    0.00    0.00
07時17分21秒    1   56.00    0.00   43.00    0.00    0.00    1.00    0.00    0.00    0.00    0.00

07時17分21秒  CPU    %usr   %nice    %sys %iowait    %irq   %soft  %steal  %guest  %gnice   %idle
07時17分22秒    0   55.00    0.00   37.00    0.00    0.00    8.00    0.00    0.00    0.00    0.00
07時17分22秒    1   56.00    0.00   44.00    0.00    0.00    0.00    0.00    0.00    0.00    0.00

07時17分22秒  CPU    %usr   %nice    %sys %iowait    %irq   %soft  %steal  %guest  %gnice   %idle
07時17分23秒    0   58.42    0.00   32.67    0.00    0.00    7.92    0.00    0.00    0.00    0.99
07時17分23秒    1   56.57    0.00   42.42    0.00    0.00    1.01    0.00    0.00    0.00    0.00

07時17分23秒  CPU    %usr   %nice    %sys %iowait    %irq   %soft  %steal  %guest  %gnice   %idle
07時17分24秒    0   55.56    0.00   37.37    0.00    0.00    7.07    0.00    0.00    0.00    0.00
07時17分24秒    1   59.41    0.00   39.60    0.00    0.00    0.99    0.00    0.00    0.00    0.00

07時17分24秒  CPU    %usr   %nice    %sys %iowait    %irq   %soft  %steal  %guest  %gnice   %idle
07時17分25秒    0   47.47    0.00   44.44    0.00    0.00    8.08    0.00    0.00    0.00    0.00
07時17分25秒    1   54.00    0.00   45.00    0.00    0.00    1.00    0.00    0.00    0.00    0.00

07時17分25秒  CPU    %usr   %nice    %sys %iowait    %irq   %soft  %steal  %guest  %gnice   %idle
07時17分26秒    0   57.00    0.00   35.00    0.00    0.00    8.00    0.00    0.00    0.00    0.00
07時17分26秒    1   59.00    0.00   40.00    0.00    0.00    1.00    0.00    0.00    0.00    0.00

07時17分26秒  CPU    %usr   %nice    %sys %iowait    %irq   %soft  %steal  %guest  %gnice   %idle
07時17分27秒    0   52.00    0.00   39.00    0.00    0.00    8.00    0.00    0.00    0.00    1.00
07時17分27秒    1   53.00    0.00   46.00    0.00    0.00    1.00    0.00    0.00    0.00    0.00

07時17分27秒  CPU    %usr   %nice    %sys %iowait    %irq   %soft  %steal  %guest  %gnice   %idle
07時17分28秒    0   54.00    0.00   38.00    0.00    0.00    8.00    0.00    0.00    0.00    0.00
07時17分28秒    1   53.00    0.00   46.00    0.00    0.00    1.00    0.00    0.00    0.00    0.00

07時17分28秒  CPU    %usr   %nice    %sys %iowait    %irq   %soft  %steal  %guest  %gnice   %idle
07時17分29秒    0   53.00    0.00   39.00    0.00    0.00    8.00    0.00    0.00    0.00    0.00
07時17分29秒    1   53.54    0.00   44.44    0.00    1.01    0.00    0.00    0.00    0.00    1.01

07時17分29秒  CPU    %usr   %nice    %sys %iowait    %irq   %soft  %steal  %guest  %gnice   %idle
07時17分30秒    0   54.55    0.00   38.38    0.00    0.00    7.07    0.00    0.00    0.00    0.00
07時17分30秒    1   52.48    0.00   46.53    0.00    0.00    0.99    0.00    0.00    0.00    0.00

07時17分30秒  CPU    %usr   %nice    %sys %iowait    %irq   %soft  %steal  %guest  %gnice   %idle
07時17分31秒    0   51.49    0.00   39.60    0.00    0.00    7.92    0.00    0.00    0.00    0.99
07時17分31秒    1   60.00    0.00   39.00    0.00    0.00    1.00    0.00    0.00    0.00    0.00

07時17分31秒  CPU    %usr   %nice    %sys %iowait    %irq   %soft  %steal  %guest  %gnice   %idle
07時17分32秒    0   51.52    0.00   39.39    0.00    1.01    8.08    0.00    0.00    0.00    0.00
07時17分32秒    1   50.51    0.00   48.48    0.00    0.00    1.01    0.00    0.00    0.00    0.00

07時17分32秒  CPU    %usr   %nice    %sys %iowait    %irq   %soft  %steal  %guest  %gnice   %idle
07時17分33秒    0   54.55    0.00   37.37    0.00    0.00    8.08    0.00    0.00    0.00    0.00
07時17分33秒    1   55.00    0.00   44.00    0.00    0.00    1.00    0.00    0.00    0.00    0.00

07時17分33秒  CPU    %usr   %nice    %sys %iowait    %irq   %soft  %steal  %guest  %gnice   %idle
07時17分34秒    0   51.00    0.00   41.00    0.00    0.00    8.00    0.00    0.00    0.00    0.00
07時17分34秒    1   56.00    0.00   43.00    0.00    0.00    1.00    0.00    0.00    0.00    0.00

07時17分34秒  CPU    %usr   %nice    %sys %iowait    %irq   %soft  %steal  %guest  %gnice   %idle
07時17分35秒    0   55.45    0.00   35.64    0.00    0.00    7.92    0.00    0.00    0.00    0.99
07時17分35秒    1   49.00    0.00   47.00    0.00    0.00    1.00    0.00    0.00    0.00    3.00

07時17分35秒  CPU    %usr   %nice    %sys %iowait    %irq   %soft  %steal  %guest  %gnice   %idle
07時17分36秒    0   54.08    0.00   38.78    0.00    0.00    7.14    0.00    0.00    0.00    0.00
07時17分36秒    1   57.00    0.00   42.00    0.00    0.00    1.00    0.00    0.00    0.00    0.00

07時17分36秒  CPU    %usr   %nice    %sys %iowait    %irq   %soft  %steal  %guest  %gnice   %idle
07時17分37秒    0   51.00    0.00   41.00    0.00    0.00    8.00    0.00    0.00    0.00    0.00
07時17分37秒    1   58.00    0.00   42.00    0.00    0.00    0.00    0.00    0.00    0.00    0.00

07時17分37秒  CPU    %usr   %nice    %sys %iowait    %irq   %soft  %steal  %guest  %gnice   %idle
07時17分38秒    0   53.54    0.00   38.38    0.00    0.00    8.08    0.00    0.00    0.00    0.00
07時17分38秒    1   56.57    0.00   42.42    0.00    0.00    1.01    0.00    0.00    0.00    0.00

07時17分38秒  CPU    %usr   %nice    %sys %iowait    %irq   %soft  %steal  %guest  %gnice   %idle
07時17分39秒    0   54.90    0.00   36.27    0.00    0.00    7.84    0.00    0.00    0.00    0.98
07時17分39秒    1   55.00    0.00   44.00    0.00    0.00    1.00    0.00    0.00    0.00    0.00

07時17分39秒  CPU    %usr   %nice    %sys %iowait    %irq   %soft  %steal  %guest  %gnice   %idle
07時17分40秒    0   49.49    0.00   38.38    0.00    0.00    7.07    0.00    0.00    0.00    5.05
07時17分40秒    1   54.55    0.00   34.34    0.00    0.00    2.02    0.00    0.00    0.00    9.09

07時17分40秒  CPU    %usr   %nice    %sys %iowait    %irq   %soft  %steal  %guest  %gnice   %idle
07時17分41秒    0   54.00    0.00   38.00    0.00    0.00    8.00    0.00    0.00    0.00    0.00
07時17分41秒    1   57.58    0.00   42.42    0.00    0.00    0.00    0.00    0.00    0.00    0.00

07時17分41秒  CPU    %usr   %nice    %sys %iowait    %irq   %soft  %steal  %guest  %gnice   %idle
07時17分42秒    0   57.00    0.00   35.00    0.00    0.00    8.00    0.00    0.00    0.00    0.00
07時17分42秒    1   58.59    0.00   40.40    0.00    0.00    1.01    0.00    0.00    0.00    0.00

07時17分42秒  CPU    %usr   %nice    %sys %iowait    %irq   %soft  %steal  %guest  %gnice   %idle
07時17分43秒    0   60.61    0.00   32.32    0.00    0.00    7.07    0.00    0.00    0.00    0.00
07時17分43秒    1   57.00    0.00   42.00    0.00    0.00    1.00    0.00    0.00    0.00    0.00

07時17分43秒  CPU    %usr   %nice    %sys %iowait    %irq   %soft  %steal  %guest  %gnice   %idle
07時17分44秒    0   53.00    0.00   39.00    0.00    0.00    8.00    0.00    0.00    0.00    0.00
07時17分44秒    1   49.50    0.00   49.50    0.00    0.00    0.99    0.00    0.00    0.00    0.00

07時17分44秒  CPU    %usr   %nice    %sys %iowait    %irq   %soft  %steal  %guest  %gnice   %idle
07時17分45秒    0   51.52    0.00   39.39    0.00    0.00    8.08    0.00    0.00    0.00    1.01
07時17分45秒    1   52.53    0.00   45.45    0.00    0.00    1.01    0.00    0.00    0.00    1.01

07時17分45秒  CPU    %usr   %nice    %sys %iowait    %irq   %soft  %steal  %guest  %gnice   %idle
07時17分46秒    0   55.00    0.00   37.00    0.00    0.00    8.00    0.00    0.00    0.00    0.00
07時17分46秒    1   55.45    0.00   42.57    0.00    0.99    0.99    0.00    0.00    0.00    0.00

07時17分46秒  CPU    %usr   %nice    %sys %iowait    %irq   %soft  %steal  %guest  %gnice   %idle
07時17分47秒    0   50.00    0.00   42.00    0.00    0.00    7.00    0.00    0.00    0.00    1.00
07時17分47秒    1   54.46    0.00   44.55    0.00    0.00    0.99    0.00    0.00    0.00    0.00

07時17分47秒  CPU    %usr   %nice    %sys %iowait    %irq   %soft  %steal  %guest  %gnice   %idle
07時17分48秒    0   55.00    0.00   37.00    0.00    0.00    8.00    0.00    0.00    0.00    0.00
07時17分48秒    1   57.00    0.00   42.00    0.00    0.00    1.00    0.00    0.00    0.00    0.00

07時17分48秒  CPU    %usr   %nice    %sys %iowait    %irq   %soft  %steal  %guest  %gnice   %idle
07時17分49秒    0   54.00    0.00   37.00    0.00    1.00    8.00    0.00    0.00    0.00    0.00
07時17分49秒    1   57.14    0.00   42.86    0.00    0.00    0.00    0.00    0.00    0.00    0.00

07時17分49秒  CPU    %usr   %nice    %sys %iowait    %irq   %soft  %steal  %guest  %gnice   %idle
07時17分50秒    0   56.00    0.00   36.00    0.00    0.00    8.00    0.00    0.00    0.00    0.00
07時17分50秒    1   59.41    0.00   39.60    0.00    0.00    0.99    0.00    0.00    0.00    0.00

07時17分50秒  CPU    %usr   %nice    %sys %iowait    %irq   %soft  %steal  %guest  %gnice   %idle
07時17分51秒    0   53.00    0.00   39.00    0.00    0.00    7.00    0.00    0.00    0.00    1.00
07時17分51秒    1   57.00    0.00   42.00    0.00    0.00    1.00    0.00    0.00    0.00    0.00

07時17分51秒  CPU    %usr   %nice    %sys %iowait    %irq   %soft  %steal  %guest  %gnice   %idle
07時17分52秒    0   59.60    0.00   32.32    0.00    0.00    8.08    0.00    0.00    0.00    0.00
07時17分52秒    1   47.47    0.00   51.52    0.00    0.00    1.01    0.00    0.00    0.00    0.00

07時17分52秒  CPU    %usr   %nice    %sys %iowait    %irq   %soft  %steal  %guest  %gnice   %idle
07時17分53秒    0   57.00    0.00   35.00    0.00    0.00    8.00    0.00    0.00    0.00    0.00
07時17分53秒    1   58.42    0.00   40.59    0.00    0.00    0.99    0.00    0.00    0.00    0.00

07時17分53秒  CPU    %usr   %nice    %sys %iowait    %irq   %soft  %steal  %guest  %gnice   %idle
07時17分54秒    0   57.00    0.00   35.00    0.00    0.00    8.00    0.00    0.00    0.00    0.00
07時17分54秒    1   56.00    0.00   43.00    0.00    0.00    1.00    0.00    0.00    0.00    0.00

07時17分54秒  CPU    %usr   %nice    %sys %iowait    %irq   %soft  %steal  %guest  %gnice   %idle
07時17分55秒    0   54.55    0.00   38.38    0.00    0.00    7.07    0.00    0.00    0.00    0.00
07時17分55秒    1   58.00    0.00   41.00    0.00    0.00    1.00    0.00    0.00    0.00    0.00

07時17分55秒  CPU    %usr   %nice    %sys %iowait    %irq   %soft  %steal  %guest  %gnice   %idle
07時17分56秒    0   53.00    0.00   38.00    0.00    0.00    8.00    0.00    0.00    0.00    1.00
07時17分56秒    1   58.59    0.00   41.41    0.00    0.00    0.00    0.00    0.00    0.00    0.00

07時17分56秒  CPU    %usr   %nice    %sys %iowait    %irq   %soft  %steal  %guest  %gnice   %idle
07時17分57秒    0   52.53    0.00   39.39    0.00    0.00    8.08    0.00    0.00    0.00    0.00
07時17分57秒    1   61.00    0.00   38.00    0.00    0.00    1.00    0.00    0.00    0.00    0.00

07時17分57秒  CPU    %usr   %nice    %sys %iowait    %irq   %soft  %steal  %guest  %gnice   %idle
07時17分58秒    0   51.49    0.00   38.61    0.00    0.00    7.92    0.00    0.00    0.00    1.98
07時17分58秒    1   56.57    0.00   42.42    0.00    0.00    1.01    0.00    0.00    0.00    0.00

07時17分58秒  CPU    %usr   %nice    %sys %iowait    %irq   %soft  %steal  %guest  %gnice   %idle
07時17分59秒    0   51.00    0.00   40.00    0.00    0.00    8.00    0.00    0.00    0.00    1.00
07時17分59秒    1   53.00    0.00   46.00    0.00    0.00    1.00    0.00    0.00    0.00    0.00

07時17分59秒  CPU    %usr   %nice    %sys %iowait    %irq   %soft  %steal  %guest  %gnice   %idle
07時18分00秒    0   55.56    0.00   37.37    0.00    0.00    7.07    0.00    0.00    0.00    0.00
07時18分00秒    1   60.40    0.00   38.61    0.00    0.00    0.99    0.00    0.00    0.00    0.00

07時18分00秒  CPU    %usr   %nice    %sys %iowait    %irq   %soft  %steal  %guest  %gnice   %idle
07時18分01秒    0   50.00    0.00   42.00    0.00    0.00    8.00    0.00    0.00    0.00    0.00
07時18分01秒    1   51.52    0.00   47.47    0.00    0.00    1.01    0.00    0.00    0.00    0.00

07時18分01秒  CPU    %usr   %nice    %sys %iowait    %irq   %soft  %steal  %guest  %gnice   %idle
07時18分02秒    0   52.00    0.00   40.00    0.00    0.00    8.00    0.00    0.00    0.00    0.00
07時18分02秒    1   57.00    0.00   42.00    0.00    0.00    1.00    0.00    0.00    0.00    0.00

07時18分02秒  CPU    %usr   %nice    %sys %iowait    %irq   %soft  %steal  %guest  %gnice   %idle
07時18分03秒    0   49.00    0.00   42.00    0.00    0.00    8.00    0.00    0.00    0.00    1.00
07時18分03秒    1   54.00    0.00   44.00    0.00    1.00    0.00    0.00    0.00    0.00    1.00

07時18分03秒  CPU    %usr   %nice    %sys %iowait    %irq   %soft  %steal  %guest  %gnice   %idle
07時18分04秒    0   54.00    0.00   38.00    0.00    0.00    8.00    0.00    0.00    0.00    0.00
07時18分04秒    1   53.00    0.00   46.00    0.00    0.00    1.00    0.00    0.00    0.00    0.00

07時18分04秒  CPU    %usr   %nice    %sys %iowait    %irq   %soft  %steal  %guest  %gnice   %idle
07時18分05秒    0   52.00    0.00   37.00    0.00    0.00    7.00    0.00    0.00    0.00    4.00
07時18分05秒    1   61.00    0.00   38.00    0.00    0.00    1.00    0.00    0.00    0.00    0.00

07時18分05秒  CPU    %usr   %nice    %sys %iowait    %irq   %soft  %steal  %guest  %gnice   %idle
07時18分06秒    0   53.47    0.00   37.62    0.00    0.99    7.92    0.00    0.00    0.00    0.00
07時18分06秒    1   56.00    0.00   43.00    0.00    0.00    1.00    0.00    0.00    0.00    0.00

07時18分06秒  CPU    %usr   %nice    %sys %iowait    %irq   %soft  %steal  %guest  %gnice   %idle
07時18分07秒    0   56.00    0.00   36.00    0.00    0.00    8.00    0.00    0.00    0.00    0.00
07時18分07秒    1   59.00    0.00   40.00    0.00    0.00    1.00    0.00    0.00    0.00    0.00

07時18分07秒  CPU    %usr   %nice    %sys %iowait    %irq   %soft  %steal  %guest  %gnice   %idle
07時18分08秒    0   55.56    0.00   37.37    0.00    0.00    7.07    0.00    0.00    0.00    0.00
07時18分08秒    1   59.41    0.00   39.60    0.00    0.00    0.99    0.00    0.00    0.00    0.00

07時18分08秒  CPU    %usr   %nice    %sys %iowait    %irq   %soft  %steal  %guest  %gnice   %idle
07時18分09秒    0   54.46    0.00   36.63    0.00    0.00    7.92    0.00    0.00    0.00    0.99
07時18分09秒    1   54.00    0.00   45.00    0.00    0.00    1.00    0.00    0.00    0.00    0.00

07時18分09秒  CPU    %usr   %nice    %sys %iowait    %irq   %soft  %steal  %guest  %gnice   %idle
07時18分10秒    0   50.00    0.00   42.00    0.00    0.00    8.00    0.00    0.00    0.00    0.00
07時18分10秒    1   56.57    0.00   42.42    0.00    0.00    0.00    0.00    0.00    0.00    1.01

07時18分10秒  CPU    %usr   %nice    %sys %iowait    %irq   %soft  %steal  %guest  %gnice   %idle
07時18分11秒    0   55.10    0.00   37.76    0.00    0.00    7.14    0.00    0.00    0.00    0.00
07時18分11秒    1   57.43    0.00   41.58    0.00    0.00    0.99    0.00    0.00    0.00    0.00

07時18分11秒  CPU    %usr   %nice    %sys %iowait    %irq   %soft  %steal  %guest  %gnice   %idle
07時18分12秒    0   50.00    0.00   41.18    0.00    0.00    7.84    0.00    0.00    0.00    0.98
07時18分12秒    1   56.00    0.00   43.00    0.00    0.00    1.00    0.00    0.00    0.00    0.00

07時18分12秒  CPU    %usr   %nice    %sys %iowait    %irq   %soft  %steal  %guest  %gnice   %idle
07時18分13秒    0   55.00    0.00   37.00    0.00    0.00    8.00    0.00    0.00    0.00    0.00
07時18分13秒    1   52.53    0.00   46.46    0.00    0.00    1.01    0.00    0.00    0.00    0.00

07時18分13秒  CPU    %usr   %nice    %sys %iowait    %irq   %soft  %steal  %guest  %gnice   %idle
07時18分14秒    0   50.00    0.00   42.86    0.00    0.00    7.14    0.00    0.00    0.00    0.00
07時18分14秒    1   55.00    0.00   44.00    0.00    0.00    1.00    0.00    0.00    0.00    0.00

07時18分14秒  CPU    %usr   %nice    %sys %iowait    %irq   %soft  %steal  %guest  %gnice   %idle
07時18分15秒    0   51.00    0.00   41.00    0.00    0.00    8.00    0.00    0.00    0.00    0.00
07時18分15秒    1   59.00    0.00   40.00    0.00    0.00    1.00    0.00    0.00    0.00    0.00

07時18分15秒  CPU    %usr   %nice    %sys %iowait    %irq   %soft  %steal  %guest  %gnice   %idle
07時18分16秒    0   53.00    0.00   38.00    0.00    0.00    8.00    0.00    0.00    0.00    1.00
07時18分16秒    1   53.00    0.00   46.00    0.00    0.00    1.00    0.00    0.00    0.00    0.00

07時18分16秒  CPU    %usr   %nice    %sys %iowait    %irq   %soft  %steal  %guest  %gnice   %idle
07時18分17秒    0   54.55    0.00   38.38    0.00    0.00    7.07    0.00    0.00    0.00    0.00
07時18分17秒    1   57.00    0.00   43.00    0.00    0.00    0.00    0.00    0.00    0.00    0.00

07時18分17秒  CPU    %usr   %nice    %sys %iowait    %irq   %soft  %steal  %guest  %gnice   %idle
07時18分18秒    0   54.55    0.00   37.37    0.00    0.00    8.08    0.00    0.00    0.00    0.00
07時18分18秒    1   59.18    0.00   38.78    0.00    0.00    1.02    0.00    0.00    0.00    1.02

07時18分18秒  CPU    %usr   %nice    %sys %iowait    %irq   %soft  %steal  %guest  %gnice   %idle
07時18分19秒    0   54.46    0.00   36.63    0.00    0.00    7.92    0.00    0.00    0.00    0.99
07時18分19秒    1   53.47    0.00   38.61    0.00    0.00    1.98    0.00    0.00    0.00    5.94

07時18分19秒  CPU    %usr   %nice    %sys %iowait    %irq   %soft  %steal  %guest  %gnice   %idle
07時18分20秒    0   52.04    0.00   39.80    0.00    0.00    8.16    0.00    0.00    0.00    0.00
07時18分20秒    1   54.55    0.00   44.44    0.00    1.01    0.00    0.00    0.00    0.00    0.00

07時18分20秒  CPU    %usr   %nice    %sys %iowait    %irq   %soft  %steal  %guest  %gnice   %idle
07時18分21秒    0   56.86    0.00   34.31    0.00    0.00    7.84    0.00    0.00    0.00    0.98
07時18分21秒    1   58.00    0.00   41.00    0.00    0.00    1.00    0.00    0.00    0.00    0.00

07時18分21秒  CPU    %usr   %nice    %sys %iowait    %irq   %soft  %steal  %guest  %gnice   %idle
07時18分22秒    0   54.55    0.00   36.36    0.00    1.01    8.08    0.00    0.00    0.00    0.00
07時18分22秒    1   56.44    0.00   41.58    0.00    0.99    0.99    0.00    0.00    0.00    0.00

07時18分22秒  CPU    %usr   %nice    %sys %iowait    %irq   %soft  %steal  %guest  %gnice   %idle
07時18分23秒    0   52.53    0.00   40.40    0.00    0.00    7.07    0.00    0.00    0.00    0.00
07時18分23秒    1   53.47    0.00   45.54    0.00    0.00    0.99    0.00    0.00    0.00    0.00

07時18分23秒  CPU    %usr   %nice    %sys %iowait    %irq   %soft  %steal  %guest  %gnice   %idle
07時18分24秒    0   55.00    0.00   36.00    0.00    0.00    8.00    0.00    0.00    0.00    1.00
07時18分24秒    1   57.00    0.00   41.00    0.00    0.00    1.00    0.00    0.00    0.00    1.00

07時18分24秒  CPU    %usr   %nice    %sys %iowait    %irq   %soft  %steal  %guest  %gnice   %idle
07時18分25秒    0   57.00    0.00   35.00    0.00    0.00    8.00    0.00    0.00    0.00    0.00
07時18分25秒    1   56.57    0.00   42.42    0.00    0.00    1.01    0.00    0.00    0.00    0.00

07時18分25秒  CPU    %usr   %nice    %sys %iowait    %irq   %soft  %steal  %guest  %gnice   %idle
07時18分26秒    0   58.16    0.00   34.69    0.00    0.00    7.14    0.00    0.00    0.00    0.00
07時18分26秒    1   57.43    0.00   41.58    0.00    0.00    0.99    0.00    0.00    0.00    0.00

07時18分26秒  CPU    %usr   %nice    %sys %iowait    %irq   %soft  %steal  %guest  %gnice   %idle
07時18分27秒    0   58.42    0.00   32.67    0.00    0.00    7.92    0.00    0.00    0.00    0.99
07時18分27秒    1   56.57    0.00   42.42    0.00    0.00    1.01    0.00    0.00    0.00    0.00

07時18分27秒  CPU    %usr   %nice    %sys %iowait    %irq   %soft  %steal  %guest  %gnice   %idle
07時18分28秒    0   54.00    0.00   38.00    0.00    0.00    8.00    0.00    0.00    0.00    0.00
07時18分28秒    1   57.58    0.00   42.42    0.00    0.00    0.00    0.00    0.00    0.00    0.00

07時18分28秒  CPU    %usr   %nice    %sys %iowait    %irq   %soft  %steal  %guest  %gnice   %idle
07時18分29秒    0   54.00    0.00   38.00    0.00    0.00    8.00    0.00    0.00    0.00    0.00
07時18分29秒    1   56.57    0.00   42.42    0.00    0.00    1.01    0.00    0.00    0.00    0.00

07時18分29秒  CPU    %usr   %nice    %sys %iowait    %irq   %soft  %steal  %guest  %gnice   %idle
07時18分30秒    0   53.00    0.00   39.00    0.00    0.00    7.00    0.00    0.00    0.00    1.00
07時18分30秒    1   55.45    0.00   41.58    0.00    0.00    0.99    0.00    0.00    0.00    1.98

07時18分30秒  CPU    %usr   %nice    %sys %iowait    %irq   %soft  %steal  %guest  %gnice   %idle
07時18分31秒    0   54.00    0.00   38.00    0.00    0.00    8.00    0.00    0.00    0.00    0.00
07時18分31秒    1   62.00    0.00   37.00    0.00    0.00    1.00    0.00    0.00    0.00    0.00

07時18分31秒  CPU    %usr   %nice    %sys %iowait    %irq   %soft  %steal  %guest  %gnice   %idle
07時18分32秒    0   55.45    0.00   36.63    0.00    0.00    7.92    0.00    0.00    0.00    0.00
07時18分32秒    1   57.58    0.00   41.41    0.00    0.00    1.01    0.00    0.00    0.00    0.00

07時18分32秒  CPU    %usr   %nice    %sys %iowait    %irq   %soft  %steal  %guest  %gnice   %idle
07時18分33秒    0   52.00    0.00   40.00    0.00    0.00    8.00    0.00    0.00    0.00    0.00
07時18分33秒    1   53.00    0.00   46.00    0.00    0.00    1.00    0.00    0.00    0.00    0.00

07時18分33秒  CPU    %usr   %nice    %sys %iowait    %irq   %soft  %steal  %guest  %gnice   %idle
07時18分34秒    0   51.52    0.00   40.40    0.00    0.00    7.07    0.00    0.00    0.00    1.01
07時18分34秒    1   55.00    0.00   44.00    0.00    0.00    1.00    0.00    0.00    0.00    0.00

07時18分34秒  CPU    %usr   %nice    %sys %iowait    %irq   %soft  %steal  %guest  %gnice   %idle
07時18分35秒    0   53.00    0.00   39.00    0.00    0.00    8.00    0.00    0.00    0.00    0.00
07時18分35秒    1   53.00    0.00   46.00    0.00    0.00    1.00    0.00    0.00    0.00    0.00

07時18分35秒  CPU    %usr   %nice    %sys %iowait    %irq   %soft  %steal  %guest  %gnice   %idle
07時18分36秒    0   59.00    0.00   33.00    0.00    0.00    8.00    0.00    0.00    0.00    0.00
07時18分36秒    1   54.00    0.00   44.00    0.00    0.00    1.00    0.00    0.00    0.00    1.00

07時18分36秒  CPU    %usr   %nice    %sys %iowait    %irq   %soft  %steal  %guest  %gnice   %idle
07時18分37秒    0   53.47    0.00   37.62    0.00    0.00    7.92    0.00    0.00    0.00    0.99
07時18分37秒    1   58.59    0.00   41.41    0.00    0.00    0.00    0.00    0.00    0.00    0.00

07時18分37秒  CPU    %usr   %nice    %sys %iowait    %irq   %soft  %steal  %guest  %gnice   %idle
07時18分38秒    0   53.54    0.00   39.39    0.00    0.00    7.07    0.00    0.00    0.00    0.00
07時18分38秒    1   58.42    0.00   40.59    0.00    0.00    0.99    0.00    0.00    0.00    0.00

07時18分38秒  CPU    %usr   %nice    %sys %iowait    %irq   %soft  %steal  %guest  %gnice   %idle
07時18分39秒    0   52.00    0.00   39.00    0.00    1.00    8.00    0.00    0.00    0.00    0.00
07時18分39秒    1   58.42    0.00   39.60    0.00    0.99    0.99    0.00    0.00    0.00    0.00

07時18分39秒  CPU    %usr   %nice    %sys %iowait    %irq   %soft  %steal  %guest  %gnice   %idle
07時18分40秒    0   51.52    0.00   40.40    0.00    0.00    8.08    0.00    0.00    0.00    0.00
07時18分40秒    1   54.00    0.00   45.00    0.00    0.00    1.00    0.00    0.00    0.00    0.00

07時18分40秒  CPU    %usr   %nice    %sys %iowait    %irq   %soft  %steal  %guest  %gnice   %idle
07時18分41秒    0   52.48    0.00   38.61    0.00    0.00    7.92    0.00    0.00    0.00    0.99
07時18分41秒    1   56.00    0.00   43.00    0.00    0.00    1.00    0.00    0.00    0.00    0.00

07時18分41秒  CPU    %usr   %nice    %sys %iowait    %irq   %soft  %steal  %guest  %gnice   %idle
07時18分42秒    0   56.57    0.00   35.35    0.00    0.00    8.08    0.00    0.00    0.00    0.00
07時18分42秒    1   58.59    0.00   40.40    0.00    0.00    1.01    0.00    0.00    0.00    0.00

07時18分42秒  CPU    %usr   %nice    %sys %iowait    %irq   %soft  %steal  %guest  %gnice   %idle
07時18分43秒    0   54.00    0.00   39.00    0.00    0.00    7.00    0.00    0.00    0.00    0.00
07時18分43秒    1   58.42    0.00   40.59    0.00    0.00    0.99    0.00    0.00    0.00    0.00

07時18分43秒  CPU    %usr   %nice    %sys %iowait    %irq   %soft  %steal  %guest  %gnice   %idle
07時18分44秒    0   58.59    0.00   33.33    0.00    0.00    8.08    0.00    0.00    0.00    0.00
07時18分44秒    1   54.00    0.00   45.00    0.00    0.00    1.00    0.00    0.00    0.00    0.00

07時18分44秒  CPU    %usr   %nice    %sys %iowait    %irq   %soft  %steal  %guest  %gnice   %idle
07時18分45秒    0   52.48    0.00   38.61    0.00    0.00    7.92    0.00    0.00    0.00    0.99
07時18分45秒    1   61.22    0.00   36.73    0.00    0.00    1.02    0.00    0.00    0.00    1.02

07時18分45秒  CPU    %usr   %nice    %sys %iowait    %irq   %soft  %steal  %guest  %gnice   %idle
07時18分46秒    0   53.00    0.00   39.00    0.00    0.00    8.00    0.00    0.00    0.00    0.00
07時18分46秒    1   54.46    0.00   44.55    0.00    0.00    0.99    0.00    0.00    0.00    0.00

平均時間：  CPU    %usr   %nice    %sys %iowait    %irq   %soft  %steal  %guest  %gnice   %idle
平均時間：    0   53.64    0.00   37.80    0.00    0.06    7.77    0.00    0.00    0.00    0.73
平均時間：    1   55.11    0.00   40.75    0.00    0.07    1.06    0.00    0.00    0.00    3.02
