Linux 5.6.15-arch1-1 (archlinux) 	西元2020年06月29日 	_x86_64_	(12 CPU)

07時22分00秒  CPU    %usr   %nice    %sys %iowait    %irq   %soft  %steal  %guest  %gnice   %idle
07時22分01秒    0   54.46    0.00   34.65    0.00    0.00    7.92    0.00    0.00    0.00    2.97
07時22分01秒    1   42.86    0.00   24.49    0.00    0.00    3.06    0.00    0.00    0.00   29.59

07時22分01秒  CPU    %usr   %nice    %sys %iowait    %irq   %soft  %steal  %guest  %gnice   %idle
07時22分02秒    0   55.56    0.00   35.35    0.00    0.00    8.08    0.00    0.00    0.00    1.01
07時22分02秒    1   44.57    0.00   26.09    0.00    0.00    2.17    0.00    0.00    0.00   27.17

07時22分02秒  CPU    %usr   %nice    %sys %iowait    %irq   %soft  %steal  %guest  %gnice   %idle
07時22分03秒    0   55.45    0.00   33.66    0.00    0.99    7.92    0.00    0.00    0.00    1.98
07時22分03秒    1   42.71    0.00   25.00    0.00    0.00    3.12    0.00    0.00    0.00   29.17

07時22分03秒  CPU    %usr   %nice    %sys %iowait    %irq   %soft  %steal  %guest  %gnice   %idle
07時22分04秒    0   52.00    0.00   38.00    0.00    0.00    8.00    0.00    0.00    0.00    2.00
07時22分04秒    1   48.39    0.00   18.28    0.00    0.00    2.15    0.00    0.00    0.00   31.18

07時22分04秒  CPU    %usr   %nice    %sys %iowait    %irq   %soft  %steal  %guest  %gnice   %idle
07時22分05秒    0   52.00    0.00   39.00    0.00    0.00    7.00    0.00    0.00    0.00    2.00
07時22分05秒    1   48.96    0.00   20.83    0.00    0.00    3.12    0.00    0.00    0.00   27.08

07時22分05秒  CPU    %usr   %nice    %sys %iowait    %irq   %soft  %steal  %guest  %gnice   %idle
07時22分06秒    0   54.00    0.00   36.00    0.00    0.00    8.00    0.00    0.00    0.00    2.00
07時22分06秒    1   47.87    0.00   21.28    0.00    0.00    2.13    0.00    0.00    0.00   28.72

07時22分06秒  CPU    %usr   %nice    %sys %iowait    %irq   %soft  %steal  %guest  %gnice   %idle
07時22分07秒    0   51.00    0.00   36.00    0.00    0.00    8.00    0.00    0.00    0.00    5.00
07時22分07秒    1   49.48    0.00   20.62    0.00    0.00    3.09    0.00    0.00    0.00   26.80

07時22分07秒  CPU    %usr   %nice    %sys %iowait    %irq   %soft  %steal  %guest  %gnice   %idle
07時22分08秒    0   53.47    0.00   37.62    0.00    0.00    7.92    0.00    0.00    0.00    0.99
07時22分08秒    1   49.48    0.00   45.36    0.00    0.00    1.03    0.00    0.00    0.00    4.12

07時22分08秒  CPU    %usr   %nice    %sys %iowait    %irq   %soft  %steal  %guest  %gnice   %idle
07時22分09秒    0   55.10    0.00   36.73    0.00    0.00    8.16    0.00    0.00    0.00    0.00
07時22分09秒    1   51.00    0.00   47.00    0.00    0.00    1.00    0.00    0.00    0.00    1.00

07時22分09秒  CPU    %usr   %nice    %sys %iowait    %irq   %soft  %steal  %guest  %gnice   %idle
07時22分10秒    0   53.54    0.00   39.39    0.00    0.00    7.07    0.00    0.00    0.00    0.00
07時22分10秒    1   54.00    0.00   45.00    0.00    0.00    1.00    0.00    0.00    0.00    0.00

07時22分10秒  CPU    %usr   %nice    %sys %iowait    %irq   %soft  %steal  %guest  %gnice   %idle
07時22分11秒    0   50.00    0.00   40.00    0.00    0.00    8.00    0.00    0.00    0.00    2.00
07時22分11秒    1   51.52    0.00   45.45    0.00    0.00    1.01    0.00    0.00    0.00    2.02

07時22分11秒  CPU    %usr   %nice    %sys %iowait    %irq   %soft  %steal  %guest  %gnice   %idle
07時22分12秒    0   58.82    0.00   32.35    0.00    0.00    7.84    0.00    0.00    0.00    0.98
07時22分12秒    1   58.00    0.00   41.00    0.00    0.00    1.00    0.00    0.00    0.00    0.00

07時22分12秒  CPU    %usr   %nice    %sys %iowait    %irq   %soft  %steal  %guest  %gnice   %idle
07時22分13秒    0   57.00    0.00   35.00    0.00    0.00    8.00    0.00    0.00    0.00    0.00
07時22分13秒    1   53.47    0.00   44.55    0.00    0.99    0.99    0.00    0.00    0.00    0.00

07時22分13秒  CPU    %usr   %nice    %sys %iowait    %irq   %soft  %steal  %guest  %gnice   %idle
07時22分14秒    0   56.57    0.00   35.35    0.00    0.00    8.08    0.00    0.00    0.00    0.00
07時22分14秒    1   61.39    0.00   37.62    0.00    0.00    0.99    0.00    0.00    0.00    0.00

07時22分14秒  CPU    %usr   %nice    %sys %iowait    %irq   %soft  %steal  %guest  %gnice   %idle
07時22分15秒    0   60.00    0.00   31.00    0.00    0.00    8.00    0.00    0.00    0.00    1.00
07時22分15秒    1   54.55    0.00   44.44    0.00    0.00    1.01    0.00    0.00    0.00    0.00

07時22分15秒  CPU    %usr   %nice    %sys %iowait    %irq   %soft  %steal  %guest  %gnice   %idle
07時22分16秒    0   58.59    0.00   33.33    0.00    0.00    8.08    0.00    0.00    0.00    0.00
07時22分16秒    1   58.42    0.00   40.59    0.00    0.00    0.99    0.00    0.00    0.00    0.00

07時22分16秒  CPU    %usr   %nice    %sys %iowait    %irq   %soft  %steal  %guest  %gnice   %idle
07時22分17秒    0   54.46    0.00   37.62    0.00    0.00    7.92    0.00    0.00    0.00    0.00
07時22分17秒    1   54.55    0.00   45.45    0.00    0.00    0.00    0.00    0.00    0.00    0.00

07時22分17秒  CPU    %usr   %nice    %sys %iowait    %irq   %soft  %steal  %guest  %gnice   %idle
07時22分18秒    0   49.49    0.00   41.41    0.00    0.00    8.08    0.00    0.00    0.00    1.01
07時22分18秒    1   61.00    0.00   38.00    0.00    0.00    1.00    0.00    0.00    0.00    0.00

07時22分18秒  CPU    %usr   %nice    %sys %iowait    %irq   %soft  %steal  %guest  %gnice   %idle
07時22分19秒    0   53.92    0.00   37.25    0.00    0.98    7.84    0.00    0.00    0.00    0.00
07時22分19秒    1   56.00    0.00   42.00    0.00    1.00    1.00    0.00    0.00    0.00    0.00

07時22分19秒  CPU    %usr   %nice    %sys %iowait    %irq   %soft  %steal  %guest  %gnice   %idle
07時22分20秒    0   55.67    0.00   37.11    0.00    0.00    7.22    0.00    0.00    0.00    0.00
07時22分20秒    1   57.00    0.00   42.00    0.00    0.00    1.00    0.00    0.00    0.00    0.00

07時22分20秒  CPU    %usr   %nice    %sys %iowait    %irq   %soft  %steal  %guest  %gnice   %idle
07時22分21秒    0   52.53    0.00   39.39    0.00    0.00    8.08    0.00    0.00    0.00    0.00
07時22分21秒    1   55.00    0.00   44.00    0.00    0.00    1.00    0.00    0.00    0.00    0.00

07時22分21秒  CPU    %usr   %nice    %sys %iowait    %irq   %soft  %steal  %guest  %gnice   %idle
07時22分22秒    0   50.98    0.00   40.20    0.00    0.00    7.84    0.00    0.00    0.00    0.98
07時22分22秒    1   53.00    0.00   46.00    0.00    0.00    1.00    0.00    0.00    0.00    0.00

07時22分22秒  CPU    %usr   %nice    %sys %iowait    %irq   %soft  %steal  %guest  %gnice   %idle
07時22分23秒    0   56.00    0.00   36.00    0.00    0.00    8.00    0.00    0.00    0.00    0.00
07時22分23秒    1   56.00    0.00   43.00    0.00    0.00    1.00    0.00    0.00    0.00    0.00

07時22分23秒  CPU    %usr   %nice    %sys %iowait    %irq   %soft  %steal  %guest  %gnice   %idle
07時22分24秒    0   55.56    0.00   36.36    0.00    0.00    8.08    0.00    0.00    0.00    0.00
07時22分24秒    1   60.00    0.00   39.00    0.00    0.00    1.00    0.00    0.00    0.00    0.00

07時22分24秒  CPU    %usr   %nice    %sys %iowait    %irq   %soft  %steal  %guest  %gnice   %idle
07時22分25秒    0   59.41    0.00   31.68    0.00    0.00    7.92    0.00    0.00    0.00    0.99
07時22分25秒    1   55.00    0.00   44.00    0.00    0.00    1.00    0.00    0.00    0.00    0.00

07時22分25秒  CPU    %usr   %nice    %sys %iowait    %irq   %soft  %steal  %guest  %gnice   %idle
07時22分26秒    0   59.00    0.00   33.00    0.00    0.00    8.00    0.00    0.00    0.00    0.00
07時22分26秒    1   58.00    0.00   42.00    0.00    0.00    0.00    0.00    0.00    0.00    0.00

07時22分26秒  CPU    %usr   %nice    %sys %iowait    %irq   %soft  %steal  %guest  %gnice   %idle
07時22分27秒    0   54.55    0.00   38.38    0.00    0.00    7.07    0.00    0.00    0.00    0.00
07時22分27秒    1   56.00    0.00   43.00    0.00    0.00    1.00    0.00    0.00    0.00    0.00

07時22分27秒  CPU    %usr   %nice    %sys %iowait    %irq   %soft  %steal  %guest  %gnice   %idle
07時22分28秒    0   58.59    0.00   32.32    0.00    0.00    8.08    0.00    0.00    0.00    1.01
07時22分28秒    1   52.53    0.00   39.39    0.00    0.00    2.02    0.00    0.00    0.00    6.06

07時22分28秒  CPU    %usr   %nice    %sys %iowait    %irq   %soft  %steal  %guest  %gnice   %idle
07時22分29秒    0   60.40    0.00   31.68    0.00    0.00    7.92    0.00    0.00    0.00    0.00
07時22分29秒    1   54.55    0.00   42.42    0.00    0.00    1.01    0.00    0.00    0.00    2.02

07時22分29秒  CPU    %usr   %nice    %sys %iowait    %irq   %soft  %steal  %guest  %gnice   %idle
07時22分30秒    0   55.45    0.00   35.64    0.00    0.00    7.92    0.00    0.00    0.00    0.99
07時22分30秒    1   52.53    0.00   46.46    0.00    0.00    1.01    0.00    0.00    0.00    0.00

07時22分30秒  CPU    %usr   %nice    %sys %iowait    %irq   %soft  %steal  %guest  %gnice   %idle
07時22分31秒    0   56.00    0.00   36.00    0.00    0.00    8.00    0.00    0.00    0.00    0.00
07時22分31秒    1   57.00    0.00   42.00    0.00    0.00    0.00    0.00    0.00    0.00    1.00

07時22分31秒  CPU    %usr   %nice    %sys %iowait    %irq   %soft  %steal  %guest  %gnice   %idle
07時22分32秒    0   54.55    0.00   37.37    0.00    0.00    8.08    0.00    0.00    0.00    0.00
07時22分32秒    1   56.00    0.00   43.00    0.00    0.00    1.00    0.00    0.00    0.00    0.00

07時22分32秒  CPU    %usr   %nice    %sys %iowait    %irq   %soft  %steal  %guest  %gnice   %idle
07時22分33秒    0   51.52    0.00   40.40    0.00    0.00    8.08    0.00    0.00    0.00    0.00
07時22分33秒    1   57.84    0.00   40.20    0.00    0.98    0.98    0.00    0.00    0.00    0.00

07時22分33秒  CPU    %usr   %nice    %sys %iowait    %irq   %soft  %steal  %guest  %gnice   %idle
07時22分34秒    0   56.44    0.00   34.65    0.00    0.00    7.92    0.00    0.00    0.00    0.99
07時22分34秒    1   56.57    0.00   40.40    0.00    0.00    1.01    0.00    0.00    0.00    2.02

07時22分34秒  CPU    %usr   %nice    %sys %iowait    %irq   %soft  %steal  %guest  %gnice   %idle
07時22分35秒    0   51.49    0.00   39.60    0.00    0.00    7.92    0.00    0.00    0.00    0.99
07時22分35秒    1   59.18    0.00   38.78    0.00    0.00    1.02    0.00    0.00    0.00    1.02

07時22分35秒  CPU    %usr   %nice    %sys %iowait    %irq   %soft  %steal  %guest  %gnice   %idle
07時22分36秒    0   56.00    0.00   36.00    0.00    1.00    7.00    0.00    0.00    0.00    0.00
07時22分36秒    1   54.00    0.00   45.00    0.00    0.00    1.00    0.00    0.00    0.00    0.00

07時22分36秒  CPU    %usr   %nice    %sys %iowait    %irq   %soft  %steal  %guest  %gnice   %idle
07時22分37秒    0   52.48    0.00   38.61    0.00    0.00    7.92    0.00    0.00    0.00    0.99
07時22分37秒    1   59.41    0.00   37.62    0.00    0.00    0.99    0.00    0.00    0.00    1.98

07時22分37秒  CPU    %usr   %nice    %sys %iowait    %irq   %soft  %steal  %guest  %gnice   %idle
07時22分38秒    0   55.00    0.00   37.00    0.00    0.00    8.00    0.00    0.00    0.00    0.00
07時22分38秒    1   60.00    0.00   39.00    0.00    0.00    1.00    0.00    0.00    0.00    0.00

07時22分38秒  CPU    %usr   %nice    %sys %iowait    %irq   %soft  %steal  %guest  %gnice   %idle
07時22分39秒    0   55.56    0.00   36.36    0.00    0.00    8.08    0.00    0.00    0.00    0.00
07時22分39秒    1   56.00    0.00   43.00    0.00    0.00    1.00    0.00    0.00    0.00    0.00

07時22分39秒  CPU    %usr   %nice    %sys %iowait    %irq   %soft  %steal  %guest  %gnice   %idle
07時22分40秒    0   51.00    0.00   41.00    0.00    0.00    8.00    0.00    0.00    0.00    0.00
07時22分40秒    1   51.52    0.00   47.47    0.00    0.00    1.01    0.00    0.00    0.00    0.00

07時22分40秒  CPU    %usr   %nice    %sys %iowait    %irq   %soft  %steal  %guest  %gnice   %idle
07時22分41秒    0   52.04    0.00   39.80    0.00    0.00    7.14    0.00    0.00    0.00    1.02
07時22分41秒    1   57.43    0.00   41.58    0.00    0.00    0.99    0.00    0.00    0.00    0.00

07時22分41秒  CPU    %usr   %nice    %sys %iowait    %irq   %soft  %steal  %guest  %gnice   %idle
07時22分42秒    0   52.04    0.00   39.80    0.00    0.00    8.16    0.00    0.00    0.00    0.00
07時22分42秒    1   53.06    0.00   45.92    0.00    0.00    0.00    0.00    0.00    0.00    1.02

07時22分42秒  CPU    %usr   %nice    %sys %iowait    %irq   %soft  %steal  %guest  %gnice   %idle
07時22分43秒    0   56.00    0.00   36.00    0.00    0.00    8.00    0.00    0.00    0.00    0.00
07時22分43秒    1   54.00    0.00   45.00    0.00    0.00    1.00    0.00    0.00    0.00    0.00

07時22分43秒  CPU    %usr   %nice    %sys %iowait    %irq   %soft  %steal  %guest  %gnice   %idle
07時22分44秒    0   51.49    0.00   39.60    0.00    0.00    7.92    0.00    0.00    0.00    0.99
07時22分44秒    1   56.00    0.00   43.00    0.00    0.00    1.00    0.00    0.00    0.00    0.00

07時22分44秒  CPU    %usr   %nice    %sys %iowait    %irq   %soft  %steal  %guest  %gnice   %idle
07時22分45秒    0   55.56    0.00   36.36    0.00    0.00    8.08    0.00    0.00    0.00    0.00
07時22分45秒    1   58.00    0.00   40.00    0.00    0.00    1.00    0.00    0.00    0.00    1.00

07時22分45秒  CPU    %usr   %nice    %sys %iowait    %irq   %soft  %steal  %guest  %gnice   %idle
07時22分46秒    0   47.96    0.00   43.88    0.00    0.00    8.16    0.00    0.00    0.00    0.00
07時22分46秒    1   45.00    0.00   54.00    0.00    0.00    1.00    0.00    0.00    0.00    0.00

07時22分46秒  CPU    %usr   %nice    %sys %iowait    %irq   %soft  %steal  %guest  %gnice   %idle
07時22分47秒    0   55.00    0.00   36.00    0.00    0.00    8.00    0.00    0.00    0.00    1.00
07時22分47秒    1   54.00    0.00   45.00    0.00    0.00    1.00    0.00    0.00    0.00    0.00

07時22分47秒  CPU    %usr   %nice    %sys %iowait    %irq   %soft  %steal  %guest  %gnice   %idle
07時22分48秒    0   56.00    0.00   36.00    0.00    0.00    8.00    0.00    0.00    0.00    0.00
07時22分48秒    1   53.00    0.00   46.00    0.00    0.00    1.00    0.00    0.00    0.00    0.00

07時22分48秒  CPU    %usr   %nice    %sys %iowait    %irq   %soft  %steal  %guest  %gnice   %idle
07時22分49秒    0   55.56    0.00   36.36    0.00    0.00    8.08    0.00    0.00    0.00    0.00
07時22分49秒    1   57.58    0.00   39.39    0.00    0.00    1.01    0.00    0.00    0.00    2.02

07時22分49秒  CPU    %usr   %nice    %sys %iowait    %irq   %soft  %steal  %guest  %gnice   %idle
07時22分50秒    0   54.46    0.00   36.63    0.00    0.00    7.92    0.00    0.00    0.00    0.99
07時22分50秒    1   50.98    0.00   47.06    0.00    0.98    0.98    0.00    0.00    0.00    0.00

07時22分50秒  CPU    %usr   %nice    %sys %iowait    %irq   %soft  %steal  %guest  %gnice   %idle
07時22分51秒    0   53.54    0.00   38.38    0.00    0.00    8.08    0.00    0.00    0.00    0.00
07時22分51秒    1   59.60    0.00   38.38    0.00    0.00    1.01    0.00    0.00    0.00    1.01

07時22分51秒  CPU    %usr   %nice    %sys %iowait    %irq   %soft  %steal  %guest  %gnice   %idle
07時22分52秒    0   53.54    0.00   38.38    0.00    0.00    8.08    0.00    0.00    0.00    0.00
07時22分52秒    1   53.00    0.00   46.00    0.00    0.00    1.00    0.00    0.00    0.00    0.00

07時22分52秒  CPU    %usr   %nice    %sys %iowait    %irq   %soft  %steal  %guest  %gnice   %idle
07時22分53秒    0   51.49    0.00   38.61    0.00    0.99    7.92    0.00    0.00    0.00    0.99
07時22分53秒    1   47.47    0.00   51.52    0.00    0.00    1.01    0.00    0.00    0.00    0.00

07時22分53秒  CPU    %usr   %nice    %sys %iowait    %irq   %soft  %steal  %guest  %gnice   %idle
07時22分54秒    0   57.00    0.00   34.00    0.00    0.00    8.00    0.00    0.00    0.00    1.00
07時22分54秒    1   50.52    0.00   36.08    0.00    0.00    1.03    0.00    0.00    0.00   12.37

07時22分54秒  CPU    %usr   %nice    %sys %iowait    %irq   %soft  %steal  %guest  %gnice   %idle
07時22分55秒    0   53.06    0.00   37.76    0.00    0.00    8.16    0.00    0.00    0.00    1.02
07時22分55秒    1   42.11    0.00   25.26    0.00    0.00    3.16    0.00    0.00    0.00   29.47

07時22分55秒  CPU    %usr   %nice    %sys %iowait    %irq   %soft  %steal  %guest  %gnice   %idle
07時22分56秒    0   50.00    0.00   40.00    0.00    0.00    8.00    0.00    0.00    0.00    2.00
07時22分56秒    1   46.81    0.00   21.28    0.00    0.00    2.13    0.00    0.00    0.00   29.79

07時22分56秒  CPU    %usr   %nice    %sys %iowait    %irq   %soft  %steal  %guest  %gnice   %idle
07時22分57秒    0   56.44    0.00   34.65    0.00    0.00    7.92    0.00    0.00    0.00    0.99
07時22分57秒    1   46.81    0.00   22.34    0.00    0.00    2.13    0.00    0.00    0.00   28.72

07時22分57秒  CPU    %usr   %nice    %sys %iowait    %irq   %soft  %steal  %guest  %gnice   %idle
07時22分58秒    0   51.52    0.00   38.38    0.00    0.00    8.08    0.00    0.00    0.00    2.02
07時22分58秒    1   44.09    0.00   20.43    0.00    0.00    3.23    0.00    0.00    0.00   32.26

07時22分58秒  CPU    %usr   %nice    %sys %iowait    %irq   %soft  %steal  %guest  %gnice   %idle
07時22分59秒    0   51.49    0.00   38.61    0.00    0.00    7.92    0.00    0.00    0.00    1.98
07時22分59秒    1   44.21    0.00   24.21    0.00    0.00    2.11    0.00    0.00    0.00   29.47

07時22分59秒  CPU    %usr   %nice    %sys %iowait    %irq   %soft  %steal  %guest  %gnice   %idle
07時23分00秒    0   50.00    0.00   41.00    0.00    0.00    8.00    0.00    0.00    0.00    1.00
07時23分00秒    1   47.37    0.00   18.95    0.00    0.00    3.16    0.00    0.00    0.00   30.53

07時23分00秒  CPU    %usr   %nice    %sys %iowait    %irq   %soft  %steal  %guest  %gnice   %idle
07時23分01秒    0   53.47    0.00   35.64    0.00    0.00    7.92    0.00    0.00    0.00    2.97
07時23分01秒    1   48.39    0.00   19.35    0.00    0.00    2.15    0.00    0.00    0.00   30.11

07時23分01秒  CPU    %usr   %nice    %sys %iowait    %irq   %soft  %steal  %guest  %gnice   %idle
07時23分02秒    0   53.54    0.00   36.36    0.00    0.00    8.08    0.00    0.00    0.00    2.02
07時23分02秒    1   45.83    0.00   21.88    0.00    0.00    3.12    0.00    0.00    0.00   29.17

07時23分02秒  CPU    %usr   %nice    %sys %iowait    %irq   %soft  %steal  %guest  %gnice   %idle
07時23分03秒    0   51.00    0.00   39.00    0.00    0.00    8.00    0.00    0.00    0.00    2.00
07時23分03秒    1   44.68    0.00   23.40    0.00    0.00    2.13    0.00    0.00    0.00   29.79

07時23分03秒  CPU    %usr   %nice    %sys %iowait    %irq   %soft  %steal  %guest  %gnice   %idle
07時23分04秒    0   55.45    0.00   33.66    0.00    0.00    7.92    0.00    0.00    0.00    2.97
07時23分04秒    1   43.62    0.00   23.40    0.00    0.00    3.19    0.00    0.00    0.00   29.79

07時23分04秒  CPU    %usr   %nice    %sys %iowait    %irq   %soft  %steal  %guest  %gnice   %idle
07時23分05秒    0   52.00    0.00   38.00    0.00    0.00    8.00    0.00    0.00    0.00    2.00
07時23分05秒    1   41.94    0.00   24.73    0.00    0.00    2.15    0.00    0.00    0.00   31.18

07時23分05秒  CPU    %usr   %nice    %sys %iowait    %irq   %soft  %steal  %guest  %gnice   %idle
07時23分06秒    0   52.04    0.00   38.78    0.00    0.00    8.16    0.00    0.00    0.00    1.02
07時23分06秒    1   46.32    0.00   22.11    0.00    0.00    3.16    0.00    0.00    0.00   28.42

07時23分06秒  CPU    %usr   %nice    %sys %iowait    %irq   %soft  %steal  %guest  %gnice   %idle
07時23分07秒    0   56.00    0.00   34.00    0.00    0.00    8.00    0.00    0.00    0.00    2.00
07時23分07秒    1   43.62    0.00   24.47    0.00    0.00    2.13    0.00    0.00    0.00   29.79

07時23分07秒  CPU    %usr   %nice    %sys %iowait    %irq   %soft  %steal  %guest  %gnice   %idle
07時23分08秒    0   57.00    0.00   33.00    0.00    0.00    8.00    0.00    0.00    0.00    2.00
07時23分08秒    1   45.83    0.00   21.88    0.00    0.00    3.12    0.00    0.00    0.00   29.17

07時23分08秒  CPU    %usr   %nice    %sys %iowait    %irq   %soft  %steal  %guest  %gnice   %idle
07時23分09秒    0   53.00    0.00   37.00    0.00    1.00    7.00    0.00    0.00    0.00    2.00
07時23分09秒    1   50.53    0.00   17.89    0.00    1.05    2.11    0.00    0.00    0.00   28.42

07時23分09秒  CPU    %usr   %nice    %sys %iowait    %irq   %soft  %steal  %guest  %gnice   %idle
07時23分10秒    0   56.00    0.00   35.00    0.00    0.00    8.00    0.00    0.00    0.00    1.00
07時23分10秒    1   44.68    0.00   22.34    0.00    0.00    3.19    0.00    0.00    0.00   29.79

07時23分10秒  CPU    %usr   %nice    %sys %iowait    %irq   %soft  %steal  %guest  %gnice   %idle
07時23分11秒    0   52.48    0.00   36.63    0.00    0.00    7.92    0.00    0.00    0.00    2.97
07時23分11秒    1   50.00    0.00   20.21    0.00    0.00    2.13    0.00    0.00    0.00   27.66

07時23分11秒  CPU    %usr   %nice    %sys %iowait    %irq   %soft  %steal  %guest  %gnice   %idle
07時23分12秒    0   51.02    0.00   39.80    0.00    0.00    8.16    0.00    0.00    0.00    1.02
07時23分12秒    1   46.88    0.00   20.83    0.00    0.00    3.12    0.00    0.00    0.00   29.17

07時23分12秒  CPU    %usr   %nice    %sys %iowait    %irq   %soft  %steal  %guest  %gnice   %idle
07時23分13秒    0   51.49    0.00   38.61    0.00    0.00    7.92    0.00    0.00    0.00    1.98
07時23分13秒    1   48.94    0.00   20.21    0.00    0.00    2.13    0.00    0.00    0.00   28.72

07時23分13秒  CPU    %usr   %nice    %sys %iowait    %irq   %soft  %steal  %guest  %gnice   %idle
07時23分14秒    0   54.55    0.00   35.35    0.00    0.00    8.08    0.00    0.00    0.00    2.02
07時23分14秒    1   45.74    0.00   22.34    0.00    0.00    3.19    0.00    0.00    0.00   28.72

07時23分14秒  CPU    %usr   %nice    %sys %iowait    %irq   %soft  %steal  %guest  %gnice   %idle
07時23分15秒    0   49.00    0.00   41.00    0.00    0.00    8.00    0.00    0.00    0.00    2.00
07時23分15秒    1   41.49    0.00   26.60    0.00    0.00    2.13    0.00    0.00    0.00   29.79

07時23分15秒  CPU    %usr   %nice    %sys %iowait    %irq   %soft  %steal  %guest  %gnice   %idle
07時23分16秒    0   51.52    0.00   38.38    0.00    0.00    8.08    0.00    0.00    0.00    2.02
07時23分16秒    1   46.32    0.00   21.05    0.00    0.00    3.16    0.00    0.00    0.00   29.47

07時23分16秒  CPU    %usr   %nice    %sys %iowait    %irq   %soft  %steal  %guest  %gnice   %idle
07時23分17秒    0   53.00    0.00   37.00    0.00    0.00    8.00    0.00    0.00    0.00    2.00
07時23分17秒    1   46.88    0.00   22.92    0.00    0.00    2.08    0.00    0.00    0.00   28.12

07時23分17秒  CPU    %usr   %nice    %sys %iowait    %irq   %soft  %steal  %guest  %gnice   %idle
07時23分18秒    0   54.46    0.00   36.63    0.00    0.00    6.93    0.00    0.00    0.00    1.98
07時23分18秒    1   48.42    0.00   18.95    0.00    0.00    3.16    0.00    0.00    0.00   29.47

07時23分18秒  CPU    %usr   %nice    %sys %iowait    %irq   %soft  %steal  %guest  %gnice   %idle
07時23分19秒    0   52.00    0.00   37.00    0.00    0.00    8.00    0.00    0.00    0.00    3.00
07時23分19秒    1   46.81    0.00   23.40    0.00    0.00    2.13    0.00    0.00    0.00   27.66

07時23分19秒  CPU    %usr   %nice    %sys %iowait    %irq   %soft  %steal  %guest  %gnice   %idle
07時23分20秒    0   48.00    0.00   42.00    0.00    0.00    8.00    0.00    0.00    0.00    2.00
07時23分20秒    1   46.81    0.00   19.15    0.00    0.00    3.19    0.00    0.00    0.00   30.85

07時23分20秒  CPU    %usr   %nice    %sys %iowait    %irq   %soft  %steal  %guest  %gnice   %idle
07時23分21秒    0   55.00    0.00   35.00    0.00    0.00    8.00    0.00    0.00    0.00    2.00
07時23分21秒    1   41.49    0.00   25.53    0.00    0.00    2.13    0.00    0.00    0.00   30.85

07時23分21秒  CPU    %usr   %nice    %sys %iowait    %irq   %soft  %steal  %guest  %gnice   %idle
07時23分22秒    0   53.06    0.00   37.76    0.00    0.00    7.14    0.00    0.00    0.00    2.04
07時23分22秒    1   42.71    0.00   23.96    0.00    0.00    3.12    0.00    0.00    0.00   30.21

07時23分22秒  CPU    %usr   %nice    %sys %iowait    %irq   %soft  %steal  %guest  %gnice   %idle
07時23分23秒    0   53.54    0.00   36.36    0.00    0.00    8.08    0.00    0.00    0.00    2.02
07時23分23秒    1   47.87    0.00   21.28    0.00    0.00    2.13    0.00    0.00    0.00   28.72

07時23分23秒  CPU    %usr   %nice    %sys %iowait    %irq   %soft  %steal  %guest  %gnice   %idle
07時23分24秒    0   51.52    0.00   38.38    0.00    0.00    8.08    0.00    0.00    0.00    2.02
07時23分24秒    1   45.83    0.00   20.83    0.00    0.00    3.12    0.00    0.00    0.00   30.21

07時23分24秒  CPU    %usr   %nice    %sys %iowait    %irq   %soft  %steal  %guest  %gnice   %idle
07時23分25秒    0   53.47    0.00   35.64    0.00    0.99    7.92    0.00    0.00    0.00    1.98
07時23分25秒    1   46.15    0.00   21.98    0.00    0.00    2.20    0.00    0.00    0.00   29.67

07時23分25秒  CPU    %usr   %nice    %sys %iowait    %irq   %soft  %steal  %guest  %gnice   %idle
07時23分26秒    0   54.00    0.00   36.00    0.00    0.00    8.00    0.00    0.00    0.00    2.00
07時23分26秒    1   47.37    0.00   20.00    0.00    0.00    3.16    0.00    0.00    0.00   29.47

07時23分26秒  CPU    %usr   %nice    %sys %iowait    %irq   %soft  %steal  %guest  %gnice   %idle
07時23分27秒    0   51.02    0.00   39.80    0.00    0.00    7.14    0.00    0.00    0.00    2.04
07時23分27秒    1   46.24    0.00   22.58    0.00    0.00    2.15    0.00    0.00    0.00   29.03

07時23分27秒  CPU    %usr   %nice    %sys %iowait    %irq   %soft  %steal  %guest  %gnice   %idle
07時23分28秒    0   58.00    0.00   32.00    0.00    0.00    8.00    0.00    0.00    0.00    2.00
07時23分28秒    1   46.32    0.00   18.95    0.00    1.05    3.16    0.00    0.00    0.00   30.53

07時23分28秒  CPU    %usr   %nice    %sys %iowait    %irq   %soft  %steal  %guest  %gnice   %idle
07時23分29秒    0   49.49    0.00   40.40    0.00    0.00    8.08    0.00    0.00    0.00    2.02
07時23分29秒    1   47.31    0.00   21.51    0.00    0.00    2.15    0.00    0.00    0.00   29.03

07時23分29秒  CPU    %usr   %nice    %sys %iowait    %irq   %soft  %steal  %guest  %gnice   %idle
07時23分30秒    0   48.48    0.00   41.41    0.00    0.00    8.08    0.00    0.00    0.00    2.02
07時23分30秒    1   42.71    0.00   27.08    0.00    0.00    3.12    0.00    0.00    0.00   27.08

07時23分30秒  CPU    %usr   %nice    %sys %iowait    %irq   %soft  %steal  %guest  %gnice   %idle
07時23分31秒    0   53.00    0.00   38.00    0.00    0.00    8.00    0.00    0.00    0.00    1.00
07時23分31秒    1   50.00    0.00   19.15    0.00    0.00    2.13    0.00    0.00    0.00   28.72

07時23分31秒  CPU    %usr   %nice    %sys %iowait    %irq   %soft  %steal  %guest  %gnice   %idle
07時23分32秒    0   51.52    0.00   38.38    0.00    0.00    7.07    0.00    0.00    0.00    3.03
07時23分32秒    1   44.33    0.00   21.65    0.00    0.00    3.09    0.00    0.00    0.00   30.93

07時23分32秒  CPU    %usr   %nice    %sys %iowait    %irq   %soft  %steal  %guest  %gnice   %idle
07時23分33秒    0   53.00    0.00   37.00    0.00    0.00    8.00    0.00    0.00    0.00    2.00
07時23分33秒    1   44.57    0.00   22.83    0.00    0.00    2.17    0.00    0.00    0.00   30.43

07時23分33秒  CPU    %usr   %nice    %sys %iowait    %irq   %soft  %steal  %guest  %gnice   %idle
07時23分34秒    0   55.10    0.00   35.71    0.00    0.00    8.16    0.00    0.00    0.00    1.02
07時23分34秒    1   49.47    0.00   18.95    0.00    0.00    3.16    0.00    0.00    0.00   28.42

07時23分34秒  CPU    %usr   %nice    %sys %iowait    %irq   %soft  %steal  %guest  %gnice   %idle
07時23分35秒    0   52.53    0.00   37.37    0.00    0.00    8.08    0.00    0.00    0.00    2.02
07時23分35秒    1   43.62    0.00   23.40    0.00    0.00    2.13    0.00    0.00    0.00   30.85

07時23分35秒  CPU    %usr   %nice    %sys %iowait    %irq   %soft  %steal  %guest  %gnice   %idle
07時23分36秒    0   51.00    0.00   39.00    0.00    0.00    7.00    0.00    0.00    0.00    3.00
07時23分36秒    1   45.74    0.00   23.40    0.00    0.00    2.13    0.00    0.00    0.00   28.72

07時23分36秒  CPU    %usr   %nice    %sys %iowait    %irq   %soft  %steal  %guest  %gnice   %idle
07時23分37秒    0   53.54    0.00   36.36    0.00    0.00    8.08    0.00    0.00    0.00    2.02
07時23分37秒    1   46.32    0.00   23.16    0.00    0.00    3.16    0.00    0.00    0.00   27.37

07時23分37秒  CPU    %usr   %nice    %sys %iowait    %irq   %soft  %steal  %guest  %gnice   %idle
07時23分38秒    0   52.00    0.00   38.00    0.00    0.00    8.00    0.00    0.00    0.00    2.00
07時23分38秒    1   45.16    0.00   22.58    0.00    0.00    2.15    0.00    0.00    0.00   30.11

07時23分38秒  CPU    %usr   %nice    %sys %iowait    %irq   %soft  %steal  %guest  %gnice   %idle
07時23分39秒    0   52.04    0.00   37.76    0.00    0.00    7.14    0.00    0.00    0.00    3.06
07時23分39秒    1   41.05    0.00   26.32    0.00    0.00    3.16    0.00    0.00    0.00   29.47

07時23分39秒  CPU    %usr   %nice    %sys %iowait    %irq   %soft  %steal  %guest  %gnice   %idle
07時23分40秒    0   50.51    0.00   38.38    0.00    0.00    8.08    0.00    0.00    0.00    3.03
07時23分40秒    1   46.32    0.00   22.11    0.00    0.00    2.11    0.00    0.00    0.00   29.47

07時23分40秒  CPU    %usr   %nice    %sys %iowait    %irq   %soft  %steal  %guest  %gnice   %idle
07時23分41秒    0   50.50    0.00   38.61    0.00    0.99    7.92    0.00    0.00    0.00    1.98
07時23分41秒    1   50.54    0.00   17.20    0.00    0.00    3.23    0.00    0.00    0.00   29.03

07時23分41秒  CPU    %usr   %nice    %sys %iowait    %irq   %soft  %steal  %guest  %gnice   %idle
07時23分42秒    0   50.51    0.00   39.39    0.00    0.00    7.07    0.00    0.00    0.00    3.03
07時23分42秒    1   45.26    0.00   23.16    0.00    0.00    2.11    0.00    0.00    0.00   29.47

07時23分42秒  CPU    %usr   %nice    %sys %iowait    %irq   %soft  %steal  %guest  %gnice   %idle
07時23分43秒    0   54.55    0.00   35.35    0.00    0.00    8.08    0.00    0.00    0.00    2.02
07時23分43秒    1   50.00    0.00   18.09    0.00    0.00    3.19    0.00    0.00    0.00   28.72

07時23分43秒  CPU    %usr   %nice    %sys %iowait    %irq   %soft  %steal  %guest  %gnice   %idle
07時23分44秒    0   52.48    0.00   37.62    0.00    0.00    7.92    0.00    0.00    0.00    1.98
07時23分44秒    1   46.24    0.00   22.58    0.00    0.00    2.15    0.00    0.00    0.00   29.03

07時23分44秒  CPU    %usr   %nice    %sys %iowait    %irq   %soft  %steal  %guest  %gnice   %idle
07時23分45秒    0   52.04    0.00   38.78    0.00    0.00    7.14    0.00    0.00    0.00    2.04
07時23分45秒    1   44.21    0.00   22.11    0.00    0.00    3.16    0.00    0.00    0.00   30.53

07時23分45秒  CPU    %usr   %nice    %sys %iowait    %irq   %soft  %steal  %guest  %gnice   %idle
07時23分46秒    0   51.49    0.00   38.61    0.00    0.00    7.92    0.00    0.00    0.00    1.98
07時23分46秒    1   46.32    0.00   22.11    0.00    0.00    2.11    0.00    0.00    0.00   29.47

07時23分46秒  CPU    %usr   %nice    %sys %iowait    %irq   %soft  %steal  %guest  %gnice   %idle
07時23分47秒    0   53.00    0.00   37.00    0.00    0.00    8.00    0.00    0.00    0.00    2.00
07時23分47秒    1   44.21    0.00   24.21    0.00    1.05    3.16    0.00    0.00    0.00   27.37

07時23分47秒  CPU    %usr   %nice    %sys %iowait    %irq   %soft  %steal  %guest  %gnice   %idle
07時23分48秒    0   47.00    0.00   43.00    0.00    0.00    7.00    0.00    0.00    0.00    3.00
07時23分48秒    1   46.32    0.00   22.11    0.00    0.00    2.11    0.00    0.00    0.00   29.47

07時23分48秒  CPU    %usr   %nice    %sys %iowait    %irq   %soft  %steal  %guest  %gnice   %idle
07時23分49秒    0   51.00    0.00   39.00    0.00    0.00    8.00    0.00    0.00    0.00    2.00
07時23分49秒    1   45.16    0.00   22.58    0.00    0.00    3.23    0.00    0.00    0.00   29.03

07時23分49秒  CPU    %usr   %nice    %sys %iowait    %irq   %soft  %steal  %guest  %gnice   %idle
07時23分50秒    0   56.00    0.00   34.00    0.00    0.00    8.00    0.00    0.00    0.00    2.00
07時23分50秒    1   48.42    0.00   21.05    0.00    0.00    2.11    0.00    0.00    0.00   28.42

07時23分50秒  CPU    %usr   %nice    %sys %iowait    %irq   %soft  %steal  %guest  %gnice   %idle
07時23分51秒    0   46.94    0.00   43.88    0.00    0.00    7.14    0.00    0.00    0.00    2.04
07時23分51秒    1   43.16    0.00   24.21    0.00    0.00    3.16    0.00    0.00    0.00   29.47

07時23分51秒  CPU    %usr   %nice    %sys %iowait    %irq   %soft  %steal  %guest  %gnice   %idle
07時23分52秒    0   54.55    0.00   35.35    0.00    0.00    8.08    0.00    0.00    0.00    2.02
07時23分52秒    1   47.87    0.00   19.15    0.00    0.00    2.13    0.00    0.00    0.00   30.85

07時23分52秒  CPU    %usr   %nice    %sys %iowait    %irq   %soft  %steal  %guest  %gnice   %idle
07時23分53秒    0   52.53    0.00   37.37    0.00    0.00    8.08    0.00    0.00    0.00    2.02
07時23分53秒    1   46.88    0.00   20.83    0.00    0.00    3.12    0.00    0.00    0.00   29.17

07時23分53秒  CPU    %usr   %nice    %sys %iowait    %irq   %soft  %steal  %guest  %gnice   %idle
07時23分54秒    0   52.48    0.00   36.63    0.00    0.00    7.92    0.00    0.00    0.00    2.97
07時23分54秒    1   46.81    0.00   21.28    0.00    0.00    2.13    0.00    0.00    0.00   29.79

07時23分54秒  CPU    %usr   %nice    %sys %iowait    %irq   %soft  %steal  %guest  %gnice   %idle
07時23分55秒    0   51.55    0.00   39.18    0.00    0.00    7.22    0.00    0.00    0.00    2.06
07時23分55秒    1   46.32    0.00   22.11    0.00    0.00    3.16    0.00    0.00    0.00   28.42

07時23分55秒  CPU    %usr   %nice    %sys %iowait    %irq   %soft  %steal  %guest  %gnice   %idle
07時23分56秒    0   46.46    0.00   43.43    0.00    0.00    8.08    0.00    0.00    0.00    2.02
07時23分56秒    1   43.01    0.00   25.81    0.00    0.00    2.15    0.00    0.00    0.00   29.03

07時23分56秒  CPU    %usr   %nice    %sys %iowait    %irq   %soft  %steal  %guest  %gnice   %idle
07時23分57秒    0   52.48    0.00   36.63    0.00    0.99    7.92    0.00    0.00    0.00    1.98
07時23分57秒    1   44.09    0.00   24.73    0.00    0.00    3.23    0.00    0.00    0.00   27.96

07時23分57秒  CPU    %usr   %nice    %sys %iowait    %irq   %soft  %steal  %guest  %gnice   %idle
07時23分58秒    0   53.00    0.00   37.00    0.00    0.00    7.00    0.00    0.00    0.00    3.00
07時23分58秒    1   48.94    0.00   20.21    0.00    0.00    2.13    0.00    0.00    0.00   28.72

07時23分58秒  CPU    %usr   %nice    %sys %iowait    %irq   %soft  %steal  %guest  %gnice   %idle
07時23分59秒    0   50.00    0.00   39.00    0.00    0.00    8.00    0.00    0.00    0.00    3.00
07時23分59秒    1   48.42    0.00   20.00    0.00    0.00    3.16    0.00    0.00    0.00   28.42

07時23分59秒  CPU    %usr   %nice    %sys %iowait    %irq   %soft  %steal  %guest  %gnice   %idle
07時24分00秒    0   50.50    0.00   35.64    0.00    0.00    6.93    0.00    0.00    0.00    6.93
07時24分00秒    1   52.08    0.00   27.08    0.00    0.00    2.08    0.00    0.00    0.00   18.75

平均時間：  CPU    %usr   %nice    %sys %iowait    %irq   %soft  %steal  %guest  %gnice   %idle
平均時間：    0   53.30    0.00   37.29    0.00    0.07    7.85    0.00    0.00    0.00    1.49
平均時間：    1   49.75    0.00   30.58    0.00    0.06    1.95    0.00    0.00    0.00   17.66
