Linux 5.6.15-arch1-1 (archlinux) 	西元2020年06月29日 	_x86_64_	(12 CPU)

08時09分07秒  CPU    %usr   %nice    %sys %iowait    %irq   %soft  %steal  %guest  %gnice   %idle
08時09分08秒    0   21.28    0.00   12.77    0.00    0.00    3.19    0.00    0.00    0.00   62.77
08時09分08秒    1    2.67    0.00    2.67    0.00    0.00    1.33    0.00    0.00    0.00   93.33

08時09分08秒  CPU    %usr   %nice    %sys %iowait    %irq   %soft  %steal  %guest  %gnice   %idle
08時09分09秒    0   18.09    0.00   15.96    0.00    0.00    3.19    0.00    0.00    0.00   62.77
08時09分09秒    1    2.67    0.00    1.33    0.00    0.00    1.33    0.00    0.00    0.00   94.67

08時09分09秒  CPU    %usr   %nice    %sys %iowait    %irq   %soft  %steal  %guest  %gnice   %idle
08時09分10秒    0   19.59    0.00   14.43    0.00    0.00    4.12    0.00    0.00    0.00   61.86
08時09分10秒    1    5.26    0.00    1.32    0.00    0.00    1.32    0.00    0.00    0.00   92.11

08時09分10秒  CPU    %usr   %nice    %sys %iowait    %irq   %soft  %steal  %guest  %gnice   %idle
08時09分11秒    0   21.05    0.00   13.68    0.00    0.00    3.16    0.00    0.00    0.00   62.11
08時09分11秒    1    6.41    0.00    2.56    0.00    0.00    1.28    0.00    0.00    0.00   89.74

08時09分11秒  CPU    %usr   %nice    %sys %iowait    %irq   %soft  %steal  %guest  %gnice   %idle
08時09分12秒    0   17.71    0.00   16.67    0.00    0.00    4.17    0.00    0.00    0.00   61.46
08時09分12秒    1    3.95    0.00    2.63    0.00    0.00    1.32    0.00    0.00    0.00   92.11

08時09分12秒  CPU    %usr   %nice    %sys %iowait    %irq   %soft  %steal  %guest  %gnice   %idle
08時09分13秒    0   22.11    0.00   12.63    0.00    0.00    3.16    0.00    0.00    0.00   62.11
08時09分13秒    1    3.95    0.00    2.63    0.00    0.00    1.32    0.00    0.00    0.00   92.11

08時09分13秒  CPU    %usr   %nice    %sys %iowait    %irq   %soft  %steal  %guest  %gnice   %idle
08時09分14秒    0   18.09    0.00   15.96    0.00    0.00    3.19    0.00    0.00    0.00   62.77
08時09分14秒    1    5.19    0.00    2.60    0.00    0.00    1.30    0.00    0.00    0.00   90.91

08時09分14秒  CPU    %usr   %nice    %sys %iowait    %irq   %soft  %steal  %guest  %gnice   %idle
08時09分15秒    0   18.95    0.00   13.68    0.00    0.00    4.21    0.00    0.00    0.00   63.16
08時09分15秒    1    2.63    0.00    2.63    0.00    0.00    1.32    0.00    0.00    0.00   93.42

08時09分15秒  CPU    %usr   %nice    %sys %iowait    %irq   %soft  %steal  %guest  %gnice   %idle
08時09分16秒    0   16.67    0.00   18.75    0.00    0.00    3.12    0.00    0.00    0.00   61.46
08時09分16秒    1    2.67    0.00    2.67    0.00    0.00    1.33    0.00    0.00    0.00   93.33

08時09分16秒  CPU    %usr   %nice    %sys %iowait    %irq   %soft  %steal  %guest  %gnice   %idle
08時09分17秒    0   20.21    0.00   13.83    0.00    0.00    3.19    0.00    0.00    0.00   62.77
08時09分17秒    1    3.90    0.00    2.60    0.00    0.00    2.60    0.00    0.00    0.00   90.91

08時09分17秒  CPU    %usr   %nice    %sys %iowait    %irq   %soft  %steal  %guest  %gnice   %idle
08時09分18秒    0   21.05    0.00   14.74    0.00    0.00    4.21    0.00    0.00    0.00   60.00
08時09分18秒    1    6.58    0.00    1.32    0.00    0.00    1.32    0.00    0.00    0.00   90.79

08時09分18秒  CPU    %usr   %nice    %sys %iowait    %irq   %soft  %steal  %guest  %gnice   %idle
08時09分19秒    0   21.51    0.00   13.98    0.00    0.00    3.23    0.00    0.00    0.00   61.29
08時09分19秒    1    4.05    0.00    1.35    0.00    0.00    1.35    0.00    0.00    0.00   93.24

08時09分19秒  CPU    %usr   %nice    %sys %iowait    %irq   %soft  %steal  %guest  %gnice   %idle
08時09分20秒    0   18.75    0.00   14.58    0.00    1.04    4.17    0.00    0.00    0.00   61.46
08時09分20秒    1    3.95    0.00    2.63    0.00    0.00    1.32    0.00    0.00    0.00   92.11

08時09分20秒  CPU    %usr   %nice    %sys %iowait    %irq   %soft  %steal  %guest  %gnice   %idle
08時09分21秒    0   18.95    0.00   15.79    0.00    0.00    3.16    0.00    0.00    0.00   62.11
08時09分21秒    1    2.70    0.00    0.00    0.00    0.00    1.35    0.00    0.00    0.00   95.95

08時09分21秒  CPU    %usr   %nice    %sys %iowait    %irq   %soft  %steal  %guest  %gnice   %idle
08時09分22秒    0   19.15    0.00   14.89    0.00    0.00    3.19    0.00    0.00    0.00   62.77
08時09分22秒    1    2.70    0.00    1.35    0.00    0.00    1.35    0.00    0.00    0.00   94.59

08時09分22秒  CPU    %usr   %nice    %sys %iowait    %irq   %soft  %steal  %guest  %gnice   %idle
08時09分23秒    0   20.00    0.00   14.74    0.00    0.00    4.21    0.00    0.00    0.00   61.05
08時09分23秒    1    2.70    0.00    1.35    0.00    0.00    1.35    0.00    0.00    0.00   94.59

08時09分23秒  CPU    %usr   %nice    %sys %iowait    %irq   %soft  %steal  %guest  %gnice   %idle
08時09分24秒    0   18.09    0.00   15.96    0.00    0.00    3.19    0.00    0.00    0.00   62.77
08時09分24秒    1    5.26    0.00    1.32    0.00    0.00    1.32    0.00    0.00    0.00   92.11

08時09分24秒  CPU    %usr   %nice    %sys %iowait    %irq   %soft  %steal  %guest  %gnice   %idle
08時09分25秒    0   19.15    0.00   14.89    0.00    0.00    4.26    0.00    0.00    0.00   61.70
08時09分25秒    1    2.70    0.00    1.35    0.00    0.00    1.35    0.00    0.00    0.00   94.59

08時09分25秒  CPU    %usr   %nice    %sys %iowait    %irq   %soft  %steal  %guest  %gnice   %idle
08時09分26秒    0   19.79    0.00   14.58    0.00    0.00    3.12    0.00    0.00    0.00   62.50
08時09分26秒    1    3.95    0.00    2.63    0.00    0.00    1.32    0.00    0.00    0.00   92.11

08時09分26秒  CPU    %usr   %nice    %sys %iowait    %irq   %soft  %steal  %guest  %gnice   %idle
08時09分27秒    0   17.20    0.00   16.13    0.00    0.00    3.23    0.00    0.00    0.00   63.44
08時09分27秒    1    3.95    0.00    1.32    0.00    0.00    2.63    0.00    0.00    0.00   92.11

08時09分27秒  CPU    %usr   %nice    %sys %iowait    %irq   %soft  %steal  %guest  %gnice   %idle
08時09分28秒    0   20.83    0.00   13.54    0.00    0.00    4.17    0.00    0.00    0.00   61.46
08時09分28秒    1    5.13    0.00    2.56    0.00    1.28    1.28    0.00    0.00    0.00   89.74

08時09分28秒  CPU    %usr   %nice    %sys %iowait    %irq   %soft  %steal  %guest  %gnice   %idle
08時09分29秒    0   18.09    0.00   15.96    0.00    0.00    3.19    0.00    0.00    0.00   62.77
08時09分29秒    1    4.05    0.00    1.35    0.00    0.00    1.35    0.00    0.00    0.00   93.24

08時09分29秒  CPU    %usr   %nice    %sys %iowait    %irq   %soft  %steal  %guest  %gnice   %idle
08時09分30秒    0   19.35    0.00   13.98    0.00    0.00    3.23    0.00    0.00    0.00   63.44
08時09分30秒    1    5.19    0.00    1.30    0.00    0.00    1.30    0.00    0.00    0.00   92.21

08時09分30秒  CPU    %usr   %nice    %sys %iowait    %irq   %soft  %steal  %guest  %gnice   %idle
08時09分31秒    0   20.00    0.00   13.68    0.00    0.00    4.21    0.00    0.00    0.00   62.11
08時09分31秒    1    4.05    0.00    1.35    0.00    0.00    1.35    0.00    0.00    0.00   93.24

08時09分31秒  CPU    %usr   %nice    %sys %iowait    %irq   %soft  %steal  %guest  %gnice   %idle
08時09分32秒    0   21.28    0.00   12.77    0.00    0.00    3.19    0.00    0.00    0.00   62.77
08時09分32秒    1    3.95    0.00    1.32    0.00    0.00    1.32    0.00    0.00    0.00   93.42

08時09分32秒  CPU    %usr   %nice    %sys %iowait    %irq   %soft  %steal  %guest  %gnice   %idle
08時09分33秒    0   15.79    0.00   17.89    0.00    0.00    4.21    0.00    0.00    0.00   62.11
08時09分33秒    1    2.63    0.00    3.95    0.00    0.00    1.32    0.00    0.00    0.00   92.11

08時09分33秒  CPU    %usr   %nice    %sys %iowait    %irq   %soft  %steal  %guest  %gnice   %idle
08時09分34秒    0   17.89    0.00   16.84    0.00    0.00    3.16    0.00    0.00    0.00   62.11
08時09分34秒    1    4.05    0.00    1.35    0.00    0.00    1.35    0.00    0.00    0.00   93.24

08時09分34秒  CPU    %usr   %nice    %sys %iowait    %irq   %soft  %steal  %guest  %gnice   %idle
08時09分35秒    0   19.79    0.00   14.58    0.00    1.04    3.12    0.00    0.00    0.00   61.46
08時09分35秒    1    5.26    0.00    1.32    0.00    0.00    1.32    0.00    0.00    0.00   92.11

08時09分35秒  CPU    %usr   %nice    %sys %iowait    %irq   %soft  %steal  %guest  %gnice   %idle
08時09分36秒    0   17.39    0.00   15.22    0.00    0.00    4.35    0.00    0.00    0.00   63.04
08時09分36秒    1    1.37    0.00    1.37    0.00    0.00    1.37    0.00    0.00    0.00   95.89

08時09分36秒  CPU    %usr   %nice    %sys %iowait    %irq   %soft  %steal  %guest  %gnice   %idle
08時09分37秒    0   18.09    0.00   17.02    0.00    0.00    3.19    0.00    0.00    0.00   61.70
08時09分37秒    1    2.63    0.00    3.95    0.00    0.00    2.63    0.00    0.00    0.00   90.79

08時09分37秒  CPU    %usr   %nice    %sys %iowait    %irq   %soft  %steal  %guest  %gnice   %idle
08時09分38秒    0   20.83    0.00   13.54    0.00    0.00    4.17    0.00    0.00    0.00   61.46
08時09分38秒    1    3.95    0.00    1.32    0.00    0.00    1.32    0.00    0.00    0.00   93.42

08時09分38秒  CPU    %usr   %nice    %sys %iowait    %irq   %soft  %steal  %guest  %gnice   %idle
08時09分39秒    0   18.95    0.00   15.79    0.00    0.00    3.16    0.00    0.00    0.00   62.11
08時09分39秒    1    5.26    0.00    2.63    0.00    0.00    1.32    0.00    0.00    0.00   90.79

08時09分39秒  CPU    %usr   %nice    %sys %iowait    %irq   %soft  %steal  %guest  %gnice   %idle
08時09分40秒    0   18.95    0.00   15.79    0.00    0.00    3.16    0.00    0.00    0.00   62.11
08時09分40秒    1    3.95    0.00    1.32    0.00    0.00    1.32    0.00    0.00    0.00   93.42

08時09分40秒  CPU    %usr   %nice    %sys %iowait    %irq   %soft  %steal  %guest  %gnice   %idle
08時09分41秒    0   23.40    0.00   10.64    0.00    0.00    4.26    0.00    0.00    0.00   61.70
08時09分41秒    1    4.00    0.00    1.33    0.00    0.00    1.33    0.00    0.00    0.00   93.33

08時09分41秒  CPU    %usr   %nice    %sys %iowait    %irq   %soft  %steal  %guest  %gnice   %idle
08時09分42秒    0   20.21    0.00   12.77    0.00    0.00    3.19    0.00    0.00    0.00   63.83
08時09分42秒    1    2.67    0.00    1.33    0.00    0.00    1.33    0.00    0.00    0.00   94.67

08時09分42秒  CPU    %usr   %nice    %sys %iowait    %irq   %soft  %steal  %guest  %gnice   %idle
08時09分43秒    0   19.35    0.00   13.98    0.00    0.00    3.23    0.00    0.00    0.00   63.44
08時09分43秒    1    4.05    0.00    0.00    0.00    0.00    1.35    0.00    0.00    0.00   94.59

08時09分43秒  CPU    %usr   %nice    %sys %iowait    %irq   %soft  %steal  %guest  %gnice   %idle
08時09分44秒    0   19.59    0.00   15.46    0.00    0.00    4.12    0.00    0.00    0.00   60.82
08時09分44秒    1    5.19    0.00    2.60    0.00    0.00    1.30    0.00    0.00    0.00   90.91

08時09分44秒  CPU    %usr   %nice    %sys %iowait    %irq   %soft  %steal  %guest  %gnice   %idle
08時09分45秒    0   19.15    0.00   15.96    0.00    0.00    3.19    0.00    0.00    0.00   61.70
08時09分45秒    1    4.05    0.00    1.35    0.00    0.00    1.35    0.00    0.00    0.00   93.24

08時09分45秒  CPU    %usr   %nice    %sys %iowait    %irq   %soft  %steal  %guest  %gnice   %idle
08時09分46秒    0   17.89    0.00   15.79    0.00    0.00    4.21    0.00    0.00    0.00   62.11
08時09分46秒    1    2.63    0.00    2.63    0.00    0.00    1.32    0.00    0.00    0.00   93.42

08時09分46秒  CPU    %usr   %nice    %sys %iowait    %irq   %soft  %steal  %guest  %gnice   %idle
08時09分47秒    0   17.71    0.00   17.71    0.00    0.00    3.12    0.00    0.00    0.00   61.46
08時09分47秒    1    3.90    0.00    2.60    0.00    0.00    2.60    0.00    0.00    0.00   90.91

08時09分47秒  CPU    %usr   %nice    %sys %iowait    %irq   %soft  %steal  %guest  %gnice   %idle
08時09分48秒    0   18.28    0.00   15.05    0.00    0.00    3.23    0.00    0.00    0.00   63.44
08時09分48秒    1    4.00    0.00    1.33    0.00    0.00    1.33    0.00    0.00    0.00   93.33

08時09分48秒  CPU    %usr   %nice    %sys %iowait    %irq   %soft  %steal  %guest  %gnice   %idle
08時09分49秒    0   17.89    0.00   15.79    0.00    0.00    4.21    0.00    0.00    0.00   62.11
08時09分49秒    1    6.49    0.00    1.30    0.00    0.00    1.30    0.00    0.00    0.00   90.91

08時09分49秒  CPU    %usr   %nice    %sys %iowait    %irq   %soft  %steal  %guest  %gnice   %idle
08時09分50秒    0   18.95    0.00   14.74    0.00    1.05    3.16    0.00    0.00    0.00   62.11
08時09分50秒    1    3.95    0.00    2.63    0.00    0.00    1.32    0.00    0.00    0.00   92.11

08時09分50秒  CPU    %usr   %nice    %sys %iowait    %irq   %soft  %steal  %guest  %gnice   %idle
08時09分51秒    0   20.21    0.00   14.89    0.00    0.00    3.19    0.00    0.00    0.00   61.70
08時09分51秒    1    6.41    0.00    2.56    0.00    0.00    1.28    0.00    0.00    0.00   89.74

08時09分51秒  CPU    %usr   %nice    %sys %iowait    %irq   %soft  %steal  %guest  %gnice   %idle
08時09分52秒    0   19.15    0.00   12.77    0.00    0.00    4.26    0.00    0.00    0.00   63.83
08時09分52秒    1    1.33    0.00    2.67    0.00    0.00    1.33    0.00    0.00    0.00   94.67

08時09分52秒  CPU    %usr   %nice    %sys %iowait    %irq   %soft  %steal  %guest  %gnice   %idle
08時09分53秒    0   21.28    0.00   12.77    0.00    0.00    3.19    0.00    0.00    0.00   62.77
08時09分53秒    1    5.26    0.00    1.32    0.00    0.00    1.32    0.00    0.00    0.00   92.11

08時09分53秒  CPU    %usr   %nice    %sys %iowait    %irq   %soft  %steal  %guest  %gnice   %idle
08時09分54秒    0   21.88    0.00   12.50    0.00    0.00    4.17    0.00    0.00    0.00   61.46
08時09分54秒    1    3.85    0.00    5.13    0.00    1.28    1.28    0.00    0.00    0.00   88.46

08時09分54秒  CPU    %usr   %nice    %sys %iowait    %irq   %soft  %steal  %guest  %gnice   %idle
08時09分55秒    0   18.09    0.00   15.96    0.00    0.00    3.19    0.00    0.00    0.00   62.77
08時09分55秒    1    2.67    0.00    1.33    0.00    0.00    1.33    0.00    0.00    0.00   94.67

08時09分55秒  CPU    %usr   %nice    %sys %iowait    %irq   %soft  %steal  %guest  %gnice   %idle
08時09分56秒    0   20.21    0.00   13.83    0.00    0.00    3.19    0.00    0.00    0.00   62.77
08時09分56秒    1    2.70    0.00    1.35    0.00    0.00    1.35    0.00    0.00    0.00   94.59

08時09分56秒  CPU    %usr   %nice    %sys %iowait    %irq   %soft  %steal  %guest  %gnice   %idle
08時09分57秒    0   18.28    0.00   13.98    0.00    0.00    4.30    0.00    0.00    0.00   63.44
08時09分57秒    1    2.67    0.00    1.33    0.00    0.00    1.33    0.00    0.00    0.00   94.67

08時09分57秒  CPU    %usr   %nice    %sys %iowait    %irq   %soft  %steal  %guest  %gnice   %idle
08時09分58秒    0   21.28    0.00   12.77    0.00    0.00    3.19    0.00    0.00    0.00   62.77
08時09分58秒    1    2.70    0.00    1.35    0.00    0.00    2.70    0.00    0.00    0.00   93.24

08時09分58秒  CPU    %usr   %nice    %sys %iowait    %irq   %soft  %steal  %guest  %gnice   %idle
08時09分59秒    0   24.73    0.00    9.68    0.00    0.00    3.23    0.00    0.00    0.00   62.37
08時09分59秒    1    4.05    0.00    0.00    0.00    0.00    1.35    0.00    0.00    0.00   94.59

08時09分59秒  CPU    %usr   %nice    %sys %iowait    %irq   %soft  %steal  %guest  %gnice   %idle
08時10分00秒    0   18.75    0.00   14.58    0.00    0.00    4.17    0.00    0.00    0.00   62.50
08時10分00秒    1    5.19    0.00    2.60    0.00    0.00    1.30    0.00    0.00    0.00   90.91

08時10分00秒  CPU    %usr   %nice    %sys %iowait    %irq   %soft  %steal  %guest  %gnice   %idle
08時10分01秒    0   19.15    0.00   15.96    0.00    0.00    3.19    0.00    0.00    0.00   61.70
08時10分01秒    1    4.00    0.00    1.33    0.00    0.00    1.33    0.00    0.00    0.00   93.33

08時10分01秒  CPU    %usr   %nice    %sys %iowait    %irq   %soft  %steal  %guest  %gnice   %idle
08時10分02秒    0   18.95    0.00   13.68    0.00    0.00    4.21    0.00    0.00    0.00   63.16
08時10分02秒    1    2.63    0.00    2.63    0.00    0.00    1.32    0.00    0.00    0.00   93.42

08時10分02秒  CPU    %usr   %nice    %sys %iowait    %irq   %soft  %steal  %guest  %gnice   %idle
08時10分03秒    0   21.88    0.00   13.54    0.00    0.00    3.12    0.00    0.00    0.00   61.46
08時10分03秒    1    2.63    0.00    3.95    0.00    0.00    1.32    0.00    0.00    0.00   92.11

08時10分03秒  CPU    %usr   %nice    %sys %iowait    %irq   %soft  %steal  %guest  %gnice   %idle
08時10分04秒    0   21.28    0.00   13.83    0.00    0.00    3.19    0.00    0.00    0.00   61.70
08時10分04秒    1    5.33    0.00    1.33    0.00    0.00    1.33    0.00    0.00    0.00   92.00

08時10分04秒  CPU    %usr   %nice    %sys %iowait    %irq   %soft  %steal  %guest  %gnice   %idle
08時10分05秒    0   19.59    0.00   15.46    0.00    1.03    4.12    0.00    0.00    0.00   59.79
08時10分05秒    1    4.00    0.00    1.33    0.00    0.00    1.33    0.00    0.00    0.00   93.33

08時10分05秒  CPU    %usr   %nice    %sys %iowait    %irq   %soft  %steal  %guest  %gnice   %idle
08時10分06秒    0   17.89    0.00   16.84    0.00    0.00    3.16    0.00    0.00    0.00   62.11
08時10分06秒    1    4.00    0.00    1.33    0.00    0.00    1.33    0.00    0.00    0.00   93.33

08時10分06秒  CPU    %usr   %nice    %sys %iowait    %irq   %soft  %steal  %guest  %gnice   %idle
08時10分07秒    0   18.28    0.00   15.05    0.00    0.00    3.23    0.00    0.00    0.00   63.44
08時10分07秒    1    3.90    0.00    2.60    0.00    0.00    1.30    0.00    0.00    0.00   92.21

08時10分07秒  CPU    %usr   %nice    %sys %iowait    %irq   %soft  %steal  %guest  %gnice   %idle
08時10分08秒    0   19.79    0.00   14.58    0.00    0.00    4.17    0.00    0.00    0.00   61.46
08時10分08秒    1    5.19    0.00    1.30    0.00    0.00    2.60    0.00    0.00    0.00   90.91

08時10分08秒  CPU    %usr   %nice    %sys %iowait    %irq   %soft  %steal  %guest  %gnice   %idle
08時10分09秒    0   21.28    0.00   14.89    0.00    0.00    3.19    0.00    0.00    0.00   60.64
08時10分09秒    1    2.63    0.00    3.95    0.00    0.00    1.32    0.00    0.00    0.00   92.11

08時10分09秒  CPU    %usr   %nice    %sys %iowait    %irq   %soft  %steal  %guest  %gnice   %idle
08時10分10秒    0   17.89    0.00   16.84    0.00    0.00    3.16    0.00    0.00    0.00   62.11
08時10分10秒    1    4.00    0.00    0.00    0.00    0.00    1.33    0.00    0.00    0.00   94.67

08時10分10秒  CPU    %usr   %nice    %sys %iowait    %irq   %soft  %steal  %guest  %gnice   %idle
08時10分11秒    0   19.79    0.00   14.58    0.00    0.00    4.17    0.00    0.00    0.00   61.46
08時10分11秒    1    2.60    0.00    5.19    0.00    0.00    1.30    0.00    0.00    0.00   90.91

08時10分11秒  CPU    %usr   %nice    %sys %iowait    %irq   %soft  %steal  %guest  %gnice   %idle
08時10分12秒    0   19.79    0.00   15.62    0.00    0.00    3.12    0.00    0.00    0.00   61.46
08時10分12秒    1    3.95    0.00    2.63    0.00    0.00    1.32    0.00    0.00    0.00   92.11

08時10分12秒  CPU    %usr   %nice    %sys %iowait    %irq   %soft  %steal  %guest  %gnice   %idle
08時10分13秒    0   14.89    0.00   19.15    0.00    0.00    4.26    0.00    0.00    0.00   61.70
08時10分13秒    1    5.26    0.00    2.63    0.00    0.00    1.32    0.00    0.00    0.00   90.79

08時10分13秒  CPU    %usr   %nice    %sys %iowait    %irq   %soft  %steal  %guest  %gnice   %idle
08時10分14秒    0   19.59    0.00   15.46    0.00    0.00    3.09    0.00    0.00    0.00   61.86
08時10分14秒    1    5.26    0.00    1.32    0.00    0.00    1.32    0.00    0.00    0.00   92.11

08時10分14秒  CPU    %usr   %nice    %sys %iowait    %irq   %soft  %steal  %guest  %gnice   %idle
08時10分15秒    0   17.02    0.00   17.02    0.00    0.00    3.19    0.00    0.00    0.00   62.77
08時10分15秒    1    2.70    0.00    1.35    0.00    0.00    1.35    0.00    0.00    0.00   94.59

08時10分15秒  CPU    %usr   %nice    %sys %iowait    %irq   %soft  %steal  %guest  %gnice   %idle
08時10分16秒    0   21.05    0.00   13.68    0.00    0.00    4.21    0.00    0.00    0.00   61.05
08時10分16秒    1    3.95    0.00    2.63    0.00    0.00    1.32    0.00    0.00    0.00   92.11

08時10分16秒  CPU    %usr   %nice    %sys %iowait    %irq   %soft  %steal  %guest  %gnice   %idle
08時10分17秒    0   16.67    0.00   17.71    0.00    0.00    3.12    0.00    0.00    0.00   62.50
08時10分17秒    1    6.49    0.00    1.30    0.00    0.00    1.30    0.00    0.00    0.00   90.91

08時10分17秒  CPU    %usr   %nice    %sys %iowait    %irq   %soft  %steal  %guest  %gnice   %idle
08時10分18秒    0   19.15    0.00   15.96    0.00    0.00    3.19    0.00    0.00    0.00   61.70
08時10分18秒    1    2.67    0.00    2.67    0.00    0.00    1.33    0.00    0.00    0.00   93.33

08時10分18秒  CPU    %usr   %nice    %sys %iowait    %irq   %soft  %steal  %guest  %gnice   %idle
08時10分19秒    0   17.89    0.00   14.74    0.00    1.05    4.21    0.00    0.00    0.00   62.11
08時10分19秒    1    5.19    0.00    1.30    0.00    0.00    2.60    0.00    0.00    0.00   90.91

08時10分19秒  CPU    %usr   %nice    %sys %iowait    %irq   %soft  %steal  %guest  %gnice   %idle
08時10分20秒    0   22.11    0.00   13.68    0.00    0.00    3.16    0.00    0.00    0.00   61.05
08時10分20秒    1    4.05    0.00    1.35    0.00    1.35    1.35    0.00    0.00    0.00   91.89

08時10分20秒  CPU    %usr   %nice    %sys %iowait    %irq   %soft  %steal  %guest  %gnice   %idle
08時10分21秒    0   18.75    0.00   16.67    0.00    0.00    4.17    0.00    0.00    0.00   60.42
08時10分21秒    1    4.00    0.00    0.00    0.00    0.00    1.33    0.00    0.00    0.00   94.67

08時10分21秒  CPU    %usr   %nice    %sys %iowait    %irq   %soft  %steal  %guest  %gnice   %idle
08時10分22秒    0   18.48    0.00   15.22    0.00    0.00    3.26    0.00    0.00    0.00   63.04
08時10分22秒    1    6.58    0.00    1.32    0.00    0.00    1.32    0.00    0.00    0.00   90.79

08時10分22秒  CPU    %usr   %nice    %sys %iowait    %irq   %soft  %steal  %guest  %gnice   %idle
08時10分23秒    0   21.28    0.00   12.77    0.00    0.00    3.19    0.00    0.00    0.00   62.77
08時10分23秒    1    6.58    0.00    1.32    0.00    0.00    1.32    0.00    0.00    0.00   90.79

08時10分23秒  CPU    %usr   %nice    %sys %iowait    %irq   %soft  %steal  %guest  %gnice   %idle
08時10分24秒    0   16.49    0.00   18.56    0.00    0.00    4.12    0.00    0.00    0.00   60.82
08時10分24秒    1    5.13    0.00    3.85    0.00    1.28    1.28    0.00    0.00    0.00   88.46

08時10分24秒  CPU    %usr   %nice    %sys %iowait    %irq   %soft  %steal  %guest  %gnice   %idle
08時10分25秒    0   20.00    0.00   14.74    0.00    0.00    3.16    0.00    0.00    0.00   62.11
08時10分25秒    1    5.19    0.00    2.60    0.00    0.00    2.60    0.00    0.00    0.00   89.61

08時10分25秒  CPU    %usr   %nice    %sys %iowait    %irq   %soft  %steal  %guest  %gnice   %idle
08時10分26秒    0   17.71    0.00   17.71    0.00    0.00    4.17    0.00    0.00    0.00   60.42
08時10分26秒    1    5.33    0.00    1.33    0.00    0.00    1.33    0.00    0.00    0.00   92.00

08時10分26秒  CPU    %usr   %nice    %sys %iowait    %irq   %soft  %steal  %guest  %gnice   %idle
08時10分27秒    0   23.40    0.00   13.83    0.00    0.00    3.19    0.00    0.00    0.00   59.57
08時10分27秒    1    5.13    0.00    2.56    0.00    0.00    2.56    0.00    0.00    0.00   89.74

08時10分27秒  CPU    %usr   %nice    %sys %iowait    %irq   %soft  %steal  %guest  %gnice   %idle
08時10分28秒    0   18.28    0.00   15.05    0.00    0.00    3.23    0.00    0.00    0.00   63.44
08時10分28秒    1    2.74    0.00    1.37    0.00    0.00    1.37    0.00    0.00    0.00   94.52

08時10分28秒  CPU    %usr   %nice    %sys %iowait    %irq   %soft  %steal  %guest  %gnice   %idle
08時10分29秒    0   18.95    0.00   15.79    0.00    0.00    4.21    0.00    0.00    0.00   61.05
08時10分29秒    1    4.00    0.00    2.67    0.00    0.00    1.33    0.00    0.00    0.00   92.00

08時10分29秒  CPU    %usr   %nice    %sys %iowait    %irq   %soft  %steal  %guest  %gnice   %idle
08時10分30秒    0   17.20    0.00   16.13    0.00    0.00    3.23    0.00    0.00    0.00   63.44
08時10分30秒    1    2.63    0.00    3.95    0.00    0.00    2.63    0.00    0.00    0.00   90.79

08時10分30秒  CPU    %usr   %nice    %sys %iowait    %irq   %soft  %steal  %guest  %gnice   %idle
08時10分31秒    0   18.75    0.00   15.62    0.00    0.00    4.17    0.00    0.00    0.00   61.46
08時10分31秒    1    5.26    0.00    1.32    0.00    0.00    1.32    0.00    0.00    0.00   92.11

08時10分31秒  CPU    %usr   %nice    %sys %iowait    %irq   %soft  %steal  %guest  %gnice   %idle
08時10分32秒    0   21.51    0.00   12.90    0.00    0.00    3.23    0.00    0.00    0.00   62.37
08時10分32秒    1    5.26    0.00    2.63    0.00    0.00    1.32    0.00    0.00    0.00   90.79

08時10分32秒  CPU    %usr   %nice    %sys %iowait    %irq   %soft  %steal  %guest  %gnice   %idle
08時10分33秒    0   21.05    0.00   14.74    0.00    0.00    3.16    0.00    0.00    0.00   61.05
08時10分33秒    1    2.67    0.00    2.67    0.00    0.00    1.33    0.00    0.00    0.00   93.33

08時10分33秒  CPU    %usr   %nice    %sys %iowait    %irq   %soft  %steal  %guest  %gnice   %idle
08時10分34秒    0   23.47    0.00   11.22    0.00    1.02    4.08    0.00    0.00    0.00   60.20
08時10分34秒    1    2.67    0.00    1.33    0.00    0.00    2.67    0.00    0.00    0.00   93.33

08時10分34秒  CPU    %usr   %nice    %sys %iowait    %irq   %soft  %steal  %guest  %gnice   %idle
08時10分35秒    0   17.20    0.00   16.13    0.00    0.00    3.23    0.00    0.00    0.00   63.44
08時10分35秒    1    5.26    0.00    1.32    0.00    0.00    1.32    0.00    0.00    0.00   92.11

08時10分35秒  CPU    %usr   %nice    %sys %iowait    %irq   %soft  %steal  %guest  %gnice   %idle
08時10分36秒    0   18.75    0.00   15.62    0.00    0.00    4.17    0.00    0.00    0.00   61.46
08時10分36秒    1    5.26    0.00    1.32    0.00    0.00    1.32    0.00    0.00    0.00   92.11

08時10分36秒  CPU    %usr   %nice    %sys %iowait    %irq   %soft  %steal  %guest  %gnice   %idle
08時10分37秒    0   18.09    0.00   15.96    0.00    0.00    3.19    0.00    0.00    0.00   62.77
08時10分37秒    1    5.26    0.00    1.32    0.00    0.00    1.32    0.00    0.00    0.00   92.11

08時10分37秒  CPU    %usr   %nice    %sys %iowait    %irq   %soft  %steal  %guest  %gnice   %idle
08時10分38秒    0   21.05    0.00   14.74    0.00    0.00    3.16    0.00    0.00    0.00   61.05
08時10分38秒    1    2.70    0.00    1.35    0.00    0.00    1.35    0.00    0.00    0.00   94.59

08時10分38秒  CPU    %usr   %nice    %sys %iowait    %irq   %soft  %steal  %guest  %gnice   %idle
08時10分39秒    0   19.79    0.00   14.58    0.00    0.00    4.17    0.00    0.00    0.00   61.46
08時10分39秒    1    6.67    0.00    1.33    0.00    0.00    1.33    0.00    0.00    0.00   90.67

08時10分39秒  CPU    %usr   %nice    %sys %iowait    %irq   %soft  %steal  %guest  %gnice   %idle
08時10分40秒    0   18.95    0.00   15.79    0.00    0.00    3.16    0.00    0.00    0.00   62.11
08時10分40秒    1    5.26    0.00    1.32    0.00    0.00    1.32    0.00    0.00    0.00   92.11

08時10分40秒  CPU    %usr   %nice    %sys %iowait    %irq   %soft  %steal  %guest  %gnice   %idle
08時10分41秒    0   20.21    0.00   13.83    0.00    0.00    3.19    0.00    0.00    0.00   62.77
08時10分41秒    1    1.37    0.00    1.37    0.00    0.00    1.37    0.00    0.00    0.00   95.89

08時10分41秒  CPU    %usr   %nice    %sys %iowait    %irq   %soft  %steal  %guest  %gnice   %idle
08時10分42秒    0   20.65    0.00   10.87    0.00    0.00    4.35    0.00    0.00    0.00   64.13
08時10分42秒    1    1.37    0.00    0.00    0.00    0.00    1.37    0.00    0.00    0.00   97.26

08時10分42秒  CPU    %usr   %nice    %sys %iowait    %irq   %soft  %steal  %guest  %gnice   %idle
08時10分43秒    0   18.95    0.00   16.84    0.00    0.00    3.16    0.00    0.00    0.00   61.05
08時10分43秒    1    5.26    0.00    1.32    0.00    0.00    1.32    0.00    0.00    0.00   92.11

08時10分43秒  CPU    %usr   %nice    %sys %iowait    %irq   %soft  %steal  %guest  %gnice   %idle
08時10分44秒    0   16.84    0.00   16.84    0.00    0.00    4.21    0.00    0.00    0.00   62.11
08時10分44秒    1    2.67    0.00    2.67    0.00    0.00    1.33    0.00    0.00    0.00   93.33

08時10分44秒  CPU    %usr   %nice    %sys %iowait    %irq   %soft  %steal  %guest  %gnice   %idle
08時10分45秒    0   21.28    0.00   13.83    0.00    0.00    3.19    0.00    0.00    0.00   61.70
08時10分45秒    1    4.00    0.00    1.33    0.00    0.00    2.67    0.00    0.00    0.00   92.00

08時10分45秒  CPU    %usr   %nice    %sys %iowait    %irq   %soft  %steal  %guest  %gnice   %idle
08時10分46秒    0   21.88    0.00   13.54    0.00    0.00    3.12    0.00    0.00    0.00   61.46
08時10分46秒    1    4.05    0.00    0.00    0.00    0.00    1.35    0.00    0.00    0.00   94.59

08時10分46秒  CPU    %usr   %nice    %sys %iowait    %irq   %soft  %steal  %guest  %gnice   %idle
08時10分47秒    0   21.05    0.00   14.74    0.00    0.00    4.21    0.00    0.00    0.00   60.00
08時10分47秒    1    3.95    0.00    1.32    0.00    0.00    1.32    0.00    0.00    0.00   93.42

08時10分47秒  CPU    %usr   %nice    %sys %iowait    %irq   %soft  %steal  %guest  %gnice   %idle
08時10分48秒    0   18.95    0.00   14.74    0.00    0.00    3.16    0.00    0.00    0.00   63.16
08時10分48秒    1    5.26    0.00    1.32    0.00    0.00    1.32    0.00    0.00    0.00   92.11

08時10分48秒  CPU    %usr   %nice    %sys %iowait    %irq   %soft  %steal  %guest  %gnice   %idle
08時10分49秒    0   18.75    0.00   15.62    0.00    1.04    3.12    0.00    0.00    0.00   61.46
08時10分49秒    1    4.00    0.00    1.33    0.00    0.00    1.33    0.00    0.00    0.00   93.33

08時10分49秒  CPU    %usr   %nice    %sys %iowait    %irq   %soft  %steal  %guest  %gnice   %idle
08時10分50秒    0   20.00    0.00   13.68    0.00    0.00    4.21    0.00    0.00    0.00   62.11
08時10分50秒    1    3.90    0.00    2.60    0.00    1.30    1.30    0.00    0.00    0.00   90.91

08時10分50秒  CPU    %usr   %nice    %sys %iowait    %irq   %soft  %steal  %guest  %gnice   %idle
08時10分51秒    0   23.16    0.00   12.63    0.00    0.00    3.16    0.00    0.00    0.00   61.05
08時10分51秒    1    3.95    0.00    2.63    0.00    0.00    1.32    0.00    0.00    0.00   92.11

08時10分51秒  CPU    %usr   %nice    %sys %iowait    %irq   %soft  %steal  %guest  %gnice   %idle
08時10分52秒    0   20.43    0.00   12.90    0.00    0.00    3.23    0.00    0.00    0.00   63.44
08時10分52秒    1    3.95    0.00    2.63    0.00    0.00    1.32    0.00    0.00    0.00   92.11

08時10分52秒  CPU    %usr   %nice    %sys %iowait    %irq   %soft  %steal  %guest  %gnice   %idle
08時10分53秒    0   17.89    0.00   16.84    0.00    0.00    4.21    0.00    0.00    0.00   61.05
08時10分53秒    1    2.74    0.00    0.00    0.00    0.00    1.37    0.00    0.00    0.00   95.89

08時10分53秒  CPU    %usr   %nice    %sys %iowait    %irq   %soft  %steal  %guest  %gnice   %idle
08時10分54秒    0   20.83    0.00   13.54    0.00    0.00    3.12    0.00    0.00    0.00   62.50
08時10分54秒    1    3.90    0.00    2.60    0.00    0.00    1.30    0.00    0.00    0.00   92.21

08時10分54秒  CPU    %usr   %nice    %sys %iowait    %irq   %soft  %steal  %guest  %gnice   %idle
08時10分55秒    0   21.05    0.00   14.74    0.00    0.00    4.21    0.00    0.00    0.00   60.00
08時10分55秒    1    4.00    0.00    1.33    0.00    0.00    1.33    0.00    0.00    0.00   93.33

08時10分55秒  CPU    %usr   %nice    %sys %iowait    %irq   %soft  %steal  %guest  %gnice   %idle
08時10分56秒    0   18.95    0.00   16.84    0.00    0.00    3.16    0.00    0.00    0.00   61.05
08時10分56秒    1    3.90    0.00    2.60    0.00    0.00    2.60    0.00    0.00    0.00   90.91

08時10分56秒  CPU    %usr   %nice    %sys %iowait    %irq   %soft  %steal  %guest  %gnice   %idle
08時10分57秒    0   18.95    0.00   15.79    0.00    0.00    3.16    0.00    0.00    0.00   62.11
08時10分57秒    1    3.95    0.00    3.95    0.00    0.00    1.32    0.00    0.00    0.00   90.79

08時10分57秒  CPU    %usr   %nice    %sys %iowait    %irq   %soft  %steal  %guest  %gnice   %idle
08時10分58秒    0   18.75    0.00   15.62    0.00    0.00    4.17    0.00    0.00    0.00   61.46
08時10分58秒    1    3.95    0.00    2.63    0.00    0.00    1.32    0.00    0.00    0.00   92.11

08時10分58秒  CPU    %usr   %nice    %sys %iowait    %irq   %soft  %steal  %guest  %gnice   %idle
08時10分59秒    0   24.47    0.00    9.57    0.00    0.00    3.19    0.00    0.00    0.00   62.77
08時10分59秒    1    1.35    0.00    1.35    0.00    0.00    1.35    0.00    0.00    0.00   95.95

08時10分59秒  CPU    %usr   %nice    %sys %iowait    %irq   %soft  %steal  %guest  %gnice   %idle
08時11分00秒    0   21.05    0.00   14.74    0.00    0.00    3.16    0.00    0.00    0.00   61.05
08時11分00秒    1    5.26    0.00    1.32    0.00    0.00    1.32    0.00    0.00    0.00   92.11

08時11分00秒  CPU    %usr   %nice    %sys %iowait    %irq   %soft  %steal  %guest  %gnice   %idle
08時11分01秒    0   20.83    0.00   12.50    0.00    0.00    4.17    0.00    0.00    0.00   62.50
08時11分01秒    1    3.95    0.00    2.63    0.00    0.00    1.32    0.00    0.00    0.00   92.11

08時11分01秒  CPU    %usr   %nice    %sys %iowait    %irq   %soft  %steal  %guest  %gnice   %idle
08時11分02秒    0   19.35    0.00   15.05    0.00    0.00    3.23    0.00    0.00    0.00   62.37
08時11分02秒    1    2.67    0.00    1.33    0.00    0.00    1.33    0.00    0.00    0.00   94.67

08時11分02秒  CPU    %usr   %nice    %sys %iowait    %irq   %soft  %steal  %guest  %gnice   %idle
08時11分03秒    0   19.79    0.00   14.58    0.00    0.00    4.17    0.00    0.00    0.00   61.46
08時11分03秒    1    1.35    0.00    2.70    0.00    0.00    1.35    0.00    0.00    0.00   94.59

08時11分03秒  CPU    %usr   %nice    %sys %iowait    %irq   %soft  %steal  %guest  %gnice   %idle
08時11分04秒    0   17.89    0.00   16.84    0.00    1.05    3.16    0.00    0.00    0.00   61.05
08時11分04秒    1    6.58    0.00    1.32    0.00    0.00    1.32    0.00    0.00    0.00   90.79

08時11分04秒  CPU    %usr   %nice    %sys %iowait    %irq   %soft  %steal  %guest  %gnice   %idle
08時11分05秒    0   19.15    0.00   17.02    0.00    0.00    3.19    0.00    0.00    0.00   60.64
08時11分05秒    1    2.67    0.00    1.33    0.00    0.00    1.33    0.00    0.00    0.00   94.67

08時11分05秒  CPU    %usr   %nice    %sys %iowait    %irq   %soft  %steal  %guest  %gnice   %idle
08時11分06秒    0   18.95    0.00   14.74    0.00    0.00    4.21    0.00    0.00    0.00   62.11
08時11分06秒    1    4.05    0.00    1.35    0.00    0.00    1.35    0.00    0.00    0.00   93.24

08時11分06秒  CPU    %usr   %nice    %sys %iowait    %irq   %soft  %steal  %guest  %gnice   %idle
08時11分07秒    0   21.05    0.00   14.74    0.00    0.00    3.16    0.00    0.00    0.00   61.05
08時11分07秒    1    2.60    0.00    3.90    0.00    0.00    2.60    0.00    0.00    0.00   90.91

平均時間：  CPU    %usr   %nice    %sys %iowait    %irq   %soft  %steal  %guest  %gnice   %idle
平均時間：    0   19.54    0.00   14.85    0.00    0.07    3.56    0.00    0.00    0.00   61.97
平均時間：    1    3.99    0.00    1.91    0.00    0.06    1.48    0.00    0.00    0.00   92.57
