Linux 5.6.15-arch1-1 (archlinux) 	西元2020年06月29日 	_x86_64_	(12 CPU)

08時16分58秒  CPU    %usr   %nice    %sys %iowait    %irq   %soft  %steal  %guest  %gnice   %idle
08時16分59秒    0   20.21    0.00   13.83    0.00    0.00    3.19    0.00    0.00    0.00   62.77
08時16分59秒    1    2.67    0.00    1.33    0.00    0.00    1.33    0.00    0.00    0.00   94.67

08時16分59秒  CPU    %usr   %nice    %sys %iowait    %irq   %soft  %steal  %guest  %gnice   %idle
08時17分00秒    0   23.96    0.00   11.46    0.00    0.00    4.17    0.00    0.00    0.00   60.42
08時17分00秒    1    6.58    0.00    1.32    0.00    0.00    1.32    0.00    0.00    0.00   90.79

08時17分00秒  CPU    %usr   %nice    %sys %iowait    %irq   %soft  %steal  %guest  %gnice   %idle
08時17分01秒    0   20.21    0.00   13.83    0.00    0.00    3.19    0.00    0.00    0.00   62.77
08時17分01秒    1    5.26    0.00    1.32    0.00    0.00    1.32    0.00    0.00    0.00   92.11

08時17分01秒  CPU    %usr   %nice    %sys %iowait    %irq   %soft  %steal  %guest  %gnice   %idle
08時17分02秒    0   24.47    0.00   10.64    0.00    0.00    3.19    0.00    0.00    0.00   61.70
08時17分02秒    1    4.00    0.00    1.33    0.00    0.00    1.33    0.00    0.00    0.00   93.33

08時17分02秒  CPU    %usr   %nice    %sys %iowait    %irq   %soft  %steal  %guest  %gnice   %idle
08時17分03秒    0   21.88    0.00   14.58    0.00    0.00    4.17    0.00    0.00    0.00   59.38
08時17分03秒    1    5.33    0.00    0.00    0.00    0.00    1.33    0.00    0.00    0.00   93.33

08時17分03秒  CPU    %usr   %nice    %sys %iowait    %irq   %soft  %steal  %guest  %gnice   %idle
08時17分04秒    0   21.28    0.00   12.77    0.00    0.00    3.19    0.00    0.00    0.00   62.77
08時17分04秒    1    2.70    0.00    1.35    0.00    0.00    1.35    0.00    0.00    0.00   94.59

08時17分04秒  CPU    %usr   %nice    %sys %iowait    %irq   %soft  %steal  %guest  %gnice   %idle
08時17分05秒    0   22.34    0.00   13.83    0.00    0.00    3.19    0.00    0.00    0.00   60.64
08時17分05秒    1    5.26    0.00    2.63    0.00    0.00    1.32    0.00    0.00    0.00   90.79

08時17分05秒  CPU    %usr   %nice    %sys %iowait    %irq   %soft  %steal  %guest  %gnice   %idle
08時17分06秒    0   17.71    0.00   17.71    0.00    0.00    4.17    0.00    0.00    0.00   60.42
08時17分06秒    1    5.26    0.00    1.32    0.00    0.00    1.32    0.00    0.00    0.00   92.11

08時17分06秒  CPU    %usr   %nice    %sys %iowait    %irq   %soft  %steal  %guest  %gnice   %idle
08時17分07秒    0   21.28    0.00   13.83    0.00    0.00    3.19    0.00    0.00    0.00   61.70
08時17分07秒    1    6.58    0.00    3.95    0.00    0.00    1.32    0.00    0.00    0.00   88.16

08時17分07秒  CPU    %usr   %nice    %sys %iowait    %irq   %soft  %steal  %guest  %gnice   %idle
08時17分08秒    0   21.05    0.00   11.58    0.00    1.05    4.21    0.00    0.00    0.00   62.11
08時17分08秒    1    4.00    0.00    1.33    0.00    0.00    1.33    0.00    0.00    0.00   93.33

08時17分08秒  CPU    %usr   %nice    %sys %iowait    %irq   %soft  %steal  %guest  %gnice   %idle
08時17分09秒    0   20.21    0.00   13.83    0.00    0.00    3.19    0.00    0.00    0.00   62.77
08時17分09秒    1    2.67    0.00    2.67    0.00    0.00    1.33    0.00    0.00    0.00   93.33

08時17分09秒  CPU    %usr   %nice    %sys %iowait    %irq   %soft  %steal  %guest  %gnice   %idle
08時17分10秒    0   20.00    0.00   15.79    0.00    0.00    3.16    0.00    0.00    0.00   61.05
08時17分10秒    1    5.19    0.00    2.60    0.00    0.00    1.30    0.00    0.00    0.00   90.91

08時17分10秒  CPU    %usr   %nice    %sys %iowait    %irq   %soft  %steal  %guest  %gnice   %idle
08時17分11秒    0   18.09    0.00   15.96    0.00    0.00    4.26    0.00    0.00    0.00   61.70
08時17分11秒    1    4.00    0.00    1.33    0.00    0.00    1.33    0.00    0.00    0.00   93.33

08時17分11秒  CPU    %usr   %nice    %sys %iowait    %irq   %soft  %steal  %guest  %gnice   %idle
08時17分12秒    0   21.65    0.00   14.43    0.00    0.00    3.09    0.00    0.00    0.00   60.82
08時17分12秒    1    4.00    0.00    1.33    0.00    0.00    1.33    0.00    0.00    0.00   93.33

08時17分12秒  CPU    %usr   %nice    %sys %iowait    %irq   %soft  %steal  %guest  %gnice   %idle
08時17分13秒    0   21.05    0.00   13.68    0.00    0.00    4.21    0.00    0.00    0.00   61.05
08時17分13秒    1    3.95    0.00    2.63    0.00    0.00    2.63    0.00    0.00    0.00   90.79

08時17分13秒  CPU    %usr   %nice    %sys %iowait    %irq   %soft  %steal  %guest  %gnice   %idle
08時17分14秒    0   16.67    0.00   15.56    0.00    0.00    3.33    0.00    0.00    0.00   64.44
08時17分14秒    1    3.95    0.00    2.63    0.00    0.00    1.32    0.00    0.00    0.00   92.11

08時17分14秒  CPU    %usr   %nice    %sys %iowait    %irq   %soft  %steal  %guest  %gnice   %idle
08時17分15秒    0   19.35    0.00   13.98    0.00    0.00    4.30    0.00    0.00    0.00   62.37
08時17分15秒    1    4.05    0.00    0.00    0.00    1.35    1.35    0.00    0.00    0.00   93.24

08時17分15秒  CPU    %usr   %nice    %sys %iowait    %irq   %soft  %steal  %guest  %gnice   %idle
08時17分16秒    0   17.20    0.00   17.20    0.00    0.00    3.23    0.00    0.00    0.00   62.37
08時17分16秒    1    5.26    0.00    1.32    0.00    0.00    1.32    0.00    0.00    0.00   92.11

08時17分16秒  CPU    %usr   %nice    %sys %iowait    %irq   %soft  %steal  %guest  %gnice   %idle
08時17分17秒    0   22.58    0.00   12.90    0.00    0.00    3.23    0.00    0.00    0.00   61.29
08時17分17秒    1    6.58    0.00    2.63    0.00    0.00    1.32    0.00    0.00    0.00   89.47

08時17分17秒  CPU    %usr   %nice    %sys %iowait    %irq   %soft  %steal  %guest  %gnice   %idle
08時17分18秒    0   20.00    0.00   14.74    0.00    0.00    4.21    0.00    0.00    0.00   61.05
08時17分18秒    1    5.19    0.00    2.60    0.00    0.00    1.30    0.00    0.00    0.00   90.91

08時17分18秒  CPU    %usr   %nice    %sys %iowait    %irq   %soft  %steal  %guest  %gnice   %idle
08時17分19秒    0   20.00    0.00   15.79    0.00    0.00    3.16    0.00    0.00    0.00   61.05
08時17分19秒    1    6.41    0.00    3.85    0.00    0.00    1.28    0.00    0.00    0.00   88.46

08時17分19秒  CPU    %usr   %nice    %sys %iowait    %irq   %soft  %steal  %guest  %gnice   %idle
08時17分20秒    0   19.79    0.00   14.58    0.00    0.00    4.17    0.00    0.00    0.00   61.46
08時17分20秒    1    1.39    0.00    0.00    0.00    0.00    1.39    0.00    0.00    0.00   97.22

08時17分20秒  CPU    %usr   %nice    %sys %iowait    %irq   %soft  %steal  %guest  %gnice   %idle
08時17分21秒    0   20.43    0.00   15.05    0.00    0.00    3.23    0.00    0.00    0.00   61.29
08時17分21秒    1    4.00    0.00    2.67    0.00    0.00    1.33    0.00    0.00    0.00   92.00

08時17分21秒  CPU    %usr   %nice    %sys %iowait    %irq   %soft  %steal  %guest  %gnice   %idle
08時17分22秒    0   17.02    0.00   15.96    0.00    0.00    4.26    0.00    0.00    0.00   62.77
08時17分22秒    1    3.95    0.00    3.95    0.00    0.00    1.32    0.00    0.00    0.00   90.79

08時17分22秒  CPU    %usr   %nice    %sys %iowait    %irq   %soft  %steal  %guest  %gnice   %idle
08時17分23秒    0   18.75    0.00   16.67    0.00    1.04    3.12    0.00    0.00    0.00   60.42
08時17分23秒    1    5.26    0.00    1.32    0.00    0.00    1.32    0.00    0.00    0.00   92.11

08時17分23秒  CPU    %usr   %nice    %sys %iowait    %irq   %soft  %steal  %guest  %gnice   %idle
08時17分24秒    0   18.28    0.00   15.05    0.00    0.00    3.23    0.00    0.00    0.00   63.44
08時17分24秒    1    5.26    0.00    1.32    0.00    0.00    1.32    0.00    0.00    0.00   92.11

08時17分24秒  CPU    %usr   %nice    %sys %iowait    %irq   %soft  %steal  %guest  %gnice   %idle
08時17分25秒    0   17.20    0.00   16.13    0.00    0.00    4.30    0.00    0.00    0.00   62.37
08時17分25秒    1    5.19    0.00    2.60    0.00    0.00    2.60    0.00    0.00    0.00   89.61

08時17分25秒  CPU    %usr   %nice    %sys %iowait    %irq   %soft  %steal  %guest  %gnice   %idle
08時17分26秒    0   22.83    0.00   11.96    0.00    0.00    3.26    0.00    0.00    0.00   61.96
08時17分26秒    1    2.74    0.00    0.00    0.00    0.00    1.37    0.00    0.00    0.00   95.89

08時17分26秒  CPU    %usr   %nice    %sys %iowait    %irq   %soft  %steal  %guest  %gnice   %idle
08時17分27秒    0   21.05    0.00   12.63    0.00    0.00    4.21    0.00    0.00    0.00   62.11
08時17分27秒    1    2.70    0.00    1.35    0.00    0.00    1.35    0.00    0.00    0.00   94.59

08時17分27秒  CPU    %usr   %nice    %sys %iowait    %irq   %soft  %steal  %guest  %gnice   %idle
08時17分28秒    0   18.95    0.00   15.79    0.00    0.00    3.16    0.00    0.00    0.00   62.11
08時17分28秒    1    3.95    0.00    2.63    0.00    0.00    1.32    0.00    0.00    0.00   92.11

08時17分28秒  CPU    %usr   %nice    %sys %iowait    %irq   %soft  %steal  %guest  %gnice   %idle
08時17分29秒    0   17.71    0.00   17.71    0.00    0.00    4.17    0.00    0.00    0.00   60.42
08時17分29秒    1    5.33    0.00    1.33    0.00    0.00    1.33    0.00    0.00    0.00   92.00

08時17分29秒  CPU    %usr   %nice    %sys %iowait    %irq   %soft  %steal  %guest  %gnice   %idle
08時17分30秒    0   18.28    0.00   15.05    0.00    0.00    3.23    0.00    0.00    0.00   63.44
08時17分30秒    1    5.26    0.00    1.32    0.00    0.00    1.32    0.00    0.00    0.00   92.11

08時17分30秒  CPU    %usr   %nice    %sys %iowait    %irq   %soft  %steal  %guest  %gnice   %idle
08時17分31秒    0   19.57    0.00   14.13    0.00    0.00    3.26    0.00    0.00    0.00   63.04
08時17分31秒    1    4.00    0.00    1.33    0.00    0.00    1.33    0.00    0.00    0.00   93.33

08時17分31秒  CPU    %usr   %nice    %sys %iowait    %irq   %soft  %steal  %guest  %gnice   %idle
08時17分32秒    0   18.09    0.00   15.96    0.00    0.00    4.26    0.00    0.00    0.00   61.70
08時17分32秒    1    5.33    0.00    0.00    0.00    0.00    1.33    0.00    0.00    0.00   93.33

08時17分32秒  CPU    %usr   %nice    %sys %iowait    %irq   %soft  %steal  %guest  %gnice   %idle
08時17分33秒    0   21.05    0.00   14.74    0.00    0.00    3.16    0.00    0.00    0.00   61.05
08時17分33秒    1    4.11    0.00    0.00    0.00    0.00    1.37    0.00    0.00    0.00   94.52

08時17分33秒  CPU    %usr   %nice    %sys %iowait    %irq   %soft  %steal  %guest  %gnice   %idle
08時17分34秒    0   17.02    0.00   17.02    0.00    0.00    4.26    0.00    0.00    0.00   61.70
08時17分34秒    1    3.90    0.00    3.90    0.00    0.00    1.30    0.00    0.00    0.00   90.91

08時17分34秒  CPU    %usr   %nice    %sys %iowait    %irq   %soft  %steal  %guest  %gnice   %idle
08時17分35秒    0   20.00    0.00   15.79    0.00    0.00    3.16    0.00    0.00    0.00   61.05
08時17分35秒    1    6.49    0.00    1.30    0.00    0.00    1.30    0.00    0.00    0.00   90.91

08時17分35秒  CPU    %usr   %nice    %sys %iowait    %irq   %soft  %steal  %guest  %gnice   %idle
08時17分36秒    0   20.21    0.00   13.83    0.00    0.00    3.19    0.00    0.00    0.00   62.77
08時17分36秒    1    4.00    0.00    2.67    0.00    0.00    1.33    0.00    0.00    0.00   92.00

08時17分36秒  CPU    %usr   %nice    %sys %iowait    %irq   %soft  %steal  %guest  %gnice   %idle
08時17分37秒    0   18.95    0.00   14.74    0.00    1.05    4.21    0.00    0.00    0.00   61.05
08時17分37秒    1    2.70    0.00    1.35    0.00    0.00    1.35    0.00    0.00    0.00   94.59

08時17分37秒  CPU    %usr   %nice    %sys %iowait    %irq   %soft  %steal  %guest  %gnice   %idle
08時17分38秒    0   19.57    0.00   14.13    0.00    0.00    3.26    0.00    0.00    0.00   63.04
08時17分38秒    1    4.00    0.00    1.33    0.00    0.00    1.33    0.00    0.00    0.00   93.33

08時17分38秒  CPU    %usr   %nice    %sys %iowait    %irq   %soft  %steal  %guest  %gnice   %idle
08時17分39秒    0   17.71    0.00   18.75    0.00    0.00    4.17    0.00    0.00    0.00   59.38
08時17分39秒    1    5.19    0.00    2.60    0.00    0.00    2.60    0.00    0.00    0.00   89.61

08時17分39秒  CPU    %usr   %nice    %sys %iowait    %irq   %soft  %steal  %guest  %gnice   %idle
08時17分40秒    0   20.21    0.00   13.83    0.00    0.00    3.19    0.00    0.00    0.00   62.77
08時17分40秒    1    3.95    0.00    1.32    0.00    1.32    1.32    0.00    0.00    0.00   92.11

08時17分40秒  CPU    %usr   %nice    %sys %iowait    %irq   %soft  %steal  %guest  %gnice   %idle
08時17分41秒    0   19.15    0.00   15.96    0.00    0.00    3.19    0.00    0.00    0.00   61.70
08時17分41秒    1    5.33    0.00    1.33    0.00    0.00    1.33    0.00    0.00    0.00   92.00

08時17分41秒  CPU    %usr   %nice    %sys %iowait    %irq   %soft  %steal  %guest  %gnice   %idle
08時17分42秒    0   17.89    0.00   16.84    0.00    0.00    4.21    0.00    0.00    0.00   61.05
08時17分42秒    1    5.19    0.00    2.60    0.00    0.00    1.30    0.00    0.00    0.00   90.91

08時17分42秒  CPU    %usr   %nice    %sys %iowait    %irq   %soft  %steal  %guest  %gnice   %idle
08時17分43秒    0   17.89    0.00   17.89    0.00    0.00    3.16    0.00    0.00    0.00   61.05
08時17分43秒    1    2.74    0.00    1.37    0.00    0.00    1.37    0.00    0.00    0.00   94.52

08時17分43秒  CPU    %usr   %nice    %sys %iowait    %irq   %soft  %steal  %guest  %gnice   %idle
08時17分44秒    0   19.15    0.00   13.83    0.00    0.00    4.26    0.00    0.00    0.00   62.77
08時17分44秒    1    6.41    0.00    2.56    0.00    0.00    1.28    0.00    0.00    0.00   89.74

08時17分44秒  CPU    %usr   %nice    %sys %iowait    %irq   %soft  %steal  %guest  %gnice   %idle
08時17分45秒    0   17.02    0.00   18.09    0.00    0.00    3.19    0.00    0.00    0.00   61.70
08時17分45秒    1    2.67    0.00    2.67    0.00    0.00    1.33    0.00    0.00    0.00   93.33

08時17分45秒  CPU    %usr   %nice    %sys %iowait    %irq   %soft  %steal  %guest  %gnice   %idle
08時17分46秒    0   21.28    0.00   12.77    0.00    0.00    4.26    0.00    0.00    0.00   61.70
08時17分46秒    1    5.26    0.00    2.63    0.00    0.00    1.32    0.00    0.00    0.00   90.79

08時17分46秒  CPU    %usr   %nice    %sys %iowait    %irq   %soft  %steal  %guest  %gnice   %idle
08時17分47秒    0   18.95    0.00   15.79    0.00    0.00    3.16    0.00    0.00    0.00   62.11
08時17分47秒    1    1.35    0.00    2.70    0.00    0.00    1.35    0.00    0.00    0.00   94.59

08時17分47秒  CPU    %usr   %nice    %sys %iowait    %irq   %soft  %steal  %guest  %gnice   %idle
08時17分48秒    0   19.15    0.00   15.96    0.00    0.00    3.19    0.00    0.00    0.00   61.70
08時17分48秒    1    5.33    0.00    0.00    0.00    0.00    1.33    0.00    0.00    0.00   93.33

08時17分48秒  CPU    %usr   %nice    %sys %iowait    %irq   %soft  %steal  %guest  %gnice   %idle
08時17分49秒    0   22.92    0.00   12.50    0.00    0.00    4.17    0.00    0.00    0.00   60.42
08時17分49秒    1    5.33    0.00    1.33    0.00    0.00    1.33    0.00    0.00    0.00   92.00

08時17分49秒  CPU    %usr   %nice    %sys %iowait    %irq   %soft  %steal  %guest  %gnice   %idle
08時17分50秒    0   19.35    0.00   15.05    0.00    0.00    3.23    0.00    0.00    0.00   62.37
08時17分50秒    1    3.95    0.00    2.63    0.00    0.00    1.32    0.00    0.00    0.00   92.11

08時17分50秒  CPU    %usr   %nice    %sys %iowait    %irq   %soft  %steal  %guest  %gnice   %idle
08時17分51秒    0   17.71    0.00   16.67    0.00    0.00    4.17    0.00    0.00    0.00   61.46
08時17分51秒    1    2.70    0.00    1.35    0.00    0.00    1.35    0.00    0.00    0.00   94.59

08時17分51秒  CPU    %usr   %nice    %sys %iowait    %irq   %soft  %steal  %guest  %gnice   %idle
08時17分52秒    0   21.05    0.00   12.63    0.00    1.05    3.16    0.00    0.00    0.00   62.11
08時17分52秒    1    3.85    0.00    3.85    0.00    0.00    2.56    0.00    0.00    0.00   89.74

08時17分52秒  CPU    %usr   %nice    %sys %iowait    %irq   %soft  %steal  %guest  %gnice   %idle
08時17分53秒    0   22.34    0.00   12.77    0.00    0.00    3.19    0.00    0.00    0.00   61.70
08時17分53秒    1    5.33    0.00    0.00    0.00    0.00    1.33    0.00    0.00    0.00   93.33

08時17分53秒  CPU    %usr   %nice    %sys %iowait    %irq   %soft  %steal  %guest  %gnice   %idle
08時17分54秒    0   18.95    0.00   15.79    0.00    0.00    4.21    0.00    0.00    0.00   61.05
08時17分54秒    1    4.05    0.00    1.35    0.00    0.00    1.35    0.00    0.00    0.00   93.24

08時17分54秒  CPU    %usr   %nice    %sys %iowait    %irq   %soft  %steal  %guest  %gnice   %idle
08時17分55秒    0   24.21    0.00   10.53    0.00    0.00    3.16    0.00    0.00    0.00   62.11
08時17分55秒    1    2.67    0.00    1.33    0.00    0.00    1.33    0.00    0.00    0.00   94.67

08時17分55秒  CPU    %usr   %nice    %sys %iowait    %irq   %soft  %steal  %guest  %gnice   %idle
08時17分56秒    0   17.89    0.00   16.84    0.00    0.00    4.21    0.00    0.00    0.00   61.05
08時17分56秒    1    3.95    0.00    3.95    0.00    0.00    1.32    0.00    0.00    0.00   90.79

08時17分56秒  CPU    %usr   %nice    %sys %iowait    %irq   %soft  %steal  %guest  %gnice   %idle
08時17分57秒    0   18.09    0.00   17.02    0.00    0.00    3.19    0.00    0.00    0.00   61.70
08時17分57秒    1    4.00    0.00    1.33    0.00    0.00    1.33    0.00    0.00    0.00   93.33

08時17分57秒  CPU    %usr   %nice    %sys %iowait    %irq   %soft  %steal  %guest  %gnice   %idle
08時17分58秒    0   20.21    0.00   13.83    0.00    0.00    3.19    0.00    0.00    0.00   62.77
08時17分58秒    1    5.26    0.00    1.32    0.00    0.00    1.32    0.00    0.00    0.00   92.11

08時17分58秒  CPU    %usr   %nice    %sys %iowait    %irq   %soft  %steal  %guest  %gnice   %idle
08時17分59秒    0   20.83    0.00   14.58    0.00    0.00    4.17    0.00    0.00    0.00   60.42
08時17分59秒    1    3.95    0.00    2.63    0.00    0.00    1.32    0.00    0.00    0.00   92.11

08時17分59秒  CPU    %usr   %nice    %sys %iowait    %irq   %soft  %steal  %guest  %gnice   %idle
08時18分00秒    0   21.51    0.00   11.83    0.00    0.00    3.23    0.00    0.00    0.00   63.44
08時18分00秒    1    3.95    0.00    2.63    0.00    0.00    1.32    0.00    0.00    0.00   92.11

08時18分00秒  CPU    %usr   %nice    %sys %iowait    %irq   %soft  %steal  %guest  %gnice   %idle
08時18分01秒    0   19.15    0.00   14.89    0.00    0.00    4.26    0.00    0.00    0.00   61.70
08時18分01秒    1    0.00    0.00    2.78    0.00    0.00    1.39    0.00    0.00    0.00   95.83

08時18分01秒  CPU    %usr   %nice    %sys %iowait    %irq   %soft  %steal  %guest  %gnice   %idle
08時18分02秒    0   20.21    0.00   13.83    0.00    0.00    3.19    0.00    0.00    0.00   62.77
08時18分02秒    1    4.00    0.00    1.33    0.00    0.00    1.33    0.00    0.00    0.00   93.33

08時18分02秒  CPU    %usr   %nice    %sys %iowait    %irq   %soft  %steal  %guest  %gnice   %idle
08時18分03秒    0   18.28    0.00   16.13    0.00    0.00    3.23    0.00    0.00    0.00   62.37
08時18分03秒    1    6.49    0.00    1.30    0.00    0.00    1.30    0.00    0.00    0.00   90.91

08時18分03秒  CPU    %usr   %nice    %sys %iowait    %irq   %soft  %steal  %guest  %gnice   %idle
08時18分04秒    0   18.95    0.00   15.79    0.00    0.00    4.21    0.00    0.00    0.00   61.05
08時18分04秒    1    4.00    0.00    2.67    0.00    0.00    1.33    0.00    0.00    0.00   92.00

08時18分04秒  CPU    %usr   %nice    %sys %iowait    %irq   %soft  %steal  %guest  %gnice   %idle
08時18分05秒    0   17.02    0.00   18.09    0.00    0.00    3.19    0.00    0.00    0.00   61.70
08時18分05秒    1    6.49    0.00    1.30    0.00    1.30    1.30    0.00    0.00    0.00   89.61

08時18分05秒  CPU    %usr   %nice    %sys %iowait    %irq   %soft  %steal  %guest  %gnice   %idle
08時18分06秒    0   17.89    0.00   15.79    0.00    1.05    4.21    0.00    0.00    0.00   61.05
08時18分06秒    1    2.70    0.00    1.35    0.00    0.00    1.35    0.00    0.00    0.00   94.59

08時18分06秒  CPU    %usr   %nice    %sys %iowait    %irq   %soft  %steal  %guest  %gnice   %idle
08時18分07秒    0   21.28    0.00   12.77    0.00    0.00    3.19    0.00    0.00    0.00   62.77
08時18分07秒    1    3.90    0.00    1.30    0.00    0.00    2.60    0.00    0.00    0.00   92.21

08時18分07秒  CPU    %usr   %nice    %sys %iowait    %irq   %soft  %steal  %guest  %gnice   %idle
08時18分08秒    0   20.21    0.00   14.89    0.00    0.00    3.19    0.00    0.00    0.00   61.70
08時18分08秒    1    1.37    0.00    2.74    0.00    0.00    1.37    0.00    0.00    0.00   94.52

08時18分08秒  CPU    %usr   %nice    %sys %iowait    %irq   %soft  %steal  %guest  %gnice   %idle
08時18分09秒    0   19.79    0.00   15.62    0.00    0.00    4.17    0.00    0.00    0.00   60.42
08時18分09秒    1    5.26    0.00    1.32    0.00    0.00    1.32    0.00    0.00    0.00   92.11

08時18分09秒  CPU    %usr   %nice    %sys %iowait    %irq   %soft  %steal  %guest  %gnice   %idle
08時18分10秒    0   20.21    0.00   13.83    0.00    0.00    3.19    0.00    0.00    0.00   62.77
08時18分10秒    1    2.70    0.00    1.35    0.00    0.00    1.35    0.00    0.00    0.00   94.59

08時18分10秒  CPU    %usr   %nice    %sys %iowait    %irq   %soft  %steal  %guest  %gnice   %idle
08時18分11秒    0   22.34    0.00   11.70    0.00    0.00    4.26    0.00    0.00    0.00   61.70
08時18分11秒    1    3.95    0.00    1.32    0.00    0.00    1.32    0.00    0.00    0.00   93.42

08時18分11秒  CPU    %usr   %nice    %sys %iowait    %irq   %soft  %steal  %guest  %gnice   %idle
08時18分12秒    0   19.35    0.00   16.13    0.00    0.00    3.23    0.00    0.00    0.00   61.29
08時18分12秒    1    5.41    0.00    0.00    0.00    0.00    1.35    0.00    0.00    0.00   93.24

08時18分12秒  CPU    %usr   %nice    %sys %iowait    %irq   %soft  %steal  %guest  %gnice   %idle
08時18分13秒    0   17.89    0.00   17.89    0.00    0.00    3.16    0.00    0.00    0.00   61.05
08時18分13秒    1    2.67    0.00    4.00    0.00    0.00    1.33    0.00    0.00    0.00   92.00

08時18分13秒  CPU    %usr   %nice    %sys %iowait    %irq   %soft  %steal  %guest  %gnice   %idle
08時18分14秒    0   17.20    0.00   17.20    0.00    0.00    4.30    0.00    0.00    0.00   61.29
08時18分14秒    1    4.00    0.00    1.33    0.00    0.00    1.33    0.00    0.00    0.00   93.33

08時18分14秒  CPU    %usr   %nice    %sys %iowait    %irq   %soft  %steal  %guest  %gnice   %idle
08時18分15秒    0   21.51    0.00   16.13    0.00    0.00    3.23    0.00    0.00    0.00   59.14
08時18分15秒    1    4.00    0.00    2.67    0.00    0.00    1.33    0.00    0.00    0.00   92.00

08時18分15秒  CPU    %usr   %nice    %sys %iowait    %irq   %soft  %steal  %guest  %gnice   %idle
08時18分16秒    0   17.02    0.00   15.96    0.00    0.00    4.26    0.00    0.00    0.00   62.77
08時18分16秒    1    6.67    0.00    0.00    0.00    0.00    1.33    0.00    0.00    0.00   92.00

08時18分16秒  CPU    %usr   %nice    %sys %iowait    %irq   %soft  %steal  %guest  %gnice   %idle
08時18分17秒    0   19.15    0.00   15.96    0.00    0.00    3.19    0.00    0.00    0.00   61.70
08時18分17秒    1    1.39    0.00    0.00    0.00    0.00    1.39    0.00    0.00    0.00   97.22

08時18分17秒  CPU    %usr   %nice    %sys %iowait    %irq   %soft  %steal  %guest  %gnice   %idle
08時18分18秒    0   22.34    0.00   12.77    0.00    0.00    4.26    0.00    0.00    0.00   60.64
08時18分18秒    1    4.00    0.00    2.67    0.00    0.00    1.33    0.00    0.00    0.00   92.00

08時18分18秒  CPU    %usr   %nice    %sys %iowait    %irq   %soft  %steal  %guest  %gnice   %idle
08時18分19秒    0   20.43    0.00   13.98    0.00    0.00    3.23    0.00    0.00    0.00   62.37
08時18分19秒    1    4.00    0.00    1.33    0.00    1.33    1.33    0.00    0.00    0.00   92.00

08時18分19秒  CPU    %usr   %nice    %sys %iowait    %irq   %soft  %steal  %guest  %gnice   %idle
08時18分20秒    0   18.95    0.00   15.79    0.00    1.05    4.21    0.00    0.00    0.00   60.00
08時18分20秒    1    5.26    0.00    1.32    0.00    0.00    1.32    0.00    0.00    0.00   92.11

08時18分20秒  CPU    %usr   %nice    %sys %iowait    %irq   %soft  %steal  %guest  %gnice   %idle
08時18分21秒    0   21.05    0.00   14.74    0.00    0.00    3.16    0.00    0.00    0.00   61.05
08時18分21秒    1    2.63    0.00    3.95    0.00    0.00    2.63    0.00    0.00    0.00   90.79

08時18分21秒  CPU    %usr   %nice    %sys %iowait    %irq   %soft  %steal  %guest  %gnice   %idle
08時18分22秒    0   23.40    0.00   11.70    0.00    0.00    4.26    0.00    0.00    0.00   60.64
08時18分22秒    1    5.26    0.00    1.32    0.00    0.00    1.32    0.00    0.00    0.00   92.11

08時18分22秒  CPU    %usr   %nice    %sys %iowait    %irq   %soft  %steal  %guest  %gnice   %idle
08時18分23秒    0   21.28    0.00   14.89    0.00    0.00    3.19    0.00    0.00    0.00   60.64
08時18分23秒    1    5.41    0.00    0.00    0.00    0.00    1.35    0.00    0.00    0.00   93.24

08時18分23秒  CPU    %usr   %nice    %sys %iowait    %irq   %soft  %steal  %guest  %gnice   %idle
08時18分24秒    0   18.48    0.00   16.30    0.00    0.00    3.26    0.00    0.00    0.00   61.96
08時18分24秒    1    2.67    0.00    2.67    0.00    0.00    1.33    0.00    0.00    0.00   93.33

08時18分24秒  CPU    %usr   %nice    %sys %iowait    %irq   %soft  %steal  %guest  %gnice   %idle
08時18分25秒    0   20.65    0.00   13.04    0.00    0.00    4.35    0.00    0.00    0.00   61.96
08時18分25秒    1    5.33    0.00    1.33    0.00    0.00    1.33    0.00    0.00    0.00   92.00

08時18分25秒  CPU    %usr   %nice    %sys %iowait    %irq   %soft  %steal  %guest  %gnice   %idle
08時18分26秒    0   21.05    0.00   15.79    0.00    0.00    3.16    0.00    0.00    0.00   60.00
08時18分26秒    1    2.70    0.00    1.35    0.00    0.00    1.35    0.00    0.00    0.00   94.59

08時18分26秒  CPU    %usr   %nice    %sys %iowait    %irq   %soft  %steal  %guest  %gnice   %idle
08時18分27秒    0   21.28    0.00   15.96    0.00    0.00    4.26    0.00    0.00    0.00   58.51
08時18分27秒    1    5.26    0.00    1.32    0.00    0.00    1.32    0.00    0.00    0.00   92.11

08時18分27秒  CPU    %usr   %nice    %sys %iowait    %irq   %soft  %steal  %guest  %gnice   %idle
08時18分28秒    0   21.51    0.00   12.90    0.00    0.00    3.23    0.00    0.00    0.00   62.37
08時18分28秒    1    2.70    0.00    1.35    0.00    0.00    1.35    0.00    0.00    0.00   94.59

08時18分28秒  CPU    %usr   %nice    %sys %iowait    %irq   %soft  %steal  %guest  %gnice   %idle
08時18分29秒    0   21.05    0.00   14.74    0.00    0.00    4.21    0.00    0.00    0.00   60.00
08時18分29秒    1    5.19    0.00    2.60    0.00    0.00    1.30    0.00    0.00    0.00   90.91

08時18分29秒  CPU    %usr   %nice    %sys %iowait    %irq   %soft  %steal  %guest  %gnice   %idle
08時18分30秒    0   21.74    0.00   13.04    0.00    0.00    3.26    0.00    0.00    0.00   61.96
08時18分30秒    1    1.39    0.00    0.00    0.00    0.00    1.39    0.00    0.00    0.00   97.22

08時18分30秒  CPU    %usr   %nice    %sys %iowait    %irq   %soft  %steal  %guest  %gnice   %idle
08時18分31秒    0   20.43    0.00   13.98    0.00    0.00    4.30    0.00    0.00    0.00   61.29
08時18分31秒    1    2.70    0.00    1.35    0.00    0.00    1.35    0.00    0.00    0.00   94.59

08時18分31秒  CPU    %usr   %nice    %sys %iowait    %irq   %soft  %steal  %guest  %gnice   %idle
08時18分32秒    0   22.11    0.00   13.68    0.00    0.00    3.16    0.00    0.00    0.00   61.05
08時18分32秒    1    4.00    0.00    2.67    0.00    0.00    1.33    0.00    0.00    0.00   92.00

08時18分32秒  CPU    %usr   %nice    %sys %iowait    %irq   %soft  %steal  %guest  %gnice   %idle
08時18分33秒    0   20.43    0.00   15.05    0.00    0.00    4.30    0.00    0.00    0.00   60.22
08時18分33秒    1    2.70    0.00    1.35    0.00    0.00    1.35    0.00    0.00    0.00   94.59

08時18分33秒  CPU    %usr   %nice    %sys %iowait    %irq   %soft  %steal  %guest  %gnice   %idle
08時18分34秒    0   17.02    0.00   18.09    0.00    0.00    3.19    0.00    0.00    0.00   61.70
08時18分34秒    1    5.33    0.00    1.33    0.00    0.00    1.33    0.00    0.00    0.00   92.00

08時18分34秒  CPU    %usr   %nice    %sys %iowait    %irq   %soft  %steal  %guest  %gnice   %idle
08時18分35秒    0   18.09    0.00   14.89    0.00    1.06    3.19    0.00    0.00    0.00   62.77
08時18分35秒    1    5.13    0.00    2.56    0.00    1.28    1.28    0.00    0.00    0.00   89.74

08時18分35秒  CPU    %usr   %nice    %sys %iowait    %irq   %soft  %steal  %guest  %gnice   %idle
08時18分36秒    0   22.92    0.00   13.54    0.00    0.00    4.17    0.00    0.00    0.00   59.38
08時18分36秒    1    4.00    0.00    1.33    0.00    0.00    1.33    0.00    0.00    0.00   93.33

08時18分36秒  CPU    %usr   %nice    %sys %iowait    %irq   %soft  %steal  %guest  %gnice   %idle
08時18分37秒    0   18.48    0.00   16.30    0.00    0.00    3.26    0.00    0.00    0.00   61.96
08時18分37秒    1    2.67    0.00    2.67    0.00    0.00    2.67    0.00    0.00    0.00   92.00

08時18分37秒  CPU    %usr   %nice    %sys %iowait    %irq   %soft  %steal  %guest  %gnice   %idle
08時18分38秒    0   16.84    0.00   16.84    0.00    0.00    4.21    0.00    0.00    0.00   62.11
08時18分38秒    1    5.26    0.00    1.32    0.00    0.00    1.32    0.00    0.00    0.00   92.11

08時18分38秒  CPU    %usr   %nice    %sys %iowait    %irq   %soft  %steal  %guest  %gnice   %idle
08時18分39秒    0   21.51    0.00   15.05    0.00    0.00    3.23    0.00    0.00    0.00   60.22
08時18分39秒    1    3.90    0.00    3.90    0.00    0.00    1.30    0.00    0.00    0.00   90.91

08時18分39秒  CPU    %usr   %nice    %sys %iowait    %irq   %soft  %steal  %guest  %gnice   %idle
08時18分40秒    0   20.83    0.00   14.58    0.00    0.00    4.17    0.00    0.00    0.00   60.42
08時18分40秒    1    5.26    0.00    1.32    0.00    0.00    1.32    0.00    0.00    0.00   92.11

08時18分40秒  CPU    %usr   %nice    %sys %iowait    %irq   %soft  %steal  %guest  %gnice   %idle
08時18分41秒    0   21.74    0.00   13.04    0.00    0.00    3.26    0.00    0.00    0.00   61.96
08時18分41秒    1    2.70    0.00    2.70    0.00    0.00    1.35    0.00    0.00    0.00   93.24

08時18分41秒  CPU    %usr   %nice    %sys %iowait    %irq   %soft  %steal  %guest  %gnice   %idle
08時18分42秒    0   22.34    0.00   12.77    0.00    0.00    4.26    0.00    0.00    0.00   60.64
08時18分42秒    1    4.00    0.00    1.33    0.00    0.00    1.33    0.00    0.00    0.00   93.33

08時18分42秒  CPU    %usr   %nice    %sys %iowait    %irq   %soft  %steal  %guest  %gnice   %idle
08時18分43秒    0   23.66    0.00   11.83    0.00    0.00    3.23    0.00    0.00    0.00   61.29
08時18分43秒    1    2.70    0.00    2.70    0.00    0.00    1.35    0.00    0.00    0.00   93.24

08時18分43秒  CPU    %usr   %nice    %sys %iowait    %irq   %soft  %steal  %guest  %gnice   %idle
08時18分44秒    0   22.58    0.00   13.98    0.00    0.00    3.23    0.00    0.00    0.00   60.22
08時18分44秒    1    5.19    0.00    2.60    0.00    0.00    1.30    0.00    0.00    0.00   90.91

08時18分44秒  CPU    %usr   %nice    %sys %iowait    %irq   %soft  %steal  %guest  %gnice   %idle
08時18分45秒    0   20.00    0.00   14.74    0.00    0.00    4.21    0.00    0.00    0.00   61.05
08時18分45秒    1    4.05    0.00    0.00    0.00    0.00    1.35    0.00    0.00    0.00   94.59

08時18分45秒  CPU    %usr   %nice    %sys %iowait    %irq   %soft  %steal  %guest  %gnice   %idle
08時18分46秒    0   20.65    0.00   14.13    0.00    0.00    3.26    0.00    0.00    0.00   61.96
08時18分46秒    1    5.13    0.00    3.85    0.00    0.00    1.28    0.00    0.00    0.00   89.74

08時18分46秒  CPU    %usr   %nice    %sys %iowait    %irq   %soft  %steal  %guest  %gnice   %idle
08時18分47秒    0   20.00    0.00   15.79    0.00    0.00    4.21    0.00    0.00    0.00   60.00
08時18分47秒    1    2.74    0.00    1.37    0.00    0.00    1.37    0.00    0.00    0.00   94.52

08時18分47秒  CPU    %usr   %nice    %sys %iowait    %irq   %soft  %steal  %guest  %gnice   %idle
08時18分48秒    0   21.28    0.00   14.89    0.00    0.00    3.19    0.00    0.00    0.00   60.64
08時18分48秒    1    3.95    0.00    2.63    0.00    0.00    1.32    0.00    0.00    0.00   92.11

08時18分48秒  CPU    %usr   %nice    %sys %iowait    %irq   %soft  %steal  %guest  %gnice   %idle
08時18分49秒    0   19.15    0.00   14.89    0.00    1.06    4.26    0.00    0.00    0.00   60.64
08時18分49秒    1    5.26    0.00    2.63    0.00    0.00    1.32    0.00    0.00    0.00   90.79

08時18分49秒  CPU    %usr   %nice    %sys %iowait    %irq   %soft  %steal  %guest  %gnice   %idle
08時18分50秒    0   22.11    0.00   13.68    0.00    0.00    3.16    0.00    0.00    0.00   61.05
08時18分50秒    1    2.70    0.00    1.35    0.00    0.00    1.35    0.00    0.00    0.00   94.59

08時18分50秒  CPU    %usr   %nice    %sys %iowait    %irq   %soft  %steal  %guest  %gnice   %idle
08時18分51秒    0   17.02    0.00   17.02    0.00    0.00    4.26    0.00    0.00    0.00   61.70
08時18分51秒    1    5.19    0.00    1.30    0.00    0.00    2.60    0.00    0.00    0.00   90.91

08時18分51秒  CPU    %usr   %nice    %sys %iowait    %irq   %soft  %steal  %guest  %gnice   %idle
08時18分52秒    0   21.51    0.00   13.98    0.00    0.00    3.23    0.00    0.00    0.00   61.29
08時18分52秒    1    5.33    0.00    0.00    0.00    0.00    1.33    0.00    0.00    0.00   93.33

08時18分52秒  CPU    %usr   %nice    %sys %iowait    %irq   %soft  %steal  %guest  %gnice   %idle
08時18分53秒    0   20.43    0.00   15.05    0.00    0.00    4.30    0.00    0.00    0.00   60.22
08時18分53秒    1    4.00    0.00    2.67    0.00    0.00    1.33    0.00    0.00    0.00   92.00

08時18分53秒  CPU    %usr   %nice    %sys %iowait    %irq   %soft  %steal  %guest  %gnice   %idle
08時18分54秒    0   19.35    0.00   17.20    0.00    0.00    3.23    0.00    0.00    0.00   60.22
08時18分54秒    1    4.05    0.00    1.35    0.00    0.00    1.35    0.00    0.00    0.00   93.24

08時18分54秒  CPU    %usr   %nice    %sys %iowait    %irq   %soft  %steal  %guest  %gnice   %idle
08時18分55秒    0   22.58    0.00   13.98    0.00    0.00    3.23    0.00    0.00    0.00   60.22
08時18分55秒    1    4.00    0.00    1.33    0.00    0.00    1.33    0.00    0.00    0.00   93.33

08時18分55秒  CPU    %usr   %nice    %sys %iowait    %irq   %soft  %steal  %guest  %gnice   %idle
08時18分56秒    0   21.28    0.00   13.83    0.00    0.00    4.26    0.00    0.00    0.00   60.64
08時18分56秒    1    6.41    0.00    2.56    0.00    0.00    1.28    0.00    0.00    0.00   89.74

08時18分56秒  CPU    %usr   %nice    %sys %iowait    %irq   %soft  %steal  %guest  %gnice   %idle
08時18分57秒    0   17.20    0.00   19.35    0.00    0.00    3.23    0.00    0.00    0.00   60.22
08時18分57秒    1    1.39    0.00    1.39    0.00    0.00    1.39    0.00    0.00    0.00   95.83

08時18分57秒  CPU    %usr   %nice    %sys %iowait    %irq   %soft  %steal  %guest  %gnice   %idle
08時18分58秒    0   20.00    0.00   15.79    0.00    0.00    4.21    0.00    0.00    0.00   60.00
08時18分58秒    1    4.05    0.00    1.35    0.00    0.00    1.35    0.00    0.00    0.00   93.24

平均時間：  CPU    %usr   %nice    %sys %iowait    %irq   %soft  %steal  %guest  %gnice   %idle
平均時間：    0   20.01    0.00   14.84    0.00    0.07    3.64    0.00    0.00    0.00   61.43
平均時間：    1    4.20    0.00    1.79    0.00    0.06    1.42    0.00    0.00    0.00   92.54
