Linux 5.6.15-arch1-1 (archlinux) 	西元2020年06月29日 	_x86_64_	(12 CPU)

08時11分44秒  CPU    %usr   %nice    %sys %iowait    %irq   %soft  %steal  %guest  %gnice   %idle
08時11分45秒    0   20.00    0.00   14.74    0.00    0.00    4.21    0.00    0.00    0.00   61.05
08時11分45秒    1    5.41    0.00    1.35    0.00    0.00    1.35    0.00    0.00    0.00   91.89

08時11分45秒  CPU    %usr   %nice    %sys %iowait    %irq   %soft  %steal  %guest  %gnice   %idle
08時11分46秒    0   14.89    0.00   19.15    0.00    0.00    3.19    0.00    0.00    0.00   62.77
08時11分46秒    1    3.85    0.00    3.85    0.00    1.28    1.28    0.00    0.00    0.00   89.74

08時11分46秒  CPU    %usr   %nice    %sys %iowait    %irq   %soft  %steal  %guest  %gnice   %idle
08時11分47秒    0   24.21    0.00   13.68    0.00    0.00    4.21    0.00    0.00    0.00   57.89
08時11分47秒    1    2.67    0.00    2.67    0.00    0.00    2.67    0.00    0.00    0.00   92.00

08時11分47秒  CPU    %usr   %nice    %sys %iowait    %irq   %soft  %steal  %guest  %gnice   %idle
08時11分48秒    0   21.28    0.00   12.77    0.00    0.00    3.19    0.00    0.00    0.00   62.77
08時11分48秒    1    3.95    0.00    2.63    0.00    0.00    1.32    0.00    0.00    0.00   92.11

08時11分48秒  CPU    %usr   %nice    %sys %iowait    %irq   %soft  %steal  %guest  %gnice   %idle
08時11分49秒    0   17.71    0.00   16.67    0.00    0.00    4.17    0.00    0.00    0.00   61.46
08時11分49秒    1    4.00    0.00    1.33    0.00    0.00    1.33    0.00    0.00    0.00   93.33

08時11分49秒  CPU    %usr   %nice    %sys %iowait    %irq   %soft  %steal  %guest  %gnice   %idle
08時11分50秒    0   20.21    0.00   14.89    0.00    0.00    3.19    0.00    0.00    0.00   61.70
08時11分50秒    1    5.13    0.00    3.85    0.00    0.00    1.28    0.00    0.00    0.00   89.74

08時11分50秒  CPU    %usr   %nice    %sys %iowait    %irq   %soft  %steal  %guest  %gnice   %idle
08時11分51秒    0   18.75    0.00   15.62    0.00    0.00    4.17    0.00    0.00    0.00   61.46
08時11分51秒    1    4.00    0.00    1.33    0.00    0.00    1.33    0.00    0.00    0.00   93.33

08時11分51秒  CPU    %usr   %nice    %sys %iowait    %irq   %soft  %steal  %guest  %gnice   %idle
08時11分52秒    0   20.21    0.00   14.89    0.00    0.00    3.19    0.00    0.00    0.00   61.70
08時11分52秒    1    5.26    0.00    1.32    0.00    0.00    1.32    0.00    0.00    0.00   92.11

08時11分52秒  CPU    %usr   %nice    %sys %iowait    %irq   %soft  %steal  %guest  %gnice   %idle
08時11分53秒    0   17.71    0.00   16.67    0.00    1.04    4.17    0.00    0.00    0.00   60.42
08時11分53秒    1    2.70    0.00    1.35    0.00    0.00    1.35    0.00    0.00    0.00   94.59

08時11分53秒  CPU    %usr   %nice    %sys %iowait    %irq   %soft  %steal  %guest  %gnice   %idle
08時11分54秒    0   18.95    0.00   15.79    0.00    0.00    3.16    0.00    0.00    0.00   62.11
08時11分54秒    1    4.05    0.00    0.00    0.00    0.00    1.35    0.00    0.00    0.00   94.59

08時11分54秒  CPU    %usr   %nice    %sys %iowait    %irq   %soft  %steal  %guest  %gnice   %idle
08時11分55秒    0   21.05    0.00   15.79    0.00    0.00    4.21    0.00    0.00    0.00   58.95
08時11分55秒    1    5.19    0.00    2.60    0.00    0.00    1.30    0.00    0.00    0.00   90.91

08時11分55秒  CPU    %usr   %nice    %sys %iowait    %irq   %soft  %steal  %guest  %gnice   %idle
08時11分56秒    0   16.13    0.00   18.28    0.00    0.00    3.23    0.00    0.00    0.00   62.37
08時11分56秒    1    4.05    0.00    0.00    0.00    0.00    1.35    0.00    0.00    0.00   94.59

08時11分56秒  CPU    %usr   %nice    %sys %iowait    %irq   %soft  %steal  %guest  %gnice   %idle
08時11分57秒    0   21.28    0.00   12.77    0.00    0.00    4.26    0.00    0.00    0.00   61.70
08時11分57秒    1    5.19    0.00    2.60    0.00    0.00    1.30    0.00    0.00    0.00   90.91

08時11分57秒  CPU    %usr   %nice    %sys %iowait    %irq   %soft  %steal  %guest  %gnice   %idle
08時11分58秒    0   21.88    0.00   14.58    0.00    0.00    3.12    0.00    0.00    0.00   60.42
08時11分58秒    1    3.90    0.00    3.90    0.00    0.00    1.30    0.00    0.00    0.00   90.91

08時11分58秒  CPU    %usr   %nice    %sys %iowait    %irq   %soft  %steal  %guest  %gnice   %idle
08時11分59秒    0   21.05    0.00   13.68    0.00    0.00    3.16    0.00    0.00    0.00   62.11
08時11分59秒    1    0.00    0.00    1.39    0.00    0.00    1.39    0.00    0.00    0.00   97.22

08時11分59秒  CPU    %usr   %nice    %sys %iowait    %irq   %soft  %steal  %guest  %gnice   %idle
08時12分00秒    0   18.95    0.00   14.74    0.00    0.00    4.21    0.00    0.00    0.00   62.11
08時12分00秒    1    4.00    0.00    1.33    0.00    0.00    1.33    0.00    0.00    0.00   93.33

08時12分00秒  CPU    %usr   %nice    %sys %iowait    %irq   %soft  %steal  %guest  %gnice   %idle
08時12分01秒    0   19.15    0.00   15.96    0.00    0.00    3.19    0.00    0.00    0.00   61.70
08時12分01秒    1    5.19    0.00    2.60    0.00    0.00    1.30    0.00    0.00    0.00   90.91

08時12分01秒  CPU    %usr   %nice    %sys %iowait    %irq   %soft  %steal  %guest  %gnice   %idle
08時12分02秒    0   21.05    0.00   13.68    0.00    0.00    4.21    0.00    0.00    0.00   61.05
08時12分02秒    1    3.95    0.00    3.95    0.00    0.00    2.63    0.00    0.00    0.00   89.47

08時12分02秒  CPU    %usr   %nice    %sys %iowait    %irq   %soft  %steal  %guest  %gnice   %idle
08時12分03秒    0   22.34    0.00   12.77    0.00    0.00    3.19    0.00    0.00    0.00   61.70
08時12分03秒    1    1.39    0.00    0.00    0.00    0.00    1.39    0.00    0.00    0.00   97.22

08時12分03秒  CPU    %usr   %nice    %sys %iowait    %irq   %soft  %steal  %guest  %gnice   %idle
08時12分04秒    0   15.22    0.00   17.39    0.00    0.00    4.35    0.00    0.00    0.00   63.04
08時12分04秒    1    2.70    0.00    1.35    0.00    0.00    1.35    0.00    0.00    0.00   94.59

08時12分04秒  CPU    %usr   %nice    %sys %iowait    %irq   %soft  %steal  %guest  %gnice   %idle
08時12分05秒    0   20.43    0.00   13.98    0.00    0.00    3.23    0.00    0.00    0.00   62.37
08時12分05秒    1    2.70    0.00    2.70    0.00    0.00    1.35    0.00    0.00    0.00   93.24

08時12分05秒  CPU    %usr   %nice    %sys %iowait    %irq   %soft  %steal  %guest  %gnice   %idle
08時12分06秒    0   21.88    0.00   12.50    0.00    0.00    4.17    0.00    0.00    0.00   61.46
08時12分06秒    1    3.95    0.00    1.32    0.00    0.00    1.32    0.00    0.00    0.00   93.42

08時12分06秒  CPU    %usr   %nice    %sys %iowait    %irq   %soft  %steal  %guest  %gnice   %idle
08時12分07秒    0   19.79    0.00   14.58    0.00    1.04    3.12    0.00    0.00    0.00   61.46
08時12分07秒    1    3.90    0.00    2.60    0.00    0.00    1.30    0.00    0.00    0.00   92.21

08時12分07秒  CPU    %usr   %nice    %sys %iowait    %irq   %soft  %steal  %guest  %gnice   %idle
08時12分08秒    0   21.05    0.00   13.68    0.00    0.00    4.21    0.00    0.00    0.00   61.05
08時12分08秒    1    5.33    0.00    1.33    0.00    0.00    1.33    0.00    0.00    0.00   92.00

08時12分08秒  CPU    %usr   %nice    %sys %iowait    %irq   %soft  %steal  %guest  %gnice   %idle
08時12分09秒    0   23.40    0.00   12.77    0.00    0.00    3.19    0.00    0.00    0.00   60.64
08時12分09秒    1    6.58    0.00    0.00    0.00    0.00    1.32    0.00    0.00    0.00   92.11

08時12分09秒  CPU    %usr   %nice    %sys %iowait    %irq   %soft  %steal  %guest  %gnice   %idle
08時12分10秒    0   23.40    0.00   10.64    0.00    0.00    4.26    0.00    0.00    0.00   61.70
08時12分10秒    1    2.70    0.00    1.35    0.00    0.00    1.35    0.00    0.00    0.00   94.59

08時12分10秒  CPU    %usr   %nice    %sys %iowait    %irq   %soft  %steal  %guest  %gnice   %idle
08時12分11秒    0   22.34    0.00   12.77    0.00    0.00    3.19    0.00    0.00    0.00   61.70
08時12分11秒    1    2.70    0.00    1.35    0.00    0.00    1.35    0.00    0.00    0.00   94.59

08時12分11秒  CPU    %usr   %nice    %sys %iowait    %irq   %soft  %steal  %guest  %gnice   %idle
08時12分12秒    0   17.89    0.00   15.79    0.00    0.00    4.21    0.00    0.00    0.00   62.11
08時12分12秒    1    5.19    0.00    2.60    0.00    1.30    1.30    0.00    0.00    0.00   89.61

08時12分12秒  CPU    %usr   %nice    %sys %iowait    %irq   %soft  %steal  %guest  %gnice   %idle
08時12分13秒    0   21.05    0.00   14.74    0.00    0.00    3.16    0.00    0.00    0.00   61.05
08時12分13秒    1    1.35    0.00    1.35    0.00    0.00    1.35    0.00    0.00    0.00   95.95

08時12分13秒  CPU    %usr   %nice    %sys %iowait    %irq   %soft  %steal  %guest  %gnice   %idle
08時12分14秒    0   19.35    0.00   13.98    0.00    0.00    3.23    0.00    0.00    0.00   63.44
08時12分14秒    1    1.35    0.00    2.70    0.00    0.00    1.35    0.00    0.00    0.00   94.59

08時12分14秒  CPU    %usr   %nice    %sys %iowait    %irq   %soft  %steal  %guest  %gnice   %idle
08時12分15秒    0   18.28    0.00   15.05    0.00    0.00    4.30    0.00    0.00    0.00   62.37
08時12分15秒    1    2.63    0.00    2.63    0.00    0.00    2.63    0.00    0.00    0.00   92.11

08時12分15秒  CPU    %usr   %nice    %sys %iowait    %irq   %soft  %steal  %guest  %gnice   %idle
08時12分16秒    0   19.15    0.00   14.89    0.00    0.00    3.19    0.00    0.00    0.00   62.77
08時12分16秒    1    4.00    0.00    1.33    0.00    0.00    1.33    0.00    0.00    0.00   93.33

08時12分16秒  CPU    %usr   %nice    %sys %iowait    %irq   %soft  %steal  %guest  %gnice   %idle
08時12分17秒    0   19.15    0.00   14.89    0.00    0.00    4.26    0.00    0.00    0.00   61.70
08時12分17秒    1    3.95    0.00    2.63    0.00    0.00    1.32    0.00    0.00    0.00   92.11

08時12分17秒  CPU    %usr   %nice    %sys %iowait    %irq   %soft  %steal  %guest  %gnice   %idle
08時12分18秒    0   21.88    0.00   13.54    0.00    0.00    3.12    0.00    0.00    0.00   61.46
08時12分18秒    1    1.35    0.00    2.70    0.00    0.00    1.35    0.00    0.00    0.00   94.59

08時12分18秒  CPU    %usr   %nice    %sys %iowait    %irq   %soft  %steal  %guest  %gnice   %idle
08時12分19秒    0   19.15    0.00   14.89    0.00    0.00    4.26    0.00    0.00    0.00   61.70
08時12分19秒    1    3.95    0.00    1.32    0.00    0.00    1.32    0.00    0.00    0.00   93.42

08時12分19秒  CPU    %usr   %nice    %sys %iowait    %irq   %soft  %steal  %guest  %gnice   %idle
08時12分20秒    0   19.57    0.00   14.13    0.00    0.00    3.26    0.00    0.00    0.00   63.04
08時12分20秒    1    4.05    0.00    1.35    0.00    1.35    1.35    0.00    0.00    0.00   91.89

08時12分20秒  CPU    %usr   %nice    %sys %iowait    %irq   %soft  %steal  %guest  %gnice   %idle
08時12分21秒    0   20.83    0.00   13.54    0.00    0.00    4.17    0.00    0.00    0.00   61.46
08時12分21秒    1    4.00    0.00    1.33    0.00    0.00    1.33    0.00    0.00    0.00   93.33

08時12分21秒  CPU    %usr   %nice    %sys %iowait    %irq   %soft  %steal  %guest  %gnice   %idle
08時12分22秒    0   16.84    0.00   17.89    0.00    1.05    3.16    0.00    0.00    0.00   61.05
08時12分22秒    1    2.67    0.00    2.67    0.00    0.00    1.33    0.00    0.00    0.00   93.33

08時12分22秒  CPU    %usr   %nice    %sys %iowait    %irq   %soft  %steal  %guest  %gnice   %idle
08時12分23秒    0   17.20    0.00   16.13    0.00    0.00    4.30    0.00    0.00    0.00   62.37
08時12分23秒    1    4.05    0.00    0.00    0.00    0.00    1.35    0.00    0.00    0.00   94.59

08時12分23秒  CPU    %usr   %nice    %sys %iowait    %irq   %soft  %steal  %guest  %gnice   %idle
08時12分24秒    0   22.11    0.00   12.63    0.00    0.00    3.16    0.00    0.00    0.00   62.11
08時12分24秒    1    3.90    0.00    2.60    0.00    0.00    1.30    0.00    0.00    0.00   92.21

08時12分24秒  CPU    %usr   %nice    %sys %iowait    %irq   %soft  %steal  %guest  %gnice   %idle
08時12分25秒    0   20.00    0.00   15.79    0.00    0.00    4.21    0.00    0.00    0.00   60.00
08時12分25秒    1    5.33    0.00    1.33    0.00    0.00    1.33    0.00    0.00    0.00   92.00

08時12分25秒  CPU    %usr   %nice    %sys %iowait    %irq   %soft  %steal  %guest  %gnice   %idle
08時12分26秒    0   20.21    0.00   13.83    0.00    0.00    3.19    0.00    0.00    0.00   62.77
08時12分26秒    1    2.63    0.00    2.63    0.00    0.00    1.32    0.00    0.00    0.00   93.42

08時12分26秒  CPU    %usr   %nice    %sys %iowait    %irq   %soft  %steal  %guest  %gnice   %idle
08時12分27秒    0   22.92    0.00   11.46    0.00    0.00    4.17    0.00    0.00    0.00   61.46
08時12分27秒    1    2.70    0.00    1.35    0.00    0.00    1.35    0.00    0.00    0.00   94.59

08時12分27秒  CPU    %usr   %nice    %sys %iowait    %irq   %soft  %steal  %guest  %gnice   %idle
08時12分28秒    0   15.05    0.00   19.35    0.00    0.00    3.23    0.00    0.00    0.00   62.37
08時12分28秒    1    4.00    0.00    1.33    0.00    0.00    1.33    0.00    0.00    0.00   93.33

08時12分28秒  CPU    %usr   %nice    %sys %iowait    %irq   %soft  %steal  %guest  %gnice   %idle
08時12分29秒    0   22.11    0.00   12.63    0.00    0.00    4.21    0.00    0.00    0.00   61.05
08時12分29秒    1    2.67    0.00    1.33    0.00    0.00    2.67    0.00    0.00    0.00   93.33

08時12分29秒  CPU    %usr   %nice    %sys %iowait    %irq   %soft  %steal  %guest  %gnice   %idle
08時12分30秒    0   20.43    0.00   13.98    0.00    0.00    3.23    0.00    0.00    0.00   62.37
08時12分30秒    1    5.33    0.00    1.33    0.00    0.00    1.33    0.00    0.00    0.00   92.00

08時12分30秒  CPU    %usr   %nice    %sys %iowait    %irq   %soft  %steal  %guest  %gnice   %idle
08時12分31秒    0   19.59    0.00   16.49    0.00    0.00    4.12    0.00    0.00    0.00   59.79
08時12分31秒    1    4.00    0.00    1.33    0.00    0.00    1.33    0.00    0.00    0.00   93.33

08時12分31秒  CPU    %usr   %nice    %sys %iowait    %irq   %soft  %steal  %guest  %gnice   %idle
08時12分32秒    0   17.89    0.00   16.84    0.00    0.00    3.16    0.00    0.00    0.00   62.11
08時12分32秒    1    3.95    0.00    2.63    0.00    0.00    1.32    0.00    0.00    0.00   92.11

08時12分32秒  CPU    %usr   %nice    %sys %iowait    %irq   %soft  %steal  %guest  %gnice   %idle
08時12分33秒    0   20.43    0.00   13.98    0.00    0.00    4.30    0.00    0.00    0.00   61.29
08時12分33秒    1    2.70    0.00    2.70    0.00    0.00    1.35    0.00    0.00    0.00   93.24

08時12分33秒  CPU    %usr   %nice    %sys %iowait    %irq   %soft  %steal  %guest  %gnice   %idle
08時12分34秒    0   22.11    0.00   12.63    0.00    0.00    3.16    0.00    0.00    0.00   62.11
08時12分34秒    1    5.19    0.00    1.30    0.00    0.00    1.30    0.00    0.00    0.00   92.21

08時12分34秒  CPU    %usr   %nice    %sys %iowait    %irq   %soft  %steal  %guest  %gnice   %idle
08時12分35秒    0   19.79    0.00   15.62    0.00    0.00    4.17    0.00    0.00    0.00   60.42
08時12分35秒    1    5.41    0.00    0.00    0.00    0.00    1.35    0.00    0.00    0.00   93.24

08時12分35秒  CPU    %usr   %nice    %sys %iowait    %irq   %soft  %steal  %guest  %gnice   %idle
08時12分36秒    0   21.05    0.00   12.63    0.00    1.05    3.16    0.00    0.00    0.00   62.11
08時12分36秒    1    5.19    0.00    1.30    0.00    0.00    1.30    0.00    0.00    0.00   92.21

08時12分36秒  CPU    %usr   %nice    %sys %iowait    %irq   %soft  %steal  %guest  %gnice   %idle
08時12分37秒    0   22.58    0.00   11.83    0.00    0.00    3.23    0.00    0.00    0.00   62.37
08時12分37秒    1    4.00    0.00    1.33    0.00    0.00    1.33    0.00    0.00    0.00   93.33

08時12分37秒  CPU    %usr   %nice    %sys %iowait    %irq   %soft  %steal  %guest  %gnice   %idle
08時12分38秒    0   21.05    0.00   13.68    0.00    0.00    4.21    0.00    0.00    0.00   61.05
08時12分38秒    1    5.33    0.00    1.33    0.00    0.00    1.33    0.00    0.00    0.00   92.00

08時12分38秒  CPU    %usr   %nice    %sys %iowait    %irq   %soft  %steal  %guest  %gnice   %idle
08時12分39秒    0   20.21    0.00   13.83    0.00    0.00    3.19    0.00    0.00    0.00   62.77
08時12分39秒    1    4.00    0.00    1.33    0.00    0.00    1.33    0.00    0.00    0.00   93.33

08時12分39秒  CPU    %usr   %nice    %sys %iowait    %irq   %soft  %steal  %guest  %gnice   %idle
08時12分40秒    0   19.15    0.00   14.89    0.00    0.00    4.26    0.00    0.00    0.00   61.70
08時12分40秒    1    3.90    0.00    2.60    0.00    1.30    1.30    0.00    0.00    0.00   90.91

08時12分40秒  CPU    %usr   %nice    %sys %iowait    %irq   %soft  %steal  %guest  %gnice   %idle
08時12分41秒    0   19.15    0.00   13.83    0.00    0.00    3.19    0.00    0.00    0.00   63.83
08時12分41秒    1    8.00    0.00    0.00    0.00    0.00    1.33    0.00    0.00    0.00   90.67

08時12分41秒  CPU    %usr   %nice    %sys %iowait    %irq   %soft  %steal  %guest  %gnice   %idle
08時12分42秒    0   18.95    0.00   15.79    0.00    0.00    4.21    0.00    0.00    0.00   61.05
08時12分42秒    1    3.95    0.00    2.63    0.00    0.00    1.32    0.00    0.00    0.00   92.11

08時12分42秒  CPU    %usr   %nice    %sys %iowait    %irq   %soft  %steal  %guest  %gnice   %idle
08時12分43秒    0   20.21    0.00   13.83    0.00    0.00    3.19    0.00    0.00    0.00   62.77
08時12分43秒    1    3.90    0.00    2.60    0.00    0.00    2.60    0.00    0.00    0.00   90.91

08時12分43秒  CPU    %usr   %nice    %sys %iowait    %irq   %soft  %steal  %guest  %gnice   %idle
08時12分44秒    0   18.75    0.00   15.62    0.00    0.00    4.17    0.00    0.00    0.00   61.46
08時12分44秒    1    6.41    0.00    2.56    0.00    0.00    1.28    0.00    0.00    0.00   89.74

08時12分44秒  CPU    %usr   %nice    %sys %iowait    %irq   %soft  %steal  %guest  %gnice   %idle
08時12分45秒    0   17.02    0.00   18.09    0.00    0.00    3.19    0.00    0.00    0.00   61.70
08時12分45秒    1    4.00    0.00    1.33    0.00    0.00    1.33    0.00    0.00    0.00   93.33

08時12分45秒  CPU    %usr   %nice    %sys %iowait    %irq   %soft  %steal  %guest  %gnice   %idle
08時12分46秒    0   23.66    0.00    9.68    0.00    0.00    4.30    0.00    0.00    0.00   62.37
08時12分46秒    1    5.26    0.00    1.32    0.00    0.00    1.32    0.00    0.00    0.00   92.11

08時12分46秒  CPU    %usr   %nice    %sys %iowait    %irq   %soft  %steal  %guest  %gnice   %idle
08時12分47秒    0   20.00    0.00   15.79    0.00    0.00    3.16    0.00    0.00    0.00   61.05
08時12分47秒    1    5.33    0.00    1.33    0.00    0.00    1.33    0.00    0.00    0.00   92.00

08時12分47秒  CPU    %usr   %nice    %sys %iowait    %irq   %soft  %steal  %guest  %gnice   %idle
08時12分48秒    0   20.21    0.00   12.77    0.00    0.00    4.26    0.00    0.00    0.00   62.77
08時12分48秒    1    5.33    0.00    0.00    0.00    0.00    1.33    0.00    0.00    0.00   93.33

08時12分48秒  CPU    %usr   %nice    %sys %iowait    %irq   %soft  %steal  %guest  %gnice   %idle
08時12分49秒    0   22.11    0.00   15.79    0.00    0.00    3.16    0.00    0.00    0.00   58.95
08時12分49秒    1    3.95    0.00    1.32    0.00    0.00    1.32    0.00    0.00    0.00   93.42

08時12分49秒  CPU    %usr   %nice    %sys %iowait    %irq   %soft  %steal  %guest  %gnice   %idle
08時12分50秒    0   18.09    0.00   14.89    0.00    0.00    4.26    0.00    0.00    0.00   62.77
08時12分50秒    1    4.05    0.00    0.00    0.00    0.00    1.35    0.00    0.00    0.00   94.59

08時12分50秒  CPU    %usr   %nice    %sys %iowait    %irq   %soft  %steal  %guest  %gnice   %idle
08時12分51秒    0   19.35    0.00   13.98    0.00    1.08    3.23    0.00    0.00    0.00   62.37
08時12分51秒    1    2.67    0.00    2.67    0.00    0.00    1.33    0.00    0.00    0.00   93.33

08時12分51秒  CPU    %usr   %nice    %sys %iowait    %irq   %soft  %steal  %guest  %gnice   %idle
08時12分52秒    0   19.15    0.00   14.89    0.00    0.00    3.19    0.00    0.00    0.00   62.77
08時12分52秒    1    5.26    0.00    1.32    0.00    0.00    1.32    0.00    0.00    0.00   92.11

08時12分52秒  CPU    %usr   %nice    %sys %iowait    %irq   %soft  %steal  %guest  %gnice   %idle
08時12分53秒    0   21.28    0.00   12.77    0.00    0.00    4.26    0.00    0.00    0.00   61.70
08時12分53秒    1    4.05    0.00    0.00    0.00    0.00    1.35    0.00    0.00    0.00   94.59

08時12分53秒  CPU    %usr   %nice    %sys %iowait    %irq   %soft  %steal  %guest  %gnice   %idle
08時12分54秒    0   19.35    0.00   17.20    0.00    0.00    3.23    0.00    0.00    0.00   60.22
08時12分54秒    1    2.67    0.00    2.67    0.00    0.00    1.33    0.00    0.00    0.00   93.33

08時12分54秒  CPU    %usr   %nice    %sys %iowait    %irq   %soft  %steal  %guest  %gnice   %idle
08時12分55秒    0   21.05    0.00   14.74    0.00    0.00    4.21    0.00    0.00    0.00   60.00
08時12分55秒    1    2.70    0.00    1.35    0.00    0.00    1.35    0.00    0.00    0.00   94.59

08時12分55秒  CPU    %usr   %nice    %sys %iowait    %irq   %soft  %steal  %guest  %gnice   %idle
08時12分56秒    0   25.26    0.00    9.47    0.00    0.00    3.16    0.00    0.00    0.00   62.11
08時12分56秒    1    5.26    0.00    1.32    0.00    0.00    1.32    0.00    0.00    0.00   92.11

08時12分56秒  CPU    %usr   %nice    %sys %iowait    %irq   %soft  %steal  %guest  %gnice   %idle
08時12分57秒    0   20.21    0.00   12.77    0.00    0.00    4.26    0.00    0.00    0.00   62.77
08時12分57秒    1    5.19    0.00    1.30    0.00    0.00    2.60    0.00    0.00    0.00   90.91

08時12分57秒  CPU    %usr   %nice    %sys %iowait    %irq   %soft  %steal  %guest  %gnice   %idle
08時12分58秒    0   20.21    0.00   14.89    0.00    0.00    3.19    0.00    0.00    0.00   61.70
08時12分58秒    1    3.95    0.00    1.32    0.00    0.00    1.32    0.00    0.00    0.00   93.42

08時12分58秒  CPU    %usr   %nice    %sys %iowait    %irq   %soft  %steal  %guest  %gnice   %idle
08時12分59秒    0   22.11    0.00   11.58    0.00    0.00    4.21    0.00    0.00    0.00   62.11
08時12分59秒    1    4.00    0.00    1.33    0.00    0.00    1.33    0.00    0.00    0.00   93.33

08時12分59秒  CPU    %usr   %nice    %sys %iowait    %irq   %soft  %steal  %guest  %gnice   %idle
08時13分00秒    0   21.05    0.00   13.68    0.00    0.00    3.16    0.00    0.00    0.00   62.11
08時13分00秒    1    3.95    0.00    2.63    0.00    0.00    1.32    0.00    0.00    0.00   92.11

08時13分00秒  CPU    %usr   %nice    %sys %iowait    %irq   %soft  %steal  %guest  %gnice   %idle
08時13分01秒    0   17.71    0.00   16.67    0.00    0.00    4.17    0.00    0.00    0.00   61.46
08時13分01秒    1    9.21    0.00    0.00    0.00    0.00    1.32    0.00    0.00    0.00   89.47

08時13分01秒  CPU    %usr   %nice    %sys %iowait    %irq   %soft  %steal  %guest  %gnice   %idle
08時13分02秒    0   16.84    0.00   17.89    0.00    0.00    3.16    0.00    0.00    0.00   62.11
08時13分02秒    1    3.95    0.00    1.32    0.00    0.00    1.32    0.00    0.00    0.00   93.42

08時13分02秒  CPU    %usr   %nice    %sys %iowait    %irq   %soft  %steal  %guest  %gnice   %idle
08時13分03秒    0   19.35    0.00   15.05    0.00    0.00    3.23    0.00    0.00    0.00   62.37
08時13分03秒    1    6.58    0.00    0.00    0.00    0.00    1.32    0.00    0.00    0.00   92.11

08時13分03秒  CPU    %usr   %nice    %sys %iowait    %irq   %soft  %steal  %guest  %gnice   %idle
08時13分04秒    0   23.16    0.00   10.53    0.00    0.00    4.21    0.00    0.00    0.00   62.11
08時13分04秒    1    2.70    0.00    2.70    0.00    0.00    1.35    0.00    0.00    0.00   93.24

08時13分04秒  CPU    %usr   %nice    %sys %iowait    %irq   %soft  %steal  %guest  %gnice   %idle
08時13分05秒    0   20.83    0.00   14.58    0.00    1.04    3.12    0.00    0.00    0.00   60.42
08時13分05秒    1    6.41    0.00    1.28    0.00    1.28    1.28    0.00    0.00    0.00   89.74

08時13分05秒  CPU    %usr   %nice    %sys %iowait    %irq   %soft  %steal  %guest  %gnice   %idle
08時13分06秒    0   20.43    0.00   13.98    0.00    0.00    4.30    0.00    0.00    0.00   61.29
08時13分06秒    1    5.33    0.00    1.33    0.00    0.00    1.33    0.00    0.00    0.00   92.00

08時13分06秒  CPU    %usr   %nice    %sys %iowait    %irq   %soft  %steal  %guest  %gnice   %idle
08時13分07秒    0   19.15    0.00   14.89    0.00    0.00    3.19    0.00    0.00    0.00   62.77
08時13分07秒    1    3.95    0.00    1.32    0.00    0.00    1.32    0.00    0.00    0.00   93.42

08時13分07秒  CPU    %usr   %nice    %sys %iowait    %irq   %soft  %steal  %guest  %gnice   %idle
08時13分08秒    0   21.05    0.00   13.68    0.00    0.00    4.21    0.00    0.00    0.00   61.05
08時13分08秒    1    5.26    0.00    2.63    0.00    0.00    1.32    0.00    0.00    0.00   90.79

08時13分08秒  CPU    %usr   %nice    %sys %iowait    %irq   %soft  %steal  %guest  %gnice   %idle
08時13分09秒    0   22.34    0.00   13.83    0.00    0.00    3.19    0.00    0.00    0.00   60.64
08時13分09秒    1    2.67    0.00    2.67    0.00    0.00    1.33    0.00    0.00    0.00   93.33

08時13分09秒  CPU    %usr   %nice    %sys %iowait    %irq   %soft  %steal  %guest  %gnice   %idle
08時13分10秒    0   21.28    0.00   12.77    0.00    0.00    4.26    0.00    0.00    0.00   61.70
08時13分10秒    1    5.19    0.00    2.60    0.00    0.00    1.30    0.00    0.00    0.00   90.91

08時13分10秒  CPU    %usr   %nice    %sys %iowait    %irq   %soft  %steal  %guest  %gnice   %idle
08時13分11秒    0   18.28    0.00   16.13    0.00    0.00    3.23    0.00    0.00    0.00   62.37
08時13分11秒    1    2.70    0.00    1.35    0.00    0.00    2.70    0.00    0.00    0.00   93.24

08時13分11秒  CPU    %usr   %nice    %sys %iowait    %irq   %soft  %steal  %guest  %gnice   %idle
08時13分12秒    0   20.62    0.00   14.43    0.00    0.00    4.12    0.00    0.00    0.00   60.82
08時13分12秒    1    2.63    0.00    2.63    0.00    0.00    1.32    0.00    0.00    0.00   93.42

08時13分12秒  CPU    %usr   %nice    %sys %iowait    %irq   %soft  %steal  %guest  %gnice   %idle
08時13分13秒    0   20.43    0.00   13.98    0.00    0.00    3.23    0.00    0.00    0.00   62.37
08時13分13秒    1    3.95    0.00    2.63    0.00    0.00    1.32    0.00    0.00    0.00   92.11

08時13分13秒  CPU    %usr   %nice    %sys %iowait    %irq   %soft  %steal  %guest  %gnice   %idle
08時13分14秒    0   22.92    0.00   11.46    0.00    0.00    4.17    0.00    0.00    0.00   61.46
08時13分14秒    1    1.39    0.00    0.00    0.00    0.00    1.39    0.00    0.00    0.00   97.22

08時13分14秒  CPU    %usr   %nice    %sys %iowait    %irq   %soft  %steal  %guest  %gnice   %idle
08時13分15秒    0   18.09    0.00   17.02    0.00    0.00    3.19    0.00    0.00    0.00   61.70
08時13分15秒    1    3.90    0.00    3.90    0.00    0.00    1.30    0.00    0.00    0.00   90.91

08時13分15秒  CPU    %usr   %nice    %sys %iowait    %irq   %soft  %steal  %guest  %gnice   %idle
08時13分16秒    0   18.95    0.00   14.74    0.00    0.00    4.21    0.00    0.00    0.00   62.11
08時13分16秒    1    1.37    0.00    1.37    0.00    0.00    1.37    0.00    0.00    0.00   95.89

08時13分16秒  CPU    %usr   %nice    %sys %iowait    %irq   %soft  %steal  %guest  %gnice   %idle
08時13分17秒    0   23.66    0.00   11.83    0.00    0.00    3.23    0.00    0.00    0.00   61.29
08時13分17秒    1    3.95    0.00    2.63    0.00    0.00    1.32    0.00    0.00    0.00   92.11

08時13分17秒  CPU    %usr   %nice    %sys %iowait    %irq   %soft  %steal  %guest  %gnice   %idle
08時13分18秒    0   18.75    0.00   15.62    0.00    0.00    4.17    0.00    0.00    0.00   61.46
08時13分18秒    1    5.26    0.00    1.32    0.00    0.00    1.32    0.00    0.00    0.00   92.11

08時13分18秒  CPU    %usr   %nice    %sys %iowait    %irq   %soft  %steal  %guest  %gnice   %idle
08時13分19秒    0   20.43    0.00   15.05    0.00    0.00    3.23    0.00    0.00    0.00   61.29
08時13分19秒    1    4.05    0.00    1.35    0.00    0.00    1.35    0.00    0.00    0.00   93.24

08時13分19秒  CPU    %usr   %nice    %sys %iowait    %irq   %soft  %steal  %guest  %gnice   %idle
08時13分20秒    0   15.62    0.00   18.75    0.00    1.04    4.17    0.00    0.00    0.00   60.42
08時13分20秒    1    5.33    0.00    1.33    0.00    0.00    1.33    0.00    0.00    0.00   92.00

08時13分20秒  CPU    %usr   %nice    %sys %iowait    %irq   %soft  %steal  %guest  %gnice   %idle
08時13分21秒    0   20.21    0.00   15.96    0.00    0.00    3.19    0.00    0.00    0.00   60.64
08時13分21秒    1    2.63    0.00    2.63    0.00    0.00    1.32    0.00    0.00    0.00   93.42

08時13分21秒  CPU    %usr   %nice    %sys %iowait    %irq   %soft  %steal  %guest  %gnice   %idle
08時13分22秒    0   21.05    0.00   13.68    0.00    0.00    4.21    0.00    0.00    0.00   61.05
08時13分22秒    1    5.26    0.00    2.63    0.00    0.00    1.32    0.00    0.00    0.00   90.79

08時13分22秒  CPU    %usr   %nice    %sys %iowait    %irq   %soft  %steal  %guest  %gnice   %idle
08時13分23秒    0   18.68    0.00   14.29    0.00    0.00    3.30    0.00    0.00    0.00   63.74
08時13分23秒    1    4.11    0.00    0.00    0.00    0.00    1.37    0.00    0.00    0.00   94.52

08時13分23秒  CPU    %usr   %nice    %sys %iowait    %irq   %soft  %steal  %guest  %gnice   %idle
08時13分24秒    0   18.75    0.00   15.62    0.00    0.00    4.17    0.00    0.00    0.00   61.46
08時13分24秒    1    4.00    0.00    1.33    0.00    0.00    1.33    0.00    0.00    0.00   93.33

08時13分24秒  CPU    %usr   %nice    %sys %iowait    %irq   %soft  %steal  %guest  %gnice   %idle
08時13分25秒    0   19.35    0.00   15.05    0.00    0.00    3.23    0.00    0.00    0.00   62.37
08時13分25秒    1    3.95    0.00    0.00    0.00    0.00    2.63    0.00    0.00    0.00   93.42

08時13分25秒  CPU    %usr   %nice    %sys %iowait    %irq   %soft  %steal  %guest  %gnice   %idle
08時13分26秒    0   19.15    0.00   14.89    0.00    0.00    4.26    0.00    0.00    0.00   61.70
08時13分26秒    1    2.70    0.00    2.70    0.00    0.00    1.35    0.00    0.00    0.00   93.24

08時13分26秒  CPU    %usr   %nice    %sys %iowait    %irq   %soft  %steal  %guest  %gnice   %idle
08時13分27秒    0   23.16    0.00   11.58    0.00    0.00    3.16    0.00    0.00    0.00   62.11
08時13分27秒    1    4.00    0.00    1.33    0.00    0.00    1.33    0.00    0.00    0.00   93.33

08時13分27秒  CPU    %usr   %nice    %sys %iowait    %irq   %soft  %steal  %guest  %gnice   %idle
08時13分28秒    0   20.21    0.00   13.83    0.00    0.00    4.26    0.00    0.00    0.00   61.70
08時13分28秒    1    5.19    0.00    1.30    0.00    0.00    1.30    0.00    0.00    0.00   92.21

08時13分28秒  CPU    %usr   %nice    %sys %iowait    %irq   %soft  %steal  %guest  %gnice   %idle
08時13分29秒    0   22.11    0.00   12.63    0.00    0.00    3.16    0.00    0.00    0.00   62.11
08時13分29秒    1    4.05    0.00    1.35    0.00    0.00    1.35    0.00    0.00    0.00   93.24

08時13分29秒  CPU    %usr   %nice    %sys %iowait    %irq   %soft  %steal  %guest  %gnice   %idle
08時13分30秒    0   19.15    0.00   14.89    0.00    0.00    3.19    0.00    0.00    0.00   62.77
08時13分30秒    1    3.95    0.00    2.63    0.00    0.00    1.32    0.00    0.00    0.00   92.11

08時13分30秒  CPU    %usr   %nice    %sys %iowait    %irq   %soft  %steal  %guest  %gnice   %idle
08時13分31秒    0   21.28    0.00   12.77    0.00    0.00    4.26    0.00    0.00    0.00   61.70
08時13分31秒    1    5.26    0.00    0.00    0.00    1.32    1.32    0.00    0.00    0.00   92.11

08時13分31秒  CPU    %usr   %nice    %sys %iowait    %irq   %soft  %steal  %guest  %gnice   %idle
08時13分32秒    0   18.09    0.00   17.02    0.00    0.00    3.19    0.00    0.00    0.00   61.70
08時13分32秒    1    3.95    0.00    2.63    0.00    0.00    1.32    0.00    0.00    0.00   92.11

08時13分32秒  CPU    %usr   %nice    %sys %iowait    %irq   %soft  %steal  %guest  %gnice   %idle
08時13分33秒    0   21.05    0.00   13.68    0.00    0.00    4.21    0.00    0.00    0.00   61.05
08時13分33秒    1    4.00    0.00    1.33    0.00    0.00    1.33    0.00    0.00    0.00   93.33

08時13分33秒  CPU    %usr   %nice    %sys %iowait    %irq   %soft  %steal  %guest  %gnice   %idle
08時13分34秒    0   21.05    0.00   13.68    0.00    0.00    3.16    0.00    0.00    0.00   62.11
08時13分34秒    1    4.00    0.00    2.67    0.00    0.00    1.33    0.00    0.00    0.00   92.00

08時13分34秒  CPU    %usr   %nice    %sys %iowait    %irq   %soft  %steal  %guest  %gnice   %idle
08時13分35秒    0   20.83    0.00   12.50    0.00    1.04    4.17    0.00    0.00    0.00   61.46
08時13分35秒    1    4.00    0.00    1.33    0.00    0.00    1.33    0.00    0.00    0.00   93.33

08時13分35秒  CPU    %usr   %nice    %sys %iowait    %irq   %soft  %steal  %guest  %gnice   %idle
08時13分36秒    0   17.02    0.00   18.09    0.00    0.00    3.19    0.00    0.00    0.00   61.70
08時13分36秒    1    5.19    0.00    2.60    0.00    0.00    1.30    0.00    0.00    0.00   90.91

08時13分36秒  CPU    %usr   %nice    %sys %iowait    %irq   %soft  %steal  %guest  %gnice   %idle
08時13分37秒    0   17.39    0.00   14.13    0.00    0.00    4.35    0.00    0.00    0.00   64.13
08時13分37秒    1    2.70    0.00    0.00    0.00    0.00    1.35    0.00    0.00    0.00   95.95

08時13分37秒  CPU    %usr   %nice    %sys %iowait    %irq   %soft  %steal  %guest  %gnice   %idle
08時13分38秒    0   21.28    0.00   13.83    0.00    0.00    3.19    0.00    0.00    0.00   61.70
08時13分38秒    1    3.95    0.00    2.63    0.00    0.00    1.32    0.00    0.00    0.00   92.11

08時13分38秒  CPU    %usr   %nice    %sys %iowait    %irq   %soft  %steal  %guest  %gnice   %idle
08時13分39秒    0   20.62    0.00   14.43    0.00    0.00    4.12    0.00    0.00    0.00   60.82
08時13分39秒    1    3.95    0.00    1.32    0.00    0.00    2.63    0.00    0.00    0.00   92.11

08時13分39秒  CPU    %usr   %nice    %sys %iowait    %irq   %soft  %steal  %guest  %gnice   %idle
08時13分40秒    0   18.68    0.00   14.29    0.00    0.00    3.30    0.00    0.00    0.00   63.74
08時13分40秒    1    1.41    0.00    0.00    0.00    0.00    1.41    0.00    0.00    0.00   97.18

08時13分40秒  CPU    %usr   %nice    %sys %iowait    %irq   %soft  %steal  %guest  %gnice   %idle
08時13分41秒    0   20.43    0.00   12.90    0.00    0.00    4.30    0.00    0.00    0.00   62.37
08時13分41秒    1    3.95    0.00    2.63    0.00    0.00    1.32    0.00    0.00    0.00   92.11

08時13分41秒  CPU    %usr   %nice    %sys %iowait    %irq   %soft  %steal  %guest  %gnice   %idle
08時13分42秒    0   18.09    0.00   15.96    0.00    0.00    3.19    0.00    0.00    0.00   62.77
08時13分42秒    1    2.74    0.00    0.00    0.00    0.00    1.37    0.00    0.00    0.00   95.89

08時13分42秒  CPU    %usr   %nice    %sys %iowait    %irq   %soft  %steal  %guest  %gnice   %idle
08時13分43秒    0   18.95    0.00   15.79    0.00    0.00    4.21    0.00    0.00    0.00   61.05
08時13分43秒    1    6.58    0.00    1.32    0.00    0.00    1.32    0.00    0.00    0.00   90.79

08時13分43秒  CPU    %usr   %nice    %sys %iowait    %irq   %soft  %steal  %guest  %gnice   %idle
08時13分44秒    0   20.21    0.00   13.83    0.00    0.00    3.19    0.00    0.00    0.00   62.77
08時13分44秒    1    5.19    0.00    1.30    0.00    0.00    1.30    0.00    0.00    0.00   92.21

平均時間：  CPU    %usr   %nice    %sys %iowait    %irq   %soft  %steal  %guest  %gnice   %idle
平均時間：    0   20.05    0.00   14.48    0.00    0.07    3.68    0.00    0.00    0.00   61.72
平均時間：    1    4.06    0.00    1.67    0.00    0.07    1.43    0.00    0.00    0.00   92.77
