Linux 5.6.15-arch1-1 (archlinux) 	西元2020年06月29日 	_x86_64_	(12 CPU)

08時22分12秒  CPU    %usr   %nice    %sys %iowait    %irq   %soft  %steal  %guest  %gnice   %idle
08時22分13秒    0   18.75    0.00   15.62    0.00    0.00    4.17    0.00    0.00    0.00   61.46
08時22分13秒    1    2.67    0.00    1.33    0.00    0.00    1.33    0.00    0.00    0.00   94.67

08時22分13秒  CPU    %usr   %nice    %sys %iowait    %irq   %soft  %steal  %guest  %gnice   %idle
08時22分14秒    0   16.13    0.00   17.20    0.00    0.00    3.23    0.00    0.00    0.00   63.44
08時22分14秒    1    4.00    0.00    1.33    0.00    1.33    1.33    0.00    0.00    0.00   92.00

08時22分14秒  CPU    %usr   %nice    %sys %iowait    %irq   %soft  %steal  %guest  %gnice   %idle
08時22分15秒    0   20.00    0.00   13.68    0.00    0.00    4.21    0.00    0.00    0.00   62.11
08時22分15秒    1    6.58    0.00    2.63    0.00    0.00    1.32    0.00    0.00    0.00   89.47

08時22分15秒  CPU    %usr   %nice    %sys %iowait    %irq   %soft  %steal  %guest  %gnice   %idle
08時22分16秒    0   19.35    0.00   12.90    0.00    0.00    3.23    0.00    0.00    0.00   64.52
08時22分16秒    1    2.70    0.00    0.00    0.00    0.00    1.35    0.00    0.00    0.00   95.95

08時22分16秒  CPU    %usr   %nice    %sys %iowait    %irq   %soft  %steal  %guest  %gnice   %idle
08時22分17秒    0   19.15    0.00   14.89    0.00    0.00    3.19    0.00    0.00    0.00   62.77
08時22分17秒    1    1.37    0.00    1.37    0.00    0.00    1.37    0.00    0.00    0.00   95.89

08時22分17秒  CPU    %usr   %nice    %sys %iowait    %irq   %soft  %steal  %guest  %gnice   %idle
08時22分18秒    0   18.95    0.00   14.74    0.00    0.00    4.21    0.00    0.00    0.00   62.11
08時22分18秒    1    6.49    0.00    1.30    0.00    0.00    1.30    0.00    0.00    0.00   90.91

08時22分18秒  CPU    %usr   %nice    %sys %iowait    %irq   %soft  %steal  %guest  %gnice   %idle
08時22分19秒    0   18.28    0.00   15.05    0.00    0.00    3.23    0.00    0.00    0.00   63.44
08時22分19秒    1    1.39    0.00    0.00    0.00    1.39    1.39    0.00    0.00    0.00   95.83

08時22分19秒  CPU    %usr   %nice    %sys %iowait    %irq   %soft  %steal  %guest  %gnice   %idle
08時22分20秒    0   18.09    0.00   17.02    0.00    0.00    3.19    0.00    0.00    0.00   61.70
08時22分20秒    1    3.95    0.00    2.63    0.00    0.00    1.32    0.00    0.00    0.00   92.11

08時22分20秒  CPU    %usr   %nice    %sys %iowait    %irq   %soft  %steal  %guest  %gnice   %idle
08時22分21秒    0   19.79    0.00   14.58    0.00    1.04    4.17    0.00    0.00    0.00   60.42
08時22分21秒    1    6.49    0.00    1.30    0.00    0.00    1.30    0.00    0.00    0.00   90.91

08時22分21秒  CPU    %usr   %nice    %sys %iowait    %irq   %soft  %steal  %guest  %gnice   %idle
08時22分22秒    0   18.09    0.00   14.89    0.00    0.00    3.19    0.00    0.00    0.00   63.83
08時22分22秒    1    2.67    0.00    1.33    0.00    0.00    2.67    0.00    0.00    0.00   93.33

08時22分22秒  CPU    %usr   %nice    %sys %iowait    %irq   %soft  %steal  %guest  %gnice   %idle
08時22分23秒    0   17.71    0.00   17.71    0.00    0.00    3.12    0.00    0.00    0.00   61.46
08時22分23秒    1    6.67    0.00    1.33    0.00    0.00    1.33    0.00    0.00    0.00   90.67

08時22分23秒  CPU    %usr   %nice    %sys %iowait    %irq   %soft  %steal  %guest  %gnice   %idle
08時22分24秒    0   17.71    0.00   14.58    0.00    0.00    4.17    0.00    0.00    0.00   63.54
08時22分24秒    1    2.67    0.00    1.33    0.00    0.00    1.33    0.00    0.00    0.00   94.67

08時22分24秒  CPU    %usr   %nice    %sys %iowait    %irq   %soft  %steal  %guest  %gnice   %idle
08時22分25秒    0   19.15    0.00   14.89    0.00    0.00    3.19    0.00    0.00    0.00   62.77
08時22分25秒    1    4.00    0.00    1.33    0.00    0.00    1.33    0.00    0.00    0.00   93.33

08時22分25秒  CPU    %usr   %nice    %sys %iowait    %irq   %soft  %steal  %guest  %gnice   %idle
08時22分26秒    0   22.34    0.00   11.70    0.00    0.00    3.19    0.00    0.00    0.00   62.77
08時22分26秒    1    4.05    0.00    0.00    0.00    0.00    1.35    0.00    0.00    0.00   94.59

08時22分26秒  CPU    %usr   %nice    %sys %iowait    %irq   %soft  %steal  %guest  %gnice   %idle
08時22分27秒    0   16.84    0.00   15.79    0.00    0.00    4.21    0.00    0.00    0.00   63.16
08時22分27秒    1    3.95    0.00    2.63    0.00    0.00    1.32    0.00    0.00    0.00   92.11

08時22分27秒  CPU    %usr   %nice    %sys %iowait    %irq   %soft  %steal  %guest  %gnice   %idle
08時22分28秒    0   19.79    0.00   15.62    0.00    0.00    3.12    0.00    0.00    0.00   61.46
08時22分28秒    1    3.95    0.00    2.63    0.00    0.00    1.32    0.00    0.00    0.00   92.11

08時22分28秒  CPU    %usr   %nice    %sys %iowait    %irq   %soft  %steal  %guest  %gnice   %idle
08時22分29秒    0   19.35    0.00   15.05    0.00    0.00    4.30    0.00    0.00    0.00   61.29
08時22分29秒    1    1.37    0.00    1.37    0.00    0.00    1.37    0.00    0.00    0.00   95.89

08時22分29秒  CPU    %usr   %nice    %sys %iowait    %irq   %soft  %steal  %guest  %gnice   %idle
08時22分30秒    0   21.28    0.00   12.77    0.00    0.00    3.19    0.00    0.00    0.00   62.77
08時22分30秒    1    2.70    0.00    1.35    0.00    0.00    1.35    0.00    0.00    0.00   94.59

08時22分30秒  CPU    %usr   %nice    %sys %iowait    %irq   %soft  %steal  %guest  %gnice   %idle
08時22分31秒    0   18.75    0.00   15.62    0.00    0.00    3.12    0.00    0.00    0.00   62.50
08時22分31秒    1    4.00    0.00    1.33    0.00    0.00    1.33    0.00    0.00    0.00   93.33

08時22分31秒  CPU    %usr   %nice    %sys %iowait    %irq   %soft  %steal  %guest  %gnice   %idle
08時22分32秒    0   16.84    0.00   16.84    0.00    0.00    4.21    0.00    0.00    0.00   62.11
08時22分32秒    1    6.58    0.00    0.00    0.00    0.00    1.32    0.00    0.00    0.00   92.11

08時22分32秒  CPU    %usr   %nice    %sys %iowait    %irq   %soft  %steal  %guest  %gnice   %idle
08時22分33秒    0   16.30    0.00   17.39    0.00    0.00    3.26    0.00    0.00    0.00   63.04
08時22分33秒    1    1.39    0.00    0.00    0.00    0.00    1.39    0.00    0.00    0.00   97.22

08時22分33秒  CPU    %usr   %nice    %sys %iowait    %irq   %soft  %steal  %guest  %gnice   %idle
08時22分34秒    0   18.09    0.00   14.89    0.00    0.00    3.19    0.00    0.00    0.00   63.83
08時22分34秒    1    3.90    0.00    1.30    0.00    0.00    2.60    0.00    0.00    0.00   92.21

08時22分34秒  CPU    %usr   %nice    %sys %iowait    %irq   %soft  %steal  %guest  %gnice   %idle
08時22分35秒    0   19.79    0.00   14.58    0.00    0.00    4.17    0.00    0.00    0.00   61.46
08時22分35秒    1    2.67    0.00    2.67    0.00    0.00    1.33    0.00    0.00    0.00   93.33

08時22分35秒  CPU    %usr   %nice    %sys %iowait    %irq   %soft  %steal  %guest  %gnice   %idle
08時22分36秒    0   22.11    0.00   11.58    0.00    1.05    3.16    0.00    0.00    0.00   62.11
08時22分36秒    1    4.00    0.00    1.33    0.00    0.00    1.33    0.00    0.00    0.00   93.33

08時22分36秒  CPU    %usr   %nice    %sys %iowait    %irq   %soft  %steal  %guest  %gnice   %idle
08時22分37秒    0   20.00    0.00   14.74    0.00    0.00    3.16    0.00    0.00    0.00   62.11
08時22分37秒    1    4.05    0.00    1.35    0.00    0.00    1.35    0.00    0.00    0.00   93.24

08時22分37秒  CPU    %usr   %nice    %sys %iowait    %irq   %soft  %steal  %guest  %gnice   %idle
08時22分38秒    0   19.57    0.00   10.87    0.00    0.00    4.35    0.00    0.00    0.00   65.22
08時22分38秒    1    1.35    0.00    1.35    0.00    0.00    1.35    0.00    0.00    0.00   95.95

08時22分38秒  CPU    %usr   %nice    %sys %iowait    %irq   %soft  %steal  %guest  %gnice   %idle
08時22分39秒    0   21.88    0.00   12.50    0.00    0.00    3.12    0.00    0.00    0.00   62.50
08時22分39秒    1    2.67    0.00    1.33    0.00    0.00    1.33    0.00    0.00    0.00   94.67

08時22分39秒  CPU    %usr   %nice    %sys %iowait    %irq   %soft  %steal  %guest  %gnice   %idle
08時22分40秒    0   20.00    0.00   14.74    0.00    0.00    3.16    0.00    0.00    0.00   62.11
08時22分40秒    1    4.00    0.00    1.33    0.00    0.00    1.33    0.00    0.00    0.00   93.33

08時22分40秒  CPU    %usr   %nice    %sys %iowait    %irq   %soft  %steal  %guest  %gnice   %idle
08時22分41秒    0   16.84    0.00   15.79    0.00    0.00    4.21    0.00    0.00    0.00   63.16
08時22分41秒    1    2.70    0.00    1.35    0.00    0.00    1.35    0.00    0.00    0.00   94.59

08時22分41秒  CPU    %usr   %nice    %sys %iowait    %irq   %soft  %steal  %guest  %gnice   %idle
08時22分42秒    0   19.15    0.00   14.89    0.00    0.00    3.19    0.00    0.00    0.00   62.77
08時22分42秒    1    5.26    0.00    0.00    0.00    0.00    1.32    0.00    0.00    0.00   93.42

08時22分42秒  CPU    %usr   %nice    %sys %iowait    %irq   %soft  %steal  %guest  %gnice   %idle
08時22分43秒    0   21.05    0.00   12.63    0.00    0.00    4.21    0.00    0.00    0.00   62.11
08時22分43秒    1    4.00    0.00    1.33    0.00    0.00    1.33    0.00    0.00    0.00   93.33

08時22分43秒  CPU    %usr   %nice    %sys %iowait    %irq   %soft  %steal  %guest  %gnice   %idle
08時22分44秒    0   19.79    0.00   14.58    0.00    0.00    3.12    0.00    0.00    0.00   62.50
08時22分44秒    1    2.63    0.00    2.63    0.00    1.32    1.32    0.00    0.00    0.00   92.11

08時22分44秒  CPU    %usr   %nice    %sys %iowait    %irq   %soft  %steal  %guest  %gnice   %idle
08時22分45秒    0   18.28    0.00   15.05    0.00    0.00    3.23    0.00    0.00    0.00   63.44
08時22分45秒    1    2.70    0.00    1.35    0.00    0.00    1.35    0.00    0.00    0.00   94.59

08時22分45秒  CPU    %usr   %nice    %sys %iowait    %irq   %soft  %steal  %guest  %gnice   %idle
08時22分46秒    0   22.92    0.00   11.46    0.00    0.00    4.17    0.00    0.00    0.00   61.46
08時22分46秒    1    1.35    0.00    2.70    0.00    0.00    1.35    0.00    0.00    0.00   94.59

08時22分46秒  CPU    %usr   %nice    %sys %iowait    %irq   %soft  %steal  %guest  %gnice   %idle
08時22分47秒    0   18.09    0.00   15.96    0.00    0.00    3.19    0.00    0.00    0.00   62.77
08時22分47秒    1    4.00    0.00    0.00    0.00    0.00    2.67    0.00    0.00    0.00   93.33

08時22分47秒  CPU    %usr   %nice    %sys %iowait    %irq   %soft  %steal  %guest  %gnice   %idle
08時22分48秒    0   19.15    0.00   14.89    0.00    0.00    3.19    0.00    0.00    0.00   62.77
08時22分48秒    1    3.95    0.00    1.32    0.00    0.00    1.32    0.00    0.00    0.00   93.42

08時22分48秒  CPU    %usr   %nice    %sys %iowait    %irq   %soft  %steal  %guest  %gnice   %idle
08時22分49秒    0   17.53    0.00   16.49    0.00    0.00    4.12    0.00    0.00    0.00   61.86
08時22分49秒    1    5.33    0.00    0.00    0.00    0.00    1.33    0.00    0.00    0.00   93.33

08時22分49秒  CPU    %usr   %nice    %sys %iowait    %irq   %soft  %steal  %guest  %gnice   %idle
08時22分50秒    0   17.89    0.00   16.84    0.00    0.00    3.16    0.00    0.00    0.00   62.11
08時22分50秒    1    2.74    0.00    0.00    0.00    0.00    1.37    0.00    0.00    0.00   95.89

08時22分50秒  CPU    %usr   %nice    %sys %iowait    %irq   %soft  %steal  %guest  %gnice   %idle
08時22分51秒    0   19.79    0.00   13.54    0.00    1.04    3.12    0.00    0.00    0.00   62.50
08時22分51秒    1    2.63    0.00    3.95    0.00    0.00    1.32    0.00    0.00    0.00   92.11

08時22分51秒  CPU    %usr   %nice    %sys %iowait    %irq   %soft  %steal  %guest  %gnice   %idle
08時22分52秒    0   18.28    0.00   13.98    0.00    0.00    4.30    0.00    0.00    0.00   63.44
08時22分52秒    1    4.00    0.00    1.33    0.00    0.00    1.33    0.00    0.00    0.00   93.33

08時22分52秒  CPU    %usr   %nice    %sys %iowait    %irq   %soft  %steal  %guest  %gnice   %idle
08時22分53秒    0   20.43    0.00   12.90    0.00    0.00    3.23    0.00    0.00    0.00   63.44
08時22分53秒    1    4.00    0.00    1.33    0.00    0.00    1.33    0.00    0.00    0.00   93.33

08時22分53秒  CPU    %usr   %nice    %sys %iowait    %irq   %soft  %steal  %guest  %gnice   %idle
08時22分54秒    0   21.28    0.00   12.77    0.00    0.00    3.19    0.00    0.00    0.00   62.77
08時22分54秒    1    1.35    0.00    2.70    0.00    0.00    1.35    0.00    0.00    0.00   94.59

08時22分54秒  CPU    %usr   %nice    %sys %iowait    %irq   %soft  %steal  %guest  %gnice   %idle
08時22分55秒    0   18.09    0.00   14.89    0.00    0.00    4.26    0.00    0.00    0.00   62.77
08時22分55秒    1    2.67    0.00    1.33    0.00    0.00    1.33    0.00    0.00    0.00   94.67

08時22分55秒  CPU    %usr   %nice    %sys %iowait    %irq   %soft  %steal  %guest  %gnice   %idle
08時22分56秒    0   18.75    0.00   15.62    0.00    0.00    3.12    0.00    0.00    0.00   62.50
08時22分56秒    1    4.00    0.00    1.33    0.00    0.00    1.33    0.00    0.00    0.00   93.33

08時22分56秒  CPU    %usr   %nice    %sys %iowait    %irq   %soft  %steal  %guest  %gnice   %idle
08時22分57秒    0   19.79    0.00   13.54    0.00    0.00    4.17    0.00    0.00    0.00   62.50
08時22分57秒    1    3.95    0.00    2.63    0.00    0.00    1.32    0.00    0.00    0.00   92.11

08時22分57秒  CPU    %usr   %nice    %sys %iowait    %irq   %soft  %steal  %guest  %gnice   %idle
08時22分58秒    0   18.68    0.00   13.19    0.00    0.00    3.30    0.00    0.00    0.00   64.84
08時22分58秒    1    4.00    0.00    0.00    0.00    0.00    2.67    0.00    0.00    0.00   93.33

08時22分58秒  CPU    %usr   %nice    %sys %iowait    %irq   %soft  %steal  %guest  %gnice   %idle
08時22分59秒    0   20.21    0.00   12.77    0.00    0.00    3.19    0.00    0.00    0.00   63.83
08時22分59秒    1    1.37    0.00    0.00    0.00    0.00    1.37    0.00    0.00    0.00   97.26

08時22分59秒  CPU    %usr   %nice    %sys %iowait    %irq   %soft  %steal  %guest  %gnice   %idle
08時23分00秒    0   17.02    0.00   15.96    0.00    0.00    4.26    0.00    0.00    0.00   62.77
08時23分00秒    1    2.70    0.00    1.35    0.00    0.00    1.35    0.00    0.00    0.00   94.59

08時23分00秒  CPU    %usr   %nice    %sys %iowait    %irq   %soft  %steal  %guest  %gnice   %idle
08時23分01秒    0   20.83    0.00   14.58    0.00    0.00    3.12    0.00    0.00    0.00   61.46
08時23分01秒    1    4.05    0.00    1.35    0.00    0.00    1.35    0.00    0.00    0.00   93.24

08時23分01秒  CPU    %usr   %nice    %sys %iowait    %irq   %soft  %steal  %guest  %gnice   %idle
08時23分02秒    0   19.15    0.00   13.83    0.00    0.00    3.19    0.00    0.00    0.00   63.83
08時23分02秒    1    2.74    0.00    0.00    0.00    0.00    1.37    0.00    0.00    0.00   95.89

08時23分02秒  CPU    %usr   %nice    %sys %iowait    %irq   %soft  %steal  %guest  %gnice   %idle
08時23分03秒    0   21.05    0.00   12.63    0.00    0.00    4.21    0.00    0.00    0.00   62.11
08時23分03秒    1    2.63    0.00    2.63    0.00    0.00    1.32    0.00    0.00    0.00   93.42

08時23分03秒  CPU    %usr   %nice    %sys %iowait    %irq   %soft  %steal  %guest  %gnice   %idle
08時23分04秒    0   18.75    0.00   15.62    0.00    0.00    3.12    0.00    0.00    0.00   62.50
08時23分04秒    1    4.00    0.00    0.00    0.00    0.00    1.33    0.00    0.00    0.00   94.67

08時23分04秒  CPU    %usr   %nice    %sys %iowait    %irq   %soft  %steal  %guest  %gnice   %idle
08時23分05秒    0   18.75    0.00   15.62    0.00    1.04    3.12    0.00    0.00    0.00   61.46
08時23分05秒    1    1.33    0.00    4.00    0.00    0.00    1.33    0.00    0.00    0.00   93.33

08時23分05秒  CPU    %usr   %nice    %sys %iowait    %irq   %soft  %steal  %guest  %gnice   %idle
08時23分06秒    0   19.15    0.00   13.83    0.00    0.00    4.26    0.00    0.00    0.00   62.77
08時23分06秒    1    5.26    0.00    1.32    0.00    0.00    1.32    0.00    0.00    0.00   92.11

08時23分06秒  CPU    %usr   %nice    %sys %iowait    %irq   %soft  %steal  %guest  %gnice   %idle
08時23分07秒    0   22.34    0.00   10.64    0.00    0.00    3.19    0.00    0.00    0.00   63.83
08時23分07秒    1    5.33    0.00    0.00    0.00    0.00    1.33    0.00    0.00    0.00   93.33

08時23分07秒  CPU    %usr   %nice    %sys %iowait    %irq   %soft  %steal  %guest  %gnice   %idle
08時23分08秒    0   19.79    0.00   14.58    0.00    0.00    4.17    0.00    0.00    0.00   61.46
08時23分08秒    1    3.95    0.00    2.63    0.00    0.00    1.32    0.00    0.00    0.00   92.11

08時23分08秒  CPU    %usr   %nice    %sys %iowait    %irq   %soft  %steal  %guest  %gnice   %idle
08時23分09秒    0   22.11    0.00   14.74    0.00    0.00    3.16    0.00    0.00    0.00   60.00
08時23分09秒    1    5.33    0.00    1.33    0.00    0.00    1.33    0.00    0.00    0.00   92.00

08時23分09秒  CPU    %usr   %nice    %sys %iowait    %irq   %soft  %steal  %guest  %gnice   %idle
08時23分10秒    0   18.48    0.00   14.13    0.00    0.00    3.26    0.00    0.00    0.00   64.13
08時23分10秒    1    1.32    0.00    1.32    0.00    1.32    2.63    0.00    0.00    0.00   93.42

08時23分10秒  CPU    %usr   %nice    %sys %iowait    %irq   %soft  %steal  %guest  %gnice   %idle
08時23分11秒    0   18.09    0.00   14.89    0.00    0.00    4.26    0.00    0.00    0.00   62.77
08時23分11秒    1    6.58    0.00    3.95    0.00    0.00    1.32    0.00    0.00    0.00   88.16

08時23分11秒  CPU    %usr   %nice    %sys %iowait    %irq   %soft  %steal  %guest  %gnice   %idle
08時23分12秒    0   18.75    0.00   15.62    0.00    0.00    3.12    0.00    0.00    0.00   62.50
08時23分12秒    1    4.00    0.00    1.33    0.00    0.00    1.33    0.00    0.00    0.00   93.33

08時23分12秒  CPU    %usr   %nice    %sys %iowait    %irq   %soft  %steal  %guest  %gnice   %idle
08時23分13秒    0   22.34    0.00   13.83    0.00    0.00    3.19    0.00    0.00    0.00   60.64
08時23分13秒    1    2.67    0.00    1.33    0.00    0.00    1.33    0.00    0.00    0.00   94.67

08時23分13秒  CPU    %usr   %nice    %sys %iowait    %irq   %soft  %steal  %guest  %gnice   %idle
08時23分14秒    0   20.00    0.00   13.68    0.00    0.00    4.21    0.00    0.00    0.00   62.11
08時23分14秒    1    2.74    0.00    0.00    0.00    0.00    1.37    0.00    0.00    0.00   95.89

08時23分14秒  CPU    %usr   %nice    %sys %iowait    %irq   %soft  %steal  %guest  %gnice   %idle
08時23分15秒    0   18.09    0.00   15.96    0.00    0.00    3.19    0.00    0.00    0.00   62.77
08時23分15秒    1    6.58    0.00    1.32    0.00    0.00    1.32    0.00    0.00    0.00   90.79

08時23分15秒  CPU    %usr   %nice    %sys %iowait    %irq   %soft  %steal  %guest  %gnice   %idle
08時23分16秒    0   18.75    0.00   14.58    0.00    0.00    4.17    0.00    0.00    0.00   62.50
08時23分16秒    1    5.33    0.00    0.00    0.00    0.00    1.33    0.00    0.00    0.00   93.33

08時23分16秒  CPU    %usr   %nice    %sys %iowait    %irq   %soft  %steal  %guest  %gnice   %idle
08時23分17秒    0   16.84    0.00   16.84    0.00    0.00    3.16    0.00    0.00    0.00   63.16
08時23分17秒    1    5.26    0.00    1.32    0.00    0.00    1.32    0.00    0.00    0.00   92.11

08時23分17秒  CPU    %usr   %nice    %sys %iowait    %irq   %soft  %steal  %guest  %gnice   %idle
08時23分18秒    0   18.95    0.00   15.79    0.00    0.00    3.16    0.00    0.00    0.00   62.11
08時23分18秒    1    4.00    0.00    1.33    0.00    0.00    1.33    0.00    0.00    0.00   93.33

08時23分18秒  CPU    %usr   %nice    %sys %iowait    %irq   %soft  %steal  %guest  %gnice   %idle
08時23分19秒    0   23.96    0.00   10.42    0.00    1.04    4.17    0.00    0.00    0.00   60.42
08時23分19秒    1    1.35    0.00    1.35    0.00    0.00    1.35    0.00    0.00    0.00   95.95

08時23分19秒  CPU    %usr   %nice    %sys %iowait    %irq   %soft  %steal  %guest  %gnice   %idle
08時23分20秒    0   19.15    0.00   13.83    0.00    0.00    3.19    0.00    0.00    0.00   63.83
08時23分20秒    1    2.70    0.00    1.35    0.00    0.00    1.35    0.00    0.00    0.00   94.59

08時23分20秒  CPU    %usr   %nice    %sys %iowait    %irq   %soft  %steal  %guest  %gnice   %idle
08時23分21秒    0   20.00    0.00   13.68    0.00    0.00    3.16    0.00    0.00    0.00   63.16
08時23分21秒    1    3.95    0.00    2.63    0.00    0.00    1.32    0.00    0.00    0.00   92.11

08時23分21秒  CPU    %usr   %nice    %sys %iowait    %irq   %soft  %steal  %guest  %gnice   %idle
08時23分22秒    0   17.71    0.00   16.67    0.00    0.00    4.17    0.00    0.00    0.00   61.46
08時23分22秒    1    4.05    0.00    0.00    0.00    0.00    1.35    0.00    0.00    0.00   94.59

08時23分22秒  CPU    %usr   %nice    %sys %iowait    %irq   %soft  %steal  %guest  %gnice   %idle
08時23分23秒    0   21.51    0.00   11.83    0.00    0.00    3.23    0.00    0.00    0.00   63.44
08時23分23秒    1    1.35    0.00    1.35    0.00    0.00    2.70    0.00    0.00    0.00   94.59

08時23分23秒  CPU    %usr   %nice    %sys %iowait    %irq   %soft  %steal  %guest  %gnice   %idle
08時23分24秒    0   18.75    0.00   15.62    0.00    0.00    3.12    0.00    0.00    0.00   62.50
08時23分24秒    1    3.90    0.00    2.60    0.00    0.00    1.30    0.00    0.00    0.00   92.21

08時23分24秒  CPU    %usr   %nice    %sys %iowait    %irq   %soft  %steal  %guest  %gnice   %idle
08時23分25秒    0   18.09    0.00   14.89    0.00    0.00    4.26    0.00    0.00    0.00   62.77
08時23分25秒    1    2.70    0.00    2.70    0.00    0.00    1.35    0.00    0.00    0.00   93.24

08時23分25秒  CPU    %usr   %nice    %sys %iowait    %irq   %soft  %steal  %guest  %gnice   %idle
08時23分26秒    0   20.21    0.00   13.83    0.00    0.00    3.19    0.00    0.00    0.00   62.77
08時23分26秒    1    2.67    0.00    2.67    0.00    0.00    1.33    0.00    0.00    0.00   93.33

08時23分26秒  CPU    %usr   %nice    %sys %iowait    %irq   %soft  %steal  %guest  %gnice   %idle
08時23分27秒    0   18.95    0.00   14.74    0.00    0.00    4.21    0.00    0.00    0.00   62.11
08時23分27秒    1    5.26    0.00    1.32    0.00    0.00    1.32    0.00    0.00    0.00   92.11

08時23分27秒  CPU    %usr   %nice    %sys %iowait    %irq   %soft  %steal  %guest  %gnice   %idle
08時23分28秒    0   20.21    0.00   14.89    0.00    0.00    3.19    0.00    0.00    0.00   61.70
08時23分28秒    1    4.00    0.00    1.33    0.00    0.00    1.33    0.00    0.00    0.00   93.33

08時23分28秒  CPU    %usr   %nice    %sys %iowait    %irq   %soft  %steal  %guest  %gnice   %idle
08時23分29秒    0   20.83    0.00   13.54    0.00    0.00    3.12    0.00    0.00    0.00   62.50
08時23分29秒    1    2.74    0.00    0.00    0.00    0.00    1.37    0.00    0.00    0.00   95.89

08時23分29秒  CPU    %usr   %nice    %sys %iowait    %irq   %soft  %steal  %guest  %gnice   %idle
08時23分30秒    0   20.00    0.00   13.68    0.00    0.00    4.21    0.00    0.00    0.00   62.11
08時23分30秒    1    2.70    0.00    1.35    0.00    0.00    1.35    0.00    0.00    0.00   94.59

08時23分30秒  CPU    %usr   %nice    %sys %iowait    %irq   %soft  %steal  %guest  %gnice   %idle
08時23分31秒    0   18.95    0.00   14.74    0.00    0.00    3.16    0.00    0.00    0.00   63.16
08時23分31秒    1    3.95    0.00    1.32    0.00    0.00    1.32    0.00    0.00    0.00   93.42

08時23分31秒  CPU    %usr   %nice    %sys %iowait    %irq   %soft  %steal  %guest  %gnice   %idle
08時23分32秒    0   18.95    0.00   15.79    0.00    0.00    3.16    0.00    0.00    0.00   62.11
08時23分32秒    1    4.00    0.00    1.33    0.00    0.00    1.33    0.00    0.00    0.00   93.33

08時23分32秒  CPU    %usr   %nice    %sys %iowait    %irq   %soft  %steal  %guest  %gnice   %idle
08時23分33秒    0   22.11    0.00   11.58    0.00    0.00    4.21    0.00    0.00    0.00   62.11
08時23分33秒    1    2.70    0.00    1.35    0.00    0.00    1.35    0.00    0.00    0.00   94.59

08時23分33秒  CPU    %usr   %nice    %sys %iowait    %irq   %soft  %steal  %guest  %gnice   %idle
08時23分34秒    0   18.56    0.00   16.49    0.00    1.03    3.09    0.00    0.00    0.00   60.82
08時23分34秒    1    3.85    0.00    3.85    0.00    0.00    2.56    0.00    0.00    0.00   89.74

08時23分34秒  CPU    %usr   %nice    %sys %iowait    %irq   %soft  %steal  %guest  %gnice   %idle
08時23分35秒    0   18.28    0.00   13.98    0.00    0.00    3.23    0.00    0.00    0.00   64.52
08時23分35秒    1    3.85    0.00    2.56    0.00    1.28    1.28    0.00    0.00    0.00   91.03

08時23分35秒  CPU    %usr   %nice    %sys %iowait    %irq   %soft  %steal  %guest  %gnice   %idle
08時23分36秒    0   22.45    0.00   12.24    0.00    0.00    4.08    0.00    0.00    0.00   61.22
08時23分36秒    1    6.49    0.00    1.30    0.00    0.00    1.30    0.00    0.00    0.00   90.91

08時23分36秒  CPU    %usr   %nice    %sys %iowait    %irq   %soft  %steal  %guest  %gnice   %idle
08時23分37秒    0   20.00    0.00   15.79    0.00    0.00    3.16    0.00    0.00    0.00   61.05
08時23分37秒    1    4.05    0.00    0.00    0.00    0.00    1.35    0.00    0.00    0.00   94.59

08時23分37秒  CPU    %usr   %nice    %sys %iowait    %irq   %soft  %steal  %guest  %gnice   %idle
08時23分38秒    0   20.21    0.00   13.83    0.00    0.00    3.19    0.00    0.00    0.00   62.77
08時23分38秒    1    3.95    0.00    1.32    0.00    0.00    1.32    0.00    0.00    0.00   93.42

08時23分38秒  CPU    %usr   %nice    %sys %iowait    %irq   %soft  %steal  %guest  %gnice   %idle
08時23分39秒    0   23.40    0.00    9.57    0.00    0.00    4.26    0.00    0.00    0.00   62.77
08時23分39秒    1    2.70    0.00    1.35    0.00    0.00    1.35    0.00    0.00    0.00   94.59

08時23分39秒  CPU    %usr   %nice    %sys %iowait    %irq   %soft  %steal  %guest  %gnice   %idle
08時23分40秒    0   16.67    0.00   17.71    0.00    0.00    3.12    0.00    0.00    0.00   62.50
08時23分40秒    1    5.26    0.00    1.32    0.00    0.00    1.32    0.00    0.00    0.00   92.11

08時23分40秒  CPU    %usr   %nice    %sys %iowait    %irq   %soft  %steal  %guest  %gnice   %idle
08時23分41秒    0   17.02    0.00   17.02    0.00    0.00    3.19    0.00    0.00    0.00   62.77
08時23分41秒    1    2.67    0.00    2.67    0.00    0.00    1.33    0.00    0.00    0.00   93.33

08時23分41秒  CPU    %usr   %nice    %sys %iowait    %irq   %soft  %steal  %guest  %gnice   %idle
08時23分42秒    0   18.75    0.00   14.58    0.00    0.00    4.17    0.00    0.00    0.00   62.50
08時23分42秒    1    4.00    0.00    1.33    0.00    0.00    1.33    0.00    0.00    0.00   93.33

08時23分42秒  CPU    %usr   %nice    %sys %iowait    %irq   %soft  %steal  %guest  %gnice   %idle
08時23分43秒    0   20.83    0.00   14.58    0.00    0.00    3.12    0.00    0.00    0.00   61.46
08時23分43秒    1    2.70    0.00    1.35    0.00    0.00    1.35    0.00    0.00    0.00   94.59

08時23分43秒  CPU    %usr   %nice    %sys %iowait    %irq   %soft  %steal  %guest  %gnice   %idle
08時23分44秒    0   19.35    0.00   12.90    0.00    0.00    4.30    0.00    0.00    0.00   63.44
08時23分44秒    1    1.37    0.00    1.37    0.00    0.00    1.37    0.00    0.00    0.00   95.89

08時23分44秒  CPU    %usr   %nice    %sys %iowait    %irq   %soft  %steal  %guest  %gnice   %idle
08時23分45秒    0   21.05    0.00   14.74    0.00    0.00    3.16    0.00    0.00    0.00   61.05
08時23分45秒    1    2.67    0.00    2.67    0.00    0.00    1.33    0.00    0.00    0.00   93.33

08時23分45秒  CPU    %usr   %nice    %sys %iowait    %irq   %soft  %steal  %guest  %gnice   %idle
08時23分46秒    0   17.89    0.00   15.79    0.00    0.00    3.16    0.00    0.00    0.00   63.16
08時23分46秒    1    3.90    0.00    2.60    0.00    0.00    2.60    0.00    0.00    0.00   90.91

08時23分46秒  CPU    %usr   %nice    %sys %iowait    %irq   %soft  %steal  %guest  %gnice   %idle
08時23分47秒    0   19.15    0.00   13.83    0.00    0.00    4.26    0.00    0.00    0.00   62.77
08時23分47秒    1    4.05    0.00    0.00    0.00    0.00    1.35    0.00    0.00    0.00   94.59

08時23分47秒  CPU    %usr   %nice    %sys %iowait    %irq   %soft  %steal  %guest  %gnice   %idle
08時23分48秒    0   21.65    0.00   12.37    0.00    1.03    3.09    0.00    0.00    0.00   61.86
08時23分48秒    1    3.90    0.00    3.90    0.00    0.00    1.30    0.00    0.00    0.00   90.91

08時23分48秒  CPU    %usr   %nice    %sys %iowait    %irq   %soft  %steal  %guest  %gnice   %idle
08時23分49秒    0   21.74    0.00   10.87    0.00    0.00    3.26    0.00    0.00    0.00   64.13
08時23分49秒    1    2.70    0.00    0.00    0.00    0.00    1.35    0.00    0.00    0.00   95.95

08時23分49秒  CPU    %usr   %nice    %sys %iowait    %irq   %soft  %steal  %guest  %gnice   %idle
08時23分50秒    0   21.65    0.00   13.40    0.00    0.00    4.12    0.00    0.00    0.00   60.82
08時23分50秒    1    2.70    0.00    1.35    0.00    0.00    1.35    0.00    0.00    0.00   94.59

08時23分50秒  CPU    %usr   %nice    %sys %iowait    %irq   %soft  %steal  %guest  %gnice   %idle
08時23分51秒    0   21.05    0.00   14.74    0.00    0.00    3.16    0.00    0.00    0.00   61.05
08時23分51秒    1    4.00    0.00    1.33    0.00    0.00    1.33    0.00    0.00    0.00   93.33

08時23分51秒  CPU    %usr   %nice    %sys %iowait    %irq   %soft  %steal  %guest  %gnice   %idle
08時23分52秒    0   18.95    0.00   15.79    0.00    0.00    3.16    0.00    0.00    0.00   62.11
08時23分52秒    1    2.63    0.00    2.63    0.00    0.00    1.32    0.00    0.00    0.00   93.42

08時23分52秒  CPU    %usr   %nice    %sys %iowait    %irq   %soft  %steal  %guest  %gnice   %idle
08時23分53秒    0   21.43    0.00   13.27    0.00    0.00    4.08    0.00    0.00    0.00   61.22
08時23分53秒    1    2.67    0.00    2.67    0.00    0.00    1.33    0.00    0.00    0.00   93.33

08時23分53秒  CPU    %usr   %nice    %sys %iowait    %irq   %soft  %steal  %guest  %gnice   %idle
08時23分54秒    0   17.02    0.00   17.02    0.00    0.00    3.19    0.00    0.00    0.00   62.77
08時23分54秒    1    4.05    0.00    0.00    0.00    0.00    1.35    0.00    0.00    0.00   94.59

08時23分54秒  CPU    %usr   %nice    %sys %iowait    %irq   %soft  %steal  %guest  %gnice   %idle
08時23分55秒    0   17.20    0.00   15.05    0.00    0.00    3.23    0.00    0.00    0.00   64.52
08時23分55秒    1    2.67    0.00    1.33    0.00    0.00    1.33    0.00    0.00    0.00   94.67

08時23分55秒  CPU    %usr   %nice    %sys %iowait    %irq   %soft  %steal  %guest  %gnice   %idle
08時23分56秒    0   17.53    0.00   16.49    0.00    0.00    4.12    0.00    0.00    0.00   61.86
08時23分56秒    1    2.70    0.00    1.35    0.00    0.00    1.35    0.00    0.00    0.00   94.59

08時23分56秒  CPU    %usr   %nice    %sys %iowait    %irq   %soft  %steal  %guest  %gnice   %idle
08時23分57秒    0   18.28    0.00   15.05    0.00    0.00    3.23    0.00    0.00    0.00   63.44
08時23分57秒    1    5.26    0.00    1.32    0.00    0.00    1.32    0.00    0.00    0.00   92.11

08時23分57秒  CPU    %usr   %nice    %sys %iowait    %irq   %soft  %steal  %guest  %gnice   %idle
08時23分58秒    0   17.89    0.00   15.79    0.00    0.00    4.21    0.00    0.00    0.00   62.11
08時23分58秒    1    1.33    0.00    2.67    0.00    0.00    1.33    0.00    0.00    0.00   94.67

08時23分58秒  CPU    %usr   %nice    %sys %iowait    %irq   %soft  %steal  %guest  %gnice   %idle
08時23分59秒    0   21.05    0.00   14.74    0.00    0.00    3.16    0.00    0.00    0.00   61.05
08時23分59秒    1    3.95    0.00    2.63    0.00    0.00    2.63    0.00    0.00    0.00   90.79

08時23分59秒  CPU    %usr   %nice    %sys %iowait    %irq   %soft  %steal  %guest  %gnice   %idle
08時24分00秒    0   17.02    0.00   15.96    1.06    0.00    3.19    0.00    0.00    0.00   62.77
08時24分00秒    1    4.00    0.00    1.33    0.00    0.00    1.33    0.00    0.00    0.00   93.33

08時24分00秒  CPU    %usr   %nice    %sys %iowait    %irq   %soft  %steal  %guest  %gnice   %idle
08時24分01秒    0   20.62    0.00   13.40    0.00    0.00    4.12    0.00    0.00    0.00   61.86
08時24分01秒    1    3.90    0.00    1.30    0.00    1.30    1.30    0.00    0.00    0.00   92.21

08時24分01秒  CPU    %usr   %nice    %sys %iowait    %irq   %soft  %steal  %guest  %gnice   %idle
08時24分02秒    0   21.28    0.00   11.70    0.00    0.00    3.19    0.00    0.00    0.00   63.83
08時24分02秒    1    2.63    0.00    2.63    0.00    0.00    1.32    0.00    0.00    0.00   93.42

08時24分02秒  CPU    %usr   %nice    %sys %iowait    %irq   %soft  %steal  %guest  %gnice   %idle
08時24分03秒    0   18.75    0.00   14.58    0.00    1.04    3.12    0.00    0.00    0.00   62.50
08時24分03秒    1    4.00    0.00    1.33    0.00    0.00    1.33    0.00    0.00    0.00   93.33

08時24分03秒  CPU    %usr   %nice    %sys %iowait    %irq   %soft  %steal  %guest  %gnice   %idle
08時24分04秒    0   17.71    0.00   16.67    0.00    0.00    4.17    0.00    0.00    0.00   61.46
08時24分04秒    1    5.26    0.00    1.32    0.00    0.00    1.32    0.00    0.00    0.00   92.11

08時24分04秒  CPU    %usr   %nice    %sys %iowait    %irq   %soft  %steal  %guest  %gnice   %idle
08時24分05秒    0   18.09    0.00   14.89    0.00    0.00    3.19    0.00    0.00    0.00   63.83
08時24分05秒    1    5.33    0.00    1.33    0.00    0.00    1.33    0.00    0.00    0.00   92.00

08時24分05秒  CPU    %usr   %nice    %sys %iowait    %irq   %soft  %steal  %guest  %gnice   %idle
08時24分06秒    0   21.51    0.00   11.83    0.00    0.00    3.23    0.00    0.00    0.00   63.44
08時24分06秒    1    5.19    0.00    2.60    0.00    0.00    1.30    0.00    0.00    0.00   90.91

08時24分06秒  CPU    %usr   %nice    %sys %iowait    %irq   %soft  %steal  %guest  %gnice   %idle
08時24分07秒    0   20.00    0.00   13.68    0.00    0.00    4.21    0.00    0.00    0.00   62.11
08時24分07秒    1    5.33    0.00    0.00    0.00    0.00    1.33    0.00    0.00    0.00   93.33

08時24分07秒  CPU    %usr   %nice    %sys %iowait    %irq   %soft  %steal  %guest  %gnice   %idle
08時24分08秒    0   16.84    0.00   17.89    0.00    0.00    3.16    0.00    0.00    0.00   62.11
08時24分08秒    1    3.95    0.00    2.63    0.00    0.00    1.32    0.00    0.00    0.00   92.11

08時24分08秒  CPU    %usr   %nice    %sys %iowait    %irq   %soft  %steal  %guest  %gnice   %idle
08時24分09秒    0   20.00    0.00   12.63    0.00    0.00    4.21    0.00    0.00    0.00   63.16
08時24分09秒    1    2.63    0.00    3.95    0.00    0.00    1.32    0.00    0.00    0.00   92.11

08時24分09秒  CPU    %usr   %nice    %sys %iowait    %irq   %soft  %steal  %guest  %gnice   %idle
08時24分10秒    0   19.35    0.00   15.05    0.00    0.00    3.23    0.00    0.00    0.00   62.37
08時24分10秒    1    2.74    0.00    1.37    0.00    0.00    1.37    0.00    0.00    0.00   94.52

08時24分10秒  CPU    %usr   %nice    %sys %iowait    %irq   %soft  %steal  %guest  %gnice   %idle
08時24分11秒    0   15.96    0.00   17.02    0.00    0.00    3.19    0.00    0.00    0.00   63.83
08時24分11秒    1    3.90    0.00    1.30    0.00    0.00    2.60    0.00    0.00    0.00   92.21

08時24分11秒  CPU    %usr   %nice    %sys %iowait    %irq   %soft  %steal  %guest  %gnice   %idle
08時24分12秒    0   18.28    0.00   13.98    0.00    0.00    4.30    0.00    0.00    0.00   63.44
08時24分12秒    1    1.37    0.00    1.37    0.00    0.00    1.37    0.00    0.00    0.00   95.89

平均時間：  CPU    %usr   %nice    %sys %iowait    %irq   %soft  %steal  %guest  %gnice   %idle
平均時間：    0   19.36    0.00   14.49    0.01    0.07    3.55    0.00    0.00    0.00   62.51
平均時間：    1    3.59    0.00    1.50    0.00    0.07    1.44    0.00    0.00    0.00   93.40
