Linux 5.6.15-arch1-1 (archlinux) 	西元2020年06月29日 	_x86_64_	(12 CPU)

07時40分19秒  CPU    %usr   %nice    %sys %iowait    %irq   %soft  %steal  %guest  %gnice   %idle
07時40分20秒    0    9.57    0.00    5.32    0.00    0.00    2.13    0.00    0.00    0.00   82.98
07時40分20秒    1    1.19    0.00    0.00    0.00    0.00    1.19    0.00    0.00    0.00   97.62

07時40分20秒  CPU    %usr   %nice    %sys %iowait    %irq   %soft  %steal  %guest  %gnice   %idle
07時40分21秒    0    9.68    0.00    5.38    0.00    0.00    2.15    0.00    0.00    0.00   82.80
07時40分21秒    1    0.00    0.00    1.18    0.00    0.00    1.18    0.00    0.00    0.00   97.65

07時40分21秒  CPU    %usr   %nice    %sys %iowait    %irq   %soft  %steal  %guest  %gnice   %idle
07時40分22秒    0    9.38    0.00    7.29    0.00    0.00    2.08    0.00    0.00    0.00   81.25
07時40分22秒    1    1.19    0.00    0.00    0.00    0.00    0.00    0.00    0.00    0.00   98.81

07時40分22秒  CPU    %usr   %nice    %sys %iowait    %irq   %soft  %steal  %guest  %gnice   %idle
07時40分23秒    0   10.64    0.00    6.38    0.00    0.00    2.13    0.00    0.00    0.00   80.85
07時40分23秒    1    0.00    0.00    1.19    0.00    0.00    1.19    0.00    0.00    0.00   97.62

07時40分23秒  CPU    %usr   %nice    %sys %iowait    %irq   %soft  %steal  %guest  %gnice   %idle
07時40分24秒    0    7.45    0.00    8.51    0.00    0.00    2.13    0.00    0.00    0.00   81.91
07時40分24秒    1    0.00    0.00    0.00    0.00    0.00    1.20    0.00    0.00    0.00   98.80

07時40分24秒  CPU    %usr   %nice    %sys %iowait    %irq   %soft  %steal  %guest  %gnice   %idle
07時40分25秒    0    7.45    0.00    7.45    0.00    0.00    2.13    0.00    0.00    0.00   82.98
07時40分25秒    1    1.18    0.00    1.18    0.00    0.00    0.00    0.00    0.00    0.00   97.65

07時40分25秒  CPU    %usr   %nice    %sys %iowait    %irq   %soft  %steal  %guest  %gnice   %idle
07時40分26秒    0    9.68    0.00    6.45    0.00    0.00    1.08    0.00    0.00    0.00   82.80
07時40分26秒    1    1.19    0.00    0.00    0.00    0.00    1.19    0.00    0.00    0.00   97.62

07時40分26秒  CPU    %usr   %nice    %sys %iowait    %irq   %soft  %steal  %guest  %gnice   %idle
07時40分27秒    0   11.58    0.00    6.32    0.00    0.00    2.11    0.00    0.00    0.00   80.00
07時40分27秒    1    1.16    0.00    1.16    0.00    0.00    1.16    0.00    0.00    0.00   96.51

07時40分27秒  CPU    %usr   %nice    %sys %iowait    %irq   %soft  %steal  %guest  %gnice   %idle
07時40分28秒    0    7.53    0.00    7.53    0.00    0.00    2.15    0.00    0.00    0.00   82.80
07時40分28秒    1    1.18    0.00    0.00    0.00    1.18    0.00    0.00    0.00    0.00   97.65

07時40分28秒  CPU    %usr   %nice    %sys %iowait    %irq   %soft  %steal  %guest  %gnice   %idle
07時40分29秒    0   11.58    0.00    7.37    0.00    0.00    2.11    0.00    0.00    0.00   78.95
07時40分29秒    1    0.00    0.00    1.19    0.00    0.00    1.19    0.00    0.00    0.00   97.62

07時40分29秒  CPU    %usr   %nice    %sys %iowait    %irq   %soft  %steal  %guest  %gnice   %idle
07時40分30秒    0    9.47    0.00    5.26    0.00    0.00    2.11    0.00    0.00    0.00   83.16
07時40分30秒    1    1.18    0.00    0.00    0.00    0.00    1.18    0.00    0.00    0.00   97.65

07時40分30秒  CPU    %usr   %nice    %sys %iowait    %irq   %soft  %steal  %guest  %gnice   %idle
07時40分31秒    0    6.38    0.00    9.57    0.00    0.00    2.13    0.00    0.00    0.00   81.91
07時40分31秒    1    1.19    0.00    1.19    0.00    0.00    0.00    0.00    0.00    0.00   97.62

07時40分31秒  CPU    %usr   %nice    %sys %iowait    %irq   %soft  %steal  %guest  %gnice   %idle
07時40分32秒    0    7.69    0.00    6.59    0.00    0.00    1.10    0.00    0.00    0.00   84.62
07時40分32秒    1    1.19    0.00    0.00    0.00    0.00    1.19    0.00    0.00    0.00   97.62

07時40分32秒  CPU    %usr   %nice    %sys %iowait    %irq   %soft  %steal  %guest  %gnice   %idle
07時40分33秒    0    9.68    0.00    5.38    0.00    0.00    2.15    0.00    0.00    0.00   82.80
07時40分33秒    1    1.18    0.00    1.18    0.00    0.00    1.18    0.00    0.00    0.00   96.47

07時40分33秒  CPU    %usr   %nice    %sys %iowait    %irq   %soft  %steal  %guest  %gnice   %idle
07時40分34秒    0    9.57    0.00    5.32    0.00    1.06    2.13    0.00    0.00    0.00   81.91
07時40分34秒    1    0.00    0.00    1.19    0.00    0.00    0.00    0.00    0.00    0.00   98.81

07時40分34秒  CPU    %usr   %nice    %sys %iowait    %irq   %soft  %steal  %guest  %gnice   %idle
07時40分35秒    0    8.51    0.00    7.45    0.00    0.00    2.13    0.00    0.00    0.00   81.91
07時40分35秒    1    1.18    0.00    1.18    0.00    0.00    1.18    0.00    0.00    0.00   96.47

07時40分35秒  CPU    %usr   %nice    %sys %iowait    %irq   %soft  %steal  %guest  %gnice   %idle
07時40分36秒    0    7.45    0.00    8.51    0.00    0.00    2.13    0.00    0.00    0.00   81.91
07時40分36秒    1    2.35    0.00    0.00    0.00    0.00    0.00    0.00    0.00    0.00   97.65

07時40分36秒  CPU    %usr   %nice    %sys %iowait    %irq   %soft  %steal  %guest  %gnice   %idle
07時40分37秒    0   11.83    0.00    4.30    0.00    0.00    2.15    0.00    0.00    0.00   81.72
07時40分37秒    1    0.00    0.00    1.19    0.00    0.00    1.19    0.00    0.00    0.00   97.62

07時40分37秒  CPU    %usr   %nice    %sys %iowait    %irq   %soft  %steal  %guest  %gnice   %idle
07時40分38秒    0    8.42    0.00    7.37    0.00    0.00    2.11    0.00    0.00    0.00   82.11
07時40分38秒    1    0.00    0.00    0.00    0.00    0.00    0.00    0.00    0.00    0.00  100.00

07時40分38秒  CPU    %usr   %nice    %sys %iowait    %irq   %soft  %steal  %guest  %gnice   %idle
07時40分39秒    0    6.38    0.00   10.64    0.00    0.00    2.13    0.00    0.00    0.00   80.85
07時40分39秒    1    0.00    0.00    0.00    0.00    0.00    1.19    0.00    0.00    0.00   98.81

07時40分39秒  CPU    %usr   %nice    %sys %iowait    %irq   %soft  %steal  %guest  %gnice   %idle
07時40分40秒    0    7.53    0.00    8.60    0.00    0.00    1.08    0.00    0.00    0.00   82.80
07時40分40秒    1    1.19    0.00    0.00    0.00    0.00    0.00    0.00    0.00    0.00   98.81

07時40分40秒  CPU    %usr   %nice    %sys %iowait    %irq   %soft  %steal  %guest  %gnice   %idle
07時40分41秒    0    8.42    0.00    7.37    0.00    0.00    2.11    0.00    0.00    0.00   82.11
07時40分41秒    1    0.00    0.00    0.00    0.00    0.00    1.19    0.00    0.00    0.00   98.81

07時40分41秒  CPU    %usr   %nice    %sys %iowait    %irq   %soft  %steal  %guest  %gnice   %idle
07時40分42秒    0    8.42    0.00    7.37    0.00    0.00    2.11    0.00    0.00    0.00   82.11
07時40分42秒    1    1.19    0.00    1.19    0.00    0.00    0.00    0.00    0.00    0.00   97.62

07時40分42秒  CPU    %usr   %nice    %sys %iowait    %irq   %soft  %steal  %guest  %gnice   %idle
07時40分43秒    0    7.61    0.00    7.61    0.00    0.00    2.17    0.00    0.00    0.00   82.61
07時40分43秒    1    1.16    0.00    1.16    0.00    0.00    1.16    0.00    0.00    0.00   96.51

07時40分43秒  CPU    %usr   %nice    %sys %iowait    %irq   %soft  %steal  %guest  %gnice   %idle
07時40分44秒    0    9.57    0.00    5.32    0.00    0.00    2.13    0.00    0.00    0.00   82.98
07時40分44秒    1    0.00    0.00    0.00    0.00    0.00    0.00    0.00    0.00    0.00  100.00

07時40分44秒  CPU    %usr   %nice    %sys %iowait    %irq   %soft  %steal  %guest  %gnice   %idle
07時40分45秒    0   12.63    0.00    6.32    0.00    0.00    2.11    0.00    0.00    0.00   78.95
07時40分45秒    1    1.18    0.00    1.18    0.00    0.00    1.18    0.00    0.00    0.00   96.47

07時40分45秒  CPU    %usr   %nice    %sys %iowait    %irq   %soft  %steal  %guest  %gnice   %idle
07時40分46秒    0    6.59    0.00    6.59    0.00    0.00    1.10    0.00    0.00    0.00   85.71
07時40分46秒    1    1.18    0.00    1.18    0.00    0.00    0.00    0.00    0.00    0.00   97.65

07時40分46秒  CPU    %usr   %nice    %sys %iowait    %irq   %soft  %steal  %guest  %gnice   %idle
07時40分47秒    0   11.70    0.00    6.38    0.00    0.00    2.13    0.00    0.00    0.00   79.79
07時40分47秒    1    1.18    0.00    0.00    0.00    0.00    1.18    0.00    0.00    0.00   97.65

07時40分47秒  CPU    %usr   %nice    %sys %iowait    %irq   %soft  %steal  %guest  %gnice   %idle
07時40分48秒    0    9.57    0.00    6.38    0.00    0.00    2.13    0.00    0.00    0.00   81.91
07時40分48秒    1    1.20    0.00    0.00    0.00    0.00    0.00    0.00    0.00    0.00   98.80

07時40分48秒  CPU    %usr   %nice    %sys %iowait    %irq   %soft  %steal  %guest  %gnice   %idle
07時40分49秒    0    8.51    0.00    6.38    0.00    0.00    2.13    0.00    0.00    0.00   82.98
07時40分49秒    1    2.33    0.00    0.00    0.00    0.00    1.16    0.00    0.00    0.00   96.51

07時40分49秒  CPU    %usr   %nice    %sys %iowait    %irq   %soft  %steal  %guest  %gnice   %idle
07時40分50秒    0   10.42    0.00    6.25    0.00    0.00    2.08    0.00    0.00    0.00   81.25
07時40分50秒    1    0.00    0.00    0.00    0.00    0.00    1.19    0.00    0.00    0.00   98.81

07時40分50秒  CPU    %usr   %nice    %sys %iowait    %irq   %soft  %steal  %guest  %gnice   %idle
07時40分51秒    0    7.61    0.00    6.52    0.00    0.00    2.17    0.00    0.00    0.00   83.70
07時40分51秒    1    3.57    0.00    0.00    0.00    0.00    0.00    0.00    0.00    0.00   96.43

07時40分51秒  CPU    %usr   %nice    %sys %iowait    %irq   %soft  %steal  %guest  %gnice   %idle
07時40分52秒    0    8.60    0.00    7.53    0.00    0.00    1.08    0.00    0.00    0.00   82.80
07時40分52秒    1    1.19    0.00    0.00    0.00    0.00    1.19    0.00    0.00    0.00   97.62

07時40分52秒  CPU    %usr   %nice    %sys %iowait    %irq   %soft  %steal  %guest  %gnice   %idle
07時40分53秒    0    5.43    0.00    7.61    0.00    0.00    2.17    0.00    0.00    0.00   84.78
07時40分53秒    1    1.19    0.00    1.19    0.00    0.00    0.00    0.00    0.00    0.00   97.62

07時40分53秒  CPU    %usr   %nice    %sys %iowait    %irq   %soft  %steal  %guest  %gnice   %idle
07時40分54秒    0    7.69    0.00    4.40    0.00    0.00    2.20    0.00    0.00    0.00   85.71
07時40分54秒    1    0.00    0.00    1.18    0.00    0.00    1.18    0.00    0.00    0.00   97.65

07時40分54秒  CPU    %usr   %nice    %sys %iowait    %irq   %soft  %steal  %guest  %gnice   %idle
07時40分55秒    0    7.45    0.00    8.51    0.00    0.00    2.13    0.00    0.00    0.00   81.91
07時40分55秒    1    1.19    0.00    0.00    0.00    0.00    0.00    0.00    0.00    0.00   98.81

07時40分55秒  CPU    %usr   %nice    %sys %iowait    %irq   %soft  %steal  %guest  %gnice   %idle
07時40分56秒    0    7.78    0.00    3.33    0.00    0.00    2.22    0.00    0.00    0.00   86.67
07時40分56秒    1    0.00    0.00    0.00    0.00    0.00    1.19    0.00    0.00    0.00   98.81

07時40分56秒  CPU    %usr   %nice    %sys %iowait    %irq   %soft  %steal  %guest  %gnice   %idle
07時40分57秒    0    9.57    0.00    7.45    0.00    0.00    2.13    0.00    0.00    0.00   80.85
07時40分57秒    1    0.00    0.00    0.00    0.00    0.00    0.00    0.00    0.00    0.00  100.00

07時40分57秒  CPU    %usr   %nice    %sys %iowait    %irq   %soft  %steal  %guest  %gnice   %idle
07時40分58秒    0    8.60    0.00    6.45    0.00    0.00    1.08    0.00    0.00    0.00   83.87
07時40分58秒    1    1.18    0.00    0.00    0.00    0.00    1.18    0.00    0.00    0.00   97.65

07時40分58秒  CPU    %usr   %nice    %sys %iowait    %irq   %soft  %steal  %guest  %gnice   %idle
07時40分59秒    0    9.57    0.00    6.38    0.00    0.00    2.13    0.00    0.00    0.00   81.91
07時40分59秒    1    1.20    0.00    0.00    0.00    0.00    0.00    0.00    0.00    0.00   98.80

07時40分59秒  CPU    %usr   %nice    %sys %iowait    %irq   %soft  %steal  %guest  %gnice   %idle
07時41分00秒    0    9.47    0.00    7.37    0.00    0.00    2.11    0.00    0.00    0.00   81.05
07時41分00秒    1    2.33    0.00    0.00    0.00    0.00    1.16    0.00    0.00    0.00   96.51

07時41分00秒  CPU    %usr   %nice    %sys %iowait    %irq   %soft  %steal  %guest  %gnice   %idle
07時41分01秒    0    7.53    0.00    6.45    0.00    0.00    2.15    0.00    0.00    0.00   83.87
07時41分01秒    1    0.00    0.00    0.00    0.00    0.00    0.00    0.00    0.00    0.00  100.00

07時41分01秒  CPU    %usr   %nice    %sys %iowait    %irq   %soft  %steal  %guest  %gnice   %idle
07時41分02秒    0    8.51    0.00    7.45    0.00    0.00    2.13    0.00    0.00    0.00   81.91
07時41分02秒    1    1.18    0.00    1.18    0.00    0.00    1.18    0.00    0.00    0.00   96.47

07時41分02秒  CPU    %usr   %nice    %sys %iowait    %irq   %soft  %steal  %guest  %gnice   %idle
07時41分03秒    0    8.33    0.00    7.29    0.00    1.04    2.08    0.00    0.00    0.00   81.25
07時41分03秒    1    0.00    0.00    0.00    0.00    0.00    0.00    0.00    0.00    0.00  100.00

07時41分03秒  CPU    %usr   %nice    %sys %iowait    %irq   %soft  %steal  %guest  %gnice   %idle
07時41分04秒    0    7.45    0.00    7.45    0.00    0.00    2.13    0.00    0.00    0.00   82.98
07時41分04秒    1    1.16    0.00    1.16    0.00    0.00    1.16    0.00    0.00    0.00   96.51

07時41分04秒  CPU    %usr   %nice    %sys %iowait    %irq   %soft  %steal  %guest  %gnice   %idle
07時41分05秒    0    9.68    0.00    6.45    0.00    0.00    1.08    0.00    0.00    0.00   82.80
07時41分05秒    1    0.00    0.00    0.00    0.00    0.00    0.00    0.00    0.00    0.00  100.00

07時41分05秒  CPU    %usr   %nice    %sys %iowait    %irq   %soft  %steal  %guest  %gnice   %idle
07時41分06秒    0   10.64    0.00    5.32    0.00    0.00    2.13    0.00    0.00    0.00   81.91
07時41分06秒    1    1.19    0.00    0.00    0.00    0.00    1.19    0.00    0.00    0.00   97.62

07時41分06秒  CPU    %usr   %nice    %sys %iowait    %irq   %soft  %steal  %guest  %gnice   %idle
07時41分07秒    0    8.60    0.00    6.45    0.00    0.00    2.15    0.00    0.00    0.00   82.80
07時41分07秒    1    1.19    0.00    0.00    0.00    0.00    1.19    0.00    0.00    0.00   97.62

07時41分07秒  CPU    %usr   %nice    %sys %iowait    %irq   %soft  %steal  %guest  %gnice   %idle
07時41分08秒    0    7.53    0.00    6.45    0.00    0.00    2.15    0.00    0.00    0.00   83.87
07時41分08秒    1    1.19    0.00    0.00    0.00    0.00    0.00    0.00    0.00    0.00   98.81

07時41分08秒  CPU    %usr   %nice    %sys %iowait    %irq   %soft  %steal  %guest  %gnice   %idle
07時41分09秒    0    9.47    0.00    6.32    0.00    0.00    2.11    0.00    0.00    0.00   82.11
07時41分09秒    1    0.00    0.00    1.18    0.00    0.00    1.18    0.00    0.00    0.00   97.65

07時41分09秒  CPU    %usr   %nice    %sys %iowait    %irq   %soft  %steal  %guest  %gnice   %idle
07時41分10秒    0    8.51    0.00    7.45    0.00    0.00    2.13    0.00    0.00    0.00   81.91
07時41分10秒    1    1.19    0.00    1.19    0.00    0.00    0.00    0.00    0.00    0.00   97.62

07時41分10秒  CPU    %usr   %nice    %sys %iowait    %irq   %soft  %steal  %guest  %gnice   %idle
07時41分11秒    0    9.68    0.00    5.38    0.00    0.00    2.15    0.00    0.00    0.00   82.80
07時41分11秒    1    1.19    0.00    0.00    0.00    0.00    1.19    0.00    0.00    0.00   97.62

07時41分11秒  CPU    %usr   %nice    %sys %iowait    %irq   %soft  %steal  %guest  %gnice   %idle
07時41分12秒    0    8.51    0.00    7.45    0.00    0.00    2.13    0.00    0.00    0.00   81.91
07時41分12秒    1    1.19    0.00    0.00    0.00    0.00    0.00    0.00    0.00    0.00   98.81

07時41分12秒  CPU    %usr   %nice    %sys %iowait    %irq   %soft  %steal  %guest  %gnice   %idle
07時41分13秒    0    8.60    0.00    6.45    0.00    0.00    1.08    0.00    0.00    0.00   83.87
07時41分13秒    1    1.18    0.00    0.00    0.00    0.00    1.18    0.00    0.00    0.00   97.65

07時41分13秒  CPU    %usr   %nice    %sys %iowait    %irq   %soft  %steal  %guest  %gnice   %idle
07時41分14秒    0    8.51    0.00    7.45    0.00    0.00    2.13    0.00    0.00    0.00   81.91
07時41分14秒    1    1.19    0.00    0.00    0.00    0.00    0.00    0.00    0.00    0.00   98.81

07時41分14秒  CPU    %usr   %nice    %sys %iowait    %irq   %soft  %steal  %guest  %gnice   %idle
07時41分15秒    0    8.42    0.00    7.37    0.00    0.00    2.11    0.00    0.00    0.00   82.11
07時41分15秒    1    1.16    0.00    1.16    0.00    0.00    1.16    0.00    0.00    0.00   96.51

07時41分15秒  CPU    %usr   %nice    %sys %iowait    %irq   %soft  %steal  %guest  %gnice   %idle
07時41分16秒    0    7.45    0.00    7.45    0.00    0.00    2.13    0.00    0.00    0.00   82.98
07時41分16秒    1    0.00    0.00    0.00    0.00    0.00    0.00    0.00    0.00    0.00  100.00

07時41分16秒  CPU    %usr   %nice    %sys %iowait    %irq   %soft  %steal  %guest  %gnice   %idle
07時41分17秒    0    8.42    0.00    7.37    0.00    0.00    2.11    0.00    0.00    0.00   82.11
07時41分17秒    1    1.19    0.00    0.00    0.00    0.00    1.19    0.00    0.00    0.00   97.62

07時41分17秒  CPU    %usr   %nice    %sys %iowait    %irq   %soft  %steal  %guest  %gnice   %idle
07時41分18秒    0    8.70    0.00    6.52    0.00    0.00    2.17    0.00    0.00    0.00   82.61
07時41分18秒    1    1.18    0.00    1.18    0.00    0.00    0.00    0.00    0.00    0.00   97.65

07時41分18秒  CPU    %usr   %nice    %sys %iowait    %irq   %soft  %steal  %guest  %gnice   %idle
07時41分19秒    0    9.47    0.00    7.37    0.00    0.00    1.05    0.00    0.00    0.00   82.11
07時41分19秒    1    1.18    0.00    1.18    0.00    0.00    1.18    0.00    0.00    0.00   96.47

07時41分19秒  CPU    %usr   %nice    %sys %iowait    %irq   %soft  %steal  %guest  %gnice   %idle
07時41分20秒    0    9.68    0.00    5.38    0.00    0.00    2.15    0.00    0.00    0.00   82.80
07時41分20秒    1    1.19    0.00    0.00    0.00    0.00    0.00    0.00    0.00    0.00   98.81

07時41分20秒  CPU    %usr   %nice    %sys %iowait    %irq   %soft  %steal  %guest  %gnice   %idle
07時41分21秒    0    9.57    0.00    6.38    0.00    0.00    2.13    0.00    0.00    0.00   81.91
07時41分21秒    1    1.19    0.00    0.00    0.00    0.00    1.19    0.00    0.00    0.00   97.62

07時41分21秒  CPU    %usr   %nice    %sys %iowait    %irq   %soft  %steal  %guest  %gnice   %idle
07時41分22秒    0    8.42    0.00    7.37    0.00    0.00    2.11    0.00    0.00    0.00   82.11
07時41分22秒    1    0.00    0.00    1.19    0.00    0.00    0.00    0.00    0.00    0.00   98.81

07時41分22秒  CPU    %usr   %nice    %sys %iowait    %irq   %soft  %steal  %guest  %gnice   %idle
07時41分23秒    0    8.42    0.00    7.37    0.00    0.00    2.11    0.00    0.00    0.00   82.11
07時41分23秒    1    0.00    0.00    1.18    0.00    0.00    1.18    0.00    0.00    0.00   97.65

07時41分23秒  CPU    %usr   %nice    %sys %iowait    %irq   %soft  %steal  %guest  %gnice   %idle
07時41分24秒    0    9.57    0.00    6.38    0.00    0.00    2.13    0.00    0.00    0.00   81.91
07時41分24秒    1    0.00    0.00    1.18    0.00    0.00    1.18    0.00    0.00    0.00   97.65

07時41分24秒  CPU    %usr   %nice    %sys %iowait    %irq   %soft  %steal  %guest  %gnice   %idle
07時41分25秒    0    8.51    0.00    7.45    0.00    0.00    2.13    0.00    0.00    0.00   81.91
07時41分25秒    1    2.38    0.00    0.00    0.00    0.00    0.00    0.00    0.00    0.00   97.62

07時41分25秒  CPU    %usr   %nice    %sys %iowait    %irq   %soft  %steal  %guest  %gnice   %idle
07時41分26秒    0   10.75    0.00    6.45    0.00    0.00    1.08    0.00    0.00    0.00   81.72
07時41分26秒    1    0.00    0.00    0.00    0.00    0.00    1.19    0.00    0.00    0.00   98.81

07時41分26秒  CPU    %usr   %nice    %sys %iowait    %irq   %soft  %steal  %guest  %gnice   %idle
07時41分27秒    0    6.38    0.00    8.51    0.00    0.00    2.13    0.00    0.00    0.00   82.98
07時41分27秒    1    0.00    0.00    1.19    0.00    0.00    0.00    0.00    0.00    0.00   98.81

07時41分27秒  CPU    %usr   %nice    %sys %iowait    %irq   %soft  %steal  %guest  %gnice   %idle
07時41分28秒    0    8.60    0.00    6.45    0.00    0.00    2.15    0.00    0.00    0.00   82.80
07時41分28秒    1    1.18    0.00    0.00    0.00    0.00    1.18    0.00    0.00    0.00   97.65

07時41分28秒  CPU    %usr   %nice    %sys %iowait    %irq   %soft  %steal  %guest  %gnice   %idle
07時41分29秒    0    8.60    0.00    6.45    0.00    0.00    2.15    0.00    0.00    0.00   82.80
07時41分29秒    1    1.20    0.00    0.00    0.00    0.00    0.00    0.00    0.00    0.00   98.80

07時41分29秒  CPU    %usr   %nice    %sys %iowait    %irq   %soft  %steal  %guest  %gnice   %idle
07時41分30秒    0    9.57    0.00    5.32    0.00    0.00    2.13    0.00    0.00    0.00   82.98
07時41分30秒    1    1.16    0.00    1.16    0.00    0.00    1.16    0.00    0.00    0.00   96.51

07時41分30秒  CPU    %usr   %nice    %sys %iowait    %irq   %soft  %steal  %guest  %gnice   %idle
07時41分31秒    0    8.42    0.00    7.37    0.00    0.00    2.11    0.00    0.00    0.00   82.11
07時41分31秒    1    0.00    0.00    0.00    0.00    0.00    0.00    0.00    0.00    0.00  100.00

07時41分31秒  CPU    %usr   %nice    %sys %iowait    %irq   %soft  %steal  %guest  %gnice   %idle
07時41分32秒    0    9.38    0.00    8.33    0.00    1.04    2.08    0.00    0.00    0.00   79.17
07時41分32秒    1    1.18    0.00    0.00    0.00    0.00    1.18    0.00    0.00    0.00   97.65

07時41分32秒  CPU    %usr   %nice    %sys %iowait    %irq   %soft  %steal  %guest  %gnice   %idle
07時41分33秒    0    8.70    0.00    5.43    0.00    0.00    2.17    0.00    0.00    0.00   83.70
07時41分33秒    1    1.18    0.00    1.18    0.00    0.00    0.00    0.00    0.00    0.00   97.65

07時41分33秒  CPU    %usr   %nice    %sys %iowait    %irq   %soft  %steal  %guest  %gnice   %idle
07時41分34秒    0   10.64    0.00    6.38    0.00    0.00    1.06    0.00    0.00    0.00   81.91
07時41分34秒    1    0.00    0.00    0.00    0.00    0.00    1.20    0.00    0.00    0.00   98.80

07時41分34秒  CPU    %usr   %nice    %sys %iowait    %irq   %soft  %steal  %guest  %gnice   %idle
07時41分35秒    0    7.45    0.00    8.51    0.00    0.00    2.13    0.00    0.00    0.00   81.91
07時41分35秒    1    1.18    0.00    1.18    0.00    0.00    0.00    0.00    0.00    0.00   97.65

07時41分35秒  CPU    %usr   %nice    %sys %iowait    %irq   %soft  %steal  %guest  %gnice   %idle
07時41分36秒    0    8.51    0.00    6.38    0.00    0.00    2.13    0.00    0.00    0.00   82.98
07時41分36秒    1    0.00    0.00    0.00    0.00    0.00    1.19    0.00    0.00    0.00   98.81

07時41分36秒  CPU    %usr   %nice    %sys %iowait    %irq   %soft  %steal  %guest  %gnice   %idle
07時41分37秒    0    8.51    0.00    6.38    0.00    0.00    2.13    0.00    0.00    0.00   82.98
07時41分37秒    1    0.00    0.00    0.00    0.00    0.00    0.00    0.00    0.00    0.00  100.00

07時41分37秒  CPU    %usr   %nice    %sys %iowait    %irq   %soft  %steal  %guest  %gnice   %idle
07時41分38秒    0    7.37    0.00    9.47    0.00    0.00    2.11    0.00    0.00    0.00   81.05
07時41分38秒    1    2.35    0.00    0.00    0.00    0.00    1.18    0.00    0.00    0.00   96.47

07時41分38秒  CPU    %usr   %nice    %sys %iowait    %irq   %soft  %steal  %guest  %gnice   %idle
07時41分39秒    0    9.57    0.00    6.38    0.00    0.00    2.13    0.00    0.00    0.00   81.91
07時41分39秒    1    1.20    0.00    0.00    0.00    0.00    0.00    0.00    0.00    0.00   98.80

07時41分39秒  CPU    %usr   %nice    %sys %iowait    %irq   %soft  %steal  %guest  %gnice   %idle
07時41分40秒    0    6.38    0.00    8.51    0.00    0.00    2.13    0.00    0.00    0.00   82.98
07時41分40秒    1    1.16    0.00    1.16    0.00    0.00    1.16    0.00    0.00    0.00   96.51

07時41分40秒  CPU    %usr   %nice    %sys %iowait    %irq   %soft  %steal  %guest  %gnice   %idle
07時41分41秒    0    9.78    0.00    5.43    0.00    0.00    1.09    0.00    0.00    0.00   83.70
07時41分41秒    1    1.19    0.00    0.00    0.00    0.00    0.00    0.00    0.00    0.00   98.81

07時41分41秒  CPU    %usr   %nice    %sys %iowait    %irq   %soft  %steal  %guest  %gnice   %idle
07時41分42秒    0    7.45    0.00    7.45    0.00    0.00    2.13    0.00    0.00    0.00   82.98
07時41分42秒    1    0.00    0.00    0.00    0.00    0.00    1.19    0.00    0.00    0.00   98.81

07時41分42秒  CPU    %usr   %nice    %sys %iowait    %irq   %soft  %steal  %guest  %gnice   %idle
07時41分43秒    0   10.64    0.00    6.38    0.00    0.00    2.13    0.00    0.00    0.00   80.85
07時41分43秒    1    1.16    0.00    1.16    0.00    0.00    1.16    0.00    0.00    0.00   96.51

07時41分43秒  CPU    %usr   %nice    %sys %iowait    %irq   %soft  %steal  %guest  %gnice   %idle
07時41分44秒    0    9.47    0.00    6.32    0.00    0.00    2.11    0.00    0.00    0.00   82.11
07時41分44秒    1    0.00    0.00    0.00    0.00    0.00    0.00    0.00    0.00    0.00  100.00

07時41分44秒  CPU    %usr   %nice    %sys %iowait    %irq   %soft  %steal  %guest  %gnice   %idle
07時41分45秒    0    9.57    0.00    6.38    0.00    0.00    2.13    0.00    0.00    0.00   81.91
07時41分45秒    1    1.18    0.00    1.18    0.00    0.00    1.18    0.00    0.00    0.00   96.47

07時41分45秒  CPU    %usr   %nice    %sys %iowait    %irq   %soft  %steal  %guest  %gnice   %idle
07時41分46秒    0    8.60    0.00    6.45    0.00    0.00    2.15    0.00    0.00    0.00   82.80
07時41分46秒    1    0.00    0.00    0.00    0.00    0.00    0.00    0.00    0.00    0.00  100.00

07時41分46秒  CPU    %usr   %nice    %sys %iowait    %irq   %soft  %steal  %guest  %gnice   %idle
07時41分47秒    0    7.61    0.00    7.61    0.00    0.00    1.09    0.00    0.00    0.00   83.70
07時41分47秒    1    1.19    0.00    0.00    0.00    0.00    1.19    0.00    0.00    0.00   97.62

07時41分47秒  CPU    %usr   %nice    %sys %iowait    %irq   %soft  %steal  %guest  %gnice   %idle
07時41分48秒    0   10.53    0.00    6.32    0.00    0.00    2.11    0.00    0.00    0.00   81.05
07時41分48秒    1    1.18    0.00    1.18    0.00    0.00    0.00    0.00    0.00    0.00   97.65

07時41分48秒  CPU    %usr   %nice    %sys %iowait    %irq   %soft  %steal  %guest  %gnice   %idle
07時41分49秒    0   10.53    0.00    5.26    0.00    0.00    2.11    0.00    0.00    0.00   82.11
07時41分49秒    1    1.18    0.00    0.00    0.00    0.00    1.18    0.00    0.00    0.00   97.65

07時41分49秒  CPU    %usr   %nice    %sys %iowait    %irq   %soft  %steal  %guest  %gnice   %idle
07時41分50秒    0    8.51    0.00    6.38    0.00    0.00    2.13    0.00    0.00    0.00   82.98
07時41分50秒    1    0.00    0.00    0.00    0.00    0.00    0.00    0.00    0.00    0.00  100.00

07時41分50秒  CPU    %usr   %nice    %sys %iowait    %irq   %soft  %steal  %guest  %gnice   %idle
07時41分51秒    0   10.75    0.00    6.45    0.00    0.00    2.15    0.00    0.00    0.00   80.65
07時41分51秒    1    1.19    0.00    0.00    0.00    0.00    1.19    0.00    0.00    0.00   97.62

07時41分51秒  CPU    %usr   %nice    %sys %iowait    %irq   %soft  %steal  %guest  %gnice   %idle
07時41分52秒    0    9.47    0.00    7.37    0.00    0.00    2.11    0.00    0.00    0.00   81.05
07時41分52秒    1    1.20    0.00    0.00    0.00    0.00    0.00    0.00    0.00    0.00   98.80

07時41分52秒  CPU    %usr   %nice    %sys %iowait    %irq   %soft  %steal  %guest  %gnice   %idle
07時41分53秒    0    8.60    0.00    7.53    0.00    0.00    2.15    0.00    0.00    0.00   81.72
07時41分53秒    1    0.00    0.00    1.18    0.00    0.00    1.18    0.00    0.00    0.00   97.65

07時41分53秒  CPU    %usr   %nice    %sys %iowait    %irq   %soft  %steal  %guest  %gnice   %idle
07時41分54秒    0    9.57    0.00    6.38    0.00    0.00    1.06    0.00    0.00    0.00   82.98
07時41分54秒    1    1.19    0.00    1.19    0.00    0.00    0.00    0.00    0.00    0.00   97.62

07時41分54秒  CPU    %usr   %nice    %sys %iowait    %irq   %soft  %steal  %guest  %gnice   %idle
07時41分55秒    0   10.64    0.00    6.38    0.00    0.00    2.13    0.00    0.00    0.00   80.85
07時41分55秒    1    0.00    0.00    0.00    0.00    0.00    1.19    0.00    0.00    0.00   98.81

07時41分55秒  CPU    %usr   %nice    %sys %iowait    %irq   %soft  %steal  %guest  %gnice   %idle
07時41分56秒    0    9.47    0.00    7.37    0.00    0.00    2.11    0.00    0.00    0.00   81.05
07時41分56秒    1    1.19    0.00    0.00    0.00    0.00    0.00    0.00    0.00    0.00   98.81

07時41分56秒  CPU    %usr   %nice    %sys %iowait    %irq   %soft  %steal  %guest  %gnice   %idle
07時41分57秒    0   10.75    0.00    4.30    0.00    0.00    2.15    0.00    0.00    0.00   82.80
07時41分57秒    1    0.00    0.00    1.19    0.00    0.00    1.19    0.00    0.00    0.00   97.62

07時41分57秒  CPU    %usr   %nice    %sys %iowait    %irq   %soft  %steal  %guest  %gnice   %idle
07時41分58秒    0    9.57    0.00    5.32    0.00    0.00    2.13    0.00    0.00    0.00   82.98
07時41分58秒    1    1.19    0.00    0.00    0.00    0.00    0.00    0.00    0.00    0.00   98.81

07時41分58秒  CPU    %usr   %nice    %sys %iowait    %irq   %soft  %steal  %guest  %gnice   %idle
07時41分59秒    0    8.51    0.00    7.45    0.00    0.00    2.13    0.00    0.00    0.00   81.91
07時41分59秒    1    2.30    0.00    1.15    0.00    0.00    1.15    0.00    0.00    0.00   95.40

07時41分59秒  CPU    %usr   %nice    %sys %iowait    %irq   %soft  %steal  %guest  %gnice   %idle
07時42分00秒    0    9.68    0.00    5.38    0.00    0.00    2.15    0.00    0.00    0.00   82.80
07時42分00秒    1    1.20    0.00    0.00    0.00    0.00    0.00    0.00    0.00    0.00   98.80

07時42分00秒  CPU    %usr   %nice    %sys %iowait    %irq   %soft  %steal  %guest  %gnice   %idle
07時42分01秒    0   10.42    0.00    6.25    0.00    1.04    2.08    0.00    0.00    0.00   80.21
07時42分01秒    1    0.00    0.00    0.00    0.00    0.00    1.19    0.00    0.00    0.00   98.81

07時42分01秒  CPU    %usr   %nice    %sys %iowait    %irq   %soft  %steal  %guest  %gnice   %idle
07時42分02秒    0    7.53    0.00    7.53    0.00    0.00    1.08    0.00    0.00    0.00   83.87
07時42分02秒    1    1.16    0.00    1.16    0.00    0.00    1.16    0.00    0.00    0.00   96.51

07時42分02秒  CPU    %usr   %nice    %sys %iowait    %irq   %soft  %steal  %guest  %gnice   %idle
07時42分03秒    0    8.70    0.00    4.35    0.00    0.00    2.17    0.00    0.00    0.00   84.78
07時42分03秒    1    1.20    0.00    0.00    0.00    0.00    0.00    0.00    0.00    0.00   98.80

07時42分03秒  CPU    %usr   %nice    %sys %iowait    %irq   %soft  %steal  %guest  %gnice   %idle
07時42分04秒    0    7.61    0.00    6.52    0.00    0.00    2.17    0.00    0.00    0.00   83.70
07時42分04秒    1    1.18    0.00    0.00    0.00    0.00    1.18    0.00    0.00    0.00   97.65

07時42分04秒  CPU    %usr   %nice    %sys %iowait    %irq   %soft  %steal  %guest  %gnice   %idle
07時42分05秒    0    8.60    0.00    6.45    0.00    0.00    2.15    0.00    0.00    0.00   82.80
07時42分05秒    1    0.00    0.00    1.19    0.00    0.00    0.00    0.00    0.00    0.00   98.81

07時42分05秒  CPU    %usr   %nice    %sys %iowait    %irq   %soft  %steal  %guest  %gnice   %idle
07時42分06秒    0    9.57    0.00    6.38    0.00    0.00    2.13    0.00    0.00    0.00   81.91
07時42分06秒    1    1.19    0.00    0.00    0.00    0.00    1.19    0.00    0.00    0.00   97.62

07時42分06秒  CPU    %usr   %nice    %sys %iowait    %irq   %soft  %steal  %guest  %gnice   %idle
07時42分07秒    0    6.59    0.00    5.49    0.00    0.00    2.20    0.00    0.00    0.00   85.71
07時42分07秒    1    1.18    0.00    1.18    0.00    0.00    0.00    0.00    0.00    0.00   97.65

07時42分07秒  CPU    %usr   %nice    %sys %iowait    %irq   %soft  %steal  %guest  %gnice   %idle
07時42分08秒    0    8.70    0.00    5.43    0.00    0.00    2.17    0.00    0.00    0.00   83.70
07時42分08秒    1    2.35    0.00    0.00    0.00    0.00    1.18    0.00    0.00    0.00   96.47

07時42分08秒  CPU    %usr   %nice    %sys %iowait    %irq   %soft  %steal  %guest  %gnice   %idle
07時42分09秒    0    9.78    0.00    5.43    0.00    0.00    1.09    0.00    0.00    0.00   83.70
07時42分09秒    1    1.19    0.00    0.00    0.00    0.00    0.00    0.00    0.00    0.00   98.81

07時42分09秒  CPU    %usr   %nice    %sys %iowait    %irq   %soft  %steal  %guest  %gnice   %idle
07時42分10秒    0    9.47    0.00    7.37    0.00    0.00    2.11    0.00    0.00    0.00   81.05
07時42分10秒    1    0.00    0.00    0.00    0.00    0.00    1.20    0.00    0.00    0.00   98.80

07時42分10秒  CPU    %usr   %nice    %sys %iowait    %irq   %soft  %steal  %guest  %gnice   %idle
07時42分11秒    0    9.68    0.00    4.30    0.00    0.00    2.15    0.00    0.00    0.00   83.87
07時42分11秒    1    1.18    0.00    1.18    0.00    0.00    0.00    0.00    0.00    0.00   97.65

07時42分11秒  CPU    %usr   %nice    %sys %iowait    %irq   %soft  %steal  %guest  %gnice   %idle
07時42分12秒    0   10.64    0.00    5.32    0.00    0.00    2.13    0.00    0.00    0.00   81.91
07時42分12秒    1    0.00    0.00    1.18    0.00    0.00    1.18    0.00    0.00    0.00   97.65

07時42分12秒  CPU    %usr   %nice    %sys %iowait    %irq   %soft  %steal  %guest  %gnice   %idle
07時42分13秒    0    7.45    0.00    7.45    0.00    0.00    2.13    0.00    0.00    0.00   82.98
07時42分13秒    1    1.19    0.00    0.00    0.00    0.00    0.00    0.00    0.00    0.00   98.81

07時42分13秒  CPU    %usr   %nice    %sys %iowait    %irq   %soft  %steal  %guest  %gnice   %idle
07時42分14秒    0   10.75    0.00    5.38    0.00    0.00    2.15    0.00    0.00    0.00   81.72
07時42分14秒    1    1.19    0.00    1.19    0.00    0.00    1.19    0.00    0.00    0.00   96.43

07時42分14秒  CPU    %usr   %nice    %sys %iowait    %irq   %soft  %steal  %guest  %gnice   %idle
07時42分15秒    0    9.47    0.00    6.32    0.00    0.00    2.11    0.00    0.00    0.00   82.11
07時42分15秒    1    1.18    0.00    1.18    0.00    0.00    0.00    0.00    0.00    0.00   97.65

07時42分15秒  CPU    %usr   %nice    %sys %iowait    %irq   %soft  %steal  %guest  %gnice   %idle
07時42分16秒    0    7.53    0.00    7.53    0.00    0.00    1.08    0.00    0.00    0.00   83.87
07時42分16秒    1    1.16    0.00    0.00    0.00    1.16    1.16    0.00    0.00    0.00   96.51

07時42分16秒  CPU    %usr   %nice    %sys %iowait    %irq   %soft  %steal  %guest  %gnice   %idle
07時42分17秒    0    9.57    0.00    6.38    0.00    0.00    2.13    0.00    0.00    0.00   81.91
07時42分17秒    1    1.19    0.00    0.00    0.00    0.00    0.00    0.00    0.00    0.00   98.81

07時42分17秒  CPU    %usr   %nice    %sys %iowait    %irq   %soft  %steal  %guest  %gnice   %idle
07時42分18秒    0    9.47    0.00    6.32    0.00    0.00    2.11    0.00    0.00    0.00   82.11
07時42分18秒    1    0.00    0.00    1.18    0.00    0.00    1.18    0.00    0.00    0.00   97.65

07時42分18秒  CPU    %usr   %nice    %sys %iowait    %irq   %soft  %steal  %guest  %gnice   %idle
07時42分19秒    0    9.57    0.00    6.38    0.00    0.00    2.13    0.00    0.00    0.00   81.91
07時42分19秒    1    1.20    0.00    0.00    0.00    0.00    0.00    0.00    0.00    0.00   98.80

平均時間：  CPU    %usr   %nice    %sys %iowait    %irq   %soft  %steal  %guest  %gnice   %idle
平均時間：    0    8.93    0.00    6.67    0.00    0.04    1.98    0.00    0.00    0.00   82.39
平均時間：    1    0.88    0.00    0.45    0.00    0.02    0.64    0.00    0.00    0.00   98.00
