Performing C SOURCE FILE Test CMAKE_HAVE_LIBC_PTHREAD failed with the following output:
Change Dir: /home/edge/Code/RealTimeSystem/Lab_3/Sec3/build/CMakeFiles/CMakeTmp

Run Build Command(s):/usr/bin/make cmTC_f652a/fast && /usr/bin/make -f CMakeFiles/cmTC_f652a.dir/build.make CMakeFiles/cmTC_f652a.dir/build
make[1]: 進入目錄「/home/edge/Code/RealTimeSystem/Lab_3/Sec3/build/CMakeFiles/CMakeTmp」
Building C object CMakeFiles/cmTC_f652a.dir/src.c.o
/usr/bin/cc   -DCMAKE_HAVE_LIBC_PTHREAD   -o CMakeFiles/cmTC_f652a.dir/src.c.o   -c /home/edge/Code/RealTimeSystem/Lab_3/Sec3/build/CMakeFiles/CMakeTmp/src.c
Linking C executable cmTC_f652a
/var/lib/snapd/snap/clion/114/bin/cmake/linux/bin/cmake -E cmake_link_script CMakeFiles/cmTC_f652a.dir/link.txt --verbose=1
/usr/bin/cc  -DCMAKE_HAVE_LIBC_PTHREAD    CMakeFiles/cmTC_f652a.dir/src.c.o  -o cmTC_f652a 
/usr/bin/ld: CMakeFiles/cmTC_f652a.dir/src.c.o: in function `main':
src.c:(.text+0x3e): undefined reference to `pthread_create'
/usr/bin/ld: src.c:(.text+0x4a): undefined reference to `pthread_detach'
/usr/bin/ld: src.c:(.text+0x5b): undefined reference to `pthread_join'
collect2: 錯誤：ld 回傳 1
make[1]: *** [CMakeFiles/cmTC_f652a.dir/build.make:87：cmTC_f652a] 錯誤 1
make[1]: 離開目錄「/home/edge/Code/RealTimeSystem/Lab_3/Sec3/build/CMakeFiles/CMakeTmp」
make: *** [Makefile:121：cmTC_f652a/fast] 錯誤 2


Source file was:
#include <pthread.h>

void* test_func(void* data)
{
  return data;
}

int main(void)
{
  pthread_t thread;
  pthread_create(&thread, NULL, test_func, NULL);
  pthread_detach(thread);
  pthread_join(thread, NULL);
  pthread_atfork(NULL, NULL, NULL);
  pthread_exit(NULL);

  return 0;
}

Determining if the function pthread_create exists in the pthreads failed with the following output:
Change Dir: /home/edge/Code/RealTimeSystem/Lab_3/Sec3/build/CMakeFiles/CMakeTmp

Run Build Command(s):/usr/bin/make cmTC_1e6e2/fast && /usr/bin/make -f CMakeFiles/cmTC_1e6e2.dir/build.make CMakeFiles/cmTC_1e6e2.dir/build
make[1]: 進入目錄「/home/edge/Code/RealTimeSystem/Lab_3/Sec3/build/CMakeFiles/CMakeTmp」
Building C object CMakeFiles/cmTC_1e6e2.dir/CheckFunctionExists.c.o
/usr/bin/cc   -DCHECK_FUNCTION_EXISTS=pthread_create   -o CMakeFiles/cmTC_1e6e2.dir/CheckFunctionExists.c.o   -c /var/lib/snapd/snap/clion/114/bin/cmake/linux/share/cmake-3.16/Modules/CheckFunctionExists.c
Linking C executable cmTC_1e6e2
/var/lib/snapd/snap/clion/114/bin/cmake/linux/bin/cmake -E cmake_link_script CMakeFiles/cmTC_1e6e2.dir/link.txt --verbose=1
/usr/bin/cc  -DCHECK_FUNCTION_EXISTS=pthread_create    CMakeFiles/cmTC_1e6e2.dir/CheckFunctionExists.c.o  -o cmTC_1e6e2  -lpthreads 
/usr/bin/ld: 找不到 -lpthreads
collect2: 錯誤：ld 回傳 1
make[1]: *** [CMakeFiles/cmTC_1e6e2.dir/build.make:87：cmTC_1e6e2] 錯誤 1
make[1]: 離開目錄「/home/edge/Code/RealTimeSystem/Lab_3/Sec3/build/CMakeFiles/CMakeTmp」
make: *** [Makefile:121：cmTC_1e6e2/fast] 錯誤 2



