Linux 5.6.15-arch1-1 (archlinux) 	西元2020年06月22日 	_x86_64_	(12 CPU)

23時03分40秒  CPU    %usr   %nice    %sys %iowait    %irq   %soft  %steal  %guest  %gnice   %idle
23時03分41秒    0   16.16    2.02    2.02    1.01    0.00    0.00    0.00    0.00    0.00   78.79
23時03分41秒    1   11.00    0.00    3.00    9.00    0.00    0.00    0.00    0.00    0.00   77.00

23時03分41秒  CPU    %usr   %nice    %sys %iowait    %irq   %soft  %steal  %guest  %gnice   %idle
23時03分42秒    0   13.00    2.00    2.00    3.00    0.00    0.00    0.00    0.00    0.00   80.00
23時03分42秒    1   14.85    1.98    1.98    0.00    0.99    0.99    0.00    0.00    0.00   79.21

23時03分42秒  CPU    %usr   %nice    %sys %iowait    %irq   %soft  %steal  %guest  %gnice   %idle
23時03分43秒    0   17.65    0.00    3.92    0.00    0.98    0.98    0.00    0.00    0.00   76.47
23時03分43秒    1   16.00    0.00    3.00    2.00    0.00    0.00    0.00    0.00    0.00   79.00

23時03分43秒  CPU    %usr   %nice    %sys %iowait    %irq   %soft  %steal  %guest  %gnice   %idle
23時03分44秒    0   17.35    0.00    2.04    0.00    0.00    0.00    0.00    0.00    0.00   80.61
23時03分44秒    1   15.31    0.00    1.02    0.00    0.00    0.00    0.00    0.00    0.00   83.67

23時03分44秒  CPU    %usr   %nice    %sys %iowait    %irq   %soft  %steal  %guest  %gnice   %idle
23時03分45秒    0   18.37    0.00    3.06    0.00    0.00    0.00    0.00    0.00    0.00   78.57
23時03分45秒    1   19.80    0.00    1.98    0.99    0.00    0.00    0.00    0.00    0.00   77.23

23時03分45秒  CPU    %usr   %nice    %sys %iowait    %irq   %soft  %steal  %guest  %gnice   %idle
23時03分46秒    0   22.86    0.00    3.81    0.95    0.95    0.95    0.00    0.00    0.00   70.48
23時03分46秒    1   15.00    0.00    2.00    0.00    1.00    1.00    0.00    0.00    0.00   81.00

23時03分46秒  CPU    %usr   %nice    %sys %iowait    %irq   %soft  %steal  %guest  %gnice   %idle
23時03分47秒    0   19.61    0.00    3.92    0.00    0.00    0.00    0.00    0.00    0.00   76.47
23時03分47秒    1   15.84    0.00    2.97    0.99    0.00    0.00    0.00    0.00    0.00   80.20

23時03分47秒  CPU    %usr   %nice    %sys %iowait    %irq   %soft  %steal  %guest  %gnice   %idle
23時03分48秒    0   15.31    0.00    2.04    0.00    0.00    0.00    0.00    0.00    0.00   82.65
23時03分48秒    1   16.67    0.00    1.04    0.00    0.00    0.00    0.00    0.00    0.00   82.29

23時03分48秒  CPU    %usr   %nice    %sys %iowait    %irq   %soft  %steal  %guest  %gnice   %idle
23時03分49秒    0   23.47    0.00    2.04    1.02    0.00    1.02    0.00    0.00    0.00   72.45
23時03分49秒    1    9.90    0.00    3.96    0.00    0.99    0.00    0.00    0.00    0.00   85.15

23時03分49秒  CPU    %usr   %nice    %sys %iowait    %irq   %soft  %steal  %guest  %gnice   %idle
23時03分50秒    0   12.37    0.00    3.09    0.00    0.00    0.00    0.00    0.00    0.00   84.54
23時03分50秒    1   17.00    0.00    2.00    0.00    0.00    1.00    0.00    0.00    0.00   80.00

23時03分50秒  CPU    %usr   %nice    %sys %iowait    %irq   %soft  %steal  %guest  %gnice   %idle
23時03分51秒    0   11.76    0.00    2.94    1.96    0.98    0.98    0.00    0.00    0.00   81.37
23時03分51秒    1   11.22    0.00    4.08    0.00    0.00    0.00    0.00    0.00    0.00   84.69

23時03分51秒  CPU    %usr   %nice    %sys %iowait    %irq   %soft  %steal  %guest  %gnice   %idle
23時03分52秒    0   15.15    0.00    2.02    0.00    0.00    0.00    0.00    0.00    0.00   82.83
23時03分52秒    1    7.69    0.00    4.81    0.00    0.00    0.96    0.00    0.00    0.00   86.54

23時03分52秒  CPU    %usr   %nice    %sys %iowait    %irq   %soft  %steal  %guest  %gnice   %idle
23時03分53秒    0   12.87    0.00    1.98    0.00    0.00    0.00    0.00    0.00    0.00   85.15
23時03分53秒    1   15.24    0.00    4.76    0.00    0.95    0.00    0.00    0.00    0.00   79.05

23時03分53秒  CPU    %usr   %nice    %sys %iowait    %irq   %soft  %steal  %guest  %gnice   %idle
23時03分54秒    0    8.16    0.00    1.02    0.00    0.00    1.02    0.00    0.00    0.00   89.80
23時03分54秒    1   16.00    0.00    2.00    0.00    0.00    0.00    0.00    0.00    0.00   82.00

23時03分54秒  CPU    %usr   %nice    %sys %iowait    %irq   %soft  %steal  %guest  %gnice   %idle
23時03分55秒    0    4.95    0.00    2.97    0.00    0.00    0.00    0.00    0.00    0.00   92.08
23時03分55秒    1    2.04    0.00    1.02    0.00    0.00    0.00    0.00    0.00    0.00   96.94

23時03分55秒  CPU    %usr   %nice    %sys %iowait    %irq   %soft  %steal  %guest  %gnice   %idle
23時03分56秒    0   13.73    0.00    2.94    0.00    0.98    0.98    0.00    0.00    0.00   81.37
23時03分56秒    1   14.29    0.00    2.04    0.00    0.00    0.00    0.00    0.00    0.00   83.67

23時03分56秒  CPU    %usr   %nice    %sys %iowait    %irq   %soft  %steal  %guest  %gnice   %idle
23時03分57秒    0   12.12    0.00    3.03    0.00    0.00    0.00    0.00    0.00    0.00   84.85
23時03分57秒    1   17.00    0.00    3.00    1.00    0.00    1.00    0.00    0.00    0.00   78.00

23時03分57秒  CPU    %usr   %nice    %sys %iowait    %irq   %soft  %steal  %guest  %gnice   %idle
23時03分58秒    0   19.00    0.00    3.00    1.00    0.00    0.00    0.00    0.00    0.00   77.00
23時03分58秒    1   17.35    0.00    1.02    0.00    1.02    0.00    0.00    0.00    0.00   80.61

23時03分58秒  CPU    %usr   %nice    %sys %iowait    %irq   %soft  %steal  %guest  %gnice   %idle
23時03分59秒    0   12.37    0.00    2.06    0.00    0.00    1.03    0.00    0.00    0.00   84.54
23時03分59秒    1   23.47    0.00    3.06    0.00    0.00    0.00    0.00    0.00    0.00   73.47

23時03分59秒  CPU    %usr   %nice    %sys %iowait    %irq   %soft  %steal  %guest  %gnice   %idle
23時04分00秒    0   15.84    0.00    1.98    0.00    0.99    0.00    0.00    0.00    0.00   81.19
23時04分00秒    1   15.69    0.00    3.92    0.00    0.00    0.00    0.00    0.00    0.00   80.39

23時04分00秒  CPU    %usr   %nice    %sys %iowait    %irq   %soft  %steal  %guest  %gnice   %idle
23時04分01秒    0   11.00    0.00    2.00    0.00    0.00    0.00    0.00    0.00    0.00   87.00
23時04分01秒    1    9.90    0.00    2.97    0.00    0.00    0.99    0.00    0.00    0.00   86.14

23時04分01秒  CPU    %usr   %nice    %sys %iowait    %irq   %soft  %steal  %guest  %gnice   %idle
23時04分02秒    0   11.58    0.00    1.05    0.00    0.00    0.00    0.00    0.00    0.00   87.37
23時04分02秒    1   14.85    0.00    2.97    0.99    0.99    0.00    0.00    0.00    0.00   80.20

23時04分02秒  CPU    %usr   %nice    %sys %iowait    %irq   %soft  %steal  %guest  %gnice   %idle
23時04分03秒    0   18.45    0.00    4.85    0.00    0.00    0.97    0.00    0.00    0.00   75.73
23時04分03秒    1   11.88    0.00    4.95    0.00    0.00    0.00    0.00    0.00    0.00   83.17

23時04分03秒  CPU    %usr   %nice    %sys %iowait    %irq   %soft  %steal  %guest  %gnice   %idle
23時04分04秒    0   16.67    0.00    3.92    0.00    0.00    0.00    0.00    0.00    0.00   79.41
23時04分04秒    1   15.84    0.00    1.98    0.00    0.00    0.00    0.00    0.00    0.00   82.18

23時04分04秒  CPU    %usr   %nice    %sys %iowait    %irq   %soft  %steal  %guest  %gnice   %idle
23時04分05秒    0   13.54    0.00    1.04    0.00    0.00    0.00    0.00    0.00    0.00   85.42
23時04分05秒    1   14.14    0.00    4.04    0.00    0.00    0.00    0.00    0.00    0.00   81.82

23時04分05秒  CPU    %usr   %nice    %sys %iowait    %irq   %soft  %steal  %guest  %gnice   %idle
23時04分06秒    0    7.77    0.00    3.88    0.00    0.97    0.00    0.00    0.00    0.00   87.38
23時04分06秒    1   15.69    0.00    2.94    0.00    0.00    0.00    0.00    0.00    0.00   81.37

23時04分06秒  CPU    %usr   %nice    %sys %iowait    %irq   %soft  %steal  %guest  %gnice   %idle
23時04分07秒    0    9.00    0.00    2.00    0.00    0.00    1.00    0.00    0.00    0.00   88.00
23時04分07秒    1    3.03    0.00    4.04    0.00    0.00    1.01    0.00    0.00    0.00   91.92

23時04分07秒  CPU    %usr   %nice    %sys %iowait    %irq   %soft  %steal  %guest  %gnice   %idle
23時04分08秒    0    8.91    0.00    3.96    0.00    0.00    0.00    0.00    0.00    0.00   87.13
23時04分08秒    1    8.91    0.00    2.97    0.00    0.99    0.00    0.00    0.00    0.00   87.13

23時04分08秒  CPU    %usr   %nice    %sys %iowait    %irq   %soft  %steal  %guest  %gnice   %idle
23時04分09秒    0    6.00    0.00    7.00    0.00    0.00    1.00    0.00    0.00    0.00   86.00
23時04分09秒    1   18.56    0.00    2.06    0.00    0.00    0.00    0.00    0.00    0.00   79.38

23時04分09秒  CPU    %usr   %nice    %sys %iowait    %irq   %soft  %steal  %guest  %gnice   %idle
23時04分10秒    0    6.32    0.00    1.05    0.00    0.00    0.00    0.00    0.00    0.00   92.63
23時04分10秒    1   11.88    0.00    3.96    0.00    0.00    0.00    0.00    0.00    0.00   84.16

23時04分10秒  CPU    %usr   %nice    %sys %iowait    %irq   %soft  %steal  %guest  %gnice   %idle
23時04分11秒    0    4.00    0.00    1.00    0.00    0.00    1.00    0.00    0.00    0.00   94.00
23時04分11秒    1    8.91    0.00    1.98    0.00    0.00    0.99    0.00    0.00    0.00   88.12

平均時間：  CPU    %usr   %nice    %sys %iowait    %irq   %soft  %steal  %guest  %gnice   %idle
平均時間：    0   13.42    0.13    2.72    0.29    0.19    0.36    0.00    0.00    0.00   82.89
平均時間：    1   13.70    0.06    2.84    0.48    0.23    0.26    0.00    0.00    0.00   82.44
